,number,values_0,values_1,datetime_start,datetime_complete,duration,params_lda1,params_ldag,params_psi_1,params_psi_2,params_psi_3,user_attrs_metrics,system_attrs_nsga2:generation,state
27,27,0.9636653249062279,0.8269286669346542,2024-05-19 23:38:03.636067,2024-05-19 23:38:06.125229,0 days 00:00:02.489162,2.4648142638621047,0.0016774307069241862,0.004596680157159367,0.8151301804374681,79.71290247770403,"{'AUC_ROCs': [0.9666263023691837, 0.968010012221014, 0.9563596601284863], 'S_relative_errors': [0.8315163687314148, 0.822854109730858, 0.8264155223416896], 'X_relative_errors': [0.9955750344344668, 0.9964647908724871, 0.9968265382188245], 'Sparsity': [1.0, 1.0, 1.0], 'converged': [0, 0, 0], 'iterations': [150, 150, 150], 'primal_residual': [array(0.03021829), array(0.02448998), array(0.02320236)], 'dual_residual': [array(0.0070224), array(0.01324772), array(0.02585268)], 'times': [2.1860879024025053, 2.2319840856362134, 2.243153703631833]}",0,COMPLETE
28,28,0.8012573604269372,1.000000003796833,2024-05-19 23:38:06.136029,2024-05-19 23:38:06.838393,0 days 00:00:00.702364,4.8592286942750915,0.00013365218065682213,0.03225004649877298,0.031226186030585044,0.12631976363039787,"{'AUC_ROCs': [0.8018338605676971, 0.7975258008896743, 0.8044124198234401], 'S_relative_errors': [1.00000000307106, 1.0000000040580468, 1.0000000042613921], 'X_relative_errors': [3.5341874148182426, 3.775654955936914, 3.5464101029105555], 'Sparsity': [1.0, 1.0, 1.0], 'converged': [1, 1, 1], 'iterations': [31, 31, 31], 'primal_residual': [array(3.50776989e-05), array(3.6527934e-05), array(3.62715385e-05)], 'dual_residual': [array(1.883412e-06), array(1.93245792e-06), array(1.94904034e-06)], 'times': [0.47114916797727346, 0.47070926264859736, 0.4709093982819468]}",0,COMPLETE
29,29,0.9645902408404895,0.22110103724137678,2024-05-19 23:38:06.854707,2024-05-19 23:38:09.344820,0 days 00:00:02.490113,0.45478387993718755,0.04566620902326609,55.03999043048966,22.580053224796334,0.7371200132392371,"{'AUC_ROCs': [0.9659953613958551, 0.9684963289799277, 0.9592790321456859], 'S_relative_errors': [0.22295484548696978, 0.22045684079198152, 0.21989142544517898], 'X_relative_errors': [0.9991436748195335, 0.9992007063571354, 0.9991579875489462], 'Sparsity': [1.0, 1.0, 1.0], 'converged': [0, 0, 0], 'iterations': [150, 150, 150], 'primal_residual': [array(0.0088817), array(0.00826554), array(0.00924167)], 'dual_residual': [array(0.00032096), array(0.00030964), array(0.00033845)], 'times': [2.1678196880966425, 2.157707701670006, 2.229994124500081]}",0,COMPLETE
30,30,0.7733282593952621,0.9994278850087173,2024-05-19 23:38:09.364711,2024-05-19 23:38:11.917680,0 days 00:00:02.552969,0.0668299130913617,13.194514578945352,0.05177058691461581,0.8833286614470006,0.11336160591558511,"{'AUC_ROCs': [0.7745150825277163, 0.7672268398958818, 0.7782428557621884], 'S_relative_errors': [0.9997995975160635, 0.9984502068127948, 1.0000338506972934], 'X_relative_errors': [3.4298869947184882, 3.661520058804548, 3.444977672656862], 'Sparsity': [1.0, 1.0, 1.0], 'converged': [0, 0, 0], 'iterations': [150, 150, 150], 'primal_residual': [array(0.00482735), array(0.0048571), array(0.00516409)], 'dual_residual': [array(0.00050146), array(0.00048153), array(0.00045709)], 'times': [2.245985268615186, 2.2866696713026613, 2.2768525825813413]}",0,COMPLETE
31,31,0.9751040855344574,0.24027076237816228,2024-05-19 23:38:11.938053,2024-05-19 23:38:14.520763,0 days 00:00:02.582710,0.404415627964274,0.38607771490716736,1.0897636277489073,0.2724346020037018,67.04598076947126,"{'AUC_ROCs': [0.9757474666302614, 0.9781229571664494, 0.9714418328066612], 'S_relative_errors': [0.24374915524044435, 0.23809529948936506, 0.23896783240467742], 'X_relative_errors': [0.9930529713844145, 0.9931969118322668, 0.9936243456305728], 'Sparsity': [1.0, 1.0, 1.0], 'converged': [0, 0, 0], 'iterations': [150, 150, 150], 'primal_residual': [array(0.04270069), array(0.03950045), array(0.03997438)], 'dual_residual': [array(0.00444151), array(0.00427019), array(0.00297501)], 'times': [2.2297547427006066, 2.2963873974513263, 2.304988682968542]}",0,COMPLETE
32,32,0.9742549774280226,0.3044148007965857,2024-05-19 23:38:14.543238,2024-05-19 23:38:17.179623,0 days 00:00:02.636385,0.00023750069109405522,0.6638544590025834,1.1358635144112506,1.3588459711260952,1.4123559500555594,"{'AUC_ROCs': [0.9776283979637714, 0.9819513182744737, 0.9631852160458224], 'S_relative_errors': [0.2964430151193927, 0.3011929833877402, 0.3156084038826243], 'X_relative_errors': [0.6647276557115105, 0.7334267345341953, 0.7472263605073907], 'Sparsity': [1.0, 1.0, 1.0], 'converged': [0, 0, 0], 'iterations': [150, 150, 150], 'primal_residual': [array(0.0925517), array(0.08587393), array(0.08176253)], 'dual_residual': [array(0.00642177), array(0.00546721), array(0.00491967)], 'times': [2.3249064690899104, 2.3639335457701236, 2.303909183945507]}",0,COMPLETE
33,33,0.9684963866343014,0.271015017740059,2024-05-19 23:38:17.197559,2024-05-19 23:38:19.591947,0 days 00:00:02.394388,0.002436967767895052,0.0009934139591735414,16.635219873533813,4.575762025248872,0.01724001273330842,"{'AUC_ROCs': [0.9715766367935917, 0.9710726870365699, 0.9628398360727424], 'S_relative_errors': [0.2772785780042736, 0.25937794007053416, 0.2763885351453692], 'X_relative_errors': [0.9999866290501208, 0.9999669742711222, 0.99996546717627], 'Sparsity': [1.0, 1.0, 1.0], 'converged': [0, 0, 0], 'iterations': [150, 150, 150], 'primal_residual': [array(0.00163718), array(0.00164604), array(0.00164687)], 'dual_residual': [array(0.00090494), array(0.00093494), array(0.00094537)], 'times': [2.1266241332050413, 2.1350057700183243, 2.176036899443716]}",0,COMPLETE
34,34,0.9586319279053148,0.15764289782227123,2024-05-19 23:38:19.612632,2024-05-19 23:38:22.059148,0 days 00:00:02.446516,0.19779239173926497,0.00601933753270006,16.575980244140002,3.7039430636351143,0.14091330984344141,"{'AUC_ROCs': [0.9622100574084731, 0.9603228255194503, 0.9533629007880211], 'S_relative_errors': [0.16261838757077246, 0.15157420260552337, 0.1587361032905178], 'X_relative_errors': [0.9973583018713535, 0.9973285008431955, 0.9975846357549059], 'Sparsity': [1.0, 1.0, 1.0], 'converged': [0, 0, 0], 'iterations': [150, 150, 150], 'primal_residual': [array(0.01401306), array(0.01333262), array(0.01392964)], 'dual_residual': [array(0.00080955), array(0.00077175), array(0.00080758)], 'times': [2.19955103402026, 2.186902492772788, 2.186542111216113]}",0,COMPLETE
35,35,0.9774146983617821,0.26502111484232915,2024-05-19 23:38:22.082332,2024-05-19 23:38:24.619443,0 days 00:00:02.537111,0.0001772914587163523,1.4292176935838057,0.9961684824624898,6.064022435762018,3.9672670403396584,"{'AUC_ROCs': [0.9775790958135773, 0.9835264192657515, 0.9711385800060173], 'S_relative_errors': [0.26804943355503136, 0.2618680566663982, 0.26514585430555787], 'X_relative_errors': [0.5003930933132128, 0.4973559172209922, 0.4814964141618164], 'Sparsity': [1.0, 1.0, 1.0], 'converged': [0, 0, 0], 'iterations': [150, 150, 150], 'primal_residual': [array(0.26207821), array(0.25915421), array(0.25349742)], 'dual_residual': [array(0.01851855), array(0.01765369), array(0.01731715)], 'times': [2.2111124645452946, 2.2179166001733392, 2.2756282868795097]}",0,COMPLETE
36,36,0.9435600260772601,0.6595745040942242,2024-05-19 23:38:24.639129,2024-05-19 23:38:27.198396,0 days 00:00:02.559267,0.005735858138250871,0.001978037783342277,0.004714159360011359,0.013404237961996067,0.1149805848626565,"{'AUC_ROCs': [0.9501052600216571, 0.9483188876305273, 0.9322559305795959], 'S_relative_errors': [0.6578748447300475, 0.6589776649542397, 0.6618710025983856], 'X_relative_errors': [2.329720680925972, 2.49299592274007, 2.3519621193027955], 'Sparsity': [1.0, 1.0, 1.0], 'converged': [0, 0, 0], 'iterations': [150, 150, 150], 'primal_residual': [array(0.00208835), array(0.00190616), array(0.00203058)], 'dual_residual': [array(0.02039658), array(0.02052319), array(0.02068333)], 'times': [2.289533331990242, 2.3069145784247667, 2.279678610851988]}",0,COMPLETE
37,37,0.9329244789608682,0.8060562858556998,2024-05-19 23:38:27.206901,2024-05-19 23:38:29.745676,0 days 00:00:02.538775,0.0001469148775232923,46.427794163020835,38.41993887160685,0.03183421314686717,0.0018968919032864668,"{'AUC_ROCs': [0.9352159310389648, 0.9321355845469921, 0.9314219212966478], 'S_relative_errors': [0.805434771702958, 0.8088543070324592, 0.803879778831682], 'X_relative_errors': [1.5357052874429054, 1.5950466142058246, 1.5554502353640434], 'Sparsity': [1.0, 1.0, 1.0], 'converged': [0, 0, 0], 'iterations': [150, 150, 150], 'primal_residual': [array(0.20888272), array(0.24457142), array(0.1693917)], 'dual_residual': [array(0.00677432), array(0.01386215), array(0.02202547)], 'times': [2.2179347949568182, 2.3018167265690863, 2.215627369703725]}",0,COMPLETE
38,38,0.8040816881661614,0.9984043234312888,2024-05-19 23:38:29.768107,2024-05-19 23:38:31.647209,0 days 00:00:01.879102,0.24914612875746558,0.00013028738880434656,0.36971175805581863,0.6215712803400768,0.5818513820767106,"{'AUC_ROCs': [0.7664561912128206, 0.7603847748412824, 0.8854040984443813], 'S_relative_errors': [0.9970586788297093, 0.9992621561500505, 0.9988921353141067], 'X_relative_errors': [3.373967663628729, 3.61578462111308, 3.395375128625649], 'Sparsity': [1.0, 1.0, 1.0], 'converged': [1, 1, 1], 'iterations': [104, 98, 98], 'primal_residual': [array(0.00080833), array(0.00068449), array(0.0008994)], 'dual_residual': [array(0.00042087), array(0.00038214), array(0.00035719)], 'times': [1.6316041983664036, 1.495220259996131, 1.4827892566099763]}",0,COMPLETE
39,39,0.9083070445760111,0.9998443910075193,2024-05-19 23:38:31.671089,2024-05-19 23:38:34.283184,0 days 00:00:02.612095,0.003931732819075949,0.7998640488638671,0.01583533268055434,0.011558484861543187,0.014346413869313636,"{'AUC_ROCs': [0.9104835735881818, 0.90340920777866, 0.9110283523611914], 'S_relative_errors': [0.9999974079993136, 0.9995357233223484, 1.000000041700896], 'X_relative_errors': [3.5513665466998527, 3.791888784322124, 3.563288354132213], 'Sparsity': [1.0, 1.0, 1.0], 'converged': [0, 0, 1], 'iterations': [150, 150, 147], 'primal_residual': [array(0.0128949), array(0.00479221), array(0.00073552)], 'dual_residual': [array(0.00059322), array(0.00092079), array(2.62324465e-05)], 'times': [2.262167549924925, 2.349891896126792, 2.265268312767148]}",0,COMPLETE
40,40,0.9687467741938804,0.2745137322463806,2024-05-19 23:38:34.306182,2024-05-19 23:38:36.773082,0 days 00:00:02.466900,0.0006861827401211242,0.0011772378155345262,0.001781788062390121,25.24743843541194,0.013996757248675332,"{'AUC_ROCs': [0.9719406853824206, 0.9716977862148382, 0.9626018509843824], 'S_relative_errors': [0.2809457499332391, 0.26272470058949365, 0.279870746216409], 'X_relative_errors': [1.0060234415796845, 1.0050528240133956, 1.00504410603143], 'Sparsity': [1.0, 1.0, 1.0], 'converged': [0, 0, 0], 'iterations': [150, 150, 150], 'primal_residual': [array(0.05378253), array(0.05430817), array(0.05445665)], 'dual_residual': [array(0.08104713), array(0.08305112), array(0.08393675)], 'times': [2.185846612788737, 2.2100790778640658, 2.215097128879279]}",0,COMPLETE
41,41,0.9719600811414332,0.5359396482054781,2024-05-19 23:38:36.784929,2024-05-19 23:38:39.311291,0 days 00:00:02.526362,0.00033854622027480735,0.05234126108844237,0.45470477843936324,0.004708288415983763,0.019262031142440388,"{'AUC_ROCs': [0.9755313754514068, 0.9746311689820997, 0.965717698990793], 'S_relative_errors': [0.5354022684815709, 0.5326915596311511, 0.5397251165037121], 'X_relative_errors': [1.8777719609185533, 1.9957672627107492, 1.900612525568193], 'Sparsity': [1.0, 1.0, 1.0], 'converged': [0, 0, 0], 'iterations': [150, 150, 150], 'primal_residual': [array(0.02619359), array(0.02940035), array(0.02946301)], 'dual_residual': [array(0.03023665), array(0.03086308), array(0.03095262)], 'times': [2.3116819441784173, 2.275828775949776, 2.3053270841483027]}",0,COMPLETE
42,42,0.9794681067329996,0.9999995510379228,2024-05-19 23:38:39.330167,2024-05-19 23:38:40.021701,0 days 00:00:00.691534,3.960145899919062,0.05861007126330612,0.03764496230580051,0.4604746999007873,0.7491703470918903,"{'AUC_ROCs': [0.9789242443452572, 0.9826477375432949, 0.9768323383104467], 'S_relative_errors': [0.9999995448736549, 0.9999995536859154, 0.9999995545541982], 'X_relative_errors': [3.405413458229654, 3.641020798938519, 3.4201286653060388], 'Sparsity': [1.0, 1.0, 1.0], 'converged': [1, 1, 1], 'iterations': [31, 31, 31], 'primal_residual': [array(0.00084826), array(0.00084839), array(0.00084977)], 'dual_residual': [array(3.2610346e-05), array(3.25345029e-05), array(3.25746586e-05)], 'times': [0.4646323500201106, 0.4739632389973849, 0.4728809848893434]}",0,COMPLETE
43,43,0.9684119336171454,0.2728525296901207,2024-05-19 23:38:40.031138,2024-05-19 23:38:42.175353,0 days 00:00:02.144215,0.0009642246236898698,0.000892212471804362,8.88222045426268,24.118612546932315,73.04109548626154,"{'AUC_ROCs': [0.9731298100570194, 0.9714000062355245, 0.960705984558892], 'S_relative_errors': [0.2791275298343339, 0.2612036646462615, 0.2782263945897666], 'X_relative_errors': [0.9999477624547842, 0.999946450882852, 0.9999538477545981], 'Sparsity': [1.0, 1.0, 1.0], 'converged': [1, 1, 1], 'iterations': [132, 132, 132], 'primal_residual': [array(0.00090489), array(0.00090953), array(0.00091315)], 'dual_residual': [array(0.00096466), array(0.00098002), array(0.00098686)], 'times': [1.9596324055455625, 1.8540152767673135, 1.8615274354815483]}",0,COMPLETE
44,44,0.5819755904015632,0.9999999999805823,2024-05-19 23:38:42.201344,2024-05-19 23:38:44.729832,0 days 00:00:02.528488,7.670744380575387,0.15469265531912912,0.02565259365354907,16.428361470463603,0.0017009175663201478,"{'AUC_ROCs': [0.5953459876460165, 0.5827967398866649, 0.5677840436720083], 'S_relative_errors': [0.9999999999808648, 0.9999999999772649, 0.9999999999836175], 'X_relative_errors': [1.7469761125911776, 1.903600873072495, 1.7824057881073951], 'Sparsity': [1.0, 1.0, 1.0], 'converged': [0, 0, 0], 'iterations': [150, 150, 150], 'primal_residual': [array(0.00625662), array(0.00701062), array(0.00607397)], 'dual_residual': [array(0.00017708), array(0.00019844), array(0.00017193)], 'times': [2.250593656441197, 2.2475866014137864, 2.278169654076919]}",0,COMPLETE
45,45,0.8262491387599518,0.9985659923819005,2024-05-19 23:38:44.750880,2024-05-19 23:38:47.352908,0 days 00:00:02.602028,0.8984801673626034,9.262160560859144e-05,0.4115555118879281,4.240537100106647,0.036053881535430474,"{'AUC_ROCs': [0.741010524362972, 0.8083022478110682, 0.9294346441058148], 'S_relative_errors': [0.9977460706554088, 0.9986004907200281, 0.9993514157702648], 'X_relative_errors': [3.0068890919683464, 3.22682577135936, 3.0336815095789578], 'Sparsity': [1.0, 1.0, 1.0], 'converged': [1, 1, 0], 'iterations': [139, 120, 150], 'primal_residual': [array(0.00069947), array(0.00073798), array(0.00112725)], 'dual_residual': [array(0.00035964), array(0.00039626), array(0.00022967)], 'times': [2.087752036517486, 1.8069818813819438, 2.3505090593826026]}",0,COMPLETE
46,46,0.9974664841827695,0.04604386308600611,2024-05-19 23:38:47.376313,2024-05-19 23:38:50.056575,0 days 00:00:02.680262,0.002272471711937324,0.1646226340200718,0.1801705898755591,1.6424212608884197,0.03697316626584131,"{'AUC_ROCs': [0.9982933476641336, 0.9978201951207498, 0.996285909763425], 'S_relative_errors': [0.046140903843281886, 0.045686910870450244, 0.0463037745442862], 'X_relative_errors': [0.09654076890675273, 0.10464138249511802, 0.09528208184240987], 'Sparsity': [1.0, 1.0, 1.0], 'converged': [0, 0, 0], 'iterations': [150, 150, 150], 'primal_residual': [array(0.0257333), array(0.02687066), array(0.02641153)], 'dual_residual': [array(0.00132587), array(0.00191155), array(0.00153052)], 'times': [2.279327854514122, 2.264460771344602, 2.402484697289765]}",0,COMPLETE
47,47,0.9658432141099863,0.16758902245992005,2024-05-19 23:38:50.083189,2024-05-19 23:38:52.555113,0 days 00:00:02.471924,0.1600875409950068,0.0005801657198304876,18.740183053404802,0.08688549999946957,14.657227185607088,"{'AUC_ROCs': [0.969665765755574, 0.9698526770781507, 0.9580111994962343], 'S_relative_errors': [0.16890139538305962, 0.16221016864453677, 0.17165550335216379], 'X_relative_errors': [0.9994590517239199, 0.999659119340424, 0.9996758413829746], 'Sparsity': [1.0, 1.0, 1.0], 'converged': [0, 0, 0], 'iterations': [150, 150, 150], 'primal_residual': [array(0.00688157), array(0.00494176), array(0.00501173)], 'dual_residual': [array(0.0005564), array(0.00043108), array(0.00045023)], 'times': [2.2166206107940525, 2.2179635248612612, 2.201884801732376]}",0,COMPLETE
48,48,0.969243269494341,0.2642771197862968,2024-05-19 23:38:52.585094,2024-05-19 23:38:55.026495,0 days 00:00:02.441401,0.000608137471776954,0.009511306816056775,38.574502456621055,30.12355926105919,14.832591306949514,"{'AUC_ROCs': [0.9713544772004622, 0.9724205478457456, 0.9639547834368151], 'S_relative_errors': [0.270340292326923, 0.2525940606839428, 0.26989700634802455], 'X_relative_errors': [1.0000944291858864, 1.0000957132099009, 1.0000910984938367], 'Sparsity': [1.0, 1.0, 1.0], 'converged': [1, 1, 1], 'iterations': [150, 150, 150], 'primal_residual': [array(0.00061842), array(0.00064882), array(0.00060368)], 'dual_residual': [array(0.00089488), array(0.00090849), array(0.00091655)], 'times': [2.1510013565421104, 2.165441311430186, 2.1730362200178206]}",0,COMPLETE
49,49,0.9426366644700455,0.7363315403101179,2024-05-19 23:38:55.057799,2024-05-19 23:38:57.762917,0 days 00:00:02.705118,0.0004209671771205137,6.083901052052997,4.849900589042244,0.1010509499577857,16.82589747975782,"{'AUC_ROCs': [0.9400039375048282, 0.9451228540739227, 0.9427832018313854], 'S_relative_errors': [0.7356707735661381, 0.7398386581684094, 0.7334851891958067], 'X_relative_errors': [0.9061924319162262, 0.9437686375112014, 0.9049986508808682], 'Sparsity': [1.0, 1.0, 1.0], 'converged': [0, 0, 0], 'iterations': [150, 150, 150], 'primal_residual': [array(0.52728735), array(0.50116738), array(0.53009479)], 'dual_residual': [array(0.04293965), array(0.02775973), array(0.03996937)], 'times': [2.3707036543637514, 2.28234028397128, 2.314739525783807]}",0,COMPLETE
50,50,0.802682111914501,0.9704521579599396,2024-05-19 23:38:57.792598,2024-05-19 23:39:00.438797,0 days 00:00:02.646199,2.855933505149378,0.09593488508781682,55.15787165109975,1.5122195868499737,0.3759551791993494,"{'AUC_ROCs': [0.8149693243994046, 0.8015595123932413, 0.7915174989508568], 'S_relative_errors': [0.9702303485527931, 0.9681031946429247, 0.9730229306841007], 'X_relative_errors': [1.4707987353906116, 1.5228307263621448, 1.5088587198664776], 'Sparsity': [1.0, 1.0, 1.0], 'converged': [0, 0, 0], 'iterations': [150, 150, 150], 'primal_residual': [array(0.05007877), array(0.03233242), array(0.03058275)], 'dual_residual': [array(0.00350869), array(0.00186876), array(0.00189591)], 'times': [2.2412797117140144, 2.3064452989492565, 2.369682837277651]}",1,COMPLETE
51,51,0.9695582121218624,0.2679755907197961,2024-05-19 23:39:00.469924,2024-05-19 23:39:02.974965,0 days 00:00:02.505041,0.005654213123358028,0.0003664376259385075,0.0271745495395485,24.943660752373216,0.33359960527896215,"{'AUC_ROCs': [0.9723180757770917, 0.9734584840280178, 0.9628980765604775], 'S_relative_errors': [0.27418659823368835, 0.25647441925630965, 0.2732657546693903], 'X_relative_errors': [0.9996189716644949, 0.9996637660460014, 0.9996348238907049], 'Sparsity': [1.0, 1.0, 1.0], 'converged': [0, 0, 0], 'iterations': [150, 150, 150], 'primal_residual': [array(0.00506819), array(0.00535194), array(0.00566586)], 'dual_residual': [array(0.00273415), array(0.0027887), array(0.00281847)], 'times': [2.227814615704119, 2.155977375106886, 2.2312382659874856]}",1,COMPLETE
52,52,0.9690749695340748,0.27365325492961956,2024-05-19 23:39:03.005321,2024-05-19 23:39:05.377668,0 days 00:00:02.372347,0.0010588988470358349,4.005587947224427e-05,0.0782617902318054,41.92903906290589,89.27468316863104,"{'AUC_ROCs': [0.9713024710175252, 0.9723586733553242, 0.9635637642293752], 'S_relative_errors': [0.2799100676097165, 0.26201086448901173, 0.2790388326901306], 'X_relative_errors': [1.0000514567103094, 1.0000547919431604, 1.0000540680210601], 'Sparsity': [1.0, 1.0, 1.0], 'converged': [0, 0, 0], 'iterations': [150, 150, 150], 'primal_residual': [array(0.00198841), array(0.00204478), array(0.00203934)], 'dual_residual': [array(0.00039973), array(0.00038868), array(0.00042864)], 'times': [2.1135407467372715, 2.113151748664677, 2.1245113536715508]}",1,COMPLETE
53,53,0.9952733810818547,0.09325617243577483,2024-05-19 23:39:05.406415,2024-05-19 23:39:07.937025,0 days 00:00:02.530610,0.02571024049417523,0.0026137338323528143,0.0018729020601162003,0.0016139702514658455,0.5997653888590222,"{'AUC_ROCs': [0.9968148129236551, 0.9966651115377738, 0.9923402187841353], 'S_relative_errors': [0.08628170895407736, 0.07237054419907933, 0.12111626415416782], 'X_relative_errors': [0.28840296927245396, 0.2577062666646721, 0.4138012741445941], 'Sparsity': [1.0, 1.0, 1.0], 'converged': [0, 0, 0], 'iterations': [150, 150, 150], 'primal_residual': [array(0.06866064), array(0.07935694), array(0.07208377)], 'dual_residual': [array(0.03606235), array(0.03400094), array(0.03430249)], 'times': [2.2579775410704315, 2.2804645095020533, 2.285196158103645]}",1,COMPLETE
