,number,values_0,values_1,datetime_start,datetime_complete,duration,params_lda1,params_ldag,params_psi_1,params_psi_2,params_psi_3,user_attrs_metrics,system_attrs_nsga2:generation,state
27,27,0.9839366351361148,0.1446772215051543,2024-05-19 23:44:34.616820,2024-05-19 23:44:37.110089,0 days 00:00:02.493269,0.007540361702591968,0.1351465498427278,38.3195007590953,0.0246750200674626,20.784788728943486,"{'AUC_ROCs': [0.9857542785845329, 0.9877506193482459, 0.9783050074755655], 'S_relative_errors': [0.14735036346955954, 0.13895389386968368, 0.14772740717621963], 'X_relative_errors': [0.998531231490037, 0.9979962660378405, 0.9986237588332625], 'Sparsity': [1.0, 1.0, 1.0], 'converged': [0, 0, 0], 'iterations': [150, 150, 150], 'primal_residual': [array(0.09575157), array(0.08541204), array(0.08520894)], 'dual_residual': [array(0.0060392), array(0.00518944), array(0.00559906)], 'times': [2.1619040207006037, 2.156907631782815, 2.196156059857458]}",0,COMPLETE
28,28,0.9352256418675551,0.8049009380909319,2024-05-19 23:44:37.125425,2024-05-19 23:44:39.593789,0 days 00:00:02.468364,0.11399472701860001,39.603424336803506,41.54861136505378,0.5028225925930739,0.1314714223005606,"{'AUC_ROCs': [0.9395226738209579, 0.9334277183407448, 0.9327265334409627], 'S_relative_errors': [0.8039272050127128, 0.8076982390379096, 0.8030773702221732], 'X_relative_errors': [1.4103694456759708, 1.461955252067371, 1.4227039933248422], 'Sparsity': [1.0, 1.0, 1.0], 'converged': [0, 0, 0], 'iterations': [150, 150, 150], 'primal_residual': [array(0.04653854), array(0.03493478), array(0.04854148)], 'dual_residual': [array(0.00079758), array(0.00075833), array(0.00083515)], 'times': [2.183196968631819, 2.2122721082996577, 2.213533754926175]}",0,COMPLETE
29,29,0.968875550043658,0.27517819400219984,2024-05-19 23:44:39.613130,2024-05-19 23:44:42.176828,0 days 00:00:02.563698,0.0002819974142726767,7.087897303483048e-05,0.09848530774170888,0.17193611603650244,0.04369031581201598,"{'AUC_ROCs': [0.9741377751543883, 0.9730370520715416, 0.9594518229050444], 'S_relative_errors': [0.2813795422490076, 0.26344132016901195, 0.28071371958857994], 'X_relative_errors': [1.001104783946677, 1.0012187769040997, 1.0020325752860688], 'Sparsity': [1.0, 1.0, 1.0], 'converged': [0, 0, 0], 'iterations': [150, 150, 150], 'primal_residual': [array(0.05900002), array(0.06597916), array(0.06087971)], 'dual_residual': [array(0.02128605), array(0.02184132), array(0.02491598)], 'times': [2.2464302259031683, 2.281948409974575, 2.305177978007123]}",0,COMPLETE
30,30,0.930916280454829,0.8099967428284588,2024-05-19 23:44:42.193428,2024-05-19 23:44:51.655172,0 days 00:00:09.461744,0.001059273913164611,0.5906422744342219,0.015659475563992064,0.3770342188906537,0.004036122271350697,"{'AUC_ROCs': [0.9349898220929483, 0.9387715253085542, 0.9189874939629845], 'S_relative_errors': [0.8090099835711126, 0.8116611382224315, 0.8093191066918324], 'X_relative_errors': [2.8292959473377297, 3.0334601240557184, 2.8410280937075867], 'Sparsity': [1.0, 1.0, 1.0], 'converged': [0, 0, 0], 'iterations': [150, 150, 150], 'primal_residual': [array(0.00375134), array(0.00385256), array(0.00386725)], 'dual_residual': [array(0.01247404), array(0.0131414), array(0.01313357)], 'times': [2.22213016403839, 2.259757957421243, 2.257815255317837]}",0,COMPLETE
31,31,0.973433777031075,0.33459824225074736,2024-05-19 23:44:51.670874,2024-05-19 23:44:54.193379,0 days 00:00:02.522505,0.004607176283116048,1.1702775804848202,90.91976342304329,0.03577034349837571,80.34868103177317,"{'AUC_ROCs': [0.9735750072311379, 0.9776613518286221, 0.9690649720334654], 'S_relative_errors': [0.33673575358591223, 0.3333018656979739, 0.33375710746835596], 'X_relative_errors': [0.9970330758441893, 0.9974862977873381, 0.997699639678324], 'Sparsity': [1.0, 1.0, 1.0], 'converged': [0, 0, 0], 'iterations': [150, 150, 150], 'primal_residual': [array(0.32055252), array(0.30175887), array(0.28804902)], 'dual_residual': [array(0.01835441), array(0.01248759), array(0.01593014)], 'times': [2.2080380897969007, 2.2508666943758726, 2.2845871220342815]}",0,COMPLETE
32,32,0.8690905334412294,0.9948215891518967,2024-05-19 23:44:54.212509,2024-05-19 23:44:56.709959,0 days 00:00:02.497450,3.6416605181549286,0.005538882668797472,6.713927765769492,2.4599830431519596,0.004815682486302538,"{'AUC_ROCs': [0.874777429546772, 0.8672248266964225, 0.8652693440804937], 'S_relative_errors': [0.9939984571202665, 0.9940561641849501, 0.9964101461504733], 'X_relative_errors': [2.870380106973822, 3.0705614111033075, 2.899503215716098], 'Sparsity': [1.0, 1.0, 1.0], 'converged': [0, 0, 0], 'iterations': [150, 150, 150], 'primal_residual': [array(0.00927478), array(0.00981109), array(0.0072517)], 'dual_residual': [array(0.00045863), array(0.00028882), array(0.00027126)], 'times': [2.2323880346957594, 2.253695777617395, 2.260130919981748]}",0,COMPLETE
33,33,0.9381974392747449,0.7427452557135048,2024-05-19 23:44:56.730053,2024-05-19 23:44:59.271154,0 days 00:00:02.541101,0.0009751337794929689,1.3132666617538067,0.10253115949443509,5.100084600886931,0.10451714697172121,"{'AUC_ROCs': [0.9435192161667516, 0.942321912243657, 0.9287511894138261], 'S_relative_errors': [0.7364312652063357, 0.7501081911314459, 0.7416963108027326], 'X_relative_errors': [2.008219067068446, 2.208570085297338, 2.0453897781353647], 'Sparsity': [1.0, 1.0, 1.0], 'converged': [0, 0, 0], 'iterations': [150, 150, 150], 'primal_residual': [array(0.06809419), array(0.07191336), array(0.06918006)], 'dual_residual': [array(0.00570548), array(0.00656145), array(0.00474422)], 'times': [2.2550171511247754, 2.2825099795591086, 2.285259480122477]}",0,COMPLETE
34,34,0.9352808409394683,0.807891646534304,2024-05-19 23:44:59.293857,2024-05-19 23:45:01.781751,0 days 00:00:02.487894,0.6977658707855581,20.26324196189907,0.004987697817892757,35.624193785515835,1.4196893563401791,"{'AUC_ROCs': [0.9365730518428241, 0.9381661519885899, 0.9311033189869911], 'S_relative_errors': [0.807549880550196, 0.8101155167237424, 0.8060095423289737], 'X_relative_errors': [0.98734589060015, 0.9607489951535696, 0.9671463376261548], 'Sparsity': [1.0, 1.0, 1.0], 'converged': [0, 0, 0], 'iterations': [150, 150, 150], 'primal_residual': [array(0.16793939), array(0.17301401), array(0.17320332)], 'dual_residual': [array(0.00143505), array(0.00144593), array(0.00142917)], 'times': [2.232863918179646, 2.2481153591070324, 2.234196763020009]}",0,COMPLETE
35,35,0.9714572534421945,0.1889984523307424,2024-05-19 23:45:01.795333,2024-05-19 23:45:04.366504,0 days 00:00:02.571171,0.5687135969498943,1.36431415424961e-05,0.24571575850440364,72.68329627166077,0.5437919332926798,"{'AUC_ROCs': [0.9742364877434848, 0.9724690603456868, 0.967666212237412], 'S_relative_errors': [0.19592823780098256, 0.18082738983099794, 0.19023972936024666], 'X_relative_errors': [0.9996064604108695, 0.999340946343584, 0.9997008761001428], 'Sparsity': [1.0, 1.0, 1.0], 'converged': [0, 0, 0], 'iterations': [150, 150, 150], 'primal_residual': [array(0.00459183), array(0.00668296), array(0.00415218)], 'dual_residual': [array(0.00074743), array(0.00073693), array(0.00074877)], 'times': [2.324809915618971, 2.1653584027662873, 2.182110439054668]}",0,COMPLETE
36,36,0.9701958492193024,0.39066530253283155,2024-05-19 23:45:04.388105,2024-05-19 23:45:06.891655,0 days 00:00:02.503550,0.8267918820926251,1.2456201598901087,31.29096481456938,0.2787682409669791,0.22701311433659574,"{'AUC_ROCs': [0.9712074774023973, 0.9738912888665393, 0.9654887813889707], 'S_relative_errors': [0.3921050233384012, 0.38699099703648554, 0.3928998872236081], 'X_relative_errors': [0.9884076929018506, 0.9805964640585543, 0.9826025196696869], 'Sparsity': [1.0, 1.0, 1.0], 'converged': [0, 0, 0], 'iterations': [150, 150, 150], 'primal_residual': [array(0.27976343), array(0.25187677), array(0.26456282)], 'dual_residual': [array(0.0207693), array(0.01686672), array(0.01318585)], 'times': [2.232016216032207, 2.268861929187551, 2.224666462978348]}",0,COMPLETE
37,37,0.9758045033270686,0.30830511381141074,2024-05-19 23:45:06.915624,2024-05-19 23:45:09.468878,0 days 00:00:02.553254,0.00022176544074485832,0.989651461140887,1.8070836925208056,0.018510798108522002,11.967573936370947,"{'AUC_ROCs': [0.9750675706675973, 0.9830697536538024, 0.969276185659806], 'S_relative_errors': [0.31312035695702545, 0.3024676584857696, 0.3093273259914372], 'X_relative_errors': [0.619297276664666, 0.6063825247026304, 0.602816260504002], 'Sparsity': [1.0, 1.0, 1.0], 'converged': [0, 0, 0], 'iterations': [150, 150, 150], 'primal_residual': [array(0.23936908), array(0.23770813), array(0.23738444)], 'dual_residual': [array(0.01489145), array(0.0165501), array(0.01594782)], 'times': [2.2405874610412866, 2.2384229600429535, 2.2645129011943936]}",0,COMPLETE
38,38,0.9988474493403942,0.013376046631654717,2024-05-19 23:45:09.479162,2024-05-19 23:45:11.995848,0 days 00:00:02.516686,0.05437435140487758,0.0002454043626098891,0.05970823008901308,0.043920306570861385,0.48991124792838053,"{'AUC_ROCs': [0.9996197335846378, 0.9998383865385941, 0.9970842278979505], 'S_relative_errors': [0.010637439118248323, 0.009385114358378039, 0.02010558641833779], 'X_relative_errors': [0.0452368790812091, 0.04344866919607038, 0.08133223401291442], 'Sparsity': [1.0, 1.0, 1.0], 'converged': [0, 0, 0], 'iterations': [150, 150, 150], 'primal_residual': [array(0.01038963), array(0.01149589), array(0.01338479)], 'dual_residual': [array(0.00281093), array(0.00299926), array(0.00380632)], 'times': [2.2519469696562737, 2.2705993361305445, 2.2707109777256846]}",0,COMPLETE
39,39,0.9349026217203106,0.805021626347386,2024-05-19 23:45:12.011520,2024-05-19 23:45:14.512559,0 days 00:00:02.501039,0.08977545433287158,31.468892694176333,0.6143636010456042,0.2864359711442769,69.07282635371514,"{'AUC_ROCs': [0.9364261189289614, 0.9358519799564046, 0.9324297662755657], 'S_relative_errors': [0.8046007415597569, 0.8069921702611371, 0.8034719672212645], 'X_relative_errors': [0.9966136727392988, 0.996713648978941, 0.996682448460816], 'Sparsity': [1.0, 1.0, 1.0], 'converged': [0, 0, 0], 'iterations': [150, 150, 150], 'primal_residual': [array(0.17337035), array(0.17521379), array(0.17551999)], 'dual_residual': [array(0.00138024), array(0.00140072), array(0.00140457)], 'times': [2.2048745658248663, 2.213980392785743, 2.256126663647592]}",0,COMPLETE
40,40,0.9163262128716597,0.8084344107109741,2024-05-19 23:45:14.529851,2024-05-19 23:45:17.085341,0 days 00:00:02.555490,0.17666288917256767,21.280367512784828,0.01762850770447565,0.002520220554922659,5.387014434079767,"{'AUC_ROCs': [0.9205877753106639, 0.924114708382803, 0.9042761549215123], 'S_relative_errors': [0.8080298950724715, 0.8105640024067461, 0.8067093346537045], 'X_relative_errors': [2.230755131413665, 2.4063724327226823, 2.2477155605393895], 'Sparsity': [1.0, 1.0, 1.0], 'converged': [0, 0, 0], 'iterations': [150, 150, 150], 'primal_residual': [array(0.00295714), array(0.00773898), array(0.00222319)], 'dual_residual': [array(0.00070241), array(0.00143101), array(0.00041317)], 'times': [2.251561975106597, 2.2941508810035884, 2.2615515841171145]}",0,COMPLETE
41,41,0.9641403005033576,0.9999995637680018,2024-05-19 23:45:17.094620,2024-05-19 23:45:17.800164,0 days 00:00:00.705544,2.4147825247002883,1.1746000350165244e-05,0.012008167861129501,0.0015966357562282628,0.0030612015741612,"{'AUC_ROCs': [0.9687792761707564, 0.9695307442483938, 0.9541108810909226], 'S_relative_errors': [0.9999995618677887, 0.9999995646466603, 0.9999995647895563], 'X_relative_errors': [3.5542294392752756, 3.7966541457032315, 3.5660841687265523], 'Sparsity': [1.0, 1.0, 1.0], 'converged': [1, 1, 1], 'iterations': [30, 30, 30], 'primal_residual': [array(0.0006924), array(0.00069663), array(0.0007033)], 'dual_residual': [array(3.16660059e-07), array(2.60695579e-07), array(2.64512079e-07)], 'times': [0.46771780494600534, 0.46007790183648467, 0.48564680526033044]}",0,COMPLETE
42,42,0.9343318020644356,0.8056134646094497,2024-05-19 23:45:17.823328,2024-05-19 23:45:20.267002,0 days 00:00:02.443674,0.00020415449337275607,36.65709184340094,20.95884362994626,28.60846969840518,0.0023138993967163225,"{'AUC_ROCs': [0.940712657373644, 0.936225209611522, 0.9260575392081406], 'S_relative_errors': [0.8040566409847885, 0.8081183207572344, 0.8046654320863263], 'X_relative_errors': [0.9995323479092002, 0.9996692619294684, 0.9995261752479014], 'Sparsity': [1.0, 1.0, 1.0], 'converged': [0, 0, 0], 'iterations': [150, 150, 150], 'primal_residual': [array(0.13053239), array(0.13244862), array(0.13308966)], 'dual_residual': [array(0.00450283), array(0.00464587), array(0.00464417)], 'times': [2.1399173729587346, 2.183926324127242, 2.1613957253284752]}",0,COMPLETE
43,43,0.9341131753113269,0.9058557956739088,2024-05-19 23:45:20.291900,2024-05-19 23:45:22.931545,0 days 00:00:02.639645,0.0007340206365623897,0.20070492559218758,0.05397910640966984,0.009101733862763046,0.03352940227452586,"{'AUC_ROCs': [0.9362582066703672, 0.9366377172294023, 0.9294436020342112], 'S_relative_errors': [0.9049309494624919, 0.9071874784368019, 0.905448959122433], 'X_relative_errors': [3.2099076267349624, 3.4375043767448417, 3.222613481715765], 'Sparsity': [1.0, 1.0, 1.0], 'converged': [0, 0, 0], 'iterations': [150, 150, 150], 'primal_residual': [array(0.00053479), array(0.00050731), array(0.00055469)], 'dual_residual': [array(0.0087105), array(0.00868265), array(0.0088055)], 'times': [2.2834690418094397, 2.306041044415906, 2.373553746379912]}",0,COMPLETE
44,44,0.9803351196368709,0.32982846253821657,2024-05-19 23:45:22.949369,2024-05-19 23:45:25.525469,0 days 00:00:02.576100,0.0006189317662726252,0.0009007643565517335,0.015297166632176507,0.136800698055298,0.0053350806013849035,"{'AUC_ROCs': [0.9844458664662807, 0.9839081191543236, 0.9726513732900087], 'S_relative_errors': [0.32200543523233754, 0.33413286742922677, 0.33334708495308524], 'X_relative_errors': [1.1448643182706386, 1.2688391752583879, 1.1890545585487162], 'Sparsity': [1.0, 1.0, 1.0], 'converged': [0, 0, 0], 'iterations': [150, 150, 150], 'primal_residual': [array(0.03042372), array(0.03055432), array(0.02672428)], 'dual_residual': [array(0.03830398), array(0.0400811), array(0.0409425)], 'times': [2.2724028087686747, 2.2685576491057873, 2.369228736497462]}",0,COMPLETE
45,45,0.9679079742779573,0.27515060234030975,2024-05-19 23:45:25.550555,2024-05-19 23:45:28.047986,0 days 00:00:02.497431,0.0003619768974958287,1.564221501224765e-05,0.00584457736556141,0.0028826140477484132,2.8510559466641565,"{'AUC_ROCs': [0.9703882754482202, 0.9713530148812088, 0.9619826325044427], 'S_relative_errors': [0.2815508860911078, 0.2633051800548196, 0.28059574087500183], 'X_relative_errors': [1.0017269874462875, 1.0006931618105719, 1.0016199312689333], 'Sparsity': [1.0, 1.0, 1.0], 'converged': [0, 0, 0], 'iterations': [150, 150, 150], 'primal_residual': [array(0.16464824), array(0.16145061), array(0.16815796)], 'dual_residual': [array(0.05032888), array(0.0506113), array(0.05019335)], 'times': [2.2366815893910825, 2.244352546753362, 2.263561493717134]}",0,COMPLETE
46,46,0.9847068075097168,0.1726140142253679,2024-05-19 23:45:28.071022,2024-05-19 23:45:30.683731,0 days 00:00:02.612709,1.2221858627744193,0.0012364739193247666,9.574532996620771,0.920402267152429,0.30664147580503237,"{'AUC_ROCs': [0.9864898965191405, 0.9850088998638211, 0.9826216261461885], 'S_relative_errors': [0.1747464166934026, 0.17483598186410235, 0.16825964411859873], 'X_relative_errors': [0.5620639245646077, 0.5803614468529438, 0.5604267627255859], 'Sparsity': [1.0, 1.0, 1.0], 'converged': [0, 0, 0], 'iterations': [150, 150, 150], 'primal_residual': [array(0.01010495), array(0.01232598), array(0.01181069)], 'dual_residual': [array(0.00020116), array(0.00024662), array(0.00023361)], 'times': [2.254203534219414, 2.3178405966609716, 2.3301244187168777]}",0,COMPLETE
47,47,0.9682255967545249,0.27433764877787636,2024-05-19 23:45:30.712050,2024-05-19 23:45:33.035328,0 days 00:00:02.323278,0.0012154423402558523,0.00021165115364951866,3.4051859567962213,0.8596962474640939,1.0117183233038822,"{'AUC_ROCs': [0.9713165018368144, 0.970157898625517, 0.9632023898012434], 'S_relative_errors': [0.2806392891849282, 0.2626764591013898, 0.279697198047311], 'X_relative_errors': [0.9999273640698949, 0.9999235707796723, 0.99991631777321], 'Sparsity': [1.0, 1.0, 1.0], 'converged': [1, 1, 1], 'iterations': [146, 146, 146], 'primal_residual': [array(0.00092173), array(0.00091255), array(0.00095246)], 'dual_residual': [array(0.00049249), array(0.00049539), array(0.0004889)], 'times': [2.051037169294432, 2.0816574320197105, 2.0839356617070735]}",0,COMPLETE
48,48,0.9920297800792245,0.12636012265692842,2024-05-19 23:45:33.062920,2024-05-19 23:45:35.581904,0 days 00:00:02.518984,0.1174023118567529,0.2885672193710669,0.008670970127442043,0.035773049219809235,9.128523366666995,"{'AUC_ROCs': [0.9929969872892328, 0.9947579136497883, 0.9883344392986524], 'S_relative_errors': [0.12847601436009787, 0.12427215721147535, 0.12633219639921206], 'X_relative_errors': [0.4261192523791804, 0.4441593251388061, 0.41161714179339737], 'Sparsity': [1.0, 1.0, 1.0], 'converged': [0, 0, 0], 'iterations': [150, 150, 150], 'primal_residual': [array(0.1119692), array(0.11875213), array(0.1146683)], 'dual_residual': [array(0.01211259), array(0.01337322), array(0.0135833)], 'times': [2.2461700555868447, 2.2551696330774575, 2.2619704119861126]}",0,COMPLETE
49,49,0.968052717445062,0.24888640335241707,2024-05-19 23:45:35.592713,2024-05-19 23:45:37.926826,0 days 00:00:02.334113,0.14107871248461862,5.437997416216428e-05,8.181254205629385,43.777657755552816,1.453822021218653,"{'AUC_ROCs': [0.9701171449409451, 0.9735356403290119, 0.9605053670652293], 'S_relative_errors': [0.2550428255328663, 0.237918813118794, 0.2536975714055909], 'X_relative_errors': [1.0000874658765915, 1.0000911574641986, 1.0000898107880962], 'Sparsity': [1.0, 1.0, 1.0], 'converged': [1, 1, 1], 'iterations': [150, 150, 150], 'primal_residual': [array(0.00090345), array(0.00094232), array(0.00095604)], 'dual_residual': [array(0.00064611), array(0.00064956), array(0.00065165)], 'times': [2.103434707503766, 2.114380447892472, 2.1207715224009007]}",0,COMPLETE
50,50,0.9751406417872696,0.23199396225940724,2024-05-19 23:45:37.937890,2024-05-19 23:45:40.511396,0 days 00:00:02.573506,0.003660649227686817,9.300566995433067e-05,0.006099634493559493,0.20955115617797587,0.004247731805644285,"{'AUC_ROCs': [0.9772050082245062, 0.9792512368203763, 0.9689656803169261], 'S_relative_errors': [0.2331598759980864, 0.2268224830122505, 0.23599952776788483], 'X_relative_errors': [0.8310999392173862, 0.8634397386014688, 0.8438284300775505], 'Sparsity': [1.0, 1.0, 1.0], 'converged': [0, 0, 0], 'iterations': [150, 150, 150], 'primal_residual': [array(0.06653674), array(0.07032132), array(0.07144696)], 'dual_residual': [array(0.05045532), array(0.04675723), array(0.05007668)], 'times': [2.2619804984424263, 2.2870179975870997, 2.3336616531014442]}",1,COMPLETE
51,51,0.969519556303086,0.2362625955126295,2024-05-19 23:45:40.533923,2024-05-19 23:45:43.045027,0 days 00:00:02.511104,0.2167619290815808,1.288364775059358e-05,9.574532996620771,0.004216360464375904,0.30664147580503237,"{'AUC_ROCs': [0.9727050444141677, 0.9735557456742413, 0.9622978788208488], 'S_relative_errors': [0.24274271111263893, 0.22575178300671137, 0.24029329241853814], 'X_relative_errors': [1.0000318550923588, 0.9999592412884064, 1.0000016583332634], 'Sparsity': [1.0, 1.0, 1.0], 'converged': [0, 0, 0], 'iterations': [150, 150, 150], 'primal_residual': [array(0.00343662), array(0.00387374), array(0.00364786)], 'dual_residual': [array(0.00215074), array(0.00191471), array(0.00212868)], 'times': [2.2139242903795093, 2.1738993127364665, 2.245580314891413]}",1,COMPLETE
52,52,0.9861791661203303,0.13343005279039247,2024-05-19 23:45:43.070062,2024-05-19 23:45:45.667791,0 days 00:00:02.597729,0.2167619290815808,0.20070492559218758,7.13334926778548,16.44691260177074,0.10089080611985063,"{'AUC_ROCs': [0.9903147725977895, 0.9898307342913392, 0.9783919914718621], 'S_relative_errors': [0.12661762517613262, 0.1268359305577352, 0.1468366026373096], 'X_relative_errors': [0.9898729203618762, 0.9800767042063421, 0.993418480891887], 'Sparsity': [1.0, 1.0, 1.0], 'converged': [0, 0, 0], 'iterations': [150, 150, 150], 'primal_residual': [array(0.09122026), array(0.10288464), array(0.12076591)], 'dual_residual': [array(0.00625469), array(0.00601055), array(0.00553958)], 'times': [2.167234888765961, 2.3192498926073313, 2.1865154162514955]}",1,COMPLETE
53,53,0.9695358380414874,0.26527035443813124,2024-05-19 23:45:45.679734,2024-05-19 23:45:48.128756,0 days 00:00:02.449022,0.0401997131900733,0.0012364739193247666,9.574532996620771,0.920402267152429,26.68787572095639,"{'AUC_ROCs': [0.9730991367495965, 0.9713364517692755, 0.9641719256055901], 'S_relative_errors': [0.27128637319589916, 0.25368512170719626, 0.27083956841129836], 'X_relative_errors': [1.0001405646633774, 1.0001417680273268, 1.0001463557766317], 'Sparsity': [1.0, 1.0, 1.0], 'converged': [0, 0, 0], 'iterations': [150, 150, 150], 'primal_residual': [array(0.00153277), array(0.00159154), array(0.00160696)], 'dual_residual': [array(0.00049225), array(0.00049264), array(0.00049108)], 'times': [2.182116982759908, 2.1679720983374864, 2.1797344197984785]}",1,COMPLETE
