,number,values_0,values_1,datetime_start,datetime_complete,duration,params_lda1,params_psi_2,params_psi_3,params_rho,user_attrs_metrics,system_attrs_nsga2:generation,state
113,113,0.8887995386938421,0.13472454810570625,2024-05-20 00:07:24.135298,2024-05-20 00:07:25.822215,0 days 00:00:01.686917,0.11533203484880866,2.592188109154576,1.6062874837517747,0.0070860669960352415,"{'AUC_ROCs': [0.8942403607846822, 0.8946115442634572, 0.8775467110333868], 'S_relative_errors': [0.13279706566134114, 0.12093840978742298, 0.15043816886835462], 'X_relative_errors': [0.7865352331671767, 0.7816266225976456, 0.8039684568936186], 'Sparsity': [0.054563265306122447, 0.053746938775510206, 0.055412244897959186], 'converged': [0, 0, 0], 'iterations': [150, 150, 150], 'primal_residual': [9.234926814140808, 8.922532124364059, 9.134182465710776], 'dual_residual': [9.234926814140808, 8.922532124364059, 9.134182465710776], 'times': [1.4466534794773906, 1.461902158567682, 1.4576958289835602]}",2,COMPLETE
114,114,0.5,1.0,2024-05-20 00:07:25.865356,2024-05-20 00:07:27.536616,0 days 00:00:01.671260,2.685335199578805,0.4803584412649225,50.567952507607956,0.0006028863078107125,"{'AUC_ROCs': [0.5, 0.5, 0.5], 'S_relative_errors': [1.0, 0.9999999999999998, 1.0], 'X_relative_errors': [1.163901173198508, 1.2088884970304428, 1.166269553336515], 'Sparsity': [0.0, 0.0, 0.0], 'converged': [0, 0, 0], 'iterations': [150, 150, 150], 'primal_residual': [34.08106501869131, 34.63175872746852, 34.86364187807968], 'dual_residual': [34.08106501869131, 34.63175872746852, 34.86364187807968], 'times': [1.3965949201956391, 1.4476434167008847, 1.4434594621416181]}",2,COMPLETE
115,115,0.9592391265512523,1.7591972753049675e+59,2024-05-20 00:07:27.563331,2024-05-20 00:07:29.771868,0 days 00:00:02.208537,0.002035127576318823,0.16902027969279018,20.347202782661924,3.572959323787921,"{'AUC_ROCs': [0.9611889819458348, 0.965027016868117, 0.951501380839805], 'S_relative_errors': [1.7764260332991344e+59, 1.7514265936553546e+59, 1.7497391989604134e+59], 'X_relative_errors': [6.316283203671468e+59, 6.652116208062446e+59, 6.242092431174311e+59], 'Sparsity': [1.0, 1.0, 1.0], 'converged': [0, 0, 0], 'iterations': [150, 150, 150], 'primal_residual': [3.3745971521695795e+61, 3.3964514773105075e+61, 3.40422789434623e+61], 'dual_residual': [3.3745971521695795e+61, 3.3964514773105075e+61, 3.40422789434623e+61], 'times': [1.8901011275593191, 1.8437451429199427, 1.9398904938716441]}",2,COMPLETE
116,116,0.9596422809340952,0.23216996405025356,2024-05-20 00:07:29.810954,2024-05-20 00:07:31.473258,0 days 00:00:01.662304,0.00018926102635316897,1.8985483486067902,0.029933767020366753,4.053581704568539e-05,"{'AUC_ROCs': [0.9639079128792797, 0.9620786486311966, 0.9529402812918092], 'S_relative_errors': [0.2373208155147388, 0.2211657865507938, 0.23802329008522805], 'X_relative_errors': [0.9345945633728764, 0.9328342008057974, 0.9365551311744709], 'Sparsity': [0.18935510204081632, 0.17406530612244897, 0.19447346938775512], 'converged': [0, 0, 0], 'iterations': [150, 150, 150], 'primal_residual': [4.9969803438742915, 4.837364461579684, 5.032947654679051], 'dual_residual': [4.9969803438742915, 4.837364461579684, 5.032947654679051], 'times': [1.4331170418299735, 1.4460414298810065, 1.4357620410155505]}",2,COMPLETE
117,117,0.9673071087533712,0.27494899541859935,2024-05-20 00:07:31.520110,2024-05-20 00:07:33.234446,0 days 00:00:01.714336,0.0010697093848381243,0.9371261052480125,0.25608891307353315,0.05029527870856069,"{'AUC_ROCs': [0.9677680210076356, 0.9739466422578971, 0.960206662994581], 'S_relative_errors': [0.2812454605491011, 0.2632886134015969, 0.2803129123050999], 'X_relative_errors': [0.9999999842962102, 0.999999968509271, 0.9999999793685851], 'Sparsity': [0.9933632653061224, 0.9915102040816327, 0.9934775510204081], 'converged': [0, 0, 0], 'iterations': [150, 150, 150], 'primal_residual': [0.0026977468945350302, 0.0030717835733035962, 0.002675309086236809], 'dual_residual': [0.0026977468945350302, 0.0030717835733035962, 0.002675309086236809], 'times': [1.4686513736378402, 1.4798463776241988, 1.4944717686157674]}",2,COMPLETE
118,118,0.9686321110329891,0.2749483576407365,2024-05-20 00:07:33.292092,2024-05-20 00:07:35.045520,0 days 00:00:01.753428,0.006123768600031562,0.01306412329681166,11.039571640071943,0.07607196691757619,"{'AUC_ROCs': [0.9719630926517846, 0.9721470027969125, 0.9617862376502704], 'S_relative_errors': [0.28124481128410267, 0.26328783431351427, 0.2803124273245925], 'X_relative_errors': [0.9999989483178745, 0.9999986961330531, 0.9999991233894532], 'Sparsity': [0.9727346938775511, 0.9711428571428572, 0.9737142857142858], 'converged': [0, 0, 0], 'iterations': [150, 150, 150], 'primal_residual': [0.020717358176802956, 0.021377298671255162, 0.02020739504475626], 'dual_residual': [0.020717358176802956, 0.021377298671255162, 0.02020739504475626], 'times': [1.5191307864151895, 1.5010201672557741, 1.5205970753449947]}",2,COMPLETE
119,119,0.835953054627236,0.18755628225866294,2024-05-20 00:07:35.098270,2024-05-20 00:07:36.796218,0 days 00:00:01.697948,0.0027782534960842345,3.843134456610364,19.067582390457577,0.00011329785160446903,"{'AUC_ROCs': [0.837961516282443, 0.8396871319616408, 0.8302105156376242], 'S_relative_errors': [0.19132132477508362, 0.1851440442023363, 0.1862034777985689], 'X_relative_errors': [0.7886801000267295, 0.7915705554488236, 0.7918159053768729], 'Sparsity': [0.045657142857142854, 0.04570612244897959, 0.04620408163265306], 'converged': [0, 0, 0], 'iterations': [150, 150, 150], 'primal_residual': [10.541512848890202, 10.142961182755982, 10.512520195433453], 'dual_residual': [10.541512848890202, 10.142961182755982, 10.512520195433453], 'times': [1.4239037199877203, 1.4262086721137166, 1.4689240453299135]}",2,COMPLETE
