,number,values_0,values_1,datetime_start,datetime_complete,duration,params_lda1,params_ldag,params_psi_1,params_psi_2,params_psi_3,user_attrs_metrics,system_attrs_nsga2:generation,state
27,27,0.9265426890390548,1.0000000944906997,2024-05-19 23:51:09.344449,2024-05-19 23:51:10.852933,0 days 00:00:01.508484,0.17228027794663608,0.7518135620681896,0.5269688715769845,0.043858991380708284,0.0013092232754947596,"{'AUC_ROCs': [0.9322523153994323, 0.920538986431526, 0.9268367652862062], 'S_relative_errors': [1.0000003144661154, 0.9999998615714153, 1.0000001074345681], 'X_relative_errors': [3.5152769397599646, 3.7553532837730943, 3.527883968911245], 'Sparsity': [1.0, 1.0, 1.0], 'converged': [1, 1, 1], 'iterations': [60, 85, 56], 'primal_residual': [array(0.00093078), array(0.00050616), array(0.00063337)], 'dual_residual': [array(3.89931502e-05), array(1.78483873e-05), array(1.88444424e-05)], 'times': [1.1149860941804945, 1.3003115577157587, 0.8683556711766869]}",0,COMPLETE
28,28,0.8799886685608338,0.9999999999989916,2024-05-19 23:51:10.871843,2024-05-19 23:51:13.444345,0 days 00:00:02.572502,10.540490900819247,0.3607954790723725,4.243508677945457,0.1051875944319465,0.026956116074813474,"{'AUC_ROCs': [0.8853228472408649, 0.8802640177097765, 0.8743791407318602], 'S_relative_errors': [0.9999999999989384, 0.9999999999991368, 0.9999999999988998], 'X_relative_errors': [3.2872635899549243, 3.5121771726730806, 3.3032095771266143], 'Sparsity': [1.0, 1.0, 1.0], 'converged': [0, 0, 0], 'iterations': [150, 150, 150], 'primal_residual': [array(0.00168776), array(0.00155173), array(0.00176193)], 'dual_residual': [array(5.35916991e-05), array(4.94232917e-05), array(5.5976508e-05)], 'times': [2.317106142640114, 2.2961023626849055, 2.27287825034]}",0,COMPLETE
29,29,0.9337131795114546,0.8257628776101535,2024-05-19 23:51:13.464301,2024-05-19 23:51:15.922665,0 days 00:00:02.458364,1.8362157081769823,40.126849900660055,55.68574063153925,0.008869734269655805,77.30515327668967,"{'AUC_ROCs': [0.9355322996849146, 0.934485019015962, 0.9311222198334872], 'S_relative_errors': [0.8263106516210906, 0.8281377258959732, 0.8228402553133969], 'X_relative_errors': [0.9999640190165888, 0.99994517168988, 0.999960599734596], 'Sparsity': [1.0, 1.0, 1.0], 'converged': [0, 0, 0], 'iterations': [150, 150, 150], 'primal_residual': [array(0.08921246), array(0.09266551), array(0.07324237)], 'dual_residual': [array(0.0005676), array(0.00063075), array(0.00053665)], 'times': [2.1453166564460844, 2.193717981921509, 2.1606247550807893]}",0,COMPLETE
30,30,0.8447599032485442,1.0000000000059397,2024-05-19 23:51:15.940502,2024-05-19 23:51:17.800219,0 days 00:00:01.859717,6.196007020980614,0.012605805186670618,0.5676707639179803,0.0018055115535410757,0.025931636544699797,"{'AUC_ROCs': [0.8431892502810071, 0.8743636942317101, 0.8167267652329153], 'S_relative_errors': [0.9999999999999625, 1.0000000000178981, 0.9999999999999588], 'X_relative_errors': [3.5148371185330936, 3.7548870801670353, 3.527478349013562], 'Sparsity': [1.0, 1.0, 1.0], 'converged': [1, 1, 1], 'iterations': [75, 46, 89], 'primal_residual': [array(7.6074488e-05), array(0.00025245), array(0.00096929)], 'dual_residual': [array(2.81860195e-06), array(8.25269355e-06), array(2.80062306e-05)], 'times': [1.1491014554630965, 0.7088248608633876, 1.5646839865949005]}",0,COMPLETE
31,31,0.974449370267951,0.22902923516435855,2024-05-19 23:51:17.820078,2024-05-19 23:51:20.232396,0 days 00:00:02.412318,0.0036000203131678846,0.04844661332949806,18.95042252531349,91.07467279543494,10.773956801855695,"{'AUC_ROCs': [0.976018515390178, 0.9797758156683447, 0.9675537797453301], 'S_relative_errors': [0.23483832956789188, 0.21808530233258405, 0.2341640735925997], 'X_relative_errors': [1.0000347597225336, 1.0000327877823472, 1.0000355657241353], 'Sparsity': [1.0, 1.0, 1.0], 'converged': [0, 0, 0], 'iterations': [150, 150, 150], 'primal_residual': [array(0.00990341), array(0.01025471), array(0.00947434)], 'dual_residual': [array(0.00123456), array(0.00129077), array(0.00120559)], 'times': [2.1358096809126437, 2.1283081406727433, 2.1558831087313592]}",0,COMPLETE
32,32,0.9699641739693723,0.2597414760269497,2024-05-19 23:51:20.250611,2024-05-19 23:51:22.693059,0 days 00:00:02.442448,0.010897186660607211,0.013066476835050817,3.971864635289244,94.41138275150985,0.0041282894370728495,"{'AUC_ROCs': [0.9729534852521141, 0.972393717267334, 0.9645453193886685], 'S_relative_errors': [0.2657945239985802, 0.2486394804442507, 0.2647904236380182], 'X_relative_errors': [0.9998789988852588, 0.9997908952410711, 0.9997670806804789], 'Sparsity': [1.0, 1.0, 1.0], 'converged': [0, 0, 0], 'iterations': [150, 150, 150], 'primal_residual': [array(0.00511724), array(0.00529675), array(0.00542996)], 'dual_residual': [array(0.00372963), array(0.00380526), array(0.00378085)], 'times': [2.1462051027920097, 2.1870619747787714, 2.1812558355741203]}",0,COMPLETE
33,33,0.9180691190116702,0.8963668850647947,2024-05-19 23:51:22.713695,2024-05-19 23:51:25.328023,0 days 00:00:02.614328,0.00814363915755505,4.414855852970624,0.2976423583371105,0.004894856174337482,0.013483281460844314,"{'AUC_ROCs': [0.9228197839444077, 0.9178770487433132, 0.9135105243472896], 'S_relative_errors': [0.8956658670205799, 0.8976519587707679, 0.8957828294030362], 'X_relative_errors': [3.1631466045754033, 3.3864846402686863, 3.174495718759187], 'Sparsity': [1.0, 1.0, 1.0], 'converged': [0, 0, 0], 'iterations': [150, 150, 150], 'primal_residual': [array(0.00158403), array(0.00133087), array(0.00144305)], 'dual_residual': [array(0.01062451), array(0.01061259), array(0.0108308)], 'times': [2.3924684110097587, 2.280973967630416, 2.314370601437986]}",0,COMPLETE
34,34,0.9328525492811949,0.8058414616353534,2024-05-19 23:51:25.353433,2024-05-19 23:51:27.977270,0 days 00:00:02.623837,0.0002860269073273437,22.737872895138363,0.514296995530789,0.02631531789260704,9.070505645964161,"{'AUC_ROCs': [0.9328248919440064, 0.9402863283857107, 0.9254464275138675], 'S_relative_errors': [0.8062144770138316, 0.80681295028743, 0.8044969576047987], 'X_relative_errors': [1.7883780355704892, 1.9294147766241263, 1.8094041559048815], 'Sparsity': [1.0, 1.0, 1.0], 'converged': [0, 0, 0], 'iterations': [150, 150, 150], 'primal_residual': [array(0.01271632), array(0.01125346), array(0.0105238)], 'dual_residual': [array(0.00055001), array(0.0004671), array(0.00054058)], 'times': [2.2552607546094805, 2.2902003170456737, 2.3776747167576104]}",0,COMPLETE
35,35,0.9696449395216554,0.2619439235500877,2024-05-19 23:51:27.995360,2024-05-19 23:51:30.463396,0 days 00:00:02.468036,0.06463724101729944,0.0007088017465083238,0.039171433121987786,0.6476182436473066,82.95520305526342,"{'AUC_ROCs': [0.9743861947592546, 0.9707854751285463, 0.9637631486771655], 'S_relative_errors': [0.2680678510289583, 0.25048615782858724, 0.26727776179271767], 'X_relative_errors': [1.0002064785728921, 1.00016760824123, 1.0001854636004994], 'Sparsity': [1.0, 1.0, 1.0], 'converged': [0, 0, 0], 'iterations': [150, 150, 150], 'primal_residual': [array(0.00255669), array(0.002619), array(0.00259602)], 'dual_residual': [array(0.00143684), array(0.00150062), array(0.00150135)], 'times': [2.1486411697696894, 2.157448573037982, 2.2077186761889607]}",0,COMPLETE
36,36,0.952923986161983,0.2902346955311033,2024-05-19 23:51:30.487135,2024-05-19 23:51:33.012622,0 days 00:00:02.525487,2.3633741727107758,0.29491225131225257,0.005109955144892216,30.16859792038403,2.032376764633881,"{'AUC_ROCs': [0.9567277440885238, 0.9592077724772409, 0.9428364419201845], 'S_relative_errors': [0.29502301375005296, 0.2900937744623197, 0.2855872983809372], 'X_relative_errors': [0.99421609989201, 0.9938041250577002, 0.994276865357599], 'Sparsity': [1.0, 1.0, 1.0], 'converged': [0, 0, 0], 'iterations': [150, 150, 150], 'primal_residual': [array(0.05299509), array(0.05359707), array(0.05025934)], 'dual_residual': [array(0.00457105), array(0.00350889), array(0.00354058)], 'times': [2.2266991017386317, 2.2473326397594064, 2.254582069814205]}",0,COMPLETE
37,37,0.9737322680320389,0.2251702673321053,2024-05-19 23:51:33.025433,2024-05-19 23:51:35.473318,0 days 00:00:02.447885,0.00750658409239083,0.05086555838851583,0.6123468854243256,0.01766033331469158,7.239889647136892,"{'AUC_ROCs': [0.9755644035074059, 0.9801217489141899, 0.9655106516745212], 'S_relative_errors': [0.23232472117676117, 0.21201715602350266, 0.23116892479605203], 'X_relative_errors': [0.999962179305711, 0.999589707356042, 0.999936287466671], 'Sparsity': [1.0, 1.0, 1.0], 'converged': [0, 0, 0], 'iterations': [150, 150, 150], 'primal_residual': [array(0.01423303), array(0.01460193), array(0.01480853)], 'dual_residual': [array(0.00238609), array(0.00237578), array(0.00232534)], 'times': [2.1804204063955694, 2.194196127122268, 2.210767036769539]}",0,COMPLETE
38,38,0.8172638010143006,0.9519800159007342,2024-05-19 23:51:35.482912,2024-05-19 23:51:38.007841,0 days 00:00:02.524929,12.997361026086304,4.0708926299548645e-05,0.017366970616474284,3.1288844038333163,36.3137330040499,"{'AUC_ROCs': [0.8128233553909364, 0.8227332625543315, 0.8162347850976338], 'S_relative_errors': [0.9529525506977131, 0.950549857335564, 0.9524376396689255], 'X_relative_errors': [0.9850595704906835, 0.974121048798447, 0.981628990397321], 'Sparsity': [1.0, 1.0, 1.0], 'converged': [0, 0, 0], 'iterations': [150, 150, 150], 'primal_residual': [array(0.03813241), array(0.05801629), array(0.05526284)], 'dual_residual': [array(0.0139259), array(0.00829718), array(0.03737311)], 'times': [2.2384231404867023, 2.293611364904791, 2.2621780822519213]}",0,COMPLETE
39,39,0.9892593846541556,0.07869737679645249,2024-05-19 23:51:38.018398,2024-05-19 23:51:40.586004,0 days 00:00:02.567606,0.5878145919559842,0.003196224944281829,0.028467932947588547,5.945016088007474,0.016925511554860422,"{'AUC_ROCs': [0.9899355508499653, 0.9920356556619895, 0.985806947450512], 'S_relative_errors': [0.08090366248371691, 0.07730587768712452, 0.07788259021851604], 'X_relative_errors': [0.33643516550806285, 0.34298168116376093, 0.3324682164173126], 'Sparsity': [1.0, 1.0, 1.0], 'converged': [0, 0, 0], 'iterations': [150, 150, 150], 'primal_residual': [array(0.04523442), array(0.04919996), array(0.04602987)], 'dual_residual': [array(0.0280144), array(0.02967618), array(0.0287271)], 'times': [2.2704365889076144, 2.2755153065081686, 2.339794716099277]}",0,COMPLETE
40,40,0.9707620736522995,0.26452736370946034,2024-05-19 23:51:40.608612,2024-05-19 23:51:43.077327,0 days 00:00:02.468715,0.04500603081104302,0.0017110098809597434,4.891476758767253,0.007429496180166605,0.3949718211883446,"{'AUC_ROCs': [0.9716302885402315, 0.9751224254668917, 0.9655335069497751], 'S_relative_errors': [0.27055631580622314, 0.25305570418156886, 0.26997007114058896], 'X_relative_errors': [0.9995812229828313, 0.9996280414226013, 0.999600642345385], 'Sparsity': [1.0, 1.0, 1.0], 'converged': [0, 0, 0], 'iterations': [150, 150, 150], 'primal_residual': [array(0.00215953), array(0.00195101), array(0.00214528)], 'dual_residual': [array(0.00067883), array(0.00072931), array(0.00067048)], 'times': [2.2183658012654632, 2.170121722621843, 2.1820323553401977]}",0,COMPLETE
41,41,0.9804250460820615,0.1783580339611822,2024-05-19 23:51:43.088871,2024-05-19 23:51:45.556093,0 days 00:00:02.467222,0.0007882995249654929,0.13127958438874465,0.02722662190658979,17.64119325687588,9.287478091043642,"{'AUC_ROCs': [0.983325024192122, 0.9829062896606475, 0.9750438243934145], 'S_relative_errors': [0.18184027963218677, 0.17090293977814378, 0.18233088247321605], 'X_relative_errors': [0.9995712321518788, 0.9996016597610586, 0.9996848539713246], 'Sparsity': [1.0, 1.0, 1.0], 'converged': [0, 0, 0], 'iterations': [150, 150, 150], 'primal_residual': [array(0.05574908), array(0.0574608), array(0.05462797)], 'dual_residual': [array(0.00454532), array(0.00438675), array(0.0042757)], 'times': [2.20317587768659, 2.233051202259958, 2.217452226905152]}",0,COMPLETE
42,42,0.9687689609788105,0.27032948464096973,2024-05-19 23:51:45.566908,2024-05-19 23:51:47.968189,0 days 00:00:02.401281,0.0002454062284553895,0.004324434296341699,0.0019312300752074734,0.7391911094156274,2.8264861352712085,"{'AUC_ROCs': [0.971212331284494, 0.9740456036004763, 0.9610489480514611], 'S_relative_errors': [0.2767840329114294, 0.25870909654531293, 0.27549532446616687], 'X_relative_errors': [0.9995052686516848, 0.9995569127547322, 0.9995714155709479], 'Sparsity': [1.0, 1.0, 1.0], 'converged': [0, 0, 0], 'iterations': [150, 150, 150], 'primal_residual': [array(0.01277299), array(0.0127377), array(0.01277412)], 'dual_residual': [array(0.00218129), array(0.00212461), array(0.00220673)], 'times': [2.166636697249487, 2.1864897571504116, 2.1844471415970474]}",0,COMPLETE
43,43,0.9683379885647919,0.2695623771544558,2024-05-19 23:51:47.977644,2024-05-19 23:51:50.373207,0 days 00:00:02.395563,0.025604128818247033,0.0004368712618481719,0.4324734767089215,0.011565013449816608,1.15873774082997,"{'AUC_ROCs': [0.9720472276697812, 0.9712180379908539, 0.9617487000337409], 'S_relative_errors': [0.2757261297880412, 0.25805239060733487, 0.27490861106799136], 'X_relative_errors': [1.0000345157148838, 1.000049787804783, 1.000071097569068], 'Sparsity': [1.0, 1.0, 1.0], 'converged': [0, 0, 0], 'iterations': [150, 150, 150], 'primal_residual': [array(0.00124232), array(0.00121465), array(0.00108276)], 'dual_residual': [array(0.00035397), array(0.00037823), array(0.0003988)], 'times': [2.160163576481864, 2.170548503054306, 2.199174002278596]}",0,COMPLETE
44,44,0.8821212123890585,0.9999999999984982,2024-05-19 23:51:50.393712,2024-05-19 23:51:52.922326,0 days 00:00:02.528614,3.0248547724335295,0.011182343194065806,3.891690017941666,0.022827180296468706,0.02478137703329022,"{'AUC_ROCs': [0.8831057229962275, 0.8896516895883593, 0.8736062245825887], 'S_relative_errors': [0.9999999999983169, 0.9999999999985372, 0.9999999999986405], 'X_relative_errors': [3.3162304778357856, 3.542597482472908, 3.331740681901981], 'Sparsity': [1.0, 1.0, 1.0], 'converged': [0, 0, 0], 'iterations': [150, 150, 150], 'primal_residual': [array(0.00184295), array(0.001763), array(0.00169921)], 'dual_residual': [array(5.22034289e-05), array(4.98961816e-05), array(4.81655552e-05)], 'times': [2.256013045553118, 2.286023556254804, 2.3001318420283496]}",0,COMPLETE
45,45,0.961741115884211,0.2722148254182506,2024-05-19 23:51:52.933001,2024-05-19 23:51:55.364132,0 days 00:00:02.431131,1.9491424460661795,0.44454281882677327,5.624524477227976,0.2335314982923909,35.99301653142203,"{'AUC_ROCs': [0.9639640457113221, 0.9647243973645291, 0.9565349045767815], 'S_relative_errors': [0.2770903900645126, 0.27212941138798863, 0.26742467480225063], 'X_relative_errors': [0.994568091421728, 0.9947747875158749, 0.9945074486422547], 'Sparsity': [1.0, 1.0, 1.0], 'converged': [0, 0, 0], 'iterations': [150, 150, 150], 'primal_residual': [array(0.08084931), array(0.07932741), array(0.07689467)], 'dual_residual': [array(0.00678075), array(0.00518493), array(0.00624019)], 'times': [2.202147610951215, 2.1979286514688283, 2.226968290284276]}",0,COMPLETE
46,46,0.9787171960471394,0.9999997658341302,2024-05-19 23:51:55.393729,2024-05-19 23:51:56.144498,0 days 00:00:00.750769,3.068182893110406,0.034725706165324895,0.0028098264189243822,0.40410399021897125,0.010306173133786015,"{'AUC_ROCs': [0.9809041696061743, 0.9822436969609459, 0.9730037215742979], 'S_relative_errors': [0.9999997593465206, 0.9999997692024098, 0.99999976895346], 'X_relative_errors': [3.504730894106502, 3.7449760925243476, 3.5175593021157328], 'Sparsity': [1.0, 1.0, 1.0], 'converged': [1, 1, 1], 'iterations': [31, 31, 31], 'primal_residual': [array(0.00045284), array(0.00044509), array(0.00044758)], 'dual_residual': [array(1.51124271e-05), array(1.47615695e-05), array(1.48451927e-05)], 'times': [0.47133604576811194, 0.47861899877898395, 0.4826925238594413]}",0,COMPLETE
47,47,0.9124523399103232,1.0000000926858006,2024-05-19 23:51:56.173911,2024-05-19 23:51:57.249962,0 days 00:00:01.076051,0.23434546546292967,0.6550799458447303,0.001002797313479036,0.03171866119857953,0.173290664388383,"{'AUC_ROCs': [0.9032464969579619, 0.936333928351777, 0.8977765944212309], 'S_relative_errors': [1.0000000517919871, 1.0000002505024426, 0.9999999757629727], 'X_relative_errors': [3.530438298428159, 3.771803154033205, 3.542756652239246], 'Sparsity': [1.0, 1.0, 1.0], 'converged': [1, 1, 1], 'iterations': [47, 54, 46], 'primal_residual': [array(0.00042189), array(0.00058724), array(0.0003738)], 'dual_residual': [array(2.15092101e-05), array(1.85553928e-05), array(1.82236349e-05)], 'times': [0.7193988817743957, 0.830024010501802, 0.7163541270419955]}",0,COMPLETE
48,48,0.9681593505202478,0.2743204611512475,2024-05-19 23:51:57.277114,2024-05-19 23:51:59.726218,0 days 00:00:02.449104,0.0027739871822101956,7.205378249056142e-05,0.0980790577390899,1.1448457587148517,0.13226824245768587,"{'AUC_ROCs': [0.96949589049873, 0.9732460726173218, 0.9617360884446916], 'S_relative_errors': [0.28060204267126004, 0.26267448734936233, 0.27968485343312], 'X_relative_errors': [0.9999565561026406, 0.9999671029025681, 0.9999643721638397], 'Sparsity': [1.0, 1.0, 1.0], 'converged': [1, 1, 0], 'iterations': [149, 150, 150], 'primal_residual': [array(0.00094452), array(0.00099682), array(0.00101647)], 'dual_residual': [array(0.00030693), array(0.00027299), array(0.00027603)], 'times': [2.1330888187512755, 2.16576258209534, 2.185607823776081]}",0,COMPLETE
49,49,0.5750855747452874,1.0000000065408405,2024-05-19 23:51:59.740792,2024-05-19 23:52:00.512640,0 days 00:00:00.771848,10.065442500982286,0.010197147044900339,0.0405850375593813,1.3240726451889075,2.4065733922682573,"{'AUC_ROCs': [0.58868107882358, 0.5394424330358224, 0.5971332123764599], 'S_relative_errors': [1.000000010007769, 0.9999999982240281, 1.0000000113907246], 'X_relative_errors': [3.1005550821167707, 3.3227051783897115, 3.1212322300769837], 'Sparsity': [1.0, 1.0, 1.0], 'converged': [1, 1, 1], 'iterations': [33, 37, 33], 'primal_residual': [array(0.00091726), array(0.00088053), array(0.00070026)], 'dual_residual': [array(2.42165885e-05), array(2.33227835e-05), array(1.86630045e-05)], 'times': [0.4981780170928687, 0.5944472204428166, 0.5094954688102007]}",0,COMPLETE
50,50,0.8499019370671458,0.9088634573693836,2024-05-19 23:52:00.539353,2024-05-19 23:52:03.107424,0 days 00:00:02.568071,3.068182893110406,4.739467398255703,0.0028098264189243822,2.585852036810682,13.192033423312003,"{'AUC_ROCs': [0.8528601602173479, 0.8396452743405642, 0.8572003766435256], 'S_relative_errors': [0.9038515842416075, 0.9152786141697395, 0.9074601736968038], 'X_relative_errors': [1.4726328531560724, 1.632984805903665, 1.5330265933190446], 'Sparsity': [1.0, 1.0, 1.0], 'converged': [0, 0, 0], 'iterations': [150, 150, 150], 'primal_residual': [array(0.3619587), array(0.32275683), array(0.34528277)], 'dual_residual': [array(0.02825795), array(0.01862374), array(0.02489869)], 'times': [2.2471138508990407, 2.2858713446184993, 2.2661018432118]}",1,COMPLETE
51,51,0.9626532611043118,0.9999999275223243,2024-05-19 23:52:03.139868,2024-05-19 23:52:03.916024,0 days 00:00:00.776156,2.2441161730693806,12.961191571579434,0.0019312300752074734,0.004524934689430716,0.15074545324810606,"{'AUC_ROCs': [0.9627751482306797, 0.9677250814984415, 0.9574595535838142], 'S_relative_errors': [0.999999926441673, 0.9999999283417073, 0.9999999277835923], 'X_relative_errors': [3.5364715863622456, 3.7780806773489752, 3.54866766132085], 'Sparsity': [1.0, 1.0, 1.0], 'converged': [1, 1, 1], 'iterations': [31, 31, 31], 'primal_residual': [array(0.00016339), array(0.00016399), array(0.000165)], 'dual_residual': [array(1.96620958e-06), array(1.98034004e-06), array(1.97925449e-06)], 'times': [0.47397350100800395, 0.46884449082426727, 0.48665907443501055]}",1,COMPLETE
52,52,0.988902676672058,0.10961099726554656,2024-05-19 23:52:03.943571,2024-05-19 23:52:06.502986,0 days 00:00:02.559415,0.0007882995249654929,0.13127958438874465,0.02722662190658979,0.0027864600262566203,9.287478091043642,"{'AUC_ROCs': [0.9889658923522929, 0.9920179562212285, 0.9857241814426527], 'S_relative_errors': [0.1129590070797663, 0.10597119386426837, 0.10990279085260497], 'X_relative_errors': [0.6584143953260816, 0.6736049146063112, 0.6545836476303952], 'Sparsity': [1.0, 1.0, 1.0], 'converged': [0, 0, 0], 'iterations': [150, 150, 150], 'primal_residual': [array(0.27373327), array(0.28335552), array(0.28091631)], 'dual_residual': [array(0.03773941), array(0.03954957), array(0.03970863)], 'times': [2.254873216385022, 2.2897792339790612, 2.285805432125926]}",1,COMPLETE
53,53,0.9351823322269409,0.8047036832334841,2024-05-19 23:52:06.517159,2024-05-19 23:52:09.042908,0 days 00:00:02.525749,0.0002860269073273437,22.737872895138363,0.6123468854243256,0.02631531789260704,7.239889647136892,"{'AUC_ROCs': [0.9387451571803378, 0.9351881645839402, 0.9316136749165451], 'S_relative_errors': [0.8039933875651111, 0.807065224916943, 0.8030524372183984], 'X_relative_errors': [1.9670951566852164, 2.131986485187472, 1.988505939575153], 'Sparsity': [1.0, 1.0, 1.0], 'converged': [0, 0, 0], 'iterations': [150, 150, 150], 'primal_residual': [array(0.00279896), array(0.00649775), array(0.00266991)], 'dual_residual': [array(0.00045152), array(0.0004996), array(0.00042178)], 'times': [2.286676394054666, 2.2619232144206762, 2.3088066205382347]}",1,COMPLETE
