,number,values_0,values_1,datetime_start,datetime_complete,duration,params_lda1,params_ldag,params_psi_1,params_psi_2,params_psi_3,user_attrs_metrics,system_attrs_nsga2:generation,state
54,54,0.9325748440402432,0.8047202623728346,2024-05-19 23:45:48.160282,2024-05-19 23:45:50.632905,0 days 00:00:02.472623,0.08440939427317508,39.603424336803506,0.24571575850440364,72.68329627166077,3.720429543404068,"{'AUC_ROCs': [0.9350606099968329, 0.9391460522546504, 0.923517869869246], 'S_relative_errors': [0.8041756249702559, 0.8066468746575977, 0.8033382874906501], 'X_relative_errors': [0.9966224495128677, 0.9965619297417915, 0.9966042848672626], 'Sparsity': [1.0, 1.0, 1.0], 'converged': [0, 0, 0], 'iterations': [150, 150, 150], 'primal_residual': [array(0.15091382), array(0.15461554), array(0.15463215)], 'dual_residual': [array(0.0012586), array(0.00128067), array(0.00128694)], 'times': [2.1770948907360435, 2.2170107027050108, 2.2039326638914645]}",1,COMPLETE
55,55,0.9349886413861116,0.8049384239957277,2024-05-19 23:45:50.645140,2024-05-19 23:45:53.238036,0 days 00:00:02.592896,0.0009751337794929689,5.362867988864968,7.13334926778548,5.100084600886931,0.10089080611985063,"{'AUC_ROCs': [0.935106953317324, 0.9418253045668259, 0.9280336662741853], 'S_relative_errors': [0.8045820399152701, 0.8065669817189751, 0.8036662503529376], 'X_relative_errors': [1.8644110646021783, 2.008965154121897, 1.8862050895125313], 'Sparsity': [1.0, 1.0, 1.0], 'converged': [0, 0, 0], 'iterations': [150, 150, 150], 'primal_residual': [array(0.02302548), array(0.02304047), array(0.0239431)], 'dual_residual': [array(0.00046794), array(0.00046921), array(0.00047622)], 'times': [2.216681603807956, 2.3495401807595044, 2.2620037836022675]}",1,COMPLETE
56,56,0.968893601501806,0.2741521620157717,2024-05-19 23:45:53.273815,2024-05-19 23:45:55.710045,0 days 00:00:02.436230,0.0038341470363366273,5.437997416216428e-05,8.181254205629385,9.458213343353963,0.6201065823341547,"{'AUC_ROCs': [0.9711097574597926, 0.9740905195024215, 0.961480527543204], 'S_relative_errors': [0.2804372057861013, 0.2625072816786252, 0.27951199858258857], 'X_relative_errors': [1.0001473271217625, 1.0001405893036466, 1.000144649697051], 'Sparsity': [1.0, 1.0, 1.0], 'converged': [0, 0, 0], 'iterations': [150, 150, 150], 'primal_residual': [array(0.00198908), array(0.00202124), array(0.00202743)], 'dual_residual': [array(0.00032836), array(0.00032574), array(0.00033161)], 'times': [2.1739679167512804, 2.161938662873581, 2.1169689032249153]}",1,COMPLETE
57,57,0.9791246094642307,0.1939188159018553,2024-05-19 23:45:55.739335,2024-05-19 23:46:01.687936,0 days 00:00:05.948601,0.007540361702591968,0.06373693137210862,4.509500192018141,0.0246750200674626,20.784788728943486,"{'AUC_ROCs': [0.9819734791950806, 0.9821882780121556, 0.9732120711854562], 'S_relative_errors': [0.1965884290088703, 0.18765749293187897, 0.1975105257648167], 'X_relative_errors': [0.9992358071783576, 0.99893127473263, 0.999213415427456], 'Sparsity': [1.0, 1.0, 1.0], 'converged': [0, 0, 0], 'iterations': [150, 150, 150], 'primal_residual': [array(0.04181537), array(0.0440477), array(0.04444918)], 'dual_residual': [array(0.00296354), array(0.00333382), array(0.00358812)], 'times': [2.254057463258505, 2.152929444098845, 2.2012028647586703]}",1,COMPLETE
58,58,0.9697066351135138,0.2657790935638864,2024-05-19 23:46:01.707500,2024-05-19 23:46:04.210353,0 days 00:00:02.502853,0.001436012554418176,0.006729870851256829,0.007010120467560018,0.002511129514434482,8.457599004678098,"{'AUC_ROCs': [0.9718742173486699, 0.9745074391887978, 0.9627382488030742], 'S_relative_errors': [0.2718629727466779, 0.25455949228985625, 0.2709148156551251], 'X_relative_errors': [1.0070569541374543, 1.0064248740354866, 1.008639498632518], 'Sparsity': [1.0, 1.0, 1.0], 'converged': [0, 0, 0], 'iterations': [150, 150, 150], 'primal_residual': [array(0.05975036), array(0.05977489), array(0.06216366)], 'dual_residual': [array(0.09642987), array(0.09814403), array(0.09887172)], 'times': [2.2940162539016455, 2.2643938006367534, 2.275111572816968]}",1,COMPLETE
59,59,0.9692108244267734,0.26657385780328546,2024-05-19 23:46:04.236562,2024-05-19 23:46:06.797744,0 days 00:00:02.561182,0.0012981141724774023,6.909629278387628e-05,0.0430713440270282,0.17193611603650244,0.04369031581201598,"{'AUC_ROCs': [0.970232818514376, 0.9731028855912923, 0.9642967691746519], 'S_relative_errors': [0.2713291288689187, 0.25469520263223366, 0.27369724190870404], 'X_relative_errors': [0.9662030036853877, 0.9688049293606826, 0.9777530054437179], 'Sparsity': [1.0, 1.0, 1.0], 'converged': [0, 0, 0], 'iterations': [150, 150, 150], 'primal_residual': [array(0.06311757), array(0.06826521), array(0.06558164)], 'dual_residual': [array(0.03275725), array(0.03340295), array(0.03308043)], 'times': [2.2632510082330555, 2.298921870533377, 2.310287830187008]}",1,COMPLETE
60,60,0.9696352145488051,0.2600943963460489,2024-05-19 23:46:06.829593,2024-05-19 23:46:09.327748,0 days 00:00:02.498155,0.1174023118567529,1.564221501224765e-05,0.00584457736556141,0.0028826140477484132,9.128523366666995,"{'AUC_ROCs': [0.972161723868924, 0.9718341200907439, 0.9649097996867472], 'S_relative_errors': [0.2656518776873107, 0.24903752223210956, 0.2655937891187266], 'X_relative_errors': [1.0315397629244227, 1.0350036599348749, 1.0317160784320476], 'Sparsity': [1.0, 1.0, 1.0], 'converged': [0, 0, 0], 'iterations': [150, 150, 150], 'primal_residual': [array(0.36049245), array(0.36871628), array(0.37028115)], 'dual_residual': [array(0.05999095), array(0.06074041), array(0.06180816)], 'times': [2.2129787881858647, 2.236509029753506, 2.2438501317519695]}",1,COMPLETE
61,61,0.9750810543079256,0.2279766049253296,2024-05-19 23:46:09.364678,2024-05-19 23:46:11.902222,0 days 00:00:02.537544,0.0001717604722323515,0.004751580940230037,0.7215851250477335,0.0010956030749481975,0.14591010007357375,"{'AUC_ROCs': [0.9761483185167202, 0.9795854528744098, 0.9695093915326466], 'S_relative_errors': [0.24593494517918188, 0.2147934601324707, 0.22320140946433617], 'X_relative_errors': [0.8981659527970216, 0.8418768037894881, 0.8199917394160139], 'Sparsity': [1.0, 1.0, 1.0], 'converged': [0, 0, 0], 'iterations': [150, 150, 150], 'primal_residual': [array(0.02721981), array(0.02582371), array(0.0245165)], 'dual_residual': [array(0.00868391), array(0.00953348), array(0.01083889)], 'times': [2.244192257290706, 2.2786015616729856, 2.264048832701519]}",1,COMPLETE
62,62,0.9681020540992037,0.27243003564264884,2024-05-19 23:46:11.931325,2024-05-19 23:46:14.429676,0 days 00:00:02.498351,0.007535966582934188,0.0006512938138762518,3.76728493696022,0.043920306570861385,0.48991124792838053,"{'AUC_ROCs': [0.9704843986632061, 0.972507515376128, 0.9613142482582767], 'S_relative_errors': [0.2786858238090424, 0.26078642737475743, 0.2778178557441468], 'X_relative_errors': [1.0002072111998224, 1.0001834517642272, 1.000205594648833], 'Sparsity': [1.0, 1.0, 1.0], 'converged': [0, 0, 0], 'iterations': [150, 150, 150], 'primal_residual': [array(0.00110379), array(0.00102895), array(0.00112723)], 'dual_residual': [array(0.0003514), array(0.00038141), array(0.00037282)], 'times': [2.266226652543992, 2.1805563396774232, 2.236801023129374]}",1,COMPLETE
63,63,0.9688613692776483,0.273399809251847,2024-05-19 23:46:14.460990,2024-05-19 23:46:16.928430,0 days 00:00:02.467440,0.0003140706037004742,1.515164412033308e-05,0.01865569380352073,0.011158607558692735,20.784788728943486,"{'AUC_ROCs': [0.9697789794766826, 0.9726134647146063, 0.9641916636416561], 'S_relative_errors': [0.2796895850336084, 0.2618887499315814, 0.278621092790351], 'X_relative_errors': [0.9948191852265826, 0.9950400868365286, 0.9943113917443943], 'Sparsity': [1.0, 1.0, 1.0], 'converged': [0, 0, 0], 'iterations': [150, 150, 150], 'primal_residual': [array(0.1424899), array(0.14703248), array(0.14909203)], 'dual_residual': [array(0.01481529), array(0.01520523), array(0.01517391)], 'times': [2.2217519525438547, 2.1955923594068736, 2.2405336597003043]}",1,COMPLETE
64,64,0.9351328298934378,0.7783557537667937,2024-05-19 23:46:16.958026,2024-05-19 23:46:19.493838,0 days 00:00:02.535812,0.9132222478524383,6.228061925636849,4.74403350746081,1.1064945287913528,33.82549094455865,"{'AUC_ROCs': [0.9378199273101641, 0.9420161928861944, 0.9255623694839548], 'S_relative_errors': [0.7790668041823643, 0.7806577691846908, 0.775342687933326], 'X_relative_errors': [0.9969254160582549, 0.9974989197076177, 0.9962630200276695], 'Sparsity': [1.0, 1.0, 1.0], 'converged': [0, 0, 0], 'iterations': [150, 150, 150], 'primal_residual': [array(0.27549401), array(0.16958603), array(0.19269854)], 'dual_residual': [array(0.05625217), array(0.04109386), array(0.05255157)], 'times': [2.177997566293925, 2.226431920658797, 2.2814330481924117]}",1,COMPLETE
65,65,0.9912024653601389,0.10425580587321455,2024-05-19 23:46:19.519572,2024-05-19 23:46:22.145653,0 days 00:00:02.626081,0.020029821515764535,0.0006233275532559136,0.0029243917933947997,0.0031030811413385925,0.40225715309284976,"{'AUC_ROCs': [0.9916075794638678, 0.9928956817645499, 0.9891041348519989], 'S_relative_errors': [0.10025052125207509, 0.10298481863117022, 0.10953207773639831], 'X_relative_errors': [0.36900057613498505, 0.4042262936534981, 0.4020982384088897], 'Sparsity': [1.0, 1.0, 1.0], 'converged': [0, 0, 0], 'iterations': [150, 150, 150], 'primal_residual': [array(0.05960118), array(0.05726793), array(0.06330096)], 'dual_residual': [array(0.01860071), array(0.02170585), array(0.022391)], 'times': [2.2781735635362566, 2.2874152038712054, 2.3572182825300843]}",1,COMPLETE
66,66,0.9681386342646521,0.25311138094729696,2024-05-19 23:46:22.172809,2024-05-19 23:46:24.580479,0 days 00:00:02.407670,0.1174023118567529,1.564221501224765e-05,3.5175777167519757,0.035773049219809235,9.128523366666995,"{'AUC_ROCs': [0.9706013249883592, 0.9717793449905576, 0.9620352328150397], 'S_relative_errors': [0.2592133320875355, 0.24152459874244617, 0.25859621201190924], 'X_relative_errors': [0.9999237416326634, 0.9999191614926984, 0.9999417653568038], 'Sparsity': [1.0, 1.0, 1.0], 'converged': [0, 0, 0], 'iterations': [150, 150, 150], 'primal_residual': [array(0.00163969), array(0.0016309), array(0.0016104)], 'dual_residual': [array(0.00106622), array(0.00110593), array(0.00110705)], 'times': [2.1526583686936647, 2.148433023598045, 2.135997534263879]}",1,COMPLETE
67,67,0.9213987686569994,0.8718474008495743,2024-05-19 23:46:24.611529,2024-05-19 23:46:27.187188,0 days 00:00:02.575659,0.004607176283116048,0.056766789545288264,0.09848530774170888,0.06338987705516047,0.04369031581201598,"{'AUC_ROCs': [0.9261907116350007, 0.9203399679245712, 0.9176656264114268], 'S_relative_errors': [0.8716163424713842, 0.8722626943633118, 0.8716631657140271], 'X_relative_errors': [3.0814829999140794, 3.298197352134033, 3.092491399315689], 'Sparsity': [1.0, 1.0, 1.0], 'converged': [0, 0, 0], 'iterations': [150, 150, 150], 'primal_residual': [array(0.42629636), array(0.42615171), array(0.48226159)], 'dual_residual': [array(0.02131642), array(0.03266751), array(0.02323564)], 'times': [2.315796447917819, 2.345505886245519, 2.3270069973077625]}",1,COMPLETE
68,68,0.9698133338773544,0.24893003875734754,2024-05-19 23:46:27.204369,2024-05-19 23:46:29.573615,0 days 00:00:02.369246,0.14107871248461862,5.437997416216428e-05,8.181254205629385,0.028223249025182976,1.453822021218653,"{'AUC_ROCs': [0.9715185876760758, 0.9749699484730094, 0.9629514654829779], 'S_relative_errors': [0.2546514469024804, 0.23775206424974601, 0.25438660511981614], 'X_relative_errors': [1.0000330988962038, 1.0000546776218364, 1.0000582106891627], 'Sparsity': [1.0, 1.0, 1.0], 'converged': [0, 0, 0], 'iterations': [150, 150, 150], 'primal_residual': [array(0.00149735), array(0.00138245), array(0.00143327)], 'dual_residual': [array(0.00094931), array(0.00099521), array(0.00097433)], 'times': [2.113437397405505, 2.135949127841741, 2.13761013536714]}",1,COMPLETE
69,69,0.9685928778861359,0.2718237896086362,2024-05-19 23:46:29.600095,2024-05-19 23:46:32.058224,0 days 00:00:02.458129,0.007540361702591968,0.0012364739193247666,38.3195007590953,0.003545576014839423,0.30664147580503237,"{'AUC_ROCs': [0.9715389024254021, 0.9725876873190104, 0.9616520439139954], 'S_relative_errors': [0.2780442519502194, 0.2601872849191575, 0.2772398319565316], 'X_relative_errors': [1.0013818531538308, 1.0011216990407754, 1.001441606202445], 'Sparsity': [1.0, 1.0, 1.0], 'converged': [0, 0, 0], 'iterations': [150, 150, 150], 'primal_residual': [array(0.01566096), array(0.01535254), array(0.01607988)], 'dual_residual': [array(0.00332433), array(0.00379814), array(0.00372575)], 'times': [2.1787144558038563, 2.2014189704786986, 2.1991764737758785]}",1,COMPLETE
70,70,0.9833270664067881,0.16215844077741884,2024-05-19 23:46:32.097844,2024-05-19 23:46:34.690064,0 days 00:00:02.592220,0.003660649227686817,0.03391138584380403,4.889976589836459,0.23540722980686124,0.0015887858062804908,"{'AUC_ROCs': [0.9866254994614951, 0.9851218430610584, 0.9782338566978107], 'S_relative_errors': [0.15853287938386634, 0.1605787329205504, 0.16736371002783973], 'X_relative_errors': [0.7096595005050694, 0.7643322928202329, 0.7402241134995484], 'Sparsity': [1.0, 1.0, 1.0], 'converged': [0, 0, 0], 'iterations': [150, 150, 150], 'primal_residual': [array(0.02297214), array(0.02436962), array(0.02444677)], 'dual_residual': [array(0.00266276), array(0.0026639), array(0.00291566)], 'times': [2.2566969331819564, 2.278398169670254, 2.3233459047041833]}",1,COMPLETE
71,71,0.9361730777413403,0.8049582494614138,2024-05-19 23:46:34.726386,2024-05-19 23:46:37.206010,0 days 00:00:02.479624,0.003479236649829053,20.26324196189907,4.889976589836459,0.23540722980686124,9.375301327650641,"{'AUC_ROCs': [0.9394393201803063, 0.9399726813758188, 0.9291072316678957], 'S_relative_errors': [0.804098545906105, 0.8069061689303487, 0.8038700335477877], 'X_relative_errors': [1.5094878808120473, 1.6398054815446181, 1.5389483371842156], 'Sparsity': [1.0, 1.0, 1.0], 'converged': [0, 0, 0], 'iterations': [150, 150, 150], 'primal_residual': [array(0.03712722), array(0.03674546), array(0.03330617)], 'dual_residual': [array(0.00050106), array(0.00050577), array(0.00047019)], 'times': [2.2227312906179577, 2.230192232877016, 2.2590056678745896]}",1,COMPLETE
72,72,0.85557190941524,0.9246800171288362,2024-05-19 23:46:37.238489,2024-05-19 23:46:39.795664,0 days 00:00:02.557175,8.371698067613863,0.1282429290937206,16.942075886465112,12.99126037057007,0.001701813568357418,"{'AUC_ROCs': [0.8699618476798631, 0.8449323032420839, 0.8518215773237732], 'S_relative_errors': [0.919321317407055, 0.9262152935194183, 0.9285034404600353], 'X_relative_errors': [1.3084552635523254, 1.3843247771814484, 1.350754023642173], 'Sparsity': [1.0, 1.0, 1.0], 'converged': [0, 0, 0], 'iterations': [150, 150, 150], 'primal_residual': [array(0.11438806), array(0.11530111), array(0.11065979)], 'dual_residual': [array(0.00260956), array(0.00302443), array(0.00343093)], 'times': [2.2015633278060704, 2.2074933080002666, 2.3045506889466196]}",1,COMPLETE
73,73,0.9637385779530409,0.9999995805736642,2024-05-19 23:46:39.832790,2024-05-19 23:46:40.554437,0 days 00:00:00.721647,6.681131588339947,1.564221501224765e-05,0.00584457736556141,0.0028826140477484132,0.0053350806013849035,"{'AUC_ROCs': [0.9656964346635025, 0.9675828421237516, 0.9579364570718686], 'S_relative_errors': [0.9999995808147205, 0.9999995802509056, 0.9999995806553668], 'X_relative_errors': [3.554206294781902, 3.7966359795445883, 3.5660613065251314], 'Sparsity': [1.0, 1.0, 1.0], 'converged': [1, 1, 1], 'iterations': [30, 30, 30], 'primal_residual': [array(0.0006596), array(0.00067002), array(0.00067647)], 'dual_residual': [array(2.31192325e-07), array(2.34621024e-07), array(2.38766144e-07)], 'times': [0.4541288511827588, 0.45536946947686374, 0.4647999091539532]}",1,COMPLETE
74,74,0.9601306516358711,0.5310117210289004,2024-05-19 23:46:40.592211,2024-05-19 23:46:42.960780,0 days 00:00:02.368569,0.2239515746401831,2.598713101269762,6.982075749287115,77.86074310144487,41.45330776129883,"{'AUC_ROCs': [0.9627446702675932, 0.9600130426671561, 0.9576342419728641], 'S_relative_errors': [0.5322919951672559, 0.5346015039407268, 0.5261416639787181], 'X_relative_errors': [0.9996256017273993, 0.9991697482185796, 0.9993841395525296], 'Sparsity': [1.0, 1.0, 1.0], 'converged': [0, 0, 0], 'iterations': [150, 150, 150], 'primal_residual': [array(0.32676068), array(0.19004128), array(0.20824004)], 'dual_residual': [array(0.02121687), array(0.01135068), array(0.01228298)], 'times': [2.0862699404824525, 2.1039499170146883, 2.1033866140060127]}",1,COMPLETE
75,75,0.9677139335707224,0.2564706784681177,2024-05-19 23:46:43.004101,2024-05-19 23:46:45.215143,0 days 00:00:02.211042,0.09465252056055083,0.0002454043626098891,90.91976342304329,0.03577034349837571,80.34868103177317,"{'AUC_ROCs': [0.9717812897122295, 0.971396684658952, 0.9599638263409862], 'S_relative_errors': [0.26234821817693765, 0.24535368004852523, 0.2617101371788903], 'X_relative_errors': [0.9999496193912953, 0.9999503711668506, 0.9999478287480275], 'Sparsity': [1.0, 1.0, 1.0], 'converged': [1, 1, 1], 'iterations': [135, 135, 135], 'primal_residual': [array(0.00069276), array(0.00069859), array(0.00070904)], 'dual_residual': [array(0.00059796), array(0.00061422), array(0.00061492)], 'times': [1.9111484775785357, 1.921713835792616, 1.9420122220180929]}",1,COMPLETE
76,76,0.9946417598104587,0.07362086113254736,2024-05-19 23:46:45.257201,2024-05-19 23:46:47.860293,0 days 00:00:02.603092,0.05437435140487758,0.0002454043626098891,0.05970823008901308,0.31548032533778964,0.48991124792838053,"{'AUC_ROCs': [0.9939311844199337, 0.9963290609416094, 0.9936650340698326], 'S_relative_errors': [0.07867548080221286, 0.06965346567497187, 0.07253363692045738], 'X_relative_errors': [0.30438937974799785, 0.28960838689359814, 0.2806939672834743], 'Sparsity': [1.0, 1.0, 1.0], 'converged': [0, 0, 0], 'iterations': [150, 150, 150], 'primal_residual': [array(0.00301022), array(0.00322026), array(0.00321604)], 'dual_residual': [array(0.00093107), array(0.00092079), array(0.00089625)], 'times': [2.412483173655346, 2.3242095350287855, 2.2377247577533126]}",1,COMPLETE
77,77,0.9669750277959239,0.27358080515331284,2024-05-19 23:46:47.892400,2024-05-19 23:46:50.313291,0 days 00:00:02.420891,0.0002819974142726767,0.0007478225269254493,38.3195007590953,0.17193611603650244,20.784788728943486,"{'AUC_ROCs': [0.9689068338990844, 0.9707392097028718, 0.9612790397858157], 'S_relative_errors': [0.27983352667168615, 0.2620087474411534, 0.2789001413470991], 'X_relative_errors': [0.9998493012296034, 0.9998662069959615, 0.9998274987029303], 'Sparsity': [1.0, 1.0, 1.0], 'converged': [0, 0, 0], 'iterations': [150, 150, 150], 'primal_residual': [array(0.00146074), array(0.00139063), array(0.00151823)], 'dual_residual': [array(0.00102566), array(0.00106882), array(0.00106691)], 'times': [2.1343411735724658, 2.153998255962506, 2.1482017249800265]}",1,COMPLETE
78,78,0.9833675483136884,0.14957993279732842,2024-05-19 23:46:50.331705,2024-05-19 23:46:52.742092,0 days 00:00:02.410387,0.005689610030694244,0.1282429290937206,3.4051859567962213,12.99126037057007,1.0117183233038822,"{'AUC_ROCs': [0.9828077216015029, 0.9862839279646151, 0.9810109953749473], 'S_relative_errors': [0.15310165900983333, 0.14401763948471488, 0.15162049989743706], 'X_relative_errors': [0.9843410518843695, 0.9792501836509722, 0.9849152457145102], 'Sparsity': [1.0, 1.0, 1.0], 'converged': [0, 0, 0], 'iterations': [150, 150, 150], 'primal_residual': [array(0.09465826), array(0.09646989), array(0.08791901)], 'dual_residual': [array(0.00647179), array(0.00584502), array(0.00589038)], 'times': [2.122581229545176, 2.159235537284985, 2.1604432940948755]}",1,COMPLETE
79,79,0.9686942967167179,0.2705882888378834,2024-05-19 23:46:52.781153,2024-05-19 23:46:55.319156,0 days 00:00:02.538003,0.0010246262243013284,1.564221501224765e-05,0.008670970127442043,0.0028826140477484132,9.128523366666995,"{'AUC_ROCs': [0.9693401394867274, 0.9735477849766021, 0.9631949656868243], 'S_relative_errors': [0.2768421960743049, 0.25913281075213834, 0.27578985968720693], 'X_relative_errors': [0.9851245349802312, 0.9850079146746511, 0.9846122364727995], 'Sparsity': [1.0, 1.0, 1.0], 'converged': [0, 0, 0], 'iterations': [150, 150, 150], 'primal_residual': [array(0.23616374), array(0.24114441), array(0.24318443)], 'dual_residual': [array(0.0199964), array(0.02041303), array(0.02061068)], 'times': [2.2207260909490287, 2.235807782970369, 2.2854031964670867]}",1,COMPLETE
80,80,0.9978692933187171,0.0256180939774044,2024-05-19 23:46:55.571809,2024-05-19 23:46:58.022990,0 days 00:00:02.451181,0.020029821515764535,0.020723964884053907,0.8269979099197315,0.11168112411062733,0.8597373074128503,"{'AUC_ROCs': [0.9990390130922153, 0.9991965014597199, 0.9953723654042164], 'S_relative_errors': [0.018347043576241853, 0.023541271839796384, 0.03496596651617496], 'X_relative_errors': [0.10838448500031918, 0.13423664399760699, 0.1664659869209559], 'Sparsity': [1.0, 1.0, 1.0], 'converged': [0, 0, 0], 'iterations': [150, 150, 150], 'primal_residual': [array(0.010742), array(0.01133084), array(0.01205753)], 'dual_residual': [array(0.00055934), array(0.00059466), array(0.00068045)], 'times': [2.1956061655655503, 2.2023850919213146, 2.2308281497098505]}",1,COMPLETE
