,number,values_0,values_1,datetime_start,datetime_complete,duration,params_lda1,params_ldag,params_psi_1,params_psi_2,params_psi_3,user_attrs_metrics,system_attrs_nsga2:generation,state
0,0,0.8323969275118701,0.9999997300681516,2024-05-19 23:30:45.912065,2024-05-19 23:30:46.718118,0 days 00:00:00.806053,2.6400149435425737,33.676993247890046,0.0026072873178104345,0.3206936749115682,0.0014698848321864852,"{'AUC_ROCs': [0.8311567451617965, 0.8385554966199569, 0.827478540753857], 'S_relative_errors': [0.999999742025512, 0.9999997205067309, 0.9999997276722118], 'X_relative_errors': [3.5160669853515345, 3.7567929840498544, 3.5286662558930844], 'Sparsity': [1.0, 1.0, 1.0], 'converged': [1, 1, 1], 'iterations': [29, 29, 29], 'primal_residual': [array(0.00054532), array(0.00057963), array(0.00056805)], 'dual_residual': [array(4.9313232e-05), array(5.07037478e-05), array(5.06400324e-05)], 'times': [0.4784110118634999, 0.48859637742862105, 0.48341089813038707]}",0,COMPLETE
1,1,0.8526698030555876,1.0000000430385425,2024-05-19 23:30:46.718866,2024-05-19 23:30:47.555369,0 days 00:00:00.836503,0.1432331331649576,0.8568882072507892,0.006116954933462509,0.08150941851510878,0.003706788370688245,"{'AUC_ROCs': [0.8555581192376395, 0.8570612778090577, 0.8453900121200657], 'S_relative_errors': [1.0000000416688422, 1.0000000446940982, 1.000000042752687], 'X_relative_errors': [3.544766768737509, 3.786774381796718, 3.5568106539622706], 'Sparsity': [1.0, 1.0, 1.0], 'converged': [1, 1, 1], 'iterations': [34, 34, 34], 'primal_residual': [array(0.00018678), array(0.00019228), array(0.00019179)], 'dual_residual': [array(7.10225962e-06), array(7.27602783e-06), array(7.27553822e-06)], 'times': [0.5578958527185023, 0.5510229738429189, 0.5535899396054447]}",0,COMPLETE
2,2,0.9652062995318911,0.3226836275433895,2024-05-19 23:30:47.556107,2024-05-19 23:30:50.100931,0 days 00:00:02.544824,0.7222976774080225,0.017165822867769038,0.2462740921290861,19.65426445867639,49.73004365861897,"{'AUC_ROCs': [0.9666201182346225, 0.9693081517151547, 0.959690628645896], 'S_relative_errors': [0.32872082359639493, 0.3210456077578184, 0.3182844512759551], 'X_relative_errors': [0.9993164266235766, 0.9993291912025978, 0.9993203382404278], 'Sparsity': [1.0, 1.0, 1.0], 'converged': [0, 0, 0], 'iterations': [150, 150, 150], 'primal_residual': [array(0.00417385), array(0.00395627), array(0.00423414)], 'dual_residual': [array(0.00034763), array(0.00035704), array(0.00035207)], 'times': [2.2178113718982786, 2.2295120100025088, 2.2531430604867637]}",0,COMPLETE
3,3,0.9455613465839994,1.0000003450585144,2024-05-19 23:30:50.102230,2024-05-19 23:30:51.112145,0 days 00:00:01.009915,0.053857718842351555,0.5636890747194321,0.019584718543746646,0.0047710346564929056,0.005842303524994648,"{'AUC_ROCs': [0.9552911850239725, 0.9694370813321155, 0.9119557733959105], 'S_relative_errors': [1.0000005323736263, 1.0000004098252604, 1.0000000929766562], 'X_relative_errors': [3.5529939954439786, 3.795350916639248, 3.5648817362457077], 'Sparsity': [1.0, 1.0, 1.0], 'converged': [1, 1, 1], 'iterations': [43, 42, 44], 'primal_residual': [array(0.00098033), array(0.00099582), array(0.00029251)], 'dual_residual': [array(3.22691044e-05), array(2.78376521e-05), array(2.39792662e-06)], 'times': [0.6873228778131306, 0.6768325096927583, 0.7211700179614127]}",0,COMPLETE
4,4,0.9856638521596212,0.18917761485864384,2024-05-19 23:30:51.113290,2024-05-19 23:30:53.484220,0 days 00:00:02.370930,0.040160107557172066,0.49629066414359646,4.341488146376656,40.31746529086876,88.88079654036041,"{'AUC_ROCs': [0.9882652336223139, 0.9879152111424321, 0.9808111117141173], 'S_relative_errors': [0.1910850093383644, 0.1874667234028078, 0.18898111183475946], 'X_relative_errors': [0.9969520982616665, 0.9973251906883522, 0.9973820882655934], 'Sparsity': [1.0, 1.0, 1.0], 'converged': [0, 0, 0], 'iterations': [150, 150, 150], 'primal_residual': [array(0.16178698), array(0.160027), array(0.14890979)], 'dual_residual': [array(0.00575133), array(0.00633714), array(0.00734421)], 'times': [2.1531354966573417, 2.153257067548111, 2.168312191963196]}",0,COMPLETE
5,5,0.939486235484746,1.000000388714537,2024-05-19 23:30:53.485981,2024-05-19 23:30:54.480406,0 days 00:00:00.994425,0.046331317692967465,0.027086185924410092,0.01128552754655629,0.017132340769751744,0.04865944511776811,"{'AUC_ROCs': [0.9733195244421968, 0.8908471330982254, 0.9542920489138156], 'S_relative_errors': [1.0000006440844273, 1.0000000184850701, 1.0000005035741137], 'X_relative_errors': [3.54681264144695, 3.7888974516550773, 3.5588028826107716], 'Sparsity': [1.0, 1.0, 1.0], 'converged': [1, 1, 1], 'iterations': [51, 51, 51], 'primal_residual': [array(0.00094698), array(0.00012222), array(0.00080875)], 'dual_residual': [array(2.46009544e-05), array(5.2043196e-06), array(1.84998979e-05)], 'times': [0.7897363821975887, 0.7914090931881219, 0.7993629896081984]}",0,COMPLETE
6,6,0.968821155810846,0.9999995986635243,2024-05-19 23:30:54.482195,2024-05-19 23:30:55.164892,0 days 00:00:00.682697,1.2165486564148538,0.1658472003992809,0.054712964880843755,0.016453554981594162,1.3002008739493522,"{'AUC_ROCs': [0.9711429022977318, 0.9752750900722877, 0.9600454750625185], 'S_relative_errors': [0.9999995928709524, 0.9999996017625707, 0.9999996013570496], 'X_relative_errors': [3.3913507211014355, 3.6263787027068, 3.4063047219738203], 'Sparsity': [1.0, 1.0, 1.0], 'converged': [1, 1, 1], 'iterations': [31, 31, 31], 'primal_residual': [array(0.00081096), array(0.00082439), array(0.00081136)], 'dual_residual': [array(3.13741184e-05), array(3.16046876e-05), array(3.13102897e-05)], 'times': [0.47486552805639803, 0.4811884101945907, 0.4839408742263913]}",0,COMPLETE
7,7,0.9681752797856586,0.9991089863361631,2024-05-19 23:30:55.166673,2024-05-19 23:30:57.675432,0 days 00:00:02.508759,5.49664866351169,0.0008580295665561507,0.8260282339708167,1.4468091555786502,47.803412329135014,"{'AUC_ROCs': [0.9700815784702276, 0.9730987048392652, 0.9613455560474832], 'S_relative_errors': [0.9975691372143161, 0.9998076912524886, 0.9999501305416848], 'X_relative_errors': [0.9996437972565795, 0.999663073342634, 0.9996470512360066], 'Sparsity': [1.0, 1.0, 1.0], 'converged': [0, 0, 0], 'iterations': [150, 150, 150], 'primal_residual': [array(0.00563593), array(0.01209679), array(0.00789301)], 'dual_residual': [array(0.01467537), array(0.81914109), array(0.752555)], 'times': [2.253424354363233, 2.2562804769258946, 2.307829831028357]}",0,COMPLETE
8,8,0.9392382577682957,0.8047585588789756,2024-05-19 23:30:57.677441,2024-05-19 23:31:00.216277,0 days 00:00:02.538836,0.00435917815926314,11.71486283852665,3.553252175615702,0.029533239341057876,1.674408415262443,"{'AUC_ROCs': [0.9350406509015973, 0.9382909200410645, 0.9443832023622256], 'S_relative_errors': [0.8046603862051795, 0.8069523322849133, 0.8026629581468341], 'X_relative_errors': [2.433920465017716, 2.6130547545436653, 2.4413329014765495], 'Sparsity': [1.0, 1.0, 1.0], 'converged': [0, 0, 0], 'iterations': [150, 150, 150], 'primal_residual': [array(0.00443766), array(0.00421996), array(0.00357805)], 'dual_residual': [array(0.00017268), array(0.00020541), array(0.00015395)], 'times': [2.3158599257003516, 2.3363852112088352, 2.324570514727384]}",0,COMPLETE
9,9,0.9684470936437609,0.27056782328398077,2024-05-19 23:31:00.218524,2024-05-19 23:31:02.568821,0 days 00:00:02.350297,0.0019465421140157661,0.0012677163858916614,0.3737795017502533,0.7058955419960247,0.257019618541095,"{'AUC_ROCs': [0.9683814829094768, 0.9741330582812096, 0.9628267397405963], 'S_relative_errors': [0.2766384688071193, 0.2590013744755304, 0.2760636265692927], 'X_relative_errors': [0.9999700084001607, 0.9999613765350203, 0.9999639244070323], 'Sparsity': [1.0, 1.0, 1.0], 'converged': [1, 1, 1], 'iterations': [146, 147, 146], 'primal_residual': [array(0.00099332), array(0.00097031), array(0.00097537)], 'dual_residual': [array(0.00034084), array(0.00032233), array(0.00036409)], 'times': [2.098751031095162, 2.1279370912816375, 2.1436565613839775]}",0,COMPLETE
10,10,0.9912196678368582,0.14442047295592192,2024-05-19 23:31:02.571353,2024-05-19 23:31:05.107691,0 days 00:00:02.536338,0.001229196796940851,0.30705560008862814,7.909646121732262,0.24875709602361137,0.037554082950726625,"{'AUC_ROCs': [0.9931529028576057, 0.9919552726561541, 0.9885508279968149], 'S_relative_errors': [0.14146879921741012, 0.14440992783750248, 0.14738269181285318], 'X_relative_errors': [0.4076162531417358, 0.45148150764971345, 0.41191896318944665], 'Sparsity': [1.0, 1.0, 1.0], 'converged': [0, 0, 0], 'iterations': [150, 150, 150], 'primal_residual': [array(0.08771419), array(0.09117374), array(0.07905455)], 'dual_residual': [array(0.00402045), array(0.00349599), array(0.00439444)], 'times': [2.326923565706238, 2.3405787921510637, 2.3121387492865324]}",0,COMPLETE
11,11,0.9692146522800571,0.20022309042384354,2024-05-19 23:31:05.110664,2024-05-19 23:31:07.611259,0 days 00:00:02.500595,0.3853106116626024,0.004766375023873453,0.007191663075138625,42.25450669987016,0.002300057911526395,"{'AUC_ROCs': [0.9718919501554636, 0.9752554239085565, 0.9604965827761514], 'S_relative_errors': [0.1988057552948456, 0.19908637719887223, 0.2027771387778128], 'X_relative_errors': [0.9923111398735935, 0.9931709756953859, 0.9926205736238765], 'Sparsity': [1.0, 1.0, 1.0], 'converged': [0, 0, 0], 'iterations': [150, 150, 150], 'primal_residual': [array(0.07568607), array(0.07538278), array(0.07534189)], 'dual_residual': [array(0.0973845), array(0.10073518), array(0.10087964)], 'times': [2.264480881858617, 2.277760474709794, 2.30221599037759]}",0,COMPLETE
12,12,0.9959629593946521,0.030741000073544092,2024-05-19 23:31:07.614148,2024-05-19 23:31:10.183703,0 days 00:00:02.569555,0.0002944129146020025,0.009991669271060571,0.014764477671639567,0.001426526456268202,0.5419194201101541,"{'AUC_ROCs': [0.9963642119306672, 0.9987676076816749, 0.9927570585716138], 'S_relative_errors': [0.021791932291766486, 0.030922060540521528, 0.03950900738834426], 'X_relative_errors': [0.08214897564581326, 0.12181689314149959, 0.14493164679090534], 'Sparsity': [1.0, 1.0, 1.0], 'converged': [0, 0, 0], 'iterations': [150, 150, 150], 'primal_residual': [array(0.04419954), array(0.04473244), array(0.04668603)], 'dual_residual': [array(0.01257704), array(0.01383986), array(0.01425077)], 'times': [2.3485126537270844, 2.3746412659529597, 2.3566725098062307]}",0,COMPLETE
13,13,0.9669280285490558,0.2735970872216012,2024-05-19 23:31:10.188249,2024-05-19 23:31:12.629959,0 days 00:00:02.441710,0.0008971845989299474,0.00028122425471262355,23.024031016643274,0.0032397806318639573,0.5119804941893996,"{'AUC_ROCs': [0.9693272456988745, 0.9700783513436976, 0.9613784886045951], 'S_relative_errors': [0.2798843804212442, 0.2619420378411316, 0.27896484340242794], 'X_relative_errors': [1.000695314343794, 1.0008556721537933, 1.0006481045138023], 'Sparsity': [1.0, 1.0, 1.0], 'converged': [0, 0, 0], 'iterations': [150, 150, 150], 'primal_residual': [array(0.00813628), array(0.00902151), array(0.0086553)], 'dual_residual': [array(0.00414865), array(0.00407453), array(0.0042296)], 'times': [2.229812993435189, 2.215881551383063, 2.243086958769709]}",0,COMPLETE
14,14,0.8256741146414043,0.9999999999638627,2024-05-19 23:31:12.633642,2024-05-19 23:31:15.181271,0 days 00:00:02.547629,4.41956361874014,0.0038937288844537754,11.370187109936087,2.1552855225378753,3.164278952526427,"{'AUC_ROCs': [0.8340217214663584, 0.8215107891288201, 0.8214898333290344], 'S_relative_errors': [0.9999999999668082, 0.9999999999611549, 0.9999999999636253], 'X_relative_errors': [2.3707618307625893, 2.540648637688064, 2.4009981076827525], 'Sparsity': [1.0, 1.0, 1.0], 'converged': [0, 0, 0], 'iterations': [150, 150, 150], 'primal_residual': [array(0.0182487), array(0.02015607), array(0.01907712)], 'dual_residual': [array(0.00039335), array(0.00043406), array(0.00041939)], 'times': [2.295465354807675, 2.299057529075071, 2.298426126828417]}",0,COMPLETE
15,15,0.9681877631799422,0.27372845779949245,2024-05-19 23:31:15.185440,2024-05-19 23:31:17.640143,0 days 00:00:02.454703,0.000659387820584156,0.00011122708100957677,1.8650328765931485,0.001753421073026112,1.9685696602847689,"{'AUC_ROCs': [0.9728865681387204, 0.9710696905822228, 0.960607030818883], 'S_relative_errors': [0.2800119269372593, 0.2620731366322238, 0.2791003098289942], 'X_relative_errors': [0.9990662839014591, 0.9991259623345838, 0.9990904943268631], 'Sparsity': [1.0, 1.0, 1.0], 'converged': [0, 0, 0], 'iterations': [150, 150, 150], 'primal_residual': [array(0.00651813), array(0.00644419), array(0.00637441)], 'dual_residual': [array(0.00210255), array(0.00213011), array(0.00219946)], 'times': [2.181211308343336, 2.199243234237656, 2.253055036999285]}",0,COMPLETE
16,16,0.7197288045558846,0.9986193037130122,2024-05-19 23:31:17.644285,2024-05-19 23:31:20.126029,0 days 00:00:02.481744,2.599203002844985,0.3150669490816313,32.16105995538624,1.1044132870631185,0.05916356672017828,"{'AUC_ROCs': [0.7203942578685207, 0.7281359705832651, 0.7106561852158682], 'S_relative_errors': [0.9981304129843281, 0.9989722883645648, 0.9987552097901436], 'X_relative_errors': [2.195099364968308, 2.310727671840275, 2.2314413015019188], 'Sparsity': [1.0, 1.0, 1.0], 'converged': [0, 0, 0], 'iterations': [150, 150, 150], 'primal_residual': [array(0.0207867), array(0.01980582), array(0.02030968)], 'dual_residual': [array(0.00341002), array(0.01941273), array(0.00968044)], 'times': [2.2704490330070257, 2.2757652788423, 2.2821719476487488]}",0,COMPLETE
17,17,0.9730636947994754,0.9999996309868276,2024-05-19 23:31:20.130061,2024-05-19 23:31:20.819399,0 days 00:00:00.689338,2.0269355579431263,0.09999219040091882,0.09831696502464209,1.0776119152145833,0.07548406149161083,"{'AUC_ROCs': [0.9765715713026192, 0.9748119646548095, 0.9678075484409977], 'S_relative_errors': [0.9999996255442886, 0.9999996336859946, 0.9999996337301996], 'X_relative_errors': [3.4084312348353887, 3.644217117375531, 3.4231546065269565], 'Sparsity': [1.0, 1.0, 1.0], 'converged': [1, 1, 1], 'iterations': [31, 31, 31], 'primal_residual': [array(0.00073734), array(0.00073769), array(0.00073957)], 'dual_residual': [array(2.80010007e-05), array(2.79354691e-05), array(2.80175006e-05)], 'times': [0.47767672990448773, 0.484748707851395, 0.4843622751068324]}",0,COMPLETE
18,18,0.9704355575081384,0.9999999994001939,2024-05-19 23:31:20.823941,2024-05-19 23:31:23.290803,0 days 00:00:02.466862,12.372811752101308,0.06782025047055813,0.010078857678277353,0.10320981356987714,92.96804190627643,"{'AUC_ROCs': [0.9719626064142519, 0.9723433958086496, 0.9670006703015136], 'S_relative_errors': [0.9999999994001255, 0.9999999994004242, 0.9999999994000318], 'X_relative_errors': [0.9969498217528596, 0.9969874169080362, 0.9969522781189913], 'Sparsity': [1.0, 1.0, 1.0], 'converged': [0, 0, 0], 'iterations': [150, 150, 150], 'primal_residual': [array(0.03578339), array(0.03631954), array(0.03660677)], 'dual_residual': [array(0.00101373), array(0.00102892), array(0.00103706)], 'times': [2.228794167051092, 2.277983892476186, 2.2701700201723725]}",0,COMPLETE
19,19,0.9352929821594126,0.9999999448714506,2024-05-19 23:31:23.299270,2024-05-19 23:31:24.027564,0 days 00:00:00.728294,1.3174682132292863,2.4376891082489038e-05,0.029100394737853356,0.01188589713459328,0.2463983561516024,"{'AUC_ROCs': [0.9400237660166219, 0.9393618406725933, 0.9264933397890227], 'S_relative_errors': [0.9999999436931966, 0.9999999453731457, 0.9999999455480096], 'X_relative_errors': [3.5220732564036688, 3.762994857259361, 3.534542749774394], 'Sparsity': [1.0, 1.0, 1.0], 'converged': [1, 1, 1], 'iterations': [31, 31, 31], 'primal_residual': [array(0.00012128), array(0.00012124), array(0.00012133)], 'dual_residual': [array(1.12087474e-06), array(1.17058118e-06), array(1.16541196e-06)], 'times': [0.4999963741283864, 0.48953136638738215, 0.4918080777861178]}",0,COMPLETE
20,20,0.9694117332266714,0.2605102542285795,2024-05-19 23:31:24.036069,2024-05-19 23:31:26.481977,0 days 00:00:02.445908,0.01136875911767732,0.0007426209279061774,0.0021210423303872606,47.71609232043536,3.197684072695398,"{'AUC_ROCs': [0.9735327502169002, 0.9710855298974639, 0.96361691956565], 'S_relative_errors': [0.2665366712710255, 0.24916315862264485, 0.2658309327920681], 'X_relative_errors': [0.9995275398428131, 0.9996062448370246, 0.9995242387966388], 'Sparsity': [1.0, 1.0, 1.0], 'converged': [0, 0, 0], 'iterations': [150, 150, 150], 'primal_residual': [array(0.01058396), array(0.01040845), array(0.01030899)], 'dual_residual': [array(0.00991342), array(0.01005707), array(0.01009735)], 'times': [2.191001937026158, 2.2072531033772975, 2.2146067610010505]}",0,COMPLETE
21,21,0.9868135902531231,0.1533437308584795,2024-05-19 23:31:26.487457,2024-05-19 23:31:29.005731,0 days 00:00:02.518274,0.0004991732674477819,0.3727450114958979,0.006945904196697879,0.00845039682691688,7.685056139855956,"{'AUC_ROCs': [0.9908995995678915, 0.9901330052212625, 0.9794081659702152], 'S_relative_errors': [0.15345867303390248, 0.15012172062502283, 0.15645079891651317], 'X_relative_errors': [0.39632792713717746, 0.4098877189084165, 0.4077475284204082], 'Sparsity': [1.0, 1.0, 1.0], 'converged': [0, 0, 0], 'iterations': [150, 150, 150], 'primal_residual': [array(0.25402806), array(0.25072709), array(0.25362364)], 'dual_residual': [array(0.03859829), array(0.03986869), array(0.03927723)], 'times': [2.291160593274981, 2.3090043494012207, 2.3192844153381884]}",0,COMPLETE
22,22,0.9327623855857672,0.8053049303526721,2024-05-19 23:31:29.011315,2024-05-19 23:31:31.415905,0 days 00:00:02.404590,0.0005181057390136354,26.264707722655793,0.01255789529379761,35.406081259395684,71.04561091395287,"{'AUC_ROCs': [0.9323772136844858, 0.9399397299717717, 0.9259702131010443], 'S_relative_errors': [0.8056410244059234, 0.806889239260344, 0.803384527391749], 'X_relative_errors': [1.0000311559607546, 1.0000047569891317, 1.000015796248374], 'Sparsity': [1.0, 1.0, 1.0], 'converged': [0, 0, 0], 'iterations': [150, 150, 150], 'primal_residual': [array(0.01173776), array(0.01023778), array(0.01231567)], 'dual_residual': [array(0.0012498), array(0.00093371), array(0.00120296)], 'times': [2.1727950708009303, 2.213437667116523, 2.2068164243828505]}",0,COMPLETE
23,23,0.885778030777689,0.9998159699710311,2024-05-19 23:31:31.421521,2024-05-19 23:31:34.016705,0 days 00:00:02.595184,0.003091479307288044,0.03909766821920218,0.010229666530289443,0.006458177239242769,0.0100733283011743,"{'AUC_ROCs': [0.893606622353059, 0.8982472688539166, 0.8654802011260916], 'S_relative_errors': [0.9999747858441006, 0.999470953520522, 1.0000021705484705], 'X_relative_errors': [3.5528484339401674, 3.7932780659250054, 3.564794783471513], 'Sparsity': [1.0, 1.0, 1.0], 'converged': [0, 0, 0], 'iterations': [150, 150, 150], 'primal_residual': [array(0.00568992), array(0.00413595), array(0.00798502)], 'dual_residual': [array(0.00078588), array(0.00081649), array(0.00042931)], 'times': [2.3469028952531517, 2.3396523408591747, 2.394597223494202]}",0,COMPLETE
24,24,0.9344137140082115,0.8051610563860764,2024-05-19 23:31:34.022923,2024-05-19 23:31:35.787323,0 days 00:00:01.764400,0.0003260598007592325,6.815044856674381,0.007597254177632434,2.455109020801129,0.24315678359989842,"{'AUC_ROCs': [0.932447312044096, 0.9428073868827077, 0.9279864430978311], 'S_relative_errors': [0.8056144423471879, 0.8064476173501811, 0.8034211094608602], 'X_relative_errors': [2.5378742097026734, 2.7207704418364695, 2.5454694110925087], 'Sparsity': [1.0, 1.0, 1.0], 'converged': [1, 1, 1], 'iterations': [91, 89, 92], 'primal_residual': [array(0.000965), array(0.00097563), array(0.00091446)], 'dual_residual': [array(0.00020074), array(0.0001697), array(0.00025212)], 'times': [1.4073916394263506, 1.3757789703086019, 1.5687587675638497]}",0,COMPLETE
25,25,0.9767010836389886,0.8392435753969426,2024-05-19 23:31:35.794259,2024-05-19 23:31:38.372122,0 days 00:00:02.577863,2.2757498611096447,0.4192739536911796,16.432660345642162,42.11767972764622,0.07861581497200772,"{'AUC_ROCs': [0.9776647765998006, 0.979258200831849, 0.9731802734853163], 'S_relative_errors': [0.8431402769023685, 0.8354396597177197, 0.8391507895707393], 'X_relative_errors': [0.9994966237512886, 0.9995777315205919, 0.9997895394686319], 'Sparsity': [1.0, 1.0, 1.0], 'converged': [0, 0, 0], 'iterations': [150, 150, 150], 'primal_residual': [array(0.04697306), array(0.04311625), array(0.03645424)], 'dual_residual': [array(0.00525809), array(0.00454389), array(0.00492874)], 'times': [2.2319081956520677, 2.3848243365064263, 2.229029787471518]}",0,COMPLETE
26,26,0.8097874245800908,0.9832552600538259,2024-05-19 23:31:38.378661,2024-05-19 23:31:40.935609,0 days 00:00:02.556948,0.27025984395654024,0.06362768180153777,0.021835286546731263,0.015698413643126352,2.1045062306999904,"{'AUC_ROCs': [0.8142199591071263, 0.812033211894106, 0.8031091027390398], 'S_relative_errors': [0.9807873600644343, 0.9850600916367189, 0.9839183284603247], 'X_relative_errors': [3.230888578188995, 3.471992322423149, 3.2574785099561283], 'Sparsity': [1.0, 1.0, 1.0], 'converged': [0, 0, 0], 'iterations': [150, 150, 150], 'primal_residual': [array(0.00158665), array(0.00147175), array(0.00144243)], 'dual_residual': [array(0.00053431), array(0.00021035), array(0.00020717)], 'times': [2.3384412687737495, 2.3641160202678293, 2.3456858289428055]}",0,COMPLETE
