,number,values_0,values_1,datetime_start,datetime_complete,duration,params_lda1,params_ldag,params_psi_1,params_psi_2,params_psi_3,user_attrs_metrics,system_attrs_nsga2:generation,state
81,81,0.9678659038753746,0.27221612319955835,2024-05-19 23:46:58.049478,2024-05-19 23:47:00.579458,0 days 00:00:02.529980,0.0014833691514615202,5.437997416216428e-05,0.00819281513543652,0.018510798108522002,11.967573936370947,"{'AUC_ROCs': [0.970829371452929, 0.9727322302646162, 0.9600361099085786], 'S_relative_errors': [0.27847860744848174, 0.2607911489798688, 0.27737861317032436], 'X_relative_errors': [0.9915275797155282, 0.9919030799376393, 0.990889980076365], 'Sparsity': [1.0, 1.0, 1.0], 'converged': [0, 0, 0], 'iterations': [150, 150, 150], 'primal_residual': [array(0.12287355), array(0.12768611), array(0.1293908)], 'dual_residual': [array(0.01555675), array(0.01566522), array(0.01574245)], 'times': [2.17902167304419, 2.186496796319261, 2.2809249872807413]}",1,COMPLETE
82,82,0.9749087983356493,0.23075730008404435,2024-05-19 23:47:00.624773,2024-05-19 23:47:03.209202,0 days 00:00:02.584429,0.003660649227686817,0.03391138584380403,16.942075886465112,0.0010956030749481975,0.004078336277890535,"{'AUC_ROCs': [0.9759326604926987, 0.9788908638838218, 0.9699028706304269], 'S_relative_errors': [0.23688177615091036, 0.22076697264023531, 0.23462315146098736], 'X_relative_errors': [1.021963641022132, 1.0218143859145734, 1.019859161243601], 'Sparsity': [1.0, 1.0, 1.0], 'converged': [0, 0, 0], 'iterations': [150, 150, 150], 'primal_residual': [array(0.33196289), array(0.33937962), array(0.33480661)], 'dual_residual': [array(0.06259135), array(0.06436815), array(0.06499121)], 'times': [2.1931338899303228, 2.2082319853361696, 2.3940025258343667]}",1,COMPLETE
83,83,0.9802039939184235,0.153811979086548,2024-05-19 23:47:03.248707,2024-05-19 23:47:05.725496,0 days 00:00:02.476789,0.8267918820926251,0.16968629041227237,31.29096481456938,0.0010956030749481975,0.22701311433659574,"{'AUC_ROCs': [0.9831542221113345, 0.9814044872086126, 0.9760532724353235], 'S_relative_errors': [0.1558793554183307, 0.15191388187531657, 0.15364269996599675], 'X_relative_errors': [0.9931082683897475, 0.992927880764335, 0.9936430760087354], 'Sparsity': [1.0, 1.0, 1.0], 'converged': [0, 0, 0], 'iterations': [150, 150, 150], 'primal_residual': [array(0.06741741), array(0.0653736), array(0.06496645)], 'dual_residual': [array(0.00628157), array(0.00603552), array(0.0077773)], 'times': [2.201267055235803, 2.205477403709665, 2.2331715628970414]}",1,COMPLETE
84,84,0.9116252910749109,0.9815763515373975,2024-05-19 23:47:05.758022,2024-05-19 23:47:08.287845,0 days 00:00:02.529823,0.05437435140487758,0.7640430313112543,0.4731443098632767,0.043920306570861385,0.026533309744795234,"{'AUC_ROCs': [0.9114720159301098, 0.907902328712564, 0.915501528582059], 'S_relative_errors': [0.9812146457599367, 0.9818685871849974, 0.9816458216672588], 'X_relative_errors': [3.4483436963916585, 3.6865199096197196, 3.4622220902982406], 'Sparsity': [1.0, 1.0, 1.0], 'converged': [0, 0, 0], 'iterations': [150, 150, 150], 'primal_residual': [array(0.0039288), array(0.00479183), array(0.00421343)], 'dual_residual': [array(0.00240342), array(0.00269056), array(0.00231727)], 'times': [2.2529670516960323, 2.274249065667391, 2.271429484942928]}",1,COMPLETE
85,85,0.8319849021323708,0.9944452340175364,2024-05-19 23:47:08.340254,2024-05-19 23:47:10.890774,0 days 00:00:02.550520,0.14317744346624972,1.2456201598901087,0.030647692208300825,0.2787682409669791,0.1265860753226734,"{'AUC_ROCs': [0.8322957311028476, 0.840348899597072, 0.8233100756971925], 'S_relative_errors': [0.9948043432516555, 0.9931467265276032, 0.9953846322733504], 'X_relative_errors': [3.4854133121859827, 3.717974256002112, 3.5002659741061857], 'Sparsity': [1.0, 1.0, 1.0], 'converged': [0, 0, 0], 'iterations': [150, 150, 150], 'primal_residual': [array(0.00375675), array(0.00401405), array(0.00419022)], 'dual_residual': [array(0.00122333), array(0.00142859), array(0.00116834)], 'times': [2.2525068821851164, 2.256558789173141, 2.2879720367491245]}",1,COMPLETE
86,86,0.9690804892243529,0.26883364435218565,2024-05-19 23:47:10.914304,2024-05-19 23:47:13.292474,0 days 00:00:02.378170,0.03161801582277562,9.529307813887346e-05,54.418787147969596,0.043920306570861385,0.48991124792838053,"{'AUC_ROCs': [0.9722711750882497, 0.9715217948892442, 0.9634484976955644], 'S_relative_errors': [0.2750432212713919, 0.2572500612247651, 0.27420765056039986], 'X_relative_errors': [1.0000775756029046, 1.0000540060789282, 1.0000819965885202], 'Sparsity': [1.0, 1.0, 1.0], 'converged': [0, 0, 0], 'iterations': [150, 150, 150], 'primal_residual': [array(0.00292259), array(0.00303406), array(0.00280627)], 'dual_residual': [array(0.00089794), array(0.00090991), array(0.00102812)], 'times': [2.1611931058578193, 2.1661057719029486, 2.164310298161581]}",1,COMPLETE
87,87,0.9820212862450396,0.33134513995610443,2024-05-19 23:47:13.339676,2024-05-19 23:47:15.903298,0 days 00:00:02.563622,0.0006189317662726252,0.0009007643565517335,0.015297166632176507,0.136800698055298,0.0053350806013849035,"{'AUC_ROCs': [0.9830785399825014, 0.9839414191320355, 0.979043899620582], 'S_relative_errors': [0.3254278728769938, 0.3349543674099436, 0.33365317958137575], 'X_relative_errors': [1.1569363782707165, 1.271774093311069, 1.1900447253103519], 'Sparsity': [1.0, 1.0, 1.0], 'converged': [0, 0, 0], 'iterations': [150, 150, 150], 'primal_residual': [array(0.03242399), array(0.0294075), array(0.02181342)], 'dual_residual': [array(0.04352365), array(0.04718641), array(0.04431)], 'times': [2.3076463064644486, 2.2985972373280674, 2.322551516117528]}",1,COMPLETE
88,88,0.9707461935315026,0.18989773613087033,2024-05-19 23:47:15.926885,2024-05-19 23:47:18.361842,0 days 00:00:02.434957,0.5687135969498943,1.36431415424961e-05,0.24571575850440364,72.68329627166077,0.5437919332926798,"{'AUC_ROCs': [0.9749318817312684, 0.9747786838646388, 0.9625280149986004], 'S_relative_errors': [0.19374892454496598, 0.18178029297180878, 0.19416399087583622], 'X_relative_errors': [0.9996251868029034, 0.9993765653283647, 0.9995894916869712], 'Sparsity': [1.0, 1.0, 1.0], 'converged': [0, 0, 0], 'iterations': [150, 150, 150], 'primal_residual': [array(0.00453754), array(0.00673248), array(0.00476567)], 'dual_residual': [array(0.00075011), array(0.00074135), array(0.00074911)], 'times': [2.184525273507461, 2.1633610136341304, 2.2000347184948623]}",1,COMPLETE
89,89,0.9428682290797418,0.2653578280850872,2024-05-19 23:47:18.405615,2024-05-19 23:47:20.891131,0 days 00:00:02.485516,2.453497285142194,1.36431415424961e-05,0.8269979099197315,72.68329627166077,0.5437919332926798,"{'AUC_ROCs': [0.952661430903379, 0.9445628369033758, 0.9313804194324706], 'S_relative_errors': [0.2705894440609652, 0.26546191001186004, 0.26002213018243636], 'X_relative_errors': [0.9925725841700288, 0.9926256262452807, 0.9923913030585912], 'Sparsity': [1.0, 1.0, 1.0], 'converged': [0, 0, 0], 'iterations': [150, 150, 150], 'primal_residual': [array(0.02535684), array(0.02439245), array(0.0266277)], 'dual_residual': [array(0.0007177), array(0.00071469), array(0.00077291)], 'times': [2.190315145533532, 2.2272349228151143, 2.228108500363305]}",1,COMPLETE
90,90,0.9345505709735463,0.8058151376474463,2024-05-19 23:47:20.923792,2024-05-19 23:47:23.428478,0 days 00:00:02.504686,0.008599786789862543,22.4582652931457,0.0032875631781864086,60.33385203158171,0.004078336277890535,"{'AUC_ROCs': [0.9357557905921625, 0.9415262571438199, 0.9263696651846565], 'S_relative_errors': [0.8056311220089851, 0.8071294206137731, 0.8046848703195804], 'X_relative_errors': [1.0039917563867025, 1.0034101437497396, 1.0043094504961505], 'Sparsity': [1.0, 1.0, 1.0], 'converged': [0, 0, 0], 'iterations': [150, 150, 150], 'primal_residual': [array(0.29551768), array(0.29966349), array(0.30296591)], 'dual_residual': [array(0.01700705), array(0.01723273), array(0.01751883)], 'times': [2.2512021237052977, 2.2762453102041036, 2.2588365252595395]}",1,COMPLETE
91,91,0.9642309249063574,0.7206838680416441,2024-05-19 23:47:23.479990,2024-05-19 23:47:26.064965,0 days 00:00:02.584975,0.0003893513509914734,0.006729870851256829,0.05970823008901308,0.043920306570861385,0.0033998701574073065,"{'AUC_ROCs': [0.9664619116169136, 0.9692383868814116, 0.9569924762207467], 'S_relative_errors': [0.7182181603447704, 0.7217486994430599, 0.7220847443371021], 'X_relative_errors': [2.54849413582261, 2.735801423664474, 2.570910061790154], 'Sparsity': [1.0, 1.0, 1.0], 'converged': [0, 0, 0], 'iterations': [150, 150, 150], 'primal_residual': [array(0.0151797), array(0.0159202), array(0.01482512)], 'dual_residual': [array(0.01602533), array(0.01613654), array(0.01613031)], 'times': [2.27019929792732, 2.2689850747119635, 2.3123879693448544]}",1,COMPLETE
92,92,0.9847458832531532,0.143827695977956,2024-05-19 23:47:26.107470,2024-05-19 23:47:28.536468,0 days 00:00:02.428998,0.007540361702591968,0.1351465498427278,2.3073895857393616,0.0246750200674626,20.784788728943486,"{'AUC_ROCs': [0.9844254519214782, 0.9880943705442691, 0.9817178272937122], 'S_relative_errors': [0.14539218229041273, 0.1349268118189431, 0.15116409382451218], 'X_relative_errors': [0.9952919684462722, 0.9947123779588115, 0.9956854354016274], 'Sparsity': [1.0, 1.0, 1.0], 'converged': [0, 0, 0], 'iterations': [150, 150, 150], 'primal_residual': [array(0.09394445), array(0.09596663), array(0.09141466)], 'dual_residual': [array(0.00609139), array(0.00627987), array(0.00573902)], 'times': [2.1662704090122133, 2.1773596862331033, 2.184941410087049]}",1,COMPLETE
93,93,0.9793067566534036,0.17255903130907824,2024-05-19 23:47:28.581603,2024-05-19 23:47:30.981313,0 days 00:00:02.399710,0.003660649227686817,0.09198017179571749,16.942075886465112,0.2864359711442769,69.07282635371514,"{'AUC_ROCs': [0.9792403210363564, 0.9839189302678021, 0.9747610186560522], 'S_relative_errors': [0.1775094790549407, 0.17073968632642825, 0.16942792854586577], 'X_relative_errors': [0.9990644594695968, 0.9989634234649822, 0.999057384393953], 'Sparsity': [1.0, 1.0, 1.0], 'converged': [0, 0, 0], 'iterations': [150, 150, 150], 'primal_residual': [array(0.06410152), array(0.06597231), array(0.06202669)], 'dual_residual': [array(0.00423923), array(0.00467147), array(0.00408684)], 'times': [2.154107606736943, 2.1461303308606148, 2.1619389918632805]}",1,COMPLETE
94,94,0.9754525924118722,0.2794733158359242,2024-05-19 23:47:31.021612,2024-05-19 23:47:33.521961,0 days 00:00:02.500349,0.5687135969498943,0.7640430313112543,0.9421310452666224,0.0025082094444340477,77.9703691294098,"{'AUC_ROCs': [0.9771648150656482, 0.9819886625594756, 0.9672042996104927], 'S_relative_errors': [0.28172227251993365, 0.27763475997307796, 0.27906291501476116], 'X_relative_errors': [0.9917509713553743, 0.992416709633197, 0.9906926118106113], 'Sparsity': [1.0, 1.0, 1.0], 'converged': [0, 0, 0], 'iterations': [150, 150, 150], 'primal_residual': [array(0.18077716), array(0.17989037), array(0.19035693)], 'dual_residual': [array(0.01183582), array(0.00983949), array(0.01319955)], 'times': [2.2072292999364436, 2.23746403795667, 2.2470360642764717]}",1,COMPLETE
95,95,0.9655356547510551,0.3783037451871984,2024-05-19 23:47:33.575456,2024-05-19 23:47:36.090899,0 days 00:00:02.515443,2.72774811027907,0.4370734788054047,0.030647692208300825,0.03577034349837571,80.34868103177317,"{'AUC_ROCs': [0.9677700169171592, 0.9707057434331364, 0.9581312039028695], 'S_relative_errors': [0.38448635716845264, 0.37868151387749766, 0.3717433645156448], 'X_relative_errors': [0.9944909398067033, 0.9939509556083977, 0.994174649915865], 'Sparsity': [1.0, 1.0, 1.0], 'converged': [0, 0, 0], 'iterations': [150, 150, 150], 'primal_residual': [array(0.10962434), array(0.11409731), array(0.1035184)], 'dual_residual': [array(0.00849262), array(0.00637959), array(0.00652194)], 'times': [2.208737891400233, 2.2129448540508747, 2.2624967785086483]}",1,COMPLETE
96,96,0.9710537013162853,0.2368920594931938,2024-05-19 23:47:36.134481,2024-05-19 23:47:38.597005,0 days 00:00:02.462524,0.2167619290815808,1.288364775059358e-05,0.0129936943950512,12.99126037057007,0.001701813568357418,"{'AUC_ROCs': [0.9731151624167553, 0.9737151365787942, 0.9663308049533063], 'S_relative_errors': [0.2421507068044827, 0.22684046061302598, 0.24168501106207269], 'X_relative_errors': [1.0137961299523708, 1.019656447911806, 1.0147471416910636], 'Sparsity': [1.0, 1.0, 1.0], 'converged': [0, 0, 0], 'iterations': [150, 150, 150], 'primal_residual': [array(0.302313), array(0.33263738), array(0.31215186)], 'dual_residual': [array(0.07573575), array(0.05773585), array(0.07766165)], 'times': [2.1999496242497116, 2.204005799256265, 2.2176595700439066]}",1,COMPLETE
97,97,0.9695075306126144,0.2364986318714224,2024-05-19 23:47:38.643159,2024-05-19 23:47:41.105612,0 days 00:00:02.462453,0.2167619290815808,1.288364775059358e-05,0.026337963052279253,16.44691260177074,0.10089080611985063,"{'AUC_ROCs': [0.9713949166630484, 0.9729460743450533, 0.9641816008297412], 'S_relative_errors': [0.24139165544897045, 0.22607257452104002, 0.2420316656442567], 'X_relative_errors': [1.0000921255214676, 1.000129935866108, 1.0000838774864014], 'Sparsity': [1.0, 1.0, 1.0], 'converged': [0, 0, 0], 'iterations': [150, 150, 150], 'primal_residual': [array(0.02697459), array(0.02700808), array(0.02734369)], 'dual_residual': [array(0.00555432), array(0.0052612), array(0.00732754)], 'times': [2.1758146341890097, 2.1906274759676307, 2.1992447392549366]}",1,COMPLETE
98,98,0.9701711576808236,0.24493423237286296,2024-05-19 23:47:41.140605,2024-05-19 23:47:43.443024,0 days 00:00:02.302419,0.14107871248461862,0.0020733110415695386,0.8269979099197315,2.1839207708457717,1.453822021218653,"{'AUC_ROCs': [0.9738842012193428, 0.9733619770917473, 0.9632672947313808], 'S_relative_errors': [0.2508084387196653, 0.2336705193252575, 0.2503237390736661], 'X_relative_errors': [0.9999570225191586, 0.9999736456080252, 0.9999610376167811], 'Sparsity': [1.0, 1.0, 1.0], 'converged': [1, 1, 1], 'iterations': [147, 147, 147], 'primal_residual': [array(0.00078136), array(0.0007854), array(0.00080046)], 'dual_residual': [array(0.00045723), array(0.00045651), array(0.00044885)], 'times': [2.044215250760317, 2.069273301633075, 2.0911539571825415]}",1,COMPLETE
99,99,0.9672289449168309,0.2719496934664094,2024-05-19 23:47:43.491399,2024-05-19 23:47:45.889560,0 days 00:00:02.398161,0.008788272794362187,0.0006512938138762518,3.76728493696022,0.002511129514434482,1.7338304393650275,"{'AUC_ROCs': [0.9705232350282496, 0.9704541713168738, 0.9607094284053692], 'S_relative_errors': [0.27825836651022495, 0.260338187004915, 0.2772525268840882], 'X_relative_errors': [0.9993113886415563, 0.9992648858582437, 0.9992621794061897], 'Sparsity': [1.0, 1.0, 1.0], 'converged': [0, 0, 0], 'iterations': [150, 150, 150], 'primal_residual': [array(0.00587228), array(0.00605136), array(0.00612238)], 'dual_residual': [array(0.00264501), array(0.00258547), array(0.00256531)], 'times': [2.128721641842276, 2.1260579072404653, 2.166270729387179]}",1,COMPLETE
100,100,0.9686375036288742,0.272716498883161,2024-05-19 23:47:45.944966,2024-05-19 23:47:48.368299,0 days 00:00:02.423333,0.0006189317662726252,0.0009007643565517335,8.181254205629385,0.136800698055298,0.0053350806013849035,"{'AUC_ROCs': [0.9719605393739104, 0.9732924830155296, 0.9606594884971826], 'S_relative_errors': [0.27902059392562994, 0.2611606883764926, 0.2779682143473606], 'X_relative_errors': [0.9977716677302189, 0.997743482549226, 0.9974418701718202], 'Sparsity': [1.0, 1.0, 1.0], 'converged': [0, 0, 0], 'iterations': [150, 150, 150], 'primal_residual': [array(0.01158924), array(0.01171901), array(0.01262589)], 'dual_residual': [array(0.00299248), array(0.00354967), array(0.00335084)], 'times': [2.1570797339081764, 2.1735094315372407, 2.179189926246181]}",2,COMPLETE
101,101,0.9924627557191453,0.10106816605822107,2024-05-19 23:47:48.408986,2024-05-19 23:47:50.853744,0 days 00:00:02.444758,0.2167619290815808,0.20070492559218758,7.13334926778548,2.0089137495029594,0.8597373074128503,"{'AUC_ROCs': [0.9927863763683362, 0.9947617650156921, 0.9898401257734075], 'S_relative_errors': [0.10263935937215234, 0.09912765620643976, 0.10143748259607112], 'X_relative_errors': [0.45810178797254275, 0.4650756579604528, 0.4458727594920465], 'Sparsity': [1.0, 1.0, 1.0], 'converged': [0, 0, 0], 'iterations': [150, 150, 150], 'primal_residual': [array(0.05610981), array(0.0541365), array(0.05102177)], 'dual_residual': [array(0.00212648), array(0.00264923), array(0.00172138)], 'times': [2.151413913583383, 2.1563662430271506, 2.1867782052140683]}",2,COMPLETE
102,102,0.973082378733748,0.2344640895995532,2024-05-19 23:47:50.904038,2024-05-19 23:47:53.381954,0 days 00:00:02.477916,0.020029821515764535,0.024950213307031274,0.24571575850440364,72.68329627166077,0.0035028679990604366,"{'AUC_ROCs': [0.9754252238527189, 0.9777635691903416, 0.9660583431581835], 'S_relative_errors': [0.24234976949267142, 0.22249944613996026, 0.23854305316602792], 'X_relative_errors': [1.0002299387507123, 1.000125020490095, 1.000251587378599], 'Sparsity': [1.0, 1.0, 1.0], 'converged': [0, 0, 0], 'iterations': [150, 150, 150], 'primal_residual': [array(0.04037005), array(0.04147915), array(0.04499225)], 'dual_residual': [array(0.01715081), array(0.01758413), array(0.01789868)], 'times': [2.1995039717294276, 2.2377877903636545, 2.238324626814574]}",2,COMPLETE
103,103,0.969760500331012,0.2741753331049937,2024-05-19 23:47:53.405472,2024-05-19 23:47:55.759921,0 days 00:00:02.354449,0.003479236649829053,5.270228933426572e-05,4.889976589836459,0.23540722980686124,9.375301327650641,"{'AUC_ROCs': [0.9722510153404077, 0.973348906112308, 0.9636815795403205], 'S_relative_errors': [0.2804489728074471, 0.26253786331381146, 0.2795391631937224], 'X_relative_errors': [0.9999698605360244, 0.9999589429100247, 0.9999445988149643], 'Sparsity': [1.0, 1.0, 1.0], 'converged': [0, 0, 0], 'iterations': [150, 150, 150], 'primal_residual': [array(0.00110392), array(0.00109481), array(0.00111646)], 'dual_residual': [array(0.0006536), array(0.00067399), array(0.00067462)], 'times': [2.116678188322112, 2.1134970013517886, 2.1438747334759682]}",2,COMPLETE
104,104,0.9970832902830153,0.025732960418942408,2024-05-19 23:47:55.813994,2024-05-19 23:47:58.406773,0 days 00:00:02.592779,0.001436012554418176,0.020723964884053907,0.09482018526268768,0.002511129514434482,0.8597373074128503,"{'AUC_ROCs': [0.9967258526882201, 0.9995856301246511, 0.9949383880361748], 'S_relative_errors': [0.03499779687327489, 0.01932253376325381, 0.022878550620298525], 'X_relative_errors': [0.12851166957212215, 0.08248346674983408, 0.08550024424364934], 'Sparsity': [1.0, 1.0, 1.0], 'converged': [0, 0, 0], 'iterations': [150, 150, 150], 'primal_residual': [array(0.01468095), array(0.01570882), array(0.01542336)], 'dual_residual': [array(0.00275662), array(0.00282096), array(0.00265383)], 'times': [2.293340351432562, 2.292495650239289, 2.332051313482225]}",2,COMPLETE
105,105,0.9967830951489344,0.035268791847044415,2024-05-19 23:47:58.459752,2024-05-19 23:48:01.013674,0 days 00:00:02.553922,0.020029821515764535,0.020723964884053907,0.014464086125356495,0.16053638955865318,1.7338304393650275,"{'AUC_ROCs': [0.9980221778756606, 0.9985278337712868, 0.9937992737998557], 'S_relative_errors': [0.037454234891245525, 0.03435664354472999, 0.03399549710515773], 'X_relative_errors': [0.1778949886164687, 0.1769527224416737, 0.1669397660673854], 'Sparsity': [1.0, 1.0, 1.0], 'converged': [0, 0, 0], 'iterations': [150, 150, 150], 'primal_residual': [array(0.01123518), array(0.0120809), array(0.01041612)], 'dual_residual': [array(0.00121458), array(0.00109596), array(0.00106814)], 'times': [2.2824538853019476, 2.26483974349685, 2.2958172955550253]}",2,COMPLETE
106,106,0.9713988191864549,0.23539896225351267,2024-05-19 23:48:01.069303,2024-05-19 23:48:03.562327,0 days 00:00:02.493024,0.2239515746401831,1.648130315732609e-05,38.3195007590953,0.0246750200674626,0.0021978103359965116,"{'AUC_ROCs': [0.9748635303233184, 0.9738278516574863, 0.9655050755785598], 'S_relative_errors': [0.24132599805647423, 0.22351969679855194, 0.24135119190551188], 'X_relative_errors': [1.009644303518224, 1.0111209875426783, 1.0101347987705922], 'Sparsity': [1.0, 1.0, 1.0], 'converged': [0, 0, 0], 'iterations': [150, 150, 150], 'primal_residual': [array(0.19764509), array(0.21660424), array(0.20507214)], 'dual_residual': [array(0.03761456), array(0.03197351), array(0.04007299)], 'times': [2.2424319148994982, 2.21253496222198, 2.233935770113021]}",2,COMPLETE
107,107,0.9683337069697894,0.27206899651077016,2024-05-19 23:48:03.583806,2024-05-19 23:48:05.971817,0 days 00:00:02.388011,0.007540361702591968,0.0008665872884696617,7.13334926778548,16.44691260177074,20.784788728943486,"{'AUC_ROCs': [0.9713451633099037, 0.9710566409222735, 0.9625993166771912], 'S_relative_errors': [0.2783480473500298, 0.2604640214946193, 0.27739492068766136], 'X_relative_errors': [1.0000958614670974, 1.0000964426210663, 1.0001037902627907], 'Sparsity': [1.0, 1.0, 1.0], 'converged': [1, 1, 1], 'iterations': [150, 150, 150], 'primal_residual': [array(0.0005707), array(0.00056959), array(0.00060942)], 'dual_residual': [array(0.00086017), array(0.00087202), array(0.00087291)], 'times': [2.1052655912935734, 2.1234389254823327, 2.144785827724263]}",2,COMPLETE
