,number,values_0,values_1,datetime_start,datetime_complete,duration,params_lda1,params_ldag,params_psi_1,params_psi_2,params_psi_3,user_attrs_metrics,system_attrs_nsga2:generation,state
0,0,0.985357985675202,0.14262872812505054,2024-05-19 23:43:26.463584,2024-05-19 23:43:29.031725,0 days 00:00:02.568141,0.020029821515764535,3.0251878852619293e-05,0.0029243917933947997,0.0031030811413385925,0.40225715309284976,"{'AUC_ROCs': [0.9864271092398144, 0.9874270726330812, 0.9822197751527105], 'S_relative_errors': [0.14554678104476268, 0.13704294178077267, 0.14529646154961626], 'X_relative_errors': [0.529544664948455, 0.5333477731481416, 0.5303426244541182], 'Sparsity': [1.0, 1.0, 1.0], 'converged': [0, 0, 0], 'iterations': [150, 150, 150], 'primal_residual': [array(0.06261219), array(0.05515332), array(0.06314516)], 'dual_residual': [array(0.01848165), array(0.02163978), array(0.02394522)], 'times': [2.26794031704776, 2.31652872543782, 2.2998385834507644]}",0,COMPLETE
1,1,0.6410277974626533,0.9945281094932468,2024-05-19 23:43:29.032547,2024-05-19 23:43:31.601730,0 days 00:00:02.569183,1.6007904746797545,1.687184148230664,0.0012853141660164927,4.638474247231894,0.006374175871438101,"{'AUC_ROCs': [0.6505465632612271, 0.6269699624671228, 0.6455668666596099], 'S_relative_errors': [0.9948210702716148, 0.9930623541209715, 0.9957009040871537], 'X_relative_errors': [2.9781437653543232, 3.187739152689299, 3.003780734757867], 'Sparsity': [1.0, 1.0, 1.0], 'converged': [0, 0, 0], 'iterations': [150, 150, 150], 'primal_residual': [array(0.00391337), array(0.01272315), array(0.02044711)], 'dual_residual': [array(0.00013215), array(0.0006871), array(0.00216512)], 'times': [2.2694647738244385, 2.2865372505038977, 2.318342784419656]}",0,COMPLETE
2,2,0.9678972571281538,0.2805517606067701,2024-05-19 23:43:31.603343,2024-05-19 23:43:34.073014,0 days 00:00:02.469671,0.030082779929767645,0.0002964843092766648,14.976442444446352,0.0010956030749481975,0.004078336277890535,"{'AUC_ROCs': [0.9711260910066116, 0.9709062681620737, 0.9616594122157764], 'S_relative_errors': [0.2869627286261788, 0.2686401200853416, 0.28605243310879], 'X_relative_errors': [1.0450569156939642, 1.0455707938304981, 1.0450117001343309], 'Sparsity': [1.0, 1.0, 1.0], 'converged': [0, 0, 0], 'iterations': [150, 150, 150], 'primal_residual': [array(0.33064588), array(0.33804129), array(0.33481524)], 'dual_residual': [array(0.06468526), array(0.06566202), array(0.0661643)], 'times': [2.1736976276151836, 2.206656653434038, 2.201642770320177]}",0,COMPLETE
3,3,0.9705684947240805,0.26277182090146894,2024-05-19 23:43:34.073879,2024-05-19 23:43:36.598354,0 days 00:00:02.524475,0.008580126369384046,0.006729870851256829,0.007010120467560018,0.4342995723725239,2.2892155050357417,"{'AUC_ROCs': [0.974829256947175, 0.9721814529611201, 0.9646947742639461], 'S_relative_errors': [0.2688190347475331, 0.25125243504876094, 0.2682439929081129], 'X_relative_errors': [0.9999299077287729, 0.9999629910745033, 0.9999197029444026], 'Sparsity': [1.0, 1.0, 1.0], 'converged': [0, 0, 0], 'iterations': [150, 150, 150], 'primal_residual': [array(0.00455732), array(0.00449738), array(0.00451624)], 'dual_residual': [array(0.00125692), array(0.00125719), array(0.00124687)], 'times': [2.1802936736494303, 2.179369061253965, 2.3019246766343713]}",0,COMPLETE
4,4,0.9876697674503294,0.11539439933086897,2024-05-19 23:43:36.601318,2024-05-19 23:43:39.162416,0 days 00:00:02.561098,0.005689610030694244,0.1282429290937206,0.007657430276616282,12.99126037057007,0.001701813568357418,"{'AUC_ROCs': [0.9895532630453836, 0.9890356111127826, 0.9844204281928223], 'S_relative_errors': [0.11465719133599761, 0.11492721461335231, 0.11659879204325699], 'X_relative_errors': [0.7604280232062179, 0.786384616042857, 0.7677444672870236], 'Sparsity': [1.0, 1.0, 1.0], 'converged': [0, 0, 0], 'iterations': [150, 150, 150], 'primal_residual': [array(0.32105828), array(0.33382172), array(0.33056946)], 'dual_residual': [array(0.05441107), array(0.05692206), array(0.05637139)], 'times': [2.28452035645023, 2.2846392737701535, 2.275321757653728]}",0,COMPLETE
5,5,0.9879232179999794,0.09842776894908972,2024-05-19 23:43:39.165907,2024-05-19 23:43:41.699448,0 days 00:00:02.533541,0.37826169123039016,0.0006512938138762518,3.76728493696022,0.16053638955865318,1.7338304393650275,"{'AUC_ROCs': [0.9891130280420704, 0.9901067300155704, 0.9845498959422977], 'S_relative_errors': [0.09283193055008856, 0.09790976339895488, 0.10454161289822571], 'X_relative_errors': [0.4700419603241295, 0.5176157434354675, 0.5167779113244685], 'Sparsity': [1.0, 1.0, 1.0], 'converged': [0, 0, 0], 'iterations': [150, 150, 150], 'primal_residual': [array(0.00349841), array(0.00522722), array(0.0041374)], 'dual_residual': [array(0.00018535), array(0.00018933), array(0.00015054)], 'times': [2.235867652343586, 2.232697213999927, 2.218841422814876]}",0,COMPLETE
6,6,0.9335877457761605,0.805428287520017,2024-05-19 23:43:41.702679,2024-05-19 23:43:44.285914,0 days 00:00:02.583235,0.013310609490269328,94.23556859404285,0.006099634493559493,7.623931176800978,0.6766758798677858,"{'AUC_ROCs': [0.9380098975539559, 0.9395712439032229, 0.923182095871303], 'S_relative_errors': [0.8041331046988939, 0.8067481879568754, 0.8054035699042816], 'X_relative_errors': [1.8876751262451301, 2.0468394860357293, 1.9245411570668234], 'Sparsity': [1.0, 1.0, 1.0], 'converged': [0, 0, 0], 'iterations': [150, 150, 150], 'primal_residual': [array(0.00793417), array(0.00230566), array(0.00916914)], 'dual_residual': [array(0.00019049), array(0.00014943), array(0.00023532)], 'times': [2.23647640645504, 2.263609288726002, 2.3167248016688973]}",0,COMPLETE
7,7,0.9705491145138784,0.23488848163628542,2024-05-19 23:43:44.291149,2024-05-19 23:43:46.860981,0 days 00:00:02.569832,0.2239515746401831,1.648130315732609e-05,6.982075749287115,77.86074310144487,0.0021978103359965116,"{'AUC_ROCs': [0.9721741133711261, 0.9764009499640774, 0.9630722802064312], 'S_relative_errors': [0.23974146785616565, 0.224658494389118, 0.24026548266357264], 'X_relative_errors': [0.999713421954872, 0.9997068557476139, 0.9996787820867432], 'Sparsity': [1.0, 1.0, 1.0], 'converged': [0, 0, 0], 'iterations': [150, 150, 150], 'primal_residual': [array(0.00282553), array(0.00287534), array(0.00316065)], 'dual_residual': [array(0.00754756), array(0.00783723), array(0.00773452)], 'times': [2.1329511627554893, 2.21685081301257, 2.3255249925423414]}",0,COMPLETE
8,8,0.9707080053150476,0.2361982404867269,2024-05-19 23:43:46.865690,2024-05-19 23:43:49.275216,0 days 00:00:02.409526,0.2167619290815808,1.288364775059358e-05,7.13334926778548,16.44691260177074,0.10089080611985063,"{'AUC_ROCs': [0.9725069206676414, 0.9767019886274675, 0.962915106650034], 'S_relative_errors': [0.24149003801033417, 0.2256675993146104, 0.24143708413523624], 'X_relative_errors': [0.9998820666657419, 0.999884246157584, 0.9998791490597662], 'Sparsity': [1.0, 1.0, 1.0], 'converged': [0, 0, 0], 'iterations': [150, 150, 150], 'primal_residual': [array(0.00236427), array(0.00217169), array(0.00249196)], 'dual_residual': [array(0.00071059), array(0.00076714), array(0.00069076)], 'times': [2.112353859236464, 2.120185307925567, 2.124889706261456]}",0,COMPLETE
9,9,0.9910052700466983,0.24079440450168788,2024-05-19 23:43:49.280490,2024-05-19 23:43:51.918816,0 days 00:00:02.638326,0.02898615879821694,0.004751580940230037,0.10726210778119656,0.07071502365069074,0.14591010007357375,"{'AUC_ROCs': [0.992545883072248, 0.9926515799976519, 0.9878183470701948], 'S_relative_errors': [0.23399762490267034, 0.2420722191063361, 0.24631336949605717], 'X_relative_errors': [0.8184117851664803, 0.9049891444661561, 0.8655955483514587], 'Sparsity': [1.0, 1.0, 1.0], 'converged': [0, 0, 0], 'iterations': [150, 150, 150], 'primal_residual': [array(0.01042574), array(0.01032204), array(0.01118529)], 'dual_residual': [array(0.04838433), array(0.04913778), array(0.04877723)], 'times': [2.2715485978405923, 2.2777201787102968, 2.391416083322838]}",0,COMPLETE
10,10,0.9533164822060697,0.9316443471835169,2024-05-19 23:43:51.926253,2024-05-19 23:43:54.398496,0 days 00:00:02.472243,8.477806182637126,2.598713101269762,0.5066603813851246,2.3753820762901614,41.45330776129883,"{'AUC_ROCs': [0.9542953047341071, 0.9586345489484919, 0.9470195929356099], 'S_relative_errors': [0.9336231185829175, 0.9318693709882634, 0.9294405519793696], 'X_relative_errors': [0.9967719701103248, 0.9961036207204386, 0.9970499728309172], 'Sparsity': [1.0, 1.0, 1.0], 'converged': [0, 0, 0], 'iterations': [150, 150, 150], 'primal_residual': [array(0.34032503), array(0.35048527), array(0.26648065)], 'dual_residual': [array(0.04070178), array(0.04846291), array(0.03110326)], 'times': [2.1808831121306866, 2.20727641065605, 2.2052491393405944]}",0,COMPLETE
11,11,0.8669322688718122,0.995214051896042,2024-05-19 23:43:54.402891,2024-05-19 23:43:57.007315,0 days 00:00:02.604424,2.794400749637613,0.023316432635753316,4.493469704728925,0.005767965248220394,2.2701888318136816,"{'AUC_ROCs': [0.8655008476330484, 0.8711916013966211, 0.864104357585767], 'S_relative_errors': [0.9950219888001461, 0.9939753095490206, 0.9966448573389592], 'X_relative_errors': [3.002205044125064, 3.2074858918053613, 3.02730041759433], 'Sparsity': [1.0, 1.0, 1.0], 'converged': [0, 0, 0], 'iterations': [150, 150, 150], 'primal_residual': [array(0.00587535), array(0.00572616), array(0.00534004)], 'dual_residual': [array(0.00026329), array(0.0002472), array(0.00042211)], 'times': [2.2872895053587854, 2.3289172637742013, 2.3497229737695307]}",0,COMPLETE
12,12,0.941404243896292,0.8148351105274324,2024-05-19 23:43:57.012295,2024-05-19 23:43:59.599846,0 days 00:00:02.587551,0.013574873026735665,0.7640430313112543,0.9421310452666224,0.0025082094444340477,0.0011183944184272984,"{'AUC_ROCs': [0.9410535406721517, 0.9404890330325203, 0.9426701579842038], 'S_relative_errors': [0.8141351925848022, 0.8158460018276409, 0.8145241371698542], 'X_relative_errors': [2.8305148017574404, 3.030488213303698, 2.842664568189834], 'Sparsity': [1.0, 1.0, 1.0], 'converged': [0, 0, 0], 'iterations': [150, 150, 150], 'primal_residual': [array(0.09047756), array(0.07866747), array(0.06988336)], 'dual_residual': [array(0.02091228), array(0.02475252), array(0.02124798)], 'times': [2.2542640171013772, 2.2845161298755556, 2.32475542742759]}",0,COMPLETE
13,13,0.9665077063432066,0.2668275262454168,2024-05-19 23:43:59.607799,2024-05-19 23:44:02.058281,0 days 00:00:02.450482,0.0401997131900733,0.00019250540310064814,4.942557993885534,0.0025928753435439903,45.1725478359409,"{'AUC_ROCs': [0.9693132392976275, 0.9715766328819264, 0.958633246850066], 'S_relative_errors': [0.2729882045799978, 0.255313985810003, 0.2721803883462497], 'X_relative_errors': [0.9994913702353773, 0.999584213782167, 0.9995871799378461], 'Sparsity': [1.0, 1.0, 1.0], 'converged': [0, 0, 0], 'iterations': [150, 150, 150], 'primal_residual': [array(0.00526123), array(0.00539394), array(0.00566981)], 'dual_residual': [array(0.00577589), array(0.00591529), array(0.00584197)], 'times': [2.152024943847209, 2.1463396523613483, 2.245705273002386]}",0,COMPLETE
14,14,0.9720417945963384,0.19089979248778102,2024-05-19 23:44:02.069100,2024-05-19 23:44:04.542133,0 days 00:00:02.473033,0.5570612959255417,2.607379981975132e-05,1.516571806674518,60.1240187255954,0.7025222290609288,"{'AUC_ROCs': [0.9739594809813092, 0.976617655120099, 0.9655482476876069], 'S_relative_errors': [0.19457485391583867, 0.1822334707116482, 0.19589105283585623], 'X_relative_errors': [1.0000057479316227, 1.0000440918929472, 1.0000108368029563], 'Sparsity': [1.0, 1.0, 1.0], 'converged': [0, 0, 0], 'iterations': [150, 150, 150], 'primal_residual': [array(0.00405592), array(0.00422812), array(0.00283019)], 'dual_residual': [array(0.00081161), array(0.00073348), array(0.00075461)], 'times': [2.1379339466802776, 2.1711789406836033, 2.236439624102786]}",0,COMPLETE
15,15,0.9311980862041297,0.8050415536931933,2024-05-19 23:44:04.552247,2024-05-19 23:44:07.077819,0 days 00:00:02.525572,0.3025773055404003,22.4582652931457,0.0032875631781864086,60.33385203158171,0.0017090593415488057,"{'AUC_ROCs': [0.9323540728122062, 0.9351782787363361, 0.9260619070638465], 'S_relative_errors': [0.8045345142067883, 0.8071098563784126, 0.803480290494379], 'X_relative_errors': [1.0014186270338303, 1.0013062014771046, 1.00171347221304], 'Sparsity': [1.0, 1.0, 1.0], 'converged': [0, 0, 0], 'iterations': [150, 150, 150], 'primal_residual': [array(0.27339046), array(0.27761999), array(0.27944739)], 'dual_residual': [array(0.04211576), array(0.04254871), array(0.04349288)], 'times': [2.2595269188750535, 2.2406657855026424, 2.2625495698302984]}",0,COMPLETE
16,16,0.9694584434625027,0.2746997863930263,2024-05-19 23:44:07.089935,2024-05-19 23:44:09.559405,0 days 00:00:02.469470,0.0012981141724774023,6.909629278387628e-05,0.0430713440270282,0.00786766886380478,44.55519113045938,"{'AUC_ROCs': [0.9729474709821934, 0.9714879448686853, 0.9639399145366293], 'S_relative_errors': [0.28103895952209523, 0.2629240852242773, 0.2801363144327063], 'X_relative_errors': [1.0006026231744078, 1.0000158490654285, 1.0006587244053808], 'Sparsity': [1.0, 1.0, 1.0], 'converged': [0, 0, 0], 'iterations': [150, 150, 150], 'primal_residual': [array(0.10604834), array(0.10965538), array(0.11195186)], 'dual_residual': [array(0.01422267), array(0.0145089), array(0.01462701)], 'times': [2.191047522937879, 2.2254261698108166, 2.1945658554323018]}",0,COMPLETE
17,17,0.9715613931557977,0.2544976894996364,2024-05-19 23:44:09.570660,2024-05-19 23:44:11.987484,0 days 00:00:02.416824,0.003479236649829053,0.012410404159021816,4.889976589836459,0.23540722980686124,9.375301327650641,"{'AUC_ROCs': [0.9747004040009645, 0.9748147095391723, 0.9651690659272565], 'S_relative_errors': [0.2599705535564984, 0.2431358647189697, 0.26038665022344104], 'X_relative_errors': [0.9999729636302657, 0.9999710621097522, 0.9999799832793708], 'Sparsity': [1.0, 1.0, 1.0], 'converged': [0, 0, 0], 'iterations': [150, 150, 150], 'primal_residual': [array(0.00384061), array(0.00428829), array(0.00373058)], 'dual_residual': [array(0.00067436), array(0.0007141), array(0.0006989)], 'times': [2.1026400760747492, 2.1142572737298906, 2.146035209298134]}",0,COMPLETE
18,18,0.9753962605797812,0.2237146060716441,2024-05-19 23:44:11.999215,2024-05-19 23:44:14.465699,0 days 00:00:02.466484,0.003660649227686817,0.03391138584380403,16.942075886465112,0.33969269870544805,0.0015887858062804908,"{'AUC_ROCs': [0.9768606989685343, 0.9798264068185802, 0.969501675952229], 'S_relative_errors': [0.22804287884300184, 0.2158637645595391, 0.2272371748123913], 'X_relative_errors': [1.0001651328149261, 1.0002113161231296, 1.0001930145116966], 'Sparsity': [1.0, 1.0, 1.0], 'converged': [0, 0, 0], 'iterations': [150, 150, 150], 'primal_residual': [array(0.02507902), array(0.02732628), array(0.02554554)], 'dual_residual': [array(0.00454793), array(0.00427774), array(0.00455751)], 'times': [2.149885151302442, 2.1936580080073327, 2.1761197494342923]}",0,COMPLETE
19,19,0.9687892735934257,0.26876017780862566,2024-05-19 23:44:14.476407,2024-05-19 23:44:16.879908,0 days 00:00:02.403501,0.03161801582277562,9.529307813887346e-05,54.418787147969596,9.458213343353963,0.6201065823341547,"{'AUC_ROCs': [0.9709109096652369, 0.9741835662854333, 0.9612733448296068], 'S_relative_errors': [0.27485131789666495, 0.257386291763517, 0.27404292376569506], 'X_relative_errors': [1.0001395851732453, 1.0001445306271426, 1.0001375819281795], 'Sparsity': [1.0, 1.0, 1.0], 'converged': [0, 0, 0], 'iterations': [150, 150, 150], 'primal_residual': [array(0.00207549), array(0.00213997), array(0.00213455)], 'dual_residual': [array(0.00031842), array(0.00030452), array(0.00032145)], 'times': [2.106569575611502, 2.1437666872516274, 2.146184225566685]}",0,COMPLETE
20,20,0.9338066941885911,0.7783872647294992,2024-05-19 23:44:16.893860,2024-05-19 23:44:19.404318,0 days 00:00:02.510458,0.9132222478524383,6.228061925636849,4.74403350746081,1.1064945287913528,33.82549094455865,"{'AUC_ROCs': [0.9340244441842118, 0.9365473087333023, 0.9308483296482591], 'S_relative_errors': [0.7793502284016629, 0.7807848807179899, 0.7750266850688448], 'X_relative_errors': [0.996994310448768, 0.9934599556325993, 0.9971662744949218], 'Sparsity': [1.0, 1.0, 1.0], 'converged': [0, 0, 0], 'iterations': [150, 150, 150], 'primal_residual': [array(0.25842599), array(0.15975119), array(0.19205029)], 'dual_residual': [array(0.05357748), array(0.05384847), array(0.05227494)], 'times': [2.2387541208881885, 2.219135812483728, 2.225945898098871]}",0,COMPLETE
21,21,0.9347222253096469,0.8054622645617924,2024-05-19 23:44:19.409315,2024-05-19 23:44:21.943501,0 days 00:00:02.534186,0.36468555023494736,14.30265079650246,0.3262427830160357,48.75921529673719,0.06321946338937934,"{'AUC_ROCs': [0.9426322169880132, 0.9330780243368291, 0.9284564346040984], 'S_relative_errors': [0.8048199149259537, 0.8079524223169599, 0.8036144564424633], 'X_relative_errors': [0.996695503464442, 0.9964822244262224, 0.9966325059974197], 'Sparsity': [1.0, 1.0, 1.0], 'converged': [0, 0, 0], 'iterations': [150, 150, 150], 'primal_residual': [array(0.1709365), array(0.17964352), array(0.18080621)], 'dual_residual': [array(0.00185892), array(0.00179637), array(0.00254793)], 'times': [2.21825359063223, 2.2664000815711915, 2.2957066921517253]}",0,COMPLETE
22,22,0.9931552699769483,0.04911073694389365,2024-05-19 23:44:21.955093,2024-05-19 23:44:24.449864,0 days 00:00:02.494771,0.001436012554418176,0.020723964884053907,0.8269979099197315,0.002511129514434482,0.8597373074128503,"{'AUC_ROCs': [0.9961951594556747, 0.9960164244755524, 0.9872542259996179], 'S_relative_errors': [0.045883015113081606, 0.043149052720330316, 0.058300142998269064], 'X_relative_errors': [0.1895833644073037, 0.19770845441920024, 0.23046889324864947], 'Sparsity': [1.0, 1.0, 1.0], 'converged': [0, 0, 0], 'iterations': [150, 150, 150], 'primal_residual': [array(0.01548429), array(0.01793946), array(0.01550952)], 'dual_residual': [array(0.00142601), array(0.00154425), array(0.00142737)], 'times': [2.247311731800437, 2.2472576620057225, 2.2340787884313613]}",0,COMPLETE
23,23,0.9356754990915417,0.8055866304135194,2024-05-19 23:44:24.462245,2024-05-19 23:44:27.058604,0 days 00:00:02.596359,0.0003140706037004742,1.2298786692709236,0.01865569380352073,0.011158607558692735,0.5528490411393455,"{'AUC_ROCs': [0.9321616687266151, 0.9414609885905593, 0.9334038399574508], 'S_relative_errors': [0.8053004001484795, 0.8074269332342375, 0.8040325578578412], 'X_relative_errors': [2.7934258897889435, 2.9935038009446298, 2.7996673201285933], 'Sparsity': [1.0, 1.0, 1.0], 'converged': [0, 0, 0], 'iterations': [150, 150, 150], 'primal_residual': [array(0.00258621), array(0.00268076), array(0.00277281)], 'dual_residual': [array(0.00747566), array(0.00782752), array(0.00807685)], 'times': [2.326200411655009, 2.261867807013914, 2.308811211725697]}",0,COMPLETE
24,24,0.9601272552808314,0.185334573746062,2024-05-19 23:44:27.064790,2024-05-19 23:44:29.489157,0 days 00:00:02.424367,1.4627543968597374,0.04132284664333048,3.4648726651157893,51.24058576628553,0.13242426205369323,"{'AUC_ROCs': [0.9633788121277375, 0.9649020004435819, 0.9521009532711746], 'S_relative_errors': [0.18958293038290722, 0.1842853833617928, 0.182135407493486], 'X_relative_errors': [0.9952340520754764, 0.9948705655074528, 0.9953436262696085], 'Sparsity': [1.0, 1.0, 1.0], 'converged': [0, 0, 0], 'iterations': [150, 150, 150], 'primal_residual': [array(0.02232032), array(0.02201608), array(0.02198003)], 'dual_residual': [array(0.00142229), array(0.00119571), array(0.00147756)], 'times': [2.195830312790349, 2.2001556747127324, 2.200373053783551]}",0,COMPLETE
25,25,0.9214804336936523,0.8415146342498608,2024-05-19 23:44:29.496357,2024-05-19 23:44:31.990166,0 days 00:00:02.493809,0.005918574377125722,1.8340891114494253,0.001478381644193039,0.012084462157436464,0.19200759332329692,"{'AUC_ROCs': [0.9172569218736804, 0.9243606180424698, 0.9228237611648066], 'S_relative_errors': [0.840663128738526, 0.8433183412414417, 0.8405624327696151], 'X_relative_errors': [2.9654409002326108, 3.178316762076173, 2.9755370774070324], 'Sparsity': [1.0, 1.0, 1.0], 'converged': [0, 0, 0], 'iterations': [150, 150, 150], 'primal_residual': [array(0.003641), array(0.00363167), array(0.00360751)], 'dual_residual': [array(0.01465493), array(0.01492899), array(0.01501033)], 'times': [2.272382494760677, 2.296672157244757, 2.290745020378381]}",0,COMPLETE
26,26,0.9959764276159215,0.03601309495203291,2024-05-19 23:44:32.007300,2024-05-19 23:44:34.595746,0 days 00:00:02.588446,0.14317744346624972,0.0024397203072469738,0.030647692208300825,1.8723419524228246,0.1265860753226734,"{'AUC_ROCs': [0.9966014852301676, 0.9979435838022088, 0.9933842138153884], 'S_relative_errors': [0.03662132878711082, 0.0374235597843112, 0.0339943962846767], 'X_relative_errors': [0.17405431446980943, 0.185824542756366, 0.16457349259910736], 'Sparsity': [1.0, 1.0, 1.0], 'converged': [0, 0, 0], 'iterations': [150, 150, 150], 'primal_residual': [array(0.0046754), array(0.00452732), array(0.00487886)], 'dual_residual': [array(0.0004672), array(0.00047136), array(0.00055497)], 'times': [2.279541010968387, 2.3266103190835565, 2.2985556048806757]}",0,COMPLETE
