,number,values_0,values_1,datetime_start,datetime_complete,duration,params_lda1,params_ldag,params_psi_1,params_psi_2,params_psi_3,user_attrs_metrics,system_attrs_nsga2:generation,state
54,54,0.9281963067503076,0.856418660023333,2024-05-19 23:32:40.888812,2024-05-19 23:32:43.332780,0 days 00:00:02.443968,0.43776304842818786,26.264707722655793,7.909646121732262,0.24875709602361137,71.04561091395287,"{'AUC_ROCs': [0.9332545454418828, 0.9211379553766356, 0.9301964194324045], 'S_relative_errors': [0.8579681419581083, 0.8596966428258357, 0.8515911952860548], 'X_relative_errors': [0.9975328031498362, 0.9975036744587248, 0.997712185022597], 'Sparsity': [1.0, 1.0, 1.0], 'converged': [0, 0, 0], 'iterations': [150, 150, 150], 'primal_residual': [array(0.17987127), array(0.18134689), array(0.16628049)], 'dual_residual': [array(0.00265089), array(0.00206912), array(0.0021278)], 'times': [2.2247698013670743, 2.2279800665564835, 2.241452071117237]}",1,COMPLETE
55,55,0.9712478723410234,0.49457636936516297,2024-05-19 23:32:43.345792,2024-05-19 23:32:45.881176,0 days 00:00:02.535384,0.32911579287512815,1.851446747977911,0.012798262543719775,0.09039340729483425,33.21545295929361,"{'AUC_ROCs': [0.9709549258401557, 0.9766499850610068, 0.9661387061219077], 'S_relative_errors': [0.4999895291587334, 0.494720149649377, 0.48901942928737835], 'X_relative_errors': [0.9797989112979616, 0.9626915491114713, 0.9918588256759973], 'Sparsity': [1.0, 1.0, 1.0], 'converged': [0, 0, 0], 'iterations': [150, 150, 150], 'primal_residual': [array(0.36995567), array(0.36045382), array(0.32271843)], 'dual_residual': [array(0.03190383), array(0.02717823), array(0.02241204)], 'times': [2.271995067363605, 2.275682272389531, 2.3431125693023205]}",1,COMPLETE
56,56,0.9369002506559082,0.8862693718072395,2024-05-19 23:32:45.893845,2024-05-19 23:32:48.408030,0 days 00:00:02.514185,2.677088826166574,0.00013259980491527344,28.999273890316573,0.012112134520492574,15.982050552115682,"{'AUC_ROCs': [0.9419073727182167, 0.939579434851356, 0.9292139443981519], 'S_relative_errors': [0.8884335914014264, 0.88034547311768, 0.890029050902612], 'X_relative_errors': [1.0135998521853322, 1.0161711800358115, 1.0272935082438983], 'Sparsity': [1.0, 1.0, 1.0], 'converged': [0, 0, 0], 'iterations': [150, 150, 150], 'primal_residual': [array(0.14118571), array(0.14207605), array(0.15077324)], 'dual_residual': [array(0.00756322), array(0.00942291), array(0.00891472)], 'times': [2.255875718779862, 2.2740725479088724, 2.3151013841852546]}",1,COMPLETE
57,57,0.8585886731804896,0.999999999998681,2024-05-19 23:32:48.422876,2024-05-19 23:32:49.790705,0 days 00:00:01.367829,0.34801242537206745,0.4348307214194572,0.5451856604198939,0.001753421073026112,1.9685696602847689,"{'AUC_ROCs': [0.871544662323024, 0.8654758727244174, 0.8387454844940275], 'S_relative_errors': [0.9999999999984988, 0.9999999999997298, 0.9999999999978149], 'X_relative_errors': [3.280145493997808, 3.5095824149939427, 3.297391880457835], 'Sparsity': [1.0, 1.0, 1.0], 'converged': [1, 1, 1], 'iterations': [73, 65, 66], 'primal_residual': [array(0.00095971), array(0.00094984), array(0.00099721)], 'dual_residual': [array(2.66823276e-05), array(2.57469413e-05), array(2.67964604e-05)], 'times': [1.1267780768685043, 1.016258155927062, 1.0479486156255007]}",1,COMPLETE
58,58,0.9632035681770533,0.3218453823510789,2024-05-19 23:32:49.808274,2024-05-19 23:32:52.240214,0 days 00:00:02.431940,0.7222976774080225,0.0007426209279061774,0.050370238682494656,47.71609232043536,49.73004365861897,"{'AUC_ROCs': [0.9709883817427174, 0.9658681880135481, 0.9527541347748947], 'S_relative_errors': [0.32818059917010045, 0.3186946224078246, 0.3186609254753117], 'X_relative_errors': [0.9987563296359319, 0.9992527756097519, 0.9992640969864959], 'Sparsity': [1.0, 1.0, 1.0], 'converged': [0, 0, 0], 'iterations': [150, 150, 150], 'primal_residual': [array(0.00679679), array(0.00442798), array(0.00467123)], 'dual_residual': [array(0.00057763), array(0.00073789), array(0.00071156)], 'times': [2.1976099689491093, 2.2026977229397744, 2.2340380307286978]}",1,COMPLETE
59,59,0.9689147598188893,0.2745393003890961,2024-05-19 23:32:52.256440,2024-05-19 23:32:54.652834,0 days 00:00:02.396394,0.0003208001422189478,1.5309039067574573e-05,6.098352651679366,8.671671011576944,0.24315678359989842,"{'AUC_ROCs': [0.971544391176592, 0.9709921867735384, 0.9642077015065372], 'S_relative_errors': [0.28083955225265167, 0.2628698865797837, 0.2799084623348527], 'X_relative_errors': [0.9999851086411703, 0.9999623759080065, 0.999970122610787], 'Sparsity': [1.0, 1.0, 1.0], 'converged': [0, 0, 0], 'iterations': [150, 150, 150], 'primal_residual': [array(0.0013713), array(0.00137814), array(0.00135336)], 'dual_residual': [array(0.00067137), array(0.00070017), array(0.00070302)], 'times': [2.1430541537702084, 2.1590566565282643, 2.185889547225088]}",1,COMPLETE
60,60,0.9716299748588716,0.24568222586971233,2024-05-19 23:32:54.667996,2024-05-19 23:32:57.029430,0 days 00:00:02.361434,0.0012278412397003216,0.017622896093803967,0.3029126444363581,28.698699377863516,1.6919050457999771,"{'AUC_ROCs': [0.9735780679796252, 0.9768971749560597, 0.9644146816409301], 'S_relative_errors': [0.25058212310297945, 0.23504610358729355, 0.251418450918864], 'X_relative_errors': [1.0000105177077492, 1.0000068069425796, 1.0000055548331974], 'Sparsity': [1.0, 1.0, 1.0], 'converged': [0, 0, 0], 'iterations': [150, 150, 150], 'primal_residual': [array(0.00664868), array(0.00752746), array(0.00692651)], 'dual_residual': [array(0.00074279), array(0.00083743), array(0.00079338)], 'times': [2.1354085414204746, 2.1600543970707804, 2.158648492069915]}",1,COMPLETE
61,61,0.9611190631680949,0.9993112813512264,2024-05-19 23:32:57.043705,2024-05-19 23:32:59.539041,0 days 00:00:02.495336,5.49664866351169,0.0008580295665561507,0.8260282339708167,0.006458177239242769,47.803412329135014,"{'AUC_ROCs': [0.9678656538946122, 0.9532743846018293, 0.9622171510078433], 'S_relative_errors': [0.9980610192369906, 0.9999498617215086, 0.9999229630951798], 'X_relative_errors': [0.9987277579932561, 0.9941782781293024, 0.9988544575460172], 'Sparsity': [1.0, 1.0, 1.0], 'converged': [0, 0, 0], 'iterations': [150, 150, 150], 'primal_residual': [array(0.02744524), array(0.03019931), array(0.01630956)], 'dual_residual': [array(0.64361113), array(1.03926897), array(1.17467449)], 'times': [2.269131939858198, 2.279258320806548, 2.29676744597964]}",1,COMPLETE
62,62,0.8269217101324227,0.9999999999800692,2024-05-19 23:32:59.559691,2024-05-19 23:33:02.011042,0 days 00:00:02.451351,2.2757498611096447,0.969158794438202,16.432660345642162,0.011684147206351853,0.07861581497200772,"{'AUC_ROCs': [0.837419225541581, 0.8269910781429926, 0.8163548267126942], 'S_relative_errors': [0.9999999999776705, 0.9999999999824163, 0.9999999999801206], 'X_relative_errors': [2.79159007973157, 2.9711596050657096, 2.809269275887402], 'Sparsity': [1.0, 1.0, 1.0], 'converged': [0, 0, 0], 'iterations': [150, 150, 150], 'primal_residual': [array(0.00762675), array(0.00706928), array(0.00757294)], 'dual_residual': [array(0.00023717), array(0.00022131), array(0.00023686)], 'times': [2.233548851450905, 2.2598989207763225, 2.255723230075091]}",1,COMPLETE
63,63,0.967068042949188,0.2737436012827522,2024-05-19 23:33:02.042422,2024-05-19 23:33:04.499391,0 days 00:00:02.456969,0.000659387820584156,0.00011122708100957677,1.8650328765931485,0.001753421073026112,1.9685696602847689,"{'AUC_ROCs': [0.9707206909944086, 0.9694149026664646, 0.961068535186691], 'S_relative_errors': [0.28003371896488216, 0.2621003416250337, 0.2790967432583408], 'X_relative_errors': [0.9991265869048089, 0.9991311424418484, 0.9991097688634522], 'Sparsity': [1.0, 1.0, 1.0], 'converged': [0, 0, 0], 'iterations': [150, 150, 150], 'primal_residual': [array(0.00643386), array(0.00646911), array(0.00634819)], 'dual_residual': [array(0.00214918), array(0.00216338), array(0.00221602)], 'times': [2.116501942742616, 2.245102439308539, 2.151566522894427]}",1,COMPLETE
64,64,0.9686381068551695,0.999999999740559,2024-05-19 23:33:04.518184,2024-05-19 23:33:07.099829,0 days 00:00:02.581645,12.372811752101308,0.06782025047055813,0.010078857678277353,1.551112722647797,92.96804190627643,"{'AUC_ROCs': [0.9719403552080261, 0.9732041425099788, 0.9607698228475036], 'S_relative_errors': [0.9999999997408814, 0.9999999997404284, 0.9999999997403672], 'X_relative_errors': [0.9988930572780704, 0.998883179237365, 0.9988737379419036], 'Sparsity': [1.0, 1.0, 1.0], 'converged': [0, 0, 0], 'iterations': [150, 150, 150], 'primal_residual': [array(0.01544861), array(0.01570956), array(0.01583426)], 'dual_residual': [array(0.00052556), array(0.00053444), array(0.00053868)], 'times': [2.2536591393873096, 2.1693533475045115, 2.287751760100946]}",1,COMPLETE
65,65,0.9401170614221849,0.817048938381295,2024-05-19 23:33:07.136445,2024-05-19 23:33:09.745378,0 days 00:00:02.608933,0.000685742020655934,0.969158794438202,0.4302286517357903,0.09039340729483425,0.028599408288808775,"{'AUC_ROCs': [0.9415516889012687, 0.937817404570039, 0.940982090795247], 'S_relative_errors': [0.8160800345462915, 0.8190821459549819, 0.8159846346426117], 'X_relative_errors': [2.8579502340131824, 3.064782425681933, 2.8680218931960435], 'Sparsity': [1.0, 1.0, 1.0], 'converged': [0, 0, 0], 'iterations': [150, 150, 150], 'primal_residual': [array(0.00929622), array(0.01135133), array(0.01076368)], 'dual_residual': [array(0.02317088), array(0.02308491), array(0.02364399)], 'times': [2.3447716012597084, 2.3343967685941607, 2.2747936740051955]}",1,COMPLETE
66,66,0.9825614233583749,0.12544287568329585,2024-05-19 23:33:09.782974,2024-05-19 23:33:12.420202,0 days 00:00:02.637228,0.12162212066881066,0.12585665478994054,0.3365548327505442,24.760865103494112,0.015735598468778457,"{'AUC_ROCs': [0.9832760638945165, 0.985933528285574, 0.978474677895034], 'S_relative_errors': [0.12753758638177737, 0.1255912272874078, 0.12319981338070238], 'X_relative_errors': [0.9930762723528007, 0.9937790232773948, 0.9606288768627244], 'Sparsity': [1.0, 1.0, 1.0], 'converged': [0, 0, 0], 'iterations': [150, 150, 150], 'primal_residual': [array(0.05481139), array(0.04829705), array(0.04946749)], 'dual_residual': [array(0.0044045), array(0.00412499), array(0.00437442)], 'times': [2.2212917034048587, 2.3535404028370976, 2.3684978927485645]}",1,COMPLETE
67,67,0.8527234351266221,0.9960953967115188,2024-05-19 23:33:12.446352,2024-05-19 23:33:15.093439,0 days 00:00:02.647087,0.053857718842351555,0.002777195086057202,0.019584718543746646,0.3018203868154471,0.005842303524994648,"{'AUC_ROCs': [0.8745642674713087, 0.8393759281653251, 0.8442301097432325], 'S_relative_errors': [0.9942589908823601, 0.996687373915349, 0.9973398253368475], 'X_relative_errors': [3.496829276704215, 3.744685782834872, 3.519613282375982], 'Sparsity': [1.0, 1.0, 1.0], 'converged': [0, 0, 0], 'iterations': [150, 150, 150], 'primal_residual': [array(0.0039527), array(0.00264761), array(0.00271179)], 'dual_residual': [array(0.00153049), array(0.00090075), array(0.00087352)], 'times': [2.3384187549818307, 2.393656383268535, 2.441798791056499]}",1,COMPLETE
68,68,0.9849077002481325,0.15272712319103576,2024-05-19 23:33:15.109125,2024-05-19 23:33:17.622254,0 days 00:00:02.513129,0.0008971845989299474,0.3727450114958979,0.006945904196697879,0.0032397806318639573,7.685056139855956,"{'AUC_ROCs': [0.9867497501376074, 0.9926562479000302, 0.9753171027067596], 'S_relative_errors': [0.15617997422038815, 0.146653216157988, 0.15534817919473115], 'X_relative_errors': [0.4135875411079536, 0.4024703677937374, 0.4073135740595613], 'Sparsity': [1.0, 1.0, 1.0], 'converged': [0, 0, 0], 'iterations': [150, 150, 150], 'primal_residual': [array(0.27255853), array(0.27160347), array(0.27698702)], 'dual_residual': [array(0.04191332), array(0.04460129), array(0.0440499)], 'times': [2.295976938912645, 2.3125330111943185, 2.3127544801682234]}",1,COMPLETE
69,69,0.9360856459586803,0.8135953725608339,2024-05-19 23:33:17.638555,2024-05-19 23:33:20.204257,0 days 00:00:02.565702,0.00030307647885516255,0.1658472003992809,0.5730663085038288,0.016453554981594162,0.052998732158963606,"{'AUC_ROCs': [0.9387686276961851, 0.9387548811825583, 0.9307334289972973], 'S_relative_errors': [0.8125832098632199, 0.8149288777396001, 0.8132740300796817], 'X_relative_errors': [2.8417632030276345, 3.0449791544225655, 2.8548147679123774], 'Sparsity': [1.0, 1.0, 1.0], 'converged': [0, 0, 0], 'iterations': [150, 150, 150], 'primal_residual': [array(0.06877121), array(0.05991616), array(0.05698617)], 'dual_residual': [array(0.0228633), array(0.02633244), array(0.02420611)], 'times': [2.3403720259666443, 2.3361632882151753, 2.3664565784856677]}",1,COMPLETE
70,70,0.9327755956175515,0.9113580887892563,2024-05-19 23:33:20.238802,2024-05-19 23:33:22.815956,0 days 00:00:02.577154,0.12162212066881066,0.0007426209279061774,1.9249491291345728,0.006006563770367744,0.015735598468778457,"{'AUC_ROCs': [0.933059478197228, 0.9358420834490555, 0.9294252252063713], 'S_relative_errors': [0.9113377008622915, 0.9127786972460988, 0.9099578682593785], 'X_relative_errors': [3.1390549701077957, 3.3586897206715283, 3.1477170796121343], 'Sparsity': [1.0, 1.0, 1.0], 'converged': [0, 0, 0], 'iterations': [150, 150, 150], 'primal_residual': [array(0.00639991), array(0.00596581), array(0.00640715)], 'dual_residual': [array(0.00351607), array(0.00325218), array(0.00379002)], 'times': [2.2948575816117227, 2.345683220308274, 2.3352309099864215]}",1,COMPLETE
71,71,0.841656024518997,0.9999996268977349,2024-05-19 23:33:22.832505,2024-05-19 23:33:23.496024,0 days 00:00:00.663519,0.6648197120351628,0.0012677163858916614,0.010078857678277353,0.10320981356987714,0.257019618541095,"{'AUC_ROCs': [0.797628124609099, 0.8164617987311867, 0.9108781502167053], 'S_relative_errors': [0.9999997609087938, 0.9999997397813399, 0.9999993800030711], 'X_relative_errors': [3.510900770740543, 3.751343938058736, 3.5235654383219726], 'Sparsity': [1.0, 1.0, 1.0], 'converged': [1, 1, 1], 'iterations': [29, 29, 29], 'primal_residual': [array(0.00053063), array(0.00055292), array(0.00093418)], 'dual_residual': [array(5.17706854e-05), array(5.29268494e-05), array(5.466072e-05)], 'times': [0.4484764882363379, 0.45014858106151223, 0.46284925704821944]}",1,COMPLETE
72,72,0.9313718682732084,0.8053726175962863,2024-05-19 23:33:23.513005,2024-05-19 23:33:26.029647,0 days 00:00:02.516642,0.00303030486150785,16.42685313175892,0.03283160445826323,0.01791226332075649,12.427087069347316,"{'AUC_ROCs': [0.9329359069796769, 0.9313662089167455, 0.9298134889232026], 'S_relative_errors': [0.8046366233473665, 0.8078718401446023, 0.8036093892968901], 'X_relative_errors': [1.480325043614841, 1.6180577120673216, 1.5094033190450635], 'Sparsity': [1.0, 1.0, 1.0], 'converged': [0, 0, 0], 'iterations': [150, 150, 150], 'primal_residual': [array(0.05049488), array(0.04765833), array(0.05007046)], 'dual_residual': [array(0.00710307), array(0.00688787), array(0.00717065)], 'times': [2.2989826053380966, 2.308736396022141, 2.3245902496855706]}",1,COMPLETE
73,73,0.9685591250641706,0.2411655419927751,2024-05-19 23:33:26.068258,2024-05-19 23:33:28.599464,0 days 00:00:02.531206,0.03270379951189977,0.0005323970821343571,0.01288741582370197,5.57964502838164,0.005060419343188492,"{'AUC_ROCs': [0.9730703659261453, 0.9715185820420715, 0.9610884272242952], 'S_relative_errors': [0.24748483889769887, 0.22950552564065807, 0.2465062614399683], 'X_relative_errors': [1.0099134853073208, 1.0089544380199003, 1.0082747408296089], 'Sparsity': [1.0, 1.0, 1.0], 'converged': [0, 0, 0], 'iterations': [150, 150, 150], 'primal_residual': [array(0.2686148), array(0.27107411), array(0.27125498)], 'dual_residual': [array(0.05007411), array(0.05105369), array(0.05147853)], 'times': [2.290913043078035, 2.2946257228031754, 2.298109226161614]}",1,COMPLETE
74,74,0.9398076255843346,0.8046720897485379,2024-05-19 23:33:28.618711,2024-05-19 23:33:31.142666,0 days 00:00:02.523955,0.0002944129146020025,79.12884256484988,0.007242646570656518,0.002980426572795738,4.244821705808781,"{'AUC_ROCs': [0.9434790872379608, 0.9363885973874995, 0.9395551921275438], 'S_relative_errors': [0.8037841422642203, 0.8074907399348964, 0.8027413870464966], 'X_relative_errors': [2.3480593103318363, 2.5347900127310514, 2.364211832679761], 'Sparsity': [1.0, 1.0, 1.0], 'converged': [1, 0, 1], 'iterations': [128, 150, 127], 'primal_residual': [array(0.00076041), array(0.00449498), array(0.00093891)], 'dual_residual': [array(0.00065555), array(0.00070877), array(0.00035305)], 'times': [1.9721171134151518, 2.3257074779830873, 1.9680555895902216]}",1,COMPLETE
75,75,0.9444936406658355,0.8048951027477784,2024-05-19 23:33:31.160380,2024-05-19 23:33:33.556811,0 days 00:00:02.396431,0.00435917815926314,11.71486283852665,0.5730663085038288,0.25295173085912426,0.7552226773394636,"{'AUC_ROCs': [0.9448744514731034, 0.9434881640415722, 0.945118306482831], 'S_relative_errors': [0.8043583789619038, 0.8070260479969155, 0.8033008812845159], 'X_relative_errors': [2.6973351791299827, 2.8945580863627662, 2.706057086568819], 'Sparsity': [1.0, 1.0, 1.0], 'converged': [1, 1, 1], 'iterations': [145, 133, 135], 'primal_residual': [array(0.00094905), array(0.00099667), array(0.00096679)], 'dual_residual': [array(0.00024935), array(0.0004601), array(0.00040437)], 'times': [2.181140145752579, 2.0143644416239113, 2.1654594615101814]}",1,COMPLETE
76,76,0.9662038852508124,0.18978978489448348,2024-05-19 23:33:33.600653,2024-05-19 23:33:36.086467,0 days 00:00:02.485814,0.09423263117678189,7.202267075830871e-05,0.6417806112842861,0.3589525072452885,30.22646521609605,"{'AUC_ROCs': [0.9688268276535014, 0.9715235580110834, 0.9582612700878521], 'S_relative_errors': [0.1895682132447903, 0.1831637761688237, 0.1966373652698364], 'X_relative_errors': [0.9992963523072922, 0.9990850298957997, 0.9992396241344219], 'Sparsity': [1.0, 1.0, 1.0], 'converged': [0, 0, 0], 'iterations': [150, 150, 150], 'primal_residual': [array(0.0062408), array(0.00650307), array(0.00630159)], 'dual_residual': [array(0.00074654), array(0.00076678), array(0.00077264)], 'times': [2.1861074331682175, 2.1887509878724813, 2.1970819202251732]}",1,COMPLETE
77,77,0.9847136101264097,0.17092802531101295,2024-05-19 23:33:36.131334,2024-05-19 23:33:38.830313,0 days 00:00:02.698979,0.00435917815926314,0.4192739536911796,16.432660345642162,0.042609390412027666,0.07861581497200772,"{'AUC_ROCs': [0.9856655593445561, 0.9906924073245172, 0.977782863710156], 'S_relative_errors': [0.17389616668723243, 0.1643110391284275, 0.17457687011737888], 'X_relative_errors': [0.7478641532228464, 0.7435842523846935, 0.7371975143862283], 'Sparsity': [1.0, 1.0, 1.0], 'converged': [0, 0, 0], 'iterations': [150, 150, 150], 'primal_residual': [array(0.14166682), array(0.13201822), array(0.15440895)], 'dual_residual': [array(0.00591931), array(0.00648863), array(0.00666702)], 'times': [2.3593202303163707, 2.225720883347094, 2.4312897513154894]}",1,COMPLETE
78,78,0.8312195838270108,0.6084470910859769,2024-05-19 23:33:38.869402,2024-05-19 23:33:41.652994,0 days 00:00:02.783592,0.7222976774080225,0.017165822867769038,0.2462740921290861,8.671671011576944,0.15566117047841715,"{'AUC_ROCs': [0.820687114700283, 0.8254093595819578, 0.8475622771987916], 'S_relative_errors': [0.6130660318029928, 0.6053938206505889, 0.606881420804349], 'X_relative_errors': [1.3268581511974955, 1.3883564123249037, 1.3172412552962218], 'Sparsity': [1.0, 1.0, 1.0], 'converged': [0, 0, 0], 'iterations': [150, 150, 150], 'primal_residual': [array(0.00931391), array(0.00738458), array(0.00783355)], 'dual_residual': [array(0.00141197), array(0.00185239), array(0.00150691)], 'times': [2.2328069331124425, 2.451854564016685, 2.314659541938454]}",1,COMPLETE
79,79,0.5619494628543661,0.9999999989306462,2024-05-19 23:33:41.693788,2024-05-19 23:33:42.696295,0 days 00:00:01.002507,12.372811752101308,0.0032282506861889344,0.03458512499215423,0.10320981356987714,5.63920260318621,"{'AUC_ROCs': [0.5689361181384113, 0.5572751685791785, 0.5596371018455085], 'S_relative_errors': [0.9999999984934171, 0.9999999999606245, 0.9999999983378973], 'X_relative_errors': [2.86517051058966, 3.0752457022393744, 2.8892442443506763], 'Sparsity': [1.0, 1.0, 1.0], 'converged': [1, 1, 1], 'iterations': [41, 50, 41], 'primal_residual': [array(0.00099343), array(0.00072092), array(0.00096012)], 'dual_residual': [array(2.77957291e-05), array(2.10844133e-05), array(2.69185686e-05)], 'times': [0.613070669118315, 0.7495343517512083, 0.6202357239089906]}",1,COMPLETE
80,80,0.9802761940612005,0.3331054057289801,2024-05-19 23:33:42.740772,2024-05-19 23:33:45.159128,0 days 00:00:02.418356,0.7222976774080225,0.06782025047055813,0.16340926647932313,19.65426445867639,49.73004365861897,"{'AUC_ROCs': [0.9849438331525633, 0.9804592375099682, 0.97542551152107], 'S_relative_errors': [0.3394245155906232, 0.33034807733972, 0.32954362425659717], 'X_relative_errors': [0.9995020627998048, 0.9994846555690451, 0.9995061932077561], 'Sparsity': [1.0, 1.0, 1.0], 'converged': [0, 0, 0], 'iterations': [150, 150, 150], 'primal_residual': [array(0.00432548), array(0.0045057), array(0.00450737)], 'dual_residual': [array(0.00098824), array(0.00046119), array(0.0004092)], 'times': [2.200484679546207, 2.140378115233034, 2.1401622553821653]}",1,COMPLETE
