,number,values_0,values_1,datetime_start,datetime_complete,duration,params_lda1,params_ldag,params_psi_1,params_psi_2,params_psi_3,user_attrs_metrics,system_attrs_nsga2:generation,state
54,54,0.9764954971819452,0.24030079569178842,2024-05-19 23:39:07.968896,2024-05-19 23:39:10.484301,0 days 00:00:02.515405,0.404415627964274,0.38607771490716736,3.5817642561177268,0.0012222176377436015,20.084331778475136,"{'AUC_ROCs': [0.9786605942520795, 0.9790798153275059, 0.97174608196625], 'S_relative_errors': [0.24433796233808125, 0.23826872443408026, 0.23829570030320377], 'X_relative_errors': [0.915759287497774, 0.8850193864866603, 0.8982461237615968], 'Sparsity': [1.0, 1.0, 1.0], 'converged': [0, 0, 0], 'iterations': [150, 150, 150], 'primal_residual': [array(0.05339187), array(0.05023081), array(0.0519126)], 'dual_residual': [array(0.00263092), array(0.00308902), array(0.00288958)], 'times': [2.1833404223434627, 2.1954969628714025, 2.260427755769342]}",1,COMPLETE
55,55,0.9546315050629998,0.21696013465716624,2024-05-19 23:39:10.516932,2024-05-19 23:39:12.935518,0 days 00:00:02.418586,0.4514110230247241,0.004977850590043965,55.03999043048966,22.580053224796334,0.7371200132392371,"{'AUC_ROCs': [0.9566115014685477, 0.9584596886218529, 0.9488233250985989], 'S_relative_errors': [0.2220562599389966, 0.21409670887833127, 0.21472743515417078], 'X_relative_errors': [0.999131523693997, 0.9990974714527407, 0.9991473771558331], 'Sparsity': [1.0, 1.0, 1.0], 'converged': [0, 0, 0], 'iterations': [150, 150, 150], 'primal_residual': [array(0.00558637), array(0.00542578), array(0.00567533)], 'dual_residual': [array(0.00028791), array(0.00029084), array(0.00028685)], 'times': [2.1566095694433898, 2.162259522592649, 2.190947704249993]}",1,COMPLETE
56,56,0.9791785780148277,0.19763041342787457,2024-05-19 23:39:12.963750,2024-05-19 23:39:15.436706,0 days 00:00:02.472956,0.0008435826957695319,0.09593488508781682,0.013630315969980268,25.24743843541194,0.004168108182128334,"{'AUC_ROCs': [0.9801578268428396, 0.982701381644526, 0.9746765255571176], 'S_relative_errors': [0.20242128695420483, 0.18883883727832765, 0.20163111605109124], 'X_relative_errors': [1.015545127208608, 1.0166318138968866, 1.0145603154997231], 'Sparsity': [1.0, 1.0, 1.0], 'converged': [0, 0, 0], 'iterations': [150, 150, 150], 'primal_residual': [array(0.31629151), array(0.32283827), array(0.32456146)], 'dual_residual': [array(0.0479549), array(0.04929824), array(0.04963317)], 'times': [2.21577280620113, 2.22846335824579, 2.23822202347219]}",1,COMPLETE
57,57,0.9695391620023918,0.26089096904562,2024-05-19 23:39:15.663725,2024-05-19 23:39:18.156768,0 days 00:00:02.493043,0.002027225046112529,0.011892078162808963,88.28199789145579,0.0012599080834590588,0.39293652878646185,"{'AUC_ROCs': [0.9730816396299914, 0.9726620720862789, 0.9628737742909055], 'S_relative_errors': [0.2669419216320163, 0.24951621359505663, 0.266214771909787], 'X_relative_errors': [1.0015475023179925, 1.0017263204416147, 1.0016012736724231], 'Sparsity': [1.0, 1.0, 1.0], 'converged': [0, 0, 0], 'iterations': [150, 150, 150], 'primal_residual': [array(0.01749092), array(0.01839508), array(0.01926408)], 'dual_residual': [array(0.00537866), array(0.00559717), array(0.00540017)], 'times': [2.217802630038932, 2.1679425619076937, 2.221872868249193]}",1,COMPLETE
58,58,0.9663089127697422,0.1750331658146628,2024-05-19 23:39:18.184973,2024-05-19 23:39:20.586590,0 days 00:00:02.401617,0.11653941728681423,0.009511306816056775,2.290944093804998,1.618783839771623,14.832591306949514,"{'AUC_ROCs': [0.9690341474469923, 0.9700537827631955, 0.9598388080990389], 'S_relative_errors': [0.17610030750598282, 0.1672396991522343, 0.18175949078577128], 'X_relative_errors': [1.000317427728305, 1.000347249375179, 1.000373484093752], 'Sparsity': [1.0, 1.0, 1.0], 'converged': [0, 0, 0], 'iterations': [150, 150, 150], 'primal_residual': [array(0.01033176), array(0.0099472), array(0.01032137)], 'dual_residual': [array(0.00043857), array(0.00044228), array(0.00043934)], 'times': [2.1285782256163657, 2.1412161181215197, 2.134857897879556]}",1,COMPLETE
59,59,0.968698972447155,0.26873145178894436,2024-05-19 23:39:20.623817,2024-05-19 23:39:23.122895,0 days 00:00:02.499078,0.0002566968974178958,0.0009934139591735414,0.002841628463727583,0.005243748914383993,21.337177284679317,"{'AUC_ROCs': [0.9726850120648058, 0.9723429918043103, 0.9610689134723485], 'S_relative_errors': [0.274963596102288, 0.2573199582052574, 0.2739108010592877], 'X_relative_errors': [0.9822568752906762, 0.9824067240730854, 0.981884357951292], 'Sparsity': [1.0, 1.0, 1.0], 'converged': [0, 0, 0], 'iterations': [150, 150, 150], 'primal_residual': [array(0.24029766), array(0.24525028), array(0.24736884)], 'dual_residual': [array(0.01972199), array(0.02016073), array(0.02040182)], 'times': [2.227970364736393, 2.2112315171398222, 2.2900976426899433]}",1,COMPLETE
60,60,0.9696732663202576,0.2531647382516106,2024-05-19 23:39:23.156508,2024-05-19 23:39:25.793265,0 days 00:00:02.636757,0.00033854622027480735,0.0011772378155345262,0.001781788062390121,0.35273292253606436,0.013996757248675332,"{'AUC_ROCs': [0.9714841072774021, 0.9752417879626272, 0.9622939037207436], 'S_relative_errors': [0.2639843737910501, 0.23883586418582195, 0.2566739767779599], 'X_relative_errors': [0.9446084658251362, 0.9130930452078541, 0.9215070282651224], 'Sparsity': [1.0, 1.0, 1.0], 'converged': [0, 0, 0], 'iterations': [150, 150, 150], 'primal_residual': [array(0.06158412), array(0.06668929), array(0.06769295)], 'dual_residual': [array(0.02739914), array(0.02505892), array(0.02751258)], 'times': [2.25673023192212, 2.38450994505547, 2.2729735982138664]}",1,COMPLETE
61,61,0.9882885812124624,0.14829943803768164,2024-05-19 23:39:25.825640,2024-05-19 23:39:28.338254,0 days 00:00:02.512614,0.00023750069109405522,0.6638544590025834,1.1358635144112506,1.3588459711260952,4.52689267290734,"{'AUC_ROCs': [0.9879876408271294, 0.9918757989265758, 0.9850023038836818], 'S_relative_errors': [0.1524200105721901, 0.1457523601159403, 0.1467259434249145], 'X_relative_errors': [0.3459074843289874, 0.337191598069654, 0.31258251707504053], 'Sparsity': [1.0, 1.0, 1.0], 'converged': [0, 0, 0], 'iterations': [150, 150, 150], 'primal_residual': [array(0.11335209), array(0.11243529), array(0.1118165)], 'dual_residual': [array(0.00751775), array(0.00703101), array(0.00492254)], 'times': [2.2598096998408437, 2.2397735989652574, 2.2550197762902826]}",1,COMPLETE
62,62,0.584498924931839,0.9999999943647965,2024-05-19 23:39:28.373857,2024-05-19 23:39:29.503154,0 days 00:00:01.129297,0.36982285149956035,1.8200900766254635,0.009543471374825321,2.5334617245616835,0.022871563974275328,"{'AUC_ROCs': [0.7558920915932562, 0.4849788670979821, 0.5126258161042786], 'S_relative_errors': [0.9999999840095589, 0.9999999993723986, 0.9999999997124318], 'X_relative_errors': [3.2445975416100357, 3.4730232884451846, 3.262587472670588], 'Sparsity': [1.0, 1.0, 1.0], 'converged': [1, 1, 1], 'iterations': [52, 56, 60], 'primal_residual': [array(0.00094861), array(0.00088158), array(0.00088501)], 'dual_residual': [array(1.70043255e-05), array(1.45737695e-05), array(1.39918543e-05)], 'times': [0.7866100925020874, 0.8501227686647326, 0.9143528405111283]}",1,COMPLETE
63,63,0.9687994236274213,0.2738409965200404,2024-05-19 23:39:29.539213,2024-05-19 23:39:31.995752,0 days 00:00:02.456539,0.0003432268570414485,0.0005801657198304876,18.740183053404802,0.00851122248776172,0.11772985643440732,"{'AUC_ROCs': [0.9724474149608349, 0.9728046429790415, 0.9611462129423877], 'S_relative_errors': [0.2801042139580952, 0.26218542760745356, 0.2792333479945725], 'X_relative_errors': [0.9996482565905427, 0.9996788003213832, 0.9996248986621435], 'Sparsity': [1.0, 1.0, 1.0], 'converged': [0, 0, 0], 'iterations': [150, 150, 150], 'primal_residual': [array(0.00578238), array(0.0058192), array(0.00612913)], 'dual_residual': [array(0.00168535), array(0.00192067), array(0.00185884)], 'times': [2.175605012802407, 2.176017744699493, 2.213269285624847]}",1,COMPLETE
64,64,0.9633921167087441,0.1559885857606615,2024-05-19 23:39:32.032769,2024-05-19 23:39:34.413587,0 days 00:00:02.380818,0.19779239173926497,0.00601933753270006,16.575980244140002,1.337385989736255,14.657227185607088,"{'AUC_ROCs': [0.9703431275501355, 0.9629023676419532, 0.9569308549341438], 'S_relative_errors': [0.1580075019601694, 0.15089186365408652, 0.15906639166772857], 'X_relative_errors': [0.9991129241582818, 0.9994120470976157, 0.999423216832507], 'Sparsity': [1.0, 1.0, 1.0], 'converged': [0, 0, 0], 'iterations': [150, 150, 150], 'primal_residual': [array(0.00760739), array(0.00512866), array(0.00529144)], 'dual_residual': [array(0.00056592), array(0.00047926), array(0.00048035)], 'times': [2.1112978539895266, 2.1282195071689785, 2.169418186414987]}",1,COMPLETE
65,65,0.9835013777692309,0.147482214653512,2024-05-19 23:39:34.447929,2024-05-19 23:39:36.911375,0 days 00:00:02.463446,0.002272471711937324,0.20245872289334854,0.1801705898755591,69.88362447967924,27.701513432765303,"{'AUC_ROCs': [0.9855595128496145, 0.9876720516970008, 0.9772725687610769], 'S_relative_errors': [0.14664663701642808, 0.14304610553214187, 0.15275390141196607], 'X_relative_errors': [0.9986326150352344, 0.9985981424955827, 0.9988147136453707], 'Sparsity': [1.0, 1.0, 1.0], 'converged': [0, 0, 0], 'iterations': [150, 150, 150], 'primal_residual': [array(0.08749271), array(0.08043854), array(0.08745575)], 'dual_residual': [array(0.00656731), array(0.00543511), array(0.00586226)], 'times': [2.1883407812565565, 2.162433495745063, 2.1992296683602035]}",1,COMPLETE
66,66,0.9849620978024239,0.17710593684081277,2024-05-19 23:39:36.942158,2024-05-19 23:39:39.531141,0 days 00:00:02.588983,0.00023082216124385905,0.7998640488638671,1.7037848381593903,9.223660035140119,0.3390133461533042,"{'AUC_ROCs': [0.9847366577440168, 0.9892038325501746, 0.9809458031130809], 'S_relative_errors': [0.18122702703092097, 0.1720380066024186, 0.17805277688909868], 'X_relative_errors': [0.5323225365531776, 0.5273141844193324, 0.5190334968712047], 'Sparsity': [1.0, 1.0, 1.0], 'converged': [0, 0, 0], 'iterations': [150, 150, 150], 'primal_residual': [array(0.147097), array(0.15053843), array(0.1587858)], 'dual_residual': [array(0.00997983), array(0.00790624), array(0.00882668)], 'times': [2.3761621047742665, 2.277422103798017, 2.3331290259957314]}",1,COMPLETE
67,67,0.9685684088850793,0.2722348340635927,2024-05-19 23:39:39.567016,2024-05-19 23:39:42.080649,0 days 00:00:02.513633,0.002272471711937324,1.6124838087386796e-05,0.1801705898755591,1.6424212608884197,0.0012261891688094004,"{'AUC_ROCs': [0.9729129311308956, 0.9728697953410808, 0.9599225001832619], 'S_relative_errors': [0.27851847952480063, 0.2606172817807921, 0.2775687408851854], 'X_relative_errors': [0.9999283075871208, 0.9998718625866292, 0.9999059916789365], 'Sparsity': [1.0, 1.0, 1.0], 'converged': [0, 0, 0], 'iterations': [150, 150, 150], 'primal_residual': [array(0.00796655), array(0.00804638), array(0.0085977)], 'dual_residual': [array(0.00301405), array(0.00287092), array(0.00291393)], 'times': [2.254147883504629, 2.17460307222791, 2.224805881502107]}",1,COMPLETE
68,68,0.9331002219285874,0.8060287314688638,2024-05-19 23:39:42.118888,2024-05-19 23:39:44.759205,0 days 00:00:02.640317,0.0002141226157519444,32.65876941801854,0.0018729020601162003,0.005243748914383993,27.701513432765303,"{'AUC_ROCs': [0.9352350301944591, 0.9357803411394733, 0.9282852944518296], 'S_relative_errors': [0.8054158131462801, 0.8077066575620265, 0.8049637236982848], 'X_relative_errors': [0.8906394937758405, 0.8958693969586172, 0.8939388905576127], 'Sparsity': [1.0, 1.0, 1.0], 'converged': [0, 0, 0], 'iterations': [150, 150, 150], 'primal_residual': [array(0.33148366), array(0.30245137), array(0.33243132)], 'dual_residual': [array(0.01622913), array(0.0118658), array(0.01628979)], 'times': [2.319101747823879, 2.3817096054553986, 2.249957151245326]}",1,COMPLETE
69,69,0.8732883842180734,0.9999999999998254,2024-05-19 23:39:44.798589,2024-05-19 23:39:47.175189,0 days 00:00:02.376600,0.19779239173926497,46.427794163020835,2.047504190357564,0.03183421314686717,0.6538269212382253,"{'AUC_ROCs': [0.8724537439050019, 0.8715938895168758, 0.8758175192323425], 'S_relative_errors': [0.9999999999998359, 0.9999999999997984, 0.9999999999998419], 'X_relative_errors': [3.343409019867374, 3.573414575131429, 3.3584498259475533], 'Sparsity': [1.0, 1.0, 1.0], 'converged': [1, 1, 1], 'iterations': [133, 142, 135], 'primal_residual': [array(0.0009883), array(0.00097187), array(0.00099615)], 'dual_residual': [array(3.03913714e-05), array(3.0026679e-05), array(3.11309247e-05)], 'times': [1.9912868330720812, 2.1260748205240816, 2.0595317520201206]}",1,COMPLETE
70,70,0.9698371213953858,0.25998612441250746,2024-05-19 23:39:47.213808,2024-05-19 23:39:49.569364,0 days 00:00:02.355556,0.005735858138250871,0.008727353217548537,5.558938395258233,41.92903906290589,96.67811832525669,"{'AUC_ROCs': [0.9708235726987707, 0.9743557776654157, 0.9643320138219709], 'S_relative_errors': [0.26586297753585125, 0.2489471383783826, 0.26514825732328845], 'X_relative_errors': [1.0000864315920237, 1.0000943847546024, 1.0000942088236173], 'Sparsity': [1.0, 1.0, 1.0], 'converged': [1, 1, 1], 'iterations': [150, 150, 150], 'primal_residual': [array(0.00070795), array(0.00093048), array(0.00077417)], 'dual_residual': [array(0.0008002), array(0.00081563), array(0.00081317)], 'times': [2.0870163056533784, 2.111111166421324, 2.1008206927217543]}",1,COMPLETE
71,71,0.9640583362388413,0.999999385102396,2024-05-19 23:39:49.598343,2024-05-19 23:39:50.304102,0 days 00:00:00.705759,4.0162330941893165,0.0035420091919793144,0.08442253612137367,0.004735217797871711,0.8404386543782079,"{'AUC_ROCs': [0.9656002477492764, 0.9692956393063586, 0.9572791216608886], 'S_relative_errors': [0.9999993869460435, 0.9999993847169151, 0.9999993836442297], 'X_relative_errors': [3.446786501734033, 3.684180705058852, 3.460676033616611], 'Sparsity': [1.0, 1.0, 1.0], 'converged': [1, 1, 1], 'iterations': [30, 30, 30], 'primal_residual': [array(0.00096255), array(0.00098048), array(0.00098712)], 'dual_residual': [array(6.33155986e-05), array(6.3952948e-05), array(6.42741002e-05)], 'times': [0.4568258810322732, 0.455339215695858, 0.46577609167434275]}",1,COMPLETE
72,72,0.9392240348920979,0.7511566822814388,2024-05-19 23:39:50.331675,2024-05-19 23:39:52.874268,0 days 00:00:02.542593,0.0005802780425613797,5.636841915922258e-05,0.08653420146581504,0.0010236620735058469,0.0012261891688094004,"{'AUC_ROCs': [0.9418555194134561, 0.9440857131086348, 0.9317308721542029], 'S_relative_errors': [0.7507379504214824, 0.7494052790465451, 0.7533268173762891], 'X_relative_errors': [2.668688990411004, 2.8456407255474665, 2.6868079241644547], 'Sparsity': [1.0, 1.0, 1.0], 'converged': [0, 0, 0], 'iterations': [150, 150, 150], 'primal_residual': [array(0.01046814), array(0.01672433), array(0.01391195)], 'dual_residual': [array(0.01798259), array(0.01784603), array(0.01796957)], 'times': [2.2966151242144406, 2.306421246845275, 2.291326746577397]}",1,COMPLETE
73,73,0.9415044134420055,0.751286957460071,2024-05-19 23:39:52.899274,2024-05-19 23:39:55.388202,0 days 00:00:02.488928,0.00018622225293584877,2.546520406002417,16.635219873533813,0.031035702122816866,0.01724001273330842,"{'AUC_ROCs': [0.9442576050183041, 0.9431497373882254, 0.9371058979194872], 'S_relative_errors': [0.7560757050214126, 0.7521419083402118, 0.7456432590185889], 'X_relative_errors': [1.9516530810363737, 2.059152822916758, 1.9321330196389064], 'Sparsity': [1.0, 1.0, 1.0], 'converged': [0, 0, 0], 'iterations': [150, 150, 150], 'primal_residual': [array(0.21221448), array(0.19511697), array(0.1910053)], 'dual_residual': [array(0.02855262), array(0.02573454), array(0.02709714)], 'times': [2.21114439656958, 2.2179002910852432, 2.235019684303552]}",1,COMPLETE
74,74,0.9679767497345765,0.2670448066452481,2024-05-19 23:39:55.422192,2024-05-19 23:39:57.812264,0 days 00:00:02.390072,0.002272471711937324,0.00531736796777255,0.9961684824624898,9.58824274373127,0.03697316626584131,"{'AUC_ROCs': [0.9730329840270843, 0.9726802576114162, 0.9582170075652293], 'S_relative_errors': [0.27297891281426234, 0.25583056969424284, 0.27232493742723907], 'X_relative_errors': [1.0001930568104382, 1.0000984813916978, 1.000185570081803], 'Sparsity': [1.0, 1.0, 1.0], 'converged': [0, 0, 0], 'iterations': [150, 150, 150], 'primal_residual': [array(0.00321184), array(0.00331686), array(0.00361648)], 'dual_residual': [array(0.00120775), array(0.00123892), array(0.00122264)], 'times': [2.118392461678013, 2.1356449746526778, 2.136220800690353]}",1,COMPLETE
75,75,0.9690672060520872,0.26368530182375877,2024-05-19 23:39:57.839501,2024-05-19 23:40:00.467050,0 days 00:00:02.627549,0.005654213123358028,0.004977850590043965,50.20918358825133,0.19935113708079003,0.09983925244163867,"{'AUC_ROCs': [0.9705729989979345, 0.9732413386245238, 0.9633872805338034], 'S_relative_errors': [0.2695675750286439, 0.25205724473783414, 0.2694310857047981], 'X_relative_errors': [0.9996683468775958, 0.999623449129921, 0.9996114066779345], 'Sparsity': [1.0, 1.0, 1.0], 'converged': [0, 0, 0], 'iterations': [150, 150, 150], 'primal_residual': [array(0.00430778), array(0.00462782), array(0.00500355)], 'dual_residual': [array(0.00150383), array(0.00152194), array(0.00140003)], 'times': [2.3784125363454223, 2.224495082627982, 2.2462800794746727]}",1,COMPLETE
76,76,0.9689370835387431,0.2824022544513634,2024-05-19 23:40:00.508620,2024-05-19 23:40:03.025631,0 days 00:00:02.517011,0.002436967767895052,2.2996930718451884e-05,16.635219873533813,0.001235009722936858,0.01724001273330842,"{'AUC_ROCs': [0.9736987844095649, 0.9719345434173635, 0.9611779227893009], 'S_relative_errors': [0.2888045289932444, 0.2703032690235943, 0.2880989653372516], 'X_relative_errors': [1.0375782236141273, 1.0386640152389601, 1.0385096764699933], 'Sparsity': [1.0, 1.0, 1.0], 'converged': [0, 0, 0], 'iterations': [150, 150, 150], 'primal_residual': [array(0.26478968), array(0.27174692), array(0.26965767)], 'dual_residual': [array(0.04444037), array(0.04558553), array(0.04525509)], 'times': [2.262681036721915, 2.1986959213390946, 2.2163369993213564]}",1,COMPLETE
77,77,0.9681434610126773,0.2710371360450199,2024-05-19 23:40:03.045166,2024-05-19 23:40:05.232453,0 days 00:00:02.187287,0.002436967767895052,0.0009934139591735414,38.574502456621055,4.575762025248872,14.832591306949514,"{'AUC_ROCs': [0.9723215081044797, 0.9715630054637929, 0.9605458694697597], 'S_relative_errors': [0.277227618274966, 0.25946642803284603, 0.2764173618272476], 'X_relative_errors': [0.9999472710674866, 0.999942571893436, 0.9999414882416543], 'Sparsity': [1.0, 1.0, 1.0], 'converged': [1, 1, 1], 'iterations': [132, 132, 132], 'primal_residual': [array(0.00095277), array(0.00096636), array(0.00097437)], 'dual_residual': [array(0.00097476), array(0.00098882), array(0.00099714)], 'times': [1.9528730069287121, 1.8647378019522876, 1.883460160344839]}",1,COMPLETE
78,78,0.5628764495376798,0.9999999991741634,2024-05-19 23:40:05.275702,2024-05-19 23:40:06.551249,0 days 00:00:01.275547,0.8984801673626034,74.70676731463895,0.4115555118879281,4.240537100106647,0.036053881535430474,"{'AUC_ROCs': [0.6396940440989669, 0.49322069419466535, 0.555714610319407], 'S_relative_errors': [0.9999999999653059, 0.9999999981761809, 0.9999999993810034], 'X_relative_errors': [3.013853895892034, 3.2314215088865486, 3.035892774429558], 'Sparsity': [1.0, 1.0, 1.0], 'converged': [1, 1, 1], 'iterations': [68, 69, 64], 'primal_residual': [array(0.00096189), array(0.00098811), array(0.00095915)], 'dual_residual': [array(2.15646943e-05), array(1.56198505e-05), array(1.8630797e-05)], 'times': [1.020610690349713, 1.040055981837213, 0.9705453331116587]}",1,COMPLETE
79,79,0.9667801819658598,0.18279265294965175,2024-05-19 23:40:06.593342,2024-05-19 23:40:09.243222,0 days 00:00:02.649880,0.1053821842868722,0.0010032597413193924,0.019658377002746,18.24592376478272,0.07702406608262254,"{'AUC_ROCs': [0.9693772071362039, 0.9715305934428479, 0.959432745318528], 'S_relative_errors': [0.18603043125365062, 0.1750311471289675, 0.18731638046633708], 'X_relative_errors': [0.9987725989915365, 0.9987243717467389, 0.9988503814501185], 'Sparsity': [1.0, 1.0, 1.0], 'converged': [0, 0, 0], 'iterations': [150, 150, 150], 'primal_residual': [array(0.02514261), array(0.02718346), array(0.02656611)], 'dual_residual': [array(0.01394549), array(0.01456251), array(0.01482578)], 'times': [2.1942802616395056, 2.239730364875868, 2.3508554720319808]}",1,COMPLETE
80,80,0.7904814354271222,0.9949123479481495,2024-05-19 23:40:09.284857,2024-05-19 23:40:11.887064,0 days 00:00:02.602207,3.960145899919062,2.244993497028748e-05,0.08250584324197664,0.0016139702514658455,27.701513432765303,"{'AUC_ROCs': [0.8030336601732851, 0.7657251674927372, 0.8026854786153443], 'S_relative_errors': [0.9938839086171777, 0.9951876160643218, 0.9956655191629488], 'X_relative_errors': [1.055655837499225, 1.1073258629028797, 1.0973657986438734], 'Sparsity': [1.0, 1.0, 1.0], 'converged': [0, 0, 0], 'iterations': [150, 150, 150], 'primal_residual': [array(0.01268792), array(0.01886596), array(0.0145485)], 'dual_residual': [array(0.04488751), array(0.12449406), array(0.09003532)], 'times': [2.347036955645308, 2.2636987008154392, 2.263708806829527]}",1,COMPLETE
