,number,values_0,values_1,datetime_start,datetime_complete,duration,params_lda1,params_ldag,params_psi_1,params_psi_2,params_psi_3,user_attrs_metrics,system_attrs_nsga2:generation,state
0,0,0.9150055292082402,0.9999998767118038,2024-05-19 23:50:11.372030,2024-05-19 23:50:12.090723,0 days 00:00:00.718693,7.518414640739241,7.545495066557962e-05,0.3171463681627406,0.009811246689099551,0.003131759717252313,"{'AUC_ROCs': [0.9574973784790063, 0.8559520375258503, 0.9315671716198639], 'S_relative_errors': [0.9999997909973111, 1.0000000023973397, 0.9999998367407607], 'X_relative_errors': [3.5330155831132517, 3.774137315929745, 3.5452408562027378], 'Sparsity': [1.0, 1.0, 1.0], 'converged': [1, 1, 1], 'iterations': [31, 32, 31], 'primal_residual': [array(0.00041979), array(5.66173439e-05), array(0.0003588)], 'dual_residual': [array(1.12188814e-05), array(7.14796651e-06), array(6.02649303e-06)], 'times': [0.47267960594035685, 0.49980753054842353, 0.4822386181913316]}",0,COMPLETE
1,1,0.9825222185207966,0.9999993982278054,2024-05-19 23:50:12.092766,2024-05-19 23:50:12.841745,0 days 00:00:00.748979,7.071405103856251,1.2124578562378705,0.0022314838600934256,0.12383620558759816,0.4825686647349378,"{'AUC_ROCs': [0.9844292749375391, 0.9849567268074135, 0.9781806538174372], 'S_relative_errors': [0.9999993961013608, 0.9999993996930653, 0.99999939888899], 'X_relative_errors': [3.4812928668382277, 3.7204474870824726, 3.494559273843828], 'Sparsity': [1.0, 1.0, 1.0], 'converged': [1, 1, 1], 'iterations': [30, 30, 30], 'primal_residual': [array(0.00095718), array(0.00097162), array(0.00097549)], 'dual_residual': [array(5.0876701e-05), array(5.13742834e-05), array(5.15738687e-05)], 'times': [0.502810190198943, 0.4668354869354516, 0.49564073188230395]}",0,COMPLETE
2,2,0.831303534014058,0.9999999999822106,2024-05-19 23:50:12.843417,2024-05-19 23:50:15.314350,0 days 00:00:02.470933,6.986152827246301,0.9155505879346522,15.730986976956428,0.021295868964927522,0.4211361150635867,"{'AUC_ROCs': [0.8339597219343017, 0.8266001501130887, 0.8333507299947835], 'S_relative_errors': [0.9999999999800587, 0.9999999999834296, 0.9999999999831434], 'X_relative_errors': [2.774960265165463, 2.9534985259358457, 2.793160450328144], 'Sparsity': [1.0, 1.0, 1.0], 'converged': [0, 0, 0], 'iterations': [150, 150, 150], 'primal_residual': [array(0.00769839), array(0.00728551), array(0.00717058)], 'dual_residual': [array(0.00023733), array(0.00022549), array(0.00022143)], 'times': [2.212103748926893, 2.2320894601289183, 2.2389065041206777]}",0,COMPLETE
3,3,0.9917167119796577,0.11587022937500707,2024-05-19 23:50:15.316016,2024-05-19 23:50:17.863528,0 days 00:00:02.547512,0.22596411215360135,0.3781859682835906,10.087185561425626,0.003339547300162244,0.014719613379627423,"{'AUC_ROCs': [0.9932780835426235, 0.9931345879716869, 0.9887374644246628], 'S_relative_errors': [0.1158400597778609, 0.11644089322378728, 0.11532973512337301], 'X_relative_errors': [0.462260515657413, 0.4866338752516022, 0.45452841413158807], 'Sparsity': [1.0, 1.0, 1.0], 'converged': [0, 0, 0], 'iterations': [150, 150, 150], 'primal_residual': [array(0.07290987), array(0.07393392), array(0.07279698)], 'dual_residual': [array(0.02608184), array(0.02715631), array(0.02519914)], 'times': [2.2832025117240846, 2.292880206136033, 2.3038801848888397]}",0,COMPLETE
4,4,0.9634925479778121,0.9999999325829689,2024-05-19 23:50:17.866038,2024-05-19 23:50:18.621645,0 days 00:00:00.755607,3.12513460710626,3.8978345847194267,0.022008292448988772,0.009472683522989762,0.11689038688840077,"{'AUC_ROCs': [0.9643564776198921, 0.9676386032503592, 0.9584825630631854], 'S_relative_errors': [0.9999999315874342, 0.9999999333354113, 0.9999999328260615], 'X_relative_errors': [3.5386602384841725, 3.7803588837269633, 3.5508223130735126], 'Sparsity': [1.0, 1.0, 1.0], 'converged': [1, 1, 1], 'iterations': [31, 31, 31], 'primal_residual': [array(0.00015392), array(0.00015438), array(0.00015571)], 'dual_residual': [array(1.80138023e-06), array(1.8069358e-06), array(1.82106135e-06)], 'times': [0.5164762367494404, 0.47593375807628036, 0.4860975216142833]}",0,COMPLETE
5,5,0.953364215575298,0.39048980869254307,2024-05-19 23:50:18.625094,2024-05-19 23:50:21.095374,0 days 00:00:02.470280,3.7123290423344524,5.571956274782974e-05,0.0016203425075272122,36.083024914127364,0.006543452106512503,"{'AUC_ROCs': [0.9535972459947787, 0.9583725015007214, 0.9481228992303937], 'S_relative_errors': [0.3969947112470861, 0.3932247272438633, 0.38124998758668], 'X_relative_errors': [0.9952228877830217, 0.9943994916974861, 0.9951563249060077], 'Sparsity': [1.0, 1.0, 1.0], 'converged': [0, 0, 0], 'iterations': [150, 150, 150], 'primal_residual': [array(0.15713801), array(0.17952131), array(0.16667925)], 'dual_residual': [array(0.13161187), array(0.096866), array(0.13070398)], 'times': [2.231179955182597, 2.2219120785593987, 2.2445443612523377]}",0,COMPLETE
6,6,0.9379225663263268,0.8046957685301184,2024-05-19 23:50:21.098597,2024-05-19 23:50:23.206726,0 days 00:00:02.108129,0.0012685262174328344,7.9623810848420264,0.0783219322301071,3.258372819898661,0.027223280500181125,"{'AUC_ROCs': [0.9417102315324692, 0.9389230402604415, 0.9331344271860696], 'S_relative_errors': [0.8038303030084837, 0.807424963309202, 0.8028320392726693], 'X_relative_errors': [2.4561015100896166, 2.646836087280707, 2.4703069953177454], 'Sparsity': [1.0, 1.0, 1.0], 'converged': [1, 1, 1], 'iterations': [118, 119, 118], 'primal_residual': [array(0.00091371), array(0.00085002), array(0.00095205)], 'dual_residual': [array(0.00029408), array(0.00028853), array(0.0002715)], 'times': [1.8511472414247692, 1.8105683375615627, 1.7861994304694235]}",0,COMPLETE
7,7,0.9701184015608807,0.2704860560389302,2024-05-19 23:50:23.212515,2024-05-19 23:50:25.710226,0 days 00:00:02.497711,0.013999558763668464,0.0017233906321453376,0.3291991351380853,5.178405326041332,0.09879873411005433,"{'AUC_ROCs': [0.9725056084632951, 0.9737391327309844, 0.9641104634883624], 'S_relative_errors': [0.2767518047376346, 0.25885156827723854, 0.27585479510191746], 'X_relative_errors': [1.0000954692372463, 1.0000868215698875, 1.0001050139858727], 'Sparsity': [1.0, 1.0, 1.0], 'converged': [0, 0, 0], 'iterations': [150, 150, 150], 'primal_residual': [array(0.00579213), array(0.00587453), array(0.00587894)], 'dual_residual': [array(0.00122973), array(0.00117805), array(0.00127702)], 'times': [2.141265130136162, 2.1844212538562715, 2.187205869005993]}",0,COMPLETE
8,8,0.9683556544586874,0.27217279417604745,2024-05-19 23:50:25.713182,2024-05-19 23:50:28.236739,0 days 00:00:02.523557,0.01277857735803461,0.0002669007252738979,0.4101129413243117,0.15589753630709893,0.17730548122032996,"{'AUC_ROCs': [0.9715460324936788, 0.9734339921976806, 0.960086938684703], 'S_relative_errors': [0.27840667263207197, 0.2605807281290057, 0.27753098176706464], 'X_relative_errors': [0.999963292065464, 0.9998361382488246, 0.9998214862798874], 'Sparsity': [1.0, 1.0, 1.0], 'converged': [0, 0, 0], 'iterations': [150, 150, 150], 'primal_residual': [array(0.00308118), array(0.00349337), array(0.0039672)], 'dual_residual': [array(0.00122033), array(0.00125231), array(0.00120786)], 'times': [2.1788225499913096, 2.1953687658533454, 2.254893986042589]}",0,COMPLETE
9,9,0.9328039232771572,0.8049104002947173,2024-05-19 23:50:28.244174,2024-05-19 23:50:29.658721,0 days 00:00:01.414547,0.005880748400384039,48.96403231170577,0.006830228868648099,1.6020260861429314,0.9639129840792106,"{'AUC_ROCs': [0.9411485725068237, 0.9346440261696911, 0.9226191711549571], 'S_relative_errors': [0.8039877790647676, 0.8074413267103292, 0.8033020951090549], 'X_relative_errors': [2.5470178739246006, 2.7412148557280482, 2.560702312121268], 'Sparsity': [1.0, 1.0, 1.0], 'converged': [1, 1, 1], 'iterations': [75, 72, 75], 'primal_residual': [array(0.00099981), array(0.00098067), array(0.00093571)], 'dual_residual': [array(0.00024448), array(0.00029973), array(0.0002691)], 'times': [1.1450932803563774, 1.091387026477605, 1.1551902261562645]}",0,COMPLETE
10,10,0.9819566899747073,0.3935554591493622,2024-05-19 23:50:29.665846,2024-05-19 23:50:32.473753,0 days 00:00:02.807907,0.003981987252569166,0.0013032319515329746,0.017059300545010734,0.11840385707154882,0.010914782265639028,"{'AUC_ROCs': [0.9855391991619422, 0.9848452056201724, 0.9754856651420074], 'S_relative_errors': [0.38654921427915007, 0.39775553563251786, 0.3963616275364186], 'X_relative_errors': [1.372558683199422, 1.50873641269283, 1.4121430600318072], 'Sparsity': [1.0, 1.0, 1.0], 'converged': [0, 0, 0], 'iterations': [150, 150, 150], 'primal_residual': [array(0.01225028), array(0.01038531), array(0.00807945)], 'dual_residual': [array(0.04173464), array(0.04156005), array(0.04192317)], 'times': [2.2826294540427625, 2.525468534557149, 2.3157787441741675]}",0,COMPLETE
11,11,0.8940357515555911,0.9990788276402213,2024-05-19 23:50:32.481639,2024-05-19 23:50:35.031888,0 days 00:00:02.550249,0.344393830529354,12.961191571579434,1.9900072136011737,0.006758169255025568,0.15074545324810606,"{'AUC_ROCs': [0.9182549700610174, 0.8852134034492137, 0.8786388811565418], 'S_relative_errors': [0.9999999455210266, 0.997236537399967, 0.9999999999996706], 'X_relative_errors': [3.410234474783633, 3.6332133170042074, 3.4244577082306726], 'Sparsity': [1.0, 1.0, 1.0], 'converged': [1, 1, 1], 'iterations': [144, 140, 141], 'primal_residual': [array(0.00097074), array(0.00099767), array(0.00096549)], 'dual_residual': [array(2.19428863e-05), array(0.00024249), array(2.84050667e-05)], 'times': [2.1776838118676096, 2.1259920487646013, 2.2893957325723022]}",0,COMPLETE
12,12,0.9366132420229135,0.8048205106464786,2024-05-19 23:50:35.035847,2024-05-19 23:50:37.566288,0 days 00:00:02.530441,0.00024813493473347964,36.715273717797515,13.796643597653457,0.5290759146555711,0.3018371835628022,"{'AUC_ROCs': [0.940247588159918, 0.9386145808155014, 0.930977557093321], 'S_relative_errors': [0.8040985002196323, 0.8071579805113049, 0.8032050512084984], 'X_relative_errors': [2.102074288455417, 2.251454916802052, 2.114480147067216], 'Sparsity': [1.0, 1.0, 1.0], 'converged': [0, 0, 0], 'iterations': [150, 150, 150], 'primal_residual': [array(0.01298716), array(0.01247694), array(0.0123885)], 'dual_residual': [array(0.00126407), array(0.00138304), array(0.00131324)], 'times': [2.268159701488912, 2.253663206472993, 2.2868436304852366]}",0,COMPLETE
13,13,0.8680511142897099,0.9999999999941188,2024-05-19 23:50:37.576486,2024-05-19 23:50:40.120468,0 days 00:00:02.543982,6.2376864886814065,0.013165595251713519,6.590702108685344,0.8441822087006996,0.0014088029805023432,"{'AUC_ROCs': [0.8695573405186755, 0.8654050504439604, 0.8691909519064938], 'S_relative_errors': [0.9999999999936939, 0.9999999999939735, 0.9999999999946887], 'X_relative_errors': [3.085439414202882, 3.2971487883825223, 3.1039137686278475], 'Sparsity': [1.0, 1.0, 1.0], 'converged': [0, 0, 0], 'iterations': [150, 150, 150], 'primal_residual': [array(0.00394446), array(0.00390982), array(0.00368673)], 'dual_residual': [array(0.00010931), array(0.00010845), array(0.00010224)], 'times': [2.2676824093796313, 2.2732468110043555, 2.2835497986525297]}",0,COMPLETE
14,14,0.9807557405115969,0.17404217013054443,2024-05-19 23:50:40.129993,2024-05-19 23:50:42.564616,0 days 00:00:02.434623,0.09035705281690065,0.10978328730975423,54.65386792829922,0.9790107504577706,1.2938449507671868,"{'AUC_ROCs': [0.9813544765210036, 0.9865108238369502, 0.9744019211768367], 'S_relative_errors': [0.17503507544582067, 0.1625244041438851, 0.18456703080192755], 'X_relative_errors': [0.999109609949295, 0.9987335876980749, 0.9990006792736831], 'Sparsity': [1.0, 1.0, 1.0], 'converged': [0, 0, 0], 'iterations': [150, 150, 150], 'primal_residual': [array(0.04022466), array(0.04225791), array(0.04029753)], 'dual_residual': [array(0.00331312), array(0.00352998), array(0.00312773)], 'times': [2.140658864751458, 2.166863029357046, 2.162554780486971]}",0,COMPLETE
15,15,0.9681304267265886,0.2705138516504535,2024-05-19 23:50:42.574984,2024-05-19 23:50:45.098455,0 days 00:00:02.523471,0.003008885748210502,6.236597194540848e-05,0.0012806902303961608,15.067713359451567,0.01734971672708482,"{'AUC_ROCs': [0.970032640467356, 0.9718419443436459, 0.9625166953687636], 'S_relative_errors': [0.27678436755640146, 0.2591084939072889, 0.2756486934876701], 'X_relative_errors': [0.9865206656977393, 0.9865289488043959, 0.9856240532374804], 'Sparsity': [1.0, 1.0, 1.0], 'converged': [0, 0, 0], 'iterations': [150, 150, 150], 'primal_residual': [array(0.15545404), array(0.16063613), array(0.16319238)], 'dual_residual': [array(0.01647063), array(0.01688542), array(0.01690302)], 'times': [2.2043420393019915, 2.2944099958986044, 2.248449090635404]}",0,COMPLETE
16,16,0.96997518517809,0.26790050990860453,2024-05-19 23:50:45.111337,2024-05-19 23:50:47.567498,0 days 00:00:02.456161,0.0010010529064641254,0.0067450230117928195,0.9094970685966204,1.7905209133168956,40.31004657142591,"{'AUC_ROCs': [0.9744851409122316, 0.9722349499578692, 0.9632054646641693], 'S_relative_errors': [0.27389171608297597, 0.2562817070747639, 0.27352810656807375], 'X_relative_errors': [1.0001035245352845, 1.000104526777346, 1.0001037512067057], 'Sparsity': [1.0, 1.0, 1.0], 'converged': [0, 0, 0], 'iterations': [150, 150, 150], 'primal_residual': [array(0.00147553), array(0.00146698), array(0.0014397)], 'dual_residual': [array(0.00041452), array(0.00041913), array(0.00044566)], 'times': [2.1575566462706774, 2.1440773718059063, 2.1415790487080812]}",0,COMPLETE
17,17,0.9991695005624175,0.019736978276828444,2024-05-19 23:50:47.574569,2024-05-19 23:50:50.136634,0 days 00:00:02.562065,0.017345525034965965,0.05583585283706279,0.033217150160417715,0.006220082967640427,1.54937085604446,"{'AUC_ROCs': [0.9991505483383467, 0.9994220595340453, 0.9989358938148604], 'S_relative_errors': [0.019927360520123425, 0.020010042853784042, 0.019273531456577862], 'X_relative_errors': [0.08023718876875585, 0.0862264785200994, 0.07638022162764098], 'Sparsity': [1.0, 1.0, 1.0], 'converged': [0, 0, 0], 'iterations': [150, 150, 150], 'primal_residual': [array(0.01438065), array(0.01656828), array(0.01273199)], 'dual_residual': [array(0.00267951), array(0.00256072), array(0.00256487)], 'times': [2.3191993916407228, 2.3346040220931172, 2.3350567824672908]}",0,COMPLETE
18,18,0.9852787447018638,0.1598163568910883,2024-05-19 23:50:50.146909,2024-05-19 23:50:52.679672,0 days 00:00:02.532763,1.3714261409049682,3.2405627996023875e-05,0.6404580011276345,9.52313370462744,0.28384938503196155,"{'AUC_ROCs': [0.9863685611449176, 0.9863634411352503, 0.9831042318254237], 'S_relative_errors': [0.16334964843367578, 0.15920320308951016, 0.156896219150079], 'X_relative_errors': [0.5129749294798379, 0.5204559391403756, 0.49640184603336285], 'Sparsity': [1.0, 1.0, 1.0], 'converged': [0, 0, 0], 'iterations': [150, 150, 150], 'primal_residual': [array(0.01187163), array(0.01310963), array(0.01112158)], 'dual_residual': [array(0.00052987), array(0.00020025), array(0.0002184)], 'times': [2.202138199005276, 2.280208401149139, 2.266492103226483]}",0,COMPLETE
19,19,0.9803712089350224,0.13485849912199185,2024-05-19 23:50:52.687016,2024-05-19 23:50:55.146586,0 days 00:00:02.459570,0.5863060597038802,0.14209865356952878,14.96375144831076,36.76011926837872,0.0012893769288948506,"{'AUC_ROCs': [0.9819522907045108, 0.986223374216611, 0.9729379618839454], 'S_relative_errors': [0.14345589480483398, 0.1283328475206945, 0.13278675504044707], 'X_relative_errors': [0.9993730123206995, 0.9991153947404368, 0.9993810657269384], 'Sparsity': [1.0, 1.0, 1.0], 'converged': [0, 0, 0], 'iterations': [150, 150, 150], 'primal_residual': [array(0.03396785), array(0.0380192), array(0.03477076)], 'dual_residual': [array(0.01034316), array(0.00984656), array(0.01069864)], 'times': [2.1574305915273726, 2.1819546949118376, 2.212560382904485]}",0,COMPLETE
20,20,0.9360395509235729,0.9999997416646892,2024-05-19 23:50:55.158612,2024-05-19 23:50:55.907462,0 days 00:00:00.748850,13.466917451765765,0.07273235015972422,0.0260372298897329,1.8380961430232927,0.4291816984037452,"{'AUC_ROCs': [0.9458375701821241, 0.9293077673673854, 0.9329733152212091], 'S_relative_errors': [0.999999862565734, 0.9999994950578218, 0.9999998673705116], 'X_relative_errors': [3.278239766781963, 3.508186615850561, 3.295083695529077], 'Sparsity': [1.0, 1.0, 1.0], 'converged': [1, 1, 1], 'iterations': [32, 30, 32], 'primal_residual': [array(0.00053452), array(0.00099767), array(0.00053566)], 'dual_residual': [array(1.45341735e-05), array(8.61645829e-05), array(1.44766889e-05)], 'times': [0.48483794066123664, 0.47039920068345964, 0.4948952936101705]}",0,COMPLETE
21,21,0.9407854089860725,1.000000049505391,2024-05-19 23:50:55.917663,2024-05-19 23:50:56.696261,0 days 00:00:00.778598,0.485386533858048,3.3554439060187002,0.007851085553755681,0.0023970711470313846,0.0030552937505572662,"{'AUC_ROCs': [0.9808236261636664, 0.9250106642221911, 0.91652193657236], 'S_relative_errors': [1.0000003282861412, 0.9999997014785336, 1.0000001187514977], 'X_relative_errors': [3.5544175968798895, 3.796843028351083, 3.5662656383971867], 'Sparsity': [1.0, 1.0, 1.0], 'converged': [1, 1, 1], 'iterations': [34, 34, 32], 'primal_residual': [array(0.00055829), array(0.00085041), array(0.00024152)], 'dual_residual': [array(3.49688131e-06), array(2.75157926e-06), array(1.9517798e-06)], 'times': [0.5208508339710534, 0.5235189055092633, 0.49624608689919114]}",0,COMPLETE
22,22,0.9745838224452662,0.22884488833965447,2024-05-19 23:50:56.708900,2024-05-19 23:50:59.123502,0 days 00:00:02.414602,0.0004338293503466811,0.05013026126265649,1.7028302032204887,3.468281806025433,13.020457829923364,"{'AUC_ROCs': [0.9763235275232695, 0.9787770231360472, 0.9686509166764818], 'S_relative_errors': [0.2331391815283953, 0.21840809331030156, 0.2349873901802666], 'X_relative_errors': [1.0000411403879195, 1.0000425744558277, 1.0000472321670069], 'Sparsity': [1.0, 1.0, 1.0], 'converged': [0, 0, 0], 'iterations': [150, 150, 150], 'primal_residual': [array(0.00987383), array(0.01142412), array(0.01043897)], 'dual_residual': [array(0.00084892), array(0.00107937), array(0.00091731)], 'times': [2.0931912772357464, 2.128952262690291, 2.147440993692726]}",0,COMPLETE
23,23,0.9682326016241724,0.2727156919482085,2024-05-19 23:50:59.138177,2024-05-19 23:51:01.600734,0 days 00:00:02.462557,0.0011962486344269726,0.0018925145285970896,2.322657786193408,44.98662933026523,0.004360479694555849,"{'AUC_ROCs': [0.9700850192908477, 0.9727636775786298, 0.9618491080030399], 'S_relative_errors': [0.278978849877641, 0.26104085262757365, 0.27812737333941084], 'X_relative_errors': [0.9999076488585578, 0.9998258312213925, 0.999928691273259], 'Sparsity': [1.0, 1.0, 1.0], 'converged': [0, 0, 0], 'iterations': [150, 150, 150], 'primal_residual': [array(0.00877992), array(0.0090407), array(0.00901602)], 'dual_residual': [array(0.00255012), array(0.00258886), array(0.00261608)], 'times': [2.1604426859412342, 2.1710083270445466, 2.1985522913746536]}",0,COMPLETE
24,24,0.9333323247794131,0.8057344012670263,2024-05-19 23:51:01.613210,2024-05-19 23:51:04.136875,0 days 00:00:02.523665,0.0006973743883875159,4.739467398255703,7.855170723774267,2.585852036810682,2.3097317250843066,"{'AUC_ROCs': [0.9335432399529652, 0.9386469640551349, 0.927806770330139], 'S_relative_errors': [0.805780110744455, 0.8075406817936983, 0.8038824112629258], 'X_relative_errors': [1.8740053216884436, 2.012615597522946, 1.8873999233607526], 'Sparsity': [1.0, 1.0, 1.0], 'converged': [0, 0, 0], 'iterations': [150, 150, 150], 'primal_residual': [array(0.02980885), array(0.02043701), array(0.02238137)], 'dual_residual': [array(0.00257048), array(0.0004035), array(0.00045025)], 'times': [2.2329942404758185, 2.2603084398433566, 2.2613798803649843]}",0,COMPLETE
25,25,0.9341519218190052,0.8059222944724161,2024-05-19 23:51:04.153758,2024-05-19 23:51:06.761773,0 days 00:00:02.608015,0.0033093110276391866,3.1093914099442284,1.189788521719335,0.03850511718990766,0.004982881070248988,"{'AUC_ROCs': [0.9305231920949617, 0.9390549881842271, 0.9328775851778269], 'S_relative_errors': [0.8064761179571619, 0.8074398505639523, 0.8038509148961342], 'X_relative_errors': [2.781473064863304, 2.9752744359397405, 2.78227804053761], 'Sparsity': [1.0, 1.0, 1.0], 'converged': [0, 0, 0], 'iterations': [150, 150, 150], 'primal_residual': [array(0.00937371), array(0.00923259), array(0.00901071)], 'dual_residual': [array(0.00947006), array(0.01028791), array(0.01049167)], 'times': [2.3143510036170483, 2.2657479101326317, 2.3214916274882853]}",0,COMPLETE
26,26,0.976791117195264,0.19879161975365742,2024-05-19 23:51:06.777899,2024-05-19 23:51:09.325939,0 days 00:00:02.548040,0.11360455929358663,0.0018453946720600272,0.0011327379578747602,2.3536373233939116,0.0021072327547381167,"{'AUC_ROCs': [0.9773041507834735, 0.982337756419742, 0.9707314443825761], 'S_relative_errors': [0.21070528973253094, 0.18497103880545, 0.20069853072299126], 'X_relative_errors': [0.8290291470556826, 0.7821468912533043, 0.7919099923970336], 'Sparsity': [1.0, 1.0, 1.0], 'converged': [0, 0, 0], 'iterations': [150, 150, 150], 'primal_residual': [array(0.06996825), array(0.07854338), array(0.07413833)], 'dual_residual': [array(0.03880176), array(0.03817284), array(0.03886475)], 'times': [2.2625755968037993, 2.280552326934412, 2.269019656116143]}",0,COMPLETE
