,number,values_0,values_1,datetime_start,datetime_complete,duration,params_lda1,params_ldag,params_psi_1,params_psi_2,params_psi_3,user_attrs_metrics,system_attrs_nsga2:generation,state
54,54,0.9423933249339985,0.8153699249799885,2024-05-19 23:52:09.062925,2024-05-19 23:52:11.579855,0 days 00:00:02.516930,0.01277857735803461,2.2354336280820295,0.4101129413243117,0.014797061822930712,0.1865682856650698,"{'AUC_ROCs': [0.943294600967916, 0.9425269332530765, 0.9413584405810036], 'S_relative_errors': [0.8145361769623091, 0.8173175881131487, 0.8142560098645079], 'X_relative_errors': [2.843584475862139, 3.0486807042929644, 2.853004075453691], 'Sparsity': [1.0, 1.0, 1.0], 'converged': [0, 0, 0], 'iterations': [150, 150, 150], 'primal_residual': [array(0.0074763), array(0.00710485), array(0.00739285)], 'dual_residual': [array(0.01770519), array(0.01823937), array(0.01834719)], 'times': [2.2506836871616542, 2.2820640890859067, 2.275992327136919]}",1,COMPLETE
55,55,0.9374410632901906,0.8048051179850454,2024-05-19 23:52:11.591694,2024-05-19 23:52:13.702754,0 days 00:00:02.111060,0.017345525034965965,2.5345632925732975,0.033217150160417715,0.006220082967640427,1.54937085604446,"{'AUC_ROCs': [0.9393876208153761, 0.9390427561267268, 0.9338928129284689], 'S_relative_errors': [0.8042108428092254, 0.807009350009841, 0.8031951611360701], 'X_relative_errors': [2.6681643071096133, 2.865008264230796, 2.6776870040378995], 'Sparsity': [1.0, 1.0, 1.0], 'converged': [1, 1, 1], 'iterations': [113, 119, 121], 'primal_residual': [array(0.00095751), array(0.00097413), array(0.00099305)], 'dual_residual': [array(0.00047209), array(0.0005197), array(0.00049129)], 'times': [1.70648376038298, 1.8028503523673862, 1.8780087362974882]}",1,COMPLETE
56,56,0.6385165757655715,0.9981747500567351,2024-05-19 23:52:13.733023,2024-05-19 23:52:16.259407,0 days 00:00:02.526384,6.224304084534248,0.13127958438874465,0.02722662190658979,0.6476182436473066,9.287478091043642,"{'AUC_ROCs': [0.8024603521491036, 0.5721131244214317, 0.5409762507261793], 'S_relative_errors': [0.9976259345893577, 0.9983046054137493, 0.9985937101670982], 'X_relative_errors': [2.380196347410035, 2.5698988786894734, 2.415928776940495], 'Sparsity': [1.0, 1.0, 1.0], 'converged': [0, 0, 0], 'iterations': [150, 150, 150], 'primal_residual': [array(0.00299742), array(0.00447104), array(0.00283937)], 'dual_residual': [array(0.000129), array(0.00011491), array(0.00015551)], 'times': [2.2732166678179055, 2.2849706548731774, 2.322178934700787]}",1,COMPLETE
57,57,0.9832292330786799,0.1756023167688788,2024-05-19 23:52:16.294623,2024-05-19 23:52:18.774032,0 days 00:00:02.479409,0.0007882995249654929,0.13127958438874465,0.0028098264189243822,17.64119325687588,8.321545332586336,"{'AUC_ROCs': [0.9845291564076918, 0.987484140644438, 0.9776744021839099], 'S_relative_errors': [0.17939377555439825, 0.1609039389635626, 0.18650923578867548], 'X_relative_errors': [0.9999766891284717, 0.9998183088510317, 1.0000201205226298], 'Sparsity': [1.0, 1.0, 1.0], 'converged': [0, 0, 0], 'iterations': [150, 150, 150], 'primal_residual': [array(0.05421373), array(0.05414853), array(0.057645)], 'dual_residual': [array(0.01031563), array(0.010349), array(0.01082252)], 'times': [2.1901834323070943, 2.206263386644423, 2.217729832511395]}",1,COMPLETE
58,58,0.9698523506398473,0.26947851881458545,2024-05-19 23:52:18.808913,2024-05-19 23:52:21.270781,0 days 00:00:02.461868,0.025604128818247033,0.0004368712618481719,16.109406854034866,0.004894856174337482,16.344875985148317,"{'AUC_ROCs': [0.971730128605878, 0.9720791599152104, 0.9657477633984533], 'S_relative_errors': [0.2756389087110614, 0.25795970648176425, 0.2748369412509309], 'X_relative_errors': [0.9996434458196896, 0.9996491736838309, 0.9996347995210153], 'Sparsity': [1.0, 1.0, 1.0], 'converged': [0, 0, 0], 'iterations': [150, 150, 150], 'primal_residual': [array(0.00572465), array(0.00596499), array(0.00598586)], 'dual_residual': [array(0.00075433), array(0.00070244), array(0.00075131)], 'times': [2.140447663376108, 2.1982443921733648, 2.1573150800541043]}",1,COMPLETE
59,59,0.9360829958897661,0.8047728293117123,2024-05-19 23:52:21.293674,2024-05-19 23:52:23.378699,0 days 00:00:02.085025,0.0012685262174328344,7.9623810848420264,0.0783219322301071,3.258372819898661,0.027223280500181125,"{'AUC_ROCs': [0.9339160365707699, 0.9425740253419832, 0.9317589257565448], 'S_relative_errors': [0.8049343135699147, 0.8066544531291697, 0.8027297212360524], 'X_relative_errors': [2.460689917518377, 2.64352630278633, 2.470190051362021], 'Sparsity': [1.0, 1.0, 1.0], 'converged': [1, 1, 1], 'iterations': [118, 110, 118], 'primal_residual': [array(0.00096849), array(0.00098934), array(0.00094961)], 'dual_residual': [array(0.00028133), array(0.00056896), array(0.00030467)], 'times': [1.7814189076889306, 1.6671863300725818, 1.8340179827064276]}",1,COMPLETE
60,60,0.9099959909549215,0.9773621743916543,2024-05-19 23:52:23.409002,2024-05-19 23:52:25.951313,0 days 00:00:02.542311,0.021335598128107133,3.1093914099442284,0.1360179073999019,0.03850511718990766,0.004982881070248988,"{'AUC_ROCs': [0.921360731616518, 0.9096080094493438, 0.8990192317989024], 'S_relative_errors': [0.9771985837430833, 0.9777972544274613, 0.9770906850044182], 'X_relative_errors': [3.459834169798025, 3.698300800657637, 3.4712737295745435], 'Sparsity': [1.0, 1.0, 1.0], 'converged': [0, 0, 0], 'iterations': [150, 150, 150], 'primal_residual': [array(0.00354712), array(0.00329665), array(0.00426942)], 'dual_residual': [array(0.00216647), array(0.0024667), array(0.00225416)], 'times': [2.2678575818426907, 2.2701996779069304, 2.2920826913323253]}",1,COMPLETE
61,61,0.9377890256059255,0.9999998401124431,2024-05-19 23:52:25.979056,2024-05-19 23:52:26.699585,0 days 00:00:00.720529,7.518414640739241,7.545495066557962e-05,0.3171463681627406,0.009811246689099551,0.003131759717252313,"{'AUC_ROCs': [0.9467264973245298, 0.9263150044900551, 0.9403255750031914], 'S_relative_errors': [0.9999998351345444, 0.9999998710527228, 0.9999998141500623], 'X_relative_errors': [3.5329802981085803, 3.774099213961906, 3.5452540689459293], 'Sparsity': [1.0, 1.0, 1.0], 'converged': [1, 1, 1], 'iterations': [31, 31, 31], 'primal_residual': [array(0.00035534), array(0.00030656), array(0.00039297)], 'dual_residual': [array(6.02425056e-06), array(4.08657823e-06), array(8.33747333e-06)], 'times': [0.46812814311124384, 0.47254209080711007, 0.4797363276593387]}",1,COMPLETE
62,62,0.8992849446453666,0.8307816251315776,2024-05-19 23:52:26.721870,2024-05-19 23:52:29.242849,0 days 00:00:02.520979,0.01741845275330589,1.2124578562378705,0.0022314838600934256,0.12383620558759816,0.2071548674128278,"{'AUC_ROCs': [0.901661921030812, 0.9066892284009174, 0.8895036845043706], 'S_relative_errors': [0.829765872380917, 0.8332524893067802, 0.8293265137070354], 'X_relative_errors': [2.9105758403710893, 3.123264983181729, 2.9197185716054284], 'Sparsity': [1.0, 1.0, 1.0], 'converged': [0, 0, 0], 'iterations': [150, 150, 150], 'primal_residual': [array(0.003652), array(0.00367588), array(0.00368963)], 'dual_residual': [array(0.01167981), array(0.01197587), array(0.01214932)], 'times': [2.2825268178712577, 2.3143123148474842, 2.3105361755006015]}",1,COMPLETE
63,63,0.9695958542142403,0.27078269817805295,2024-05-19 23:52:29.263559,2024-05-19 23:52:31.647412,0 days 00:00:02.383853,0.004725504970578753,0.003196224944281829,54.65386792829922,0.9790107504577706,1.2938449507671868,"{'AUC_ROCs': [0.9699785247779174, 0.9734827136286257, 0.965326324236178], 'S_relative_errors': [0.2770211362016404, 0.25906191939764506, 0.2762650389348734], 'X_relative_errors': [1.000102844203633, 1.0000863903305242, 1.0001006746610859], 'Sparsity': [1.0, 1.0, 1.0], 'converged': [0, 0, 0], 'iterations': [150, 150, 150], 'primal_residual': [array(0.00146219), array(0.00150142), array(0.0015081)], 'dual_residual': [array(0.00030773), array(0.00029735), array(0.00030504)], 'times': [2.1090849693864584, 2.106266107643023, 2.135908175492659]}",1,COMPLETE
64,64,0.9706797595344048,0.2518852161105075,2024-05-19 23:52:31.680971,2024-05-19 23:52:34.078086,0 days 00:00:02.397115,0.11360455929358663,0.0018925145285970896,2.322657786193408,2.3536373233939116,0.004360479694555849,"{'AUC_ROCs': [0.9726071121407626, 0.9747089339545388, 0.964723232507913], 'S_relative_errors': [0.25797896318759217, 0.24115997541224396, 0.2565167097316864], 'X_relative_errors': [0.999966671473492, 0.9999369864457267, 0.9999195257631017], 'Sparsity': [1.0, 1.0, 1.0], 'converged': [0, 0, 0], 'iterations': [150, 150, 150], 'primal_residual': [array(0.00225513), array(0.00237506), array(0.00250196)], 'dual_residual': [array(0.00143019), array(0.00143936), array(0.00138804)], 'times': [2.133140806807205, 2.1445607591886073, 2.1590402955189347]}",1,COMPLETE
65,65,0.993985468878719,0.23482093496532164,2024-05-19 23:52:34.102473,2024-05-19 23:52:36.656619,0 days 00:00:02.554146,0.00814363915755505,0.013066476835050817,0.2976423583371105,0.08167904049516907,0.0041282894370728495,"{'AUC_ROCs': [0.9946370144665562, 0.9946833860419354, 0.9926360061276653], 'S_relative_errors': [0.22962341468084294, 0.23008243254381597, 0.24475695767130604], 'X_relative_errors': [0.8118055816508065, 0.8690948502580492, 0.8683538067434746], 'Sparsity': [1.0, 1.0, 1.0], 'converged': [0, 0, 0], 'iterations': [150, 150, 150], 'primal_residual': [array(0.01807584), array(0.01678812), array(0.0191502)], 'dual_residual': [array(0.04757812), array(0.04859334), array(0.04778301)], 'times': [2.278885184554383, 2.278550097020343, 2.302963462891057]}",1,COMPLETE
66,66,0.957497529507287,0.8408540164137297,2024-05-19 23:52:36.688839,2024-05-19 23:52:39.245085,0 days 00:00:02.556246,0.003981987252569166,0.0013032319515329746,0.0016203425075272122,0.021237732911371553,0.006543452106512503,"{'AUC_ROCs': [0.9647615538276246, 0.9582703747468353, 0.9494606599474011], 'S_relative_errors': [0.8399549277144667, 0.8418287050903164, 0.8407784164364062], 'X_relative_errors': [2.984545328488445, 3.195251025945847, 2.9974796119660914], 'Sparsity': [1.0, 1.0, 1.0], 'converged': [0, 0, 0], 'iterations': [150, 150, 150], 'primal_residual': [array(0.00126976), array(0.0014972), array(0.00135359)], 'dual_residual': [array(0.00490167), array(0.00482382), array(0.00488105)], 'times': [2.2692224993370473, 2.2900972093921155, 2.2849609174299985]}",1,COMPLETE
67,67,0.9681180948415227,0.2749259250264758,2024-05-19 23:52:39.264808,2024-05-19 23:52:41.701595,0 days 00:00:02.436787,0.0002454062284553895,1.2949336975243264e-05,22.851589263514626,0.7391911094156274,2.8264861352712085,"{'AUC_ROCs': [0.969867604229453, 0.971189337693152, 0.9632973426019631], 'S_relative_errors': [0.28122125530444414, 0.2632649309407905, 0.2802915888341927], 'X_relative_errors': [1.0001358870156916, 1.0001382011947801, 1.0001377462178436], 'Sparsity': [1.0, 1.0, 1.0], 'converged': [0, 0, 0], 'iterations': [150, 150, 150], 'primal_residual': [array(0.00176614), array(0.00181681), array(0.00181697)], 'dual_residual': [array(0.0004102), array(0.00039891), array(0.00040825)], 'times': [2.143453845055774, 2.164049182087183, 2.202377464622259]}",1,COMPLETE
68,68,0.9116473651396365,0.8108703554946879,2024-05-19 23:52:41.739402,2024-05-19 23:52:43.835487,0 days 00:00:02.096085,0.11360455929358663,36.715273717797515,0.0011327379578747602,2.3536373233939116,0.3018371835628022,"{'AUC_ROCs': [0.9094064895070195, 0.9177526798982928, 0.907782926013597], 'S_relative_errors': [0.8104922363849454, 0.8132894416298906, 0.8088293884692278], 'X_relative_errors': [2.559793435272921, 2.752713310692527, 2.569791890753676], 'Sparsity': [1.0, 1.0, 1.0], 'converged': [1, 1, 1], 'iterations': [108, 107, 120], 'primal_residual': [array(0.00097933), array(0.00088692), array(0.00097903)], 'dual_residual': [array(0.00021409), array(0.00019571), array(8.52491166e-05)], 'times': [1.6207746902946383, 1.6244147145189345, 1.8420507502742112]}",1,COMPLETE
69,69,0.9695280531015208,0.2695300996023892,2024-05-19 23:52:43.873052,2024-05-19 23:52:46.397986,0 days 00:00:02.524934,0.025604128818247033,0.0004368712618481719,0.005109955144892216,30.16859792038403,16.623791254917958,"{'AUC_ROCs': [0.9703895494330224, 0.9730596475332258, 0.965134962338314], 'S_relative_errors': [0.2756657309435746, 0.257909604044377, 0.27501496381921603], 'X_relative_errors': [0.9996845828129148, 0.9996944391671434, 0.9996815168243723], 'Sparsity': [1.0, 1.0, 1.0], 'converged': [0, 0, 0], 'iterations': [150, 150, 150], 'primal_residual': [array(0.00612836), array(0.00625773), array(0.00628369)], 'dual_residual': [array(0.00284726), array(0.00288635), array(0.00297298)], 'times': [2.1449415273964405, 2.1568158250302076, 2.253616757923737]}",1,COMPLETE
70,70,0.9693081032401509,0.26320399786943854,2024-05-19 23:52:46.421035,2024-05-19 23:52:48.968699,0 days 00:00:02.547664,0.06463724101729944,0.0007088017465083238,0.039171433121987786,0.00560211347602198,82.95520305526342,"{'AUC_ROCs': [0.9741278752308206, 0.9744089346162957, 0.9593874998733364], 'S_relative_errors': [0.26740693331000476, 0.2501631007843685, 0.27204195951394256], 'X_relative_errors': [0.9966757224348113, 0.9971204425463056, 1.0194227977483956], 'Sparsity': [1.0, 1.0, 1.0], 'converged': [0, 0, 0], 'iterations': [150, 150, 150], 'primal_residual': [array(0.0520719), array(0.0529182), array(0.27008585)], 'dual_residual': [array(0.06279809), array(0.06412691), array(0.03614877)], 'times': [2.2305106779094785, 2.2287358313333243, 2.290806254837662]}",1,COMPLETE
71,71,0.8435521497766679,0.9999999999872126,2024-05-19 23:52:49.009006,2024-05-19 23:52:51.555923,0 days 00:00:02.546917,11.092523719381013,22.737872895138363,7.855170723774267,2.585852036810682,3.3799183967969184,"{'AUC_ROCs': [0.8401148181351024, 0.8465676115396499, 0.8439740196552514], 'S_relative_errors': [0.9999999999875351, 0.9999999999883592, 0.9999999999857434], 'X_relative_errors': [2.4338397093144715, 2.612250269071521, 2.4655543940190423], 'Sparsity': [1.0, 1.0, 1.0], 'converged': [0, 0, 0], 'iterations': [150, 150, 150], 'primal_residual': [array(0.01355706), array(0.0132203), array(0.01433882)], 'dual_residual': [array(0.00030784), array(0.00029894), array(0.00033085)], 'times': [2.2420995361171663, 2.2968531160149723, 2.2747533284127712]}",1,COMPLETE
72,72,0.9811356782028864,0.17134699433114253,2024-05-19 23:52:51.570983,2024-05-19 23:52:54.023119,0 days 00:00:02.452136,0.0007882995249654929,0.13127958438874465,0.028467932947588547,17.64119325687588,9.287478091043642,"{'AUC_ROCs': [0.9829148541684884, 0.986362771703258, 0.9741294087369129], 'S_relative_errors': [0.1733047728676779, 0.16378337340188687, 0.17695283672386292], 'X_relative_errors': [0.9995598706329141, 0.9995241231798637, 0.9996463805315348], 'Sparsity': [1.0, 1.0, 1.0], 'converged': [0, 0, 0], 'iterations': [150, 150, 150], 'primal_residual': [array(0.05064459), array(0.05199594), array(0.05241941)], 'dual_residual': [array(0.0044693), array(0.00367377), array(0.00451345)], 'times': [2.1978494089562446, 2.201663456624374, 2.207270528189838]}",1,COMPLETE
73,73,0.9814283868257953,0.17858053285014297,2024-05-19 23:52:54.049138,2024-05-19 23:52:56.511673,0 days 00:00:02.462535,0.044434374297696894,0.10978328730975423,54.65386792829922,0.9790107504577706,0.003131759717252313,"{'AUC_ROCs': [0.9834370658472126, 0.9838123626641081, 0.9770357319660654], 'S_relative_errors': [0.18388999918583185, 0.16967590774467398, 0.1821756916199231], 'X_relative_errors': [0.9988379650796569, 0.998634172248588, 0.9988735365876835], 'Sparsity': [1.0, 1.0, 1.0], 'converged': [0, 0, 0], 'iterations': [150, 150, 150], 'primal_residual': [array(0.04487471), array(0.04441489), array(0.04470845)], 'dual_residual': [array(0.0041891), array(0.00394274), array(0.00430311)], 'times': [2.189580732025206, 2.201557819498703, 2.2239770139567554]}",1,COMPLETE
74,74,0.8134453279769658,0.8310480110023826,2024-05-19 23:52:56.535220,2024-05-19 23:52:59.077303,0 days 00:00:02.542083,2.1507172356512383,0.13127958438874465,0.0019312300752074734,3.0561126714766305,2.8264861352712085,"{'AUC_ROCs': [0.8269247587463473, 0.8099505514038834, 0.8034606737806668], 'S_relative_errors': [0.8188406827421096, 0.8425439826511335, 0.8317593676139045], 'X_relative_errors': [2.224797597599605, 2.474074774938365, 2.292491962849303], 'Sparsity': [1.0, 1.0, 1.0], 'converged': [0, 0, 0], 'iterations': [150, 150, 150], 'primal_residual': [array(0.01079554), array(0.00946863), array(0.01032658)], 'dual_residual': [array(0.0004053), array(0.00069625), array(0.00033201)], 'times': [2.2723134751431644, 2.2700508339330554, 2.2889183182269335]}",1,COMPLETE
75,75,0.9598775471321938,0.1811258642274717,2024-05-19 23:52:59.100248,2024-05-19 23:53:01.513373,0 days 00:00:02.413125,1.3714261409049682,0.0067450230117928195,0.6404580011276345,9.52313370462744,40.31004657142591,"{'AUC_ROCs': [0.962941424480457, 0.9603261470960229, 0.9563650698201012], 'S_relative_errors': [0.1850192931560045, 0.17755778828528201, 0.18080051124112864], 'X_relative_errors': [0.9987856014139876, 0.9981377346083838, 0.9989203282313274], 'Sparsity': [1.0, 1.0, 1.0], 'converged': [0, 0, 0], 'iterations': [150, 150, 150], 'primal_residual': [array(0.00628125), array(0.00875862), array(0.00616535)], 'dual_residual': [array(0.00068544), array(0.00058723), array(0.00072514)], 'times': [2.141226668609306, 2.1477209518197924, 2.1704320169519633]}",1,COMPLETE
76,76,0.9694484881678976,0.26061571735631855,2024-05-19 23:53:01.529669,2024-05-19 23:53:03.920849,0 days 00:00:02.391180,0.06463724101729944,0.0018925145285970896,2.322657786193408,93.26204768433882,82.95520305526342,"{'AUC_ROCs': [0.9739115823377058, 0.9719193831278851, 0.9625144990381022], 'S_relative_errors': [0.2665689929485804, 0.24946838298225085, 0.2658097761381244], 'X_relative_errors': [1.0001119154266738, 1.0001083768904184, 1.0001054728192695], 'Sparsity': [1.0, 1.0, 1.0], 'converged': [0, 0, 0], 'iterations': [150, 150, 150], 'primal_residual': [array(0.00162738), array(0.00165345), array(0.00169672)], 'dual_residual': [array(0.00051106), array(0.00051863), array(0.00051443)], 'times': [2.106248261872679, 2.1208164321724325, 2.124153032898903]}",1,COMPLETE
77,77,0.9698047770926151,0.2520526076909089,2024-05-19 23:53:03.963337,2024-05-19 23:53:06.411003,0 days 00:00:02.447666,0.11360455929358663,0.0018453946720600272,0.0011327379578747602,2.3536373233939116,0.3949718211883446,"{'AUC_ROCs': [0.9709895060343054, 0.974980076296827, 0.9634447489467132], 'S_relative_errors': [0.25750314737325497, 0.24089635699545298, 0.2577583187040189], 'X_relative_errors': [1.0000110841088186, 1.0000019700915195, 1.0000137168574712], 'Sparsity': [1.0, 1.0, 1.0], 'converged': [0, 0, 0], 'iterations': [150, 150, 150], 'primal_residual': [array(0.00464452), array(0.00473053), array(0.00507499)], 'dual_residual': [array(0.00282662), array(0.00286774), array(0.0027472)], 'times': [2.174743709154427, 2.184099705889821, 2.2135599011089653]}",1,COMPLETE
78,78,0.9386949044545099,0.7593973602399102,2024-05-19 23:53:06.442023,2024-05-19 23:53:08.916014,0 days 00:00:02.473991,8.235999499513097,0.2954078801191281,5.624524477227976,0.2335314982923909,35.99301653142203,"{'AUC_ROCs': [0.9512209161160166, 0.9465398390661613, 0.9183239581813515], 'S_relative_errors': [0.7682069457254206, 0.7595885017256986, 0.7503966332686116], 'X_relative_errors': [0.9960603656836244, 0.9963328120764513, 0.9973956603292936], 'Sparsity': [1.0, 1.0, 1.0], 'converged': [0, 0, 0], 'iterations': [150, 150, 150], 'primal_residual': [array(0.05084256), array(0.05271558), array(0.04983769)], 'dual_residual': [array(0.0037384), array(0.00478387), array(0.0061653)], 'times': [2.2299941712990403, 2.2181611438281834, 2.220960739068687]}",1,COMPLETE
79,79,0.9746423569425596,0.2265712076866104,2024-05-19 23:53:08.949963,2024-05-19 23:53:11.340983,0 days 00:00:02.391020,0.00750658409239083,0.05086555838851583,0.6123468854243256,81.77199076384466,7.239889647136892,"{'AUC_ROCs': [0.9780780721328157, 0.9789437618028962, 0.9669052368919668], 'S_relative_errors': [0.23574010645973262, 0.21351798199038705, 0.23045553460971155], 'X_relative_errors': [0.9999975833432508, 1.0000246800305674, 1.0000382927482423], 'Sparsity': [1.0, 1.0, 1.0], 'converged': [0, 0, 0], 'iterations': [150, 150, 150], 'primal_residual': [array(0.01283026), array(0.01040331), array(0.01055589)], 'dual_residual': [array(0.00141276), array(0.00122611), array(0.00112867)], 'times': [2.1407768244389445, 2.1267813621088862, 2.1560160480439663]}",1,COMPLETE
80,80,0.9711530887378338,0.27158148452982733,2024-05-19 23:53:11.360971,2024-05-19 23:53:13.871042,0 days 00:00:02.510071,1.9491424460661795,0.44454281882677327,0.018336573004002987,0.2335314982923909,35.99301653142203,"{'AUC_ROCs': [0.9731097447963837, 0.9730758663353926, 0.9672736550817256], 'S_relative_errors': [0.276968541930925, 0.2711091402039524, 0.2666667714546046], 'X_relative_errors': [0.9942171155191577, 0.993848014202065, 0.9944653535122964], 'Sparsity': [1.0, 1.0, 1.0], 'converged': [0, 0, 0], 'iterations': [150, 150, 150], 'primal_residual': [array(0.07513056), array(0.07981252), array(0.07114779)], 'dual_residual': [array(0.00534557), array(0.00718652), array(0.00486797)], 'times': [2.2318738577887416, 2.2542864389251918, 2.3014607848599553]}",1,COMPLETE
