,number,values_0,values_1,datetime_start,datetime_complete,duration,params_lda1,params_psi_2,params_psi_3,params_rho,user_attrs_metrics,system_attrs_nsga2:generation,state
0,0,0.968993994343163,0.2749490000462988,2024-05-20 00:04:10.822353,2024-05-20 00:04:12.646843,0 days 00:00:01.824490,0.000877372498950624,0.01916388017647227,20.347202782661924,0.05334304217356509,"{'AUC_ROCs': [0.9704476070437702, 0.9737817290723961, 0.9627526469133226], 'S_relative_errors': [0.28124547035543485, 0.26328862712073364, 0.2803129026627278], 'X_relative_errors': [0.9999999966490696, 0.9999999876903187, 0.9999999746159637], 'Sparsity': [0.993869387755102, 0.9928081632653061, 0.9948244897959184], 'converged': [0, 0, 0], 'iterations': [150, 150, 150], 'primal_residual': [0.001991940982568105, 0.0021136442267881495, 0.001902980914584684], 'dual_residual': [0.001991940982568105, 0.0021136442267881495, 0.001902980914584684], 'times': [1.4926117619033903, 1.5205323670525104, 1.5335909591522068]}",0,COMPLETE
1,1,0.9592482386187761,0.23164000721427158,2024-05-20 00:04:12.648764,2024-05-20 00:04:14.373017,0 days 00:00:01.724253,0.00018926102635316897,0.01306412329681166,0.013476698756582872,4.053581704568539e-05,"{'AUC_ROCs': [0.9621114520464307, 0.9630948815724493, 0.9525383822374486], 'S_relative_errors': [0.2373369924313602, 0.22079749192559597, 0.23678553728585863], 'X_relative_errors': [0.9344954607950301, 0.9323801574526139, 0.9348665414290918], 'Sparsity': [0.18733061224489797, 0.17538775510204083, 0.20138775510204082], 'converged': [0, 0, 0], 'iterations': [150, 150, 150], 'primal_residual': [5.005083403343683, 4.854225536477174, 5.091412712938999], 'dual_residual': [5.005083403343683, 4.854225536477174, 5.091412712938999], 'times': [1.4111068884376436, 1.4418644902762026, 1.4640053333714604]}",0,COMPLETE
2,2,0.9508101134633286,inf,2024-05-20 00:04:14.375240,2024-05-20 00:04:16.229361,0 days 00:00:01.854121,0.4627502515616715,22.494591145790487,0.0033157188235551777,14.438570665173538,"{'AUC_ROCs': [0.9519840011629613, 0.9565156026859555, 0.9439307365410687], 'S_relative_errors': [inf, inf, inf], 'X_relative_errors': [inf, inf, inf], 'Sparsity': [1.0, 1.0, 1.0], 'converged': [0, 0, 0], 'iterations': [150, 150, 150], 'primal_residual': [inf, inf, inf], 'dual_residual': [inf, inf, inf], 'times': [1.594262330327183, 1.6247352636419237, 1.5953033342957497]}",0,COMPLETE
3,3,0.9696995062582365,4.1780446143685045e+64,2024-05-20 00:04:16.230242,2024-05-20 00:04:18.240345,0 days 00:00:02.010103,0.18345695780968835,0.004450517069542205,0.019875240289158633,3.7960518694886645,"{'AUC_ROCs': [0.9730422724379469, 0.9731250759826631, 0.9629311703540996], 'S_relative_errors': [4.2216172918438285e+64, 4.154946715768591e+64, 4.157569835493095e+64], 'X_relative_errors': [1.501043662554345e+65, 1.5780957358832318e+65, 1.4831887642243545e+65], 'Sparsity': [1.0, 1.0, 1.0], 'converged': [0, 0, 0], 'iterations': [150, 150, 150], 'primal_residual': [8.54817165056084e+66, 8.587191712552398e+66, 8.616639797569533e+66], 'dual_residual': [8.54817165056084e+66, 8.587191712552398e+66, 8.616639797569533e+66], 'times': [1.7664935253560543, 1.8385262286756188, 1.678188891382888]}",0,COMPLETE
4,4,0.9511599932344778,inf,2024-05-20 00:04:18.241846,2024-05-20 00:04:20.174226,0 days 00:00:01.932380,0.0027763472047087753,0.033588526288497345,42.031490781661816,30.15665060596103,"{'AUC_ROCs': [0.9556560171134549, 0.9564266929500164, 0.9413972696399618], 'S_relative_errors': [inf, inf, inf], 'X_relative_errors': [inf, inf, inf], 'Sparsity': [1.0, 1.0, 1.0], 'converged': [0, 0, 0], 'iterations': [150, 150, 150], 'primal_residual': [inf, inf, inf], 'dual_residual': [inf, inf, inf], 'times': [1.5925012370571494, 1.7053530064877123, 1.6080572693608701]}",0,COMPLETE
5,5,0.9684702886433408,0.274949003955149,2024-05-20 00:04:20.177553,2024-05-20 00:04:20.701830,0 days 00:00:00.524277,0.0005316311451149194,1.8985483486067902,0.029933767020366753,0.3535865026424447,"{'AUC_ROCs': [0.9723957771718366, 0.9740665707860969, 0.958948517972089], 'S_relative_errors': [0.2812454629725993, 0.2632886305017264, 0.2803129183911213], 'X_relative_errors': [0.999999980735127, 0.9999999820575106, 0.9999999533084103], 'Sparsity': [0.9967183673469387, 0.9963102040816326, 0.9969877551020409], 'converged': [1, 1, 1], 'iterations': [24, 24, 22], 'primal_residual': [0.0009411340793553191, 0.0009575411927899011, 0.0009316612620201102], 'dual_residual': [0.0009411340793553191, 0.0009575411927899011, 0.0009316612620201102], 'times': [0.24157168436795473, 0.24203374190256, 0.27044109534472227]}",0,COMPLETE
6,6,0.9487932639870573,inf,2024-05-20 00:04:20.703652,2024-05-20 00:04:22.545230,0 days 00:00:01.841578,1.1677628207261743,0.8631186685561024,8.038247014003348,20.507847520026054,"{'AUC_ROCs': [0.9511243300198856, 0.9509921182526969, 0.9442633436885897], 'S_relative_errors': [inf, inf, inf], 'X_relative_errors': [inf, inf, inf], 'Sparsity': [1.0, 1.0, 1.0], 'converged': [0, 0, 0], 'iterations': [150, 150, 150], 'primal_residual': [inf, inf, inf], 'dual_residual': [inf, inf, inf], 'times': [1.589096095180139, 1.6112971869297326, 1.6075294157490134]}",0,COMPLETE
7,7,0.9506997784256127,inf,2024-05-20 00:04:22.549315,2024-05-20 00:04:24.445227,0 days 00:00:01.895912,0.01697080264544322,0.33575365551580333,0.03920064465627878,96.7530179353966,"{'AUC_ROCs': [0.9548598551744268, 0.9530131856697688, 0.9442262944326426], 'S_relative_errors': [inf, inf, inf], 'X_relative_errors': [inf, inf, inf], 'Sparsity': [1.0, 1.0, 1.0], 'converged': [0, 0, 0], 'iterations': [150, 150, 150], 'primal_residual': [inf, inf, inf], 'dual_residual': [inf, inf, inf], 'times': [1.586711902404204, 1.5895855692215264, 1.6891452532727271]}",0,COMPLETE
8,8,0.9686851168242313,0.27494651973655954,2024-05-20 00:04:24.450646,2024-05-20 00:04:26.180419,0 days 00:00:01.729773,0.0008495611899090961,2.8644857184780936,3.686369953243499,0.0070860669960352415,"{'AUC_ROCs': [0.9711964070052925, 0.9721979403888633, 0.9626610030785383], 'S_relative_errors': [0.2812433048587774, 0.2632855284818233, 0.280310725869078], 'X_relative_errors': [0.999996542693597, 0.9999949225547394, 0.9999964920765045], 'Sparsity': [0.9602122448979592, 0.9478938775510204, 0.9583918367346939], 'converged': [0, 0, 0], 'iterations': [150, 150, 150], 'primal_residual': [0.03704499677703431, 0.042379153453664595, 0.0381832253744908], 'dual_residual': [0.03704499677703431, 0.042379153453664595, 0.0381832253744908], 'times': [1.4695354062132537, 1.4472279578913003, 1.456470265518874]}",0,COMPLETE
9,9,0.9263393491602673,0.14749410461523604,2024-05-20 00:04:26.182700,2024-05-20 00:04:27.829626,0 days 00:00:01.646926,0.00026714994690980485,0.18004716556614495,0.10924661768890674,2.5534268576613663e-05,"{'AUC_ROCs': [0.9322775355210743, 0.9310079242242554, 0.9157325877354722], 'S_relative_errors': [0.14780740514636936, 0.13163684241199855, 0.1630380662873402], 'X_relative_errors': [0.8200504924817957, 0.8123925176421655, 0.8356623763652765], 'Sparsity': [0.07071020408163266, 0.06707755102040816, 0.0733469387755102], 'converged': [0, 0, 0], 'iterations': [150, 150, 150], 'primal_residual': [8.1711597450526, 7.958612862316007, 8.034472486807672], 'dual_residual': [8.1711597450526, 7.958612862316007, 8.034472486807672], 'times': [1.410559790674597, 1.4217604559380561, 1.421905882190913]}",0,COMPLETE
10,10,0.9507515850117737,inf,2024-05-20 00:04:27.836818,2024-05-20 00:04:29.686309,0 days 00:00:01.849491,1.0095923861788998,16.859549966266098,0.08239214874025225,27.198783098975394,"{'AUC_ROCs': [0.9530806589589567, 0.955577709277403, 0.9435963867989617], 'S_relative_errors': [inf, inf, inf], 'X_relative_errors': [inf, inf, inf], 'Sparsity': [1.0, 1.0, 1.0], 'converged': [0, 0, 0], 'iterations': [150, 150, 150], 'primal_residual': [inf, inf, inf], 'dual_residual': [inf, inf, inf], 'times': [1.6305347790475935, 1.592979291221127, 1.6069566195365041]}",0,COMPLETE
11,11,0.8967132431709515,0.3602275438700686,2024-05-20 00:04:29.692895,2024-05-20 00:04:31.616328,0 days 00:00:01.923433,0.1553447563101543,0.20554336159854214,0.33026255943995864,1.256291394838542,"{'AUC_ROCs': [0.9013080621970933, 0.904284070647435, 0.8845475966683262], 'S_relative_errors': [0.37041669289976403, 0.3445739006968973, 0.36569203801354433], 'X_relative_errors': [1.3170877171748518, 1.3087544784357077, 1.3046096259850277], 'Sparsity': [0.05411428571428571, 0.054318367346938776, 0.05346122448979592], 'converged': [0, 0, 0], 'iterations': [150, 150, 150], 'primal_residual': [0.0022309170699564666, 0.0017643064142119332, 0.0018559759755149726], 'dual_residual': [0.0022309170699564666, 0.0017643064142119332, 0.0018559759755149726], 'times': [1.6273515834473073, 1.6264500522520393, 1.6727464457508177]}",0,COMPLETE
12,12,0.9644145730405667,0.253382083121452,2024-05-20 00:04:31.619731,2024-05-20 00:04:33.279061,0 days 00:00:01.659330,0.0005381864007055792,0.006576418468202916,33.342162851110416,0.00016205387158758428,"{'AUC_ROCs': [0.9668020772373161, 0.9680264932529102, 0.9584151486314736], 'S_relative_errors': [0.2594379621258953, 0.24168092315950115, 0.2590273640789595], 'X_relative_errors': [0.9667477368482937, 0.9648605208370816, 0.9673524565114772], 'Sparsity': [0.29085714285714287, 0.26317551020408164, 0.3056816326530612], 'converged': [0, 0, 0], 'iterations': [150, 150, 150], 'primal_residual': [3.594032957816943, 3.5219792568581334, 3.6306019007489243], 'dual_residual': [3.594032957816943, 3.5219792568581334, 3.6306019007489243], 'times': [1.4409833764657378, 1.4108866634778678, 1.4241113066673279]}",0,COMPLETE
13,13,0.8446242954854531,0.17337042535615946,2024-05-20 00:04:33.286001,2024-05-20 00:04:34.990053,0 days 00:00:01.704052,0.0016233389016074163,0.5201750432769933,38.671019573234304,6.998733765841363e-05,"{'AUC_ROCs': [0.8461878219402063, 0.8493443983875233, 0.83834066612863], 'S_relative_errors': [0.17796831742546987, 0.16818529958307785, 0.17395765905993069], 'X_relative_errors': [0.7834443195515653, 0.7825434899735415, 0.7885785276844971], 'Sparsity': [0.04661224489795918, 0.04686530612244898, 0.04706122448979592], 'converged': [0, 0, 0], 'iterations': [150, 150, 150], 'primal_residual': [10.386113908534433, 9.981245868877506, 10.313302161962882], 'dual_residual': [10.386113908534433, 9.981245868877506, 10.313302161962882], 'times': [1.4255214016884565, 1.4668299888726324, 1.42624677461572]}",0,COMPLETE
14,14,0.5,1.0,2024-05-20 00:04:34.999356,2024-05-20 00:04:36.675097,0 days 00:00:01.675741,0.004553239250278571,0.014464397174317939,0.004500185768341274,1.687775105624209e-05,"{'AUC_ROCs': [0.5, 0.5, 0.5], 'S_relative_errors': [1.0, 0.9999999999999998, 1.0], 'X_relative_errors': [1.166270367227415, 1.2119335374511473, 1.1645165705178988], 'Sparsity': [0.0, 0.0, 0.0], 'converged': [0, 0, 0], 'iterations': [150, 150, 150], 'primal_residual': [34.044238770181536, 34.58763949094398, 34.89132837958094], 'dual_residual': [34.044238770181536, 34.58763949094398, 34.89132837958094], 'times': [1.3932779447641224, 1.4138525263406336, 1.466954507632181]}",0,COMPLETE
15,15,0.5,1.0,2024-05-20 00:04:36.680754,2024-05-20 00:04:38.311823,0 days 00:00:01.631069,0.17294875455312061,0.018274282525637134,0.0439344968915093,1.9838782519846205e-05,"{'AUC_ROCs': [0.5, 0.5, 0.5], 'S_relative_errors': [1.0, 0.9999999999999998, 1.0], 'X_relative_errors': [1.1646219690847766, 1.2092339272465655, 1.1650178488166723], 'Sparsity': [0.0, 0.0, 0.0], 'converged': [0, 0, 0], 'iterations': [150, 150, 150], 'primal_residual': [34.06987325770054, 34.62676223452865, 34.88341771580577], 'dual_residual': [34.06987325770054, 34.62676223452865, 34.88341771580577], 'times': [1.4292231311555952, 1.4277773511130363, 1.4198082680813968]}",0,COMPLETE
16,16,0.9640470015064001,0.2560871783870771,2024-05-20 00:04:38.315921,2024-05-20 00:04:40.029047,0 days 00:00:01.713126,0.23835931167156327,0.0033592873378023753,0.0018888964252787247,0.07759164566236892,"{'AUC_ROCs': [0.9669701312267197, 0.9677072381511221, 0.9574636351413582], 'S_relative_errors': [0.2623332698644514, 0.24410552658686455, 0.26182273870991546], 'X_relative_errors': [0.9711266878921442, 0.9686909825644461, 0.9716075088947029], 'Sparsity': [0.3199183673469388, 0.29898775510204084, 0.33146938775510204], 'converged': [0, 0, 0], 'iterations': [150, 150, 150], 'primal_residual': [3.3486634420728594, 3.328616555699199, 3.3888678545366058], 'dual_residual': [3.3486634420728594, 3.328616555699199, 3.3888678545366058], 'times': [1.4637906134594232, 1.4461418078280985, 1.4746261965483427]}",0,COMPLETE
17,17,0.9683723913729315,0.2749490056677606,2024-05-20 00:04:40.033259,2024-05-20 00:04:41.695459,0 days 00:00:01.662200,0.00524302505060321,0.009965462338164675,0.01127089127348695,0.39511735465401154,"{'AUC_ROCs': [0.971787636279853, 0.9722640542599105, 0.961065483579031], 'S_relative_errors': [0.28124546302986286, 0.2632886300626294, 0.2803129239107896], 'X_relative_errors': [0.9999999918757771, 0.9999999931614494, 0.999999995666445], 'Sparsity': [0.994930612244898, 0.9949632653061224, 0.9959346938775511], 'converged': [0, 0, 0], 'iterations': [150, 150, 150], 'primal_residual': [0.0015352064484877041, 0.001448614572530864, 0.0013150411753325754], 'dual_residual': [0.0015352064484877041, 0.001448614572530864, 0.0013150411753325754], 'times': [1.435279528144747, 1.443114444380626, 1.4481304814107716]}",0,COMPLETE
18,18,0.5,1.0,2024-05-20 00:04:41.701744,2024-05-20 00:04:43.357901,0 days 00:00:01.656157,4.060283851698614,0.3564616403597116,0.003413245317617848,0.00026794240848170974,"{'AUC_ROCs': [0.5, 0.5, 0.5], 'S_relative_errors': [1.0, 0.9999999999999998, 1.0], 'X_relative_errors': [1.1621182101108456, 1.209087442446405, 1.166942331158262], 'Sparsity': [0.0, 0.0, 0.0], 'converged': [0, 0, 0], 'iterations': [150, 150, 150], 'primal_residual': [34.108703480805616, 34.628881333736956, 34.85299916025839], 'dual_residual': [34.108703480805616, 34.628881333736956, 34.85299916025839], 'times': [1.3899295281153172, 1.4207439925521612, 1.4354348990600556]}",0,COMPLETE
19,19,0.9534522534743077,inf,2024-05-20 00:04:43.369191,2024-05-20 00:04:45.419132,0 days 00:00:02.049941,9.097769505650213,3.7315570249372696,0.035870336882194175,12.252693932045018,"{'AUC_ROCs': [0.9563190614421467, 0.9563843545744359, 0.9476533444063404], 'S_relative_errors': [inf, inf, inf], 'X_relative_errors': [inf, inf, inf], 'Sparsity': [1.0, 1.0, 1.0], 'converged': [0, 0, 0], 'iterations': [150, 150, 150], 'primal_residual': [inf, inf, inf], 'dual_residual': [inf, inf, inf], 'times': [1.6087679802440107, 1.6200703079812229, 1.8083041915670037]}",0,COMPLETE
20,20,0.7475566203135139,0.33361604038373627,2024-05-20 00:04:45.428207,2024-05-20 00:04:47.060584,0 days 00:00:01.632377,0.10423170012159916,0.0068920647356928095,0.19914469611303443,0.0027828015340126055,"{'AUC_ROCs': [0.7432071809801067, 0.7515838206627681, 0.7478788592976667], 'S_relative_errors': [0.3471816289593345, 0.32816244038497006, 0.32550405180690417], 'X_relative_errors': [0.8295310042470597, 0.8265058227284733, 0.8213302592919571], 'Sparsity': [0.03273469387755102, 0.03371428571428572, 0.03434285714285714], 'converged': [0, 0, 0], 'iterations': [150, 150, 150], 'primal_residual': [14.233078149007252, 13.78130726194744, 14.009281737014936], 'dual_residual': [14.233078149007252, 13.78130726194744, 14.009281737014936], 'times': [1.406549436505884, 1.4083944554440677, 1.4096316783688962]}",0,COMPLETE
21,21,0.6255078037554883,0.899220570060097,2024-05-20 00:04:47.067707,2024-05-20 00:04:48.941916,0 days 00:00:01.874209,0.1614775701479069,37.64792285712662,0.11478403906879654,1.7256684404992786,"{'AUC_ROCs': [0.6271800942838781, 0.6274366471734893, 0.6219066698090974], 'S_relative_errors': [0.8985879958850412, 0.8971378116191465, 0.9019359026761032], 'X_relative_errors': [3.195145085561868, 3.4075593672180418, 3.2177100082159873], 'Sparsity': [0.017126530612244898, 0.017077551020408165, 0.016889795918367347], 'converged': [0, 0, 0], 'iterations': [150, 150, 150], 'primal_residual': [0.003905582165904913, 0.004284128995434111, 0.003773605550152337], 'dual_residual': [0.003905582165904913, 0.004284128995434111, 0.003773605550152337], 'times': [1.651739275548607, 1.6256930737290531, 1.634148031938821]}",0,COMPLETE
22,22,0.7025260828121992,0.42374185195402636,2024-05-20 00:04:48.958385,2024-05-20 00:04:50.636067,0 days 00:00:01.677682,0.038050656206789935,6.77614346926958,11.852197072200292,0.000862748647262493,"{'AUC_ROCs': [0.6961426491994178, 0.7066276803118908, 0.7048079189252887], 'S_relative_errors': [0.4395070054492907, 0.41812316393266746, 0.41359538648012095], 'X_relative_errors': [0.864522014624263, 0.868859878757216, 0.8525581854759426], 'Sparsity': [0.0264, 0.027689795918367347, 0.028375510204081633], 'converged': [0, 0, 0], 'iterations': [150, 150, 150], 'primal_residual': [16.761006472956424, 16.16412915361655, 16.435168138019957], 'dual_residual': [16.761006472956424, 16.16412915361655, 16.435168138019957], 'times': [1.388875238597393, 1.4072010572999716, 1.415952859679237]}",0,COMPLETE
23,23,0.5,1.0,2024-05-20 00:04:50.646576,2024-05-20 00:04:51.631596,0 days 00:00:00.985020,7.5731653891996045,69.01534168552449,0.045862693604115476,1.0229902592438715,"{'AUC_ROCs': [0.5, 0.5, 0.5], 'S_relative_errors': [1.0, 0.9999999999999998, 1.0], 'X_relative_errors': [3.555690681585218, 3.79819799952994, 3.567522230082631], 'Sparsity': [0.0, 0.0, 0.0], 'converged': [1, 1, 1], 'iterations': [63, 63, 63], 'primal_residual': [0.000863249992009222, 0.000895763544180972, 0.0009125093289091361], 'dual_residual': [0.000863249992009222, 0.000895763544180972, 0.0009125093289091361], 'times': [0.683901835931465, 0.7449743018951267, 0.7135495687834918]}",0,COMPLETE
24,24,0.9506859161720055,5.786114868801205e+121,2024-05-20 00:04:51.645944,2024-05-20 00:04:53.572732,0 days 00:00:01.926788,0.1304311649604135,2.728975024426607,0.06266145992438907,7.817783878688922,"{'AUC_ROCs': [0.955004210392373, 0.9540543165776468, 0.9429992215459968], 'S_relative_errors': [5.86440056215295e+121, 5.749772154673097e+121, 5.744171889577568e+121], 'X_relative_errors': [2.0851537905879565e+122, 2.1838284676801887e+122, 2.0491997834076986e+122], 'Sparsity': [1.0, 1.0, 1.0], 'converged': [0, 0, 0], 'iterations': [150, 150, 150], 'primal_residual': [2.3846630570253343e+124, 2.3866015943781775e+124, 2.388240122852353e+124], 'dual_residual': [2.3846630570253343e+124, 2.3866015943781775e+124, 2.388240122852353e+124], 'times': [1.6246513682417572, 1.6390833090990782, 1.6594278374686837]}",0,COMPLETE
25,25,0.5,1.0,2024-05-20 00:04:53.587736,2024-05-20 00:04:55.249236,0 days 00:00:01.661500,8.468928558921066,0.024529591950585204,8.40414369752852,0.0002606981903691219,"{'AUC_ROCs': [0.5, 0.5, 0.5], 'S_relative_errors': [1.0, 0.9999999999999998, 1.0], 'X_relative_errors': [1.16510861726358, 1.2079702513504766, 1.164997010077431], 'Sparsity': [0.0, 0.0, 0.0], 'converged': [0, 0, 0], 'iterations': [150, 150, 150], 'primal_residual': [34.06231109704878, 34.645030297255275, 34.883746675140536], 'dual_residual': [34.06231109704878, 34.645030297255275, 34.883746675140536], 'times': [1.398734086425975, 1.4047054126858711, 1.4232425708323717]}",0,COMPLETE
26,26,0.5,1.0,2024-05-20 00:04:55.265887,2024-05-20 00:04:56.917397,0 days 00:00:01.651510,1.9137154381092651,13.19262236129427,93.330349391078,0.004446914626511992,"{'AUC_ROCs': [0.5, 0.5, 0.5], 'S_relative_errors': [1.0, 0.9999999999999998, 1.0], 'X_relative_errors': [1.1623043216264937, 1.2092239373581226, 1.1658204216905708], 'Sparsity': [0.0, 0.0, 0.0], 'converged': [0, 0, 0], 'iterations': [150, 150, 150], 'primal_residual': [34.10582151468188, 34.626906763948384, 34.87074149881947], 'dual_residual': [34.10582151468188, 34.626906763948384, 34.87074149881947], 'times': [1.4623737728688866, 1.4031655616126955, 1.458423768170178]}",0,COMPLETE
27,27,0.9671556234882295,0.2607344011353914,2024-05-20 00:04:56.923066,2024-05-20 00:04:58.651358,0 days 00:00:01.728292,0.008022893966114514,93.14954803627322,0.07628024688666536,0.00296553638844402,"{'AUC_ROCs': [0.9700835043105871, 0.9711487890887737, 0.9602345770653278], 'S_relative_errors': [0.26652755740662276, 0.24880914097833307, 0.26686650502121845], 'X_relative_errors': [0.9774283827025237, 0.9762978009659626, 0.9792958541662673], 'Sparsity': [0.3622938775510204, 0.3246775510204082, 0.3667265306122449], 'converged': [0, 0, 0], 'iterations': [150, 150, 150], 'primal_residual': [2.9658895298257497, 2.9004732431748823, 2.901782741982067], 'dual_residual': [2.9658895298257497, 2.9004732431748823, 2.901782741982067], 'times': [1.4246979830786586, 1.4897879818454385, 1.5012699242215604]}",0,COMPLETE
28,28,0.9522018163793385,1.861825599318066e+145,2024-05-20 00:04:58.667189,2024-05-20 00:05:00.539882,0 days 00:00:01.872693,0.006123768600031562,0.7098174670512818,1.6062874837517747,10.844331531501483,"{'AUC_ROCs': [0.9565413388788703, 0.9547836680629739, 0.9452804421961717], 'S_relative_errors': [1.888805369495371e+145, 1.8510495549789116e+145, 1.8456218734799156e+145], 'X_relative_errors': [6.715860613791819e+145, 7.030495477919543e+145, 6.584148274270547e+145], 'Sparsity': [1.0, 1.0, 1.0], 'converged': [0, 0, 0], 'iterations': [150, 150, 150], 'primal_residual': [1.052598794725387e+148, 1.0532043373686483e+148, 1.0510953219762862e+148], 'dual_residual': [1.052598794725387e+148, 1.0532043373686483e+148, 1.0510953219762862e+148], 'times': [1.6178530266042799, 1.6390819868538529, 1.648694426054135]}",0,COMPLETE
