,number,values_0,values_1,datetime_start,datetime_complete,duration,params_lda1,params_ldag,params_psi_1,params_psi_2,params_psi_3,user_attrs_metrics,system_attrs_nsga2:generation,state
27,27,0.9922747661603134,0.8610256734544478,2024-05-20 09:05:03.700998,2024-05-20 09:05:06.381245,0 days 00:00:02.680247,0.02790069658624584,0.005804696499871497,0.020592407665512888,0.005255457645291421,0.14758480259602083,"{'AUC_ROCs': [0.9914917590119183, 0.9922679655408376, 0.9930645739281843], 'S_relative_errors': [0.85932709352284, 0.8632533953191569, 0.8604965315213466], 'X_relative_errors': [5.464462664518043, 5.8181148921660135, 5.483005464035471], 'Sparsity': [1.0, 1.0, 1.0], 'converged': [0, 0, 0], 'iterations': [150, 150, 150], 'primal_residual': [array(0.00337139), array(0.00348654), array(0.00321593)], 'dual_residual': [array(0.0110438), array(0.01046754), array(0.01050284)], 'times': [2.296913756756112, 2.2917492082342505, 2.4374076544772834]}",0,COMPLETE
28,28,0.9992236362555579,0.10186569584881333,2024-05-20 09:05:06.394226,2024-05-20 09:05:08.879921,0 days 00:00:02.485695,0.31897315528731773,0.08705025395984713,21.102730796130977,0.11149066457218187,1.2453890856808856,"{'AUC_ROCs': [0.9992172443589951, 0.9990773173145946, 0.9993763470930839], 'S_relative_errors': [0.10216897252049893, 0.10098969207173596, 0.10243842295420513], 'X_relative_errors': [0.9987161285133588, 0.9985712780985312, 0.9986829925765988], 'Sparsity': [1.0, 1.0, 1.0], 'converged': [0, 0, 0], 'iterations': [150, 150, 150], 'primal_residual': [array(0.0296986), array(0.03074135), array(0.03103586)], 'dual_residual': [array(0.00244637), array(0.00271387), array(0.00279928)], 'times': [2.194005575729534, 2.207894138759002, 2.1893678710330278]}",0,COMPLETE
29,29,0.9465736870905225,0.8375549643861561,2024-05-20 09:05:08.894919,2024-05-20 09:05:11.531487,0 days 00:00:02.636568,0.0870068326780935,72.08491585957749,0.005535876835420227,0.011636166645746748,21.45143035053859,"{'AUC_ROCs': [0.9465969911783074, 0.9460857398969547, 0.9470383301963052], 'S_relative_errors': [0.8370940069494502, 0.8367889329349559, 0.8387819532740619], 'X_relative_errors': [2.7873488692441697, 2.8744844448830134, 2.770278588163376], 'Sparsity': [1.0, 1.0, 1.0], 'converged': [0, 0, 0], 'iterations': [150, 150, 150], 'primal_residual': [array(0.04738926), array(0.04703642), array(0.03645818)], 'dual_residual': [array(0.01129587), array(0.01119726), array(0.01000607)], 'times': [2.303335669916123, 2.3356709147337824, 2.326461354503408]}",0,COMPLETE
30,30,0.9547225032579183,0.8054052917466389,2024-05-20 09:05:11.539013,2024-05-20 09:05:14.139272,0 days 00:00:02.600259,0.0002697392114626062,1.398841422622707,1.794301467059834,9.790256932562139,0.0016130488835900275,"{'AUC_ROCs': [0.9564760233133616, 0.9517873756212217, 0.9559041108391713], 'S_relative_errors': [0.7988154116949057, 0.813505635165641, 0.80389482837937], 'X_relative_errors': [3.783475444962674, 4.030298004997716, 3.8051109154499985], 'Sparsity': [1.0, 1.0, 1.0], 'converged': [0, 0, 0], 'iterations': [150, 150, 150], 'primal_residual': [array(0.0585291), array(0.05139899), array(0.05880374)], 'dual_residual': [array(0.00185173), array(0.00180355), array(0.0022984)], 'times': [2.331499817315489, 2.3498835591599345, 2.3504724889062345]}",0,COMPLETE
31,31,0.9474128961730072,0.8374215930260117,2024-05-20 09:05:14.146994,2024-05-20 09:05:16.703167,0 days 00:00:02.556173,0.015024666132944836,5.3531075046566485,0.09647530659115429,0.003533304247731798,2.073918458659347,"{'AUC_ROCs': [0.9475491757411196, 0.9461277538466086, 0.9485617589312934], 'S_relative_errors': [0.8368875827231419, 0.8378617417151658, 0.8375154546397272], 'X_relative_errors': [5.157647721619085, 5.359148293856612, 5.204159622610705], 'Sparsity': [1.0, 1.0, 1.0], 'converged': [1, 1, 1], 'iterations': [144, 141, 148], 'primal_residual': [array(0.00083639), array(0.000846), array(0.00089837)], 'dual_residual': [array(0.00098856), array(0.00098446), array(0.00099859)], 'times': [2.2811201750300825, 2.155524746282026, 2.3021401232108474]}",0,COMPLETE
32,32,0.9980597378563404,0.15342701958254257,2024-05-20 09:05:16.712588,2024-05-20 09:05:19.199602,0 days 00:00:02.487014,0.0032181431635573054,1.2543926051065241e-05,0.10189626412088122,0.7244472866618892,1.4601821770242394,"{'AUC_ROCs': [0.9978402417247884, 0.9978515208137476, 0.9984874510304849], 'S_relative_errors': [0.15731758404258603, 0.14755180794199604, 0.15541166676304563], 'X_relative_errors': [1.0000568020295812, 1.0000599646006092, 1.0000569159771646], 'Sparsity': [1.0, 1.0, 1.0], 'converged': [0, 0, 0], 'iterations': [150, 150, 150], 'primal_residual': [array(0.00177764), array(0.00180336), array(0.00186662)], 'dual_residual': [array(0.00036123), array(0.00037021), array(0.00037343)], 'times': [2.171866566641256, 2.1907239072024822, 2.179739943239838]}",0,COMPLETE
33,33,0.9984388171749258,0.1469984059863929,2024-05-20 09:05:19.218182,2024-05-20 09:05:21.808149,0 days 00:00:02.589967,0.005321586043350151,0.019259968376347678,93.69806155904408,0.01810225075708461,0.010644751439142322,"{'AUC_ROCs': [0.9979831117879711, 0.9982471757569152, 0.9990861639798913], 'S_relative_errors': [0.14836711131610356, 0.14253557301308234, 0.1500925336299929], 'X_relative_errors': [1.038297733417812, 1.0401953158808432, 1.0374115231869765], 'Sparsity': [1.0, 1.0, 1.0], 'converged': [0, 0, 0], 'iterations': [150, 150, 150], 'primal_residual': [array(0.45715595), array(0.45214627), array(0.46276266)], 'dual_residual': [array(0.12970691), array(0.12869552), array(0.13159237)], 'times': [2.345920169027522, 2.282623087055981, 2.3145743415225297]}",0,COMPLETE
34,34,0.9466266692594217,0.8381741642100436,2024-05-20 09:05:21.819571,2024-05-20 09:05:23.275744,0 days 00:00:01.456173,0.0002073288085195411,23.60810887160889,0.015428437147446357,1.4338598347358673,3.5206187380715144,"{'AUC_ROCs': [0.94607838392039, 0.9464549284656624, 0.947346695392213], 'S_relative_errors': [0.8379566906403122, 0.8373904868142059, 0.8391753151756125], 'X_relative_errors': [4.80569000597069, 4.998488251470725, 4.766510691738614], 'Sparsity': [1.0, 1.0, 1.0], 'converged': [1, 1, 1], 'iterations': [77, 76, 77], 'primal_residual': [array(0.00094439), array(0.00092819), array(0.0009475)], 'dual_residual': [array(0.00039501), array(0.0003992), array(0.00040098)], 'times': [1.164554527727887, 1.1713434322737157, 1.2150160104501992]}",0,COMPLETE
35,35,0.9982569634291788,0.15115900231054868,2024-05-20 09:05:23.284425,2024-05-20 09:05:25.791354,0 days 00:00:02.506929,0.002972123633177234,0.0021213621231642855,49.16738432484254,0.26485318295213806,0.00364522014237673,"{'AUC_ROCs': [0.998246560450472, 0.9979262252762743, 0.99859810456079], 'S_relative_errors': [0.15273869718430685, 0.14639797964610707, 0.1543403301012322], 'X_relative_errors': [1.0012898487684452, 1.0013430741883385, 1.0013936227308622], 'Sparsity': [1.0, 1.0, 1.0], 'converged': [0, 0, 0], 'iterations': [150, 150, 150], 'primal_residual': [array(0.03157701), array(0.03008791), array(0.03317155)], 'dual_residual': [array(0.00666891), array(0.0066845), array(0.00662757)], 'times': [2.2877476753201336, 2.235073298914358, 2.242508731316775]}",0,COMPLETE
36,36,0.9995707351239537,0.44231884633488355,2024-05-20 09:05:25.813318,2024-05-20 09:05:28.534998,0 days 00:00:02.721680,0.007066855680364949,0.003917908429200312,0.05161107100916256,0.1805271959155207,0.03300516715450718,"{'AUC_ROCs': [0.999627674505275, 0.9994699340058155, 0.9996145968607704], 'S_relative_errors': [0.44050465029111396, 0.4383797055265762, 0.44807218318696046], 'X_relative_errors': [2.850031178001042, 2.9549995519462877, 2.8681814484823605], 'Sparsity': [1.0, 1.0, 1.0], 'converged': [0, 0, 0], 'iterations': [150, 150, 150], 'primal_residual': [array(0.00415601), array(0.00420707), array(0.0041766)], 'dual_residual': [array(0.07409298), array(0.07397683), array(0.07350914)], 'times': [2.3256329412106425, 2.395430728327483, 2.3679949757643044]}",0,COMPLETE
37,37,0.9984411920255661,0.15236980917029694,2024-05-20 09:05:28.545303,2024-05-20 09:05:30.966834,0 days 00:00:02.421531,0.001831197327806607,1.5360796453298805e-05,9.273959041187775,5.581397897714758,19.43302739066339,"{'AUC_ROCs': [0.9985467560285542, 0.9982785561130981, 0.9984982639350457], 'S_relative_errors': [0.15388260104113555, 0.14768062306463378, 0.15554620340512149], 'X_relative_errors': [1.0001106262372657, 1.0001053118699417, 1.0000971405707704], 'Sparsity': [1.0, 1.0, 1.0], 'converged': [0, 0, 0], 'iterations': [150, 150, 150], 'primal_residual': [array(0.00236574), array(0.00234929), array(0.00239044)], 'dual_residual': [array(0.00142288), array(0.00141586), array(0.0014263)], 'times': [2.136630956083536, 2.1583706659730524, 2.1459945095703006]}",0,COMPLETE
38,38,0.9984678656636676,0.15213850764061237,2024-05-20 09:05:30.976463,2024-05-20 09:05:33.446458,0 days 00:00:02.469995,0.0026150213888044686,0.0001498383194370523,15.117258838273294,0.031592575999548574,0.6195548967523544,"{'AUC_ROCs': [0.9980985672294205, 0.9986799790706613, 0.9986250506909209], 'S_relative_errors': [0.15364399163869671, 0.14746769487389966, 0.15530383640924078], 'X_relative_errors': [0.9995678226682333, 0.9995359507717584, 0.999534657304034], 'Sparsity': [1.0, 1.0, 1.0], 'converged': [0, 0, 0], 'iterations': [150, 150, 150], 'primal_residual': [array(0.00705326), array(0.00753689), array(0.00776506)], 'dual_residual': [array(0.00221371), array(0.00220428), array(0.00220108)], 'times': [2.170819171704352, 2.2195829295087606, 2.21285198116675]}",0,COMPLETE
39,39,0.9995266286325748,0.14007257149729405,2024-05-20 09:05:33.460754,2024-05-20 09:05:36.018438,0 days 00:00:02.557684,1.55809335833064,1.266342661590978e-05,0.006831110693602707,0.1463542848887029,90.87167778149332,"{'AUC_ROCs': [0.9995703808275633, 0.9994380195784842, 0.9995714854916767], 'S_relative_errors': [0.1410586988732266, 0.13842526680984646, 0.1407337488088091], 'X_relative_errors': [0.9930712016364514, 0.9946371958490109, 0.9952098920076224], 'Sparsity': [1.0, 1.0, 1.0], 'converged': [0, 0, 0], 'iterations': [150, 150, 150], 'primal_residual': [array(0.04187424), array(0.0352917), array(0.03486)], 'dual_residual': [array(0.01727825), array(0.02240003), array(0.025128)], 'times': [2.2689907096792012, 2.268759020138532, 2.315534377703443]}",0,COMPLETE
40,40,0.999656066916879,0.1957456877536893,2024-05-20 09:05:36.029206,2024-05-20 09:05:38.490018,0 days 00:00:02.460812,2.4417105796076495,0.00984396336834253,0.05254970763414569,24.979316678344055,54.52068097787041,"{'AUC_ROCs': [0.9996455814826748, 0.9995968978226772, 0.9997257214452853], 'S_relative_errors': [0.1969570813418536, 0.19708417436415138, 0.19319580755506288], 'X_relative_errors': [0.9991081598300087, 0.9991443504655239, 0.999116611247421], 'Sparsity': [1.0, 1.0, 1.0], 'converged': [0, 0, 0], 'iterations': [150, 150, 150], 'primal_residual': [array(0.00675795), array(0.00609847), array(0.00677974)], 'dual_residual': [array(0.00152872), array(0.00159142), array(0.00159188)], 'times': [2.226540867704898, 2.2324084222782403, 2.1851106588728726]}",0,COMPLETE
41,41,0.998687418473875,0.12256922566813981,2024-05-20 09:05:38.501159,2024-05-20 09:05:41.007935,0 days 00:00:02.506776,0.0001428584155322049,0.06248447171098631,0.035586745944813876,0.19346969707364536,35.185808186414256,"{'AUC_ROCs': [0.9987405029438657, 0.998650447007452, 0.9986713054703071], 'S_relative_errors': [0.12294102543334594, 0.11929923229061376, 0.12546741928045976], 'X_relative_errors': [0.9999682191723985, 1.0000409013133742, 0.9999653684537776], 'Sparsity': [1.0, 1.0, 1.0], 'converged': [0, 0, 0], 'iterations': [150, 150, 150], 'primal_residual': [array(0.04754799), array(0.04710554), array(0.0491486)], 'dual_residual': [array(0.01038366), array(0.01018864), array(0.01019327)], 'times': [2.2502877111546695, 2.2691395657602698, 2.275825558695942]}",0,COMPLETE
42,42,0.9988429352731982,0.09827210264433599,2024-05-20 09:05:41.018657,2024-05-20 09:05:43.590067,0 days 00:00:02.571410,0.00037576963226097873,0.21898179528664374,31.959206399768014,0.08838281806141977,0.20539774010076237,"{'AUC_ROCs': [0.998577356833287, 0.998836433317185, 0.9991150156691229], 'S_relative_errors': [0.10006698237885604, 0.09545850775131856, 0.0992908178028333], 'X_relative_errors': [0.9940602245047735, 0.9936585050120007, 0.9943247698459328], 'Sparsity': [1.0, 1.0, 1.0], 'converged': [0, 0, 0], 'iterations': [150, 150, 150], 'primal_residual': [array(0.07310267), array(0.07746407), array(0.07119366)], 'dual_residual': [array(0.00603136), array(0.00663521), array(0.00611449)], 'times': [2.2287064911797643, 2.281836261274293, 2.2531743543222547]}",0,COMPLETE
43,43,0.9989212940061982,0.11481664515167822,2024-05-20 09:05:43.603904,2024-05-20 09:05:46.051614,0 days 00:00:02.447710,0.5474838646305844,0.005865471233159306,3.074620609517967,48.122596288901015,4.747256496785844,"{'AUC_ROCs': [0.9991958356893875, 0.9985422992439382, 0.9990257470852689], 'S_relative_errors': [0.11652674956745185, 0.11070275472534069, 0.11722043116224214], 'X_relative_errors': [0.9998969919211116, 0.9998875371043594, 0.99989958037557], 'Sparsity': [1.0, 1.0, 1.0], 'converged': [0, 0, 0], 'iterations': [150, 150, 150], 'primal_residual': [array(0.00338034), array(0.00336313), array(0.0033789)], 'dual_residual': [array(0.00044871), array(0.00044682), array(0.00044865)], 'times': [2.1824701479636133, 2.176089671906084, 2.1703120276797563]}",0,COMPLETE
44,44,0.9416094056501242,0.8955426004159822,2024-05-20 09:05:46.064799,2024-05-20 09:05:48.687660,0 days 00:00:02.622861,11.283809796886064,0.006039847901553537,0.010759440810857808,9.36701089059222,28.337199790140776,"{'AUC_ROCs': [0.9505284678347289, 0.9453097275743498, 0.9289900215412937], 'S_relative_errors': [0.8929289355928676, 0.9102055952260911, 0.8834932704289884], 'X_relative_errors': [1.4351576972100721, 1.536778052526748, 1.3892513657185608], 'Sparsity': [1.0, 1.0, 1.0], 'converged': [0, 0, 0], 'iterations': [150, 150, 150], 'primal_residual': [array(0.11607343), array(0.10272034), array(0.10084693)], 'dual_residual': [array(0.00800636), array(0.00571011), array(0.00800572)], 'times': [2.321504965890199, 2.3571064036805183, 2.366867166478187]}",0,COMPLETE
45,45,0.9887921014135177,0.6420641878873163,2024-05-20 09:05:48.701489,2024-05-20 09:05:51.276800,0 days 00:00:02.575311,0.15912733894015035,2.2083164253515433,0.0036367827487165825,24.44107051699746,0.0020545728184234425,"{'AUC_ROCs': [0.9892458385935929, 0.9899421304811428, 0.9871883351658173], 'S_relative_errors': [0.6355248638630947, 0.6384424245632511, 0.6522252752356033], 'X_relative_errors': [1.582357748726774, 1.5838864911966235, 1.6913294376799763], 'Sparsity': [1.0, 1.0, 1.0], 'converged': [0, 0, 0], 'iterations': [150, 150, 150], 'primal_residual': [array(0.29391504), array(0.29197373), array(0.29911208)], 'dual_residual': [array(0.04513953), array(0.04220359), array(0.0398727)], 'times': [2.2894856629427522, 2.323515749303624, 2.3171443494502455]}",0,COMPLETE
46,46,0.9117552151772,0.9999999350901407,2024-05-20 09:05:51.303865,2024-05-20 09:05:52.694604,0 days 00:00:01.390739,0.14066371396585092,0.024686977038969365,0.27716010069210745,0.001820169657148985,0.006836933923736362,"{'AUC_ROCs': [0.9156144664682658, 0.9053285721516514, 0.914322606911683], 'S_relative_errors': [0.9999999163470012, 0.9999999514677401, 0.9999999374556809], 'X_relative_errors': [6.463268206562006, 6.734072965062183, 6.3945793932663495], 'Sparsity': [1.0, 1.0, 1.0], 'converged': [1, 1, 1], 'iterations': [75, 67, 68], 'primal_residual': [array(0.00044397), array(0.00042683), array(0.00044327)], 'dual_residual': [array(1.45686835e-05), array(1.95870785e-05), array(2.00714691e-05)], 'times': [1.1471173902973533, 1.0669694931712002, 1.0783023352269083]}",0,COMPLETE
47,47,0.9981367473349906,0.1522997727570191,2024-05-20 09:05:52.706190,2024-05-20 09:05:55.197685,0 days 00:00:02.491495,0.0019820220787925753,0.000497982277906039,0.22732037564999902,7.424684472551429,0.06222101847349079,"{'AUC_ROCs': [0.998208964566682, 0.9976362676619243, 0.9985650097763656], 'S_relative_errors': [0.1534103376253502, 0.1474005527837084, 0.1560884278619986], 'X_relative_errors': [1.0002038632300396, 1.0002569729804602, 1.000113505323001], 'Sparsity': [1.0, 1.0, 1.0], 'converged': [0, 0, 0], 'iterations': [150, 150, 150], 'primal_residual': [array(0.03198705), array(0.03113891), array(0.03218677)], 'dual_residual': [array(0.00717012), array(0.00713243), array(0.00706358)], 'times': [2.225940209813416, 2.225868586450815, 2.2518920241855085]}",0,COMPLETE
48,48,0.8617524347565416,0.9990461748012333,2024-05-20 09:05:55.210490,2024-05-20 09:05:57.821187,0 days 00:00:02.610697,2.007600741391449,0.9815504992487362,6.133674333908643,3.4752579531367034,0.3088472090605459,"{'AUC_ROCs': [0.8343096875999598, 0.9383191621684647, 0.8126284545012001], 'S_relative_errors': [0.9992168694386186, 0.9987322627951092, 0.9991893921699722], 'X_relative_errors': [5.3198777442166305, 5.639501307096765, 5.39118170978839], 'Sparsity': [1.0, 1.0, 1.0], 'converged': [0, 0, 0], 'iterations': [150, 150, 150], 'primal_residual': [array(0.01043701), array(0.00870278), array(0.01044653)], 'dual_residual': [array(0.0004361), array(0.00032846), array(0.00048981)], 'times': [2.317255142144859, 2.3693416237365454, 2.33072459558025]}",0,COMPLETE
49,49,0.998335014350055,0.12972351219594697,2024-05-20 09:05:57.834141,2024-05-20 09:06:00.405589,0 days 00:00:02.571448,0.03516861330067263,0.0022067825810701902,0.05101259962663484,0.20852261181271634,0.7129650522535669,"{'AUC_ROCs': [0.9983595969902901, 0.9983884609692621, 0.998256985090613], 'S_relative_errors': [0.1332492079112746, 0.12028197758247042, 0.13563935109409592], 'X_relative_errors': [0.8946608827077246, 0.8447738183675843, 0.8998024886954367], 'Sparsity': [1.0, 1.0, 1.0], 'converged': [0, 0, 0], 'iterations': [150, 150, 150], 'primal_residual': [array(0.01272024), array(0.01089902), array(0.01283026)], 'dual_residual': [array(0.01576773), array(0.01373008), array(0.01653816)], 'times': [2.3295268460642546, 2.304130017058924, 2.3029804963152856]}",0,COMPLETE
50,50,0.999025130305251,0.10119481289435328,2024-05-20 09:06:00.417756,2024-05-20 09:06:02.928758,0 days 00:00:02.511002,0.021225647419402537,0.1874970281568846,8.321540081004365,0.0013991363642928108,35.185808186414256,"{'AUC_ROCs': [0.9986896627597776, 0.9991753720294801, 0.999210356126495], 'S_relative_errors': [0.10283926976299404, 0.09656370064144654, 0.1041814682786193], 'X_relative_errors': [0.9976371552178724, 0.9977948340719055, 0.998546047246358], 'Sparsity': [1.0, 1.0, 1.0], 'converged': [0, 0, 0], 'iterations': [150, 150, 150], 'primal_residual': [array(0.06753465), array(0.06882649), array(0.06718006)], 'dual_residual': [array(0.01409565), array(0.01413201), array(0.01412155)], 'times': [2.2055616753641516, 2.2452256351243705, 2.2512146909721196]}",1,COMPLETE
51,51,0.9728945515264159,0.8617673446637667,2024-05-20 09:06:02.942854,2024-05-20 09:06:05.529004,0 days 00:00:02.586150,0.0870068326780935,0.0030963890829642207,0.005535876835420227,0.10897842674994634,0.23313956065865002,"{'AUC_ROCs': [0.9732032733485118, 0.9728735524776799, 0.9726068287530563], 'S_relative_errors': [0.8591996492248011, 0.8673802143076164, 0.8587221704588828], 'X_relative_errors': [5.535415743866656, 5.822207504622237, 5.473345762998795], 'Sparsity': [1.0, 1.0, 1.0], 'converged': [0, 0, 0], 'iterations': [150, 150, 150], 'primal_residual': [array(0.00392737), array(0.00326297), array(0.00325112)], 'dual_residual': [array(0.01285761), array(0.01130639), array(0.01221803)], 'times': [2.359142531407997, 2.325094878207892, 2.3426742353476584]}",1,COMPLETE
52,52,0.998316430722908,0.15194193599086872,2024-05-20 09:06:05.545872,2024-05-20 09:06:08.079651,0 days 00:00:02.533779,0.0016894335759610277,0.0004371621735380332,0.012354304322892836,0.6417608536592356,4.786576074052155,"{'AUC_ROCs': [0.9982854853043036, 0.9980787197098111, 0.9985850871546093], 'S_relative_errors': [0.1535870789941564, 0.14738691805295812, 0.15485181092549163], 'X_relative_errors': [0.9997672867882064, 0.9997702848936617, 0.999772751016527], 'Sparsity': [1.0, 1.0, 1.0], 'converged': [0, 0, 0], 'iterations': [150, 150, 150], 'primal_residual': [array(0.00692621), array(0.00693969), array(0.00685315)], 'dual_residual': [array(0.0033446), array(0.00332174), array(0.00340522)], 'times': [2.21783262421377, 2.2718643313273787, 2.224843281088397]}",1,COMPLETE
53,53,0.9996824172518153,0.025544628442504044,2024-05-20 09:06:08.093484,2024-05-20 09:06:10.735586,0 days 00:00:02.642102,0.03516861330067263,0.06248447171098631,0.70151921024531,0.20852261181271634,0.7129650522535669,"{'AUC_ROCs': [0.999562058323101, 0.999617898092563, 0.9998672953397818], 'S_relative_errors': [0.023975419704541635, 0.029779591409132618, 0.022878874213837875], 'X_relative_errors': [0.12445305752587195, 0.18359568645807375, 0.11143756792134911], 'Sparsity': [1.0, 1.0, 1.0], 'converged': [0, 0, 0], 'iterations': [150, 150, 150], 'primal_residual': [array(0.02779531), array(0.02672686), array(0.02887833)], 'dual_residual': [array(0.00553216), array(0.00500114), array(0.00612456)], 'times': [2.331849708221853, 2.3483229766134173, 2.406588445417583]}",1,COMPLETE
