,number,values_0,values_1,datetime_start,datetime_complete,duration,params_lda1,params_psi_2,params_psi_3,params_rho,user_attrs_metrics,system_attrs_nsga2:generation,state
0,0,0.5,0.9999999999999997,2024-05-20 08:41:41.631826,2024-05-20 08:41:47.501391,0 days 00:00:05.869565,1.9573148477791165,65.30279867617524,0.009909697502455343,0.9943508988011197,"{'AUC_ROCs': [0.5, 0.5, 0.5], 'S_relative_errors': [0.9999999999999998, 0.9999999999999998, 0.9999999999999996], 'X_relative_errors': [6.52370599221971, 6.763686705662284, 6.4219100574620125], 'Sparsity': [0.0, 0.0, 0.0], 'converged': [1, 1, 1], 'iterations': [68, 68, 68], 'primal_residual': [0.0007933084829524663, 0.0007661821334203645, 0.0007995746857614501], 'dual_residual': [0.0007933084829524663, 0.0007661821334203645, 0.0007995746857614501], 'times': [1.5178793417289853, 1.2740902800578624, 1.4618745737243444]}",0,COMPLETE
1,1,0.998576617844452,0.1523953516200901,2024-05-20 08:41:47.504336,2024-05-20 08:41:51.947936,0 days 00:00:04.443600,0.000174197207550105,21.786358414748225,65.20387686204961,0.40548179950614455,"{'AUC_ROCs': [0.9984466193050539, 0.998443070306071, 0.9988401639222306], 'S_relative_errors': [0.1536180421183113, 0.14784969751325996, 0.15571831522869903], 'X_relative_errors': [0.9999976386761962, 0.9999980523854312, 0.9999977278184811], 'Sparsity': [0.9982204081632653, 0.9981795918367347, 0.9984897959183674], 'converged': [1, 1, 1], 'iterations': [16, 16, 16], 'primal_residual': [0.0006307451205005223, 0.000625349358096779, 0.0005635785981561102], 'dual_residual': [0.0006307451205005223, 0.000625349358096779, 0.0005635785981561102], 'times': [0.5019204211421311, 0.3181574437767267, 0.6639635658357292]}",0,COMPLETE
2,2,0.994158691907646,0.038488974792871125,2024-05-20 08:41:51.951759,2024-05-20 08:41:54.634051,0 days 00:00:02.682292,0.002607855926386806,0.06052837167278795,22.27668318564384,5.323739143855998e-05,"{'AUC_ROCs': [0.9935862691960253, 0.9947700631199279, 0.9941197434069851], 'S_relative_errors': [0.03890085930994227, 0.036620562395076044, 0.03994550267359506], 'X_relative_errors': [0.7631227468203744, 0.7627871082803487, 0.7644720283046098], 'Sparsity': [0.04460408163265306, 0.04479183673469388, 0.0452734693877551], 'converged': [0, 0, 0], 'iterations': [150, 150, 150], 'primal_residual': [9.133773848771023, 8.724828654118701, 9.276354276857997], 'dual_residual': [9.133773848771023, 8.724828654118701, 9.276354276857997], 'times': [1.722541453083977, 1.938028774689883, 1.6028241619933397]}",0,COMPLETE
3,3,0.5086790180167986,0.9653197379840339,2024-05-20 08:41:54.638244,2024-05-20 08:41:56.872340,0 days 00:00:02.234096,0.0022848972349277788,4.33581489761908,1.6136559931481462,1.5493380614689603e-05,"{'AUC_ROCs': [0.5085817524841915, 0.5068530207394049, 0.5106022808267997], 'S_relative_errors': [0.9632750722091449, 0.9750974943381694, 0.9575866474047874], 'X_relative_errors': [1.7352130717591254, 1.8110058955180457, 1.7069332540824673], 'Sparsity': [0.0007755102040816326, 0.0006204081632653061, 0.0009714285714285714], 'converged': [0, 0, 0], 'iterations': [150, 150, 150], 'primal_residual': [58.43638060390025, 58.806103799174586, 58.70387824109496], 'dual_residual': [58.43638060390025, 58.806103799174586, 58.70387824109496], 'times': [1.541191308759153, 1.5384975119959563, 1.5486296550370753]}",0,COMPLETE
4,4,0.9957162175182531,0.03621511570606692,2024-05-20 08:41:56.875165,2024-05-20 08:41:58.746085,0 days 00:00:01.870920,1.138553088057575,14.611003262879679,1.1263745657198998,0.047956121267525575,"{'AUC_ROCs': [0.9952115695169121, 0.9963929357275554, 0.9955441473102921], 'S_relative_errors': [0.03717759187801784, 0.034125664290486454, 0.03734209094969646], 'X_relative_errors': [0.765926931613458, 0.7649351780891255, 0.7656554161777582], 'Sparsity': [0.044889795918367344, 0.04498775510204082, 0.04562448979591837], 'converged': [0, 0, 0], 'iterations': [150, 150, 150], 'primal_residual': [8.991639006529779, 8.59201683514803, 9.18676748148661], 'dual_residual': [8.991639006529779, 8.59201683514803, 9.18676748148661], 'times': [1.5555908128153533, 1.4114476104732603, 1.407324304804206]}",0,COMPLETE
5,5,0.5,0.9999999999999997,2024-05-20 08:41:58.749981,2024-05-20 08:42:00.472596,0 days 00:00:01.722615,0.9385562171777149,0.004152636091532766,38.809241211988905,1.2702234665259228e-05,"{'AUC_ROCs': [0.5, 0.5, 0.5], 'S_relative_errors': [0.9999999999999998, 0.9999999999999998, 0.9999999999999996], 'X_relative_errors': [1.7862600578336565, 1.8499224342221958, 1.773239481589429], 'Sparsity': [0.0, 0.0, 0.0], 'converged': [0, 0, 0], 'iterations': [150, 150, 150], 'primal_residual': [60.6478485082238, 60.25749070084811, 61.167971600939914], 'dual_residual': [60.6478485082238, 60.25749070084811, 61.167971600939914], 'times': [1.4114594333805144, 1.3979883689898998, 1.4297597331460565]}",0,COMPLETE
6,6,0.9190164964435795,0.2830179157999046,2024-05-20 08:42:00.476530,2024-05-20 08:42:02.213840,0 days 00:00:01.737310,2.222780251672745,0.18404151323095638,0.8873231173450125,0.025712514514029377,"{'AUC_ROCs': [0.9192411924119241, 0.9220919747520289, 0.9157163221667854], 'S_relative_errors': [0.2804923657967479, 0.2806362181664095, 0.2879251634365562], 'X_relative_errors': [0.8986916279548315, 0.9104543811599849, 0.90612242167628], 'Sparsity': [0.037885714285714286, 0.038212244897959186, 0.03808979591836735], 'converged': [0, 0, 0], 'iterations': [150, 150, 150], 'primal_residual': [18.95374509406817, 18.65644133159301, 19.51355836991644], 'dual_residual': [18.95374509406817, 18.65644133159301, 19.51355836991644], 'times': [1.4151425550226122, 1.4058382054790854, 1.4483536824118346]}",0,COMPLETE
7,7,0.9981560189743189,0.15274402023570707,2024-05-20 08:42:02.215966,2024-05-20 08:42:03.208520,0 days 00:00:00.992554,0.001658300802894057,0.2886548216132734,0.521990116369553,0.40692399862327944,"{'AUC_ROCs': [0.9978260058927583, 0.9981212275620717, 0.998520823468127], 'S_relative_errors': [0.1546634077367462, 0.14784998469574082, 0.15571866827463426], 'X_relative_errors': [0.9999999975300451, 0.9999999973264316, 0.9999999975359429], 'Sparsity': [0.9965795918367347, 0.9966857142857143, 0.9967183673469387], 'converged': [1, 1, 1], 'iterations': [68, 66, 66], 'primal_residual': [0.000991118668029084, 0.0009807912930030042, 0.0009874904118034726], 'dual_residual': [0.000991118668029084, 0.0009807912930030042, 0.0009874904118034726], 'times': [0.6933236978948116, 0.6749823759309947, 0.7214375145267695]}",0,COMPLETE
8,8,0.9979505225757433,0.15274402025661646,2024-05-20 08:42:03.214150,2024-05-20 08:42:04.105655,0 days 00:00:00.891505,0.001959326717610729,0.0408189308265911,65.79414252243448,0.6223549647847252,"{'AUC_ROCs': [0.9978856511132002, 0.9976894460382769, 0.9982764705757526], 'S_relative_errors': [0.15466340774578732, 0.14784998473464142, 0.15571866828942066], 'X_relative_errors': [0.9999999975166938, 0.9999999974909843, 0.9999999976230692], 'Sparsity': [0.9967673469387756, 0.9969142857142858, 0.9970040816326531], 'converged': [1, 1, 1], 'iterations': [55, 52, 54], 'primal_residual': [0.0009880573200116793, 0.000976720149073889, 0.0009853776453759944], 'dual_residual': [0.0009880573200116793, 0.000976720149073889, 0.0009853776453759944], 'times': [0.5284881519619375, 0.5079283223021775, 0.5721748122014105]}",0,COMPLETE
9,9,0.9980389425468615,0.15250414266529103,2024-05-20 08:42:04.110922,2024-05-20 08:42:05.975001,0 days 00:00:01.864079,0.0032623546294550643,18.570413265147465,0.0016037411186048862,0.022470539602800804,"{'AUC_ROCs': [0.9976095286467863, 0.997967181893385, 0.9985401171004132], 'S_relative_errors': [0.15356033871623134, 0.14784706289541064, 0.15610502638423107], 'X_relative_errors': [0.99999376497002, 0.9999914244539249, 0.99999420773862], 'Sparsity': [0.9525469387755102, 0.9392897959183674, 0.9539918367346939], 'converged': [0, 0, 0], 'iterations': [150, 150, 150], 'primal_residual': [0.04922973180792064, 0.055347524092720465, 0.04853828916236636], 'dual_residual': [0.04922973180792064, 0.055347524092720465, 0.04853828916236636], 'times': [1.5409780226182193, 1.5751321751158684, 1.4687327060382813]}",0,COMPLETE
10,10,0.9880501537284196,0.07241898305205677,2024-05-20 08:42:05.982894,2024-05-20 08:42:07.798518,0 days 00:00:01.815624,0.0005972515529175519,0.17120676899839038,35.291281327444146,1.0312994783900463e-05,"{'AUC_ROCs': [0.9872628726287263, 0.9894499549143372, 0.9874376336421953], 'S_relative_errors': [0.07418647567626263, 0.06747288105941843, 0.07559759242048925], 'X_relative_errors': [0.7728458115589878, 0.770264312183972, 0.7736779276124132], 'Sparsity': [0.04403265306122449, 0.04431020408163265, 0.04466122448979592], 'converged': [0, 0, 0], 'iterations': [150, 150, 150], 'primal_residual': [9.797815189584401, 9.317154906054569, 10.001318610284574], 'dual_residual': [9.797815189584401, 9.317154906054569, 10.001318610284574], 'times': [1.4647350835148245, 1.3898662338033319, 1.4809579236898571]}",0,COMPLETE
11,11,0.9984451435551578,inf,2024-05-20 08:42:07.805658,2024-05-20 08:42:09.876707,0 days 00:00:02.071049,0.00022067817787739603,0.9586380165086861,0.265073010598348,28.445145912676473,"{'AUC_ROCs': [0.9986800597511952, 0.9981719002156426, 0.9984834706986354], 'S_relative_errors': [inf, inf, inf], 'X_relative_errors': [inf, inf, inf], 'Sparsity': [1.0, 1.0, 1.0], 'converged': [0, 0, 0], 'iterations': [150, 150, 150], 'primal_residual': [inf, inf, inf], 'dual_residual': [inf, inf, inf], 'times': [1.5885877911932766, 1.5692827366292477, 1.6845128489658237]}",0,COMPLETE
12,12,0.9986077702293036,4.352538279355049e+142,2024-05-20 08:42:09.880530,2024-05-20 08:42:11.867509,0 days 00:00:01.986979,0.09407215452847394,10.216621301237177,0.15567558693336295,10.481256588288836,"{'AUC_ROCs': [0.9989793996003483, 0.9983631508561919, 0.9984807602313706], 'S_relative_errors': [4.359714898784255e+142, 4.385087027621519e+142, 4.3128129116593744e+142], 'X_relative_errors': [2.8300617915645156e+143, 2.965902911335412e+143, 2.769618399312666e+143], 'Sparsity': [1.0, 1.0, 1.0], 'converged': [0, 0, 0], 'iterations': [150, 150, 150], 'primal_residual': [4.05904676301027e+145, 4.0590084814329057e+145, 4.0590693924346434e+145], 'dual_residual': [4.05904676301027e+145, 4.0590084814329057e+145, 4.0590693924346434e+145], 'times': [1.5881972254719585, 1.5870573667343706, 1.7140310143586248]}",0,COMPLETE
13,13,0.9986879561602257,inf,2024-05-20 08:42:11.875652,2024-05-20 08:42:13.895788,0 days 00:00:02.020136,0.009172041716846463,0.0595715220550039,1.514234261342985,14.852163358660192,"{'AUC_ROCs': [0.9991127125908116, 0.9984155582409194, 0.9985355976489462], 'S_relative_errors': [inf, inf, inf], 'X_relative_errors': [inf, inf, inf], 'Sparsity': [1.0, 1.0, 1.0], 'converged': [0, 0, 0], 'iterations': [150, 150, 150], 'primal_residual': [inf, inf, inf], 'dual_residual': [inf, inf, inf], 'times': [1.630589458392933, 1.7118217800743878, 1.5929083351511508]}",0,COMPLETE
14,14,0.998347489037721,0.15253855261541122,2024-05-20 08:42:13.904713,2024-05-20 08:42:15.704859,0 days 00:00:01.800146,0.03912438178189587,0.2788408859008212,14.09352120632252,0.3589859208938508,"{'AUC_ROCs': [0.9984781478844014, 0.998161220439651, 0.9984030987891108], 'S_relative_errors': [0.15404915169997369, 0.1478487888248129, 0.15571771732144707], 'X_relative_errors': [0.9999971221351963, 0.9999964653584462, 0.9999973378051455], 'Sparsity': [0.9610693877551021, 0.957126530612245, 0.9621877551020408], 'converged': [0, 0, 0], 'iterations': [150, 150, 150], 'primal_residual': [0.0335261082329041, 0.03548163638938418, 0.03299077919784287], 'dual_residual': [0.0335261082329041, 0.03548163638938418, 0.03299077919784287], 'times': [1.4949548814911395, 1.4940265242476016, 1.503620854113251]}",0,COMPLETE
15,15,0.5,0.9999999999999997,2024-05-20 08:42:15.715990,2024-05-20 08:42:17.443937,0 days 00:00:01.727947,1.2471041883314153,0.12061930513894456,0.08696145580753069,1.2239117855826446e-05,"{'AUC_ROCs': [0.5, 0.5, 0.5], 'S_relative_errors': [0.9999999999999998, 0.9999999999999998, 0.9999999999999996], 'X_relative_errors': [1.7855395495001973, 1.8509116654540492, 1.7739308117142707], 'Sparsity': [0.0, 0.0, 0.0], 'converged': [0, 0, 0], 'iterations': [150, 150, 150], 'primal_residual': [60.65748954166672, 60.24490429765294, 61.15849592408858], 'dual_residual': [60.65748954166672, 60.24490429765294, 61.15849592408858], 'times': [1.388907219748944, 1.4523623858112842, 1.399553751340136]}",0,COMPLETE
16,16,0.9984332318830131,0.15253952334004287,2024-05-20 08:42:17.453099,2024-05-20 08:42:19.303260,0 days 00:00:01.850161,0.0010187700420801764,5.500799066863834,0.605671051397918,0.021548720679569238,"{'AUC_ROCs': [0.9985746861558158, 0.9985443138423181, 0.9981806956509055], 'S_relative_errors': [0.15405008374483836, 0.1478498923509212, 0.155718593924369], 'X_relative_errors': [0.9999997660788185, 0.9999997259794484, 0.9999997897869025], 'Sparsity': [0.984065306122449, 0.9816244897959183, 0.9842530612244897], 'converged': [0, 0, 0], 'iterations': [150, 150, 150], 'primal_residual': [0.009566671897764004, 0.009928649592106735, 0.00927161556644705], 'dual_residual': [0.009566671897764004, 0.009928649592106735, 0.00927161556644705], 'times': [1.4419913983438164, 1.4759128394071013, 1.4557791529223323]}",0,COMPLETE
17,17,0.5023627879099509,0.9984757350515774,2024-05-20 08:42:19.313636,2024-05-20 08:42:20.898253,0 days 00:00:01.584617,0.42229953810517895,9.40808659212021,2.052694075294862,1.2177979329696218,"{'AUC_ROCs': [0.5019873532068654, 0.5018935978358882, 0.5032074126870991], 'S_relative_errors': [0.9986555619871585, 0.9986860338622251, 0.9980856093053486], 'X_relative_errors': [6.482669388793905, 6.754732881639002, 6.409550877413741], 'Sparsity': [0.00017959183673469387, 0.00017142857142857143, 0.0002938775510204082], 'converged': [1, 1, 1], 'iterations': [112, 86, 97], 'primal_residual': [0.0008729052761951734, 0.0009315610616951479, 0.0009758717863314493], 'dual_residual': [0.0008729052761951734, 0.0009315610616951479, 0.0009758717863314493], 'times': [1.293762858491391, 0.9497662263456732, 1.0551369227468967]}",0,COMPLETE
18,18,0.5,0.9999999999999997,2024-05-20 08:42:20.910667,2024-05-20 08:42:22.663104,0 days 00:00:01.752437,6.307957612160393,0.013885833045305647,7.520693286954286,0.00025902710425209984,"{'AUC_ROCs': [0.5, 0.5, 0.5], 'S_relative_errors': [0.9999999999999998, 0.9999999999999998, 0.9999999999999996], 'X_relative_errors': [1.7890533081545419, 1.849719422575545, 1.7733974364195217], 'Sparsity': [0.0, 0.0, 0.0], 'converged': [0, 0, 0], 'iterations': [150, 150, 150], 'primal_residual': [60.610421077791855, 60.26007254592041, 61.16580705699953], 'dual_residual': [60.610421077791855, 60.26007254592041, 61.16580705699953], 'times': [1.486411269987002, 1.3952182019129395, 1.4008018616586924]}",0,COMPLETE
19,19,0.998470084570401,3.9118993418123e+139,2024-05-20 08:42:22.675369,2024-05-20 08:42:24.563148,0 days 00:00:01.887779,0.023574723229606156,0.005369700077398557,0.24299646941367786,10.040260745348638,"{'AUC_ROCs': [0.9986989816972862, 0.9983792954208224, 0.998331976593094], 'S_relative_errors': [3.924750685580276e+139, 3.9364032500904417e+139, 3.8745440897661823e+139], 'X_relative_errors': [2.540448802771769e+140, 2.662430593986628e+140, 2.4857169652947654e+140], 'Sparsity': [1.0, 1.0, 1.0], 'converged': [0, 0, 0], 'iterations': [150, 150, 150], 'primal_residual': [3.49782950601186e+142, 3.497827873246074e+142, 3.4978650648616776e+142], 'dual_residual': [3.49782950601186e+142, 3.497827873246074e+142, 3.4978650648616776e+142], 'times': [1.5851864856667817, 1.595824679825455, 1.5910024531185627]}",0,COMPLETE
20,20,0.5,0.9999999999999997,2024-05-20 08:42:24.575660,2024-05-20 08:42:26.252463,0 days 00:00:01.676803,4.230424413264708,31.35134865014868,0.01305596425395205,9.683220840672597e-05,"{'AUC_ROCs': [0.5, 0.5, 0.5], 'S_relative_errors': [0.9999999999999998, 0.9999999999999998, 0.9999999999999996], 'X_relative_errors': [1.7869650196240623, 1.849957700665938, 1.7740628494537771], 'Sparsity': [0.0, 0.0, 0.0], 'converged': [0, 0, 0], 'iterations': [150, 150, 150], 'primal_residual': [60.63841025206303, 60.35091977699002, 61.156685569248296], 'dual_residual': [60.63841025206303, 60.35091977699002, 61.156685569248296], 'times': [1.3875285412650555, 1.3999200430698693, 1.4010339714586735]}",0,COMPLETE
21,21,0.9974580537692913,0.0993437690215549,2024-05-20 08:42:26.264621,2024-05-20 08:42:28.040007,0 days 00:00:01.775386,0.24482507882428337,0.03542698503798063,0.5366935574035648,0.030189199426905237,"{'AUC_ROCs': [0.9969694637997121, 0.9975523868570753, 0.9978523106510865], 'S_relative_errors': [0.1001165940661757, 0.09742994348306638, 0.10048476951542262], 'X_relative_errors': [0.8645786568016033, 0.8675722303265517, 0.8630788710626793], 'Sparsity': [0.07761632653061225, 0.07439183673469388, 0.0821061224489796], 'converged': [0, 0, 0], 'iterations': [150, 150, 150], 'primal_residual': [7.024042584046158, 6.633285881048857, 7.19671018070698], 'dual_residual': [7.024042584046158, 6.633285881048857, 7.19671018070698], 'times': [1.4980286003556103, 1.4239657011348754, 1.4285817390773445]}",0,COMPLETE
22,22,0.999729952366101,5.875291558500447e-06,2024-05-20 08:42:28.052137,2024-05-20 08:42:29.471707,0 days 00:00:01.419570,0.18778021927680769,0.1490225349167117,0.19488095630603405,0.9944502977509659,"{'AUC_ROCs': [0.9996374841399311, 0.999819657348963, 0.9997327156094085], 'S_relative_errors': [6.22681931381567e-06, 8.42052413848935e-06, 2.97853122319632e-06], 'X_relative_errors': [8.640331866551381e-05, 6.356682028981991e-05, 3.2234346599739574e-05], 'Sparsity': [0.04500408163265306, 0.045248979591836734, 0.04578775510204082], 'converged': [1, 1, 1], 'iterations': [53, 105, 103], 'primal_residual': [0.0008674479704797117, 0.0008758482947988774, 0.00052206413858565], 'dual_residual': [0.0008674479704797117, 0.0008758482947988774, 0.00052206413858565], 'times': [0.5761691438965499, 1.1316547603346407, 1.130023668287322]}",0,COMPLETE
23,23,0.9985649658115895,1.6042489698305744e+115,2024-05-20 08:42:29.490146,2024-05-20 08:42:31.528608,0 days 00:00:02.038462,0.11059302070693851,0.04920481327690224,0.012674456521903896,7.175905930417324,"{'AUC_ROCs': [0.9987640215876931, 0.9987013216608285, 0.9982295541862468], 'S_relative_errors': [1.6070145827329507e+115, 1.6160296201282688e+115, 1.5897027066305034e+115], 'X_relative_errors': [1.0431761421710748e+116, 1.0930198021046845e+116, 1.020881256828496e+116], 'Sparsity': [1.0, 1.0, 1.0], 'converged': [0, 0, 0], 'iterations': [150, 150, 150], 'primal_residual': [1.0452508939036796e+118, 1.045154159716791e+118, 1.0452451011021475e+118], 'dual_residual': [1.0452508939036796e+118, 1.045154159716791e+118, 1.0452451011021475e+118], 'times': [1.5680144410580397, 1.5812539430335164, 1.6949213247280568]}",0,COMPLETE
24,24,0.9983089671712841,0.1519643841234308,2024-05-20 08:42:31.541919,2024-05-20 08:42:32.190619,0 days 00:00:00.648700,0.0004207675780131503,18.234334407562365,1.4978320955822284,0.18723785080969096,"{'AUC_ROCs': [0.9983013873428037, 0.9982004361576723, 0.9984250780133761], 'S_relative_errors': [0.15405016551300857, 0.1478499847128903, 0.15399300214439351], 'X_relative_errors': [0.9999999975377386, 0.9999999973119658, 0.9999999977262611], 'Sparsity': [0.9966285714285714, 0.9968081632653061, 0.9967102040816327], 'converged': [1, 1, 1], 'iterations': [34, 35, 33], 'primal_residual': [0.0009837445858674884, 0.0009691596003133482, 0.0009908286023278521], 'dual_residual': [0.0009837445858674884, 0.0009691596003133482, 0.0009908286023278521], 'times': [0.3304268131032586, 0.35597753757610917, 0.32475746632553637]}",0,COMPLETE
25,25,0.9986236373748746,0.15256151500251905,2024-05-20 08:42:32.202746,2024-05-20 08:42:34.001083,0 days 00:00:01.798337,0.005408342490162125,0.00661128895171585,0.12968651311536245,0.06024641081536892,"{'AUC_ROCs': [0.9985851835092538, 0.9987230964183509, 0.9985626321970194], 'S_relative_errors': [0.15404963791176565, 0.14791677485733512, 0.15571813223845646], 'X_relative_errors': [0.9999985020644294, 0.999998141348066, 0.9999984969069589], 'Sparsity': [0.9700408163265306, 0.9662857142857143, 0.9692816326530612], 'converged': [0, 0, 0], 'iterations': [150, 150, 150], 'primal_residual': [0.02419990291895694, 0.02574826034851295, 0.024725769595275948], 'dual_residual': [0.02419990291895694, 0.02574826034851295, 0.024725769595275948], 'times': [1.5105037074536085, 1.455203328980133, 1.4608430375810713]}",0,COMPLETE
26,26,0.9982130342196824,0.15253829517167902,2024-05-20 08:42:34.008219,2024-05-20 08:42:35.783552,0 days 00:00:01.775333,0.0010121994758627339,0.004606003635492126,0.13943752573221574,0.008722906637689992,"{'AUC_ROCs': [0.9981043704308429, 0.9980237742206536, 0.9985109580075507], 'S_relative_errors': [0.15404892247289365, 0.147848602104728, 0.15571736093741537], 'X_relative_errors': [0.999996483957506, 0.9999959165846192, 0.9999963395258751], 'Sparsity': [0.9581142857142857, 0.9551918367346939, 0.9547755102040816], 'converged': [0, 0, 0], 'iterations': [150, 150, 150], 'primal_residual': [0.03717896363699512, 0.03803185973133023, 0.038644802963295186], 'dual_residual': [0.03717896363699512, 0.03803185973133023, 0.038644802963295186], 'times': [1.4328478791285306, 1.5018758499063551, 1.4504655546043068]}",0,COMPLETE
