,number,values_0,values_1,datetime_start,datetime_complete,duration,params_lda1,params_ldag,params_psi_1,params_psi_2,params_psi_3,user_attrs_metrics,system_attrs_nsga2:generation,state
27,27,0.9986650055118446,0.14678457095283562,2024-05-20 08:58:35.802327,2024-05-20 08:58:38.522069,0 days 00:00:02.719742,0.018881867798759007,0.0050223169324151865,0.7569302763430249,1.7170195050414094,0.002006428727869694,"{'AUC_ROCs': [0.9987328446333381, 0.9983812244418687, 0.9988809474603269], 'S_relative_errors': [0.148236431459579, 0.14224495200211917, 0.1498723293968087], 'X_relative_errors': [0.9998128427261986, 0.9998528511605937, 0.9997255370626429], 'Sparsity': [1.0, 1.0, 1.0], 'converged': [0, 0, 0], 'iterations': [150, 150, 150], 'primal_residual': [array(0.00773622), array(0.00793689), array(0.00751355)], 'dual_residual': [array(0.00224309), array(0.00203612), array(0.00233592)], 'times': [2.1521745743229985, 2.1556982141919434, 2.3973723414819688]}",0,COMPLETE
28,28,0.9984522331516827,0.15224457096770855,2024-05-20 08:58:38.541017,2024-05-20 08:58:41.075422,0 days 00:00:02.534405,0.00018358511082863072,1.43876672782202e-05,0.09223952301461791,82.04767014913779,0.09238059792532224,"{'AUC_ROCs': [0.998717535735468, 0.9981863085071332, 0.9984528552124471], 'S_relative_errors': [0.15405158819301296, 0.14784906095297956, 0.15483306375713313], 'X_relative_errors': [1.0001880497823366, 1.000186067208311, 1.0002308449708748], 'Sparsity': [1.0, 1.0, 1.0], 'converged': [0, 0, 0], 'iterations': [150, 150, 150], 'primal_residual': [array(0.02165937), array(0.02081225), array(0.02215252)], 'dual_residual': [array(0.01218982), array(0.01196727), array(0.0129345)], 'times': [2.1444390332326293, 2.2251885253936052, 2.2163058714941144]}",0,COMPLETE
29,29,0.9982318388515097,0.15218994712797337,2024-05-20 08:58:41.090409,2024-05-20 08:58:43.653745,0 days 00:00:02.563336,0.0011307701775144354,3.366286630711963e-05,6.92822712479398,0.010535503796360894,0.4358360224505857,"{'AUC_ROCs': [0.9981250810288086, 0.9980463596493206, 0.9985240758763998], 'S_relative_errors': [0.15319794464811515, 0.14775118481956698, 0.15562071191623794], 'X_relative_errors': [1.0002671568674775, 1.0002243248885858, 1.0002376587394046], 'Sparsity': [1.0, 1.0, 1.0], 'converged': [0, 0, 0], 'iterations': [150, 150, 150], 'primal_residual': [array(0.00600873), array(0.00580853), array(0.00605542)], 'dual_residual': [array(0.00383001), array(0.00391248), array(0.00384009)], 'times': [2.1441966786514968, 2.1430899212136865, 2.25792849319987]}",0,COMPLETE
30,30,0.9982107111377244,0.15128504422679687,2024-05-20 08:58:43.671158,2024-05-20 08:58:46.286569,0 days 00:00:02.615411,0.016473355641250655,2.6651843803368547e-05,12.844201490177513,0.08280416192061914,0.03563437322789429,"{'AUC_ROCs': [0.9983921903768262, 0.9982169191914473, 0.9980230238448998], 'S_relative_errors': [0.15231412400403163, 0.14928553782872625, 0.15225547084763275], 'X_relative_errors': [0.9987230181566782, 0.9990597115503059, 0.9988988332296062], 'Sparsity': [1.0, 1.0, 1.0], 'converged': [0, 0, 0], 'iterations': [150, 150, 150], 'primal_residual': [array(0.04313501), array(0.04383333), array(0.04062278)], 'dual_residual': [array(0.01919373), array(0.01889382), array(0.02025385)], 'times': [2.137383248191327, 2.1538747446611524, 2.3140570893883705]}",0,COMPLETE
31,31,0.9984440602448764,0.16319207363513738,2024-05-20 08:58:46.548226,2024-05-20 08:58:49.084034,0 days 00:00:02.535808,0.0003776041083188989,1.2086595901265562e-05,0.36672326010643885,0.0063027887956063474,0.19070695039197083,"{'AUC_ROCs': [0.9986394960374461, 0.9982704159835198, 0.9984222687136636], 'S_relative_errors': [0.16456136367870788, 0.15761849214654808, 0.16739636508015615], 'X_relative_errors': [1.068448344598477, 1.0663044874669398, 1.0752074288331828], 'Sparsity': [1.0, 1.0, 1.0], 'converged': [0, 0, 0], 'iterations': [150, 150, 150], 'primal_residual': [array(0.10361538), array(0.10389378), array(0.10714761)], 'dual_residual': [array(0.04577053), array(0.04456493), array(0.04703156)], 'times': [2.2487098595593125, 2.231767234625295, 2.2485600074287504]}",0,COMPLETE
32,32,0.9988886528792329,0.09326797821444921,2024-05-20 08:58:49.104313,2024-05-20 08:58:51.778169,0 days 00:00:02.673856,0.15064888254107905,0.11371101489422522,0.0011378297119513793,0.20976667981551644,47.37028231917017,"{'AUC_ROCs': [0.998772038254018, 0.998846016771781, 0.9990479036118997], 'S_relative_errors': [0.09547795952196901, 0.09247941377709104, 0.09184656134428758], 'X_relative_errors': [0.9954894551538953, 0.9952334778713094, 0.9956570979176688], 'Sparsity': [1.0, 1.0, 1.0], 'converged': [0, 0, 0], 'iterations': [150, 150, 150], 'primal_residual': [array(0.10893505), array(0.11063006), array(0.11082939)], 'dual_residual': [array(0.01540693), array(0.01470867), array(0.01765175)], 'times': [2.1627609874121845, 2.3305362639948726, 2.1970317063387483]}",0,COMPLETE
33,33,0.9985676124101749,0.13356858983409622,2024-05-20 08:58:51.789965,2024-05-20 08:58:54.219509,0 days 00:00:02.429544,0.209751596236899,0.001320907409165294,35.29838203297991,7.239049462971366,21.432800039699675,"{'AUC_ROCs': [0.9988325077055186, 0.998422111669733, 0.9984482178552728], 'S_relative_errors': [0.1351208891104985, 0.12874112587032896, 0.1368437545214612], 'X_relative_errors': [1.0000697408506833, 1.0000679326122734, 1.0000762966363053], 'Sparsity': [1.0, 1.0, 1.0], 'converged': [0, 0, 0], 'iterations': [150, 150, 150], 'primal_residual': [array(0.00212786), array(0.00210604), array(0.0021477)], 'dual_residual': [array(0.00139035), array(0.00138351), array(0.00140494)], 'times': [2.0786379587370902, 2.09199778502807, 2.1507459366694093]}",0,COMPLETE
34,34,0.9710713270230954,0.9999999196186904,2024-05-20 08:58:54.242382,2024-05-20 08:58:55.309834,0 days 00:00:01.067452,0.3272130642367469,0.0010543774384309942,0.019110524579679575,0.15002780909284932,0.006003628924059956,"{'AUC_ROCs': [0.9980614418777597, 0.9210731509529515, 0.9940793882385746], 'S_relative_errors': [1.0000001253878545, 0.9999999650480851, 0.9999996684201313], 'X_relative_errors': [6.469539169404642, 6.740659016808952, 6.400450784085509], 'Sparsity': [1.0, 1.0, 1.0], 'converged': [1, 1, 1], 'iterations': [51, 42, 42], 'primal_residual': [array(0.00035655), array(0.00058098), array(0.00090291)], 'dual_residual': [array(5.41409761e-06), array(3.91482312e-05), array(2.96929239e-05)], 'times': [0.7617334492970258, 0.63585563050583, 0.6394259291701019]}",0,COMPLETE
35,35,0.998962397503083,0.1267981511652131,2024-05-20 08:58:55.332175,2024-05-20 08:58:57.821521,0 days 00:00:02.489346,0.30687475580417056,0.0009255489154649677,0.06955072895166677,0.03205339546140875,10.738113046986218,"{'AUC_ROCs': [0.9989199758681353, 0.9990132694983107, 0.998953947142803], 'S_relative_errors': [0.12754787245967858, 0.12244653484901678, 0.13040004618694387], 'X_relative_errors': [1.0040563339388842, 1.0040584004572612, 1.0043103658856887], 'Sparsity': [1.0, 1.0, 1.0], 'converged': [0, 0, 0], 'iterations': [150, 150, 150], 'primal_residual': [array(0.18830732), array(0.19217123), array(0.19926915)], 'dual_residual': [array(0.0256033), array(0.03091179), array(0.03352582)], 'times': [2.1931660301052034, 2.1888580159284174, 2.188295055180788]}",0,COMPLETE
36,36,0.994001261380824,1.000000048663045,2024-05-20 08:58:57.842423,2024-05-20 08:58:58.691205,0 days 00:00:00.848782,9.880272329218686,0.09032078334487675,0.04077346288998642,0.03688318090252548,0.00538483966576405,"{'AUC_ROCs': [0.9931978972392355, 0.9948027423709512, 0.9940031445322856], 'S_relative_errors': [1.0000000486687326, 1.0000000484582812, 1.000000048862121], 'X_relative_errors': [6.48199339110173, 6.753745527402011, 6.412679275066798], 'Sparsity': [1.0, 1.0, 1.0], 'converged': [1, 1, 1], 'iterations': [31, 31, 31], 'primal_residual': [array(0.00019288), array(0.0001907), array(0.00019486)], 'dual_residual': [array(4.2291118e-06), array(4.18324784e-06), array(4.2584354e-06)], 'times': [0.4641865431331098, 0.469638395588845, 0.5477347290143371]}",0,COMPLETE
37,37,0.9978929542223393,0.15203382384689768,2024-05-20 08:58:58.713385,2024-05-20 08:59:01.301353,0 days 00:00:02.587968,0.0022166504046071756,0.00017487590213620182,1.4919748253841079,0.035712464855252424,0.0010530705679229748,"{'AUC_ROCs': [0.9978528432771467, 0.9972225182857077, 0.9986035011041633], 'S_relative_errors': [0.1535142010591493, 0.14737972001983551, 0.15520755046170823], 'X_relative_errors': [0.9987848475687495, 0.9990303340776778, 0.9989408033470163], 'Sparsity': [1.0, 1.0, 1.0], 'converged': [0, 0, 0], 'iterations': [150, 150, 150], 'primal_residual': [array(0.11304562), array(0.08730686), array(0.12537334)], 'dual_residual': [array(0.020055), array(0.02712265), array(0.01673821)], 'times': [2.2288031736388803, 2.264418527018279, 2.2460975360590965]}",0,COMPLETE
38,38,0.9039387469506878,1.000000024079929,2024-05-20 08:59:01.325901,2024-05-20 08:59:02.237987,0 days 00:00:00.912086,0.4123140102489715,0.08093155551346849,0.2735540427000279,0.09197599446931369,0.015347507199945702,"{'AUC_ROCs': [0.9591980630560234, 0.8653802702240836, 0.8872379075719564], 'S_relative_errors': [1.0000001070629143, 0.9999999710561739, 0.9999999941206986], 'X_relative_errors': [6.450969280443121, 6.7211654488835375, 6.382559094533294], 'Sparsity': [1.0, 1.0, 1.0], 'converged': [1, 1, 1], 'iterations': [42, 37, 38], 'primal_residual': [array(0.00051084), array(0.00039583), array(0.00028056)], 'dual_residual': [array(2.96806609e-05), array(1.15034912e-05), array(1.25441255e-05)], 'times': [0.6231453239452094, 0.5591982281766832, 0.5754165884573013]}",0,COMPLETE
39,39,0.9462825608438982,0.8378617015679134,2024-05-20 08:59:02.249277,2024-05-20 08:59:04.911767,0 days 00:00:02.662490,0.0008383117127128953,0.7141292029941069,0.002183147800722558,0.01142973770730179,1.2552707134528198,"{'AUC_ROCs': [0.9468300390665743, 0.9453053475709274, 0.9467122958941927], 'S_relative_errors': [0.8370471246862955, 0.8372079711192849, 0.83933000889816], 'X_relative_errors': [5.271405329583656, 5.492288978857717, 5.230471162859438], 'Sparsity': [1.0, 1.0, 1.0], 'converged': [0, 0, 0], 'iterations': [150, 150, 150], 'primal_residual': [array(0.00319796), array(0.00315614), array(0.0032459)], 'dual_residual': [array(0.00754137), array(0.00730479), array(0.00762)], 'times': [2.39578314172104, 2.2182382526807487, 2.3373665648978204]}",0,COMPLETE
40,40,0.9994121828203637,0.46154661776540173,2024-05-20 08:59:04.937548,2024-05-20 08:59:07.564211,0 days 00:00:02.626663,0.007900606006672306,2.18780581317843e-05,0.009557889367154643,0.04581966613610079,0.1547814394842508,"{'AUC_ROCs': [0.999603619872389, 0.9991539800958489, 0.9994789484928535], 'S_relative_errors': [0.4620893197276649, 0.4586864771548265, 0.46386405641371375], 'X_relative_errors': [2.995236165759848, 3.097705773650672, 2.974565771135947], 'Sparsity': [1.0, 1.0, 1.0], 'converged': [0, 0, 0], 'iterations': [150, 150, 150], 'primal_residual': [array(0.00176867), array(0.00180779), array(0.00162517)], 'dual_residual': [array(0.06473589), array(0.06489328), array(0.06502517)], 'times': [2.3755923183634877, 2.268541586585343, 2.3321165402885526]}",0,COMPLETE
41,41,0.9989631364894364,0.11641229157267537,2024-05-20 08:59:07.587886,2024-05-20 08:59:10.056850,0 days 00:00:02.468964,0.4974276279250016,0.002893439458045172,12.805440244520822,0.003915039985616481,0.09571558194533349,"{'AUC_ROCs': [0.9992146409031845, 0.9985795204038885, 0.9990952481612361], 'S_relative_errors': [0.1186797538207214, 0.11221216837307506, 0.11834495252422968], 'X_relative_errors': [0.9997350558056558, 0.9996845065954643, 0.9998463102173872], 'Sparsity': [1.0, 1.0, 1.0], 'converged': [0, 0, 0], 'iterations': [150, 150, 150], 'primal_residual': [array(0.02852738), array(0.02663684), array(0.02783653)], 'dual_residual': [array(0.01887655), array(0.01855664), array(0.01832784)], 'times': [2.1458145887590945, 2.1674834962468594, 2.160593245876953]}",0,COMPLETE
42,42,0.9985460928559252,0.12504421290652043,2024-05-20 08:59:10.067362,2024-05-20 08:59:12.538885,0 days 00:00:02.471523,0.015190760214008165,0.037930562555656154,0.002510464897316692,24.557481511091186,4.277568409775029,"{'AUC_ROCs': [0.9987208536158659, 0.9983517956915368, 0.9985656292603728], 'S_relative_errors': [0.12632459455499412, 0.12123815825130066, 0.12756988591326654], 'X_relative_errors': [0.9998006378729752, 0.9997303270430036, 0.9997350282908561], 'Sparsity': [1.0, 1.0, 1.0], 'converged': [0, 0, 0], 'iterations': [150, 150, 150], 'primal_residual': [array(0.02586878), array(0.02645697), array(0.02644965)], 'dual_residual': [array(0.01581064), array(0.01584794), array(0.01602855)], 'times': [2.229016468860209, 2.1731105248909444, 2.1807208894751966]}",0,COMPLETE
43,43,0.9981705467672329,0.15269672244813404,2024-05-20 08:59:12.561050,2024-05-20 08:59:15.013388,0 days 00:00:02.452338,0.00018054980233473035,9.534505400993941e-05,0.02980558938049993,46.22312885302993,3.2711455333163824,"{'AUC_ROCs': [0.9983406489275141, 0.997535229916671, 0.9986357614575141], 'S_relative_errors': [0.1539869952470983, 0.14844066660690783, 0.15566250549039592], 'X_relative_errors': [1.0002613123351987, 1.000250318095976, 1.0002598652846735], 'Sparsity': [1.0, 1.0, 1.0], 'converged': [0, 0, 0], 'iterations': [150, 150, 150], 'primal_residual': [array(0.01116554), array(0.01111986), array(0.01126637)], 'dual_residual': [array(0.00393355), array(0.00385236), array(0.00397749)], 'times': [2.145403405884281, 2.1277176127769053, 2.14864028734155]}",0,COMPLETE
44,44,0.938320809327319,0.8598756936017967,2024-05-20 08:59:15.023795,2024-05-20 08:59:17.558873,0 days 00:00:02.535078,0.0010302411005101918,1.2930388352481437,0.5974913047522813,0.0792340114815056,0.013854075693956736,"{'AUC_ROCs': [0.93848897038394, 0.9383237061536582, 0.9381497514443589], 'S_relative_errors': [0.859086005010812, 0.8584794476582814, 0.8620616281362972], 'X_relative_errors': [5.50944357939691, 5.735871309440203, 5.470949356017173], 'Sparsity': [1.0, 1.0, 1.0], 'converged': [0, 0, 0], 'iterations': [150, 150, 150], 'primal_residual': [array(0.04701865), array(0.05059263), array(0.04781433)], 'dual_residual': [array(0.02249269), array(0.01960088), array(0.02220265)], 'times': [2.280200652545318, 2.308878365205601, 2.2786319081205875]}",0,COMPLETE
45,45,0.9993054555191696,0.8787899915532146,2024-05-20 08:59:17.577691,2024-05-20 08:59:20.184296,0 days 00:00:02.606605,0.0011194953052686915,0.0006025212708769553,0.0023771755872490736,0.01094011277477855,0.0051561476056934,"{'AUC_ROCs': [0.9991437536171055, 0.999325093977133, 0.9994475189632704], 'S_relative_errors': [0.8786287944710444, 0.8786638979307032, 0.8790772822578962], 'X_relative_errors': [5.702134370315165, 5.9414721658416125, 5.6439272561164415], 'Sparsity': [1.0, 1.0, 1.0], 'converged': [0, 0, 0], 'iterations': [150, 150, 150], 'primal_residual': [array(0.00257532), array(0.00253177), array(0.00270017)], 'dual_residual': [array(0.00267092), array(0.00262046), array(0.00269091)], 'times': [2.308810023125261, 2.3486864287406206, 2.3033465738408267]}",0,COMPLETE
46,46,0.999672529871208,0.0963237307101203,2024-05-20 08:59:20.207851,2024-05-20 08:59:22.810434,0 days 00:00:02.602583,0.5570128928061987,0.09388652290504264,7.522904942724009,0.09352013568606692,0.0022520752294904996,"{'AUC_ROCs': [0.9997305426993484, 0.9996351609411892, 0.9996518859730865], 'S_relative_errors': [0.09496518211458305, 0.09734787283848498, 0.09665813717729292], 'X_relative_errors': [0.4740161648054346, 0.5005074434000933, 0.4807735146499017], 'Sparsity': [1.0, 1.0, 1.0], 'converged': [0, 0, 0], 'iterations': [150, 150, 150], 'primal_residual': [array(0.03666319), array(0.03447692), array(0.03673491)], 'dual_residual': [array(0.00496465), array(0.00712352), array(0.00818485)], 'times': [2.3217091544065624, 2.313243330689147, 2.337743707699701]}",0,COMPLETE
47,47,0.9986718015340822,0.35184940550576793,2024-05-20 08:59:22.822500,2024-05-20 08:59:25.330649,0 days 00:00:02.508149,0.35877857953583875,1.2601547697604512,54.064888767060964,55.053983899469884,0.11428718693902677,"{'AUC_ROCs': [0.9983691119545601, 0.9988464777960774, 0.9987998148516092], 'S_relative_errors': [0.35142473438684746, 0.3550427260301278, 0.34908075610032857], 'X_relative_errors': [0.9961616759796705, 0.9962875393525155, 0.9961241051715866], 'Sparsity': [1.0, 1.0, 1.0], 'converged': [0, 0, 0], 'iterations': [150, 150, 150], 'primal_residual': [array(0.16365592), array(0.16306701), array(0.17119175)], 'dual_residual': [array(0.00839132), array(0.00628353), array(0.0083289)], 'times': [2.17154059628956, 2.1801367315929383, 2.202101015485823]}",0,COMPLETE
48,48,0.9466091049101543,0.8381390370286507,2024-05-20 08:59:25.363912,2024-05-20 08:59:28.064267,0 days 00:00:02.700355,0.0017298068916304676,0.5670718808742442,0.0029306820014188615,1.9500792875495452,0.033102775748100145,"{'AUC_ROCs': [0.9465029559912436, 0.947070921476469, 0.9462534372627502], 'S_relative_errors': [0.8379495045448662, 0.8368764125700789, 0.839591193971007], 'X_relative_errors': [5.185027881477239, 5.3934841188307585, 5.143334114910873], 'Sparsity': [1.0, 1.0, 1.0], 'converged': [0, 0, 0], 'iterations': [150, 150, 150], 'primal_residual': [array(0.0010261), array(0.00098191), array(0.00110873)], 'dual_residual': [array(0.00157127), array(0.00147923), array(0.00177398)], 'times': [2.2471578856930137, 2.3177480646409094, 2.3392351374495775]}",0,COMPLETE
49,49,0.998585124010003,0.08840255064983894,2024-05-20 08:59:28.088081,2024-05-20 08:59:30.670478,0 days 00:00:02.582397,0.0011295639200224739,0.10209685438131962,11.222396444615612,0.25832930687977645,0.006225465990665135,"{'AUC_ROCs': [0.9986167762251957, 0.9982437057496586, 0.9988948900551547], 'S_relative_errors': [0.08846295780196423, 0.08543460580311092, 0.09131008834444171], 'X_relative_errors': [0.851788521332644, 0.8224472105073876, 0.8445699033444728], 'Sparsity': [1.0, 1.0, 1.0], 'converged': [0, 0, 0], 'iterations': [150, 150, 150], 'primal_residual': [array(0.05461805), array(0.05929481), array(0.05977826)], 'dual_residual': [array(0.007194), array(0.00769203), array(0.00759234)], 'times': [2.2479922941420227, 2.25734781101346, 2.261783252703026]}",0,COMPLETE
50,50,0.9988985080690287,0.11870921203417052,2024-05-20 08:59:30.689368,2024-05-20 08:59:33.128904,0 days 00:00:02.439536,0.4974276279250016,0.0004107566804025502,12.805440244520822,0.23152814262112775,0.09571558194533349,"{'AUC_ROCs': [0.9990082348849252, 0.9986926437339434, 0.9989946455882174], 'S_relative_errors': [0.1198970928671716, 0.11453881102096501, 0.12169173221437495], 'X_relative_errors': [0.999670317389475, 0.9996281460529111, 0.9997754744592657], 'Sparsity': [1.0, 1.0, 1.0], 'converged': [0, 0, 0], 'iterations': [150, 150, 150], 'primal_residual': [array(0.00637394), array(0.00654488), array(0.00600183)], 'dual_residual': [array(0.00130907), array(0.00128977), array(0.00133924)], 'times': [2.159756515175104, 2.1685677184723318, 2.1908092368394136]}",1,COMPLETE
51,51,0.9996807907824407,0.13075486773252742,2024-05-20 08:59:33.163355,2024-05-20 08:59:35.758140,0 days 00:00:02.594785,0.6876485024975777,0.09388652290504264,7.522904942724009,0.23152814262112775,0.0022520752294904996,"{'AUC_ROCs': [0.9996635300672811, 0.9997039885594096, 0.9996748537206314], 'S_relative_errors': [0.1265422639197916, 0.13082161136001652, 0.1349007279177742], 'X_relative_errors': [0.601600348103308, 0.647093842398104, 0.6451719194968367], 'Sparsity': [1.0, 1.0, 1.0], 'converged': [0, 0, 0], 'iterations': [150, 150, 150], 'primal_residual': [array(0.03301562), array(0.03230648), array(0.03324448)], 'dual_residual': [array(0.00614117), array(0.0062286), array(0.0062303)], 'times': [2.282117990311235, 2.215440923348069, 2.245331375626847]}",1,COMPLETE
52,52,0.9983761390283504,0.1578621634369117,2024-05-20 08:59:35.771827,2024-05-20 08:59:38.371669,0 days 00:00:02.599842,0.008276673902182261,0.5439107121359039,1.4919748253841079,33.335159063121516,0.004941804737140739,"{'AUC_ROCs': [0.99779199384493, 0.9987308305942894, 0.9986055926458322], 'S_relative_errors': [0.15721411608330718, 0.1557394993510038, 0.16063287487642408], 'X_relative_errors': [0.98325415662159, 0.9836598824427961, 0.9846191187056995], 'Sparsity': [1.0, 1.0, 1.0], 'converged': [0, 0, 0], 'iterations': [150, 150, 150], 'primal_residual': [array(0.12232605), array(0.11403373), array(0.11953198)], 'dual_residual': [array(0.00635544), array(0.00567139), array(0.00546126)], 'times': [2.14740857668221, 2.192951238946989, 2.3172438160981983]}",1,COMPLETE
53,53,0.9984779327422718,0.15120149833555233,2024-05-20 08:59:38.396245,2024-05-20 08:59:40.803436,0 days 00:00:02.407191,0.013216596886040962,9.534505400993941e-05,48.13603804769769,0.7319420484669455,0.9479858327855266,"{'AUC_ROCs': [0.9987228276620246, 0.9978945544822968, 0.9988164160824944], 'S_relative_errors': [0.1527129703689409, 0.1465407596333833, 0.15435076500433279], 'X_relative_errors': [0.9998739242902629, 0.9998830710129419, 0.9998803943091659], 'Sparsity': [1.0, 1.0, 1.0], 'converged': [0, 0, 0], 'iterations': [150, 150, 150], 'primal_residual': [array(0.00268542), array(0.00261234), array(0.00276579)], 'dual_residual': [array(0.00082901), array(0.00081983), array(0.00081983)], 'times': [2.0884389569982886, 2.1025874889455736, 2.1012550778687]}",1,COMPLETE
