,number,values_0,values_1,datetime_start,datetime_complete,duration,params_lda1,params_ldag,params_psi_1,params_psi_2,params_psi_3,user_attrs_metrics,system_attrs_nsga2:generation,state
54,54,0.9993115086214034,0.13897243019019365,2024-05-20 09:06:10.749200,2024-05-20 09:06:13.301278,0 days 00:00:02.552078,1.55809335833064,1.266342661590978e-05,0.003364463051867019,0.6417608536592356,90.87167778149332,"{'AUC_ROCs': [0.9995765670989759, 0.9993625132846675, 0.998995445480567], 'S_relative_errors': [0.13847952565976823, 0.13887053648485861, 0.13956722842595407], 'X_relative_errors': [0.9943776590037274, 0.995761264230912, 0.9957751034839267], 'Sparsity': [1.0, 1.0, 1.0], 'converged': [0, 0, 0], 'iterations': [150, 150, 150], 'primal_residual': [array(0.02823795), array(0.02358525), array(0.02474755)], 'dual_residual': [array(0.00527439), array(0.00483573), array(0.00480993)], 'times': [2.244942881865427, 2.283564896089956, 2.292953721014783]}",1,COMPLETE
55,55,0.9039069793349696,1.0000000525482966,2024-05-20 09:06:13.326164,2024-05-20 09:06:14.420912,0 days 00:00:01.094748,0.4182030915931781,64.13820989928783,1.2687736136988088,0.021282334941334153,0.014808266617392004,"{'AUC_ROCs': [0.9059991085127226, 0.891977273171469, 0.9137445563207169], 'S_relative_errors': [1.0000000689866448, 1.0000000152268893, 1.0000000734313557], 'X_relative_errors': [6.363936479025098, 6.629594504684651, 6.298219413565042], 'Sparsity': [1.0, 1.0, 1.0], 'converged': [1, 1, 1], 'iterations': [47, 55, 52], 'primal_residual': [array(0.00078111), array(0.00023035), array(0.00044572)], 'dual_residual': [array(4.15143849e-05), array(9.89927975e-06), array(1.42461618e-05)], 'times': [0.7404080950655043, 0.8504629922099411, 0.8238866047468036]}",1,COMPLETE
56,56,0.9983241089974095,0.1487836920668482,2024-05-20 09:06:14.434630,2024-05-20 09:06:16.856933,0 days 00:00:02.422303,0.0020512587243004974,0.005895306275759297,39.58940560635028,0.5076946675297846,3.9951951428117853,"{'AUC_ROCs': [0.9982199216397898, 0.9980829200721849, 0.998669485280254], 'S_relative_errors': [0.1502257226893456, 0.1440884271258357, 0.15203692638536334], 'X_relative_errors': [0.9999915398026124, 1.000004167422084, 1.000013546165036], 'Sparsity': [1.0, 1.0, 1.0], 'converged': [0, 0, 0], 'iterations': [150, 150, 150], 'primal_residual': [array(0.00248457), array(0.00247685), array(0.0024672)], 'dual_residual': [array(0.00119727), array(0.00119109), array(0.00121887)], 'times': [2.190436063334346, 2.196928228251636, 2.1730540653225034]}",1,COMPLETE
57,57,0.9995802151325727,0.2091588320964596,2024-05-20 09:06:16.870218,2024-05-20 09:06:19.325980,0 days 00:00:02.455762,2.644984027908621,0.00046958814301182396,0.05254970763414569,24.979316678344055,34.46837816603898,"{'AUC_ROCs': [0.9995813539292149, 0.9994867061576287, 0.9996725853108748], 'S_relative_errors': [0.20936439788832154, 0.2113264623331351, 0.20678563606792216], 'X_relative_errors': [0.9990784031351408, 0.9990724834060527, 0.9990518183559113], 'Sparsity': [1.0, 1.0, 1.0], 'converged': [0, 0, 0], 'iterations': [150, 150, 150], 'primal_residual': [array(0.00643263), array(0.00592348), array(0.00653799)], 'dual_residual': [array(0.0014761), array(0.00153596), array(0.00156397)], 'times': [2.173877778230235, 2.2080632529687136, 2.207056198269129]}",1,COMPLETE
58,58,0.9982419174490733,0.1514524578024752,2024-05-20 09:06:19.355446,2024-05-20 09:06:21.884455,0 days 00:00:02.529009,0.002174532343500296,0.0014902675771602584,0.27062836874626645,4.381411732137299,0.0035253824645217167,"{'AUC_ROCs': [0.9981754067444492, 0.9981394568880565, 0.9984108887147144], 'S_relative_errors': [0.1528909441222712, 0.14677193352568724, 0.15469449575946728], 'X_relative_errors': [1.0002260678526418, 1.0003952488758143, 1.0004023878491222], 'Sparsity': [1.0, 1.0, 1.0], 'converged': [0, 0, 0], 'iterations': [150, 150, 150], 'primal_residual': [array(0.02724742), array(0.02575167), array(0.02872355)], 'dual_residual': [array(0.00988785), array(0.01002824), array(0.00979653)], 'times': [2.2678319963160902, 2.264605318661779, 2.256782961310819]}",1,COMPLETE
59,59,0.9987821071486405,0.7211312201387622,2024-05-20 09:06:21.908789,2024-05-20 09:06:24.494438,0 days 00:00:02.585649,0.023790390088037426,0.0002241435186610536,0.005660981854167224,0.00497965630016964,0.1517761429404055,"{'AUC_ROCs': [0.998690816603659, 0.9985515673315275, 0.9991039375107351], 'S_relative_errors': [0.721225185975144, 0.72153645967091, 0.7206320147702328], 'X_relative_errors': [4.6698457170135566, 4.867605003080682, 4.616120367408778], 'Sparsity': [1.0, 1.0, 1.0], 'converged': [0, 0, 0], 'iterations': [150, 150, 150], 'primal_residual': [array(0.00135215), array(0.00139647), array(0.00142474)], 'dual_residual': [array(0.03071722), array(0.03036769), array(0.03061182)], 'times': [2.3663472095504403, 2.3572425157763064, 2.3462913774419576]}",1,COMPLETE
60,60,0.9461692674394064,0.8384169138863896,2024-05-20 09:06:24.508358,2024-05-20 09:06:27.117742,0 days 00:00:02.609384,0.015024666132944836,28.85567323634458,21.102730796130977,0.003533304247731798,2.073918458659347,"{'AUC_ROCs': [0.9468643493171991, 0.9463768971742733, 0.945266555826747], 'S_relative_errors': [0.8370739905611972, 0.8373850535017161, 0.8407916975962552], 'X_relative_errors': [3.445383641864506, 3.581649058990104, 3.490099603137496], 'Sparsity': [1.0, 1.0, 1.0], 'converged': [0, 0, 0], 'iterations': [150, 150, 150], 'primal_residual': [array(0.01627872), array(0.01948402), array(0.01876219)], 'dual_residual': [array(0.00045686), array(0.00050851), array(0.00048733)], 'times': [2.3055939783807844, 2.370071853045374, 2.329271405003965]}",1,COMPLETE
61,61,0.9996384105338324,0.19603881418389799,2024-05-20 09:06:27.133752,2024-05-20 09:06:29.612196,0 days 00:00:02.478444,2.4417105796076495,0.00984396336834253,0.012354304322892836,24.979316678344055,54.52068097787041,"{'AUC_ROCs': [0.9996479521555361, 0.9995724311744449, 0.9996948482715161], 'S_relative_errors': [0.19721358017093227, 0.1976292830856243, 0.19327357929513736], 'X_relative_errors': [0.9991664962521777, 0.9991644777104153, 0.9991181156067397], 'Sparsity': [1.0, 1.0, 1.0], 'converged': [0, 0, 0], 'iterations': [150, 150, 150], 'primal_residual': [array(0.00664482), array(0.00608985), array(0.00666393)], 'dual_residual': [array(0.00493), array(0.00451989), array(0.00501163)], 'times': [2.18019901169464, 2.214803977869451, 2.227608992019668]}",1,COMPLETE
62,62,0.999027472852104,0.11508720618710762,2024-05-20 09:06:29.643250,2024-05-20 09:06:32.208654,0 days 00:00:02.565404,0.5474838646305844,0.005865471233159306,89.30934679958351,48.122596288901015,0.005543198081878006,"{'AUC_ROCs': [0.9991637357583085, 0.9990296511937478, 0.9988890316042556], 'S_relative_errors': [0.11644063710208585, 0.11176086739369681, 0.1170601140655402], 'X_relative_errors': [0.9998862457776292, 0.9998400148423963, 0.9998717617524675], 'Sparsity': [1.0, 1.0, 1.0], 'converged': [0, 0, 0], 'iterations': [150, 150, 150], 'primal_residual': [array(0.00826799), array(0.00816503), array(0.00808771)], 'dual_residual': [array(0.01337729), array(0.01331058), array(0.01368766)], 'times': [2.170278536621481, 2.2525500683113933, 2.244352943263948]}",1,COMPLETE
63,63,0.9992440546258633,0.5552321584350707,2024-05-20 09:06:32.223591,2024-05-20 09:06:34.840235,0 days 00:00:02.616644,0.0038335089417421034,0.005804696499871497,0.020592407665512888,0.04807590992875713,0.14758480259602083,"{'AUC_ROCs': [0.9992130170847585, 0.9992102717363838, 0.9993088750564473], 'S_relative_errors': [0.5525964649512561, 0.554560828690743, 0.5585391816632128], 'X_relative_errors': [3.5626110977324967, 3.7398537234415294, 3.5766244528098214], 'Sparsity': [1.0, 1.0, 1.0], 'converged': [0, 0, 0], 'iterations': [150, 150, 150], 'primal_residual': [array(0.00472326), array(0.00469887), array(0.00465319)], 'dual_residual': [array(0.05578477), array(0.05550334), array(0.05546175)], 'times': [2.3444580836221576, 2.339176500448957, 2.3685949835926294]}",1,COMPLETE
64,64,0.9982253159483414,0.1486020757335171,2024-05-20 09:06:34.855029,2024-05-20 09:06:37.306060,0 days 00:00:02.451031,0.0038083461278868667,0.005865471233159306,0.006831110693602707,48.122596288901015,10.2802646300567,"{'AUC_ROCs': [0.998394037762746, 0.9981358224335356, 0.9981460876487428], 'S_relative_errors': [0.15025207613258415, 0.14379310718227756, 0.1517610438856896], 'X_relative_errors': [0.9997549713568166, 0.9997566485036565, 0.9997411594929305], 'Sparsity': [1.0, 1.0, 1.0], 'converged': [0, 0, 0], 'iterations': [150, 150, 150], 'primal_residual': [array(0.01029289), array(0.01022023), array(0.01035801)], 'dual_residual': [array(0.00462499), array(0.00456277), array(0.00478365)], 'times': [2.1941104154102504, 2.2202188877854496, 2.2089521132875234]}",1,COMPLETE
65,65,0.9994353646954869,0.44169568923248614,2024-05-20 09:06:37.321567,2024-05-20 09:06:39.933266,0 days 00:00:02.611699,0.007066855680364949,0.0002241435186610536,0.0033389388105657817,0.1805271959155207,0.03300516715450718,"{'AUC_ROCs': [0.999464960893072, 0.9991671316709905, 0.9996740015223984], 'S_relative_errors': [0.4407552847370134, 0.4378591121425716, 0.4464726708178734], 'X_relative_errors': [2.8565322787391154, 2.9566562274460053, 2.862708755068328], 'Sparsity': [1.0, 1.0, 1.0], 'converged': [0, 0, 0], 'iterations': [150, 150, 150], 'primal_residual': [array(0.00200001), array(0.00210278), array(0.00211029)], 'dual_residual': [array(0.07598576), array(0.07600236), array(0.07589074)], 'times': [2.3645529486238956, 2.3858252747450024, 2.3581874696537852]}",1,COMPLETE
66,66,0.9989810095182969,0.10312597469241823,2024-05-20 09:06:39.952157,2024-05-20 09:06:42.445979,0 days 00:00:02.493822,0.023790390088037426,0.16140339326086825,0.010432487084888106,0.3058252434175388,22.87154521352896,"{'AUC_ROCs': [0.9990643839865777, 0.9987603056041185, 0.9991183389641944], 'S_relative_errors': [0.09861311916445097, 0.10200428389567538, 0.10876052101712831], 'X_relative_errors': [0.9958361562037175, 0.9957465021564831, 0.9962818559004823], 'Sparsity': [1.0, 1.0, 1.0], 'converged': [0, 0, 0], 'iterations': [150, 150, 150], 'primal_residual': [array(0.06763145), array(0.06308111), array(0.06512277)], 'dual_residual': [array(0.01486049), array(0.0147174), array(0.015144)], 'times': [2.2675841953605413, 2.2594160810112953, 2.268081688089296]}",1,COMPLETE
67,67,0.999458342489767,0.11959017729703127,2024-05-20 09:06:42.461881,2024-05-20 09:06:44.916271,0 days 00:00:02.454390,1.1663911045737796,0.0010429703405198958,0.009723193642440857,91.07902694813399,8.059994067539954,"{'AUC_ROCs': [0.9993643895743023, 0.999525835524588, 0.9994848023704106], 'S_relative_errors': [0.1191978909910269, 0.11851371581498935, 0.12105892508507757], 'X_relative_errors': [0.998996702938228, 0.9988194337858661, 0.9988638304689904], 'Sparsity': [1.0, 1.0, 1.0], 'converged': [0, 0, 0], 'iterations': [150, 150, 150], 'primal_residual': [array(0.01229305), array(0.01255876), array(0.01264786)], 'dual_residual': [array(0.01033259), array(0.01008807), array(0.01052325)], 'times': [2.227376732742414, 2.206645798869431, 2.2247935654595494]}",1,COMPLETE
68,68,0.9542131991387421,0.8267410155245996,2024-05-20 09:06:44.951947,2024-05-20 09:06:47.582419,0 days 00:00:02.630472,0.5474838646305844,1.398841422622707,1.794301467059834,9.790256932562139,0.0016130488835900275,"{'AUC_ROCs': [0.9554757688730223, 0.9519406410463837, 0.9552231874968202], 'S_relative_errors': [0.8224460725212926, 0.8322156310714875, 0.8255613429810187], 'X_relative_errors': [3.9269385038714346, 4.149097139859142, 3.931319346338672], 'Sparsity': [1.0, 1.0, 1.0], 'converged': [0, 0, 0], 'iterations': [150, 150, 150], 'primal_residual': [array(0.05807611), array(0.04812044), array(0.05427637)], 'dual_residual': [array(0.00256587), array(0.00194415), array(0.00162568)], 'times': [2.341084513347596, 2.3804560070857406, 2.3481797117274255]}",1,COMPLETE
69,69,0.9974171345988383,0.4303441633096978,2024-05-20 09:06:47.598870,2024-05-20 09:06:50.061752,0 days 00:00:02.462882,5.261295888704003,0.17570587872195442,18.768647186359782,2.1363054683911433,90.87167778149332,"{'AUC_ROCs': [0.9971117356851049, 0.9974642794761374, 0.9976753886352723], 'S_relative_errors': [0.43086666004150015, 0.4355474561674006, 0.42461837372019273], 'X_relative_errors': [0.9995196265936357, 0.9994995513445664, 0.9994895829475008], 'Sparsity': [1.0, 1.0, 1.0], 'converged': [0, 0, 0], 'iterations': [150, 150, 150], 'primal_residual': [array(0.03490375), array(0.03565586), array(0.03675181)], 'dual_residual': [array(0.00268605), array(0.00297561), array(0.00253511)], 'times': [2.1846578340046108, 2.224143885774538, 2.2071367606986314]}",1,COMPLETE
70,70,0.9982628854870605,0.15230730835839112,2024-05-20 09:06:50.081402,2024-05-20 09:06:52.660796,0 days 00:00:02.579394,0.0016894335759610277,0.0004371621735380332,0.012354304322892836,0.06435664588734874,4.348894129811988,"{'AUC_ROCs': [0.9983215139636542, 0.9978969368464182, 0.9985702056511091], 'S_relative_errors': [0.1538122411914071, 0.14761151042587595, 0.1554981734578903], 'X_relative_errors': [1.0011377096060774, 1.0012161956401593, 1.0013910394397294], 'Sparsity': [1.0, 1.0, 1.0], 'converged': [0, 0, 0], 'iterations': [150, 150, 150], 'primal_residual': [array(0.05588604), array(0.05284167), array(0.05625182)], 'dual_residual': [array(0.01251567), array(0.01236671), array(0.01189672)], 'times': [2.2422224020119756, 2.2757558536250144, 2.3372641454916447]}",1,COMPLETE
71,71,0.9436076064599934,0.8570683299065882,2024-05-20 09:06:52.677068,2024-05-20 09:06:55.294083,0 days 00:00:02.617015,0.0007687070631480769,54.18795408953712,0.08366892814338339,0.023227676303754524,0.2861611419535993,"{'AUC_ROCs': [0.9433938317523014, 0.9444229034506932, 0.9430060841769854], 'S_relative_errors': [0.8562039438850847, 0.8575809645049532, 0.8574200813297269], 'X_relative_errors': [5.503078350293469, 5.750633981995891, 5.427900633679093], 'Sparsity': [1.0, 1.0, 1.0], 'converged': [0, 0, 0], 'iterations': [150, 150, 150], 'primal_residual': [array(0.00337072), array(0.00338501), array(0.00339076)], 'dual_residual': [array(0.01953314), array(0.01943378), array(0.01941428)], 'times': [2.388437798479572, 2.3248767850454897, 2.370647065807134]}",1,COMPLETE
72,72,0.9984790502766082,0.14276834841669317,2024-05-20 09:06:55.313661,2024-05-20 09:06:57.857214,0 days 00:00:02.543553,0.005321586043350151,0.019259968376347678,8.321540081004365,0.023227676303754524,0.0014585119976402085,"{'AUC_ROCs': [0.9986286990244189, 0.9981574641684534, 0.9986509876369521], 'S_relative_errors': [0.1433394010681507, 0.1386017750308266, 0.1463638691511022], 'X_relative_errors': [1.0110444011380986, 1.0118672143404215, 1.0127496549803208], 'Sparsity': [1.0, 1.0, 1.0], 'converged': [0, 0, 0], 'iterations': [150, 150, 150], 'primal_residual': [array(0.19935422), array(0.19921108), array(0.19412544)], 'dual_residual': [array(0.07981745), array(0.07883968), array(0.07920955)], 'times': [2.236408179625869, 2.3170449091121554, 2.2741472353227437]}",1,COMPLETE
73,73,0.9982878826799354,0.15091519914182402,2024-05-20 09:06:57.874005,2024-05-20 09:07:00.281381,0 days 00:00:02.407376,0.01648557924838649,0.0001498383194370523,15.117258838273294,13.028479294761928,0.6195548967523544,"{'AUC_ROCs': [0.9983039823330592, 0.9979268235657753, 0.9986328421409718], 'S_relative_errors': [0.15241505589269286, 0.14622056835003727, 0.15410997318274194], 'X_relative_errors': [1.0000444727762634, 1.0000161790951694, 1.000033117035666], 'Sparsity': [1.0, 1.0, 1.0], 'converged': [0, 0, 0], 'iterations': [150, 150, 150], 'primal_residual': [array(0.00322148), array(0.00320897), array(0.00323804)], 'dual_residual': [array(0.0011608), array(0.00114713), array(0.00117089)], 'times': [2.135806397302076, 2.180109125562012, 2.1595339530613273]}",1,COMPLETE
74,74,0.998328458401074,0.1522323271165915,2024-05-20 09:07:00.300213,2024-05-20 09:07:02.792069,0 days 00:00:02.491856,0.0038335089417421034,1.2437571571191555e-05,0.05668590346121891,57.49286548819475,0.07387318535008575,"{'AUC_ROCs': [0.9978857857516577, 0.9983723642061124, 0.9987272252454519], 'S_relative_errors': [0.15373975053923447, 0.14753041363738018, 0.15542681717315981], 'X_relative_errors': [1.0004108808094736, 1.00035378960416, 1.000472869946612], 'Sparsity': [1.0, 1.0, 1.0], 'converged': [0, 0, 0], 'iterations': [150, 150, 150], 'primal_residual': [array(0.06110896), array(0.05970828), array(0.06350014)], 'dual_residual': [array(0.01408107), array(0.01357153), array(0.01371898)], 'times': [2.228455245727673, 2.252350914059207, 2.253128976095468]}",1,COMPLETE
75,75,0.9983918012479304,0.14896768649739645,2024-05-20 09:07:02.809965,2024-05-20 09:07:05.276960,0 days 00:00:02.466995,0.0010535723142881756,0.005827484907390682,0.0027899163810153164,83.98036106917523,44.961997590337965,"{'AUC_ROCs': [0.998310231934591, 0.998123540536947, 0.9987416312722529], 'S_relative_errors': [0.1505360256630416, 0.14430988966027442, 0.15205714416887325], 'X_relative_errors': [0.9999482834508197, 0.9999253054737174, 0.9999631725433064], 'Sparsity': [1.0, 1.0, 1.0], 'converged': [0, 0, 0], 'iterations': [150, 150, 150], 'primal_residual': [array(0.01102365), array(0.01083051), array(0.0110418)], 'dual_residual': [array(0.00698161), array(0.00696546), array(0.00716585)], 'times': [2.238480997039005, 2.2050123687367886, 2.2186366755049676]}",1,COMPLETE
76,76,0.9981416469278769,0.15175157801304376,2024-05-20 09:07:05.312925,2024-05-20 09:07:07.732249,0 days 00:00:02.419324,0.007066855680364949,0.0002241435186610536,18.768647186359782,0.1054582039905835,8.059994067539954,"{'AUC_ROCs': [0.9981891215768767, 0.997823558489487, 0.9984122607172669], 'S_relative_errors': [0.15327000156586032, 0.14705775568084734, 0.1549269767924236], 'X_relative_errors': [1.0000821457456364, 1.0000818969896783, 1.0000852764720338], 'Sparsity': [1.0, 1.0, 1.0], 'converged': [0, 0, 0], 'iterations': [150, 150, 150], 'primal_residual': [array(0.00230255), array(0.00228179), array(0.0023697)], 'dual_residual': [array(0.00058399), array(0.00058034), array(0.00058383)], 'times': [2.1308473146054894, 2.1591401053592563, 2.16270334366709]}",1,COMPLETE
77,77,0.9996009781460028,0.4003542130449987,2024-05-20 09:07:07.757491,2024-05-20 09:07:10.358966,0 days 00:00:02.601475,0.028336719642865972,1.2437571571191555e-05,0.05668590346121891,0.19346969707364536,0.07387318535008575,"{'AUC_ROCs': [0.9996999897783643, 0.9994701855339735, 0.9996327591256706], 'S_relative_errors': [0.3991382802979875, 0.3972478382219024, 0.4046765206151061], 'X_relative_errors': [2.5771654398664996, 2.6715982153071485, 2.5852931799591015], 'Sparsity': [1.0, 1.0, 1.0], 'converged': [0, 0, 0], 'iterations': [150, 150, 150], 'primal_residual': [array(0.00431407), array(0.00449308), array(0.0043375)], 'dual_residual': [array(0.07227081), array(0.0725255), array(0.07314657)], 'times': [2.334021259797737, 2.3508536648005247, 2.3618888123892248]}",1,COMPLETE
78,78,0.9993905321486412,0.08180298547944469,2024-05-20 09:07:10.376512,2024-05-20 09:07:12.927771,0 days 00:00:02.551259,0.021225647419402537,0.1874970281568846,8.321540081004365,0.023227676303754524,0.06328498219644885,"{'AUC_ROCs': [0.9992118597542151, 0.9993114998527984, 0.99964823683891], 'S_relative_errors': [0.08222152744435317, 0.08298212625383178, 0.08020530274014909], 'X_relative_errors': [0.5398204119585585, 0.5710509054469992, 0.5304328454789834], 'Sparsity': [1.0, 1.0, 1.0], 'converged': [0, 0, 0], 'iterations': [150, 150, 150], 'primal_residual': [array(0.04219319), array(0.04505842), array(0.04253827)], 'dual_residual': [array(0.00882962), array(0.00862896), array(0.0080323)], 'times': [2.2891815279144794, 2.3195784031413496, 2.321409139316529]}",1,COMPLETE
79,79,0.9985126797069109,0.1420801123848641,2024-05-20 09:07:12.979644,2024-05-20 09:07:15.517492,0 days 00:00:02.537848,0.11619489286670996,2.4248186046889787e-05,0.0037605752829892934,20.273104821942056,1.1661248661832073,"{'AUC_ROCs': [0.9986964946894799, 0.9979917734422604, 0.9988497709889925], 'S_relative_errors': [0.14342136862881605, 0.1376672344949993, 0.14515173403077697], 'X_relative_errors': [0.9994753499738238, 0.9995005710956246, 0.9995118070327381], 'Sparsity': [1.0, 1.0, 1.0], 'converged': [0, 0, 0], 'iterations': [150, 150, 150], 'primal_residual': [array(0.0227773), array(0.02305049), array(0.02338389)], 'dual_residual': [array(0.00860367), array(0.00841981), array(0.00870592)], 'times': [2.2659726520068944, 2.2079876703210175, 2.23488553497009]}",1,COMPLETE
80,80,0.9996214626670185,0.19613846014227931,2024-05-20 09:07:15.536862,2024-05-20 09:07:17.933355,0 days 00:00:02.396493,2.4417105796076495,0.00984396336834253,21.102730796130977,24.979316678344055,1.2453890856808856,"{'AUC_ROCs': [0.9996833061535135, 0.9995443408655746, 0.9996367409819675], 'S_relative_errors': [0.1967256507701061, 0.19723479618626613, 0.19445493347046572], 'X_relative_errors': [0.9988849866633215, 0.9992724243131932, 0.9993288318808494], 'Sparsity': [1.0, 1.0, 1.0], 'converged': [0, 0, 0], 'iterations': [150, 150, 150], 'primal_residual': [array(0.00711977), array(0.00455904), array(0.00460573)], 'dual_residual': [array(0.00043716), array(0.00053893), array(0.00056283)], 'times': [2.1523408929351717, 2.150076628429815, 2.149625567952171]}",1,COMPLETE
