,number,values_0,values_1,datetime_start,datetime_complete,duration,params_lda1,params_ldag,params_psi_1,params_psi_2,params_psi_3,user_attrs_metrics,system_attrs_nsga2:generation,state
27,27,0.9980036310251235,0.14756165140314917,2024-05-20 08:46:09.627714,2024-05-20 08:46:12.098928,0 days 00:00:02.471214,0.001350522304287074,0.003940030334838265,0.003717318654090911,3.6793613134354946,3.211462971326324,"{'AUC_ROCs': [0.9978623400025348, 0.9978673917381593, 0.9982811613346765], 'S_relative_errors': [0.1491768344623533, 0.14394527413398425, 0.1495628456131099], 'X_relative_errors': [0.9994007097999477, 0.999499451577349, 0.9994077772377484], 'Sparsity': [1.0, 1.0, 1.0], 'converged': [0, 0, 0], 'iterations': [150, 150, 150], 'primal_residual': [array(0.01876691), array(0.01837802), array(0.01985044)], 'dual_residual': [array(0.00881768), array(0.00890446), array(0.00875201)], 'times': [2.1301538539119065, 2.104919935343787, 2.1666892035864294]}",0,COMPLETE
28,28,0.9965415426123774,0.2528318879956001,2024-05-20 08:46:12.117860,2024-05-20 08:46:14.570604,0 days 00:00:02.452744,1.1583533593713828,0.01029905400362312,7.548654685729794,54.17660486092479,0.03188001487772518,"{'AUC_ROCs': [0.9968673799161487, 0.9973447187208602, 0.9954125292001232], 'S_relative_errors': [0.25168018203098813, 0.2542333175288113, 0.2525821644270009], 'X_relative_errors': [0.9922029351403666, 0.9939639036543558, 0.9919903511387269], 'Sparsity': [1.0, 1.0, 1.0], 'converged': [0, 0, 0], 'iterations': [150, 150, 150], 'primal_residual': [array(0.0242743), array(0.0189721), array(0.02522842)], 'dual_residual': [array(0.00080764), array(0.00089152), array(0.00079936)], 'times': [2.1329918317496777, 2.140261545777321, 2.1490702773444355]}",0,COMPLETE
29,29,0.8285702061757125,0.9999277886688834,2024-05-20 08:46:14.590113,2024-05-20 08:46:16.639118,0 days 00:00:02.049005,0.13706605226435675,52.714682656490695,0.022804807102808102,0.4112295652038431,0.20862285880119463,"{'AUC_ROCs': [0.9155877927855376, 0.7557717385232788, 0.8143510872183214], 'S_relative_errors': [1.0000003341047532, 0.9998063366713045, 0.9999766952305925], 'X_relative_errors': [6.419567838616384, 6.676674617313885, 6.345397779371446], 'Sparsity': [1.0, 1.0, 1.0], 'converged': [1, 1, 1], 'iterations': [101, 117, 100], 'primal_residual': [array(0.00088205), array(0.00096633), array(0.00065571)], 'dual_residual': [array(5.7158425e-05), array(0.00053492), array(0.00097212)], 'times': [1.493593170773238, 1.7505196006968617, 1.5049139456823468]}",0,COMPLETE
30,30,0.8899044093360639,0.9881646633713496,2024-05-20 08:46:16.656660,2024-05-20 08:46:19.169049,0 days 00:00:02.512389,4.881921742864718,0.007517420699844614,39.095736574144674,0.0010398950248344553,11.954773463131307,"{'AUC_ROCs': [0.9009270813746104, 0.8961871902294152, 0.8725989564041658], 'S_relative_errors': [0.9868909830750949, 0.9912784760456971, 0.9863245309932566], 'X_relative_errors': [2.357036332288016, 2.4370486691885875, 2.382733270339253], 'Sparsity': [1.0, 1.0, 1.0], 'converged': [0, 0, 0], 'iterations': [150, 150, 150], 'primal_residual': [array(0.22284946), array(0.21415507), array(0.20072362)], 'dual_residual': [array(0.00608529), array(0.00874142), array(0.01064451)], 'times': [2.1910845118109137, 2.196306017925963, 2.2216646377928555]}",0,COMPLETE
31,31,0.9985072274605885,0.1299794315125324,2024-05-20 08:46:19.188142,2024-05-20 08:46:21.588367,0 days 00:00:02.400225,0.0004821439596163696,0.03133396534818355,55.811754676579014,0.144569718159403,28.6530486142272,"{'AUC_ROCs': [0.9986912294606395, 0.9983569890911239, 0.998473463830002], 'S_relative_errors': [0.13079689056964164, 0.12549958604987846, 0.13364181791807708], 'X_relative_errors': [0.9998187098523783, 0.9998015518584197, 0.9997965490023512], 'Sparsity': [1.0, 1.0, 1.0], 'converged': [0, 0, 0], 'iterations': [150, 150, 150], 'primal_residual': [array(0.0147737), array(0.01485776), array(0.0142103)], 'dual_residual': [array(0.00175692), array(0.00177858), array(0.00175947)], 'times': [2.089980446966365, 2.0880812448449433, 2.1040938748046756]}",0,COMPLETE
32,32,0.9321199802956092,0.8732080567866897,2024-05-20 08:46:21.600263,2024-05-20 08:46:24.135287,0 days 00:00:02.535024,0.005349288162957158,91.65781672659408,0.1937607108050167,0.004794871291635921,0.45836939630220963,"{'AUC_ROCs': [0.9315725783827038, 0.9341911111341646, 0.930596251369959], 'S_relative_errors': [0.8725649126575571, 0.8722608415054727, 0.874798416197039], 'X_relative_errors': [5.587478331161712, 5.862527003567395, 5.5126901170620775], 'Sparsity': [1.0, 1.0, 1.0], 'converged': [0, 0, 0], 'iterations': [150, 150, 150], 'primal_residual': [array(0.00617386), array(0.00612088), array(0.0065291)], 'dual_residual': [array(0.01776716), array(0.017617), array(0.01742573)], 'times': [2.244509295327589, 2.238169671036303, 2.221286454470828]}",0,COMPLETE
33,33,0.8093312504318105,0.9999999999070838,2024-05-20 08:46:24.152835,2024-05-20 08:46:26.652018,0 days 00:00:02.499183,8.298553124496436,1.7976936881854737,26.029213378166606,0.09522892992736214,11.880457386170026,"{'AUC_ROCs': [0.8126899004121638, 0.8063248925546413, 0.8089789583286265], 'S_relative_errors': [0.9999999998953187, 0.9999999999101518, 0.9999999999157809], 'X_relative_errors': [2.936762022798181, 3.1499733879662455, 3.050588624719247], 'Sparsity': [1.0, 1.0, 1.0], 'converged': [0, 0, 0], 'iterations': [150, 150, 150], 'primal_residual': [array(0.11479815), array(0.10818842), array(0.1042134)], 'dual_residual': [array(0.00170247), array(0.001621), array(0.00161406)], 'times': [2.1853738017380238, 2.213423998793587, 2.210840355604887]}",0,COMPLETE
34,34,0.8883448865613133,0.9992852847859169,2024-05-20 08:46:26.673271,2024-05-20 08:46:29.155528,0 days 00:00:02.482257,8.173106128428527,4.50442373300714,0.011564611294972731,88.46265239191015,23.837244075247785,"{'AUC_ROCs': [0.88684288979479, 0.8865085420337471, 0.891683227855403], 'S_relative_errors': [0.9990566546543954, 0.9994880769695929, 0.9993111227337622], 'X_relative_errors': [0.998995420584579, 0.9989196377533935, 0.9989359932885009], 'Sparsity': [1.0, 1.0, 1.0], 'converged': [0, 0, 0], 'iterations': [150, 150, 150], 'primal_residual': [array(0.0284274), array(0.02806929), array(0.02931064)], 'dual_residual': [array(0.01863818), array(0.01218168), array(0.01602075)], 'times': [2.1527186292223632, 2.1951806161087006, 2.1974169206805527]}",0,COMPLETE
35,35,0.9462491095149894,0.8399804758341366,2024-05-20 08:46:29.177680,2024-05-20 08:46:31.673902,0 days 00:00:02.496222,0.11336137361224585,52.09307278855788,78.0285464756336,0.04279843532062926,0.0010014139541279267,"{'AUC_ROCs': [0.9465422454528777, 0.9462038126383955, 0.9460012704536952], 'S_relative_errors': [0.839381678157661, 0.8393190022933666, 0.8412407470513823], 'X_relative_errors': [1.4536166664306407, 1.4940011619475404, 1.4984831882019092], 'Sparsity': [1.0, 1.0, 1.0], 'converged': [0, 0, 0], 'iterations': [150, 150, 150], 'primal_residual': [array(0.17913321), array(0.16705542), array(0.16792489)], 'dual_residual': [array(0.03324287), array(0.04370703), array(0.04377852)], 'times': [2.171562478179112, 2.163119259523228, 2.188031933736056]}",0,COMPLETE
36,36,0.9985847598232692,0.07997655460665914,2024-05-20 08:46:31.691912,2024-05-20 08:46:34.188002,0 days 00:00:02.496090,0.35728721561236404,0.008842728185916759,0.07690807209230549,0.006503242537473707,16.696363221646372,"{'AUC_ROCs': [0.9980236975595816, 0.9987287503538941, 0.9990018315563319], 'S_relative_errors': [0.0789973196550469, 0.08111007486378488, 0.07982226930114565], 'X_relative_errors': [0.7111760477287488, 0.7432603704592154, 0.7047143037815258], 'Sparsity': [1.0, 1.0, 1.0], 'converged': [0, 0, 0], 'iterations': [150, 150, 150], 'primal_residual': [array(0.12921878), array(0.12755296), array(0.12958169)], 'dual_residual': [array(0.09855941), array(0.09389584), array(0.10094885)], 'times': [2.2011355459690094, 2.2101490776985884, 2.199339688522741]}",0,COMPLETE
37,37,0.9980462731423857,0.14858580374069202,2024-05-20 08:46:34.204001,2024-05-20 08:46:36.624117,0 days 00:00:02.420116,0.006641851734215987,6.869632835344526e-05,0.006837332092701138,3.8511843706932445,42.55614284839751,"{'AUC_ROCs': [0.9979698146436886, 0.9981741729932803, 0.9979948317901883], 'S_relative_errors': [0.15021385102746715, 0.14341871934349845, 0.1521248408511105], 'X_relative_errors': [1.0000780488357606, 0.9999731953770382, 1.0001327567198146], 'Sparsity': [1.0, 1.0, 1.0], 'converged': [0, 0, 0], 'iterations': [150, 150, 150], 'primal_residual': [array(0.0124975), array(0.01229656), array(0.01271389)], 'dual_residual': [array(0.01176673), array(0.01178006), array(0.0118595)], 'times': [2.1093296811450273, 2.1382651831954718, 2.151381592731923]}",0,COMPLETE
38,38,0.9967619027448483,0.08965879565564304,2024-05-20 08:46:36.647478,2024-05-20 08:46:39.065132,0 days 00:00:02.417654,0.3395538920269436,0.020395976640720414,0.6440172313878926,69.4027834393501,9.064481192801486,"{'AUC_ROCs': [0.9963301634547086, 0.9965382349591372, 0.9974173098206993], 'S_relative_errors': [0.08923307302335422, 0.08945986056982638, 0.09028345337374849], 'X_relative_errors': [0.9961347949138677, 0.9962473673385804, 0.9963539437266266], 'Sparsity': [1.0, 1.0, 1.0], 'converged': [0, 0, 0], 'iterations': [150, 150, 150], 'primal_residual': [array(0.01427439), array(0.01358913), array(0.01432886)], 'dual_residual': [array(0.00139508), array(0.00138163), array(0.00136081)], 'times': [2.098792265402153, 2.1128242982085794, 2.120840723393485]}",0,COMPLETE
39,39,0.8906031995015807,0.999999896188188,2024-05-20 08:46:39.080249,2024-05-20 08:46:39.911215,0 days 00:00:00.830966,0.5187772559288947,0.0595513954573239,1.1488281439793142,0.002715425446665363,0.31505988131129753,"{'AUC_ROCs': [0.9327112678299869, 0.8699862902998792, 0.8691120403748764], 'S_relative_errors': [0.9999998318280886, 0.9999999271066421, 0.9999999296298332], 'X_relative_errors': [6.339464347313891, 6.657376207688547, 6.274047939269643], 'Sparsity': [1.0, 1.0, 1.0], 'converged': [1, 1, 1], 'iterations': [36, 37, 37], 'primal_residual': [array(0.00085378), array(0.00066009), array(0.0006604)], 'dual_residual': [array(2.13200229e-05), array(2.24831755e-05), array(2.26232238e-05)], 'times': [0.5400131396017969, 0.5489314496517181, 0.5565730850212276]}",0,COMPLETE
40,40,0.9986555376268204,0.08492003755921955,2024-05-20 08:46:39.937446,2024-05-20 08:46:42.378997,0 days 00:00:02.441551,0.031205050562725684,0.16970419760638844,0.05144523106853371,1.293586813569989,19.27789704408641,"{'AUC_ROCs': [0.9987173859056734, 0.9984741798181455, 0.9987750471566423], 'S_relative_errors': [0.08623232113751039, 0.08091856118762576, 0.08760923035252248], 'X_relative_errors': [0.9726448668235522, 0.9279101579438886, 0.9808301412030173], 'Sparsity': [1.0, 1.0, 1.0], 'converged': [0, 0, 0], 'iterations': [150, 150, 150], 'primal_residual': [array(0.08886828), array(0.07823587), array(0.08154838)], 'dual_residual': [array(0.00578476), array(0.00520289), array(0.00513537)], 'times': [2.13768472103402, 2.162126310635358, 2.1498692200984806]}",0,COMPLETE
41,41,0.9984018991795608,0.15417886145404427,2024-05-20 08:46:42.388864,2024-05-20 08:46:44.853439,0 days 00:00:02.464575,0.0006297993193387569,3.471694863282248e-05,84.14998765718526,0.0011017703209510944,0.00965144318806134,"{'AUC_ROCs': [0.9982073869100737, 0.9982715030817114, 0.9987268075468969], 'S_relative_errors': [0.15582619449892907, 0.14954147967691245, 0.15716891018629126], 'X_relative_errors': [1.0139599187025576, 1.0138177164284228, 1.0115953182788078], 'Sparsity': [1.0, 1.0, 1.0], 'converged': [0, 0, 0], 'iterations': [150, 150, 150], 'primal_residual': [array(0.17074488), array(0.16666342), array(0.16877183)], 'dual_residual': [array(0.17762849), array(0.17679837), array(0.17973054)], 'times': [2.1624981802888215, 2.1922203321009874, 2.192970661446452]}",0,COMPLETE
42,42,0.9406947042503858,0.87359926224535,2024-05-20 08:46:44.879019,2024-05-20 08:46:47.340241,0 days 00:00:02.461222,0.3197135089326406,55.7807013013457,70.26090752888622,0.07621509996753766,0.059051514038613875,"{'AUC_ROCs': [0.9416603496803432, 0.9383808690147293, 0.942042894056085], 'S_relative_errors': [0.8707939892212193, 0.8742744784290086, 0.8757293190858222], 'X_relative_errors': [1.8786128984380508, 1.977384834395232, 1.9739758662943094], 'Sparsity': [1.0, 1.0, 1.0], 'converged': [0, 0, 0], 'iterations': [150, 150, 150], 'primal_residual': [array(0.0786576), array(0.07952351), array(0.07785082)], 'dual_residual': [array(0.03154671), array(0.03137971), array(0.0318526)], 'times': [2.162816080497578, 2.1881645377725363, 2.205662584397942]}",0,COMPLETE
43,43,0.9463793948568574,0.8379092491547547,2024-05-20 08:46:47.361858,2024-05-20 08:46:49.890997,0 days 00:00:02.529139,0.000205831664196083,18.97688245086537,15.480506971475544,0.6401706236616858,0.005052021560419244,"{'AUC_ROCs': [0.9463017044567916, 0.945939162053149, 0.9468973180606319], 'S_relative_errors': [0.8369903908251672, 0.8374616098094315, 0.8392757468296657], 'X_relative_errors': [4.01250462198053, 4.176390452809301, 4.020783163248087], 'Sparsity': [1.0, 1.0, 1.0], 'converged': [0, 0, 0], 'iterations': [150, 150, 150], 'primal_residual': [array(0.04194283), array(0.04283887), array(0.04326468)], 'dual_residual': [array(0.00755583), array(0.00754139), array(0.00765547)], 'times': [2.2261626205872744, 2.2063762457109988, 2.2323001290205866]}",0,COMPLETE
44,44,0.6425247820199572,0.9999876305873606,2024-05-20 08:46:49.917443,2024-05-20 08:46:52.032693,0 days 00:00:02.115250,5.372744355374976,3.261038003192927,0.04393725426465992,22.107318185548216,0.5818361842103648,"{'AUC_ROCs': [0.6631598570762778, 0.6219348258420511, 0.6424796631415429], 'S_relative_errors': [0.9999999999988344, 0.9999628917643866, 0.999999999998861], 'X_relative_errors': [3.6604646404017935, 3.789743207660606, 3.6572199979430073], 'Sparsity': [1.0, 1.0, 1.0], 'converged': [1, 1, 1], 'iterations': [108, 126, 108], 'primal_residual': [array(0.00097909), array(0.00095764), array(0.00099278)], 'dual_residual': [array(3.01111854e-05), array(0.00077506), array(3.0532561e-05)], 'times': [1.5865214467048645, 1.8827533051371574, 1.6034802051726729]}",0,COMPLETE
45,45,0.9984960981833847,0.1047793365456547,2024-05-20 08:46:52.058975,2024-05-20 08:46:54.449033,0 days 00:00:02.390058,0.09051427412629888,0.00028065178645406185,9.779887592878083,16.771066128744806,67.36297768916488,"{'AUC_ROCs': [0.9987237050158729, 0.9983068515057409, 0.99845773802854], 'S_relative_errors': [0.10593872756554275, 0.10121643529434414, 0.10718284677707723], 'X_relative_errors': [0.9998963215959524, 0.999935569647006, 0.9999509705174767], 'Sparsity': [1.0, 1.0, 1.0], 'converged': [0, 0, 0], 'iterations': [150, 150, 150], 'primal_residual': [array(0.00390947), array(0.00341706), array(0.00343483)], 'dual_residual': [array(0.00135645), array(0.00132286), array(0.00133675)], 'times': [2.0555689581669867, 2.092505519045517, 2.0911000126507133]}",0,COMPLETE
46,46,0.9984584153688966,0.10624416110506102,2024-05-20 08:46:54.460422,2024-05-20 08:46:56.906304,0 days 00:00:02.445882,0.04800137094461078,0.0323389786097168,24.925461849169167,0.13403687231843484,6.36756803586387,"{'AUC_ROCs': [0.99855878720659, 0.9982982765368861, 0.9985181823632134], 'S_relative_errors': [0.10961949425796864, 0.10086069233045342, 0.108252296726761], 'X_relative_errors': [0.9998361332999044, 0.9998526397051393, 0.999855679829892], 'Sparsity': [1.0, 1.0, 1.0], 'converged': [0, 0, 0], 'iterations': [150, 150, 150], 'primal_residual': [array(0.01365334), array(0.01338644), array(0.01311247)], 'dual_residual': [array(0.00170476), array(0.00155431), array(0.00160657)], 'times': [2.083119255490601, 2.1034258569125086, 2.1194819770753384]}",0,COMPLETE
47,47,0.9029534593674023,0.9999999702421943,2024-05-20 08:46:56.918308,2024-05-20 08:46:57.693275,0 days 00:00:00.774967,0.24967334784494236,0.19250379354909744,0.23046876133341068,0.0018754258282699025,0.001344699977834413,"{'AUC_ROCs': [0.8974536650395075, 0.9126705018103076, 0.8987362112523917], 'S_relative_errors': [0.9999999532120017, 1.0000000033593508, 0.9999999541552305], 'X_relative_errors': [6.468508366734896, 6.739554364515404, 6.399661027923625], 'Sparsity': [1.0, 1.0, 1.0], 'converged': [1, 1, 1], 'iterations': [34, 35, 34], 'primal_residual': [array(0.00031738), array(9.86951459e-05), array(0.00031676)], 'dual_residual': [array(4.3798715e-06), array(9.79228137e-06), array(4.4362052e-06)], 'times': [0.5063124785665423, 0.51645138557069, 0.5091580832377076]}",0,COMPLETE
48,48,0.9937337239585312,0.5335666626259475,2024-05-20 08:46:57.722208,2024-05-20 08:47:00.277062,0 days 00:00:02.554854,0.00014304541819333533,1.3011060088082427,19.883652761760015,0.225092924183009,4.265591464630053,"{'AUC_ROCs': [0.9944761448286745, 0.9933463052674264, 0.9933787217794929], 'S_relative_errors': [0.5010500674750153, 0.5432959866747512, 0.5563539337280761], 'X_relative_errors': [1.5272522964463728, 1.8542620431412473, 1.8745898372555931], 'Sparsity': [1.0, 1.0, 1.0], 'converged': [0, 0, 0], 'iterations': [150, 150, 150], 'primal_residual': [array(0.13156273), array(0.15115085), array(0.15559559)], 'dual_residual': [array(0.00805087), array(0.00776612), array(0.00996012)], 'times': [2.206081075593829, 2.2617479630280286, 2.207126420456916]}",0,COMPLETE
49,49,0.9459920604182689,0.838233257974121,2024-05-20 08:47:00.306761,2024-05-20 08:47:02.833193,0 days 00:00:02.526432,0.00028762476087035917,44.879099745683455,8.412186033438298,0.004871566028918152,0.01041885754939094,"{'AUC_ROCs': [0.9455325369879753, 0.9461656138583278, 0.9462780304085036], 'S_relative_errors': [0.8377272509714225, 0.8376967514247962, 0.839275771526144], 'X_relative_errors': [4.66205832206764, 4.852215606431157, 4.641397024982533], 'Sparsity': [1.0, 1.0, 1.0], 'converged': [0, 0, 0], 'iterations': [150, 150, 150], 'primal_residual': [array(0.13153781), array(0.13484718), array(0.13124221)], 'dual_residual': [array(0.0270688), array(0.02768549), array(0.02594894)], 'times': [2.1957947271876037, 2.2403740365989506, 2.2367599145509303]}",0,COMPLETE
50,50,0.8905302106023951,0.9999998923607345,2024-05-20 08:47:02.845803,2024-05-20 08:47:03.662942,0 days 00:00:00.817139,0.5187772559288947,0.0595513954573239,1.1488281439793142,0.002715425446665363,0.31505988131129753,"{'AUC_ROCs': [0.9366065629079894, 0.8695356930380111, 0.8654483758611846], 'S_relative_errors': [0.9999998209881628, 0.9999999260220152, 0.9999999300720254], 'X_relative_errors': [6.339372493217357, 6.603924982421393, 6.274035612255801], 'Sparsity': [1.0, 1.0, 1.0], 'converged': [1, 1, 1], 'iterations': [36, 37, 37], 'primal_residual': [array(0.00087278), array(0.00065805), array(0.00065851)], 'dual_residual': [array(2.16048494e-05), array(2.23449276e-05), array(2.26112188e-05)], 'times': [0.5364153424743563, 0.5549044073559344, 0.5542558319866657]}",1,COMPLETE
51,51,0.9980536947237789,0.13597080129779324,2024-05-20 08:47:03.678717,2024-05-20 08:47:06.124766,0 days 00:00:02.446049,0.027663595815541283,0.0004898209296024281,0.27101751342579583,0.04611419059800541,11.263451221180306,"{'AUC_ROCs': [0.9974824637450116, 0.9981754483191015, 0.9985031721072236], 'S_relative_errors': [0.1382145104033103, 0.13067996368907595, 0.13901792980099353], 'X_relative_errors': [0.9999643685939259, 0.9999530102427808, 0.99998001517714], 'Sparsity': [1.0, 1.0, 1.0], 'converged': [0, 0, 0], 'iterations': [150, 150, 150], 'primal_residual': [array(0.01834907), array(0.01852215), array(0.02057868)], 'dual_residual': [array(0.0048212), array(0.0049731), array(0.00485337)], 'times': [2.1506260617170483, 2.1357046393677592, 2.1466199294663966]}",1,COMPLETE
52,52,0.9981503062739719,0.09416351349039859,2024-05-20 08:47:06.154150,2024-05-20 08:47:08.612920,0 days 00:00:02.458770,0.1297854664962814,1.2209648981432548e-05,15.522974520327827,0.5188731224120776,0.004568883665817935,"{'AUC_ROCs': [0.9980121509337555, 0.9979935227050846, 0.9984452451830759], 'S_relative_errors': [0.09576005558909431, 0.08938589873291798, 0.09734458614918345], 'X_relative_errors': [0.9982364098110104, 0.9850825244281601, 0.9982291800764126], 'Sparsity': [1.0, 1.0, 1.0], 'converged': [0, 0, 0], 'iterations': [150, 150, 150], 'primal_residual': [array(0.02127778), array(0.02404101), array(0.02135412)], 'dual_residual': [array(0.0038025), array(0.00381848), array(0.00369242)], 'times': [2.133900187211111, 2.167802246287465, 2.1524265496991575]}",1,COMPLETE
53,53,0.9981100990705478,0.15949084240836067,2024-05-20 08:47:08.645949,2024-05-20 08:47:11.113571,0 days 00:00:02.467622,0.0006297993193387569,0.00032878392816148845,23.55699619171462,0.0011017703209510944,0.00965144318806134,"{'AUC_ROCs': [0.9976756628166353, 0.9982278479870603, 0.9984267864079477], 'S_relative_errors': [0.16154799032806022, 0.15540702998010242, 0.1615175069169194], 'X_relative_errors': [1.05783895937784, 1.0571033667879821, 1.0546460604848427], 'Sparsity': [1.0, 1.0, 1.0], 'converged': [0, 0, 0], 'iterations': [150, 150, 150], 'primal_residual': [array(0.51664299), array(0.51329639), array(0.50860558)], 'dual_residual': [array(0.16416138), array(0.16232775), array(0.16662286)], 'times': [2.1474661170504987, 2.1764175065327436, 2.1840956336818635]}",1,COMPLETE
