,number,values_0,values_1,datetime_start,datetime_complete,duration,params_lda1,params_ldag,params_psi_1,params_psi_2,params_psi_3,user_attrs_metrics,system_attrs_nsga2:generation,state
0,0,0.9972013176908399,0.9999998450365203,2024-05-20 08:45:12.273386,2024-05-20 08:45:13.162923,0 days 00:00:00.889537,0.5662964896064178,0.00042916208007696033,0.5714325860599435,0.0018583353015359477,0.046697884542629214,"{'AUC_ROCs': [0.9973077300473343, 0.997239711203499, 0.9970565118216862], 'S_relative_errors': [0.9999998446709485, 0.9999998440028706, 0.9999998464357419], 'X_relative_errors': [6.429592202874218, 6.698686169209517, 6.361855701796526], 'Sparsity': [1.0, 1.0, 1.0], 'converged': [1, 1, 1], 'iterations': [31, 31, 31], 'primal_residual': [array(0.00057269), array(0.00057191), array(0.00057348)], 'dual_residual': [array(8.59804864e-06), array(8.6056665e-06), array(8.59682716e-06)], 'times': [0.4863596784416586, 0.4947680647019297, 0.48805889021605253]}",0,COMPLETE
1,1,0.9967560912425489,0.1973054066471359,2024-05-20 08:45:13.163565,2024-05-20 08:45:15.709708,0 days 00:00:02.546143,0.9035705529923017,2.2022395226237548e-05,0.014880396958411328,4.843449359176132,55.64312078030275,"{'AUC_ROCs': [0.9968347019396895, 0.997225096286253, 0.9962084755017043], 'S_relative_errors': [0.19696059108591718, 0.19831692063866332, 0.19663870821682722], 'X_relative_errors': [0.9905444952398827, 0.9904688495794042, 0.9905852394860515], 'Sparsity': [1.0, 1.0, 1.0], 'converged': [0, 0, 0], 'iterations': [150, 150, 150], 'primal_residual': [array(0.02838628), array(0.02717987), array(0.02885214)], 'dual_residual': [array(0.0015159), array(0.00135422), array(0.00156265)], 'times': [2.234563351375982, 2.184661674546078, 2.1924639642238617]}",0,COMPLETE
2,2,0.9985240237302501,0.14904463882330352,2024-05-20 08:45:15.711167,2024-05-20 08:45:18.309773,0 days 00:00:02.598606,0.00519893607900056,1.2209648981432548e-05,0.01222877253098087,2.096024180354076,1.364835231600804,"{'AUC_ROCs': [0.9984728157972812, 0.9983889682817515, 0.9987102871117177], 'S_relative_errors': [0.1505186572823463, 0.1443114170774144, 0.15230384211014983], 'X_relative_errors': [0.9998199928688152, 0.9998380237935318, 0.9998258600123339], 'Sparsity': [1.0, 1.0, 1.0], 'converged': [0, 0, 0], 'iterations': [150, 150, 150], 'primal_residual': [array(0.00612546), array(0.00620106), array(0.00615915)], 'dual_residual': [array(0.00214678), array(0.00211658), array(0.00221244)], 'times': [2.1246918058022857, 2.1368892467580736, 2.3109509537462145]}",0,COMPLETE
3,3,0.9987759565616395,1.0000001197736361,2024-05-20 08:45:18.313240,2024-05-20 08:45:19.186861,0 days 00:00:00.873621,2.1556112235253284,1.6221259785858992e-05,0.06674116349564736,0.004750949908714063,0.0022988772627057495,"{'AUC_ROCs': [0.9988677841266222, 0.9986707024994276, 0.9987893830588688], 'S_relative_errors': [1.0000001196332755, 1.0000001196152837, 1.000000120072349], 'X_relative_errors': [6.483974646785865, 6.755811447382119, 6.414635992281765], 'Sparsity': [1.0, 1.0, 1.0], 'converged': [1, 1, 1], 'iterations': [31, 31, 31], 'primal_residual': [array(0.00041047), array(0.00040808), array(0.00041531)], 'dual_residual': [array(1.39698568e-06), array(1.38864823e-06), array(1.4127609e-06)], 'times': [0.4837148655205965, 0.4815105991438031, 0.4862816126551479]}",0,COMPLETE
4,4,0.9979247927872503,0.0922837934762592,2024-05-20 08:45:19.188128,2024-05-20 08:45:21.671308,0 days 00:00:02.483180,0.1297854664962814,0.00033676046134322834,0.004438135235552203,28.37049625901456,0.004568883665817935,"{'AUC_ROCs': [0.9977044196970206, 0.9973468753425397, 0.9987230833221906], 'S_relative_errors': [0.09529163011688051, 0.08873557510388494, 0.09282417520801219], 'X_relative_errors': [1.0188475649317181, 1.0197987676869031, 1.019238396702442], 'Sparsity': [1.0, 1.0, 1.0], 'converged': [0, 0, 0], 'iterations': [150, 150, 150], 'primal_residual': [array(0.44393855), array(0.44636421), array(0.4577907)], 'dual_residual': [array(0.20505908), array(0.20788612), array(0.21101073)], 'times': [2.159667697735131, 2.195255637401715, 2.1813287700060755]}",0,COMPLETE
5,5,0.8695907131223239,0.9999999966325781,2024-05-20 08:45:21.673016,2024-05-20 08:45:22.403778,0 days 00:00:00.730762,5.698428717802727,8.741164708562863,0.006450944963392053,0.03103931050515195,0.06431538267288181,"{'AUC_ROCs': [0.8686384063087392, 0.8673721963826897, 0.8727615366755429], 'S_relative_errors': [0.9999999966678814, 0.9999999963423749, 0.9999999968874781], 'X_relative_errors': [6.469841133846303, 6.796552270266366, 6.409238815760159], 'Sparsity': [1.0, 1.0, 1.0], 'converged': [1, 1, 1], 'iterations': [31, 31, 31], 'primal_residual': [array(0.00012098), array(0.00012093), array(0.00012168)], 'dual_residual': [array(2.5604518e-06), array(2.53503318e-06), array(2.58920852e-06)], 'times': [0.4586503349710256, 0.4670423218049109, 0.46634085662662983]}",0,COMPLETE
6,6,0.9984000127195575,0.14012889713892748,2024-05-20 08:45:22.406049,2024-05-20 08:45:24.957751,0 days 00:00:02.551702,0.008427490504041674,0.009166769423463684,0.003080868096393356,5.824349167921424,0.3750180766171061,"{'AUC_ROCs': [0.9984426938300361, 0.9981996559141476, 0.9985576884144884], 'S_relative_errors': [0.14159817832720156, 0.13515001429487533, 0.14363849879470555], 'X_relative_errors': [1.0006756548038604, 1.0005582009104588, 1.000635033005125], 'Sparsity': [1.0, 1.0, 1.0], 'converged': [0, 0, 0], 'iterations': [150, 150, 150], 'primal_residual': [array(0.0270876), array(0.02758199), array(0.02761633)], 'dual_residual': [array(0.00733391), array(0.00680344), array(0.00683096)], 'times': [2.281923185568303, 2.177800534525886, 2.165550355799496]}",0,COMPLETE
7,7,0.9979333527909895,0.6473703764839629,2024-05-20 08:45:24.962961,2024-05-20 08:45:27.388671,0 days 00:00:02.425710,3.0293934062500365,0.00011473836779938222,20.00114049630918,33.698939548638805,0.03625453698007902,"{'AUC_ROCs': [0.9973478550841595, 0.998046836122145, 0.9984053671666643], 'S_relative_errors': [0.6464479716799899, 0.6507525472978177, 0.6449106104740812], 'X_relative_errors': [0.9992460574203836, 0.9992875208328427, 0.9994759847179695], 'Sparsity': [1.0, 1.0, 1.0], 'converged': [0, 0, 0], 'iterations': [150, 150, 150], 'primal_residual': [array(0.01410349), array(0.01332773), array(0.01097807)], 'dual_residual': [array(0.00166533), array(0.00304998), array(0.00264317)], 'times': [2.1293154668528587, 2.1250671967864037, 2.124323188327253]}",0,COMPLETE
8,8,0.8950638217361666,0.923518366678375,2024-05-20 08:45:27.390587,2024-05-20 08:45:29.936157,0 days 00:00:02.545570,0.0017976057251588734,1.7348432427088993,0.30863073275772035,0.017816350274435497,0.001454203829872057,"{'AUC_ROCs': [0.8892714800414936, 0.8984477587061434, 0.8974722264608631], 'S_relative_errors': [0.923519709996696, 0.9218919961456935, 0.9251433938927358], 'X_relative_errors': [5.964721398835878, 6.203636306805424, 5.911886287247813], 'Sparsity': [1.0, 1.0, 1.0], 'converged': [0, 0, 0], 'iterations': [150, 150, 150], 'primal_residual': [array(0.04160702), array(0.03090703), array(0.01805002)], 'dual_residual': [array(0.02273393), array(0.02538832), array(0.02578563)], 'times': [2.2569258492439985, 2.253332249354571, 2.2472698509227484]}",0,COMPLETE
9,9,0.979429748344799,0.7186425112417432,2024-05-20 08:45:29.942052,2024-05-20 08:45:32.456041,0 days 00:00:02.513989,0.0003031825143433734,2.811664503485536,56.74057063257548,4.622023263513318,0.0013731968693825713,"{'AUC_ROCs': [0.9807573363212793, 0.9787150198690326, 0.9788168888440851], 'S_relative_errors': [0.7072900553320072, 0.7269207615360496, 0.7217167168571726], 'X_relative_errors': [1.1900131301012877, 1.2756778935821553, 1.2924541742811229], 'Sparsity': [1.0, 1.0, 1.0], 'converged': [0, 0, 0], 'iterations': [150, 150, 150], 'primal_residual': [array(0.47978191), array(0.45088656), array(0.44745322)], 'dual_residual': [array(0.04124412), array(0.03790974), array(0.03665741)], 'times': [2.164065064396709, 2.199841210618615, 2.2107598958536983]}",0,COMPLETE
10,10,0.9984234157134378,0.13053854682123575,2024-05-20 08:45:32.462334,2024-05-20 08:45:34.868258,0 days 00:00:02.405924,0.0091100097972534,0.022032486627770777,0.018386238524315732,19.787472475603742,4.7881193392744335,"{'AUC_ROCs': [0.9981742034721819, 0.9986519967006184, 0.9984440469675132], 'S_relative_errors': [0.1318527588290986, 0.12632784288913806, 0.13343503874547058], 'X_relative_errors': [1.0002099582262807, 1.0002389858583056, 1.0002505892685607], 'Sparsity': [1.0, 1.0, 1.0], 'converged': [0, 0, 0], 'iterations': [150, 150, 150], 'primal_residual': [array(0.016377), array(0.01673875), array(0.01650442)], 'dual_residual': [array(0.0077505), array(0.0077302), array(0.00810447)], 'times': [2.106425480451435, 2.133000799221918, 2.134906173683703]}",0,COMPLETE
11,11,0.9981981231064103,0.13526369985019,2024-05-20 08:45:34.871940,2024-05-20 08:45:37.297968,0 days 00:00:02.426028,0.027663595815541283,0.0004898209296024281,0.27101751342579583,0.04611419059800541,11.263451221180306,"{'AUC_ROCs': [0.9981683894583, 0.9980916183996997, 0.9983343614612312], 'S_relative_errors': [0.13722337845928256, 0.129851881501817, 0.13871583958947037], 'X_relative_errors': [0.9999548647975753, 0.999978869198502, 0.9999787617203624], 'Sparsity': [1.0, 1.0, 1.0], 'converged': [0, 0, 0], 'iterations': [150, 150, 150], 'primal_residual': [array(0.01943573), array(0.01922024), array(0.02090117)], 'dual_residual': [array(0.00490357), array(0.00487274), array(0.004894)], 'times': [2.14991507679224, 2.131312057841569, 2.152952183969319]}",0,COMPLETE
12,12,0.9428602322624471,0.852558545284825,2024-05-20 08:45:37.306412,2024-05-20 08:45:39.826545,0 days 00:00:02.520133,0.007594650008410639,0.9066782203787541,2.524151551587618,0.03908187522141629,0.001047592903914082,"{'AUC_ROCs': [0.9429488720114121, 0.9414983906128069, 0.9441334341631221], 'S_relative_errors': [0.8513878252939799, 0.8517844028880813, 0.8545034076724138], 'X_relative_errors': [5.282602041255025, 5.505474114922541, 5.252069458690357], 'Sparsity': [1.0, 1.0, 1.0], 'converged': [0, 0, 0], 'iterations': [150, 150, 150], 'primal_residual': [array(0.0496903), array(0.05512144), array(0.05395961)], 'dual_residual': [array(0.01847484), array(0.0168461), array(0.01758725)], 'times': [2.2113231834955513, 2.2461139934603125, 2.2253187929745764]}",0,COMPLETE
13,13,0.9203023616191478,0.999999964229826,2024-05-20 08:45:39.830449,2024-05-20 08:45:40.583789,0 days 00:00:00.753340,8.711415076785467,2.8898185994651047e-05,0.007536246851728219,0.024762823813194133,8.269925413082253,"{'AUC_ROCs': [0.9224342074395822, 0.9221240788432997, 0.9163487985745612], 'S_relative_errors': [0.9999999643736521, 0.9999999638110844, 0.9999999645047415], 'X_relative_errors': [5.436810497854406, 5.6558749569117595, 5.383937048570514], 'Sparsity': [1.0, 1.0, 1.0], 'converged': [1, 1, 1], 'iterations': [33, 33, 33], 'primal_residual': [array(0.00040211), array(0.00040686), array(0.0003993)], 'dual_residual': [array(1.0029425e-05), array(1.01737958e-05), array(9.90536881e-06)], 'times': [0.4871041572187096, 0.4932226890232414, 0.49091802746988833]}",0,COMPLETE
14,14,0.8855078852352668,0.9999999113601201,2024-05-20 08:45:40.592553,2024-05-20 08:45:41.345866,0 days 00:00:00.753313,1.1524721150394897,16.745793781010278,0.004095548861743236,0.0019231975031026548,0.0018106136543640339,"{'AUC_ROCs': [0.8862600090284981, 0.8828223382024925, 0.8874413084748097], 'S_relative_errors': [0.9999999102292855, 0.9999999107133157, 0.999999913137759], 'X_relative_errors': [6.39902662813167, 6.762684913851513, 6.420976071846737], 'Sparsity': [1.0, 1.0, 1.0], 'converged': [1, 1, 1], 'iterations': [30, 30, 30], 'primal_residual': [array(0.00066523), array(0.00067096), array(0.00067532)], 'dual_residual': [array(1.00620515e-06), array(1.01168116e-06), array(1.02940359e-06)], 'times': [0.44268368394114077, 0.45036639645695686, 0.45429101143963635]}",0,COMPLETE
15,15,0.9640502655356612,1.0000000277087688,2024-05-20 08:45:41.353428,2024-05-20 08:45:42.118026,0 days 00:00:00.764598,0.5535065660770279,1.349785992765416e-05,0.06846034818392593,0.002041826976966552,0.17404638966825203,"{'AUC_ROCs': [0.9635271787192572, 0.9638736608405529, 0.9647499570471734], 'S_relative_errors': [1.000000027561079, 1.0000000273994307, 1.0000000281657964], 'X_relative_errors': [6.462172550810693, 6.732940218851652, 6.393200185295806], 'Sparsity': [1.0, 1.0, 1.0], 'converged': [1, 1, 1], 'iterations': [31, 31, 31], 'primal_residual': [array(0.00016858), array(0.00016733), array(0.00016979)], 'dual_residual': [array(3.11622774e-06), array(3.0928429e-06), array(3.1529252e-06)], 'times': [0.46938476362265646, 0.46261063893325627, 0.46866373671218753]}",0,COMPLETE
16,16,0.9982245947042617,0.1511717651875847,2024-05-20 08:45:42.129421,2024-05-20 08:45:44.702444,0 days 00:00:02.573023,0.0026151640584121875,0.00021674033321456528,1.030343491734903,0.0010243331448474857,0.17033443860698239,"{'AUC_ROCs': [0.9979223039360373, 0.9985799814568804, 0.9981714987198675], 'S_relative_errors': [0.15265537228446166, 0.14604362338180257, 0.1548162998964899], 'X_relative_errors': [0.9999935515065276, 1.0006362052009787, 1.0006332341315376], 'Sparsity': [1.0, 1.0, 1.0], 'converged': [0, 0, 0], 'iterations': [150, 150, 150], 'primal_residual': [array(0.04463196), array(0.04262399), array(0.05496503)], 'dual_residual': [array(0.02211375), array(0.02241314), array(0.02102038)], 'times': [2.2745867094490677, 2.2309159578289837, 2.219250743277371]}",0,COMPLETE
17,17,0.998396831908929,0.11848904380204561,2024-05-20 08:45:44.710428,2024-05-20 08:45:47.203747,0 days 00:00:02.493319,0.06062699265614271,3.840420525640088e-05,71.9465937877517,0.02549976148759706,0.0022170281723200105,"{'AUC_ROCs': [0.9982132086471408, 0.9981428520302958, 0.9988344350493504], 'S_relative_errors': [0.11973517361969653, 0.11418728805204777, 0.12154466973439254], 'X_relative_errors': [1.0204965595506634, 1.021323647535328, 1.0210083390329006], 'Sparsity': [1.0, 1.0, 1.0], 'converged': [0, 0, 0], 'iterations': [150, 150, 150], 'primal_residual': [array(0.44169633), array(0.43470575), array(0.44809898)], 'dual_residual': [array(0.12952731), array(0.12762753), array(0.13145407)], 'times': [2.1745436110068113, 2.1902871537022293, 2.18802893278189]}",0,COMPLETE
18,18,0.9984169539160068,0.10437229902777695,2024-05-20 08:45:47.215971,2024-05-20 08:45:49.677892,0 days 00:00:02.461921,0.09406931994262933,0.00032878392816148845,23.55699619171462,0.03134673928543702,0.3664232503035691,"{'AUC_ROCs': [0.998511871945263, 0.9983283421263002, 0.9984106476764573], 'S_relative_errors': [0.10539267695041063, 0.09910832674232861, 0.10861589339059162], 'X_relative_errors': [0.9989784177628056, 0.9992000919674935, 0.9993258020087454], 'Sparsity': [1.0, 1.0, 1.0], 'converged': [0, 0, 0], 'iterations': [150, 150, 150], 'primal_residual': [array(0.01249066), array(0.01033342), array(0.0103885)], 'dual_residual': [array(0.00451039), array(0.0051647), array(0.00517233)], 'times': [2.121742602204904, 2.146474921144545, 2.164693064754829]}",0,COMPLETE
19,19,0.9986100859938113,0.28455864608664816,2024-05-20 08:45:49.685231,2024-05-20 08:45:52.186643,0 days 00:00:02.501412,0.001375131809944705,0.04679768297535988,0.0013397154719247534,0.23677240553390508,0.6230542129463374,"{'AUC_ROCs': [0.9983018574225443, 0.9985116500111273, 0.9990167505477624], 'S_relative_errors': [0.2862310164135168, 0.28676872473893805, 0.2806761971074897], 'X_relative_errors': [1.7798483431947016, 1.8597548696671022, 1.72411043226728], 'Sparsity': [1.0, 1.0, 1.0], 'converged': [0, 0, 0], 'iterations': [150, 150, 150], 'primal_residual': [array(0.0258679), array(0.02800918), array(0.0262725)], 'dual_residual': [array(0.07755162), array(0.07760529), array(0.0796996)], 'times': [2.2251070914790034, 2.1927993814460933, 2.2249052869156003]}",0,COMPLETE
20,20,0.9980952821805064,0.13552222610741813,2024-05-20 08:45:52.200376,2024-05-20 08:45:54.647019,0 days 00:00:02.446643,0.0014613724474670025,0.02420758682111254,0.0014164969647197448,2.1722335531729757,17.922834959507906,"{'AUC_ROCs': [0.9980677412194268, 0.9976113007406724, 0.9986068045814201], 'S_relative_errors': [0.13880338044710372, 0.13030871480026415, 0.13745458307488642], 'X_relative_errors': [0.9991032951464586, 0.9992082311527429, 0.9992872649270712], 'Sparsity': [1.0, 1.0, 1.0], 'converged': [0, 0, 0], 'iterations': [150, 150, 150], 'primal_residual': [array(0.03501702), array(0.03619327), array(0.03653594)], 'dual_residual': [array(0.00786382), array(0.00767354), array(0.00779556)], 'times': [2.1560705944430083, 2.144698624731973, 2.1287439537700266]}",0,COMPLETE
21,21,0.9485149005663477,0.8368450571363097,2024-05-20 08:45:54.652164,2024-05-20 08:45:57.206765,0 days 00:00:02.554601,0.00033961991480993217,0.09253524437906108,0.021246976011290802,0.2911579135122089,0.3450130364595043,"{'AUC_ROCs': [0.9486726356945319, 0.947660229696138, 0.9492118363083734], 'S_relative_errors': [0.8367282263984016, 0.8370974029763977, 0.8367095420341301], 'X_relative_errors': [5.363613608223815, 5.574871806324415, 5.282533622175009], 'Sparsity': [1.0, 1.0, 1.0], 'converged': [0, 0, 0], 'iterations': [150, 150, 150], 'primal_residual': [array(0.05603772), array(0.05699551), array(0.0564835)], 'dual_residual': [array(0.02707807), array(0.02693145), array(0.02715068)], 'times': [2.2537436957936734, 2.2424215390346944, 2.259639202384278]}",0,COMPLETE
22,22,0.9413500444791058,0.8461949602405433,2024-05-20 08:45:57.218496,2024-05-20 08:45:59.728478,0 days 00:00:02.509982,0.004234293878458284,6.245708610625205,0.27448550440667313,0.7379401905462498,0.008110431391797046,"{'AUC_ROCs': [0.9409401796436068, 0.942129518189215, 0.9409804356044958], 'S_relative_errors': [0.8455468600633672, 0.845977098668561, 0.8470609219897018], 'X_relative_errors': [5.36713778510587, 5.5944064319730495, 5.231864243733988], 'Sparsity': [1.0, 1.0, 1.0], 'converged': [0, 0, 0], 'iterations': [150, 150, 150], 'primal_residual': [array(0.00995685), array(0.01125863), array(0.00956938)], 'dual_residual': [array(0.01283202), array(0.01235265), array(0.01246839)], 'times': [2.18718216358684, 2.2213293346576393, 2.2251986153423786]}",0,COMPLETE
23,23,0.9465109675312181,0.8375119663038285,2024-05-20 08:45:59.743903,2024-05-20 08:46:02.229054,0 days 00:00:02.485151,0.015812831727171066,8.699807242563974,0.05779489926347803,69.17919683960976,12.968725949597134,"{'AUC_ROCs': [0.9463396809034708, 0.9466082948907271, 0.9465849267994563], 'S_relative_errors': [0.8371768424230751, 0.8365258124151019, 0.8388332440733083], 'X_relative_errors': [0.9978129220956012, 0.9976313981859127, 0.9975985787283997], 'Sparsity': [1.0, 1.0, 1.0], 'converged': [0, 0, 0], 'iterations': [150, 150, 150], 'primal_residual': [array(0.05985764), array(0.05819841), array(0.06712437)], 'dual_residual': [array(0.01095517), array(0.0145938), array(0.00799806)], 'times': [2.1657500818837434, 2.147451091790572, 2.1693969985935837]}",0,COMPLETE
24,24,0.9979464139363201,0.14686367488139773,2024-05-20 08:46:02.245279,2024-05-20 08:46:04.640905,0 days 00:00:02.395626,0.004261010549194346,0.0037863339268165157,1.5232888150419919,0.3049428550203737,12.0272529217522,"{'AUC_ROCs': [0.9975923324013113, 0.9980289074828939, 0.998218001924755], 'S_relative_errors': [0.14870682162935828, 0.14205840144542348, 0.14982580156941147], 'X_relative_errors': [0.9999182614874089, 0.9999181279958684, 0.9999210033545717], 'Sparsity': [1.0, 1.0, 1.0], 'converged': [0, 0, 0], 'iterations': [150, 150, 150], 'primal_residual': [array(0.00327722), array(0.00320788), array(0.00342199)], 'dual_residual': [array(0.00115548), array(0.00115632), array(0.00119778)], 'times': [2.085702034411952, 2.1102799584623426, 2.0956393231172115]}",0,COMPLETE
25,25,0.9980383596759813,0.14112373900294453,2024-05-20 08:46:04.654903,2024-05-20 08:46:07.060608,0 days 00:00:02.405705,0.007799971766733606,0.008906538230291066,3.164384295561352,0.04652532186295292,89.31887539001198,"{'AUC_ROCs': [0.9974393218794522, 0.9986393237041529, 0.9980364334443392], 'S_relative_errors': [0.14372969350389933, 0.13569926006346078, 0.1439422634414735], 'X_relative_errors': [1.0000839805353907, 1.0000724398012035, 1.0001052219258728], 'Sparsity': [1.0, 1.0, 1.0], 'converged': [0, 0, 0], 'iterations': [150, 150, 150], 'primal_residual': [array(0.00491297), array(0.00516072), array(0.00516284)], 'dual_residual': [array(0.00186373), array(0.00186971), array(0.00188404)], 'times': [2.087415255373344, 2.110789271304384, 2.115231395699084]}",0,COMPLETE
26,26,0.9744245521865104,0.7130450048197705,2024-05-20 08:46:07.078806,2024-05-20 08:46:09.619516,0 days 00:00:02.540710,0.0005107088608293962,0.11195713232438323,1.1063568976518583,0.0020246115458737615,0.4689756815129096,"{'AUC_ROCs': [0.9765251485375148, 0.9742265117112279, 0.9725219963107887], 'S_relative_errors': [0.7024801053261801, 0.7192735663936575, 0.7173813427394737], 'X_relative_errors': [4.3474809621245765, 4.709301436365687, 4.462821506203447], 'Sparsity': [1.0, 1.0, 1.0], 'converged': [0, 0, 0], 'iterations': [150, 150, 150], 'primal_residual': [array(0.02492006), array(0.02635569), array(0.02648592)], 'dual_residual': [array(0.01404723), array(0.01446001), array(0.01502278)], 'times': [2.207729272544384, 2.22487110667862, 2.235014485195279]}",0,COMPLETE
