,number,values_0,values_1,datetime_start,datetime_complete,duration,params_lda1,params_psi_2,params_psi_3,params_rho,user_attrs_metrics,system_attrs_nsga2:generation,state
110,110,0.9997303427672509,4.747320621347339e-06,2024-05-20 08:44:55.855820,2024-05-20 08:44:56.796796,0 days 00:00:00.940976,0.05423791459923963,0.1490225349167117,3.7477578125807636,1.1538654800341535,"{'AUC_ROCs': [0.9996386630532972, 0.9998196496390468, 0.9997327156094085], 'S_relative_errors': [4.628122261372572e-06, 3.7869618464207727e-06, 5.826877756248671e-06], 'X_relative_errors': [6.585088553465561e-05, 4.074356294274061e-05, 8.696021770585033e-05], 'Sparsity': [0.04515102040816327, 0.04528979591836735, 0.04578775510204082], 'converged': [1, 1, 1], 'iterations': [50, 63, 50], 'primal_residual': [0.0006573706229163468, 0.0005637022951597284, 0.0008910329144253676], 'dual_residual': [0.0006573706229163468, 0.0005637022951597284, 0.0008910329144253676], 'times': [0.5284800936933607, 0.6592312268912792, 0.5298865120857954]}",2,COMPLETE
111,111,0.9984549799802914,3.9072599438970026e+139,2024-05-20 08:44:56.842726,2024-05-20 08:44:58.829761,0 days 00:00:01.987035,0.005408342490162125,0.05070386188197575,0.1805681821636336,10.040260745348638,"{'AUC_ROCs': [0.9988867121091166, 0.9980312142898363, 0.9984470135419213], 'S_relative_errors': [3.914514140947438e+139, 3.936297029446278e+139, 3.8709686612972916e+139], 'X_relative_errors': [2.541064532894943e+140, 2.6623587504597415e+140, 2.485873198558642e+140], 'Sparsity': [1.0, 1.0, 1.0], 'converged': [0, 0, 0], 'iterations': [150, 150, 150], 'primal_residual': [3.497759423282092e+142, 3.4977565381352813e+142, 3.4977742303413215e+142], 'dual_residual': [3.497759423282092e+142, 3.4977565381352813e+142, 3.4977742303413215e+142], 'times': [1.5890518184751272, 1.5891703800298274, 1.6987225846387446]}",2,COMPLETE
112,112,0.9958649586901097,0.03500844325984568,2024-05-20 08:44:58.865882,2024-05-20 08:45:00.589577,0 days 00:00:01.723695,0.17115789990568656,10.216621301237177,1.6069258783862503,0.007894035371795324,"{'AUC_ROCs': [0.9951210491514709, 0.9965732059053795, 0.995900621013479], 'S_relative_errors': [0.0361217684422101, 0.03291786620206897, 0.03598569513525797], 'X_relative_errors': [0.7651451389564157, 0.7641123646686854, 0.7645211870512965], 'Sparsity': [0.04491428571428571, 0.04502857142857143, 0.04564081632653061], 'converged': [0, 0, 0], 'iterations': [150, 150, 150], 'primal_residual': [9.00839348530334, 8.60343660299671, 9.197232252034867], 'dual_residual': [9.00839348530334, 8.60343660299671, 9.197232252034867], 'times': [1.4152806249912828, 1.463237312156707, 1.4424985204823315]}",2,COMPLETE
113,113,0.5,0.9999999999999999,2024-05-20 08:45:00.611570,2024-05-20 08:45:02.321817,0 days 00:00:01.710247,12.466439787648527,14.326838948137306,0.15266882176814706,0.0002548793768137016,"{'AUC_ROCs': [0.5, 0.5, 0.5], 'S_relative_errors': [0.9999999999999998, 0.9999999999999998, 1.0], 'X_relative_errors': [1.787843185279884, 1.8516601904840002, 1.7917130976550035], 'Sparsity': [0.0, 0.0, 0.0], 'converged': [0, 0, 0], 'iterations': [150, 150, 150], 'primal_residual': [60.626645820958025, 60.23537427918994, 61.74883773836862], 'dual_residual': [60.626645820958025, 60.23537427918994, 61.74883773836862], 'times': [1.4642983784433454, 1.4265648766886443, 1.40299351233989]}",2,COMPLETE
114,114,0.9982148137368058,0.15253591981284828,2024-05-20 08:45:02.341470,2024-05-20 08:45:04.110150,0 days 00:00:01.768680,0.004219362776642754,0.0595715220550039,0.22463813939540794,0.0251710310196065,"{'AUC_ROCs': [0.9984241319265242, 0.9976869457124364, 0.9985333635714566], 'S_relative_errors': [0.15404680243014882, 0.14784582124939485, 0.15571513575900117], 'X_relative_errors': [0.9999905117734897, 0.9999877447916854, 0.9999900884832109], 'Sparsity': [0.9469632653061224, 0.936538775510204, 0.9409306122448979], 'converged': [0, 0, 0], 'iterations': [150, 150, 150], 'primal_residual': [0.06117170349577035, 0.06629506899577607, 0.06350520132952023], 'dual_residual': [0.06117170349577035, 0.06629506899577607, 0.06350520132952023], 'times': [1.4467354172375053, 1.4525284743867815, 1.5056776138953865]}",2,COMPLETE
115,115,0.998039428450253,inf,2024-05-20 08:45:04.151150,2024-05-20 08:45:06.021006,0 days 00:00:01.869856,1.0654016989283448,0.49037098159475906,0.12968651311536245,56.929073453296766,"{'AUC_ROCs': [0.9987264266663671, 0.9980414406711114, 0.9973504180132804], 'S_relative_errors': [inf, inf, inf], 'X_relative_errors': [inf, inf, inf], 'Sparsity': [1.0, 1.0, 1.0], 'converged': [0, 0, 0], 'iterations': [150, 150, 150], 'primal_residual': [inf, inf, inf], 'dual_residual': [inf, inf, inf], 'times': [1.5586526086553931, 1.5508962471503764, 1.5799120792653412]}",2,COMPLETE
116,116,0.998339708685016,0.1525392514587507,2024-05-20 08:45:06.057111,2024-05-20 08:45:06.463585,0 days 00:00:00.406474,0.000174197207550105,21.786358414748225,65.20387686204961,0.40548179950614455,"{'AUC_ROCs': [0.9981352554487941, 0.9981152230792951, 0.9987686475269586], 'S_relative_errors': [0.15404979467538896, 0.147849641324961, 0.15571831837590208], 'X_relative_errors': [0.9999975878682897, 0.9999976724499439, 0.9999977481884779], 'Sparsity': [0.9982938775510204, 0.9981714285714286, 0.9986122448979592], 'converged': [1, 1, 1], 'iterations': [16, 16, 16], 'primal_residual': [0.0006006869490999753, 0.0006459715552555818, 0.0006020154328684311], 'dual_residual': [0.0006006869490999753, 0.0006459715552555818, 0.0006020154328684311], 'times': [0.16449412982910872, 0.16569788032211363, 0.1620586379431188]}",2,COMPLETE
117,117,0.9983631625620727,0.14515063194619368,2024-05-20 08:45:06.517587,2024-05-20 08:45:08.265554,0 days 00:00:01.747967,0.15633530158438064,0.00661128895171585,0.0015279197173453476,0.06024641081536892,"{'AUC_ROCs': [0.9985677569139789, 0.9979714100114574, 0.9985503207607817], 'S_relative_errors': [0.14693570440215553, 0.13994266989007242, 0.14857352154635303], 'X_relative_errors': [0.98015047029131, 0.9770524069724857, 0.9802445318855062], 'Sparsity': [0.3392734693877551, 0.3565469387755102, 0.3787510204081633], 'converged': [0, 0, 0], 'iterations': [150, 150, 150], 'primal_residual': [2.776789015209517, 2.8473387070361755, 2.8230166555510094], 'dual_residual': [2.776789015209517, 2.8473387070361755, 2.8230166555510094], 'times': [1.4409468504600227, 1.4566865304950625, 1.4564441146794707]}",2,COMPLETE
118,118,0.5,0.9999999999999997,2024-05-20 08:45:08.291055,2024-05-20 08:45:09.936334,0 days 00:00:01.645279,0.5031188433812601,0.006946355652268715,0.0011887778264348915,0.00010111015314906164,"{'AUC_ROCs': [0.5, 0.5, 0.5], 'S_relative_errors': [0.9999999999999998, 0.9999999999999998, 0.9999999999999996], 'X_relative_errors': [1.7896651095750102, 1.8504342727512602, 1.7733584212334965], 'Sparsity': [0.0, 0.0, 0.0], 'converged': [0, 0, 0], 'iterations': [150, 150, 150], 'primal_residual': [60.60221250733046, 60.250979533246166, 61.166341729106435], 'dual_residual': [60.60221250733046, 60.250979533246166, 61.166341729106435], 'times': [1.3769388722721487, 1.4030126258730888, 1.3999290626961738]}",2,COMPLETE
119,119,0.9984982365918449,9.438492854475079e+100,2024-05-20 08:45:09.958997,2024-05-20 08:45:11.825281,0 days 00:00:01.866284,0.017313237746777257,0.0013302294000579623,0.0024908843387381864,5.945510983245233,"{'AUC_ROCs': [0.9987285659886908, 0.9984897677268226, 0.9982763760600214], 'S_relative_errors': [9.45475564815166e+100, 9.501961454278579e+100, 9.358761460994999e+100], 'X_relative_errors': [6.137452409072529e+101, 6.426758457272311e+101, 6.010044596897926e+101], 'Sparsity': [1.0, 1.0, 1.0], 'converged': [0, 0, 0], 'iterations': [150, 150, 150], 'primal_residual': [5.143805286426924e+103, 5.140128457912873e+103, 5.148007356947004e+103], 'dual_residual': [5.143805286426924e+103, 5.140128457912873e+103, 5.148007356947004e+103], 'times': [1.5934800659306347, 1.5932022102642804, 1.6106342773418874]}",2,COMPLETE
