,number,values_0,values_1,datetime_start,datetime_complete,duration,params_lda1,params_ldag,params_psi_1,params_psi_2,params_psi_3,user_attrs_metrics,system_attrs_nsga2:generation,state
54,54,0.9981050409310618,1.0000001613830625,2024-05-20 08:53:19.842292,2024-05-20 08:53:20.722609,0 days 00:00:00.880317,0.8618662682386488,4.572670970546043e-05,0.001664379565644951,0.006319176765226241,2.386532470729268,"{'AUC_ROCs': [0.9980738128759478, 0.9979052974796013, 0.9983360124376361], 'S_relative_errors': [1.0000001283614577, 1.0000001322803762, 1.0000002235073537], 'X_relative_errors': [6.1855231521578125, 6.4425538957485635, 6.120976342441239], 'Sparsity': [1.0, 1.0, 1.0], 'converged': [1, 1, 1], 'iterations': [38, 38, 39], 'primal_residual': [array(0.00044808), array(0.00045129), array(0.00075741)], 'dual_residual': [array(3.51245362e-05), array(3.54566841e-05), array(4.39340679e-05)], 'times': [0.5626222805585712, 0.5745203061960638, 0.5893975272774696]}",1,COMPLETE
55,55,0.998475162210935,0.08767355374855872,2024-05-20 08:53:20.742967,2024-05-20 08:53:23.237234,0 days 00:00:02.494267,0.11629397093764773,0.1856945570656079,18.686962403366525,0.09303085902750456,28.425932567297583,"{'AUC_ROCs': [0.9984360132747654, 0.9985422768824447, 0.998447196475595], 'S_relative_errors': [0.0869580515454847, 0.08724692402100002, 0.08881568567919142], 'X_relative_errors': [0.9985168394604329, 0.9985416100017909, 0.9986518185838861], 'Sparsity': [1.0, 1.0, 1.0], 'converged': [0, 0, 0], 'iterations': [150, 150, 150], 'primal_residual': [array(0.03607989), array(0.03324989), array(0.03512221)], 'dual_residual': [array(0.00325301), array(0.00276179), array(0.00311139)], 'times': [2.119157526642084, 2.1157426114659756, 2.1694996014703065]}",1,COMPLETE
56,56,0.9981733026329701,0.15225155670327206,2024-05-20 08:53:23.268270,2024-05-20 08:53:25.893907,0 days 00:00:02.625637,0.0004193550259460515,4.7758139733018477e-05,0.043065350892190706,1.4063308052468266,0.0017139972195003743,"{'AUC_ROCs': [0.9979663926364679, 0.997904901189906, 0.9986486140725362], 'S_relative_errors': [0.15376021798280867, 0.1475582060305777, 0.15543624609642978], 'X_relative_errors': [1.0001930581915326, 1.0002018570775828, 1.0001209198293426], 'Sparsity': [1.0, 1.0, 1.0], 'converged': [0, 0, 0], 'iterations': [150, 150, 150], 'primal_residual': [array(0.04981468), array(0.05012205), array(0.0506656)], 'dual_residual': [array(0.01405643), array(0.01281899), array(0.01429329)], 'times': [2.1876694592647254, 2.3450476008001715, 2.1932511699851602]}",1,COMPLETE
57,57,0.9466238803819523,0.8377491653403754,2024-05-20 08:53:25.925464,2024-05-20 08:53:27.423301,0 days 00:00:01.497837,0.004233965223646204,8.515898495987667,0.01599272458832732,1.8096177639734994,3.3997918824072606,"{'AUC_ROCs': [0.9473933967769835, 0.9465964216196999, 0.9458818227491733], 'S_relative_errors': [0.8368423405424131, 0.8369914638028197, 0.8394136916758932], 'X_relative_errors': [4.765271540544326, 4.961244751404355, 4.736332758092314], 'Sparsity': [1.0, 1.0, 1.0], 'converged': [1, 1, 1], 'iterations': [75, 75, 74], 'primal_residual': [array(0.00093943), array(0.00091625), array(0.00098552)], 'dual_residual': [array(0.00021433), array(0.00019323), array(0.00022825)], 'times': [1.104944156948477, 1.135213527828455, 1.205472905188799]}",1,COMPLETE
58,58,0.9995817142835272,0.1278622155892085,2024-05-20 08:53:27.458652,2024-05-20 08:53:30.154461,0 days 00:00:02.695809,0.5630306070778198,0.0001506784912391219,0.027530126556462278,11.970568195176128,0.1558596895295778,"{'AUC_ROCs': [0.9995659786119513, 0.9995887237694674, 0.9995904404691629], 'S_relative_errors': [0.12759950809496168, 0.12786887193221197, 0.1281182667404518], 'X_relative_errors': [0.5292196112598071, 0.5458070182914347, 0.5193607701416671], 'Sparsity': [1.0, 1.0, 1.0], 'converged': [0, 0, 0], 'iterations': [150, 150, 150], 'primal_residual': [array(0.01042687), array(0.01033207), array(0.00986843)], 'dual_residual': [array(0.00337994), array(0.00317334), array(0.00314688)], 'times': [2.232699434971437, 2.403763755224645, 2.289306268794462]}",1,COMPLETE
59,59,0.9467283779018333,0.8372599025265318,2024-05-20 08:53:30.169152,2024-05-20 08:53:32.681896,0 days 00:00:02.512744,0.00040846993490715626,4.6239867325527095,15.843517652576976,0.9089000001454726,2.386532470729268,"{'AUC_ROCs': [0.9474277894863031, 0.945758337422968, 0.9469990067962287], 'S_relative_errors': [0.8354491304827835, 0.8375577204660409, 0.8387728566307714], 'X_relative_errors': [3.6636792156178832, 3.811170684915673, 3.646379603755155], 'Sparsity': [1.0, 1.0, 1.0], 'converged': [0, 0, 0], 'iterations': [150, 150, 150], 'primal_residual': [array(0.01227333), array(0.02181511), array(0.02290215)], 'dual_residual': [array(0.00352928), array(0.00224958), array(0.00352695)], 'times': [2.270043982192874, 2.2375651793554425, 2.244004774838686]}",1,COMPLETE
60,60,0.9985171191514014,1.000000137077784,2024-05-20 08:53:32.709956,2024-05-20 08:53:33.450524,0 days 00:00:00.740568,1.8807823466174187,5.4042917573968706e-05,0.0023060986840305383,0.008398034845881695,0.0020066587868113428,"{'AUC_ROCs': [0.9985295252031972, 0.998134021729023, 0.9988878105219839], 'S_relative_errors': [1.0000001370847673, 1.0000001369503237, 1.000000137198261], 'X_relative_errors': [6.483837644603167, 6.766486514826205, 6.420311280419644], 'Sparsity': [1.0, 1.0, 1.0], 'converged': [1, 1, 1], 'iterations': [31, 31, 31], 'primal_residual': [array(0.00046143), array(0.00045888), array(0.00046616)], 'dual_residual': [array(5.91771451e-07), array(5.88582488e-07), array(5.97653253e-07)], 'times': [0.4650520239956677, 0.466832937207073, 0.4666723639238626]}",1,COMPLETE
61,61,0.6748196351230646,0.988328089065639,2024-05-20 08:53:33.490223,2024-05-20 08:53:35.612172,0 days 00:00:02.121949,1.1965696523705864,9.10163384649295,0.0017203851317881544,11.11717217815633,2.2846596189222046,"{'AUC_ROCs': [0.6751963965471028, 0.6723271129343521, 0.6769353958877388], 'S_relative_errors': [0.9883666319335549, 0.988099806842131, 0.9885178284212311], 'X_relative_errors': [4.72089066041121, 4.905218376446957, 4.689758744132261], 'Sparsity': [1.0, 1.0, 1.0], 'converged': [1, 1, 1], 'iterations': [119, 119, 119], 'primal_residual': [array(0.00078971), array(0.00080684), array(0.00087573)], 'dual_residual': [array(0.00011283), array(0.00011769), array(0.00011558)], 'times': [1.788276688894257, 1.8253092698287219, 1.7804784681648016]}",1,COMPLETE
62,62,0.923209304795821,0.9180227017861907,2024-05-20 08:53:35.627135,2024-05-20 08:53:38.332598,0 days 00:00:02.705463,0.12293819312579067,0.1999512409944597,0.034290301613853824,2.471704574502063,0.1503726987886846,"{'AUC_ROCs': [0.9298186766371899, 0.9130718307068925, 0.9267374070433805], 'S_relative_errors': [0.9109440040174706, 0.9241924695669295, 0.9189316317741721], 'X_relative_errors': [5.568740618529574, 5.900927043960903, 5.548451391997804], 'Sparsity': [1.0, 1.0, 1.0], 'converged': [0, 0, 0], 'iterations': [150, 150, 150], 'primal_residual': [array(0.00292133), array(0.00273519), array(0.00283225)], 'dual_residual': [array(0.00074507), array(0.00068697), array(0.00088721)], 'times': [2.308856905438006, 2.2532804207876325, 2.4208864339161664]}",1,COMPLETE
63,63,0.9982571661582469,0.14814750033938293,2024-05-20 08:53:38.371486,2024-05-20 08:53:41.073971,0 days 00:00:02.702485,0.006383503346160672,7.427698035981899e-05,0.39476325357197833,1.8096177639734994,0.0014951903165442168,"{'AUC_ROCs': [0.9986759278470682, 0.9976815171604039, 0.9984140534672687], 'S_relative_errors': [0.14959096164085828, 0.1435022862702136, 0.15134925310707686], 'X_relative_errors': [0.9995866126239537, 0.9996578658404006, 0.9996525517328126], 'Sparsity': [1.0, 1.0, 1.0], 'converged': [0, 0, 0], 'iterations': [150, 150, 150], 'primal_residual': [array(0.00942759), array(0.0088024), array(0.00916913)], 'dual_residual': [array(0.0032126), array(0.0033613), array(0.00326037)], 'times': [2.165449295891449, 2.457291536265984, 2.178964343620464]}",1,COMPLETE
64,64,0.9983360055635456,0.1524656729366772,2024-05-20 08:53:41.091830,2024-05-20 08:53:43.479903,0 days 00:00:02.388073,0.00026916954095032884,0.0002419031252826253,12.184132844943496,6.035609987744373,0.12002633936367328,"{'AUC_ROCs': [0.9985564285458041, 0.9982668617121281, 0.9981847264327046], 'S_relative_errors': [0.15367980621699479, 0.1474917940017897, 0.15622541859124708], 'X_relative_errors': [0.9997415502939359, 0.9997640817946818, 0.9997415533546457], 'Sparsity': [1.0, 1.0, 1.0], 'converged': [0, 0, 0], 'iterations': [150, 150, 150], 'primal_residual': [array(0.00679704), array(0.0067862), array(0.00673579)], 'dual_residual': [array(0.00139795), array(0.00135886), array(0.00136402)], 'times': [2.0848114653490484, 2.1024061033967882, 2.084489243803546]}",1,COMPLETE
65,65,0.9981851271466176,0.151094332675391,2024-05-20 08:53:43.493786,2024-05-20 08:53:45.881236,0 days 00:00:02.387450,0.0012492421042846298,0.0010236199063508907,11.710831531533154,10.48135625473465,1.2071981930919613,"{'AUC_ROCs': [0.9982479429006376, 0.9977591513911059, 0.9985482871481094], 'S_relative_errors': [0.15260592978678963, 0.146434390823642, 0.15424267741574138], 'X_relative_errors': [1.0001110631913634, 1.000112220804061, 1.0001048263352599], 'Sparsity': [1.0, 1.0, 1.0], 'converged': [0, 0, 0], 'iterations': [150, 150, 150], 'primal_residual': [array(0.00334799), array(0.00332961), array(0.00338066)], 'dual_residual': [array(0.0007288), array(0.0007121), array(0.00072493)], 'times': [2.0625827584881335, 2.0923712111543864, 2.088221485260874]}",1,COMPLETE
66,66,0.9463076506934366,0.8381510977849665,2024-05-20 08:53:45.918092,2024-05-20 08:53:48.492316,0 days 00:00:02.574224,0.0004398330196443626,22.55410172627153,11.710831531533154,0.008398034845881695,12.059646030588773,"{'AUC_ROCs': [0.9466491056879676, 0.9452385018260359, 0.9470353445663066], 'S_relative_errors': [0.8372220789530683, 0.8382770927188932, 0.838954121682938], 'X_relative_errors': [2.9021118929096215, 3.0118216787394165, 2.91146466187126], 'Sparsity': [1.0, 1.0, 1.0], 'converged': [0, 0, 0], 'iterations': [150, 150, 150], 'primal_residual': [array(0.026996), array(0.02007486), array(0.02322151)], 'dual_residual': [array(0.00107572), array(0.00106508), array(0.00092338)], 'times': [2.2837445330806077, 2.228097405284643, 2.2392195395659655]}",1,COMPLETE
67,67,0.8344217477562671,1.0000001026909997,2024-05-20 08:53:48.531290,2024-05-20 08:53:49.542998,0 days 00:00:01.011708,0.5773509022582369,3.7118501931707137,0.39476325357197833,1.8096177639734994,0.02288530871145559,"{'AUC_ROCs': [0.943167940161996, 0.6227864001208254, 0.9373109029859801], 'S_relative_errors': [1.0000001733615924, 1.0000000416865764, 1.0000000930248305], 'X_relative_errors': [6.218462383759305, 6.46392801556171, 6.155363800236128], 'Sparsity': [1.0, 1.0, 1.0], 'converged': [1, 1, 1], 'iterations': [44, 46, 40], 'primal_residual': [array(0.00086929), array(0.00078641), array(0.00050152)], 'dual_residual': [array(3.10155151e-05), array(0.0002074), array(3.41119289e-05)], 'times': [0.6597707737237215, 0.6884183108340949, 0.6030631775502115]}",1,COMPLETE
68,68,0.9939029827010472,0.9999998865369166,2024-05-20 08:53:49.581038,2024-05-20 08:53:50.443979,0 days 00:00:00.862941,1.2021296803648658,0.011292589222908711,0.7703539318650411,0.15427141933055324,2.0493655320105644,"{'AUC_ROCs': [0.9986321636453374, 0.9842168713573333, 0.998859913100471], 'S_relative_errors': [0.9999998397727976, 0.9999999783533233, 0.9999998414846287], 'X_relative_errors': [6.135137691965118, 6.447805609052642, 6.046895258032869], 'Sparsity': [1.0, 1.0, 1.0], 'converged': [1, 1, 1], 'iterations': [35, 36, 35], 'primal_residual': [array(0.00054081), array(9.21701938e-05), array(0.0005364)], 'dual_residual': [array(3.3333778e-06), array(1.59692413e-05), array(3.29428519e-06)], 'times': [0.5232392481993884, 0.5442266522441059, 0.5250135373789817]}",1,COMPLETE
69,69,0.9983310085488476,0.13486932507035979,2024-05-20 08:53:50.479911,2024-05-20 08:53:53.058290,0 days 00:00:02.578379,0.028044471386177598,3.6472849286515584e-05,9.119713080016645,0.15048724716433645,0.0019218629786881952,"{'AUC_ROCs': [0.9980488314608278, 0.9982952218680673, 0.9986489723176473], 'S_relative_errors': [0.13579412093988222, 0.12994281741853814, 0.13887103685265897], 'X_relative_errors': [0.998044474758553, 0.9984117028995904, 0.9981433779780614], 'Sparsity': [1.0, 1.0, 1.0], 'converged': [0, 0, 0], 'iterations': [150, 150, 150], 'primal_residual': [array(0.04606658), array(0.0457404), array(0.04428075)], 'dual_residual': [array(0.00906478), array(0.00897875), array(0.00978602)], 'times': [2.2770227279979736, 2.1646742958109826, 2.2309074765071273]}",1,COMPLETE
70,70,0.9975477926614782,0.1841293128465669,2024-05-20 08:53:53.098622,2024-05-20 08:53:55.646485,0 days 00:00:02.547863,0.8404428569160095,2.483989991320557e-05,0.004414506908809695,84.5826598105957,0.27052669323916173,"{'AUC_ROCs': [0.9973667536922637, 0.9973811542519015, 0.9978954700402694], 'S_relative_errors': [0.18368184498128642, 0.18497917224286242, 0.18372692131555188], 'X_relative_errors': [0.9891106141519819, 0.9901477516874325, 0.9904366648693343], 'Sparsity': [1.0, 1.0, 1.0], 'converged': [0, 0, 0], 'iterations': [150, 150, 150], 'primal_residual': [array(0.03508573), array(0.02986768), array(0.03155057)], 'dual_residual': [array(0.0067149), array(0.00748977), array(0.00764271)], 'times': [2.2211572602391243, 2.238534321077168, 2.1795173424761742]}",1,COMPLETE
71,71,0.8966204142430015,0.999999938176515,2024-05-20 08:53:55.694501,2024-05-20 08:53:58.121964,0 days 00:00:02.427463,0.017030479380710787,22.55410172627153,0.004414506908809695,0.019176756497339627,0.009981237793532481,"{'AUC_ROCs': [0.9430760342953564, 0.8466137697022573, 0.9001714387313906], 'S_relative_errors': [0.9999996969753596, 0.9999999888870876, 1.000000128667098], 'X_relative_errors': [6.45625246424553, 6.759235952112517, 6.417766472893595], 'Sparsity': [1.0, 1.0, 1.0], 'converged': [1, 1, 1], 'iterations': [142, 148, 132], 'primal_residual': [array(0.00089174), array(0.00034824), array(0.00060345)], 'dual_residual': [array(1.24745218e-05), array(9.46848248e-06), array(1.08839817e-05)], 'times': [2.1128784210886806, 2.1905928323976696, 1.9920641337521374]}",1,COMPLETE
72,72,0.8270712442133442,0.9977305388269145,2024-05-20 08:53:58.141343,2024-05-20 08:54:00.862386,0 days 00:00:02.721043,0.010322012144542718,0.026173706161950406,0.05632376641504024,0.00181625102309936,0.01403370275285099,"{'AUC_ROCs': [0.8346804244400042, 0.8324647889088539, 0.8140685192911743], 'S_relative_errors': [0.997501681199567, 0.9977805068774368, 0.99790942840374], 'X_relative_errors': [6.467435833818771, 6.740472214814473, 6.4737872380797805], 'Sparsity': [1.0, 1.0, 1.0], 'converged': [0, 0, 0], 'iterations': [150, 150, 150], 'primal_residual': [array(0.00598234), array(0.00654813), array(0.0063584)], 'dual_residual': [array(0.00210396), array(0.00217081), array(0.00215666)], 'times': [2.2425670181401074, 2.486404675990343, 2.4198505936656147]}",1,COMPLETE
73,73,0.9469218479613115,0.8377898816495115,2024-05-20 08:54:00.880674,2024-05-20 08:54:03.389169,0 days 00:00:02.508495,0.0714233103361511,22.768053697958475,0.7703539318650411,0.01118275731128033,69.59131045468345,"{'AUC_ROCs': [0.94670677162321, 0.9468487687205922, 0.9472100035401324], 'S_relative_errors': [0.8372749641490337, 0.8369364016093915, 0.8391582791901092], 'X_relative_errors': [0.9968555373730594, 0.99670364183801, 0.9968996545573374], 'Sparsity': [1.0, 1.0, 1.0], 'converged': [0, 0, 0], 'iterations': [150, 150, 150], 'primal_residual': [array(0.08187694), array(0.08106444), array(0.08188724)], 'dual_residual': [array(0.00253113), array(0.00260803), array(0.00254896)], 'times': [2.219047275837511, 2.1949278539977968, 2.2470614444464445]}",1,COMPLETE
74,74,0.7390893851487972,0.9999999999765398,2024-05-20 08:54:03.432015,2024-05-20 08:54:04.608677,0 days 00:00:01.176662,5.692421201056281,0.0008932736737130889,2.981248413247504,0.01157939154399811,8.650317112551543,"{'AUC_ROCs': [0.735815336477365, 0.7234535135803813, 0.7579993053886456], 'S_relative_errors': [0.9999999999872792, 0.9999999999843986, 0.9999999999579416], 'X_relative_errors': [5.11034226729938, 5.313047631729031, 5.066419022013868], 'Sparsity': [1.0, 1.0, 1.0], 'converged': [1, 1, 1], 'iterations': [55, 55, 52], 'primal_residual': [array(0.0009165), array(0.00090826), array(0.00096912)], 'dual_residual': [array(2.24840898e-05), array(2.22892385e-05), array(2.41838874e-05)], 'times': [0.8059534686617553, 0.889628165634349, 0.779375804355368]}",1,COMPLETE
75,75,0.9978082349866056,0.15186990434121625,2024-05-20 08:54:04.653205,2024-05-20 08:54:07.120499,0 days 00:00:02.467294,0.0010837902401364173,0.0005373634367644973,0.010385607960675121,0.20572510802753483,48.30520044200281,"{'AUC_ROCs': [0.9975509316702096, 0.9974909705772468, 0.9983828027123604], 'S_relative_errors': [0.15319107992619244, 0.14695574265103287, 0.1554628904464234], 'X_relative_errors': [1.0007670691837738, 1.0008437378703543, 1.0007553094785369], 'Sparsity': [1.0, 1.0, 1.0], 'converged': [0, 0, 0], 'iterations': [150, 150, 150], 'primal_residual': [array(0.03415797), array(0.03348553), array(0.03445521)], 'dual_residual': [array(0.00848997), array(0.00831558), array(0.00908462)], 'times': [2.165638064732775, 2.1548532324377447, 2.162786248838529]}",1,COMPLETE
76,76,0.9974678606487953,0.999999931140365,2024-05-20 08:54:07.143179,2024-05-20 08:54:07.889791,0 days 00:00:00.746612,2.576292147181394,0.0003134604145411859,1.0813593368235814,0.20572510802753483,0.5662778140143827,"{'AUC_ROCs': [0.9977786883413229, 0.997182543716478, 0.997442349888585], 'S_relative_errors': [0.9999999310927087, 0.9999999304638663, 0.9999999318645203], 'X_relative_errors': [6.287821086315683, 6.549859721887671, 6.197553147249159], 'Sparsity': [1.0, 1.0, 1.0], 'converged': [1, 1, 1], 'iterations': [32, 32, 32], 'primal_residual': [array(0.00029717), array(0.00029785), array(0.00029597)], 'dual_residual': [array(7.00591571e-06), array(7.03823933e-06), array(6.96427816e-06)], 'times': [0.48077309504151344, 0.4812801876105368, 0.47909108945168555]}",1,COMPLETE
77,77,0.9989554084203461,0.1156645019656989,2024-05-20 08:54:07.932756,2024-05-20 08:54:10.441676,0 days 00:00:02.508920,0.0004193550259460515,0.3362549267898791,16.245197933628972,0.002142106884847124,0.008090569502959048,"{'AUC_ROCs': [0.9987412551821124, 0.9988668057612659, 0.9992581643176601], 'S_relative_errors': [0.1127689780819825, 0.11303066664613237, 0.12119386116898186], 'X_relative_errors': [0.801327718953328, 0.8272527691817371, 0.839662060310929], 'Sparsity': [1.0, 1.0, 1.0], 'converged': [0, 0, 0], 'iterations': [150, 150, 150], 'primal_residual': [array(0.24384947), array(0.23666518), array(0.24432278)], 'dual_residual': [array(0.09760501), array(0.10825012), array(0.09654958)], 'times': [2.222527722362429, 2.221496404381469, 2.2226170559879392]}",1,COMPLETE
78,78,0.9200250304891248,0.9511238453889147,2024-05-20 08:54:10.482590,2024-05-20 08:54:13.180188,0 days 00:00:02.697598,0.028044471386177598,22.768053697958475,0.7035496231263361,0.01118275731128033,0.15474168353801537,"{'AUC_ROCs': [0.9189615945689943, 0.918267040582185, 0.9228464563161948], 'S_relative_errors': [0.9518284789359919, 0.9490920084173815, 0.9524510488133706], 'X_relative_errors': [6.093107563424145, 6.32934341541192, 6.03333083197902], 'Sparsity': [1.0, 1.0, 1.0], 'converged': [0, 0, 0], 'iterations': [150, 150, 150], 'primal_residual': [array(0.01662471), array(0.01490126), array(0.01687023)], 'dual_residual': [array(0.01153075), array(0.01246901), array(0.01244682)], 'times': [2.2949935030192137, 2.2654917021282017, 2.4580826272722334]}",1,COMPLETE
79,79,0.9986872784199569,0.08687880094253879,2024-05-20 08:54:13.221406,2024-05-20 08:54:15.760571,0 days 00:00:02.539165,0.11629397093764773,0.04212041549547056,0.3089604126070666,47.15889394748374,41.08332436031621,"{'AUC_ROCs': [0.9986977303991253, 0.9985585062561537, 0.9988055986045917], 'S_relative_errors': [0.08492198301674724, 0.0875121907191288, 0.08820222909174029], 'X_relative_errors': [0.9996112440764848, 0.999622346358734, 0.9996446415766681], 'Sparsity': [1.0, 1.0, 1.0], 'converged': [0, 0, 0], 'iterations': [150, 150, 150], 'primal_residual': [array(0.0133861), array(0.01247897), array(0.01326973)], 'dual_residual': [array(0.00148067), array(0.0013599), array(0.00153329)], 'times': [2.132424965966493, 2.1290846532210708, 2.242985342396423]}",1,COMPLETE
80,80,0.9984406978949624,0.15416207528676515,2024-05-20 08:54:15.807366,2024-05-20 08:54:18.394665,0 days 00:00:02.587299,0.0012492421042846298,5.4042917573968706e-05,0.0023060986840305383,0.004933725365704404,85.62616219806412,"{'AUC_ROCs': [0.9982500111696566, 0.9982985201702396, 0.9987735623449912], 'S_relative_errors': [0.1559333438690994, 0.14935177755737988, 0.1572011044338161], 'X_relative_errors': [1.0172405837455214, 1.01545632331224, 1.014620611617232], 'Sparsity': [1.0, 1.0, 1.0], 'converged': [0, 0, 0], 'iterations': [150, 150, 150], 'primal_residual': [array(0.18164071), array(0.17674105), array(0.1803574)], 'dual_residual': [array(0.18667447), array(0.18588161), array(0.18877561)], 'times': [2.1665239783469588, 2.318256787257269, 2.171442752936855]}",1,COMPLETE
