,number,values_0,values_1,datetime_start,datetime_complete,duration,params_lda1,params_ldag,params_psi_1,params_psi_2,params_psi_3,user_attrs_metrics,system_attrs_nsga2:generation,state
54,54,0.9976916239765989,0.14935947417076614,2024-05-20 08:47:11.135508,2024-05-20 08:47:13.519004,0 days 00:00:02.383496,0.00519893607900056,1.2209648981432548e-05,12.390621876375208,4.843449359176132,0.13135807081767664,"{'AUC_ROCs': [0.9975371851987772, 0.9970836772085747, 0.998454009522445], 'S_relative_errors': [0.15328817330367484, 0.14451163719312027, 0.15027861201550335], 'X_relative_errors': [0.999766534710176, 0.9997825709687074, 0.9997896487581602], 'Sparsity': [1.0, 1.0, 1.0], 'converged': [0, 0, 0], 'iterations': [150, 150, 150], 'primal_residual': [array(0.00608868), array(0.00613295), array(0.00609112)], 'dual_residual': [array(0.00122769), array(0.00123081), array(0.00124023)], 'times': [2.0584376701153815, 2.077217450365424, 2.0961502473801374]}",1,COMPLETE
55,55,0.9206539528635792,0.7970354679531138,2024-05-20 08:47:13.535965,2024-05-20 08:47:16.050323,0 days 00:00:02.514358,3.0293934062500365,0.00011473836779938222,0.6440172313878926,33.698939548638805,0.03625453698007902,"{'AUC_ROCs': [0.9250568884035639, 0.9425040690046756, 0.8944009011824979], 'S_relative_errors': [0.7882853314360543, 0.8037849847831378, 0.7990360876401493], 'X_relative_errors': [1.630034949206004, 1.7561783304860323, 1.7205147660145006], 'Sparsity': [1.0, 1.0, 1.0], 'converged': [0, 0, 0], 'iterations': [150, 150, 150], 'primal_residual': [array(0.03172543), array(0.02063536), array(0.02360601)], 'dual_residual': [array(0.01807675), array(0.01036989), array(0.0109474)], 'times': [2.2381172126624733, 2.2092462927103043, 2.2354677375406027]}",1,COMPLETE
56,56,0.9895046639356379,0.998321419424904,2024-05-20 08:47:16.084814,2024-05-20 08:47:17.762058,0 days 00:00:01.677244,0.9035705529923017,2.2022395226237548e-05,0.06674116349564736,4.843449359176132,0.001103219277252456,"{'AUC_ROCs': [0.9903781437563588, 0.9985994721251641, 0.9795363759253909], 'S_relative_errors': [0.9973339041026925, 0.9988614626164241, 0.9987688915555958], 'X_relative_errors': [5.84889647005066, 6.100229089078126, 5.882931089600952], 'Sparsity': [1.0, 1.0, 1.0], 'converged': [1, 1, 1], 'iterations': [95, 83, 92], 'primal_residual': [array(0.00049575), array(0.00060115), array(0.00075235)], 'dual_residual': [array(0.00095213), array(0.00079792), array(0.00047139)], 'times': [1.4518774829339236, 1.27258533379063, 1.3770827371627092]}",1,COMPLETE
57,57,0.998017390263383,1.0000000934968682,2024-05-20 08:47:17.792124,2024-05-20 08:47:18.522345,0 days 00:00:00.730221,0.584769413581915,0.008842728185916759,0.07690807209230549,0.006503242537473707,0.003645526963812284,"{'AUC_ROCs': [0.9980279155304412, 0.9980804282272524, 0.9979438270324553], 'S_relative_errors': [1.0000000935687732, 1.0000000930211184, 1.0000000939007134], 'X_relative_errors': [6.482585390054094, 6.754354046221879, 6.413289612111009], 'Sparsity': [1.0, 1.0, 1.0], 'converged': [1, 1, 1], 'iterations': [31, 31, 31], 'primal_residual': [array(0.0003169), array(0.00031244), array(0.00032105)], 'dual_residual': [array(4.65010544e-06), array(4.58470994e-06), array(4.70545197e-06)], 'times': [0.46131673152558506, 0.4678574672434479, 0.46456568920984864]}",1,COMPLETE
58,58,0.9799525264401248,0.7176412783798871,2024-05-20 08:47:18.795595,2024-05-20 08:47:21.275100,0 days 00:00:02.479505,0.0003031825143433734,2.811664503485536,56.74057063257548,4.622023263513318,0.0013731968693825713,"{'AUC_ROCs': [0.9811246170313765, 0.9800017077464498, 0.9787312545425481], 'S_relative_errors': [0.706627820990197, 0.7238467157824824, 0.722449298366982], 'X_relative_errors': [1.1896144605832204, 1.2651904448327165, 1.294703854886778], 'Sparsity': [1.0, 1.0, 1.0], 'converged': [0, 0, 0], 'iterations': [150, 150, 150], 'primal_residual': [array(0.48025516), array(0.48387261), array(0.44280893)], 'dual_residual': [array(0.0433368), array(0.03320451), array(0.03988677)], 'times': [2.1484045383986086, 2.177301998483017, 2.197210036450997]}",1,COMPLETE
59,59,0.9467141398224479,0.8406390107751944,2024-05-20 08:47:21.302481,2024-05-20 08:47:23.844383,0 days 00:00:02.541902,0.09051427412629888,18.97688245086537,9.779887592878083,16.771066128744806,0.005052021560419244,"{'AUC_ROCs': [0.946895370263211, 0.9467950953676162, 0.9464519538365167], 'S_relative_errors': [0.8396022512874842, 0.8396777502434412, 0.842637030794658], 'X_relative_errors': [2.5108390598076835, 2.595903349671073, 2.5596698462391982], 'Sparsity': [1.0, 1.0, 1.0], 'converged': [0, 0, 0], 'iterations': [150, 150, 150], 'primal_residual': [array(0.03203054), array(0.03318174), array(0.02640831)], 'dual_residual': [array(0.00153353), array(0.00180629), array(0.0016948)], 'times': [2.222161919809878, 2.200240468606353, 2.2490754784084857]}",1,COMPLETE
60,60,0.9983282596504468,0.12091821884740374,2024-05-20 08:47:23.880665,2024-05-20 08:47:26.358214,0 days 00:00:02.477549,0.0557734648281102,0.00032878392816148845,24.925461849169167,0.13403687231843484,0.0010067129295890976,"{'AUC_ROCs': [0.998394331243787, 0.9979757830759551, 0.9986146646315985], 'S_relative_errors': [0.12189572654825137, 0.11685314149518716, 0.12400578849877271], 'X_relative_errors': [1.0000990726930679, 1.00002386372051, 1.000435865122398], 'Sparsity': [1.0, 1.0, 1.0], 'converged': [0, 0, 0], 'iterations': [150, 150, 150], 'primal_residual': [array(0.06320956), array(0.06012371), array(0.07319462)], 'dual_residual': [array(0.04311903), array(0.0431452), array(0.04192101)], 'times': [2.154190476750955, 2.172257785918191, 2.185754312435165]}",1,COMPLETE
61,61,0.9985087110363556,0.16150240608011432,2024-05-20 08:47:26.389629,2024-05-20 08:47:28.868273,0 days 00:00:02.478644,0.7048720747572707,0.00033676046134322834,0.004438135235552203,47.42152848573311,0.03188001487772518,"{'AUC_ROCs': [0.9985213297579619, 0.9984381344176868, 0.9985666689334181], 'S_relative_errors': [0.15957838030380186, 0.16269112707394265, 0.16223771086259844], 'X_relative_errors': [0.9885628712696862, 0.9907611995958098, 0.9915623111218208], 'Sparsity': [1.0, 1.0, 1.0], 'converged': [0, 0, 0], 'iterations': [150, 150, 150], 'primal_residual': [array(0.07968233), array(0.11235245), array(0.11431478)], 'dual_residual': [array(0.10141204), array(0.10514709), array(0.11258474)], 'times': [2.1486243158578873, 2.1899694649036974, 2.177368092117831]}",1,COMPLETE
62,62,0.9462770042101153,0.8385460660222113,2024-05-20 08:47:28.890118,2024-05-20 08:47:31.400979,0 days 00:00:02.510861,0.0004821439596163696,52.714682656490695,0.022804807102808102,0.4112295652038431,28.6530486142272,"{'AUC_ROCs': [0.9463169747387352, 0.9466302249765127, 0.945883812915098], 'S_relative_errors': [0.8382712686918907, 0.8372718172166589, 0.8400951121580841], 'X_relative_errors': [1.9848208614126732, 2.0096598781994346, 1.9707535463052777], 'Sparsity': [1.0, 1.0, 1.0], 'converged': [0, 0, 0], 'iterations': [150, 150, 150], 'primal_residual': [array(0.02394368), array(0.02677459), array(0.022797)], 'dual_residual': [array(0.00387682), array(0.00385793), array(0.00399571)], 'times': [2.1726559484377503, 2.2107994004618376, 2.229199530556798]}",1,COMPLETE
63,63,0.9994522185472773,0.04338746421326733,2024-05-20 08:47:31.435034,2024-05-20 08:47:34.031843,0 days 00:00:02.596809,0.0014613724474670025,0.02420758682111254,0.0014164969647197448,0.004066819714567897,1.1352858178202156,"{'AUC_ROCs': [0.9993586713279179, 0.9996706832631865, 0.9993273010507272], 'S_relative_errors': [0.05246291054607573, 0.03205464197572848, 0.04564484011799778], 'X_relative_errors': [0.3428302289418614, 0.21906929499041575, 0.29574244903016866], 'Sparsity': [1.0, 1.0, 1.0], 'converged': [0, 0, 0], 'iterations': [150, 150, 150], 'primal_residual': [array(0.07268575), array(0.07211652), array(0.07719797)], 'dual_residual': [array(0.02776434), array(0.02627204), array(0.02841313)], 'times': [2.3270340592134744, 2.233322998508811, 2.2537022524047643]}",1,COMPLETE
64,64,0.9978105738206352,0.2523651437612532,2024-05-20 08:47:34.070303,2024-05-20 08:47:36.454860,0 days 00:00:02.384557,1.1583533593713828,0.01029905400362312,7.548654685729794,54.17660486092479,55.64312078030275,"{'AUC_ROCs': [0.9975913022414112, 0.9975477285256763, 0.9982926906948177], 'S_relative_errors': [0.251399372198269, 0.2533467995731199, 0.25234925951237064], 'X_relative_errors': [0.9993100835553187, 0.9993420962805745, 0.9992996153797153], 'Sparsity': [1.0, 1.0, 1.0], 'converged': [0, 0, 0], 'iterations': [150, 150, 150], 'primal_residual': [array(0.00442253), array(0.00405017), array(0.00455594)], 'dual_residual': [array(0.00036183), array(0.0003369), array(0.00037332)], 'times': [2.078870033612475, 2.0945102942641824, 2.077268196735531]}",1,COMPLETE
65,65,0.9984619578375992,0.15198337649881324,2024-05-20 08:47:36.482927,2024-05-20 08:47:38.880581,0 days 00:00:02.397654,0.00028762476087035917,0.00035568792517062147,8.412186033438298,0.004871566028918152,19.27789704408641,"{'AUC_ROCs': [0.9983174762823877, 0.99832097915628, 0.9987474180741299], 'S_relative_errors': [0.15349615271202963, 0.14729619823372134, 0.15515777855068874], 'X_relative_errors': [0.9994590426721184, 0.9995089509051267, 0.9995534914740375], 'Sparsity': [1.0, 1.0, 1.0], 'converged': [0, 0, 0], 'iterations': [150, 150, 150], 'primal_residual': [array(0.01395982), array(0.01355813), array(0.01447802)], 'dual_residual': [array(0.01222268), array(0.01220258), array(0.01229467)], 'times': [2.106697612674907, 2.1271919207647443, 2.1323774226475507]}",1,COMPLETE
66,66,0.9982625195336993,0.10589403705748025,2024-05-20 08:47:38.896651,2024-05-20 08:47:41.256888,0 days 00:00:02.360237,0.09051427412629888,0.00028065178645406185,9.779887592878083,16.771066128744806,67.36297768916488,"{'AUC_ROCs': [0.9977094561637989, 0.998360440049638, 0.9987176623876611], 'S_relative_errors': [0.10652381175407326, 0.1012540364636175, 0.10990426295475003], 'X_relative_errors': [0.9998999581175931, 0.9999491061147567, 0.9999559719228099], 'Sparsity': [1.0, 1.0, 1.0], 'converged': [0, 0, 0], 'iterations': [150, 150, 150], 'primal_residual': [array(0.00396338), array(0.00342086), array(0.00342428)], 'dual_residual': [array(0.00135675), array(0.00132651), array(0.00133898)], 'times': [2.0692644820082933, 2.074761548312381, 2.09325824608095]}",1,COMPLETE
67,67,0.99824306098997,0.14419217375783655,2024-05-20 08:47:41.299128,2024-05-20 08:47:43.707606,0 days 00:00:02.408478,0.012962920574805435,3.471694863282248e-05,20.984358533924397,0.0011017703209510944,0.3664232503035691,"{'AUC_ROCs': [0.9984512155926786, 0.9979873880418968, 0.9982905793353343], 'S_relative_errors': [0.145706515157038, 0.1397301556884009, 0.14713985042807076], 'X_relative_errors': [1.0006991883561045, 1.0008400917589617, 1.0005356639572265], 'Sparsity': [1.0, 1.0, 1.0], 'converged': [0, 0, 0], 'iterations': [150, 150, 150], 'primal_residual': [array(0.0364343), array(0.03619828), array(0.03666297)], 'dual_residual': [array(0.01771047), array(0.01751203), array(0.01773352)], 'times': [2.146690328605473, 2.1476129959337413, 2.1698846768122166]}",1,COMPLETE
68,68,0.9985597056763584,0.08169768281680251,2024-05-20 08:47:43.737621,2024-05-20 08:47:46.176830,0 days 00:00:02.439209,0.08235923831584731,0.020395976640720414,0.6440172313878926,1.1309631628655041,9.064481192801486,"{'AUC_ROCs': [0.9984616550812176, 0.9986336871915045, 0.9985837747563531], 'S_relative_errors': [0.08955299716074465, 0.06963841924336094, 0.08590163204630195], 'X_relative_errors': [0.8930396129570307, 0.7932919954871109, 0.8564668635452761], 'Sparsity': [1.0, 1.0, 1.0], 'converged': [0, 0, 0], 'iterations': [150, 150, 150], 'primal_residual': [array(0.01430667), array(0.01273124), array(0.01385407)], 'dual_residual': [array(0.00083797), array(0.00086582), array(0.000701)], 'times': [2.126925087766722, 2.176641060737893, 2.1552709145471454]}",1,COMPLETE
69,69,0.997722805084036,0.14909886234698852,2024-05-20 08:47:46.195216,2024-05-20 08:47:48.571090,0 days 00:00:02.375874,0.00519893607900056,1.2209648981432548e-05,0.0236455159864292,2.096024180354076,55.64312078030275,"{'AUC_ROCs': [0.9973233322785746, 0.9979686546262768, 0.9978764283472565], 'S_relative_errors': [0.15158698180137029, 0.1451590079672426, 0.15055059727235268], 'X_relative_errors': [1.000281843983849, 1.0002761176902704, 1.0002683959523566], 'Sparsity': [1.0, 1.0, 1.0], 'converged': [0, 0, 0], 'iterations': [150, 150, 150], 'primal_residual': [array(0.0079993), array(0.00789986), array(0.00849543)], 'dual_residual': [array(0.00448716), array(0.00442938), array(0.00465542)], 'times': [2.1012599146924913, 2.1226502337958664, 2.120871194638312]}",1,COMPLETE
70,70,0.9438491404372694,0.9999999182530139,2024-05-20 08:47:48.587279,2024-05-20 08:47:49.338209,0 days 00:00:00.750930,8.711415076785467,0.4021114040993201,1.030343491734903,0.0010243331448474857,0.17033443860698239,"{'AUC_ROCs': [0.9461225380727474, 0.9423047507077604, 0.9431201325313001], 'S_relative_errors': [0.9999999175675827, 0.999999917711336, 0.9999999194801229], 'X_relative_errors': [6.402104370197244, 6.635584298014182, 6.303499471793524], 'Sparsity': [1.0, 1.0, 1.0], 'converged': [1, 1, 1], 'iterations': [31, 31, 31], 'primal_residual': [array(0.00050019), array(0.0004994), array(0.0004994)], 'dual_residual': [array(1.72370556e-05), array(1.72506253e-05), array(1.7221505e-05)], 'times': [0.45740981469862163, 0.46234772307798266, 0.46584194200113416]}",1,COMPLETE
71,71,0.9984081132243675,0.14532091680429252,2024-05-20 08:47:49.381137,2024-05-20 08:47:51.871454,0 days 00:00:02.490317,0.00021101083209351077,0.009166769423463684,0.003080868096393356,5.824349167921424,0.3750180766171061,"{'AUC_ROCs': [0.9986110839834227, 0.9983286628588162, 0.9982845928308635], 'S_relative_errors': [0.14671658800516676, 0.1408656697020036, 0.14838049270570716], 'X_relative_errors': [1.0007239242815973, 1.0007612523398628, 1.0006284679140418], 'Sparsity': [1.0, 1.0, 1.0], 'converged': [0, 0, 0], 'iterations': [150, 150, 150], 'primal_residual': [array(0.02717508), array(0.02768145), array(0.02752677)], 'dual_residual': [array(0.00803633), array(0.00750905), array(0.00759125)], 'times': [2.1668551163747907, 2.1501019722782075, 2.1819377045612782]}",1,COMPLETE
72,72,0.919648694563862,0.7991425681940222,2024-05-20 08:47:51.898364,2024-05-20 08:47:54.420725,0 days 00:00:02.522361,3.0293934062500365,0.00042916208007696033,0.5714325860599435,33.698939548638805,0.046697884542629214,"{'AUC_ROCs': [0.9302124590347771, 0.9313489319587941, 0.8973846926980146], 'S_relative_errors': [0.7909104775581894, 0.805370849290505, 0.801146377733372], 'X_relative_errors': [1.6507927254891115, 1.7736442669409291, 1.7404468106296067], 'Sparsity': [1.0, 1.0, 1.0], 'converged': [0, 0, 0], 'iterations': [150, 150, 150], 'primal_residual': [array(0.03176373), array(0.02205494), array(0.02552876)], 'dual_residual': [array(0.02059408), array(0.01181858), array(0.0114133)], 'times': [2.205616682069376, 2.233608149457723, 2.2339153129141778]}",1,COMPLETE
73,73,0.9984218009210366,0.09568247310813112,2024-05-20 08:47:54.446316,2024-05-20 08:47:56.919160,0 days 00:00:02.472844,0.1297854664962814,0.00033676046134322834,0.004438135235552203,28.37049625901456,0.3664232503035691,"{'AUC_ROCs': [0.998523124626222, 0.9980454930547339, 0.998696785082154], 'S_relative_errors': [0.09788522292016905, 0.09105537127125944, 0.09810682513296484], 'X_relative_errors': [0.998174933465039, 0.9979109775967847, 0.9982530355318958], 'Sparsity': [1.0, 1.0, 1.0], 'converged': [0, 0, 0], 'iterations': [150, 150, 150], 'primal_residual': [array(0.02770447), array(0.02656337), array(0.02688476)], 'dual_residual': [array(0.01873637), array(0.01858622), array(0.01927661)], 'times': [2.1532381928991526, 2.1707579726353288, 2.185126682277769]}",1,COMPLETE
74,74,0.9532129104672048,0.814061001344649,2024-05-20 08:47:56.949417,2024-05-20 08:47:59.525290,0 days 00:00:02.575873,0.0017976057251588734,0.16970419760638844,0.30863073275772035,1.293586813569989,0.001454203829872057,"{'AUC_ROCs': [0.9542035532753623, 0.9513851107408039, 0.954050067385448], 'S_relative_errors': [0.809646650108683, 0.8204989879804008, 0.8120373659448631], 'X_relative_errors': [5.060415499443886, 5.345418725596713, 5.025367999426612], 'Sparsity': [1.0, 1.0, 1.0], 'converged': [0, 0, 0], 'iterations': [150, 150, 150], 'primal_residual': [array(0.02753656), array(0.02683824), array(0.02961892)], 'dual_residual': [array(0.00648132), array(0.00885227), array(0.00698987)], 'times': [2.1982030402868986, 2.228511892957613, 2.2772954697720706]}",1,COMPLETE
75,75,0.9984685556984538,0.12951394157054194,2024-05-20 08:47:59.551242,2024-05-20 08:48:01.938965,0 days 00:00:02.387723,0.0004821439596163696,0.03133396534818355,55.811754676579014,0.144569718159403,28.6530486142272,"{'AUC_ROCs': [0.9983168954988542, 0.9986285853056349, 0.9984601862908724], 'S_relative_errors': [0.1304343848102268, 0.12403403457559033, 0.13407340532580866], 'X_relative_errors': [0.9998150238074778, 0.99980906521619, 0.9998020365355693], 'Sparsity': [1.0, 1.0, 1.0], 'converged': [0, 0, 0], 'iterations': [150, 150, 150], 'primal_residual': [array(0.01403894), array(0.01487688), array(0.01483309)], 'dual_residual': [array(0.00170989), array(0.00174471), array(0.00175444)], 'times': [2.107791835675016, 2.0954529028385878, 2.0985151121858507]}",1,COMPLETE
76,76,0.9984144463704058,0.13413672373112154,2024-05-20 08:48:01.980783,2024-05-20 08:48:04.363804,0 days 00:00:02.383021,0.0014613724474670025,0.02420758682111254,15.480506971475544,0.6401706236616858,1.1392357150461945,"{'AUC_ROCs': [0.9985511551548921, 0.99829783244571, 0.998394351510615], 'S_relative_errors': [0.13409270302797371, 0.1301116990392441, 0.13820576912614682], 'X_relative_errors': [0.9999592136927647, 0.9999611329671556, 0.999958472239498], 'Sparsity': [1.0, 1.0, 1.0], 'converged': [0, 0, 0], 'iterations': [150, 150, 150], 'primal_residual': [array(0.00851641), array(0.01012105), array(0.009885)], 'dual_residual': [array(0.00112469), array(0.00118455), array(0.00129867)], 'times': [2.06515705678612, 2.091832916252315, 2.073344571515918]}",1,COMPLETE
77,77,0.9984681965981043,0.12440686955263902,2024-05-20 08:48:04.384882,2024-05-20 08:48:06.861727,0 days 00:00:02.476845,0.008724297626336081,0.022032486627770777,0.23046876133341068,0.0018754258282699025,4.7881193392744335,"{'AUC_ROCs': [0.9986045872399618, 0.9985460038559604, 0.9982539986983903], 'S_relative_errors': [0.12466165669109218, 0.11945943270902702, 0.12909951925779783], 'X_relative_errors': [0.9505508095316055, 0.9441092847456989, 0.9649681252454843], 'Sparsity': [1.0, 1.0, 1.0], 'converged': [0, 0, 0], 'iterations': [150, 150, 150], 'primal_residual': [array(0.03371568), array(0.0335444), array(0.03547126)], 'dual_residual': [array(0.01319832), array(0.01389269), array(0.01391968)], 'times': [2.164651964791119, 2.2011053415481, 2.1871376228518784]}",1,COMPLETE
78,78,0.9985160436282206,0.14002387840388317,2024-05-20 08:48:06.903765,2024-05-20 08:48:09.356555,0 days 00:00:02.452790,0.008427490504041674,0.009166769423463684,0.006837332092701138,3.8511843706932445,0.3750180766171061,"{'AUC_ROCs': [0.9989262100232965, 0.9979133990595984, 0.9987085218017668], 'S_relative_errors': [0.14160879450795774, 0.13529711610633136, 0.14316572459736035], 'X_relative_errors': [1.0001356453166481, 1.000057551865895, 1.0001086828436434], 'Sparsity': [1.0, 1.0, 1.0], 'converged': [0, 0, 0], 'iterations': [150, 150, 150], 'primal_residual': [array(0.01119889), array(0.01140095), array(0.01145604)], 'dual_residual': [array(0.00247744), array(0.00239148), array(0.00244351)], 'times': [2.142131248721853, 2.153702509123832, 2.1489033855032176]}",1,COMPLETE
79,79,0.9981631191879249,0.15146481443127896,2024-05-20 08:48:09.373405,2024-05-20 08:48:11.820827,0 days 00:00:02.447422,0.001350522304287074,0.00021674033321456528,1.030343491734903,3.6793613134354946,3.211462971326324,"{'AUC_ROCs': [0.9980536569069933, 0.9980429056068401, 0.9983927950499416], 'S_relative_errors': [0.15295099015994834, 0.14678584352864849, 0.15465760960524005], 'X_relative_errors': [1.0000668907244714, 1.0000780982425626, 1.000074885744004], 'Sparsity': [1.0, 1.0, 1.0], 'converged': [0, 0, 0], 'iterations': [150, 150, 150], 'primal_residual': [array(0.00205773), array(0.00204907), array(0.00201792)], 'dual_residual': [array(0.00084801), array(0.00084497), array(0.00086186)], 'times': [2.1625305605120957, 2.1628558102529496, 2.0688822767697275]}",1,COMPLETE
80,80,0.998450835351762,0.11926313047458527,2024-05-20 08:48:11.838451,2024-05-20 08:48:14.305553,0 days 00:00:02.467102,0.06062699265614271,3.840420525640088e-05,55.811754676579014,0.02549976148759706,0.0022170281723200105,"{'AUC_ROCs': [0.9981519746002971, 0.9982718916614903, 0.9989286397934986], 'S_relative_errors': [0.12000372479791735, 0.1149126145825516, 0.12287305204328684], 'X_relative_errors': [1.0212351195592184, 1.0233300710308835, 1.022613960011577], 'Sparsity': [1.0, 1.0, 1.0], 'converged': [0, 0, 0], 'iterations': [150, 150, 150], 'primal_residual': [array(0.44209305), array(0.43848941), array(0.44830656)], 'dual_residual': [array(0.12965813), array(0.12836877), array(0.13123051)], 'times': [2.1739269173704088, 2.1984310941770673, 2.1765912373084575]}",1,COMPLETE
