,number,values_0,values_1,datetime_start,datetime_complete,duration,params_lda1,params_ldag,params_psi_1,params_psi_2,params_psi_3,user_attrs_metrics,system_attrs_nsga2:generation,state
81,81,0.9980411971466082,0.6471382173143644,2024-05-20 08:48:14.339374,2024-05-20 08:48:16.790487,0 days 00:00:02.451113,3.0293934062500365,0.00011473836779938222,20.00114049630918,32.782789143780676,0.03625453698007902,"{'AUC_ROCs': [0.9981292390874579, 0.9979534073570102, 0.9980409449953566], 'S_relative_errors': [0.6462659993846098, 0.6509148783834394, 0.6442337741750439], 'X_relative_errors': [0.9990443786570045, 0.9990536407237387, 0.999171308054217], 'Sparsity': [1.0, 1.0, 1.0], 'converged': [0, 0, 0], 'iterations': [150, 150, 150], 'primal_residual': [array(0.01747644), array(0.01578233), array(0.0135402)], 'dual_residual': [array(0.00252694), array(0.001771), array(0.00184222)], 'times': [2.125412918627262, 2.142706679413095, 2.1422710802871734]}",1,COMPLETE
82,82,0.9890329331382851,0.9999998897002061,2024-05-20 08:48:16.836413,2024-05-20 08:48:17.592091,0 days 00:00:00.755678,0.5187772559288947,0.0595513954573239,0.1937607108050167,0.002715425446665363,0.45836939630220963,"{'AUC_ROCs': [0.9877178539693174, 0.9886689103293949, 0.990712035116143], 'S_relative_errors': [0.9999998918149676, 0.9999998922171174, 0.9999998850685337], 'X_relative_errors': [6.4135123726377605, 6.681843636623019, 6.345523901572571], 'Sparsity': [1.0, 1.0, 1.0], 'converged': [1, 1, 1], 'iterations': [31, 31, 31], 'primal_residual': [array(0.00047524), array(0.00047311), array(0.0004923)], 'dual_residual': [array(1.45875588e-05), array(1.45371424e-05), array(1.50231954e-05)], 'times': [0.46001518913544714, 0.46683887578547, 0.4659088710322976]}",1,COMPLETE
83,83,0.9932496978936357,0.5427376222605177,2024-05-20 08:48:17.618348,2024-05-20 08:48:20.081821,0 days 00:00:02.463473,0.00014304541819333533,1.3011060088082427,19.883652761760015,0.225092924183009,4.265591464630053,"{'AUC_ROCs': [0.9941925276560507, 0.9926992494242791, 0.9928573166005771], 'S_relative_errors': [0.5277075493476358, 0.5449848314947959, 0.5555204859391213], 'X_relative_errors': [1.7123730605089804, 1.8510479009568988, 1.876694432699296], 'Sparsity': [1.0, 1.0, 1.0], 'converged': [0, 0, 0], 'iterations': [150, 150, 150], 'primal_residual': [array(0.1507408), array(0.14713968), array(0.1594439)], 'dual_residual': [array(0.00957157), array(0.0073284), array(0.00924881)], 'times': [2.2058483408764005, 2.180096961790696, 2.211639495100826]}",1,COMPLETE
84,84,0.6815369086576063,0.9851346415927472,2024-05-20 08:48:20.129884,2024-05-20 08:48:22.158337,0 days 00:00:02.028453,0.5535065660770279,21.50614116806264,0.1937607108050167,0.004794871291635921,6.445501643564399,"{'AUC_ROCs': [0.7383037226544374, 0.6184468514852635, 0.6878601518331177], 'S_relative_errors': [0.9843096325253776, 0.9847316178300116, 0.9863626744228524], 'X_relative_errors': [5.565849836504599, 5.785683150317326, 5.577810231368514], 'Sparsity': [1.0, 1.0, 1.0], 'converged': [1, 1, 1], 'iterations': [113, 112, 97], 'primal_residual': [array(0.00095449), array(0.00088934), array(0.00084167)], 'dual_residual': [array(0.00012398), array(0.00014249), array(0.00022784)], 'times': [1.6680951428133994, 1.743023398797959, 1.4389015338383615]}",1,COMPLETE
85,85,0.9983693961326754,0.14002448019968416,2024-05-20 08:48:22.175370,2024-05-20 08:48:24.631727,0 days 00:00:02.456357,0.008427490504041674,0.009166769423463684,0.006853674828043017,5.824349167921424,0.3750180766171061,"{'AUC_ROCs': [0.9982187013765149, 0.9984464826121356, 0.9984430044093755], 'S_relative_errors': [0.1413767563840331, 0.13505921704351742, 0.14363746717150191], 'X_relative_errors': [1.0004069485511435, 1.0003430930631694, 1.0003601202808519], 'Sparsity': [1.0, 1.0, 1.0], 'converged': [0, 0, 0], 'iterations': [150, 150, 150], 'primal_residual': [array(0.02154461), array(0.02176293), array(0.02162693)], 'dual_residual': [array(0.00492582), array(0.00446866), array(0.00465791)], 'times': [2.1405950682237744, 2.1934616381768137, 2.1625637591350824]}",1,COMPLETE
86,86,0.8475565841341179,0.9833292649487323,2024-05-20 08:48:24.671989,2024-05-20 08:48:27.089864,0 days 00:00:02.417875,2.7506087980064895,0.008842728185916759,0.07690807209230549,4.843449359176132,16.696363221646372,"{'AUC_ROCs': [0.919833966962762, 0.8590749744445857, 0.763760810995006], 'S_relative_errors': [0.9790582355104527, 0.9870167386685665, 0.9839128206671779], 'X_relative_errors': [3.655922184613309, 3.8201184538372375, 3.725621398831909], 'Sparsity': [1.0, 1.0, 1.0], 'converged': [0, 1, 1], 'iterations': [150, 123, 123], 'primal_residual': [array(0.00152809), array(0.00095535), array(0.000832)], 'dual_residual': [array(0.00015706), array(0.00018238), array(0.00017742)], 'times': [2.2038074678275734, 1.8394024863373488, 1.84330471791327]}",1,COMPLETE
87,87,0.9984946507055897,0.1508284226836893,2024-05-20 08:48:27.137904,2024-05-20 08:48:29.612641,0 days 00:00:02.474737,0.001350522304287074,0.00011473836779938222,0.003717318654090911,3.6793613134354946,0.03625453698007902,"{'AUC_ROCs': [0.9979147411783372, 0.9989304384388027, 0.9986387724996293], 'S_relative_errors': [0.1521386943775917, 0.1468059703232481, 0.15354060335022807], 'X_relative_errors': [0.9990212305275915, 0.9989657291856976, 0.9981846855474562], 'Sparsity': [1.0, 1.0, 1.0], 'converged': [0, 0, 0], 'iterations': [150, 150, 150], 'primal_residual': [array(0.05436075), array(0.04994639), array(0.05435425)], 'dual_residual': [array(0.0400908), array(0.03980816), array(0.03863389)], 'times': [2.187220207415521, 2.178626101464033, 2.1932219322770834]}",1,COMPLETE
88,88,0.9990123515023712,0.06714824882177321,2024-05-20 08:48:29.646578,2024-05-20 08:48:32.115162,0 days 00:00:02.468584,0.09051427412629888,0.009166769423463684,0.003080868096393356,5.824349167921424,3.2412760092267954,"{'AUC_ROCs': [0.9991426280626111, 0.9987527564308205, 0.999141670013682], 'S_relative_errors': [0.06829636328080493, 0.06155118556395144, 0.07159719762056323], 'X_relative_errors': [0.70629971446956, 0.6785744044910664, 0.7088970275477691], 'Sparsity': [1.0, 1.0, 1.0], 'converged': [0, 0, 0], 'iterations': [150, 150, 150], 'primal_residual': [array(0.02039503), array(0.02365212), array(0.02323204)], 'dual_residual': [array(0.00761883), array(0.00731519), array(0.00750781)], 'times': [2.167429015506059, 2.1855312541592866, 2.178105023689568]}",1,COMPLETE
89,89,0.9983884718607045,0.14350119320068844,2024-05-20 08:48:32.163353,2024-05-20 08:48:34.583680,0 days 00:00:02.420327,0.014598487541783887,2.2022395226237548e-05,0.014880396958411328,4.843449359176132,55.64312078030275,"{'AUC_ROCs': [0.998287095030361, 0.9987937201622585, 0.9980846003894938], 'S_relative_errors': [0.14513092093125549, 0.13868509531036924, 0.14668756336044061], 'X_relative_errors': [1.0003967765864894, 1.0004379373930579, 1.000418025675626], 'Sparsity': [1.0, 1.0, 1.0], 'converged': [0, 0, 0], 'iterations': [150, 150, 150], 'primal_residual': [array(0.01426049), array(0.01429353), array(0.0139759)], 'dual_residual': [array(0.00936824), array(0.00926649), array(0.00954952)], 'times': [2.1221904046833515, 2.13413496571593, 2.1312136803753674]}",1,COMPLETE
90,90,0.9249029282160816,1.0000000566836993,2024-05-20 08:48:34.630342,2024-05-20 08:48:36.855366,0 days 00:00:02.225024,0.04800137094461078,0.0323389786097168,0.01823415859543541,0.13403687231843484,0.01607104511244197,"{'AUC_ROCs': [0.8957891353628137, 0.9322696515908601, 0.9466499976945708], 'S_relative_errors': [1.0000003136122353, 1.0000001418702953, 0.9999997145685668], 'X_relative_errors': [6.444704202838096, 6.728771509952488, 6.391537592454086], 'Sparsity': [1.0, 1.0, 1.0], 'converged': [1, 1, 1], 'iterations': [129, 132, 99], 'primal_residual': [array(0.00088605), array(0.00093623), array(0.00075264)], 'dual_residual': [array(0.00083866), array(0.00037546), array(1.9614296e-05)], 'times': [1.899677641922608, 1.9700783358421177, 1.4775620370637625]}",1,COMPLETE
91,91,0.9366926604202757,0.9508108824210882,2024-05-20 08:48:36.878110,2024-05-20 08:48:39.441254,0 days 00:00:02.563144,0.00028762476087035917,42.822368690865375,0.06674116349564736,0.004750949908714063,0.0022988772627057495,"{'AUC_ROCs': [0.9357639981478257, 0.9374683742126585, 0.9368456089003427], 'S_relative_errors': [0.9506995026163675, 0.9502075344690531, 0.9515256101778438], 'X_relative_errors': [6.16473908284791, 6.419888971641526, 6.104121516418973], 'Sparsity': [1.0, 1.0, 1.0], 'converged': [0, 0, 0], 'iterations': [150, 150, 150], 'primal_residual': [array(0.00086958), array(0.00082614), array(0.00092581)], 'dual_residual': [array(0.00749328), array(0.00753131), array(0.00748057)], 'times': [2.2335319600533694, 2.2155349783133715, 2.2809343428816646]}",1,COMPLETE
92,92,0.9982051250702959,0.13411806887853253,2024-05-20 08:48:39.486580,2024-05-20 08:48:41.998432,0 days 00:00:02.511852,0.0014613724474670025,0.02420758682111254,0.0014164969647197448,2.1722335531729757,17.922834959507906,"{'AUC_ROCs': [0.998461583196604, 0.9978021341742076, 0.9983516578400763], 'S_relative_errors': [0.1341726727985765, 0.12935646980189888, 0.13882506403512226], 'X_relative_errors': [0.9992058342577129, 0.9992687769533012, 0.9991698809686694], 'Sparsity': [1.0, 1.0, 1.0], 'converged': [0, 0, 0], 'iterations': [150, 150, 150], 'primal_residual': [array(0.03629449), array(0.03593683), array(0.03684931)], 'dual_residual': [array(0.00777662), array(0.00766259), array(0.00774129)], 'times': [2.1427310390863568, 2.236700833076611, 2.146188345970586]}",1,COMPLETE
93,93,0.998504121752256,0.07800239671439517,2024-05-20 08:48:42.020273,2024-05-20 08:48:44.482226,0 days 00:00:02.461953,0.12194201889238168,0.08334456882111815,3.164384295561352,0.144569718159403,28.6530486142272,"{'AUC_ROCs': [0.9979707562361535, 0.9983703519179707, 0.9991712571026438], 'S_relative_errors': [0.08040307318018064, 0.07471942981261989, 0.07888468715038498], 'X_relative_errors': [0.9965844604922626, 0.9964382315516666, 0.9966852634556814], 'Sparsity': [1.0, 1.0, 1.0], 'converged': [0, 0, 0], 'iterations': [150, 150, 150], 'primal_residual': [array(0.02685165), array(0.02591615), array(0.02697872)], 'dual_residual': [array(0.00279408), array(0.00241449), array(0.00258262)], 'times': [2.1361711234785616, 2.1571231563575566, 2.169573398074135]}",1,COMPLETE
94,94,0.8886734998515587,0.9999998958669277,2024-05-20 08:48:44.525561,2024-05-20 08:48:45.390554,0 days 00:00:00.864993,0.5187772559288947,0.0595513954573239,1.1488281439793142,0.002715425446665363,0.31505988131129753,"{'AUC_ROCs': [0.9321670304093856, 0.8692394873075312, 0.8646139818377595], 'S_relative_errors': [0.9999998317742043, 0.9999999258329895, 0.9999999299935897], 'X_relative_errors': [6.339414926385582, 6.603899794631884, 6.274039046326817], 'Sparsity': [1.0, 1.0, 1.0], 'converged': [1, 1, 1], 'iterations': [36, 37, 37], 'primal_residual': [array(0.0008543), array(0.00065973), array(0.00065769)], 'dual_residual': [array(2.13879566e-05), array(2.23202559e-05), array(2.26660371e-05)], 'times': [0.5408716292586178, 0.5682066199369729, 0.566316548967734]}",1,COMPLETE
95,95,0.99843149480066,0.14838197171879733,2024-05-20 08:48:45.441128,2024-05-20 08:48:47.863123,0 days 00:00:02.421995,0.001350522304287074,0.003940030334838265,0.003717318654090911,3.6793613134354946,3.211462971326324,"{'AUC_ROCs': [0.998525789125145, 0.9981421414808953, 0.9986265537959395], 'S_relative_errors': [0.14963756709678927, 0.14388149629505606, 0.15162685176454674], 'X_relative_errors': [0.9993715423588998, 0.9994427960112893, 0.9994214920637731], 'Sparsity': [1.0, 1.0, 1.0], 'converged': [0, 0, 0], 'iterations': [150, 150, 150], 'primal_residual': [array(0.01862725), array(0.01836636), array(0.01919654)], 'dual_residual': [array(0.00883549), array(0.00890349), array(0.00885061)], 'times': [2.1314563346095383, 2.1267121164128184, 2.1688783436547965]}",1,COMPLETE
96,96,0.949055126488294,0.8258954987027697,2024-05-20 08:48:47.911901,2024-05-20 08:48:50.420685,0 days 00:00:02.508784,0.0014613724474670025,2.811664503485536,0.006276176618576949,4.622023263513318,17.922834959507906,"{'AUC_ROCs': [0.9492971387799631, 0.947893648952633, 0.9499745917322857], 'S_relative_errors': [0.8225743961616627, 0.8289382099732382, 0.8261738899734082], 'X_relative_errors': [2.55341216841205, 2.6757702906743583, 2.5604113453571156], 'Sparsity': [1.0, 1.0, 1.0], 'converged': [0, 0, 0], 'iterations': [150, 150, 150], 'primal_residual': [array(0.10059293), array(0.08909989), array(0.06898029)], 'dual_residual': [array(0.00344065), array(0.0047692), array(0.00995888)], 'times': [2.1917801965028048, 2.2222876937594265, 2.217425706796348]}",1,COMPLETE
97,97,0.9984169036189684,0.180747050701193,2024-05-20 08:48:50.473056,2024-05-20 08:48:53.041590,0 days 00:00:02.568534,0.00028762476087035917,0.00021674033321456528,1.030343491734903,0.004871566028918152,0.01041885754939094,"{'AUC_ROCs': [0.9985292923619898, 0.9981808267566783, 0.9985405917382372], 'S_relative_errors': [0.18168071102312203, 0.17395123739476545, 0.18660920368569162], 'X_relative_errors': [1.1808036796653532, 1.1779427137542118, 1.199604314293188], 'Sparsity': [1.0, 1.0, 1.0], 'converged': [0, 0, 0], 'iterations': [150, 150, 150], 'primal_residual': [array(0.13870905), array(0.1401024), array(0.12758199)], 'dual_residual': [array(0.07687078), array(0.07583973), array(0.0808311)], 'times': [2.208050169516355, 2.235460913507268, 2.241182556608692]}",1,COMPLETE
98,98,0.9983807517939134,0.12672225270270965,2024-05-20 08:48:53.077655,2024-05-20 08:48:55.549180,0 days 00:00:02.471525,0.5662964896064178,0.00042916208007696033,79.95849668142442,0.0018583353015359477,0.046697884542629214,"{'AUC_ROCs': [0.9981845309155439, 0.9982062849001405, 0.9987514395660559], 'S_relative_errors': [0.12659009530702106, 0.12660605747489992, 0.12697060532620796], 'X_relative_errors': [0.9908440709338844, 0.9914557017806418, 0.9913381524775411], 'Sparsity': [1.0, 1.0, 1.0], 'converged': [0, 0, 0], 'iterations': [150, 150, 150], 'primal_residual': [array(0.05918169), array(0.05419942), array(0.05720334)], 'dual_residual': [array(0.10340816), array(0.09915142), array(0.10455717)], 'times': [2.14038040721789, 2.1732071188744158, 2.1958407210186124]}",1,COMPLETE
99,99,0.9990782088577955,0.029750814742845435,2024-05-20 08:48:55.603408,2024-05-20 08:48:58.179954,0 days 00:00:02.576546,0.10094249294278781,2.2022395226237548e-05,0.014880396958411328,4.843449359176132,0.03188001487772518,"{'AUC_ROCs': [0.9993726981770309, 0.9987432786471432, 0.9991186497492128], 'S_relative_errors': [0.031905776651505485, 0.027755959044886203, 0.02959070853214461], 'X_relative_errors': [0.28514854891380814, 0.25859331586124523, 0.2578321660636888], 'Sparsity': [1.0, 1.0, 1.0], 'converged': [0, 0, 0], 'iterations': [150, 150, 150], 'primal_residual': [array(0.0302855), array(0.02927972), array(0.03270169)], 'dual_residual': [array(0.01911666), array(0.01861325), array(0.01836908)], 'times': [2.2373557933606207, 2.2144973969552666, 2.2776389762293547]}",1,COMPLETE
100,100,0.9527266375573881,0.8182058401899294,2024-05-20 08:48:58.208915,2024-05-20 08:49:00.675175,0 days 00:00:02.466260,0.09051427412629888,4.647836173545695,0.014880396958411328,4.843449359176132,55.64312078030275,"{'AUC_ROCs': [0.9545001633425911, 0.950073076582354, 0.9536066727472193], 'S_relative_errors': [0.8136754844467101, 0.8258364484347219, 0.8151055876883561], 'X_relative_errors': [0.9951457588017607, 0.9962273393912505, 0.9958608472914335], 'Sparsity': [1.0, 1.0, 1.0], 'converged': [0, 0, 0], 'iterations': [150, 150, 150], 'primal_residual': [array(0.35536982), array(0.2555947), array(0.29850434)], 'dual_residual': [array(0.02419074), array(0.02634958), array(0.03348729)], 'times': [2.1503073112107813, 2.1834886942524463, 2.1761742723174393]}",2,COMPLETE
101,101,0.9657124112857255,0.6379677222878263,2024-05-20 08:49:00.714853,2024-05-20 08:49:03.221709,0 days 00:00:02.506856,2.2649055219465124,0.07208951808215572,0.004438135235552203,28.37049625901456,0.004568883665817935,"{'AUC_ROCs': [0.9714782226834509, 0.9727293622573844, 0.9529296489163414], 'S_relative_errors': [0.6272290558203305, 0.6501387942825421, 0.6365353167606064], 'X_relative_errors': [1.5491507125770125, 1.693090656385489, 1.6391730177643407], 'Sparsity': [1.0, 1.0, 1.0], 'converged': [0, 0, 0], 'iterations': [150, 150, 150], 'primal_residual': [array(0.17135489), array(0.16705969), array(0.1725314)], 'dual_residual': [array(0.11321496), array(0.12025068), array(0.12584277)], 'times': [2.1885907573159784, 2.1995980779174715, 2.215501597383991]}",2,COMPLETE
102,102,0.9991525601256853,0.08587349891664353,2024-05-20 08:49:03.268085,2024-05-20 08:49:05.802174,0 days 00:00:02.534089,0.35728721561236404,0.009542806312730736,0.07690807209230549,0.006503242537473707,9.064481192801486,"{'AUC_ROCs': [0.999147249130765, 0.9989736389867951, 0.9993367922594958], 'S_relative_errors': [0.0862546754219891, 0.08540954046963173, 0.08595628085830972], 'X_relative_errors': [0.4084937423711999, 0.42163646904173185, 0.40048958064950035], 'Sparsity': [1.0, 1.0, 1.0], 'converged': [0, 0, 0], 'iterations': [150, 150, 150], 'primal_residual': [array(0.04117408), array(0.04274534), array(0.04270123)], 'dual_residual': [array(0.04520147), array(0.04576684), array(0.04676321)], 'times': [2.199283999623731, 2.234190040268004, 2.243342799367383]}",2,COMPLETE
103,103,0.9984277688884785,0.09811863918057533,2024-05-20 08:49:05.845232,2024-05-20 08:49:08.249416,0 days 00:00:02.404184,0.08235923831584731,0.020395976640720414,0.6440172313878926,6.824658934879796,9.064481192801486,"{'AUC_ROCs': [0.9984872380734808, 0.9980653615089138, 0.9987307070830407], 'S_relative_errors': [0.10095890344969106, 0.09316965445847646, 0.10022735963355846], 'X_relative_errors': [0.9997727320309792, 0.9997324385207468, 0.9996338868995582], 'Sparsity': [1.0, 1.0, 1.0], 'converged': [0, 0, 0], 'iterations': [150, 150, 150], 'primal_residual': [array(0.00646695), array(0.00567398), array(0.00612669)], 'dual_residual': [array(0.00162084), array(0.0016815), array(0.00172208)], 'times': [2.12629489088431, 2.106791647616774, 2.1267802382353693]}",2,COMPLETE
104,104,0.9982953905244963,0.1455009360689301,2024-05-20 08:49:08.298760,2024-05-20 08:49:10.670147,0 days 00:00:02.371387,0.00028762476087035917,0.009166769423463684,8.412186033438298,5.824349167921424,0.3750180766171061,"{'AUC_ROCs': [0.9986062044749603, 0.9980546493512742, 0.9982253177472542], 'S_relative_errors': [0.1470700213565011, 0.1406615974844903, 0.14877118936579894], 'X_relative_errors': [0.999977796590062, 0.9999632244363993, 0.9999629090533287], 'Sparsity': [1.0, 1.0, 1.0], 'converged': [0, 0, 0], 'iterations': [150, 150, 150], 'primal_residual': [array(0.00276234), array(0.0028171), array(0.00281667)], 'dual_residual': [array(0.00137078), array(0.00137039), array(0.00137008)], 'times': [2.062419437104836, 2.0754982756916434, 2.0686662399675697]}",2,COMPLETE
105,105,0.9982609393947243,0.12638546002099563,2024-05-20 08:49:10.723325,2024-05-20 08:49:13.197882,0 days 00:00:02.474557,0.004261010549194346,0.03133396534818355,0.03779482683445791,0.1043974415730513,12.0272529217522,"{'AUC_ROCs': [0.9983293931572811, 0.998063413617684, 0.9983900114092074], 'S_relative_errors': [0.1278398230642563, 0.12141317223908375, 0.1299033847596468], 'X_relative_errors': [0.9998931981906628, 0.9999629057408004, 1.0002669976076684], 'Sparsity': [1.0, 1.0, 1.0], 'converged': [0, 0, 0], 'iterations': [150, 150, 150], 'primal_residual': [array(0.07995867), array(0.07533344), array(0.0872949)], 'dual_residual': [array(0.03201617), array(0.03181157), array(0.03212788)], 'times': [2.145689999451861, 2.2054459447972476, 2.185247865272686]}",2,COMPLETE
106,106,0.9984291582052136,0.1311647148394179,2024-05-20 08:49:13.247492,2024-05-20 08:49:15.739455,0 days 00:00:02.491963,0.008724297626336081,0.022032486627770777,0.23046876133341068,0.0060132737149042725,7.118893927586542,"{'AUC_ROCs': [0.9982803045916151, 0.9982705038765652, 0.9987366661474604], 'S_relative_errors': [0.13208997997107777, 0.12708887807272337, 0.13431528647445262], 'X_relative_errors': [1.0004373812653014, 1.0001985187582723, 1.0002341750261043], 'Sparsity': [1.0, 1.0, 1.0], 'converged': [0, 0, 0], 'iterations': [150, 150, 150], 'primal_residual': [array(0.07795645), array(0.07172711), array(0.0810988)], 'dual_residual': [array(0.0171099), array(0.01881388), array(0.01822999)], 'times': [2.1413324002642184, 2.2003852010238916, 2.1856868229806423]}",2,COMPLETE
107,107,0.9983578948901201,0.12759530308309786,2024-05-20 08:49:15.795560,2024-05-20 08:49:18.186099,0 days 00:00:02.390539,0.0091100097972534,0.027725289390534168,55.811754676579014,0.144569718159403,4.7881193392744335,"{'AUC_ROCs': [0.9984860239887542, 0.9979555121641469, 0.9986321485174592], 'S_relative_errors': [0.12885837802583733, 0.12357483190470923, 0.13035269931874696], 'X_relative_errors': [0.999855581708301, 0.9998488403984565, 0.9998459328875281], 'Sparsity': [1.0, 1.0, 1.0], 'converged': [0, 0, 0], 'iterations': [150, 150, 150], 'primal_residual': [array(0.0128213), array(0.01311453), array(0.01240193)], 'dual_residual': [array(0.00152022), array(0.00151054), array(0.00153236)], 'times': [2.091290140291676, 2.090922586619854, 2.0948177145328373]}",2,COMPLETE
