,number,values_0,values_1,datetime_start,datetime_complete,duration,params_lda1,params_ldag,params_psi_1,params_psi_2,params_psi_3,user_attrs_metrics,system_attrs_nsga2:generation,state
27,27,0.9982516613299367,0.1482920817383693,2024-05-20 08:52:17.425567,2024-05-20 08:52:19.860649,0 days 00:00:02.435082,0.006383503346160672,7.427698035981899e-05,0.39476325357197833,1.8096177639734994,0.02288530871145559,"{'AUC_ROCs': [0.9985009884325606, 0.9982050929470883, 0.9980489026101612], 'S_relative_errors': [0.14973558896071734, 0.14370699720637223, 0.15143365904801837], 'X_relative_errors': [1.000087182538487, 1.0000393155888925, 1.000071981025057], 'Sparsity': [1.0, 1.0, 1.0], 'converged': [0, 0, 0], 'iterations': [150, 150, 150], 'primal_residual': [array(0.00251937), array(0.00236663), array(0.00259725)], 'dual_residual': [array(0.00107037), array(0.00109044), array(0.00105353)], 'times': [2.1383575978688896, 2.1660333555191755, 2.1595744187943637]}",0,COMPLETE
28,28,0.9984272957810042,0.15232084266150536,2024-05-20 08:52:19.876434,2024-05-20 08:52:22.293964,0 days 00:00:02.417530,0.0002582109149977589,4.572670970546043e-05,15.843517652576976,0.22613809347642613,2.386532470729268,"{'AUC_ROCs': [0.9984910008093512, 0.9982316751963397, 0.9985592113373218], 'S_relative_errors': [0.1538264205032217, 0.14763522602979887, 0.15550088145149552], 'X_relative_errors': [0.9998673263496375, 0.9998776545322456, 0.9998686608989742], 'Sparsity': [1.0, 1.0, 1.0], 'converged': [0, 0, 0], 'iterations': [150, 150, 150], 'primal_residual': [array(0.00282656), array(0.00278645), array(0.00289461)], 'dual_residual': [array(0.0008952), array(0.00089377), array(0.00088959)], 'times': [2.0815050010569394, 2.0922028752975166, 2.1232353711966425]}",0,COMPLETE
29,29,0.9986176143188098,0.28844318795521723,2024-05-20 08:52:22.308505,2024-05-20 08:52:24.707433,0 days 00:00:02.398928,0.0016518833081093705,1.151630360982478,49.14631219557657,4.0556981030648105,3.5834912138797055,"{'AUC_ROCs': [0.9983683658948618, 0.9986663093891477, 0.9988181676724198], 'S_relative_errors': [0.28758341590158326, 0.29000327999017056, 0.2877428679738978], 'X_relative_errors': [0.988841381999507, 0.9886157244584084, 0.9886944200685235], 'Sparsity': [1.0, 1.0, 1.0], 'converged': [0, 0, 0], 'iterations': [150, 150, 150], 'primal_residual': [array(0.13738841), array(0.14479583), array(0.13994704)], 'dual_residual': [array(0.00812457), array(0.00543587), array(0.00701512)], 'times': [2.0849074774887413, 2.101778402691707, 2.0974361149128526]}",0,COMPLETE
30,30,0.9817037740903477,0.999999984761339,2024-05-20 08:52:24.724300,2024-05-20 08:52:27.433360,0 days 00:00:02.709060,11.345924332087662,0.0013225980635805357,69.93726634507965,18.30903041790135,0.29513757373636895,"{'AUC_ROCs': [0.9953682945712456, 0.9959942066147303, 0.9537488210850671], 'S_relative_errors': [0.9999999557458532, 0.9999999991455025, 0.9999999993926612], 'X_relative_errors': [1.1803367419461988, 1.1812093192622162, 1.181911873317259], 'Sparsity': [1.0, 1.0, 1.0], 'converged': [0, 0, 0], 'iterations': [150, 150, 150], 'primal_residual': [array(0.32734927), array(0.3215399), array(0.32407216)], 'dual_residual': [array(0.5996203), array(0.00355215), array(0.00441129)], 'times': [2.1827169328462332, 2.4124293772038072, 2.2163639180362225]}",0,COMPLETE
31,31,0.9461326718750799,0.8378455761343231,2024-05-20 08:52:27.445476,2024-05-20 08:52:29.935405,0 days 00:00:02.489929,0.00557098067210933,50.67947175087674,0.007829140638410441,26.178059751119157,0.7748689040145599,"{'AUC_ROCs': [0.9460158956282559, 0.946437543375507, 0.9459445766214767], 'S_relative_errors': [0.8367764501508905, 0.8371045807403449, 0.8396556975117336], 'X_relative_errors': [2.1548324425911103, 2.226324443116802, 2.2116250044632153], 'Sparsity': [1.0, 1.0, 1.0], 'converged': [0, 0, 0], 'iterations': [150, 150, 150], 'primal_residual': [array(0.01058387), array(0.01021363), array(0.0109718)], 'dual_residual': [array(0.00097014), array(0.00085326), array(0.00094605)], 'times': [2.2201753759291023, 2.2139555665198714, 2.2249261487741023]}",0,COMPLETE
32,32,0.9346318146090923,0.9999229043128873,2024-05-20 08:52:29.954520,2024-05-20 08:52:31.407458,0 days 00:00:01.452938,0.9984960843017664,0.018433035537790146,0.022538588222457905,0.0037875053388432213,4.14592256404374,"{'AUC_ROCs': [0.8983951815664868, 0.9237513399352578, 0.9817489223255327], 'S_relative_errors': [1.0000001358646697, 0.9998790124445949, 0.9998895646293972], 'X_relative_errors': [5.959718143636977, 6.204918407219191, 5.898160614062751], 'Sparsity': [1.0, 1.0, 1.0], 'converged': [1, 1, 1], 'iterations': [50, 74, 78], 'primal_residual': [array(0.00060412), array(0.00021469), array(0.00077945)], 'dual_residual': [array(4.88671084e-05), array(0.0009789), array(0.00065093)], 'times': [0.741131997667253, 1.1130632758140564, 1.170114336302504]}",0,COMPLETE
33,33,0.9975805001867117,0.183094974067054,2024-05-20 08:52:31.428252,2024-05-20 08:52:33.903885,0 days 00:00:02.475633,0.8404428569160095,2.483989991320557e-05,0.004414506908809695,84.5826598105957,0.4726866164867805,"{'AUC_ROCs': [0.9975210150767775, 0.9973558626338099, 0.9978646228495477], 'S_relative_errors': [0.18244141144683879, 0.1836476083497258, 0.1831959024045974], 'X_relative_errors': [0.9888179644711786, 0.9906006189950595, 0.9907384484643633], 'Sparsity': [1.0, 1.0, 1.0], 'converged': [0, 0, 0], 'iterations': [150, 150, 150], 'primal_residual': [array(0.03622462), array(0.02961126), array(0.03148627)], 'dual_residual': [array(0.00287613), array(0.00398317), array(0.00443257)], 'times': [2.156681628199294, 2.1762116900645196, 2.1815829263068736]}",0,COMPLETE
34,34,0.9467374142429238,0.8381126793289765,2024-05-20 08:52:33.926910,2024-05-20 08:52:36.320919,0 days 00:00:02.394009,0.005204998274355964,22.768053697958475,0.7035496231263361,0.01118275731128033,2.6295406467181284,"{'AUC_ROCs': [0.9467235672342474, 0.9463858337382006, 0.9471028417563233], 'S_relative_errors': [0.8373655492721289, 0.8373715353197637, 0.8396009533950368], 'X_relative_errors': [5.030663432963208, 5.238368489818144, 4.994394837419249], 'Sparsity': [1.0, 1.0, 1.0], 'converged': [1, 1, 1], 'iterations': [140, 141, 140], 'primal_residual': [array(0.00098438), array(0.00095717), array(0.00098183)], 'dual_residual': [array(0.00032867), array(0.00030045), array(0.000316)], 'times': [2.05740307061933, 2.1079476568847895, 2.0956460046581924]}",0,COMPLETE
35,35,0.9475369049255616,0.8311080482375927,2024-05-20 08:52:36.344689,2024-05-20 08:52:38.848170,0 days 00:00:02.503481,0.0005171580627173603,6.499153231209718,95.30826331026614,0.9089000001454726,2.4679135928486455,"{'AUC_ROCs': [0.948211428839092, 0.9470684226926119, 0.9473308632449811], 'S_relative_errors': [0.8284738188296783, 0.8336190302680707, 0.8312312956150294], 'X_relative_errors': [1.0187544793918635, 1.0271504608287272, 1.0380211381493465], 'Sparsity': [1.0, 1.0, 1.0], 'converged': [0, 0, 0], 'iterations': [150, 150, 150], 'primal_residual': [array(0.26583869), array(0.22601074), array(0.28780048)], 'dual_residual': [array(0.02267523), array(0.01399938), array(0.01457517)], 'times': [2.192589727928862, 2.202696980210021, 2.203386925626546]}",0,COMPLETE
36,36,0.7180524322624272,0.9999999999456354,2024-05-20 08:52:38.870164,2024-05-20 08:52:39.985579,0 days 00:00:01.115415,10.632494163268117,0.0014606267844727988,0.004977083258363811,15.946770012463164,0.6362999171435767,"{'AUC_ROCs': [0.7377956368714287, 0.7163910637598895, 0.6999705961559635], 'S_relative_errors': [0.9999999999483264, 0.9999999999528871, 0.9999999999356923], 'X_relative_errors': [4.402292660230191, 4.569204075485061, 4.377786011129313], 'Sparsity': [1.0, 1.0, 1.0], 'converged': [1, 1, 1], 'iterations': [55, 55, 54], 'primal_residual': [array(0.00094895), array(0.00093605), array(0.00097671)], 'dual_residual': [array(2.67247826e-05), array(2.63686645e-05), array(2.75257699e-05)], 'times': [0.8137720595113933, 0.8196071009151638, 0.8105128393508494]}",0,COMPLETE
37,37,0.9778878912118855,0.723358811542871,2024-05-20 08:52:40.005549,2024-05-20 08:52:42.489170,0 days 00:00:02.483621,0.001845612815459697,3.686235432737046,0.027530126556462278,0.002615040390978858,82.95164495051559,"{'AUC_ROCs': [0.9773870432986095, 0.9774163831634086, 0.9788602471736381], 'S_relative_errors': [0.7196831961514821, 0.7311732558470195, 0.7192199826301113], 'X_relative_errors': [1.0129890874642578, 1.0162728471595153, 1.010282725297298], 'Sparsity': [1.0, 1.0, 1.0], 'converged': [0, 0, 0], 'iterations': [150, 150, 150], 'primal_residual': [array(0.64571518), array(0.64753458), array(0.67325876)], 'dual_residual': [array(0.07975517), array(0.07080528), array(0.08162496)], 'times': [2.1706205578520894, 2.1950332769192755, 2.1910209187772125]}",0,COMPLETE
38,38,0.9985496124668997,0.1092259621171363,2024-05-20 08:52:42.498650,2024-05-20 08:52:44.952319,0 days 00:00:02.453669,0.0714233103361511,0.011292589222908711,0.7703539318650411,0.15427141933055324,69.59131045468345,"{'AUC_ROCs': [0.9985419661090411, 0.9984412260941036, 0.9986656451975545], 'S_relative_errors': [0.11056261807920578, 0.10393191988111965, 0.11318334839108345], 'X_relative_errors': [0.9994502341246679, 0.9993111919802596, 0.9994667800040958], 'Sparsity': [1.0, 1.0, 1.0], 'converged': [0, 0, 0], 'iterations': [150, 150, 150], 'primal_residual': [array(0.00945445), array(0.00936283), array(0.00960062)], 'dual_residual': [array(0.00232102), array(0.00236305), array(0.00236925)], 'times': [2.147839164128527, 2.152929486706853, 2.169106962857768]}",0,COMPLETE
39,39,0.9398846262896897,0.8764002426131435,2024-05-20 08:52:44.977135,2024-05-20 08:52:47.532991,0 days 00:00:02.555856,0.0007960609964716127,0.04238923889243724,0.2532817034356456,0.016523245526112812,0.06281686811208093,"{'AUC_ROCs': [0.9417881792092548, 0.9375323665175452, 0.9403333331422693], 'S_relative_errors': [0.8747556289134133, 0.8763889256897133, 0.8780561732363038], 'X_relative_errors': [5.647944521884579, 5.895578331192415, 5.609268736209939], 'Sparsity': [1.0, 1.0, 1.0], 'converged': [0, 0, 0], 'iterations': [150, 150, 150], 'primal_residual': [array(0.05448149), array(0.05642743), array(0.04953914)], 'dual_residual': [array(0.03054237), array(0.03076434), array(0.03136492)], 'times': [2.2468041190877557, 2.229209976969287, 2.2623586556874216]}",0,COMPLETE
40,40,0.9974415962724815,0.9999999146960917,2024-05-20 08:52:47.547534,2024-05-20 08:52:48.355875,0 days 00:00:00.808341,2.105349218689262,0.0010509412973607156,0.33028960529693535,0.006655027703862762,0.01982839418104117,"{'AUC_ROCs': [0.9984275996367168, 0.9984775953110451, 0.9954195938696829], 'S_relative_errors': [0.9999999054829845, 0.999999905317997, 0.9999999332872938], 'X_relative_errors': [6.455816950250503, 6.726235145886634, 6.38733360938536], 'Sparsity': [1.0, 1.0, 1.0], 'converged': [1, 1, 1], 'iterations': [31, 31, 31], 'primal_residual': [array(0.0003382), array(0.00033752), array(0.00025858)], 'dual_residual': [array(2.90662307e-06), array(2.91963454e-06), array(2.67703028e-06)], 'times': [0.6013183330651373, 0.4714232727419585, 0.4635808663442731]}",0,COMPLETE
41,41,0.825489712149782,0.9364404314305116,2024-05-20 08:52:48.368249,2024-05-20 08:52:50.867358,0 days 00:00:02.499109,1.7836605817473343,9.866740525089166e-05,16.923081320215047,0.005969998915711752,0.9070235132063937,"{'AUC_ROCs': [0.836032380381086, 0.8170345341412246, 0.8234022219270349], 'S_relative_errors': [0.9359039802658659, 0.9351615978759009, 0.9382557161497682], 'X_relative_errors': [4.723859011934566, 4.912429841748459, 4.708229448758644], 'Sparsity': [1.0, 1.0, 1.0], 'converged': [0, 0, 0], 'iterations': [150, 150, 150], 'primal_residual': [array(0.0195893), array(0.01768041), array(0.01768908)], 'dual_residual': [array(0.01119248), array(0.01379768), array(0.01387426)], 'times': [2.2274598563089967, 2.254504334414378, 2.2580055410508066]}",0,COMPLETE
42,42,0.943571427923088,0.9033631411158446,2024-05-20 08:52:50.876343,2024-05-20 08:52:53.420399,0 days 00:00:02.544056,0.0006599316262188381,0.35572754214257685,0.0021281489799298437,0.0010019725042229217,0.1668873304657403,"{'AUC_ROCs': [0.9403639435217361, 0.9449871847699547, 0.9453631554775732], 'S_relative_errors': [0.9029288687065061, 0.9025897886379498, 0.9045707660030778], 'X_relative_errors': [5.841815193895385, 6.084331899223741, 5.789861027466735], 'Sparsity': [1.0, 1.0, 1.0], 'converged': [0, 0, 0], 'iterations': [150, 150, 150], 'primal_residual': [array(0.00134964), array(0.00134455), array(0.00132849)], 'dual_residual': [array(0.01837582), array(0.01830566), array(0.01827924)], 'times': [2.210848166141659, 2.2823394681327045, 2.2552565925288945]}",0,COMPLETE
43,43,0.998724901728569,0.5005864637588167,2024-05-20 08:52:53.448057,2024-05-20 08:52:56.005779,0 days 00:00:02.557722,0.006321695706784842,0.0005373634367644973,0.0351885917869437,0.20572510802753483,0.005211802368426952,"{'AUC_ROCs': [0.9989830202296095, 0.9983882342977243, 0.9988034506583735], 'S_relative_errors': [0.4984494999009076, 0.4964307350780146, 0.5068791562975278], 'X_relative_errors': [3.2252093683073775, 3.3466876860825523, 3.244866939949751], 'Sparsity': [1.0, 1.0, 1.0], 'converged': [0, 0, 0], 'iterations': [150, 150, 150], 'primal_residual': [array(0.00295172), array(0.00322794), array(0.00302223)], 'dual_residual': [array(0.06548528), array(0.06550888), array(0.06509244)], 'times': [2.252976719290018, 2.2393680876120925, 2.255981339374557]}",0,COMPLETE
44,44,0.9812164975312605,0.7692533584813765,2024-05-20 08:52:56.020644,2024-05-20 08:52:58.491861,0 days 00:00:02.471217,0.5773509022582369,3.7118501931707137,5.321393083574624,61.42501721486262,0.09922268382920976,"{'AUC_ROCs': [0.9819798980161106, 0.9806660897336337, 0.9810035048440369], 'S_relative_errors': [0.7620130265493399, 0.7772079295348205, 0.7685391193599691], 'X_relative_errors': [0.9950124002790554, 0.9961575560337612, 0.9956312387857131], 'Sparsity': [1.0, 1.0, 1.0], 'converged': [0, 0, 0], 'iterations': [150, 150, 150], 'primal_residual': [array(0.57827928), array(0.55953001), array(0.57348521)], 'dual_residual': [array(0.03453513), array(0.04599643), array(0.04577589)], 'times': [2.20298272324726, 2.1918898925650865, 2.1785810289438814]}",0,COMPLETE
45,45,0.9974505916707509,0.6080759662445708,2024-05-20 08:52:58.504784,2024-05-20 08:53:00.977405,0 days 00:00:02.472621,2.664114862751572,0.19241742000449336,18.686962403366525,0.09303085902750456,28.425932567297583,"{'AUC_ROCs': [0.9969225825204004, 0.9980572953945317, 0.9973718970973207], 'S_relative_errors': [0.6069509879170017, 0.6117448641147387, 0.6055320467019719], 'X_relative_errors': [0.9988699397780246, 0.9981784243837323, 0.9982832151545201], 'Sparsity': [1.0, 1.0, 1.0], 'converged': [0, 0, 0], 'iterations': [150, 150, 150], 'primal_residual': [array(0.02974933), array(0.0307353), array(0.02819844)], 'dual_residual': [array(0.0013295), array(0.00129899), array(0.00157824)], 'times': [2.1675774215254933, 2.1910330567043275, 2.200312396278605]}",0,COMPLETE
46,46,0.9516497953232964,1.000000101492658,2024-05-20 08:53:01.233183,2024-05-20 08:53:02.167369,0 days 00:00:00.934186,0.2536618809091246,0.0005199557221951879,0.07885683201322576,0.20482156695331372,0.005782843734425473,"{'AUC_ROCs': [0.9980365824889672, 0.9634783703503762, 0.8934344331305462], 'S_relative_errors': [1.0000002666530077, 1.000000064106099, 0.9999999737188672], 'X_relative_errors': [6.456696609424981, 6.727198599434312, 6.350778225380341], 'Sparsity': [1.0, 1.0, 1.0], 'converged': [1, 1, 1], 'iterations': [37, 35, 35], 'primal_residual': [array(0.0007727), array(0.00027646), array(0.00021598)], 'dual_residual': [array(2.75345628e-05), array(1.56390792e-05), array(1.42576305e-05)], 'times': [0.6860678510274738, 0.5260392623022199, 0.5321123718749732]}",0,COMPLETE
47,47,0.9981676257149389,0.13539293464353755,2024-05-20 08:53:02.192719,2024-05-20 08:53:04.634951,0 days 00:00:02.442232,0.028044471386177598,3.6472849286515584e-05,9.119713080016645,0.15048724716433645,0.04995602924163986,"{'AUC_ROCs': [0.9977935385338157, 0.9980966298452632, 0.9986127087657377], 'S_relative_errors': [0.13760219466218762, 0.1309191465967278, 0.1376574626716973], 'X_relative_errors': [1.0003817727442912, 1.0004161463100911, 1.0003471853881165], 'Sparsity': [1.0, 1.0, 1.0], 'converged': [0, 0, 0], 'iterations': [150, 150, 150], 'primal_residual': [array(0.00927859), array(0.00977476), array(0.00953996)], 'dual_residual': [array(0.00355514), array(0.00349498), array(0.00344358)], 'times': [2.1257749509532005, 2.1230924082919955, 2.139855592744425]}",0,COMPLETE
48,48,0.9444395938275334,0.8461020782344737,2024-05-20 08:53:04.658313,2024-05-20 08:53:07.190021,0 days 00:00:02.531708,0.049137863491745995,97.94694220018192,18.124186654771723,0.003052950039753633,0.13104895547553863,"{'AUC_ROCs': [0.9437465658178916, 0.9437308365018882, 0.9458413791628204], 'S_relative_errors': [0.8452730201532221, 0.8456678686396482, 0.8473653459105507], 'X_relative_errors': [3.927218700746125, 4.10400318870413, 3.965538629220425], 'Sparsity': [1.0, 1.0, 1.0], 'converged': [0, 0, 0], 'iterations': [150, 150, 150], 'primal_residual': [array(0.10035), array(0.1016322), array(0.09869102)], 'dual_residual': [array(0.01654703), array(0.01675428), array(0.01648072)], 'times': [2.2230580276809633, 2.239029986318201, 2.2336668574716896]}",0,COMPLETE
49,49,0.9271486253519314,0.9163750390229867,2024-05-20 08:53:07.222268,2024-05-20 08:53:09.847355,0 days 00:00:02.625087,0.12293819312579067,0.1999512409944597,0.034290301613853824,2.471704574502063,0.1503726987886846,"{'AUC_ROCs': [0.9291606785914964, 0.9270557495503198, 0.9252294479139781], 'S_relative_errors': [0.9115230342726885, 0.9214124793103902, 0.9161896034858816], 'X_relative_errors': [5.582876535545696, 5.880551179546915, 5.559553820282296], 'Sparsity': [1.0, 1.0, 1.0], 'converged': [0, 0, 0], 'iterations': [150, 150, 150], 'primal_residual': [array(0.00306928), array(0.00312167), array(0.00275154)], 'dual_residual': [array(0.00074122), array(0.00087238), array(0.00080588)], 'times': [2.2148417783901095, 2.3324276134371758, 2.2546958145685494]}",0,COMPLETE
50,50,0.9083165255587474,0.9679422764011352,2024-05-20 08:53:09.875583,2024-05-20 08:53:12.416340,0 days 00:00:02.540757,0.028689427192477822,0.07067643180458145,0.0351885917869437,0.4706725642648308,0.005211802368426952,"{'AUC_ROCs': [0.9095872030835898, 0.9078782938834267, 0.9074840797092262], 'S_relative_errors': [0.9675171746347365, 0.9675377093165749, 0.9687719452520941], 'X_relative_errors': [6.216607297371348, 6.477089799520367, 6.158857629477811], 'Sparsity': [1.0, 1.0, 1.0], 'converged': [0, 0, 0], 'iterations': [150, 150, 150], 'primal_residual': [array(0.00737176), array(0.00757555), array(0.00729047)], 'dual_residual': [array(0.00603416), array(0.00610465), array(0.00596093)], 'times': [2.243953087599948, 2.248453012201935, 2.269861821550876]}",1,COMPLETE
51,51,0.878275315110057,0.9449017903570186,2024-05-20 08:53:12.428871,2024-05-20 08:53:14.981274,0 days 00:00:02.552403,0.21933686660695773,22.55410172627153,12.026110318601768,1.568451806562236,0.009981237793532481,"{'AUC_ROCs': [0.8786861904156738, 0.8794307290816769, 0.8767090258328202], 'S_relative_errors': [0.946054698375161, 0.9425403889232993, 0.9461102837725955], 'X_relative_errors': [4.939353046163239, 5.113838262805639, 4.9135162554447], 'Sparsity': [1.0, 1.0, 1.0], 'converged': [0, 0, 0], 'iterations': [150, 150, 150], 'primal_residual': [array(0.00989783), array(0.01037272), array(0.01050656)], 'dual_residual': [array(0.00144547), array(0.00130844), array(0.00147685)], 'times': [2.2500252693425864, 2.2735992546658963, 2.2472737235948443]}",1,COMPLETE
52,52,0.9983338512697326,0.1496673269611832,2024-05-20 08:53:14.996656,2024-05-20 08:53:17.340185,0 days 00:00:02.343529,0.0004193550259460515,0.004527933418348849,1.0813593368235814,1.8096177639734994,0.6214729251563347,"{'AUC_ROCs': [0.9982280711449015, 0.9981651185733078, 0.9986083640909882], 'S_relative_errors': [0.15111805717231028, 0.1449338874244552, 0.15295003628678414], 'X_relative_errors': [0.9999562483114567, 0.9999553553645498, 0.9999616916792562], 'Sparsity': [1.0, 1.0, 1.0], 'converged': [0, 0, 0], 'iterations': [150, 150, 150], 'primal_residual': [array(0.00113075), array(0.00112001), array(0.00111252)], 'dual_residual': [array(0.00040837), array(0.00040963), array(0.00042005)], 'times': [2.0859420418273658, 2.091691336594522, 2.0858809237834066]}",1,COMPLETE
53,53,0.9982750936088994,0.14898001778903555,2024-05-20 08:53:17.369045,2024-05-20 08:53:19.816286,0 days 00:00:02.447241,0.005376228644057872,3.590756844620139e-05,6.962908987239782,0.7495914703016242,0.0032534910171287197,"{'AUC_ROCs': [0.9983645815340724, 0.9980185746531337, 0.9984421246394926], 'S_relative_errors': [0.15045095103495945, 0.1443518151699467, 0.15213728716220049], 'X_relative_errors': [1.0000947825383941, 1.000118139223014, 1.0002108973506594], 'Sparsity': [1.0, 1.0, 1.0], 'converged': [0, 0, 0], 'iterations': [150, 150, 150], 'primal_residual': [array(0.00792906), array(0.00766959), array(0.00763324)], 'dual_residual': [array(0.0051235), array(0.00507639), array(0.00487828)], 'times': [2.129022598033771, 2.144197651417926, 2.1446199535857886]}",1,COMPLETE
