,number,values_0,values_1,datetime_start,datetime_complete,duration,params_lda1,params_ldag,params_psi_1,params_psi_2,params_psi_3,user_attrs_metrics,system_attrs_nsga2:generation,state
135,135,0.9986956904941432,0.1045229202157058,2024-05-20 09:03:00.922407,2024-05-20 09:03:03.366364,0 days 00:00:02.443957,0.0006899706164382056,0.09388652290504264,7.522904942724009,0.0027031047449845827,96.91518734084283,"{'AUC_ROCs': [0.9987863802090905, 0.9986184585649248, 0.998682232708414], 'S_relative_errors': [0.1076865393534077, 0.10198208999005774, 0.10390013130365199], 'X_relative_errors': [0.9996844392018375, 0.9993779348801368, 0.9997309230074163], 'Sparsity': [1.0, 1.0, 1.0], 'converged': [0, 0, 0], 'iterations': [150, 150, 150], 'primal_residual': [array(0.05408779), array(0.05498134), array(0.05435871)], 'dual_residual': [array(0.01323081), array(0.01315359), array(0.01324963)], 'times': [2.1803488249424845, 2.1564104936551303, 2.1660828061867505]}",2,COMPLETE
136,136,0.9987582803659749,0.09236390818078993,2024-05-20 09:03:03.436393,2024-05-20 09:03:05.839972,0 days 00:00:02.403579,0.013216596886040962,0.13066368157690408,48.13603804769769,31.33023713745501,0.3823918812757517,"{'AUC_ROCs': [0.9987661856242096, 0.9985603365902719, 0.998948318883443], 'S_relative_errors': [0.09055689247362513, 0.08916196543827269, 0.09737286663047197], 'X_relative_errors': [0.9981239529553014, 0.9981177001166012, 0.998269012397814], 'Sparsity': [1.0, 1.0, 1.0], 'converged': [0, 0, 0], 'iterations': [150, 150, 150], 'primal_residual': [array(0.06816305), array(0.0610413), array(0.06792211)], 'dual_residual': [array(0.00505526), array(0.00388689), array(0.00499421)], 'times': [2.127436865121126, 2.1166330326814204, 2.1098333701957017]}",2,COMPLETE
137,137,0.9992681009068812,0.07580693530125023,2024-05-20 09:03:05.904760,2024-05-20 09:03:08.450680,0 days 00:00:02.545920,0.2858727432128136,0.09388652290504264,0.006572976522189108,0.17318525506089408,12.771948443957672,"{'AUC_ROCs': [0.9992669090742832, 0.9994080588439312, 0.999129334802429], 'S_relative_errors': [0.0816587263715765, 0.07262172534432558, 0.07314035418784857], 'X_relative_errors': [0.833080709516917, 0.7808253607399555, 0.760682937464572], 'Sparsity': [1.0, 1.0, 1.0], 'converged': [0, 0, 0], 'iterations': [150, 150, 150], 'primal_residual': [array(0.07043487), array(0.06132597), array(0.06435059)], 'dual_residual': [array(0.02214704), array(0.02367441), array(0.02531497)], 'times': [2.2688112610485405, 2.239174671471119, 2.239767052931711]}",2,COMPLETE
138,138,0.9982241788489494,0.15098453095112188,2024-05-20 09:03:08.493515,2024-05-20 09:03:10.947789,0 days 00:00:02.454274,0.006673012202668959,0.0004107566804025502,48.13603804769769,0.0029556606870264133,0.09571558194533349,"{'AUC_ROCs': [0.998367559594318, 0.9979571759640739, 0.9983478009884564], 'S_relative_errors': [0.15248206611470777, 0.14635638076253907, 0.1541151459761188], 'X_relative_errors': [0.9957823905863183, 0.9962775213107459, 0.9956304656161714], 'Sparsity': [1.0, 1.0, 1.0], 'converged': [0, 0, 0], 'iterations': [150, 150, 150], 'primal_residual': [array(0.10759132), array(0.10741012), array(0.11030153)], 'dual_residual': [array(0.02488835), array(0.02307278), array(0.02415045)], 'times': [2.1535095795989037, 2.1785757842008024, 2.1956503433175385]}",2,COMPLETE
139,139,0.9997556977089816,0.0688737284422068,2024-05-20 09:03:10.984742,2024-05-20 09:03:13.470854,0 days 00:00:02.486112,0.7019140103820792,0.037930562555656154,0.0032533741780664213,7.239049462971366,1.1327653177178028,"{'AUC_ROCs': [0.9997971845205278, 0.9997293634357762, 0.9997405451706411], 'S_relative_errors': [0.06816112546363003, 0.06879233270346903, 0.06966772715952131], 'X_relative_errors': [0.43901472274062525, 0.4639601545877105, 0.4604866736950423], 'Sparsity': [1.0, 1.0, 1.0], 'converged': [0, 0, 0], 'iterations': [150, 150, 150], 'primal_residual': [array(0.01774408), array(0.01931677), array(0.01718427)], 'dual_residual': [array(0.00338702), array(0.0043905), array(0.00415647)], 'times': [2.227985525270924, 2.206527064787224, 2.220058858394623]}",2,COMPLETE
140,140,0.9985363273339772,0.1273545422593397,2024-05-20 09:03:13.503070,2024-05-20 09:03:15.924243,0 days 00:00:02.421173,0.00027686912364795327,0.037930562555656154,12.805440244520822,0.23152814262112775,6.572681488873775,"{'AUC_ROCs': [0.9983328902155776, 0.9986276194874147, 0.9986484722989393], 'S_relative_errors': [0.1283672858275567, 0.12250982659463533, 0.13118651435582707], 'X_relative_errors': [0.9998903683841915, 0.9998831408005286, 0.9998915716093916], 'Sparsity': [1.0, 1.0, 1.0], 'converged': [0, 0, 0], 'iterations': [150, 150, 150], 'primal_residual': [array(0.01645282), array(0.01709066), array(0.01711756)], 'dual_residual': [array(0.00202752), array(0.0021698), array(0.00204097)], 'times': [2.111372794723138, 2.1385831348598003, 2.1072895091492683]}",2,COMPLETE
141,141,0.998526994036751,0.12639340050250017,2024-05-20 09:03:15.960210,2024-05-20 09:03:18.410732,0 days 00:00:02.450522,0.015190760214008165,0.037930562555656154,59.80627655980331,0.08280416192061914,4.277568409775029,"{'AUC_ROCs': [0.9981086830575056, 0.9984827331992349, 0.9989895658535126], 'S_relative_errors': [0.1270113640158581, 0.12175127107097604, 0.13041756642066632], 'X_relative_errors': [0.999820028529522, 0.9998025436082912, 0.9998097254188013], 'Sparsity': [1.0, 1.0, 1.0], 'converged': [0, 0, 0], 'iterations': [150, 150, 150], 'primal_residual': [array(0.01842912), array(0.01819804), array(0.01836584)], 'dual_residual': [array(0.00247736), array(0.00250082), array(0.00257926)], 'times': [2.174144665012136, 2.179948403732851, 2.1669447312597185]}",2,COMPLETE
142,142,0.9261833194401058,1.000000054930178,2024-05-20 09:03:18.450286,2024-05-20 09:03:19.276625,0 days 00:00:00.826339,1.9059820291720615,0.003297924112273716,0.006572976522189108,1.7170195050414094,0.002006428727869694,"{'AUC_ROCs': [0.9982108855130074, 0.894170657993936, 0.8861684148133737], 'S_relative_errors': [1.0000001877143385, 0.9999999873621936, 0.9999999897140022], 'X_relative_errors': [6.270717551768672, 6.532060145519433, 6.206004099048105], 'Sparsity': [1.0, 1.0, 1.0], 'converged': [1, 1, 1], 'iterations': [39, 36, 36], 'primal_residual': [array(0.00063297), array(9.59631302e-05), array(0.00010304)], 'dual_residual': [array(3.41999525e-05), array(1.34901982e-05), array(1.38863604e-05)], 'times': [0.5945033715106547, 0.5599929203744978, 0.5579621468205005]}",2,COMPLETE
143,143,0.9982251646714282,0.1517448532563702,2024-05-20 09:03:19.309825,2024-05-20 09:03:21.788194,0 days 00:00:02.478369,0.0002030535381881841,0.0009255489154649677,0.34179484113903547,11.033640445036067,0.05553224812230269,"{'AUC_ROCs': [0.9986454104527367, 0.9976079368036668, 0.9984221467578811], 'S_relative_errors': [0.15324338363997125, 0.14705052300676036, 0.15494065312237892], 'X_relative_errors': [1.0000126115562422, 0.9999940255954297, 1.000028866820414], 'Sparsity': [1.0, 1.0, 1.0], 'converged': [0, 0, 0], 'iterations': [150, 150, 150], 'primal_residual': [array(0.01326758), array(0.01260448), array(0.01421894)], 'dual_residual': [array(0.00468693), array(0.004741), array(0.00477437)], 'times': [2.2383224070072174, 2.2196520541328937, 2.2401727670803666]}",2,COMPLETE
144,144,0.9991970709530406,0.11410260484681657,2024-05-20 09:03:21.824958,2024-05-20 09:03:24.314109,0 days 00:00:02.489151,0.6876485024975777,0.0004107566804025502,0.44469895566280526,0.948224985336749,26.00746757583465,"{'AUC_ROCs': [0.9991889558759365, 0.9991931341345401, 0.9992091228486452], 'S_relative_errors': [0.11492897684706727, 0.10999821846278579, 0.11738061923059666], 'X_relative_errors': [0.9993870301169976, 0.9995819396140482, 0.999599655008125], 'Sparsity': [1.0, 1.0, 1.0], 'converged': [0, 0, 0], 'iterations': [150, 150, 150], 'primal_residual': [array(0.00722293), array(0.00534841), array(0.00575232)], 'dual_residual': [array(0.00120558), array(0.00123352), array(0.0012978)], 'times': [2.201702078105882, 2.2486606277525425, 2.2304994652513415]}",2,COMPLETE
145,145,0.9268811152636918,0.9998417144966464,2024-05-20 09:03:24.347809,2024-05-20 09:03:26.983104,0 days 00:00:02.635295,0.15064888254107905,0.001320907409165294,0.0011378297119513793,0.20976667981551644,0.0019168670129806305,"{'AUC_ROCs': [0.8811548556187196, 0.9609605584199822, 0.9385279317523736], 'S_relative_errors': [0.9995251291701054, 1.0000001819326947, 0.9999998323871389], 'X_relative_errors': [6.461150754092885, 6.735046968042101, 6.395197950858944], 'Sparsity': [1.0, 1.0, 1.0], 'converged': [0, 1, 1], 'iterations': [150, 102, 114], 'primal_residual': [array(0.00767409), array(0.00083534), array(0.00054635)], 'dual_residual': [array(0.00207917), array(4.27185657e-05), array(2.66825193e-05)], 'times': [2.3533603528048843, 1.6246016875375062, 1.8020458715036511]}",2,COMPLETE
146,146,0.9449767257706597,0.9999999804086617,2024-05-20 09:03:27.019007,2024-05-20 09:03:28.409409,0 days 00:00:01.390402,0.11596023469483804,2.18780581317843e-05,0.009557889367154643,0.01094011277477855,0.0051561476056934,"{'AUC_ROCs': [0.9498641719542489, 0.9568688518959397, 0.9281971534617905], 'S_relative_errors': [0.9999999976508731, 0.9999999887708952, 0.9999999548042166], 'X_relative_errors': [6.488392017733262, 6.760476124325338, 6.41891995426323], 'Sparsity': [1.0, 1.0, 1.0], 'converged': [1, 1, 1], 'iterations': [75, 60, 61], 'primal_residual': [array(0.00057576), array(0.00081389), array(0.00080631)], 'dual_residual': [array(3.69010094e-06), array(4.42853997e-06), array(5.30773308e-06)], 'times': [1.1693918511737138, 0.9627846458461136, 0.968526478856802]}",2,COMPLETE
147,147,0.9992587864278718,0.8788018662376239,2024-05-20 09:03:28.446728,2024-05-20 09:03:31.104764,0 days 00:00:02.658036,0.0011194953052686915,0.0006025212708769553,0.0023771755872490736,0.01094011277477855,0.0051561476056934,"{'AUC_ROCs': [0.9991331790318145, 0.9993290260344211, 0.9993141542173798], 'S_relative_errors': [0.878664782604181, 0.8787357187692597, 0.8790050973394311], 'X_relative_errors': [5.7023677489264974, 5.941958374621447, 5.643463347462494], 'Sparsity': [1.0, 1.0, 1.0], 'converged': [0, 0, 0], 'iterations': [150, 150, 150], 'primal_residual': [array(0.00259471), array(0.00256476), array(0.00260244)], 'dual_residual': [array(0.00266728), array(0.00265666), array(0.00264947)], 'times': [2.4179733565542847, 2.373817755142227, 2.3900446330662817]}",2,COMPLETE
148,148,0.9993714106486196,0.10393248069281691,2024-05-20 09:03:31.149103,2024-05-20 09:03:33.616664,0 days 00:00:02.467561,0.8478484361662891,0.06011852279887228,12.805440244520822,20.736449005352824,25.073880989539333,"{'AUC_ROCs': [0.9993582017582527, 0.9994686646126336, 0.9992873655749724], 'S_relative_errors': [0.10411417001447941, 0.10242214748282195, 0.10526112458114933], 'X_relative_errors': [0.9997338150026523, 0.9997565493544522, 0.9997788816889053], 'Sparsity': [1.0, 1.0, 1.0], 'converged': [0, 0, 0], 'iterations': [150, 150, 150], 'primal_residual': [array(0.02132232), array(0.02001887), array(0.02011547)], 'dual_residual': [array(0.00203864), array(0.00174157), array(0.00184833)], 'times': [2.1615178072825074, 2.222838204819709, 2.175013229250908]}",2,COMPLETE
149,149,0.9988641704276428,0.11810531345328336,2024-05-20 09:03:33.652163,2024-05-20 09:03:36.153229,0 days 00:00:02.501066,0.4974276279250016,0.0009255489154649677,4.234205341598625,19.340698944497742,0.09571558194533349,"{'AUC_ROCs': [0.9988348672226327, 0.9989455209222263, 0.9988121231380692], 'S_relative_errors': [0.11879938128669655, 0.1154569250048486, 0.12005963406830494], 'X_relative_errors': [0.9999297385550511, 0.9997926246595836, 0.9998736111767874], 'Sparsity': [1.0, 1.0, 1.0], 'converged': [0, 0, 0], 'iterations': [150, 150, 150], 'primal_residual': [array(0.00325073), array(0.00348449), array(0.00316638)], 'dual_residual': [array(0.00134311), array(0.00131166), array(0.00134988)], 'times': [2.2081862178165466, 2.244719371199608, 2.244816243648529]}",2,COMPLETE
150,150,0.99917290626162,0.1130230425107206,2024-05-20 09:03:36.219547,2024-05-20 09:03:38.742063,0 days 00:00:02.522516,0.8478484361662891,0.001052046911815713,30.465939484569887,0.012850171473297613,0.27701024654081324,"{'AUC_ROCs': [0.9991421410160182, 0.9990095795323928, 0.9993669982364489], 'S_relative_errors': [0.11318752407657971, 0.11145634937449729, 0.1144252540810848], 'X_relative_errors': [0.998055225339723, 0.9981972332004586, 0.9983640223701197], 'Sparsity': [1.0, 1.0, 1.0], 'converged': [0, 0, 0], 'iterations': [150, 150, 150], 'primal_residual': [array(0.01922688), array(0.01665114), array(0.01656942)], 'dual_residual': [array(0.00608239), array(0.00743939), array(0.00791592)], 'times': [2.248078229604289, 2.279824486002326, 2.2691494273021817]}",3,COMPLETE
151,151,0.9833562495513865,0.9999999018940846,2024-05-20 09:03:38.781604,2024-05-20 09:03:39.510382,0 days 00:00:00.728778,4.110495819197066,0.10209685438131962,0.2029723156311289,0.23152814262112775,0.23779594806851362,"{'AUC_ROCs': [0.9835542816933748, 0.9835802792523958, 0.9829341877083889], 'S_relative_errors': [0.9999999013788561, 0.9999999017034361, 0.999999902599962], 'X_relative_errors': [6.411535726762533, 6.679759729586925, 6.343749187226996], 'Sparsity': [1.0, 1.0, 1.0], 'converged': [1, 1, 1], 'iterations': [31, 31, 31], 'primal_residual': [array(0.00045494), array(0.00045303), array(0.00045636)], 'dual_residual': [array(1.40536544e-05), array(1.40150522e-05), array(1.40818192e-05)], 'times': [0.4908310940954834, 0.4838763209991157, 0.49339476227760315]}",3,COMPLETE
152,152,0.9993227948347304,0.0925338526911016,2024-05-20 09:03:39.550516,2024-05-20 09:03:42.068174,0 days 00:00:02.517658,0.2858727432128136,0.09388652290504264,99.50320734623438,0.0014129870998496263,12.771948443957672,"{'AUC_ROCs': [0.9994000058155585, 0.9992890809583226, 0.9992792977303102], 'S_relative_errors': [0.09263201855062378, 0.08903423810222554, 0.09593530142045553], 'X_relative_errors': [0.9990571761026183, 0.9989046037362361, 0.9989494916229953], 'Sparsity': [1.0, 1.0, 1.0], 'converged': [0, 0, 0], 'iterations': [150, 150, 150], 'primal_residual': [array(0.05242737), array(0.05334366), array(0.05518526)], 'dual_residual': [array(0.01898666), array(0.01935651), array(0.01979453)], 'times': [2.2488073168788105, 2.2795289794448763, 2.2794264496769756]}",3,COMPLETE
153,153,0.9994264398817752,0.21859116621725103,2024-05-20 09:03:42.107387,2024-05-20 09:03:44.717310,0 days 00:00:02.609923,1.9059820291720615,0.27440807335773726,0.006572976522189108,0.17318525506089408,12.771948443957672,"{'AUC_ROCs': [0.9992615337373254, 0.9994187201161236, 0.9995990657918763], 'S_relative_errors': [0.21973489708698946, 0.22106753474966273, 0.21497106681510084], 'X_relative_errors': [0.5734002437997269, 0.5789434415617662, 0.5559422982531032], 'Sparsity': [1.0, 1.0, 1.0], 'converged': [0, 0, 0], 'iterations': [150, 150, 150], 'primal_residual': [array(0.04683726), array(0.04761172), array(0.0474048)], 'dual_residual': [array(0.00268873), array(0.0030467), array(0.00314623)], 'times': [2.324325392022729, 2.368082513101399, 2.3706415463238955]}",3,COMPLETE
154,154,0.928880854070242,0.9999999184521081,2024-05-20 09:03:44.754596,2024-05-20 09:03:45.494701,0 days 00:00:00.740105,0.8478484361662891,0.11371101489422522,0.0011378297119513793,0.023459700392656394,0.0069146548161333,"{'AUC_ROCs': [0.9547010020948755, 0.9161114883187635, 0.9158300717970872], 'S_relative_errors': [1.000000067910949, 0.9999998470104914, 0.9999998404348841], 'X_relative_errors': [6.487384776442135, 6.759405706124735, 6.380712353914458], 'Sparsity': [1.0, 1.0, 1.0], 'converged': [1, 1, 1], 'iterations': [33, 30, 30], 'primal_residual': [array(0.00031668), array(0.00090085), array(0.00094525)], 'dual_residual': [array(6.75380465e-06), array(6.03285536e-06), array(7.69213039e-06)], 'times': [0.5058293049223721, 0.4716857778839767, 0.46521520148962736]}",3,COMPLETE
155,155,0.9997653906930125,0.07090831621531514,2024-05-20 09:03:45.531061,2024-05-20 09:03:48.067772,0 days 00:00:02.536711,0.7019140103820792,0.05713073318986201,0.0032533741780664213,7.239049462971366,1.1327653177178028,"{'AUC_ROCs': [0.9996776466033372, 0.9997564437456177, 0.9998620817300823], 'S_relative_errors': [0.07195016358114921, 0.07114340170408501, 0.06963138336071122], 'X_relative_errors': [0.43187412318813073, 0.42886203441657783, 0.4036578047309693], 'Sparsity': [1.0, 1.0, 1.0], 'converged': [0, 0, 0], 'iterations': [150, 150, 150], 'primal_residual': [array(0.01983068), array(0.02169814), array(0.01937945)], 'dual_residual': [array(0.00337707), array(0.00409452), array(0.00415117)], 'times': [2.316004126565531, 2.26791879395023, 2.263857620069757]}",3,COMPLETE
156,156,0.9462712872253772,0.8639458574723365,2024-05-20 09:03:48.144019,2024-05-20 09:03:50.699942,0 days 00:00:02.555923,0.8478484361662891,7.028726928170113,0.006572976522189108,0.17318525506089408,12.771948443957672,"{'AUC_ROCs': [0.9460615456607779, 0.9471407533778639, 0.9456115626374899], 'S_relative_errors': [0.8645304621332411, 0.8614245607256528, 0.8658825495581162], 'X_relative_errors': [3.972208538136316, 4.119813802453909, 3.950390774379582], 'Sparsity': [1.0, 1.0, 1.0], 'converged': [0, 0, 0], 'iterations': [150, 150, 150], 'primal_residual': [array(0.00359347), array(0.00191041), array(0.00322549)], 'dual_residual': [array(0.00043014), array(0.00045), array(0.0002209)], 'times': [2.2283585362602025, 2.2908355961553752, 2.256279760040343]}",3,COMPLETE
157,157,0.9987261246601875,0.0925394882885479,2024-05-20 09:03:50.736733,2024-05-20 09:03:53.184168,0 days 00:00:02.447435,0.013216596886040962,0.13066368157690408,7.522904942724009,31.33023713745501,0.007370511428314676,"{'AUC_ROCs': [0.9985441687614841, 0.998444075459102, 0.9991901297599768], 'S_relative_errors': [0.09802553982218237, 0.08532901472656726, 0.09426391031689402], 'X_relative_errors': [0.9974593072723026, 0.9969535394831465, 0.9970492602389533], 'Sparsity': [1.0, 1.0, 1.0], 'converged': [0, 0, 0], 'iterations': [150, 150, 150], 'primal_residual': [array(0.06856408), array(0.0634317), array(0.07205777)], 'dual_residual': [array(0.0088761), array(0.00856436), array(0.00890495)], 'times': [2.153141185408458, 2.2131346699316055, 2.178056144155562]}",3,COMPLETE
158,158,0.9991843871619954,0.09858983745965177,2024-05-20 09:03:53.218610,2024-05-20 09:03:55.587190,0 days 00:00:02.368580,0.5570128928061987,0.046074320656329146,7.522904942724009,12.786425227884996,2.809797988081976,"{'AUC_ROCs': [0.9992448779159417, 0.9992202005665325, 0.9990880830035118], 'S_relative_errors': [0.09841860895977617, 0.09837009648842812, 0.09898080693075101], 'X_relative_errors': [0.9996315286271928, 0.9996330985561053, 0.9996290992874175], 'Sparsity': [1.0, 1.0, 1.0], 'converged': [0, 0, 0], 'iterations': [150, 150, 150], 'primal_residual': [array(0.02035353), array(0.02035985), array(0.02069011)], 'dual_residual': [array(0.00183665), array(0.00195539), array(0.00185595)], 'times': [2.100254883756861, 2.1007227424997836, 2.125884890789166]}",3,COMPLETE
159,159,0.6831713492742496,0.9999999999978485,2024-05-20 09:03:55.654897,2024-05-20 09:03:57.012980,0 days 00:00:01.358083,5.719234448271977,0.01778888367902861,7.522904942724009,0.01094011277477855,0.0051561476056934,"{'AUC_ROCs': [0.6847519693253616, 0.6900212980830338, 0.6747407804143535], 'S_relative_errors': [0.9999999999993062, 0.9999999999973191, 0.99999999999692], 'X_relative_errors': [5.792527027071168, 6.024810758816465, 5.8319610574348895], 'Sparsity': [1.0, 1.0, 1.0], 'converged': [1, 1, 1], 'iterations': [73, 70, 70], 'primal_residual': [array(0.00075025), array(0.00096987), array(0.00094682)], 'dual_residual': [array(2.18408628e-05), array(2.7511759e-05), array(2.68514548e-05)], 'times': [1.1349527521524578, 1.0752886410336941, 1.0756724383682013]}",3,COMPLETE
