,number,values_0,values_1,datetime_start,datetime_complete,duration,params_lda1,params_ldag,params_psi_1,params_psi_2,params_psi_3,user_attrs_metrics,system_attrs_nsga2:generation,state
54,54,0.946526725730597,0.8383346887917141,2024-05-20 08:59:40.833063,2024-05-20 08:59:43.485401,0 days 00:00:02.652338,0.0010302411005101918,16.25482565963655,34.49438586079462,0.0792340114815056,1.615100961017298,"{'AUC_ROCs': [0.9463970888843245, 0.9463621481044843, 0.9468209402029824], 'S_relative_errors': [0.8378529315415953, 0.8376069951563796, 0.8395441396771678], 'X_relative_errors': [2.7291676593389704, 2.833765894707567, 2.7943374210891627], 'Sparsity': [1.0, 1.0, 1.0], 'converged': [0, 0, 0], 'iterations': [150, 150, 150], 'primal_residual': [array(0.03433032), array(0.03568551), array(0.03227065)], 'dual_residual': [array(0.00084867), array(0.00087935), array(0.00082278)], 'times': [2.352253270568326, 2.217267039930448, 2.229513654485345]}",1,COMPLETE
55,55,0.9938069211748376,1.0000000486431784,2024-05-20 08:59:43.519353,2024-05-20 08:59:44.289860,0 days 00:00:00.770507,9.880272329218686,0.09032078334487675,0.04077346288998642,0.03688318090252548,0.00538483966576405,"{'AUC_ROCs': [0.9931856745262048, 0.994953102545449, 0.9932819864528589], 'S_relative_errors': [1.0000000486193839, 1.0000000484760616, 1.0000000488340894], 'X_relative_errors': [6.481993204623801, 6.744085210977364, 6.412678835420065], 'Sparsity': [1.0, 1.0, 1.0], 'converged': [1, 1, 1], 'iterations': [31, 31, 31], 'primal_residual': [array(0.00019253), array(0.00019061), array(0.0001953)], 'dual_residual': [array(4.22460196e-06), array(4.17651486e-06), array(4.26627597e-06)], 'times': [0.471278821118176, 0.4687127296347171, 0.47369245416484773]}",1,COMPLETE
56,56,0.9986686640437706,0.1372049653920902,2024-05-20 08:59:44.321697,2024-05-20 08:59:46.767073,0 days 00:00:02.445376,0.12118292810746233,0.005985536092942374,0.31495091659114727,82.04767014913779,48.206454371603826,"{'AUC_ROCs': [0.9983346202090813, 0.9985537677416257, 0.9991176041806051], 'S_relative_errors': [0.13826945225011028, 0.13304951682662905, 0.14029592709953126], 'X_relative_errors': [0.9999933771731551, 0.9999973062445155, 0.9999913995517847], 'Sparsity': [1.0, 1.0, 1.0], 'converged': [0, 0, 0], 'iterations': [150, 150, 150], 'primal_residual': [array(0.001656), array(0.0017556), array(0.00170627)], 'dual_residual': [array(0.00055446), array(0.00055958), array(0.00055881)], 'times': [2.1040338124148548, 2.142372503178194, 2.1218458167277277]}",1,COMPLETE
57,57,0.9475082602300989,0.8374659828135659,2024-05-20 08:59:46.781845,2024-05-20 08:59:49.292956,0 days 00:00:02.511111,0.209751596236899,75.43598593943699,0.0011378297119513793,7.239049462971366,47.37028231917017,"{'AUC_ROCs': [0.9477338703109597, 0.9472292839272647, 0.9475616264520726], 'S_relative_errors': [0.836866335313395, 0.8365520184266897, 0.8389795947006128], 'X_relative_errors': [0.9953599252238159, 0.9956877590131332, 0.9959332017680511], 'Sparsity': [1.0, 1.0, 1.0], 'converged': [0, 0, 0], 'iterations': [150, 150, 150], 'primal_residual': [array(0.08520589), array(0.08161358), array(0.08982917)], 'dual_residual': [array(0.00469408), array(0.00468299), array(0.00465748)], 'times': [2.168476611142978, 2.297010654117912, 2.208053700160235]}",1,COMPLETE
58,58,0.9986441678233403,0.12527911714065423,2024-05-20 08:59:49.309126,2024-05-20 08:59:51.691832,0 days 00:00:02.382706,0.0014561573216799106,0.037930562555656154,9.16255570781682,35.15328785283636,4.277568409775029,"{'AUC_ROCs': [0.9986925666774443, 0.9983599527829309, 0.9988799840096456], 'S_relative_errors': [0.12582447853268572, 0.12138090601935454, 0.12863196686992248], 'X_relative_errors': [0.9999870784204178, 0.9999649694075021, 0.9999860486892556], 'Sparsity': [1.0, 1.0, 1.0], 'converged': [0, 0, 0], 'iterations': [150, 150, 150], 'primal_residual': [array(0.01544354), array(0.01670404), array(0.01541673)], 'dual_residual': [array(0.00185786), array(0.00186758), array(0.00190223)], 'times': [2.1316150904167444, 2.093464421806857, 2.096404768526554]}",1,COMPLETE
59,59,0.9986369887670364,0.35240612530611176,2024-05-20 08:59:51.726723,2024-05-20 08:59:54.226768,0 days 00:00:02.500045,0.35877857953583875,1.2601547697604512,0.009557889367154643,55.053983899469884,6.909716774759722,"{'AUC_ROCs': [0.998137044138506, 0.9988746051125458, 0.9988993170500575], 'S_relative_errors': [0.35232566242632873, 0.35454503129940335, 0.35034768219260315], 'X_relative_errors': [0.9878566969840935, 0.9882120395036392, 0.9896825115340478], 'Sparsity': [1.0, 1.0, 1.0], 'converged': [0, 0, 0], 'iterations': [150, 150, 150], 'primal_residual': [array(0.17302282), array(0.16560097), array(0.16937176)], 'dual_residual': [array(0.01123938), array(0.00883719), array(0.01068842)], 'times': [2.15986126777716, 2.15414381865412, 2.1757323862984776]}",1,COMPLETE
60,60,0.9481011628624564,0.8371514659061315,2024-05-20 08:59:54.245137,2024-05-20 08:59:56.771558,0 days 00:00:02.526421,0.44867631889594956,12.196602781012436,0.0016992639698006874,0.2713601658921592,55.31604436154879,"{'AUC_ROCs': [0.9496044149770663, 0.9475295975011236, 0.9471694761091793], 'S_relative_errors': [0.8352641751822187, 0.8368286327275865, 0.8393615898085894], 'X_relative_errors': [0.9941446766498429, 0.9943816905459785, 0.9948095612796255], 'Sparsity': [1.0, 1.0, 1.0], 'converged': [0, 0, 0], 'iterations': [150, 150, 150], 'primal_residual': [array(0.08250181), array(0.0821751), array(0.08584717)], 'dual_residual': [array(0.00217771), array(0.00207391), array(0.00216399)], 'times': [2.2026463081128895, 2.1959692775271833, 2.2578641443978995]}",1,COMPLETE
61,61,0.998813142133808,0.14856055424543135,2024-05-20 08:59:56.806813,2024-05-20 08:59:59.226427,0 days 00:00:02.419614,0.0014561573216799106,0.0050223169324151865,0.7569302763430249,1.7170195050414094,88.6853353911019,"{'AUC_ROCs': [0.9990718075122729, 0.998447395569088, 0.9989202233200629], 'S_relative_errors': [0.1497809129733799, 0.14397635335755427, 0.15192439640535996], 'X_relative_errors': [0.9999743316315765, 0.999988826585114, 0.9999939334961133], 'Sparsity': [1.0, 1.0, 1.0], 'converged': [0, 0, 0], 'iterations': [150, 150, 150], 'primal_residual': [array(0.00284886), array(0.0028315), array(0.00297544)], 'dual_residual': [array(0.00088252), array(0.00087491), array(0.0008707)], 'times': [2.1037808069959283, 2.1029040245339274, 2.0978311363141984]}",1,COMPLETE
62,62,0.9347780476377471,0.9562129606339339,2024-05-20 08:59:59.264928,2024-05-20 09:00:01.838191,0 days 00:00:02.573263,0.026199118102939702,0.11371101489422522,0.0011378297119513793,0.20976667981551644,0.006683051507886946,"{'AUC_ROCs': [0.9356595212142576, 0.9353222326730137, 0.93335238902597], 'S_relative_errors': [0.9559922971451181, 0.9566070927903843, 0.9560394919662994], 'X_relative_errors': [6.178274134296499, 6.441278636204598, 6.112706604561277], 'Sparsity': [1.0, 1.0, 1.0], 'converged': [0, 0, 0], 'iterations': [150, 150, 150], 'primal_residual': [array(0.00330849), array(0.00288499), array(0.00323393)], 'dual_residual': [array(0.00620493), array(0.00595539), array(0.00594477)], 'times': [2.2422417763154954, 2.268055656692013, 2.272781921317801]}",1,COMPLETE
63,63,0.946743771248222,0.8379247647966083,2024-05-20 09:00:01.856063,2024-05-20 09:00:04.390957,0 days 00:00:02.534894,0.0011295639200224739,3.2038414776871686,11.222396444615612,0.08280416192061914,0.03563437322789429,"{'AUC_ROCs': [0.9465329057314568, 0.9468490902240998, 0.9468493177891095], 'S_relative_errors': [0.8370276215748281, 0.8369282610661413, 0.8398184117488553], 'X_relative_errors': [4.408152892044009, 4.587834035935076, 4.40583239030078], 'Sparsity': [1.0, 1.0, 1.0], 'converged': [0, 0, 0], 'iterations': [150, 150, 150], 'primal_residual': [array(0.11927054), array(0.12321371), array(0.12022115)], 'dual_residual': [array(0.02268895), array(0.0221884), array(0.02124998)], 'times': [2.2419627481140196, 2.223072762368247, 2.2517525595612824]}",1,COMPLETE
64,64,0.9982143963733215,0.15129929577634604,2024-05-20 09:00:04.428164,2024-05-20 09:00:06.816375,0 days 00:00:02.388211,0.013216596886040962,1.43876672782202e-05,48.13603804769769,20.913788078996184,0.9479858327855266,"{'AUC_ROCs': [0.997823813368301, 0.9981716519563392, 0.9986477237953244], 'S_relative_errors': [0.1527725560907774, 0.1466531246579851, 0.15447220658027563], 'X_relative_errors': [1.000103377180735, 1.000108826156077, 1.0001120944860429], 'Sparsity': [1.0, 1.0, 1.0], 'converged': [0, 0, 0], 'iterations': [150, 150, 150], 'primal_residual': [array(0.00369423), array(0.00368685), array(0.00374243)], 'dual_residual': [array(0.00080363), array(0.00078655), array(0.00079788)], 'times': [2.0781616589520127, 2.097373246680945, 2.081766111077741]}",1,COMPLETE
65,65,0.99886768609083,0.1091196188675298,2024-05-20 09:00:06.832010,2024-05-20 09:00:09.328641,0 days 00:00:02.496631,0.209751596236899,0.046074320656329146,30.465939484569887,0.0010956344824468495,21.432800039699675,"{'AUC_ROCs': [0.9990398335251965, 0.9988945337040723, 0.998668691043221], 'S_relative_errors': [0.11045005557667116, 0.10518140143423388, 0.11172739959168437], 'X_relative_errors': [0.999742572450955, 0.9996619211359904, 0.9998186213511974], 'Sparsity': [1.0, 1.0, 1.0], 'converged': [0, 0, 0], 'iterations': [150, 150, 150], 'primal_residual': [array(0.03004808), array(0.02887617), array(0.03049092)], 'dual_residual': [array(0.02037361), array(0.02028711), array(0.0206278)], 'times': [2.171659388113767, 2.2060008784756064, 2.1623431434854865]}",1,COMPLETE
66,66,0.9460765511583288,0.9576556839442972,2024-05-20 09:00:09.357717,2024-05-20 09:00:12.129622,0 days 00:00:02.771905,0.0011194953052686915,15.581620690982644,0.02139019259674831,0.01094011277477855,0.0051561476056934,"{'AUC_ROCs': [0.9456978425011596, 0.9460254922983913, 0.9465063186754354], 'S_relative_errors': [0.9575422705380611, 0.9573060804523463, 0.9581187008424845], 'X_relative_errors': [6.212146347087438, 6.471031749266067, 6.149340328358973], 'Sparsity': [1.0, 1.0, 1.0], 'converged': [0, 0, 0], 'iterations': [150, 150, 150], 'primal_residual': [array(0.00068028), array(0.00059425), array(0.0006868)], 'dual_residual': [array(0.00323087), array(0.00325376), array(0.00322811)], 'times': [2.470417132601142, 2.3126384948845953, 2.2584552310872823]}",1,COMPLETE
67,67,0.9975344458125758,1.0000001615332847,2024-05-20 09:00:12.164298,2024-05-20 09:00:13.023494,0 days 00:00:00.859196,0.5570128928061987,0.000728864603671096,0.031907505463242926,0.0015464661421479007,0.0022520752294904996,"{'AUC_ROCs': [0.9953413537182259, 0.9983641145957234, 0.9988978691237782], 'S_relative_errors': [0.999999964661232, 1.0000003255467993, 1.0000001943918233], 'X_relative_errors': [6.476634051541135, 6.759817526537577, 6.385456628731997], 'Sparsity': [1.0, 1.0, 1.0], 'converged': [1, 1, 1], 'iterations': [41, 34, 36], 'primal_residual': [array(0.00013313), array(0.0009216), array(0.00064527)], 'dual_residual': [array(1.01253669e-06), array(4.90227275e-06), array(1.72310016e-06)], 'times': [0.6275703066494316, 0.5101398047991097, 0.5455915539059788]}",1,COMPLETE
68,68,0.9991789691347615,0.09138035226913947,2024-05-20 09:00:13.050310,2024-05-20 09:00:15.596130,0 days 00:00:02.545820,0.4974276279250016,0.037930562555656154,12.805440244520822,0.003915039985616481,0.09571558194533349,"{'AUC_ROCs': [0.9990055194129793, 0.9992040652538015, 0.9993273227375035], 'S_relative_errors': [0.09058226675861479, 0.09105642821213174, 0.09250236183667188], 'X_relative_errors': [0.8910294161187249, 0.8925613677156558, 0.8785945257481309], 'Sparsity': [1.0, 1.0, 1.0], 'converged': [0, 0, 0], 'iterations': [150, 150, 150], 'primal_residual': [array(0.03099397), array(0.02825807), array(0.0288408)], 'dual_residual': [array(0.00802755), array(0.00729733), array(0.00749629)], 'times': [2.264326430624351, 2.262570444960147, 2.287231259047985]}",1,COMPLETE
69,69,0.9985945715607526,0.11455409676094297,2024-05-20 09:00:15.632059,2024-05-20 09:00:18.064475,0 days 00:00:02.432416,0.0010496406845605741,0.3432282187052217,34.49438586079462,22.26421219410064,1.615100961017298,"{'AUC_ROCs': [0.9985493108582464, 0.9985431695823321, 0.998691234241679], 'S_relative_errors': [0.11287401493473612, 0.11331727736274401, 0.11747099798534874], 'X_relative_errors': [0.9957366011086561, 0.9957676562927652, 0.9951151737317367], 'Sparsity': [1.0, 1.0, 1.0], 'converged': [0, 0, 0], 'iterations': [150, 150, 150], 'primal_residual': [array(0.08676199), array(0.08523581), array(0.10952603)], 'dual_residual': [array(0.00458314), array(0.00401848), array(0.00697772)], 'times': [2.0875821283552796, 2.141151924850419, 2.1049485774710774]}",1,COMPLETE
70,70,0.9987566507858122,0.1336499202046961,2024-05-20 09:00:18.085858,2024-05-20 09:00:20.520855,0 days 00:00:02.434997,0.209751596236899,0.001320907409165294,35.29838203297991,7.239049462971366,21.432800039699675,"{'AUC_ROCs': [0.9987748266697318, 0.9986844110380397, 0.9988107146496652], 'S_relative_errors': [0.13563881359041646, 0.12903835532236033, 0.1362725917013115], 'X_relative_errors': [1.0000763173850509, 1.0000723947734562, 1.0000696617272813], 'Sparsity': [1.0, 1.0, 1.0], 'converged': [0, 0, 0], 'iterations': [150, 150, 150], 'primal_residual': [array(0.00213402), array(0.00211482), array(0.00213534)], 'dual_residual': [array(0.00138772), array(0.00138212), array(0.00140453)], 'times': [2.0835379019845277, 2.1044853064231575, 2.160176905337721]}",1,COMPLETE
71,71,0.9562861424398426,0.8057233972053918,2024-05-20 09:00:20.546687,2024-05-20 09:00:23.072114,0 days 00:00:02.525427,0.0005129188151204271,3.7560488946036266,69.98201093672394,0.09352013568606692,0.6526184110330727,"{'AUC_ROCs': [0.9581836025886727, 0.9547766866761287, 0.9558981380547262], 'S_relative_errors': [0.8014794868502293, 0.8119445918451584, 0.8037461129207878], 'X_relative_errors': [1.466376351909828, 1.539782824591967, 1.5380614206563261], 'Sparsity': [1.0, 1.0, 1.0], 'converged': [0, 0, 0], 'iterations': [150, 150, 150], 'primal_residual': [array(0.30100155), array(0.21476722), array(0.2925238)], 'dual_residual': [array(0.02451912), array(0.02275732), array(0.02894457)], 'times': [2.2248881263658404, 2.2247080479282886, 2.218124433653429]}",1,COMPLETE
72,72,0.9605234535637192,0.7990509419778372,2024-05-20 09:00:23.090056,2024-05-20 09:00:25.661136,0 days 00:00:02.571080,0.7635761531521008,3.7560488946036266,69.98201093672394,4.270986277695209,0.6526184110330727,"{'AUC_ROCs': [0.962686156279195, 0.9584885002165909, 0.9603957041953716], 'S_relative_errors': [0.7922611937845788, 0.8076824764890731, 0.7972091556598596], 'X_relative_errors': [1.1350884242193036, 1.1869053649190424, 1.191713587282062], 'Sparsity': [1.0, 1.0, 1.0], 'converged': [0, 0, 0], 'iterations': [150, 150, 150], 'primal_residual': [array(0.48603523), array(0.42593536), array(0.45389772)], 'dual_residual': [array(0.02639676), array(0.03375432), array(0.02191301)], 'times': [2.1892279374878854, 2.3135981608647853, 2.265641868347302]}",1,COMPLETE
73,73,0.9991752880249569,0.11037893783726772,2024-05-20 09:00:25.694057,2024-05-20 09:00:28.217823,0 days 00:00:02.523766,0.8478484361662891,0.001052046911815713,0.003891539922098857,20.736449005352824,0.09571558194533349,"{'AUC_ROCs': [0.9991333772391752, 0.9991334878522983, 0.9992589989833975], 'S_relative_errors': [0.11176738430432659, 0.1073431854946639, 0.11202624371281268], 'X_relative_errors': [1.0015620874230062, 1.0012544673718415, 1.0016520942542375], 'Sparsity': [1.0, 1.0, 1.0], 'converged': [0, 0, 0], 'iterations': [150, 150, 150], 'primal_residual': [array(0.14231876), array(0.1396664), array(0.1457623)], 'dual_residual': [array(0.02850393), array(0.02562352), array(0.02480566)], 'times': [2.1736491492483765, 2.2114008087664843, 2.2128135259263217]}",1,COMPLETE
74,74,0.7619071111276713,0.9999999999986335,2024-05-20 09:00:28.255846,2024-05-20 09:00:30.798022,0 days 00:00:02.542176,6.417668808563085,0.0014772850981137518,11.222396444615612,0.42029029515071425,0.6478804424052093,"{'AUC_ROCs': [0.7836428897981396, 0.7371301586905077, 0.7649482848943665], 'S_relative_errors': [0.9999999999982674, 0.9999999999987688, 0.9999999999988645], 'X_relative_errors': [5.349556202495477, 5.563766465537723, 5.316990385318636], 'Sparsity': [1.0, 1.0, 1.0], 'converged': [0, 0, 0], 'iterations': [150, 150, 150], 'primal_residual': [array(0.00377696), array(0.00317658), array(0.00309838)], 'dual_residual': [array(0.00010546), array(8.87244444e-05), array(8.65152457e-05)], 'times': [2.2402276599314064, 2.267503202194348, 2.275237021734938]}",1,COMPLETE
75,75,0.998499739823775,0.14785707545831261,2024-05-20 09:00:30.839032,2024-05-20 09:00:33.318425,0 days 00:00:02.479393,0.0008290111851576464,0.005985536092942374,0.251399428296822,24.262639911129206,48.206454371603826,"{'AUC_ROCs': [0.9984973245534619, 0.998480110285726, 0.9985217846321373], 'S_relative_errors': [0.14934063867332376, 0.14328577664266348, 0.15094481105895063], 'X_relative_errors': [0.9999878218962153, 0.9999905991851283, 0.999991146311352], 'Sparsity': [1.0, 1.0, 1.0], 'converged': [0, 0, 0], 'iterations': [150, 150, 150], 'primal_residual': [array(0.00222693), array(0.00224185), array(0.00229717)], 'dual_residual': [array(0.00060064), array(0.00060029), array(0.00060675)], 'times': [2.1163032595068216, 2.1274413438513875, 2.1900469155516475]}",1,COMPLETE
76,76,0.998666531318615,0.104295082326934,2024-05-20 09:00:33.354777,2024-05-20 09:00:35.826681,0 days 00:00:02.471904,0.0003776041083188989,0.09032078334487675,13.49117124639017,0.03688318090252548,0.00538483966576405,"{'AUC_ROCs': [0.9986923581514418, 0.9985279826977144, 0.9987792531066894], 'S_relative_errors': [0.10965156930879684, 0.09462669034143004, 0.10860698733057512], 'X_relative_errors': [0.9978488520956768, 0.9429158759039764, 0.9891809683590644], 'Sparsity': [1.0, 1.0, 1.0], 'converged': [0, 0, 0], 'iterations': [150, 150, 150], 'primal_residual': [array(0.18755877), array(0.18694756), array(0.18485247)], 'dual_residual': [array(0.08155922), array(0.08135795), array(0.08133502)], 'times': [2.172086737351492, 2.2161754618864506, 2.196474695345387]}",1,COMPLETE
77,77,0.9986812484651869,0.10776333517875787,2024-05-20 09:00:35.848079,2024-05-20 09:00:38.401838,0 days 00:00:02.553759,0.15064888254107905,0.054698431490465084,0.44469895566280526,0.20976667981551644,47.37028231917017,"{'AUC_ROCs': [0.9983341321037713, 0.9986666902590103, 0.9990429230327789], 'S_relative_errors': [0.10824703528729883, 0.1056981015715788, 0.10934486867739603], 'X_relative_errors': [0.9990294005572916, 0.9989029030572377, 0.9990381215261654], 'Sparsity': [1.0, 1.0, 1.0], 'converged': [0, 0, 0], 'iterations': [150, 150, 150], 'primal_residual': [array(0.03203834), array(0.03368113), array(0.03354556)], 'dual_residual': [array(0.00321252), array(0.00317314), array(0.00329562)], 'times': [2.2844758075661957, 2.2038689695764333, 2.235463290475309]}",1,COMPLETE
78,78,0.9987539544803239,0.9999998716762072,2024-05-20 09:00:38.418868,2024-05-20 09:00:39.140512,0 days 00:00:00.721644,6.417668808563085,0.00024266896452739312,0.04590775242013933,0.0025095392967190606,0.4358360224505857,"{'AUC_ROCs': [0.999136237413187, 0.9982985510099047, 0.9988270750178799], 'S_relative_errors': [0.9999998716207712, 0.9999998709771114, 0.9999998724307393], 'X_relative_errors': [6.43082213000202, 6.700040861558327, 6.362332385010929], 'Sparsity': [1.0, 1.0, 1.0], 'converged': [1, 1, 1], 'iterations': [31, 31, 31], 'primal_residual': [array(0.00043684), array(0.00043658), array(0.00043735)], 'dual_residual': [array(3.53518168e-06), array(3.54455021e-06), array(3.49227365e-06)], 'times': [0.46044208109378815, 0.4683472590986639, 0.47372428863309324]}",1,COMPLETE
79,79,0.9997341060802342,0.07077838810593619,2024-05-20 09:00:39.176929,2024-05-20 09:00:41.725832,0 days 00:00:02.548903,0.7019140103820792,0.05713073318986201,0.0032533741780664213,7.239049462971366,1.1327653177178028,"{'AUC_ROCs': [0.9996883698110673, 0.9996625971030221, 0.9998513513266134], 'S_relative_errors': [0.0706739713640318, 0.07140838196457777, 0.07025281098919901], 'X_relative_errors': [0.40960049992689274, 0.43358652141604465, 0.4102615545623571], 'Sparsity': [1.0, 1.0, 1.0], 'converged': [0, 0, 0], 'iterations': [150, 150, 150], 'primal_residual': [array(0.02050721), array(0.02176078), array(0.01846815)], 'dual_residual': [array(0.00343288), array(0.00406796), array(0.00411125)], 'times': [2.212762493873015, 2.192181543679908, 2.258604437345639]}",1,COMPLETE
80,80,0.9986976669185766,0.12518774278783557,2024-05-20 09:00:41.744023,2024-05-20 09:00:44.265905,0 days 00:00:02.521882,0.35877857953583875,3.651323203555342e-05,0.9631592763536225,9.500414622551293,0.09571558194533349,"{'AUC_ROCs': [0.9985444511146001, 0.9988183258078769, 0.9987302238332527], 'S_relative_errors': [0.12610302369994114, 0.12122406053726721, 0.12823614412629836], 'X_relative_errors': [0.9999542007547886, 0.9999311464127408, 0.9999522956408723], 'Sparsity': [1.0, 1.0, 1.0], 'converged': [0, 0, 0], 'iterations': [150, 150, 150], 'primal_residual': [array(0.00432481), array(0.00393163), array(0.00422031)], 'dual_residual': [array(0.0013056), array(0.00129747), array(0.00132105)], 'times': [2.2295094046276063, 2.255077202571556, 2.144628637470305]}",1,COMPLETE
