,number,values_0,values_1,datetime_start,datetime_complete,duration,params_lda1,params_ldag,params_psi_1,params_psi_2,params_psi_3,user_attrs_metrics,system_attrs_nsga2:generation,state
54,54,0.6723844371600828,0.9999999999999639,2024-05-20 06:47:08.723204,2024-05-20 06:47:11.301226,0 days 00:00:02.578022,13.230624537455363,5.452454489279976,0.9890269812811995,16.430475007527313,4.023853313326787,"{'AUC_ROCs': [0.5556965409180857, 0.6771119901406867, 0.7843447804214757], 'S_relative_errors': [0.9999999999999376, 0.9999999999999714, 0.9999999999999827], 'X_relative_errors': [7.114180503086489, 7.352947106525106, 6.734359676460927], 'Sparsity': [1.0, 1.0, 1.0], 'converged': [1, 0, 0], 'iterations': [131, 150, 150], 'primal_residual': [array(0.00098977), array(0.00127414), array(0.00132307)], 'dual_residual': [array(1.63694011e-05), array(1.7718764e-05), array(4.48706591e-05)], 'times': [1.959802143741399, 2.237687909277156, 2.2688103416003287]}",1,COMPLETE
55,55,0.9956234972738961,0.04329810847842693,2024-05-20 06:47:11.334740,2024-05-20 06:47:14.154083,0 days 00:00:02.819343,0.0020730235741356676,0.019034078027124268,1.1240839359629922,0.5739382792258241,0.10366595830833036,"{'AUC_ROCs': [0.9970998216101209, 0.9959259521673556, 0.9938447180442118], 'S_relative_errors': [0.042532580993779316, 0.04428117352235461, 0.043080570919146854], 'X_relative_errors': [0.42744049509227927, 0.4684082552997611, 0.41837468627878305], 'Sparsity': [1.0, 1.0, 1.0], 'converged': [0, 0, 0], 'iterations': [150, 150, 150], 'primal_residual': [array(0.10872817), array(0.10107129), array(0.09135446)], 'dual_residual': [array(0.03347813), array(0.03535826), array(0.03285394)], 'times': [2.2693018207792193, 2.262398462044075, 2.4837711984291673]}",1,COMPLETE
56,56,0.9973006131398888,0.07942131170154516,2024-05-20 06:47:14.188205,2024-05-20 06:47:16.651934,0 days 00:00:02.463729,0.004261669883996838,0.20941333304380608,74.86864341695573,2.7014170899628156,0.9682076470675842,"{'AUC_ROCs': [0.9982379240568149, 0.9976736821087565, 0.9959902332540949], 'S_relative_errors': [0.08013839951492728, 0.07734849190338473, 0.08077704368632349], 'X_relative_errors': [0.9912888120772634, 0.9920702856171256, 0.9927070435687723], 'Sparsity': [1.0, 1.0, 1.0], 'converged': [0, 0, 0], 'iterations': [150, 150, 150], 'primal_residual': [array(0.09196024), array(0.08715118), array(0.08078297)], 'dual_residual': [array(0.00599758), array(0.00559472), array(0.00574742)], 'times': [2.1142838816158473, 2.1193826720118523, 2.1550058494322]}",1,COMPLETE
57,57,0.9953702807735515,0.09900469919398149,2024-05-20 06:47:16.684694,2024-05-20 06:47:19.319145,0 days 00:00:02.634451,0.015872870451482647,0.0007239605205599588,74.98790603902603,0.41894150886617576,8.661736963036553,"{'AUC_ROCs': [0.9970759000331572, 0.9957469862009735, 0.9932879560865239], 'S_relative_errors': [0.09887667339136721, 0.09481335228716435, 0.10332407190341292], 'X_relative_errors': [0.9999443766035676, 0.9999424203441829, 0.9999225972531562], 'Sparsity': [1.0, 1.0, 1.0], 'converged': [0, 0, 0], 'iterations': [150, 150, 150], 'primal_residual': [array(0.00377553), array(0.00371193), array(0.00363901)], 'dual_residual': [array(0.00237198), array(0.00233314), array(0.00231447)], 'times': [2.1049452300649136, 2.1113415802828968, 2.2754377068486065]}",1,COMPLETE
58,58,0.995050352466811,0.10189982983407246,2024-05-20 06:47:19.342949,2024-05-20 06:47:21.888837,0 days 00:00:02.545888,0.0024988261286156585,0.005148095876584383,10.5941535701526,0.14229111125048083,4.023853313326787,"{'AUC_ROCs': [0.9965684573968416, 0.9958960363545265, 0.9926865636490645], 'S_relative_errors': [0.10169595303767834, 0.09770034744903912, 0.10630318901549991], 'X_relative_errors': [0.9998439083717942, 0.9998589958697132, 0.9998591701561084], 'Sparsity': [1.0, 1.0, 1.0], 'converged': [0, 0, 0], 'iterations': [150, 150, 150], 'primal_residual': [array(0.00287954), array(0.00275165), array(0.00268931)], 'dual_residual': [array(0.00099963), array(0.00098606), array(0.00100355)], 'times': [2.0824405539315194, 2.097436777083203, 2.213856073562056]}",1,COMPLETE
59,59,0.9953098012356589,0.10098332703296113,2024-05-20 06:47:21.922140,2024-05-20 06:47:24.494690,0 days 00:00:02.572550,0.009854584404814926,0.00011417938562889982,0.02401659919944314,0.691850549083004,0.540891274646093,"{'AUC_ROCs': [0.9967707227035729, 0.9955972671825383, 0.9935614138208659], 'S_relative_errors': [0.09931618126668226, 0.09721243227906629, 0.1064213675531348], 'X_relative_errors': [0.982332911126794, 0.9962722763971671, 1.0035799269706818], 'Sparsity': [1.0, 1.0, 1.0], 'converged': [0, 0, 0], 'iterations': [150, 150, 150], 'primal_residual': [array(0.05218771), array(0.05175993), array(0.0582786)], 'dual_residual': [array(0.02024354), array(0.0192981), array(0.01756255)], 'times': [2.230307538062334, 2.216410302789882, 2.261562565341592]}",1,COMPLETE
60,60,0.9951663318231413,0.0947628668414792,2024-05-20 06:47:24.530640,2024-05-20 06:47:27.126247,0 days 00:00:02.595607,0.0002995763548612406,0.019034078027124268,1.1240839359629922,0.3043924681295865,1.8519935164669503,"{'AUC_ROCs': [0.996875415880041, 0.9951101883458197, 0.9935133912435633], 'S_relative_errors': [0.09379037768313499, 0.09048587650926385, 0.10001234633203875], 'X_relative_errors': [0.9800146412862254, 0.97807078789051, 0.989925745111718], 'Sparsity': [1.0, 1.0, 1.0], 'converged': [0, 0, 0], 'iterations': [150, 150, 150], 'primal_residual': [array(0.01319645), array(0.01432331), array(0.01351232)], 'dual_residual': [array(0.00178459), array(0.00184123), array(0.00194381)], 'times': [2.1477867474313825, 2.144899021834135, 2.1928080634679645]}",1,COMPLETE
61,61,0.9972769048380181,0.08126962738227052,2024-05-20 06:47:27.140134,2024-05-20 06:47:29.721468,0 days 00:00:02.581334,0.004261669883996838,0.20941333304380608,1.5348844188648474,26.705839296079322,0.9682076470675842,"{'AUC_ROCs': [0.9979073371882153, 0.9973472194814508, 0.9965761578443886], 'S_relative_errors': [0.07916766920023612, 0.0816000732485705, 0.08304113969800496], 'X_relative_errors': [0.9919787580575338, 0.992825528520514, 0.9929219059292469], 'Sparsity': [1.0, 1.0, 1.0], 'converged': [0, 0, 0], 'iterations': [150, 150, 150], 'primal_residual': [array(0.08916062), array(0.07871218), array(0.08692244)], 'dual_residual': [array(0.00629611), array(0.00477365), array(0.00576353)], 'times': [2.1164525258354843, 2.119610791327432, 2.267274875426665]}",1,COMPLETE
62,62,0.9955863743415554,0.0952564892801036,2024-05-20 06:47:29.759324,2024-05-20 06:47:32.295845,0 days 00:00:02.536521,0.0024988261286156585,0.01991503433689941,0.9890269812811995,0.14229111125048083,4.023853313326787,"{'AUC_ROCs': [0.997112955759565, 0.9958324854435875, 0.9938136818215138], 'S_relative_errors': [0.0954141210562473, 0.09102786829774857, 0.09932747848631496], 'X_relative_errors': [0.9999443712430668, 0.9999300102560891, 0.9999372950626347], 'Sparsity': [1.0, 1.0, 1.0], 'converged': [0, 0, 0], 'iterations': [150, 150, 150], 'primal_residual': [array(0.01032705), array(0.00993862), array(0.00903571)], 'dual_residual': [array(0.00161687), array(0.00152708), array(0.00145468)], 'times': [2.1753317448310554, 2.135810988722369, 2.235974761657417]}",1,COMPLETE
63,63,0.9947842256037838,0.10565430296669572,2024-05-20 06:47:32.322925,2024-05-20 06:47:34.910830,0 days 00:00:02.587905,0.00014166962889120723,4.291705919814883e-05,0.041276295154040854,0.8983214844221064,0.21838035107083006,"{'AUC_ROCs': [0.9962270658541603, 0.9954467574223591, 0.9926788535348317], 'S_relative_errors': [0.10527970788342265, 0.10148248837464857, 0.11020071264201589], 'X_relative_errors': [1.0001743554937383, 1.0001991123620133, 1.0001911035394622], 'Sparsity': [1.0, 1.0, 1.0], 'converged': [0, 0, 0], 'iterations': [150, 150, 150], 'primal_residual': [array(0.06999202), array(0.05301108), array(0.06187047)], 'dual_residual': [array(0.01327225), array(0.01916411), array(0.01180322)], 'times': [2.2117735873907804, 2.167179191019386, 2.265784099465236]}",1,COMPLETE
64,64,0.994167844374935,0.12275719996812325,2024-05-20 06:47:34.945082,2024-05-20 06:47:37.539438,0 days 00:00:02.594356,0.0010110557276767746,3.371052471516375e-05,0.2821446209475893,0.6278825203283749,0.018998659930242957,"{'AUC_ROCs': [0.9964054000685828, 0.9938121432040296, 0.9922859898521929], 'S_relative_errors': [0.12369923380322162, 0.12124251385275629, 0.12332985224839185], 'X_relative_errors': [1.1767587325799866, 1.196493769593657, 1.1212602862970025], 'Sparsity': [1.0, 1.0, 1.0], 'converged': [0, 0, 0], 'iterations': [150, 150, 150], 'primal_residual': [array(0.19230995), array(0.17056472), array(0.17003101)], 'dual_residual': [array(0.12325919), array(0.12403009), array(0.1202785)], 'times': [2.2395138398278505, 2.2143669954966754, 2.282853132346645]}",1,COMPLETE
65,65,0.9951699383951089,0.31222854743616196,2024-05-20 06:47:37.579708,2024-05-20 06:47:40.212972,0 days 00:00:02.633264,0.0003347076560282899,1.5244958543679215,0.03267253060480561,66.73211548178645,0.668120191074638,"{'AUC_ROCs': [0.9956171489008548, 0.9964145716675599, 0.9934780946169122], 'S_relative_errors': [0.3059101135221153, 0.3122612604151603, 0.3185142683712102], 'X_relative_errors': [0.990304960111608, 0.9925473068203551, 0.9922470193352703], 'Sparsity': [1.0, 1.0, 1.0], 'converged': [0, 0, 0], 'iterations': [150, 150, 150], 'primal_residual': [array(0.29433075), array(0.2762349), array(0.27501866)], 'dual_residual': [array(0.02363035), array(0.0245038), array(0.02631392)], 'times': [2.1995939197950065, 2.184278762433678, 2.3275662248488516]}",1,COMPLETE
66,66,0.9358181649567112,1.000000058283389,2024-05-20 06:47:40.253682,2024-05-20 06:47:41.176301,0 days 00:00:00.922619,0.44932909862749565,2.2658354750034814e-05,0.07399024264090158,0.691850549083004,0.540891274646093,"{'AUC_ROCs': [0.994253770070027, 0.9944525792876046, 0.8187481455125021], 'S_relative_errors': [1.0000001033405757, 1.0000001037626212, 0.9999999677469705], 'X_relative_errors': [9.34314388935686, 9.691125064084446, 8.922080189715267], 'Sparsity': [1.0, 1.0, 1.0], 'converged': [1, 1, 1], 'iterations': [37, 37, 35], 'primal_residual': [array(0.00051119), array(0.00050756), array(0.00027348)], 'dual_residual': [array(3.46591758e-05), array(3.4486408e-05), array(1.31957606e-05)], 'times': [0.5561175120528787, 0.5542372248601168, 0.6034624073654413]}",1,COMPLETE
67,67,0.6779479697182396,0.9990654163298222,2024-05-20 06:47:41.195010,2024-05-20 06:47:43.821330,0 days 00:00:02.626320,2.5765405832876653,1.3915996432292672,0.13749855891582677,5.20952801666876,20.184069685599987,"{'AUC_ROCs': [0.8068376406984088, 0.759596213210099, 0.46741005524621065], 'S_relative_errors': [0.9989232408856138, 0.9991070347896561, 0.9991659733141968], 'X_relative_errors': [6.61503131202485, 6.837541876396395, 6.248115715282034], 'Sparsity': [1.0, 1.0, 1.0], 'converged': [0, 0, 0], 'iterations': [150, 150, 150], 'primal_residual': [array(0.0042478), array(0.01353419), array(0.01195621)], 'dual_residual': [array(0.00036497), array(0.00041466), array(0.00036405)], 'times': [2.2566266029607505, 2.246053741313517, 2.312499560881406]}",1,COMPLETE
68,68,0.997744101235453,0.07336534735220095,2024-05-20 06:47:43.855618,2024-05-20 06:47:46.433848,0 days 00:00:02.578230,0.004261669883996838,0.20941333304380608,0.0011048258074880274,2.7014170899628156,6.184530703802844,"{'AUC_ROCs': [0.9983646886703814, 0.9980476318101174, 0.9968199832258603], 'S_relative_errors': [0.07160837370475226, 0.07548909674396395, 0.07299857160788661], 'X_relative_errors': [0.56004591018363, 0.6176526356804597, 0.5416448622872655], 'Sparsity': [1.0, 1.0, 1.0], 'converged': [0, 0, 0], 'iterations': [150, 150, 150], 'primal_residual': [array(0.04459426), array(0.04587903), array(0.04408348)], 'dual_residual': [array(0.0067155), array(0.00648929), array(0.00669569)], 'times': [2.195376768708229, 2.2258034001570195, 2.2845769294071943]}",1,COMPLETE
69,69,0.993388688140617,0.14522602435358567,2024-05-20 06:47:46.452062,2024-05-20 06:47:49.163118,0 days 00:00:02.711056,0.5567402707217224,0.00012502077306200676,0.26296485719196994,1.0892534820561117,22.041618109313976,"{'AUC_ROCs': [0.9944477112341379, 0.9938897297809202, 0.9918286234067931], 'S_relative_errors': [0.14260348697635578, 0.14564408013351196, 0.14743050595088925], 'X_relative_errors': [0.9245934678353124, 0.9006998532071685, 0.9273879606648208], 'Sparsity': [1.0, 1.0, 1.0], 'converged': [0, 0, 0], 'iterations': [150, 150, 150], 'primal_residual': [array(0.0364146), array(0.03475243), array(0.03510331)], 'dual_residual': [array(0.00146327), array(0.00132166), array(0.00114628)], 'times': [2.184910863870755, 2.1605634500738233, 2.3755901840049773]}",1,COMPLETE
70,70,0.9790789967301573,0.5359391007813031,2024-05-20 06:47:49.203863,2024-05-20 06:47:51.773884,0 days 00:00:02.570021,0.00045452503983679803,26.624932666355647,1.5348844188648474,0.002129692175832544,0.9682076470675842,"{'AUC_ROCs': [0.9798391698095691, 0.9788717748116796, 0.9785260455692232], 'S_relative_errors': [0.5332125733194126, 0.5346743123845267, 0.53993041663997], 'X_relative_errors': [4.842219611014736, 5.03624409954139, 4.68235512908979], 'Sparsity': [1.0, 1.0, 1.0], 'converged': [0, 0, 0], 'iterations': [150, 150, 150], 'primal_residual': [array(0.01612654), array(0.01505466), array(0.01686375)], 'dual_residual': [array(0.02310824), array(0.02227315), array(0.02074616)], 'times': [2.2345018493942916, 2.2392960574943572, 2.2563467209693044]}",1,COMPLETE
71,71,0.9949236752162239,0.09916250328771485,2024-05-20 06:47:51.817622,2024-05-20 06:47:54.298482,0 days 00:00:02.480860,0.0002459166957627763,0.013094804985170289,6.120711562175665,16.430475007527313,3.1974572141152096,"{'AUC_ROCs': [0.9962990500326919, 0.9958270324745271, 0.9926449431414526], 'S_relative_errors': [0.09876803896322445, 0.09506351073729388, 0.10365596016262624], 'X_relative_errors': [1.000068436711149, 1.0000672105920412, 1.0000671909163088], 'Sparsity': [1.0, 1.0, 1.0], 'converged': [0, 0, 0], 'iterations': [150, 150, 150], 'primal_residual': [array(0.00376735), array(0.00387696), array(0.00410838)], 'dual_residual': [array(0.00134299), array(0.00131949), array(0.00128512)], 'times': [2.0802309797145426, 2.0786356108728796, 2.155417328933254]}",1,COMPLETE
72,72,0.9948692069222114,0.09891303023035047,2024-05-20 06:47:54.337275,2024-05-20 06:47:57.075815,0 days 00:00:02.738540,0.0006973575115661025,0.013094804985170289,0.002588292848805871,17.58248527860148,3.1974572141152096,"{'AUC_ROCs': [0.996496950174971, 0.9954268594210463, 0.9926838111706171], 'S_relative_errors': [0.09833438035734632, 0.09492713582519646, 0.10347757450850861], 'X_relative_errors': [0.9994821084690271, 0.999545529694463, 0.999469852063754], 'Sparsity': [1.0, 1.0, 1.0], 'converged': [0, 0, 0], 'iterations': [150, 150, 150], 'primal_residual': [array(0.05136255), array(0.05020349), array(0.04959149)], 'dual_residual': [array(0.01156047), array(0.01154253), array(0.01168044)], 'times': [2.144844538066536, 2.150033018551767, 2.3963566762395203]}",1,COMPLETE
73,73,0.9933141299762073,0.27570950835517816,2024-05-20 06:47:57.119418,2024-05-20 06:47:59.984763,0 days 00:00:02.865345,0.00014166962889120723,4.291705919814883e-05,0.041276295154040854,0.2453943829271293,0.21838035107083006,"{'AUC_ROCs': [0.9955841086499757, 0.9936884889228511, 0.9906697923557948], 'S_relative_errors': [0.2782961885484894, 0.27688201508456517, 0.2719503214324798], 'X_relative_errors': [2.6409890026920215, 2.725867043342101, 2.4654141739560105], 'Sparsity': [1.0, 1.0, 1.0], 'converged': [0, 0, 0], 'iterations': [150, 150, 150], 'primal_residual': [array(0.1081456), array(0.11849208), array(0.11388404)], 'dual_residual': [array(0.10652499), array(0.10489845), array(0.11234598)], 'times': [2.2627068352885544, 2.259632564848289, 2.556836484000087]}",1,COMPLETE
74,74,0.9716654639245185,0.9999999729835473,2024-05-20 06:48:00.004941,2024-05-20 06:48:00.844023,0 days 00:00:00.839082,0.2616649252706153,4.291705919814883e-05,0.041276295154040854,0.2618570557035114,0.004398869402008469,"{'AUC_ROCs': [0.9833892837196654, 0.9914971178746355, 0.9401099901792545], 'S_relative_errors': [1.0000000151764195, 1.0000000211325384, 0.999999882641684], 'X_relative_errors': [9.45909481935759, 9.812580831924516, 9.035921328149936], 'Sparsity': [1.0, 1.0, 1.0], 'converged': [1, 1, 1], 'iterations': [38, 37, 33], 'primal_residual': [array(9.73265918e-05), array(0.00012833), array(0.00060435)], 'dual_residual': [array(6.23347818e-07), array(4.97488788e-07), array(8.94715249e-06)], 'times': [0.5707113656681031, 0.5572148861829191, 0.5052468462381512]}",1,COMPLETE
75,75,0.9948235869985487,0.1051987403733497,2024-05-20 06:48:00.883423,2024-05-20 06:48:03.524842,0 days 00:00:02.641419,0.00022280960642917695,0.0007811689413597332,60.37269588495636,0.2618570557035114,7.4911842526835075,"{'AUC_ROCs': [0.9966450910107528, 0.9947512790655906, 0.9930743909193029], 'S_relative_errors': [0.10483569992014057, 0.10101368179868721, 0.10974683940122132], 'X_relative_errors': [0.9998435421724375, 0.9998193560034392, 0.9998450810304965], 'Sparsity': [1.0, 1.0, 1.0], 'converged': [0, 0, 0], 'iterations': [150, 150, 150], 'primal_residual': [array(0.00676945), array(0.00661595), array(0.00650632)], 'dual_residual': [array(0.00196885), array(0.00195908), array(0.00196267)], 'times': [2.1066137908492237, 2.1109581033233553, 2.248189325677231]}",1,COMPLETE
76,76,0.9950323111243707,0.07557766533124179,2024-05-20 06:48:03.551500,2024-05-20 06:48:06.087878,0 days 00:00:02.536378,0.10161324519171361,0.0028489432066514477,4.9933166773606885,0.02508323749093422,6.184530703802844,"{'AUC_ROCs': [0.9972773482096489, 0.9954264926241756, 0.9923930925392876], 'S_relative_errors': [0.07561716988459, 0.0720891609748363, 0.07902666513429908], 'X_relative_errors': [0.9928091418377184, 0.9782612257462859, 0.9910330915275389], 'Sparsity': [1.0, 1.0, 1.0], 'converged': [0, 0, 0], 'iterations': [150, 150, 150], 'primal_residual': [array(0.01685162), array(0.02178602), array(0.01562841)], 'dual_residual': [array(0.00181504), array(0.00163347), array(0.00191185)], 'times': [2.17558591067791, 2.1765276931691915, 2.2306828750297427]}",1,COMPLETE
77,77,0.9978549604951513,0.10109001051876972,2024-05-20 06:48:06.126807,2024-05-20 06:48:08.816640,0 days 00:00:02.689833,0.0009433117838277134,0.3083564348802354,0.011650019496002742,15.578990523223334,0.003554396868502841,"{'AUC_ROCs': [0.9984907265494849, 0.9980141664065849, 0.9970599885293843], 'S_relative_errors': [0.10014160187288161, 0.10059342108311448, 0.10253500860031306], 'X_relative_errors': [0.8695161321959081, 0.8530748339234608, 0.8380824259154557], 'Sparsity': [1.0, 1.0, 1.0], 'converged': [0, 0, 0], 'iterations': [150, 150, 150], 'primal_residual': [array(0.75581677), array(0.74180578), array(0.74196051)], 'dual_residual': [array(0.14813414), array(0.15246456), array(0.14966539)], 'times': [2.279306764481589, 2.20701392297633, 2.385874307481572]}",1,COMPLETE
78,78,0.9950908665105379,0.10565156804818236,2024-05-20 06:48:08.863037,2024-05-20 06:48:11.387163,0 days 00:00:02.524126,0.00020895553619869372,4.893085425017576e-05,0.011650019496002742,14.738321950223481,4.200932962207622,"{'AUC_ROCs': [0.9967250074186386, 0.9956708429027079, 0.9928767492102677], 'S_relative_errors': [0.10527521147868585, 0.1014776194872857, 0.11020187317857551], 'X_relative_errors': [1.0004736320317484, 1.000462674033268, 1.0004413441121016], 'Sparsity': [1.0, 1.0, 1.0], 'converged': [0, 0, 0], 'iterations': [150, 150, 150], 'primal_residual': [array(0.0338772), array(0.03311991), array(0.03211401)], 'dual_residual': [array(0.01432242), array(0.01429697), array(0.01433752)], 'times': [2.219462521839887, 2.2068533257115632, 2.2295278222300112]}",1,COMPLETE
79,79,0.9403095590875242,0.7436809245017285,2024-05-20 06:48:11.432016,2024-05-20 06:48:14.145866,0 days 00:00:02.713850,0.31799485242805414,0.005148095876584383,19.22938087583047,0.5091843086052238,0.21433227960886905,"{'AUC_ROCs': [0.9457582548043024, 0.9345700155162658, 0.9406004069420043], 'S_relative_errors': [0.736101698713041, 0.7521881562296033, 0.7427529185625412], 'X_relative_errors': [6.567294645960024, 6.960082306545737, 6.321031500551494], 'Sparsity': [1.0, 1.0, 1.0], 'converged': [0, 0, 0], 'iterations': [150, 150, 150], 'primal_residual': [array(0.03522848), array(0.03339373), array(0.0314915)], 'dual_residual': [array(0.01632314), array(0.01513167), array(0.01599437)], 'times': [2.303187991026789, 2.197576294420287, 2.3951768015976995]}",1,COMPLETE
80,80,0.9976040553275417,0.07236784709571932,2024-05-20 06:48:14.191311,2024-05-20 06:48:16.806751,0 days 00:00:02.615440,0.10161324519171361,0.20941333304380608,1.5348844188648474,2.7014170899628156,3.360559422215674,"{'AUC_ROCs': [0.9980882738494555, 0.9984472100578619, 0.9962766820753078], 'S_relative_errors': [0.07076338385022986, 0.07333318452064078, 0.07300697291628731], 'X_relative_errors': [0.3704024063195019, 0.39618435935419377, 0.3648123162940769], 'Sparsity': [1.0, 1.0, 1.0], 'converged': [0, 0, 0], 'iterations': [150, 150, 150], 'primal_residual': [array(0.03596883), array(0.03673998), array(0.03549061)], 'dual_residual': [array(0.00176366), array(0.00163163), array(0.00191546)], 'times': [2.198037643916905, 2.2259080198127776, 2.2961120223626494]}",1,COMPLETE
