,number,values_0,values_1,datetime_start,datetime_complete,duration,params_lda1,params_ldag,params_psi_1,params_psi_2,params_psi_3,user_attrs_metrics,system_attrs_nsga2:generation,state
0,0,0.9956662872881784,0.4504542461038115,2024-05-20 06:51:40.436774,2024-05-20 06:51:43.247323,0 days 00:00:02.810549,0.8016049587028746,0.847743661248147,1.4960274654826826,0.5482866764130169,22.70022234992515,"{'AUC_ROCs': [0.9962104734715705, 0.9958324627010151, 0.9949559256919495], 'S_relative_errors': [0.42111259699516224, 0.47920343448759045, 0.45104670682868175], 'X_relative_errors': [1.878406048440025, 2.479315351362935, 1.9965493682265512], 'Sparsity': [1.0, 1.0, 1.0], 'converged': [0, 0, 0], 'iterations': [150, 150, 150], 'primal_residual': [array(0.09656528), array(0.10122892), array(0.09895257)], 'dual_residual': [array(0.00768406), array(0.00664309), array(0.00687565)], 'times': [2.5056400820612907, 2.2767085283994675, 2.2942994863260537]}",0,COMPLETE
1,1,0.9979088656567606,0.1130121672128112,2024-05-20 06:51:43.248333,2024-05-20 06:51:45.822826,0 days 00:00:02.574493,0.0059893022264936365,0.5129185677168816,0.011406870656932815,9.68851895369517,0.990920250802651,"{'AUC_ROCs': [0.998843641769494, 0.9978868727306994, 0.9969960824700884], 'S_relative_errors': [0.11224699421919263, 0.11192638924227008, 0.11486311817697084], 'X_relative_errors': [0.6407518139949829, 0.6442821337165989, 0.610055646840276], 'Sparsity': [1.0, 1.0, 1.0], 'converged': [0, 0, 0], 'iterations': [150, 150, 150], 'primal_residual': [array(0.05277509), array(0.05923292), array(0.04689772)], 'dual_residual': [array(0.00437612), array(0.00461547), array(0.00434618)], 'times': [2.2361564917955548, 2.2354650674387813, 2.284450060687959]}",0,COMPLETE
2,2,0.5711643717364119,1.000000004435756,2024-05-20 06:51:45.826168,2024-05-20 06:51:46.779248,0 days 00:00:00.953080,3.421947777656096,0.0013480484940809401,0.004594699067505459,0.004287846869314124,12.289607160965204,"{'AUC_ROCs': [0.6066089240413428, 0.556373247247449, 0.5505109439204438], 'S_relative_errors': [1.0000000142289471, 0.999999999835313, 0.9999999992430078], 'X_relative_errors': [8.070081074824373, 8.35870068709324, 7.672281489444], 'Sparsity': [1.0, 1.0, 1.0], 'converged': [1, 1, 1], 'iterations': [36, 45, 39], 'primal_residual': [array(0.00099794), array(0.00098313), array(0.000912)], 'dual_residual': [array(2.80287106e-05), array(2.77168755e-05), array(2.56313839e-05)], 'times': [0.54972078721039, 0.6770330406725407, 0.6298675753641874]}",0,COMPLETE
3,3,0.826441596071373,0.999999999965548,2024-05-20 06:51:46.780767,2024-05-20 06:51:49.370824,0 days 00:00:02.590057,11.811132294851069,0.006204189069177837,50.054503648119734,0.03352919190707698,0.024378680864998628,"{'AUC_ROCs': [0.8345228124969135, 0.8268944830951545, 0.8179074926220512], 'S_relative_errors': [0.9999999999666676, 0.9999999999678922, 0.999999999962084], 'X_relative_errors': [7.93389295624281, 8.223899918751274, 7.554402510612799], 'Sparsity': [1.0, 1.0, 1.0], 'converged': [0, 0, 0], 'iterations': [150, 150, 150], 'primal_residual': [array(0.02374967), array(0.02303562), array(0.02460482)], 'dual_residual': [array(0.0006722), array(0.00065199), array(0.00069642)], 'times': [2.2817056190688163, 2.208808836294338, 2.317050843965262]}",0,COMPLETE
4,4,0.6619490945841029,0.9999775066866161,2024-05-20 06:51:49.374092,2024-05-20 06:51:51.475186,0 days 00:00:02.101094,0.36980320319330023,4.811329479922514,0.1336132834797386,2.005340850997711,0.1438407872399396,"{'AUC_ROCs': [0.5149413031441763, 0.49335482739670555, 0.9775511532114269], 'S_relative_errors': [0.9999662789061532, 0.9999651755353789, 1.0000010656183163], 'X_relative_errors': [9.232077229453333, 9.574228824366768, 8.813085963585598], 'Sparsity': [1.0, 1.0, 1.0], 'converged': [1, 1, 1], 'iterations': [105, 120, 76], 'primal_residual': [array(6.90044993e-05), array(4.9283779e-05), array(0.00074093)], 'dual_residual': [array(0.00097757), array(0.00098173), array(5.07850063e-05)], 'times': [1.6899936646223068, 1.806551082758233, 1.1469279245939106]}",0,COMPLETE
5,5,0.9946938540749223,0.10084764312321069,2024-05-20 06:51:51.479078,2024-05-20 06:51:53.961448,0 days 00:00:02.482370,0.004799805776620848,0.0075731376695851605,1.6566129707566213,12.44950815107962,7.903141476918185,"{'AUC_ROCs': [0.9966600990884243, 0.9958801486267918, 0.9915413145095509], 'S_relative_errors': [0.10037836275958709, 0.0970230339310139, 0.1051415326790311], 'X_relative_errors': [1.00010228983957, 1.0000901931479624, 1.000091429736593], 'Sparsity': [1.0, 1.0, 1.0], 'converged': [0, 0, 0], 'iterations': [150, 150, 150], 'primal_residual': [array(0.00401133), array(0.00388145), array(0.00372418)], 'dual_residual': [array(0.00217021), array(0.00214461), array(0.00215302)], 'times': [2.1629695708397776, 2.098490657052025, 2.1233963067643344]}",0,COMPLETE
6,6,0.9882792067365371,0.6614481482872346,2024-05-20 06:51:53.966770,2024-05-20 06:51:56.708704,0 days 00:00:02.741934,0.05561256930720384,1.4705955002668011e-05,1.7750088872130745,0.6407623780744601,0.0010181473919934577,"{'AUC_ROCs': [0.9890430589907802, 0.9880315219049458, 0.9877630393138853], 'S_relative_errors': [0.6521697195511266, 0.6697237315102588, 0.6624509938003187], 'X_relative_errors': [6.090460400569444, 6.488546480304322, 5.90810807989839], 'Sparsity': [1.0, 1.0, 1.0], 'converged': [0, 0, 0], 'iterations': [150, 150, 150], 'primal_residual': [array(0.0370016), array(0.03398409), array(0.03374651)], 'dual_residual': [array(0.03173933), array(0.0295552), array(0.0301433)], 'times': [2.2661278434097767, 2.428740276489407, 2.2282855997327715]}",0,COMPLETE
7,7,0.9791198651726126,0.5339348322057828,2024-05-20 06:51:56.713380,2024-05-20 06:51:59.353741,0 days 00:00:02.640361,0.0003760423144777395,2.446520386536672,10.639159302852805,2.3109878706413207,2.0513269140764088,"{'AUC_ROCs': [0.9795479895522655, 0.9795497518843678, 0.9782618540812046], 'S_relative_errors': [0.5309177884275127, 0.5330155957233911, 0.5378711124664445], 'X_relative_errors': [3.9193722143452328, 4.083287604249969, 3.793178080871522], 'Sparsity': [1.0, 1.0, 1.0], 'converged': [0, 0, 0], 'iterations': [150, 150, 150], 'primal_residual': [array(0.02559705), array(0.02700338), array(0.02769499)], 'dual_residual': [array(0.00089345), array(0.00075011), array(0.00070298)], 'times': [2.2931965289171785, 2.2377617976162583, 2.2938689114525914]}",0,COMPLETE
8,8,0.7958338789286321,0.9999999999999298,2024-05-20 06:51:59.359187,2024-05-20 06:52:02.085260,0 days 00:00:02.726073,11.775162195420103,9.292586386077436e-05,3.133302918150157,5.280224858382646,0.5576743184527986,"{'AUC_ROCs': [0.7909925005190145, 0.8081904277562948, 0.788318708510587], 'S_relative_errors': [0.9999999999999172, 0.9999999999999265, 0.9999999999999457], 'X_relative_errors': [8.660533076111784, 8.974378868643567, 8.2514955201636], 'Sparsity': [1.0, 1.0, 1.0], 'converged': [0, 0, 0], 'iterations': [150, 150, 150], 'primal_residual': [array(0.0016386), array(0.00155757), array(0.00130815)], 'dual_residual': [array(4.16602545e-05), array(3.93242825e-05), array(3.3221114e-05)], 'times': [2.39940341678448, 2.3089031032286584, 2.264744660584256]}",0,COMPLETE
9,9,0.9960992367220998,0.06244906942697526,2024-05-20 06:52:02.090939,2024-05-20 06:52:04.821765,0 days 00:00:02.730826,0.18549522329357923,0.019509141922437873,0.2366780893926079,0.018820529612722712,16.78464632447683,"{'AUC_ROCs': [0.9975254655843965, 0.9959113181968103, 0.9948609263850926], 'S_relative_errors': [0.06184937452975496, 0.058444959364868355, 0.06705287438630245], 'X_relative_errors': [0.943818240486832, 0.8820325673067988, 0.9485925806240371], 'Sparsity': [1.0, 1.0, 1.0], 'converged': [0, 0, 0], 'iterations': [150, 150, 150], 'primal_residual': [array(0.27470306), array(0.26061417), array(0.26442927)], 'dual_residual': [array(0.07081257), array(0.06777492), array(0.06421063)], 'times': [2.308578034862876, 2.205939454259351, 2.411602324107662]}",0,COMPLETE
10,10,0.9955780155539321,0.10353843427519986,2024-05-20 06:52:04.825137,2024-05-20 06:52:07.478680,0 days 00:00:02.653543,0.00843772734092013,8.705329446702389e-05,0.006213684281380338,0.044467263798397015,9.424215695731398,"{'AUC_ROCs': [0.9971256301989109, 0.9957352253753924, 0.993873191087493], 'S_relative_errors': [0.10318344341316076, 0.0993771633198985, 0.10805469609254034], 'X_relative_errors': [1.0142981599770815, 1.0158033429170084, 1.0151749713979885], 'Sparsity': [1.0, 1.0, 1.0], 'converged': [0, 0, 0], 'iterations': [150, 150, 150], 'primal_residual': [array(0.29237589), array(0.29386242), array(0.29921696)], 'dual_residual': [array(0.10747654), array(0.10513585), array(0.10323229)], 'times': [2.3585734993685037, 2.202087031910196, 2.264031597180292]}",0,COMPLETE
11,11,0.9947643895174929,0.10608291896751797,2024-05-20 06:52:07.485731,2024-05-20 06:52:10.101507,0 days 00:00:02.615776,0.00044505782653638464,0.0005705773274515912,0.5468218976113806,20.878757063564052,0.03161136462189733,"{'AUC_ROCs': [0.9968035536168653, 0.9955566471990247, 0.9919329677365886], 'S_relative_errors': [0.10573605503206979, 0.10196070976010639, 0.11055199211037768], 'X_relative_errors': [1.0076410591706408, 1.0080331251298587, 1.0064308523869316], 'Sparsity': [1.0, 1.0, 1.0], 'converged': [0, 0, 0], 'iterations': [150, 150, 150], 'primal_residual': [array(0.26705652), array(0.25707055), array(0.24520159)], 'dual_residual': [array(0.02545715), array(0.02610299), array(0.02783452)], 'times': [2.1493889801204205, 2.2679867669939995, 2.153860670281574]}",0,COMPLETE
12,12,0.882913154810507,0.9999999999992792,2024-05-20 06:52:10.110269,2024-05-20 06:52:12.806000,0 days 00:00:02.695731,6.169374555620635,0.016890702249699997,7.876460534558594,0.003810868126301388,0.45667260913494984,"{'AUC_ROCs': [0.8838040466592167, 0.8678533023614488, 0.8970821154108558], 'S_relative_errors': [0.9999999999993012, 0.9999999999992241, 0.9999999999993127], 'X_relative_errors': [9.083172717392795, 9.420801863868597, 8.66960782444254], 'Sparsity': [1.0, 1.0, 1.0], 'converged': [0, 0, 0], 'iterations': [150, 150, 150], 'primal_residual': [array(0.00327588), array(0.00349145), array(0.00318331)], 'dual_residual': [array(9.23367378e-05), array(9.84104812e-05), array(8.97220373e-05)], 'times': [2.253182142507285, 2.273531826911494, 2.388974224217236]}",0,COMPLETE
13,13,0.974872415057289,0.6765244473098048,2024-05-20 06:52:12.815429,2024-05-20 06:52:15.439424,0 days 00:00:02.623995,0.7923170065297738,4.831844278090823,25.264831385978397,24.383536023647423,0.3332976336639624,"{'AUC_ROCs': [0.9759355013672314, 0.9765486251356974, 0.9721331186689386], 'S_relative_errors': [0.6652607129144629, 0.6814378370388772, 0.6828747919760741], 'X_relative_errors': [2.7240374071492206, 2.970253383998503, 2.7039110614513198], 'Sparsity': [1.0, 1.0, 1.0], 'converged': [0, 0, 0], 'iterations': [150, 150, 150], 'primal_residual': [array(0.28105173), array(0.26269106), array(0.27338116)], 'dual_residual': [array(0.01539256), array(0.00820711), array(0.0084514)], 'times': [2.350418568123132, 2.2079982655122876, 2.2262873435392976]}",0,COMPLETE
14,14,0.9969096840256592,0.07795964972848148,2024-05-20 06:52:15.448773,2024-05-20 06:52:18.032837,0 days 00:00:02.584064,0.0003616453906972454,0.14197360534015063,1.3262045434917653,36.7212941560943,0.1691079940251571,"{'AUC_ROCs': [0.9983783140495038, 0.9967482950068508, 0.9956024430206228], 'S_relative_errors': [0.07861596125064066, 0.07476655207043911, 0.08049643586436464], 'X_relative_errors': [0.9976721955700948, 0.9973880805589764, 0.9978784712661093], 'Sparsity': [1.0, 1.0, 1.0], 'converged': [0, 0, 0], 'iterations': [150, 150, 150], 'primal_residual': [array(0.05970464), array(0.05928871), array(0.05694292)], 'dual_residual': [array(0.00584088), array(0.00627597), array(0.00692993)], 'times': [2.231382448459044, 2.161671989830211, 2.146734138717875]}",0,COMPLETE
15,15,0.9955934636907301,0.27836427311262685,2024-05-20 06:52:18.041832,2024-05-20 06:52:20.634208,0 days 00:00:02.592376,1.0705160187763862,0.13235634124872894,0.0010140285789463422,42.95708798752351,0.14094625393962093,"{'AUC_ROCs': [0.9973227833866187, 0.9963708417830737, 0.9930867659024976], 'S_relative_errors': [0.2735555146556281, 0.2789248664744675, 0.282612438207785], 'X_relative_errors': [0.9935044520123694, 0.9932907767728375, 0.9937813012926894], 'Sparsity': [1.0, 1.0, 1.0], 'converged': [0, 0, 0], 'iterations': [150, 150, 150], 'primal_residual': [array(0.07671199), array(0.0671322), array(0.05634912)], 'dual_residual': [array(0.04748469), array(0.04781256), array(0.06850189)], 'times': [2.2255028835497797, 2.2460802495479584, 2.2903288025408983]}",0,COMPLETE
16,16,0.9969926835038342,0.20454986607492878,2024-05-20 06:52:20.644334,2024-05-20 06:52:23.285407,0 days 00:00:02.641073,0.0021212925522767928,1.2011065419894456,0.08859069737231735,3.945148934867771,62.66969412759488,"{'AUC_ROCs': [0.9976759043759608, 0.996522750503019, 0.9967793956325226], 'S_relative_errors': [0.20089559423374923, 0.20476568422148453, 0.20798831976955262], 'X_relative_errors': [0.9878359699273883, 0.9891739417202737, 0.9903214962884405], 'Sparsity': [1.0, 1.0, 1.0], 'converged': [0, 0, 0], 'iterations': [150, 150, 150], 'primal_residual': [array(0.17307486), array(0.16536476), array(0.15453314)], 'dual_residual': [array(0.01044859), array(0.01055287), array(0.01028833)], 'times': [2.3018655329942703, 2.3687651983927935, 2.2042567061726004]}",0,COMPLETE
17,17,0.975344836267007,0.8558148455349367,2024-05-20 06:52:23.292041,2024-05-20 06:52:26.077706,0 days 00:00:02.785665,0.00016199216718009574,0.02527570407579761,0.03193220162881678,0.046255107007536087,0.025286199424108712,"{'AUC_ROCs': [0.9748511451565286, 0.9770956143223622, 0.9740877493221299], 'S_relative_errors': [0.8557413256840114, 0.8558895558148014, 0.8558136551059973], 'X_relative_errors': [8.117642002031321, 8.42264721931778, 7.755397310376976], 'Sparsity': [1.0, 1.0, 1.0], 'converged': [0, 0, 0], 'iterations': [150, 150, 150], 'primal_residual': [array(0.13964091), array(0.1236824), array(0.18381271)], 'dual_residual': [array(0.02614215), array(0.02645759), array(0.02319498)], 'times': [2.4791742933448404, 2.2498279633000493, 2.282798109576106]}",0,COMPLETE
18,18,0.9950042855804435,0.10239842704748509,2024-05-20 06:52:26.089102,2024-05-20 06:52:28.646961,0 days 00:00:02.557859,0.007863648427628562,0.00038310094686436094,91.32781597022888,0.005607966505778163,78.6233378386948,"{'AUC_ROCs': [0.9967625603218151, 0.9953332247521293, 0.9929170716673861], 'S_relative_errors': [0.10200123197934521, 0.0982739194996767, 0.10692012966343334], 'X_relative_errors': [0.999832325770869, 0.9998406658552569, 0.9998080285063813], 'Sparsity': [1.0, 1.0, 1.0], 'converged': [0, 0, 0], 'iterations': [150, 150, 150], 'primal_residual': [array(0.01462387), array(0.01454172), array(0.01430813)], 'dual_residual': [array(0.00788768), array(0.00771904), array(0.00751113)], 'times': [2.141764365369454, 2.2502078795805573, 2.1797777232713997]}",0,COMPLETE
19,19,0.9947939755783893,0.2684606524195079,2024-05-20 06:52:28.659564,2024-05-20 06:52:31.237002,0 days 00:00:02.577438,0.0006140068317806012,0.000746931911424021,1.5564745256555856,0.009377564518054155,0.1269151520318572,"{'AUC_ROCs': [0.9965264822371445, 0.9957170855498596, 0.992138358948164], 'S_relative_errors': [0.27535452156968604, 0.26903998732850865, 0.2609874483603289], 'X_relative_errors': [2.612940030435794, 2.6484793618376896, 2.366173209622496], 'Sparsity': [1.0, 1.0, 1.0], 'converged': [0, 0, 0], 'iterations': [150, 150, 150], 'primal_residual': [array(0.07441349), array(0.07788447), array(0.07580165)], 'dual_residual': [array(0.12575044), array(0.12550246), array(0.12552031)], 'times': [2.267326877452433, 2.207940687891096, 2.2189389860723168]}",0,COMPLETE
20,20,0.9522033615439813,0.9999999486244943,2024-05-20 06:52:31.250469,2024-05-20 06:52:33.385506,0 days 00:00:02.135037,0.021509228752353393,0.0006203553772814393,0.0057017290473254,0.0033547935698487806,0.022322258654484815,"{'AUC_ROCs': [0.9470647342517381, 0.9433352378779756, 0.9662101125022304], 'S_relative_errors': [0.9999999175758241, 0.9999999404928008, 0.9999999878048578], 'X_relative_errors': [9.489365937250437, 9.844357066763534, 9.065698647732821], 'Sparsity': [1.0, 1.0, 1.0], 'converged': [1, 1, 1], 'iterations': [115, 116, 89], 'primal_residual': [array(0.00045671), array(0.00040871), array(0.00085006)], 'dual_residual': [array(5.30777566e-06), array(4.85043861e-06), array(1.35197247e-05)], 'times': [1.8425830740015954, 1.7626154567115009, 1.3543288451619446]}",0,COMPLETE
21,21,0.9958853653679575,0.0743087919093366,2024-05-20 06:52:33.399636,2024-05-20 06:52:36.102132,0 days 00:00:02.702496,0.25404808794827966,2.4399821730122414e-05,0.4977252535363954,20.327983159000475,0.011287526143312987,"{'AUC_ROCs': [0.9978183306524484, 0.9957883963430877, 0.9940493691083363], 'S_relative_errors': [0.0747715146846686, 0.07152399516717296, 0.07663086587616824], 'X_relative_errors': [0.9940506636611877, 0.9500884361501006, 0.9597591694831725], 'Sparsity': [1.0, 1.0, 1.0], 'converged': [0, 0, 0], 'iterations': [150, 150, 150], 'primal_residual': [array(0.24659213), array(0.22700147), array(0.22467962)], 'dual_residual': [array(0.03966361), array(0.03618269), array(0.03250333)], 'times': [2.267718022922054, 2.4097719094716012, 2.208954022731632]}",0,COMPLETE
22,22,0.9790839240884538,0.5348732754640896,2024-05-20 06:52:36.114108,2024-05-20 06:52:38.788525,0 days 00:00:02.674417,0.0005207998978899007,9.129866172594571,10.700525714173335,14.693117121006773,0.2189827743154973,"{'AUC_ROCs': [0.979650068387735, 0.979468935862214, 0.9781327680154122], 'S_relative_errors': [0.5319975758014143, 0.5341024597486225, 0.5385197908422321], 'X_relative_errors': [2.738677283884177, 2.8355569436015786, 2.6271702960763954], 'Sparsity': [1.0, 1.0, 1.0], 'converged': [0, 0, 0], 'iterations': [150, 150, 150], 'primal_residual': [array(0.0539926), array(0.05652797), array(0.05621943)], 'dual_residual': [array(0.00093047), array(0.00093136), array(0.00089439)], 'times': [2.358473182655871, 2.232258837670088, 2.277684147004038]}",0,COMPLETE
23,23,0.9952328728550386,0.10533931052392193,2024-05-20 06:52:38.802485,2024-05-20 06:52:41.512271,0 days 00:00:02.709786,0.00036695821784194773,0.0003421024484022474,4.47991799432092,0.004082913456822069,0.2839836818724559,"{'AUC_ROCs': [0.9968999993681811, 0.9954601767062876, 0.993338442490647], 'S_relative_errors': [0.10496993372490976, 0.10117036657226132, 0.10987763127459473], 'X_relative_errors': [0.9992180838431589, 0.9990654448227734, 0.9991743213228906], 'Sparsity': [1.0, 1.0, 1.0], 'converged': [0, 0, 0], 'iterations': [150, 150, 150], 'primal_residual': [array(0.04688271), array(0.04734629), array(0.04780193)], 'dual_residual': [array(0.0134295), array(0.01215023), array(0.01022966)], 'times': [2.4279962414875627, 2.184018077328801, 2.192921389825642]}",0,COMPLETE
24,24,0.8013025670151809,0.8475548767865662,2024-05-20 06:52:41.530584,2024-05-20 06:52:44.192824,0 days 00:00:02.662240,0.18711151662565736,0.05956854556023039,0.15886610474042315,0.027953004814829978,3.538716792441105,"{'AUC_ROCs': [0.8082607747055034, 0.7907854596355497, 0.8048614667044894], 'S_relative_errors': [0.8394291497713631, 0.8513955651995874, 0.851839915388748], 'X_relative_errors': [7.566776600424744, 7.966243232427452, 7.32887412097873], 'Sparsity': [1.0, 1.0, 1.0], 'converged': [0, 0, 0], 'iterations': [150, 150, 150], 'primal_residual': [array(0.00852147), array(0.00905744), array(0.00559038)], 'dual_residual': [array(0.0069116), array(0.00705913), array(0.00540245)], 'times': [2.3650356554426253, 2.34618509397842, 2.27294192253612]}",0,COMPLETE
25,25,0.9825548135488692,0.9999998973283741,2024-05-20 06:52:44.208839,2024-05-20 06:52:45.033467,0 days 00:00:00.824628,0.4888214073787521,0.023855959052848676,0.007803263507326437,0.43632867710935297,0.0014725315133124117,"{'AUC_ROCs': [0.9850510268931622, 0.9830240308515238, 0.9795893829019218], 'S_relative_errors': [0.9999998960072788, 0.9999998980113177, 0.9999998979665257], 'X_relative_errors': [9.4405074755007, 9.793035314856963, 9.017657707367254], 'Sparsity': [1.0, 1.0, 1.0], 'converged': [1, 1, 1], 'iterations': [31, 31, 31], 'primal_residual': [array(0.00055704), array(0.00054827), array(0.00054125)], 'dual_residual': [array(7.08893399e-06), array(7.05876269e-06), array(7.02075429e-06)], 'times': [0.5014419930521399, 0.46799856540746987, 0.4708673788700253]}",0,COMPLETE
26,26,0.9971560292055351,0.17540004376771723,2024-05-20 06:52:45.042318,2024-05-20 06:52:47.680623,0 days 00:00:02.638305,0.012630339484585851,0.9804812039187738,4.180418906417041,22.996163621919905,3.0466952373244065,"{'AUC_ROCs': [0.9978148676616304, 0.9971089548820022, 0.9965442650729724], 'S_relative_errors': [0.17172854435414492, 0.17450867132937442, 0.17996291561963232], 'X_relative_errors': [0.9916469825396018, 0.9912900009106832, 0.9909703262856843], 'Sparsity': [1.0, 1.0, 1.0], 'converged': [0, 0, 0], 'iterations': [150, 150, 150], 'primal_residual': [array(0.12551825), array(0.12846605), array(0.13025957)], 'dual_residual': [array(0.00798785), array(0.00949387), array(0.00788684)], 'times': [2.3267001071944833, 2.2642760209273547, 2.1930774168577045]}",0,COMPLETE
