,number,values_0,values_1,datetime_start,datetime_complete,duration,params_lda1,params_ldag,params_psi_1,params_psi_2,params_psi_3,user_attrs_metrics,system_attrs_nsga2:generation,state
27,27,0.9793308282836249,0.5353042738085648,2024-05-20 06:59:31.131484,2024-05-20 06:59:33.750012,0 days 00:00:02.618528,0.0034033723661707127,17.60712279956124,80.15200080028127,9.743490306382974,0.15857240172142426,"{'AUC_ROCs': [0.9798956475442425, 0.9795107116349133, 0.9785861256717191], 'S_relative_errors': [0.5325058179040035, 0.5344155793360853, 0.5389914241856056], 'X_relative_errors': [1.4947016940042035, 1.516060763566412, 1.415995115079516], 'Sparsity': [1.0, 1.0, 1.0], 'converged': [0, 0, 0], 'iterations': [150, 150, 150], 'primal_residual': [array(0.22409336), array(0.22761043), array(0.22846591)], 'dual_residual': [array(0.00267739), array(0.00257186), array(0.00256558)], 'times': [2.202370714629069, 2.296288577374071, 2.255818640580401]}",0,COMPLETE
28,28,0.9953902467400516,0.10189173380664303,2024-05-20 06:59:33.766653,2024-05-20 06:59:36.345671,0 days 00:00:02.579018,0.04007577145371865,0.0020651862065083895,79.6827520210153,0.013963839954391571,20.915542210365654,"{'AUC_ROCs': [0.9968663483511039, 0.9954059887374118, 0.9938984031316394], 'S_relative_errors': [0.10153456244455296, 0.09779139929580144, 0.10634923967957469], 'X_relative_errors': [0.9997591233396015, 0.9997765825913415, 0.9997528091674159], 'Sparsity': [1.0, 1.0, 1.0], 'converged': [0, 0, 0], 'iterations': [150, 150, 150], 'primal_residual': [array(0.0150373), array(0.0147145), array(0.01427896)], 'dual_residual': [array(0.00168971), array(0.00165711), array(0.00169214)], 'times': [2.2708981088362634, 2.1384814139455557, 2.1359174861572683]}",0,COMPLETE
29,29,0.9946407573691275,0.10492085567334275,2024-05-20 06:59:36.367685,2024-05-20 06:59:38.788231,0 days 00:00:02.420546,0.00040193966117827367,0.0015207478573630218,43.37778128908668,8.027322565846829,44.26563326410359,"{'AUC_ROCs': [0.9964383487342677, 0.9951030582578396, 0.9923808651152751], 'S_relative_errors': [0.10455772945804585, 0.10074831258637755, 0.10945652497560485], 'X_relative_errors': [1.0000935093822936, 1.0001035340923183, 1.0000981684095172], 'Sparsity': [1.0, 1.0, 1.0], 'converged': [0, 0, 0], 'iterations': [150, 150, 150], 'primal_residual': [array(0.00212007), array(0.00210995), array(0.0021048)], 'dual_residual': [array(0.00222064), array(0.00219773), array(0.00217121)], 'times': [2.103088242933154, 2.1075331817846745, 2.1174919800832868]}",0,COMPLETE
30,30,0.9792009131730861,0.534818543605028,2024-05-20 06:59:38.796547,2024-05-20 06:59:41.570346,0 days 00:00:02.773799,0.003898728436404295,0.6390455064547305,0.0010604845996351191,0.0115082695227652,2.590767917300824,"{'AUC_ROCs': [0.9796084482693425, 0.9795826122771635, 0.9784116789727526], 'S_relative_errors': [0.5321993663535759, 0.5337264723894204, 0.5385297920720875], 'X_relative_errors': [4.731385532901967, 4.920565949058005, 4.569228878157944], 'Sparsity': [1.0, 1.0, 1.0], 'converged': [0, 0, 0], 'iterations': [150, 150, 150], 'primal_residual': [array(0.00199349), array(0.00201904), array(0.001694)], 'dual_residual': [array(0.00255422), array(0.00252393), array(0.00203344)], 'times': [2.2673455020412803, 2.5396312156226486, 2.2557627204805613]}",0,COMPLETE
31,31,0.979399781579354,0.5482283450420956,2024-05-20 06:59:41.583654,2024-05-20 06:59:44.114258,0 days 00:00:02.530604,2.1220808113370166,8.88695709141629,0.0010631785632221028,34.21996606183563,2.520031846035375,"{'AUC_ROCs': [0.9799570310338975, 0.9796500028923887, 0.9785923108117758], 'S_relative_errors': [0.5454932343708262, 0.5473828154046709, 0.5518089853507896], 'X_relative_errors': [1.4870203337780064, 1.499991070495311, 1.4001871732229885], 'Sparsity': [1.0, 1.0, 1.0], 'converged': [0, 0, 0], 'iterations': [150, 150, 150], 'primal_residual': [array(0.10313466), array(0.10227835), array(0.10114286)], 'dual_residual': [array(0.00271357), array(0.00154458), array(0.00245964)], 'times': [2.2363798290025443, 2.2508798567578197, 2.2982328205835074]}",0,COMPLETE
32,32,0.9972572280884275,0.07252070320401277,2024-05-20 06:59:44.134570,2024-05-20 06:59:46.673105,0 days 00:00:02.538535,0.5099530630699535,0.01737633318810084,3.537843925200938,42.649053093662474,0.0013358625583345415,"{'AUC_ROCs': [0.9983196543273133, 0.9972212728656155, 0.996230757072354], 'S_relative_errors': [0.07206326564661476, 0.0695346057817104, 0.07596423818371316], 'X_relative_errors': [0.999188216595222, 0.9996164310469668, 0.999717161237407], 'Sparsity': [1.0, 1.0, 1.0], 'converged': [0, 0, 0], 'iterations': [150, 150, 150], 'primal_residual': [array(0.07345379), array(0.06745886), array(0.06555997)], 'dual_residual': [array(0.00830705), array(0.01195967), array(0.01037159)], 'times': [2.196456129429862, 2.2015212974511087, 2.2610198052134365]}",0,COMPLETE
33,33,0.9948128746021997,0.10416131565681726,2024-05-20 06:59:46.696136,2024-05-20 06:59:49.175631,0 days 00:00:02.479495,0.0003266719753184589,0.0028414341923922713,3.117689624769894,1.7890204278086392,0.07185326239420281,"{'AUC_ROCs': [0.9965884979025229, 0.994593916793442, 0.9932562091106342], 'S_relative_errors': [0.10371899056012959, 0.0999572807560569, 0.1088076756542653], 'X_relative_errors': [1.0000467227130638, 1.0000461359906534, 1.0000426773395106], 'Sparsity': [1.0, 1.0, 1.0], 'converged': [0, 0, 0], 'iterations': [150, 150, 150], 'primal_residual': [array(0.00277751), array(0.00284934), array(0.00293987)], 'dual_residual': [array(0.00137422), array(0.00133587), array(0.00124086)], 'times': [2.127765600802377, 2.152587176533416, 2.136088710743934]}",0,COMPLETE
34,34,0.9985469345602039,0.11710516775258488,2024-05-20 06:59:49.184064,2024-05-20 06:59:51.627283,0 days 00:00:02.443219,0.2646773501564006,0.4235314321115009,0.720339358501015,94.97397105638937,2.9626945861235465,"{'AUC_ROCs': [0.9989878985604482, 0.999021984836419, 0.9976309202837441], 'S_relative_errors': [0.11502417139719316, 0.11596665065948944, 0.12032468120107204], 'X_relative_errors': [0.9893147198250923, 0.9895359331310747, 0.9888776011083338], 'Sparsity': [1.0, 1.0, 1.0], 'converged': [0, 0, 0], 'iterations': [150, 150, 150], 'primal_residual': [array(0.10396023), array(0.09674673), array(0.11055434)], 'dual_residual': [array(0.00626624), array(0.00445325), array(0.00656805)], 'times': [2.170885374536738, 2.1620751302689314, 2.171972482232377]}",0,COMPLETE
35,35,0.9950053397604485,0.10489909271257385,2024-05-20 06:59:51.638870,2024-05-20 06:59:54.087281,0 days 00:00:02.448411,0.00891874666391583,0.0003641426373445643,1.6375202389927126,5.337754083736268,0.17165449572797872,"{'AUC_ROCs': [0.9970025325613674, 0.9949703466014667, 0.9930431401185114], 'S_relative_errors': [0.10450078036995009, 0.1007704241699176, 0.10942607359785385], 'X_relative_errors': [0.9999316630267602, 0.9999142807086279, 0.9999299887150639], 'Sparsity': [1.0, 1.0, 1.0], 'converged': [0, 0, 0], 'iterations': [150, 150, 150], 'primal_residual': [array(0.00356022), array(0.00336202), array(0.00330127)], 'dual_residual': [array(0.00113736), array(0.00114253), array(0.00117379)], 'times': [2.1138316774740815, 2.1762024597264826, 2.1302064806222916]}",0,COMPLETE
36,36,0.9958491727887225,0.08930143200164649,2024-05-20 06:59:54.110623,2024-05-20 06:59:56.565127,0 days 00:00:02.454504,0.0004889680521726888,0.0394497118715042,0.09210703797475127,2.150401408232056,60.23828981483745,"{'AUC_ROCs': [0.9973075106634186, 0.9965574842423132, 0.9936825234604357], 'S_relative_errors': [0.08861732504600679, 0.0859528101774127, 0.09333416078151997], 'X_relative_errors': [0.9998682189168753, 0.9998158115619887, 0.9998639394553078], 'Sparsity': [1.0, 1.0, 1.0], 'converged': [0, 0, 0], 'iterations': [150, 150, 150], 'primal_residual': [array(0.02284581), array(0.02325686), array(0.02217344)], 'dual_residual': [array(0.00459873), array(0.00456681), array(0.00474586)], 'times': [2.1630566571839154, 2.169215136906132, 2.1769406287930906]}",0,COMPLETE
37,37,0.9985947411338686,0.1430067263602849,2024-05-20 06:59:56.581616,2024-05-20 06:59:59.253319,0 days 00:00:02.671703,0.5161892161942322,0.5301639159633652,0.8582383962386132,26.50954249205281,0.08116454622299518,"{'AUC_ROCs': [0.9989193868880794, 0.9988573134514268, 0.9980075230620995], 'S_relative_errors': [0.14037211542936515, 0.1428562114078353, 0.14579185224365426], 'X_relative_errors': [0.9816275889384763, 0.9638598125502804, 0.954791288170572], 'Sparsity': [1.0, 1.0, 1.0], 'converged': [0, 0, 0], 'iterations': [150, 150, 150], 'primal_residual': [array(0.12429862), array(0.10702126), array(0.11523086)], 'dual_residual': [array(0.01556096), array(0.01513125), array(0.01504673)], 'times': [2.20134333265014, 2.3856316339224577, 2.2510081990621984]}",0,COMPLETE
38,38,0.9966361368239233,0.0836744326113779,2024-05-20 06:59:59.283144,2024-05-20 07:00:01.840127,0 days 00:00:02.556983,0.015781078314458883,0.08981053981010713,0.0875892052529844,0.010417663786691171,18.400838270194697,"{'AUC_ROCs': [0.9972291958070137, 0.9974171330643412, 0.9952620816004146], 'S_relative_errors': [0.0835848005625636, 0.08116952676982579, 0.08626897050174433], 'X_relative_errors': [1.0611647957961732, 1.063914813775373, 1.0552760381197774], 'Sparsity': [1.0, 1.0, 1.0], 'converged': [0, 0, 0], 'iterations': [150, 150, 150], 'primal_residual': [array(0.77361324), array(0.75993391), array(0.75539187)], 'dual_residual': [array(0.13435881), array(0.13283061), array(0.13071616)], 'times': [2.2707415926270187, 2.2358462968841195, 2.2153889453038573]}",0,COMPLETE
39,39,0.9792865138575597,0.5330828334793348,2024-05-20 07:00:01.867259,2024-05-20 07:00:04.593687,0 days 00:00:02.726428,0.00023555270861620964,6.302021735072364,0.0010352457052544466,84.0591076477403,3.987764364583947,"{'AUC_ROCs': [0.9796944497402624, 0.9796583424186994, 0.9785067494137173], 'S_relative_errors': [0.5295357067886138, 0.5319757461164463, 0.5377370475329444], 'X_relative_errors': [0.9968950487528477, 0.9967446471400381, 0.9970519197026317], 'Sparsity': [1.0, 1.0, 1.0], 'converged': [0, 0, 0], 'iterations': [150, 150, 150], 'primal_residual': [array(0.11870931), array(0.0969983), array(0.09403791)], 'dual_residual': [array(0.03646934), array(0.01487698), array(0.0235991)], 'times': [2.2328200452029705, 2.3704572743736207, 2.222914350684732]}",0,COMPLETE
40,40,0.957437792502218,0.9950419539306526,2024-05-20 07:00:04.614796,2024-05-20 07:00:07.185071,0 days 00:00:02.570275,0.02419981158736694,0.503329324050186,0.020801004129671025,0.005868532383237211,0.008606025108976142,"{'AUC_ROCs': [0.9616635611039192, 0.9567695651433574, 0.9538802512593777], 'S_relative_errors': [0.9937227528553212, 0.9956263536622595, 0.9957767552743771], 'X_relative_errors': [9.430100644834383, 9.801661433830928, 9.027542102070365], 'Sparsity': [1.0, 1.0, 1.0], 'converged': [0, 0, 0], 'iterations': [150, 150, 150], 'primal_residual': [array(0.02696169), array(0.02774908), array(0.02609263)], 'dual_residual': [array(0.0052807), array(0.00466462), array(0.00540045)], 'times': [2.3253842922858894, 2.2485415746923536, 2.269987132633105]}",0,COMPLETE
41,41,0.579541552122545,0.9781796710761417,2024-05-20 07:00:07.209175,2024-05-20 07:00:09.933929,0 days 00:00:02.724754,10.814196350897038,0.01239554041236874,0.3401000457117945,5.088603946914148,20.53228794692878,"{'AUC_ROCs': [0.5656731064316252, 0.548512859700022, 0.624438690235988], 'S_relative_errors': [0.9725367239623126, 0.9802344346905243, 0.9817678545755882], 'X_relative_errors': [6.341774823298267, 6.6221896590588685, 6.0636607153707525], 'Sparsity': [1.0, 1.0, 1.0], 'converged': [0, 0, 0], 'iterations': [150, 150, 150], 'primal_residual': [array(0.00789347), array(0.01238208), array(0.01028673)], 'dual_residual': [array(0.00040878), array(0.00054613), array(0.000414)], 'times': [2.370518078096211, 2.421981485094875, 2.3285830768290907]}",0,COMPLETE
42,42,0.7857944544594974,0.9999999991641729,2024-05-20 07:00:09.963429,2024-05-20 07:00:11.563895,0 days 00:00:01.600466,3.6453364235445327,3.701602352922755e-05,0.5340807868731307,0.15054612558343947,0.2078806444205343,"{'AUC_ROCs': [0.7618937469302307, 0.7681812053516655, 0.827308411096596], 'S_relative_errors': [1.0000000000007236, 0.9999999999999912, 0.9999999974918039], 'X_relative_errors': [9.423408974704142, 9.775328702877335, 9.00100702360401], 'Sparsity': [1.0, 1.0, 1.0], 'converged': [1, 1, 1], 'iterations': [56, 83, 32], 'primal_residual': [array(0.00027555), array(0.0009687), array(0.00038171)], 'dual_residual': [array(1.0870484e-05), array(2.73475633e-05), array(1.99940897e-05)], 'times': [0.8476998957339674, 1.2574934840667993, 0.4876085219439119]}",0,COMPLETE
43,43,0.9951348532258596,0.0953083488727093,2024-05-20 07:00:11.592299,2024-05-20 07:00:14.253904,0 days 00:00:02.661605,0.09821894113312521,0.007748651256527862,86.54007747151292,0.010184562968183111,1.6801431714910422,"{'AUC_ROCs': [0.9964514769366213, 0.9952318558592097, 0.9937212268817479], 'S_relative_errors': [0.09536771970373491, 0.09097350815280342, 0.09958381876158956], 'X_relative_errors': [0.999795060932475, 0.9998127600960691, 0.9997785700104391], 'Sparsity': [1.0, 1.0, 1.0], 'converged': [0, 0, 0], 'iterations': [150, 150, 150], 'primal_residual': [array(0.01985011), array(0.019558), array(0.02039653)], 'dual_residual': [array(0.00823636), array(0.00799024), array(0.00734922)], 'times': [2.152252825908363, 2.363147324649617, 2.1555754132568836]}",0,COMPLETE
44,44,0.9790525964134734,0.5350249528006094,2024-05-20 07:00:14.278808,2024-05-20 07:00:16.815384,0 days 00:00:02.536576,0.004072912724413431,9.136428252347967,10.764683032591554,0.006151131810449974,66.40252805137119,"{'AUC_ROCs': [0.9792892102336087, 0.9795190394983665, 0.978349539508445], 'S_relative_errors': [0.5320446082015343, 0.5342080137428308, 0.5388222364574627], 'X_relative_errors': [0.9987492165975115, 0.9988694513646689, 0.9986714910666388], 'Sparsity': [1.0, 1.0, 1.0], 'converged': [0, 0, 0], 'iterations': [150, 150, 150], 'primal_residual': [array(0.07148307), array(0.06984269), array(0.0689597)], 'dual_residual': [array(0.02365083), array(0.00640076), array(0.00511743)], 'times': [2.1776250668335706, 2.1852341103367507, 2.2164223946165293]}",0,COMPLETE
45,45,0.995135361129582,0.10590085793956593,2024-05-20 07:00:16.844420,2024-05-20 07:00:19.463547,0 days 00:00:02.619127,0.0011270295102453372,6.575394228793184e-05,42.07877321192725,0.005044823011283381,0.1400841215712676,"{'AUC_ROCs': [0.9972833173044175, 0.9953325512221043, 0.9927902148622241], 'S_relative_errors': [0.10547612154497879, 0.10179574287896026, 0.1104307093947587], 'X_relative_errors': [1.0022612008136578, 1.0035403867943888, 1.0024623807907405], 'Sparsity': [1.0, 1.0, 1.0], 'converged': [0, 0, 0], 'iterations': [150, 150, 150], 'primal_residual': [array(0.13360204), array(0.13669469), array(0.13299115)], 'dual_residual': [array(0.02656508), array(0.02615596), array(0.02645654)], 'times': [2.1821481024380773, 2.299139364156872, 2.1868715623859316]}",0,COMPLETE
46,46,0.9795340150451596,0.9999998355222433,2024-05-20 07:00:19.474024,2024-05-20 07:00:20.243758,0 days 00:00:00.769734,14.09734233157961,19.079281130225496,0.0021957439505541597,0.7047139173274397,0.003996848750868806,"{'AUC_ROCs': [0.9792146688061475, 0.9806729964493597, 0.9787143798799713], 'S_relative_errors': [0.9999998354385737, 0.9999998353824955, 0.9999998357456608], 'X_relative_errors': [9.408733808794109, 9.75970443003243, 8.986449618898142], 'Sparsity': [1.0, 1.0, 1.0], 'converged': [1, 1, 1], 'iterations': [31, 31, 31], 'primal_residual': [array(0.00092433), array(0.00091685), array(0.00090208)], 'dual_residual': [array(2.8836275e-05), array(2.86451389e-05), array(2.82305641e-05)], 'times': [0.48178504779934883, 0.4685168405994773, 0.4704767467919737]}",0,COMPLETE
47,47,0.8396197429612937,0.9999999999999846,2024-05-20 07:00:20.273465,2024-05-20 07:00:22.561467,0 days 00:00:02.288002,5.6756594224019805,0.2207488396790301,2.025563157162564,0.5465001900695935,2.3557499580764576,"{'AUC_ROCs': [0.8332095099525083, 0.8231976371517062, 0.8624520817796667], 'S_relative_errors': [0.9999999999999863, 0.9999999999999863, 0.9999999999999812], 'X_relative_errors': [9.052062178712662, 9.386456256771908, 8.636346266020789], 'Sparsity': [1.0, 1.0, 1.0], 'converged': [1, 1, 1], 'iterations': [122, 125, 132], 'primal_residual': [array(0.00097465), array(0.00096936), array(0.00097907)], 'dual_residual': [array(3.07696028e-05), array(3.08414616e-05), array(3.11289742e-05)], 'times': [1.848760271212086, 1.875646328786388, 1.988663237541914]}",0,COMPLETE
48,48,0.9797606105624763,0.5352099527625199,2024-05-20 07:00:22.593365,2024-05-20 07:00:25.147380,0 days 00:00:02.554015,0.31526082587651194,8.174941170283649,0.009859989266214134,17.48540706857199,0.0136309278447098,"{'AUC_ROCs': [0.9804349190090955, 0.9797830626850604, 0.9790638499932731], 'S_relative_errors': [0.5324203347675184, 0.5341517796156565, 0.539057743904385], 'X_relative_errors': [2.9986248512478126, 3.096268782315986, 2.874449321373474], 'Sparsity': [1.0, 1.0, 1.0], 'converged': [0, 0, 0], 'iterations': [150, 150, 150], 'primal_residual': [array(0.0371184), array(0.03421462), array(0.04925694)], 'dual_residual': [array(0.01229019), array(0.01142283), array(0.01368601)], 'times': [2.240180778549984, 2.2453266226220876, 2.2552508225198835]}",0,COMPLETE
49,49,0.9390924134700649,1.0000000487601188,2024-05-20 07:00:25.158575,2024-05-20 07:00:26.636038,0 days 00:00:01.477463,0.22888708192380716,0.00020929260964798398,0.135491032364879,0.0014648615694113321,0.04846430748278462,"{'AUC_ROCs': [0.9046774536691674, 0.9603653559247551, 0.9522344308162722], 'S_relative_errors': [1.0000000083671436, 0.9999999767198817, 1.0000001611933313], 'X_relative_errors': [9.479922459144337, 9.83448465090629, 9.056454478602358], 'Sparsity': [1.0, 1.0, 1.0], 'converged': [1, 1, 1], 'iterations': [77, 75, 64], 'primal_residual': [array(0.00019565), array(0.00020168), array(0.00085539)], 'dual_residual': [array(1.13060833e-05), array(8.39501312e-06), array(2.63750326e-05)], 'times': [1.2046450255438685, 1.1318658534437418, 0.969768030801788]}",0,COMPLETE
50,50,0.9792870008770072,0.5349200574809988,2024-05-20 07:00:26.667101,2024-05-20 07:00:29.211289,0 days 00:00:02.544188,0.016591812555049754,8.88695709141629,15.28503368270092,0.013963839954391571,0.04098268358111436,"{'AUC_ROCs': [0.9798845238087536, 0.979274849584126, 0.9787016292381421], 'S_relative_errors': [0.5318833748729304, 0.5343922920003384, 0.5384845055697279], 'X_relative_errors': [4.233253904822683, 4.4140928349358735, 4.09655147881534], 'Sparsity': [1.0, 1.0, 1.0], 'converged': [0, 0, 0], 'iterations': [150, 150, 150], 'primal_residual': [array(0.09705953), array(0.09807618), array(0.09393695)], 'dual_residual': [array(0.01267098), array(0.01299957), array(0.01261206)], 'times': [2.2565688798204064, 2.24430268118158, 2.2490052070934325]}",1,COMPLETE
51,51,0.9946394585757027,0.10489515059785344,2024-05-20 07:00:29.227854,2024-05-20 07:00:31.643682,0 days 00:00:02.415828,0.00891874666391583,0.0003641426373445643,14.46316176386806,5.337754083736268,0.13039138176272544,"{'AUC_ROCs': [0.9965429039382356, 0.9947068727353646, 0.992668599053508], 'S_relative_errors': [0.10453585502115362, 0.10072796628830295, 0.10942163048410374], 'X_relative_errors': [0.9998274557804605, 0.9998291189734271, 0.9998195997322985], 'Sparsity': [1.0, 1.0, 1.0], 'converged': [0, 0, 0], 'iterations': [150, 150, 150], 'primal_residual': [array(0.00316985), array(0.00314919), array(0.00322266)], 'dual_residual': [array(0.00145766), array(0.00143447), array(0.00144215)], 'times': [2.1004386690910906, 2.100435356842354, 2.123031724244356]}",1,COMPLETE
52,52,0.9798834352054658,0.5492309978482665,2024-05-20 07:00:31.675548,2024-05-20 07:00:34.290644,0 days 00:00:02.615096,0.1981305495875484,9.300810368748722,1.3217585289048581,0.0115082695227652,2.590767917300824,"{'AUC_ROCs': [0.980523029913028, 0.9798657272701401, 0.979261548433229], 'S_relative_errors': [0.5460141510470271, 0.5487321592004502, 0.5529466832973222], 'X_relative_errors': [4.777963482338042, 4.980071403050678, 4.617987576009898], 'Sparsity': [1.0, 1.0, 1.0], 'converged': [0, 0, 0], 'iterations': [150, 150, 150], 'primal_residual': [array(0.00148933), array(0.00137288), array(0.00121566)], 'dual_residual': [array(0.00071), array(0.00065057), array(0.00055682)], 'times': [2.255562081700191, 2.292975237360224, 2.283887280151248]}",1,COMPLETE
53,53,0.9973213667096599,0.21912434923959326,2024-05-20 07:00:34.317923,2024-05-20 07:00:36.752044,0 days 00:00:02.434121,0.04664835346784364,0.9806093024404362,0.0875892052529844,27.04348727182763,18.400838270194697,"{'AUC_ROCs': [0.9978578853462986, 0.997774757680808, 0.996331457101873], 'S_relative_errors': [0.21613148588434394, 0.21865655666475306, 0.22258500516968285], 'X_relative_errors': [0.9963535511147188, 0.9968698818619727, 0.9966630569354353], 'Sparsity': [1.0, 1.0, 1.0], 'converged': [0, 0, 0], 'iterations': [150, 150, 150], 'primal_residual': [array(0.19908105), array(0.19323652), array(0.18943931)], 'dual_residual': [array(0.01509311), array(0.01727962), array(0.01403468)], 'times': [2.1376501647755504, 2.126403240254149, 2.2058122563175857]}",1,COMPLETE
