,number,values_0,values_1,datetime_start,datetime_complete,duration,params_lda1,params_psi_2,params_psi_3,params_rho,user_attrs_metrics,system_attrs_nsga2:generation,state
28,28,0.8135923582964222,0.41747958487386594,2024-05-20 06:42:11.090592,2024-05-20 06:42:12.776166,0 days 00:00:01.685574,0.003302090404420622,0.4909943522770273,0.027617152460699325,4.4514830502995755e-05,"{'AUC_ROCs': [0.816340782122905, 0.8145471464019851, 0.8098891463643765], 'S_relative_errors': [0.40707970685079414, 0.4230613976088569, 0.4222976501619467], 'X_relative_errors': [1.2496690862887954, 1.3179254502334445, 1.2512788537059993], 'Sparsity': [0.08135510204081632, 0.08278367346938775, 0.08078367346938775], 'converged': [0, 0, 0], 'iterations': [150, 150, 150], 'primal_residual': [36.517887056260655, 37.3747209167777, 36.81767555580095], 'dual_residual': [36.517887056260655, 37.3747209167777, 36.81767555580095], 'times': [1.4015538017265499, 1.4079164888244122, 1.4078887614887208]}",0,COMPLETE
29,29,0.9789617558806931,8.08580951419242e+47,2024-05-20 06:42:12.783003,2024-05-20 06:42:14.839469,0 days 00:00:02.056466,0.004899278744658727,0.036652158932794075,0.40910165273279614,3.169211096285657,"{'AUC_ROCs': [0.978821372246704, 0.9800223507002613, 0.978041544695114], 'S_relative_errors': [8.032469078624214e+47, 8.037248006417554e+47, 8.187711457535491e+47], 'X_relative_errors': [7.624981119208221e+48, 7.914960431390845e+48, 7.425414519019748e+48], 'Sparsity': [1.0, 1.0, 1.0], 'converged': [0, 0, 0], 'iterations': [150, 150, 150], 'primal_residual': [3.826217071480936e+50, 3.7929550057110454e+50, 3.798530114558679e+50], 'dual_residual': [3.826217071480936e+50, 3.7929550057110454e+50, 3.798530114558679e+50], 'times': [1.7314118400681764, 1.7480789546389133, 1.7590961172245443]}",0,COMPLETE
30,30,0.9945128734187546,0.0850923217762733,2024-05-20 06:42:14.854743,2024-05-20 06:42:16.554004,0 days 00:00:01.699261,0.14893653147092042,0.014172747138252435,0.7605303586583394,0.026736948154185265,"{'AUC_ROCs': [0.9962341583543309, 0.9949552029640452, 0.992349258937888], 'S_relative_errors': [0.08446718321013552, 0.08156795622368206, 0.0892418258950023], 'X_relative_errors': [0.918613323296479, 0.9192349711849443, 0.9215591638376194], 'Sparsity': [0.20971428571428571, 0.20195102040816326, 0.21967346938775512], 'converged': [0, 0, 0], 'iterations': [150, 150, 150], 'primal_residual': [5.523739041894247, 5.255568025511223, 5.539138124217429], 'dual_residual': [5.523739041894247, 5.255568025511223, 5.539138124217429], 'times': [1.4224934144876897, 1.419609728269279, 1.425509823486209]}",0,COMPLETE
31,31,0.995368717371783,0.10563411314604475,2024-05-20 06:42:16.571097,2024-05-20 06:42:18.313286,0 days 00:00:01.742189,0.002881222070637237,0.9141475752522302,0.2504864658480335,0.005140507331767676,"{'AUC_ROCs': [0.9965457969004258, 0.9959685612512287, 0.9935917939636949], 'S_relative_errors': [0.10526228912568837, 0.10145229614128193, 0.11018775417116393], 'X_relative_errors': [0.9996612106360996, 0.9996019766245089, 0.9996903453742692], 'Sparsity': [0.820865306122449, 0.8009632653061225, 0.8328326530612244], 'converged': [0, 0, 0], 'iterations': [150, 150, 150], 'primal_residual': [0.36413883344443027, 0.37705107408715677, 0.35499921329139356], 'dual_residual': [0.36413883344443027, 0.37705107408715677, 0.35499921329139356], 'times': [1.4428776500280946, 1.436651912285015, 1.4514540084637702]}",0,COMPLETE
32,32,0.9646498437356853,inf,2024-05-20 06:42:18.331420,2024-05-20 06:42:20.247867,0 days 00:00:01.916447,0.0010870501643365292,1.1834027424132079,0.731367094386293,88.9061807233336,"{'AUC_ROCs': [0.9645650270388991, 0.9654529276571606, 0.9639315765109959], 'S_relative_errors': [inf, inf, inf], 'X_relative_errors': [inf, inf, inf], 'Sparsity': [1.0, 1.0, 1.0], 'converged': [0, 0, 0], 'iterations': [150, 150, 150], 'primal_residual': [inf, inf, inf], 'dual_residual': [inf, inf, inf], 'times': [1.5874685305170715, 1.6332575320266187, 1.6531809226144105]}",0,COMPLETE
33,33,0.995487106137078,0.10502109481610078,2024-05-20 06:42:20.255568,2024-05-20 06:42:21.899032,0 days 00:00:01.643464,0.001242726279862443,0.015546133228270384,0.3260541104593471,0.001033629474330389,"{'AUC_ROCs': [0.9970071103343059, 0.995940447641467, 0.993513760435461], 'S_relative_errors': [0.10466481212587854, 0.10081463241638786, 0.1095838399060359], 'X_relative_errors': [0.997191451067799, 0.9968636364885138, 0.9973094654788438], 'Sparsity': [0.6623510204081633, 0.6505632653061224, 0.6555183673469388], 'converged': [0, 0, 0], 'iterations': [150, 150, 150], 'primal_residual': [1.04894349148102, 1.055642794987398, 1.0474724945393894], 'dual_residual': [1.04894349148102, 1.055642794987398, 1.0474724945393894], 'times': [1.4221880021505058, 1.4216611934825778, 1.4197553903795779]}",0,COMPLETE
34,34,0.9648212767313328,2.2467449537491486e+141,2024-05-20 06:42:21.908455,2024-05-20 06:42:23.812677,0 days 00:00:01.904222,0.2224984267214422,52.963766593535844,48.53236175276153,10.32093300741628,"{'AUC_ROCs': [0.9666162743122058, 0.9648370978705021, 0.9630104580112907], 'S_relative_errors': [2.219174043510382e+141, 2.2430902371014535e+141, 2.27797058063561e+141], 'X_relative_errors': [2.1065951224180557e+142, 2.208961382866497e+142, 2.0658856764894958e+142], 'Sparsity': [1.0, 1.0, 1.0], 'converged': [0, 0, 0], 'iterations': [150, 150, 150], 'primal_residual': [3.227359277100285e+144, 3.235957030426008e+144, 3.2296005782185305e+144], 'dual_residual': [3.227359277100285e+144, 3.235957030426008e+144, 3.2296005782185305e+144], 'times': [1.5991112522315234, 1.6007791152223945, 1.618491777451709]}",0,COMPLETE
35,35,0.5,0.999999999999999,2024-05-20 06:42:23.820340,2024-05-20 06:42:25.459241,0 days 00:00:01.638901,13.586836569902623,0.0018384200860052428,0.27086823256858295,0.0006114094040632238,"{'AUC_ROCs': [0.5, 0.5, 0.5], 'S_relative_errors': [0.9999999999999991, 0.9999999999999989, 0.9999999999999989], 'X_relative_errors': [2.4909860674438686, 2.572598247941837, 2.3860670792556737], 'Sparsity': [0.0, 0.0, 0.0], 'converged': [0, 0, 0], 'iterations': [150, 150, 150], 'primal_residual': [88.08285041877362, 87.25383747232213, 85.92071291950138], 'dual_residual': [88.08285041877362, 87.25383747232213, 85.92071291950138], 'times': [1.3823487940244377, 1.4018847411498427, 1.416393923573196]}",0,COMPLETE
36,36,0.805491548403172,0.4315443347488043,2024-05-20 06:42:25.465941,2024-05-20 06:42:27.131369,0 days 00:00:01.665428,0.39985134559692775,0.2994369865775593,0.01066863037688885,0.005169927681632052,"{'AUC_ROCs': [0.8087227018791265, 0.8073511166253102, 0.8004008267050793], 'S_relative_errors': [0.4206144049212493, 0.43521123152639335, 0.43880736779877033], 'X_relative_errors': [1.2815078959121162, 1.342126574709152, 1.2823146874977056], 'Sparsity': [0.07939591836734694, 0.08088979591836734, 0.07831020408163265], 'converged': [0, 0, 0], 'iterations': [150, 150, 150], 'primal_residual': [37.6406041005695, 38.439151971910924, 38.21620090326241], 'dual_residual': [37.6406041005695, 38.439151971910924, 38.21620090326241], 'times': [1.4045563645195216, 1.4059117739088833, 1.408739507663995]}",0,COMPLETE
37,37,0.9947649894435006,0.09324990668465911,2024-05-20 06:42:27.153069,2024-05-20 06:42:28.860167,0 days 00:00:01.707098,0.038645246490395906,0.0012673682225493863,0.09779908212595674,0.00922779513058691,"{'AUC_ROCs': [0.9965912035313613, 0.9949918045099805, 0.99271196028916], 'S_relative_errors': [0.0932848019352231, 0.08889710996737239, 0.0975678081513819], 'X_relative_errors': [0.9516839318804333, 0.9476387092206037, 0.9514130854313256], 'Sparsity': [0.2792816326530612, 0.2568734693877551, 0.2810448979591837], 'converged': [0, 0, 0], 'iterations': [150, 150, 150], 'primal_residual': [4.294995000398261, 4.263753947417661, 4.392765730635106], 'dual_residual': [4.294995000398261, 4.263753947417661, 4.392765730635106], 'times': [1.4192080341745168, 1.4320887587964535, 1.4326064784545451]}",0,COMPLETE
38,38,0.9641871755584531,inf,2024-05-20 06:42:28.879732,2024-05-20 06:42:30.818315,0 days 00:00:01.938583,0.01885983734760762,17.158916017037857,0.004900305378536737,65.7916862816552,"{'AUC_ROCs': [0.9664762274666405, 0.9624672518622084, 0.9636180473465106], 'S_relative_errors': [inf, inf, inf], 'X_relative_errors': [inf, inf, inf], 'Sparsity': [1.0, 1.0, 1.0], 'converged': [0, 0, 0], 'iterations': [150, 150, 150], 'primal_residual': [inf, inf, inf], 'dual_residual': [inf, inf, inf], 'times': [1.5973592393565923, 1.6111009505111724, 1.657948474632576]}",0,COMPLETE
39,39,0.9953843951074508,0.10571818913896548,2024-05-20 06:42:30.840829,2024-05-20 06:42:32.590686,0 days 00:00:01.749857,0.0069299108443310765,0.006733948880690803,0.7214289928720289,0.09567568126178708,"{'AUC_ROCs': [0.9968503982542919, 0.9964393575724834, 0.992863429495577], 'S_relative_errors': [0.10534393348216901, 0.10154475894537615, 0.1102658749893513], 'X_relative_errors': [0.9999992386009955, 0.9999988867036457, 0.99999930069507], 'Sparsity': [0.9768, 0.9692, 0.9777714285714286], 'converged': [0, 0, 0], 'iterations': [150, 150, 150], 'primal_residual': [0.01728107792536613, 0.019941687486079353, 0.01693265410297098], 'dual_residual': [0.01728107792536613, 0.019941687486079353, 0.01693265410297098], 'times': [1.427259024232626, 1.4295284405816346, 1.4416511105373502]}",0,COMPLETE
40,40,0.994919129487266,0.10571839360120723,2024-05-20 06:42:32.607670,2024-05-20 06:42:33.562552,0 days 00:00:00.954882,0.0007449412456936574,0.0018290010534284134,44.18491257642028,0.16438218218644468,"{'AUC_ROCs': [0.9967836701143743, 0.9956650884487793, 0.9923086298986445], 'S_relative_errors': [0.10534411702666627, 0.1015450120392347, 0.11026605173772075], 'X_relative_errors': [0.9999999975568493, 0.9999999837505751, 0.9999999978053958], 'Sparsity': [0.9970040816326531, 0.996465306122449, 0.9966775510204081], 'converged': [1, 1, 1], 'iterations': [63, 69, 65], 'primal_residual': [0.0009832001563570712, 0.0009963954123015156, 0.0009615901533065585], 'dual_residual': [0.0009832001563570712, 0.0009963954123015156, 0.0009615901533065585], 'times': [0.6074720236938447, 0.6622143238782883, 0.6418209760449827]}",0,COMPLETE
41,41,0.9952916060921263,0.1047913941032506,2024-05-20 06:42:33.586655,2024-05-20 06:42:35.342471,0 days 00:00:01.755816,0.12776573055825263,0.0040189199798259835,0.02013029273056358,0.09576707443860805,"{'AUC_ROCs': [0.9973171413818295, 0.9949078345595661, 0.9936498423349834], 'S_relative_errors': [0.10444984859858364, 0.10056870604296599, 0.1093556276682022], 'X_relative_errors': [0.9963118211695049, 0.9958185964741396, 0.9964086166260885], 'Sparsity': [0.6151265306122449, 0.6126530612244898, 0.633395918367347], 'converged': [0, 0, 0], 'iterations': [150, 150, 150], 'primal_residual': [1.2019724788838486, 1.221197940294047, 1.2081679574643605], 'dual_residual': [1.2019724788838486, 1.221197940294047, 1.2081679574643605], 'times': [1.4245344153605402, 1.4350453447550535, 1.46887824870646]}",0,COMPLETE
42,42,0.9955022165570715,7.251593511849903e-06,2024-05-20 06:42:35.365985,2024-05-20 06:42:36.530495,0 days 00:00:01.164510,0.09507531669188528,0.0020639448167482618,0.28348356702157795,0.9213565932664617,"{'AUC_ROCs': [0.9972384459116302, 0.9957816377171216, 0.9934865660424625], 'S_relative_errors': [6.700689122362158e-06, 6.690650333121377e-06, 8.363441080066175e-06], 'X_relative_errors': [9.509823631177305e-05, 0.00010311561889135643, 0.00010731052188460411], 'Sparsity': [0.12787755102040815, 0.13048163265306123, 0.12864489795918368], 'converged': [1, 1, 1], 'iterations': [64, 67, 66], 'primal_residual': [0.0008549153679474312, 0.0009081454896752671, 0.000950018975140948], 'dual_residual': [0.0008549153679474312, 0.0009081454896752671, 0.000950018975140948], 'times': [0.7052220883779228, 0.7415686156600714, 0.8262549897190183]}",0,COMPLETE
43,43,0.5,0.999999999999999,2024-05-20 06:42:36.554917,2024-05-20 06:42:38.300020,0 days 00:00:01.745103,0.9356083377864691,1.3577902534487418,18.84428440631343,0.0014810762243403844,"{'AUC_ROCs': [0.5, 0.5, 0.5], 'S_relative_errors': [0.9999999999999991, 0.9999999999999989, 0.9999999999999989], 'X_relative_errors': [2.489372433127304, 2.5759824981330586, 2.385715869661704], 'Sparsity': [0.0, 0.0, 0.0], 'converged': [0, 0, 0], 'iterations': [150, 150, 150], 'primal_residual': [88.10357905265379, 87.21246244230652, 85.92532259856928], 'dual_residual': [88.10357905265379, 87.21246244230652, 85.92532259856928], 'times': [1.4368687577079982, 1.4398208600468934, 1.4257574419025332]}",0,COMPLETE
44,44,0.9890733439771061,0.049162709682714294,2024-05-20 06:42:38.323061,2024-05-20 06:42:40.015267,0 days 00:00:01.692206,0.1571636320907282,8.968564131338965,25.433560672770408,0.009951435666090027,"{'AUC_ROCs': [0.990412402456059, 0.9911028182362307, 0.9857048112390286], 'S_relative_errors': [0.04933032158056031, 0.047100840051421566, 0.051056967416161], 'X_relative_errors': [0.8070395501821496, 0.8068534161846418, 0.8048688527046948], 'Sparsity': [0.1285061224489796, 0.13129795918367346, 0.12904489795918367], 'converged': [0, 0, 0], 'iterations': [150, 150, 150], 'primal_residual': [8.35916917045384, 7.95754572672431, 8.592980982858684], 'dual_residual': [8.35916917045384, 7.95754572672431, 8.592980982858684], 'times': [1.409080448327586, 1.4086126037873328, 1.4137650623451918]}",0,COMPLETE
45,45,0.5,0.999999999999999,2024-05-20 06:42:40.040677,2024-05-20 06:42:41.760835,0 days 00:00:01.720158,2.6633185537907518,0.0465246546420083,0.15093238638244558,0.00012100919216660199,"{'AUC_ROCs': [0.5, 0.5, 0.5], 'S_relative_errors': [0.9999999999999991, 0.9999999999999989, 0.9999999999999989], 'X_relative_errors': [2.4914851063927452, 2.5731795665998045, 2.3892463496235523], 'Sparsity': [0.0, 0.0, 0.0], 'converged': [0, 0, 0], 'iterations': [150, 150, 150], 'primal_residual': [88.07643609167309, 87.24673567429627, 85.87894236776434], 'dual_residual': [88.07643609167309, 87.24673567429627, 85.87894236776434], 'times': [1.3946088708471507, 1.4443253390491009, 1.4327777500730008]}",0,COMPLETE
46,46,0.5,0.999999999999999,2024-05-20 06:42:41.787159,2024-05-20 06:42:43.475649,0 days 00:00:01.688490,0.31713600801396175,58.338277889000246,0.14031946275276516,7.084788591322273e-05,"{'AUC_ROCs': [0.5, 0.5, 0.5], 'S_relative_errors': [0.9999999999999991, 0.9999999999999989, 0.9999999999999989], 'X_relative_errors': [2.4887696910068806, 2.574823287701746, 2.3857704417307564], 'Sparsity': [0.0, 0.0, 0.0], 'converged': [0, 0, 0], 'iterations': [150, 150, 150], 'primal_residual': [88.11131713991638, 87.22664300573058, 85.92460639265838], 'dual_residual': [88.11131713991638, 87.22664300573058, 85.92460639265838], 'times': [1.3986235498450696, 1.4070976208895445, 1.4004395192023367]}",0,COMPLETE
47,47,0.5,0.999999999999999,2024-05-20 06:42:43.490341,2024-05-20 06:42:45.238606,0 days 00:00:01.748265,0.5860612428417608,38.3356701403818,0.2590140867740486,0.00015663412758709367,"{'AUC_ROCs': [0.5, 0.5, 0.5], 'S_relative_errors': [0.9999999999999991, 0.9999999999999989, 0.9999999999999989], 'X_relative_errors': [2.4883833288019614, 2.572203661630909, 2.3848459903538064], 'Sparsity': [0.0, 0.0, 0.0], 'converged': [0, 0, 0], 'iterations': [150, 150, 150], 'primal_residual': [88.1162759688616, 87.25865677306338, 85.93673591027728], 'dual_residual': [88.1162759688616, 87.25865677306338, 85.93673591027728], 'times': [1.414372681407258, 1.4218844040296972, 1.4363558334298432]}",0,COMPLETE
48,48,0.5,0.999999999999999,2024-05-20 06:42:45.260736,2024-05-20 06:42:46.924531,0 days 00:00:01.663795,7.825733673158759,0.06497749823992219,0.41152323096531995,1.357650308744768e-05,"{'AUC_ROCs': [0.5, 0.5, 0.5], 'S_relative_errors': [0.9999999999999991, 0.9999999999999989, 0.9999999999999989], 'X_relative_errors': [2.48874951120485, 2.5737719351285797, 2.3869814986336744], 'Sparsity': [0.0, 0.0, 0.0], 'converged': [0, 0, 0], 'iterations': [150, 150, 150], 'primal_residual': [88.11157616685121, 87.23949663772785, 85.90870668261374], 'dual_residual': [88.11157616685121, 87.23949663772785, 85.90870668261374], 'times': [1.436121285893023, 1.3928074261639267, 1.3908112470526248]}",0,COMPLETE
49,49,0.9644859775558662,inf,2024-05-20 06:42:46.936496,2024-05-20 06:42:48.822260,0 days 00:00:01.885764,0.0654379017531593,1.1708557392813308,3.804704325472588,19.135487873156688,"{'AUC_ROCs': [0.9633761322760821, 0.9651193436890179, 0.9649624567024984], 'S_relative_errors': [inf, inf, inf], 'X_relative_errors': [inf, inf, inf], 'Sparsity': [1.0, 1.0, 1.0], 'converged': [0, 0, 0], 'iterations': [150, 150, 150], 'primal_residual': [inf, inf, inf], 'dual_residual': [inf, inf, inf], 'times': [1.61326060956344, 1.6149881100282073, 1.6085676080547273]}",0,COMPLETE
50,50,0.9950165315928654,0.10571839505032776,2024-05-20 06:42:48.849741,2024-05-20 06:42:50.638674,0 days 00:00:01.788933,0.0008735446801907145,0.015546133228270384,0.3260541104593471,0.07161327416239965,"{'AUC_ROCs': [0.9969374707962172, 0.9955285542908352, 0.992583569691544], 'S_relative_errors': [0.105344116669696, 0.10154501705196732, 0.11026605142932], 'X_relative_errors': [0.9999999960936121, 0.9999999952728735, 0.999999996507668], 'Sparsity': [0.9961224489795918, 0.9954204081632653, 0.9961387755102041], 'converged': [0, 0, 0], 'iterations': [150, 150, 150], 'primal_residual': [0.0012406011105284527, 0.0012931499006556151, 0.001191088308765514], 'dual_residual': [0.0012406011105284527, 0.0012931499006556151, 0.001191088308765514], 'times': [1.4300547521561384, 1.4262962283100933, 1.4887740884441882]}",1,COMPLETE
51,51,0.5,0.999999999999999,2024-05-20 06:42:50.667077,2024-05-20 06:42:52.396083,0 days 00:00:01.729006,0.5373274331538979,0.01893731309397616,78.8238277915588,0.00012228821427337828,"{'AUC_ROCs': [0.5, 0.5, 0.5], 'S_relative_errors': [0.9999999999999991, 0.9999999999999989, 0.9999999999999989], 'X_relative_errors': [2.48942074626019, 2.57411907242334, 2.3874183622605796], 'Sparsity': [0.0, 0.0, 0.0], 'converged': [0, 0, 0], 'iterations': [150, 150, 150], 'primal_residual': [88.10295869138321, 87.23525339461159, 85.90296848950818], 'dual_residual': [88.10295869138321, 87.23525339461159, 85.90296848950818], 'times': [1.405516737839207, 1.4237782224081457, 1.4929448149632663]}",1,COMPLETE
52,52,0.5,0.999999999999999,2024-05-20 06:42:52.421963,2024-05-20 06:42:54.114077,0 days 00:00:01.692114,2.6633185537907518,26.284677576654733,0.15093238638244558,0.00012100919216660199,"{'AUC_ROCs': [0.5, 0.5, 0.5], 'S_relative_errors': [0.9999999999999991, 0.9999999999999989, 0.9999999999999989], 'X_relative_errors': [2.488600638299932, 2.573198823357524, 2.3887381785191564], 'Sparsity': [0.0, 0.0, 0.0], 'converged': [0, 0, 0], 'iterations': [150, 150, 150], 'primal_residual': [88.11348700362208, 87.24650038283534, 85.88562402640274], 'dual_residual': [88.11348700362208, 87.24650038283534, 85.88562402640274], 'times': [1.4295936594717205, 1.4009065048303455, 1.409915162017569]}",1,COMPLETE
53,53,0.9945874339072248,0.10511814746282881,2024-05-20 06:42:54.142894,2024-05-20 06:42:55.855434,0 days 00:00:01.712540,0.0010870501643365292,1.1834027424132079,0.731367094386293,0.000959190938095932,"{'AUC_ROCs': [0.9966275506619321, 0.9946877844279391, 0.9924469666318032], 'S_relative_errors': [0.10479368264516924, 0.10089421712206023, 0.10966654262125698], 'X_relative_errors': [0.9977241818750604, 0.9972091743291862, 0.997634340654486], 'Sparsity': [0.7029142857142857, 0.6578938775510204, 0.6642122448979592], 'converged': [0, 0, 0], 'iterations': [150, 150, 150], 'primal_residual': [0.9435367028201436, 0.9970041916585798, 0.981330526593516], 'dual_residual': [0.9435367028201436, 0.9970041916585798, 0.981330526593516], 'times': [1.4284749228972942, 1.4235704329330474, 1.4157693879678845]}",1,COMPLETE
54,54,0.9953365253489811,0.10501187042563849,2024-05-20 06:42:55.881093,2024-05-20 06:42:57.623038,0 days 00:00:01.741945,0.001242726279862443,30.117125443713554,0.4273031432623498,0.001033629474330389,"{'AUC_ROCs': [0.9965259487831235, 0.9960163229855795, 0.9934673042782403], 'S_relative_errors': [0.1046505049634907, 0.10077397239712738, 0.10961113391629741], 'X_relative_errors': [0.9971326436154654, 0.9967015987763258, 0.9974182217395489], 'Sparsity': [0.6519755102040816, 0.6195183673469388, 0.6790204081632653], 'converged': [0, 0, 0], 'iterations': [150, 150, 150], 'primal_residual': [1.0583882708335077, 1.0856810290039594, 1.026808653215348], 'dual_residual': [1.0583882708335077, 1.0856810290039594, 1.026808653215348], 'times': [1.4289957291912287, 1.4234427276533097, 1.4519083788618445]}",1,COMPLETE
55,55,0.9948787736701394,0.09277406658111446,2024-05-20 06:42:57.652748,2024-05-20 06:42:59.399184,0 days 00:00:01.746436,0.038645246490395906,8.048309129975385,0.010535999502299229,0.00922779513058691,"{'AUC_ROCs': [0.9969317193649618, 0.9951700362994779, 0.9925345653459785], 'S_relative_errors': [0.09189109919622164, 0.08830504046148503, 0.09812606008563671], 'X_relative_errors': [0.9463935228844829, 0.9452330284566217, 0.9534688115307288], 'Sparsity': [0.2836489795918367, 0.2617551020408163, 0.2776734693877551], 'converged': [0, 0, 0], 'iterations': [150, 150, 150], 'primal_residual': [4.519968786570198, 4.354571226454289, 4.301080540103445], 'dual_residual': [4.519968786570198, 4.354571226454289, 4.301080540103445], 'times': [1.4550268407911062, 1.4225998513866216, 1.4314866163767874]}",1,COMPLETE
