,number,values_0,values_1,datetime_start,datetime_complete,duration,params_lda1,params_ldag,params_psi_1,params_psi_2,params_psi_3,user_attrs_metrics,system_attrs_nsga2:generation,state
0,0,0.9971432186658152,0.8885230598608439,2024-05-20 03:59:23.602689,2024-05-20 03:59:26.284309,0 days 00:00:02.681620,0.0009493187328941702,2.1434248435616814e-05,0.002844915424272153,0.0034053725168584925,0.010763228582021882,"{'AUC_ROCs': [0.9987701794684979, 0.996028514906244, 0.9966309616227039], 'S_relative_errors': [0.8857420009355345, 0.8876672133754501, 0.8921599652715473], 'X_relative_errors': [5.257044313077748, 5.754993211469947, 5.981534754212893], 'Sparsity': [1.0, 1.0, 1.0], 'converged': [0, 0, 0], 'iterations': [150, 150, 150], 'primal_residual': [array(0.00148336), array(0.00147262), array(0.00151864)], 'dual_residual': [array(0.00254951), array(0.00250377), array(0.00234034)], 'times': [2.2539844426792115, 2.3025455048773438, 2.302856016671285]}",0,COMPLETE
1,1,0.9943540558917064,1.0000000701672382,2024-05-20 03:59:26.285988,2024-05-20 03:59:27.123962,0 days 00:00:00.837974,4.577848031976358,3.7371915138071294,0.028721483719649308,0.004231168772096843,0.003898884514425342,"{'AUC_ROCs': [0.9949729686644734, 0.9937807230711014, 0.9943084759395444], 'S_relative_errors': [1.0000000624692031, 1.0000000713664086, 1.0000000766661026], 'X_relative_errors': [5.93381302886921, 6.4820036697691945, 6.70374347216814], 'Sparsity': [1.0, 1.0, 1.0], 'converged': [1, 1, 1], 'iterations': [31, 31, 31], 'primal_residual': [array(0.00021493), array(0.00025727), array(0.00029052)], 'dual_residual': [array(4.17254363e-06), array(3.97257234e-06), array(4.5887409e-06)], 'times': [0.5009306415449828, 0.4817960502114147, 0.4860598959494382]}",0,COMPLETE
2,2,0.6435938168221361,0.9995685551933201,2024-05-20 03:59:27.126026,2024-05-20 03:59:29.874169,0 days 00:00:02.748143,5.06726989435912,0.040563121993542665,0.4111794049172732,0.5423536436635319,25.01639827609345,"{'AUC_ROCs': [0.6530511841692904, 0.646017973562165, 0.6317122927349529], 'S_relative_errors': [0.9996094128724392, 0.9991915447701346, 0.9999047079373862], 'X_relative_errors': [3.087390981392664, 3.4886623305078532, 3.9120041645832937], 'Sparsity': [1.0, 1.0, 1.0], 'converged': [0, 0, 0], 'iterations': [150, 150, 150], 'primal_residual': [array(0.01435475), array(0.01583165), array(0.01462413)], 'dual_residual': [array(0.03137973), array(0.00079831), array(0.00085346)], 'times': [2.236406268319115, 2.39156706049107, 2.268184673972428]}",0,COMPLETE
3,3,0.98401298362871,0.6270889963348604,2024-05-20 03:59:29.876772,2024-05-20 03:59:31.870745,0 days 00:00:01.993973,0.00886650307563395,14.998325985738864,0.04014166933065742,0.511307657424699,3.0100265610884906,"{'AUC_ROCs': [0.9808496453342099, 0.9837924389741088, 0.9873968665778114], 'S_relative_errors': [0.675033078947205, 0.6394071594377254, 0.5668267506196508], 'X_relative_errors': [3.5769496438702357, 3.6940661310162106, 3.377991833770103], 'Sparsity': [1.0, 1.0, 1.0], 'converged': [1, 1, 1], 'iterations': [97, 97, 102], 'primal_residual': [array(0.00092461), array(0.00092804), array(0.00094493)], 'dual_residual': [array(0.00022568), array(0.00021007), array(0.00018208)], 'times': [1.5322231510654092, 1.477632821071893, 1.6262045223265886]}",0,COMPLETE
4,4,0.8461603583033832,0.9999999999996624,2024-05-20 03:59:31.874577,2024-05-20 03:59:34.498474,0 days 00:00:02.623897,12.642795825721945,0.0001060344960740744,4.720785142158569,0.1272041992905918,1.081781519405944,"{'AUC_ROCs': [0.8428839225622308, 0.815530794486102, 0.880066357861817], 'S_relative_errors': [0.9999999999996582, 0.9999999999996533, 0.9999999999996756], 'X_relative_errors': [5.4890675919681735, 6.0340456716038275, 6.319477707477567], 'Sparsity': [1.0, 1.0, 1.0], 'converged': [0, 0, 0], 'iterations': [150, 150, 150], 'primal_residual': [array(0.00157485), array(0.00163001), array(0.00169721)], 'dual_residual': [array(4.37837601e-05), array(4.53462982e-05), array(4.72546207e-05)], 'times': [2.223033242393285, 2.370169822825119, 2.3270189985632896]}",0,COMPLETE
5,5,0.9975643404892179,0.0925904665516208,2024-05-20 03:59:34.502048,2024-05-20 03:59:37.017848,0 days 00:00:02.515800,0.013748971787608737,0.1761505721782074,1.8477636436635199,3.6049973255232675,6.519429652936881,"{'AUC_ROCs': [0.9980827060243956, 0.9967520462190691, 0.9978582692241892], 'S_relative_errors': [0.1039544931697965, 0.07998430107037942, 0.09383260541468648], 'X_relative_errors': [0.8144041402801484, 0.7458331560174538, 0.8066019214493425], 'Sparsity': [1.0, 1.0, 1.0], 'converged': [0, 0, 0], 'iterations': [150, 150, 150], 'primal_residual': [array(0.05470137), array(0.05542181), array(0.05932601)], 'dual_residual': [array(0.003239), array(0.00341416), array(0.0033796)], 'times': [2.0994573389180005, 2.1114866863936186, 2.252556936116889]}",0,COMPLETE
6,6,0.9969044535072286,0.10250761286779153,2024-05-20 03:59:37.023171,2024-05-20 03:59:39.589188,0 days 00:00:02.566017,0.11699397682071314,0.0004062751067826483,79.59500711071159,0.0032734969177197126,0.16699133123936322,"{'AUC_ROCs': [0.998199787715128, 0.9966139791114531, 0.9958995936951045], 'S_relative_errors': [0.11089857225850247, 0.0988702806388804, 0.0977539857059917], 'X_relative_errors': [0.9988788938318868, 0.9990414644933242, 0.9995581200927673], 'Sparsity': [1.0, 1.0, 1.0], 'converged': [0, 0, 0], 'iterations': [150, 150, 150], 'primal_residual': [array(0.05665271), array(0.05309214), array(0.07080946)], 'dual_residual': [array(0.03073342), array(0.03572672), array(0.0429812)], 'times': [2.288592600496486, 2.2118346341885626, 2.178585075074807]}",0,COMPLETE
7,7,0.9858826372916117,0.5962335508758875,2024-05-20 03:59:39.594485,2024-05-20 03:59:42.141361,0 days 00:00:02.546876,0.0009360918943525533,0.8234460756871104,7.610758124829104,0.060706516299468695,0.0033222376263503262,"{'AUC_ROCs': [0.9838309332398507, 0.9854109892284564, 0.9884059894065282], 'S_relative_errors': [0.6329757636821939, 0.6032021690176508, 0.5525227199278178], 'X_relative_errors': [3.369502323154261, 3.528515569111089, 3.3545678292074834], 'Sparsity': [1.0, 1.0, 1.0], 'converged': [0, 0, 0], 'iterations': [150, 150, 150], 'primal_residual': [array(0.13640559), array(0.13125803), array(0.14135829)], 'dual_residual': [array(0.02074712), array(0.02042552), array(0.02201859)], 'times': [2.308326170546934, 2.228157207602635, 2.226610330166295]}",0,COMPLETE
8,8,0.9962734113381203,0.15665307496684952,2024-05-20 03:59:42.147345,2024-05-20 03:59:44.722720,0 days 00:00:02.575375,0.0007795835170647709,0.00010999478578802664,0.01699851710250495,0.12301957917534431,1.4761780762384968,"{'AUC_ROCs': [0.99830776359182, 0.9938992125500883, 0.9966132578724524], 'S_relative_errors': [0.16779161493251435, 0.15359642936337553, 0.1485711806046587], 'X_relative_errors': [0.9999972308302019, 1.000004858951919, 0.9999908882349224], 'Sparsity': [1.0, 1.0, 1.0], 'converged': [0, 0, 0], 'iterations': [150, 150, 150], 'primal_residual': [array(0.00626058), array(0.00702821), array(0.0097176)], 'dual_residual': [array(0.00176736), array(0.0021223), array(0.00320886)], 'times': [2.1424840118270367, 2.1730104475282133, 2.234648321289569]}",0,COMPLETE
9,9,0.9841787943279053,0.6292015944264794,2024-05-20 03:59:44.728272,2024-05-20 03:59:47.220140,0 days 00:00:02.491868,0.006418155763481803,40.82626256779317,1.194562920382072,53.20561055962989,0.003399624360714066,"{'AUC_ROCs': [0.9810577602049674, 0.9839739031173571, 0.9875047196613919], 'S_relative_errors': [0.676243746888103, 0.6395873929641843, 0.571773643427151], 'X_relative_errors': [0.9975750145344118, 0.9973956565942749, 0.9980781603597165], 'Sparsity': [1.0, 1.0, 1.0], 'converged': [0, 0, 0], 'iterations': [150, 150, 150], 'primal_residual': [array(0.09389999), array(0.08921046), array(0.10946184)], 'dual_residual': [array(0.00739299), array(0.00559573), array(0.00536577)], 'times': [2.2396455991547555, 2.1637404959183186, 2.1691140250768512]}",0,COMPLETE
10,10,0.9950317866449082,0.9999999290202749,2024-05-20 03:59:47.223904,2024-05-20 03:59:47.954531,0 days 00:00:00.730627,1.699419762529105,0.0072080005130470606,0.020101789926974638,0.20297972176677784,1.8452671228837216,"{'AUC_ROCs': [0.9982469034555465, 0.9948819949358081, 0.99196646154337], 'S_relative_errors': [0.9999999240310388, 0.9999999273357606, 0.9999999356940253], 'X_relative_errors': [5.686948844083171, 6.224126698106227, 6.4643885297619], 'Sparsity': [1.0, 1.0, 1.0], 'converged': [1, 1, 1], 'iterations': [32, 32, 32], 'primal_residual': [array(0.00029748), array(0.00029921), array(0.00029665)], 'dual_residual': [array(6.85263444e-06), array(6.81996416e-06), array(6.4499098e-06)], 'times': [0.517038922989741, 0.4880895984824747, 0.48642692854627967]}",0,COMPLETE
11,11,0.9882004884247818,0.6228060690425498,2024-05-20 03:59:47.961987,2024-05-20 03:59:50.516339,0 days 00:00:02.554352,0.07234814474787592,0.11399613925059907,4.887333514678374,0.0033836563750577766,0.004435587161909519,"{'AUC_ROCs': [0.9972612884708517, 0.9877791030896328, 0.9795610737138607], 'S_relative_errors': [0.4553997671412523, 0.671898714074494, 0.741119725911903], 'X_relative_errors': [2.5857456738463855, 4.226117913991771, 4.847025289253949], 'Sparsity': [1.0, 1.0, 1.0], 'converged': [0, 0, 0], 'iterations': [150, 150, 150], 'primal_residual': [array(0.08618476), array(0.06057635), array(0.06831894)], 'dual_residual': [array(0.03181429), array(0.02116501), array(0.02288596)], 'times': [2.2054277742281556, 2.280451423721388, 2.321989504620433]}",0,COMPLETE
12,12,0.9968527823124407,0.0915524210479249,2024-05-20 03:59:50.520505,2024-05-20 03:59:52.987831,0 days 00:00:02.467326,0.06806226224532609,9.765486075958088e-05,7.0999627096437425,0.021225454568198042,0.0026539018709845147,"{'AUC_ROCs': [0.9980465391180166, 0.9962003828748941, 0.9963114249444114], 'S_relative_errors': [0.09379054809674812, 0.09016532859287882, 0.09070138645414774], 'X_relative_errors': [0.763293598419083, 0.7867990019791177, 0.8040400343956005], 'Sparsity': [1.0, 1.0, 1.0], 'converged': [0, 0, 0], 'iterations': [150, 150, 150], 'primal_residual': [array(0.08738226), array(0.08455118), array(0.14130409)], 'dual_residual': [array(0.02725413), array(0.03534021), array(0.05689169)], 'times': [2.204042162746191, 2.218319727340713, 2.222735723713413]}",0,COMPLETE
13,13,0.984352849673392,0.6266699611879288,2024-05-20 03:59:52.990882,2024-05-20 03:59:55.476247,0 days 00:00:02.485365,0.040282813119305136,39.85276707942002,0.6373457382551574,12.55774068205505,0.2912163705060643,"{'AUC_ROCs': [0.9807526641646758, 0.9844630696919519, 0.9878428151635483], 'S_relative_errors': [0.6744777749736659, 0.6379424052712181, 0.5675897033189026], 'X_relative_errors': [2.4779307271804853, 2.513977145733672, 2.3268868232445197], 'Sparsity': [1.0, 1.0, 1.0], 'converged': [0, 0, 0], 'iterations': [150, 150, 150], 'primal_residual': [array(0.00911686), array(0.00770336), array(0.00926735)], 'dual_residual': [array(0.00042055), array(0.00041667), array(0.00046881)], 'times': [2.24362955824472, 2.2098327283747494, 2.221562323626131]}",0,COMPLETE
14,14,0.9976400971952296,0.19071312757293488,2024-05-20 03:59:55.485701,2024-05-20 03:59:57.955749,0 days 00:00:02.470048,0.03711126879550232,0.8286018297134055,0.0023241493843806594,30.073593459479238,0.009145222651148472,"{'AUC_ROCs': [0.9982158567987276, 0.997159669389545, 0.997544765397416], 'S_relative_errors': [0.20150917961361292, 0.1875786497166622, 0.18305155338852946], 'X_relative_errors': [1.012773264502943, 1.01506565651678, 1.0263400268594067], 'Sparsity': [1.0, 1.0, 1.0], 'converged': [0, 0, 0], 'iterations': [150, 150, 150], 'primal_residual': [array(0.42072439), array(0.46373119), array(0.56337175)], 'dual_residual': [array(0.08874085), array(0.08072983), array(0.09816558)], 'times': [2.219454291043803, 2.2013510519172996, 2.188271403312683]}",0,COMPLETE
15,15,0.9959320774249152,0.08776673614693602,2024-05-20 03:59:57.964486,2024-05-20 04:00:00.391660,0 days 00:00:02.427174,0.2199162875730178,2.3280938725484543e-05,2.3328452674171776,18.789940226995963,13.545155464499507,"{'AUC_ROCs': [0.9975879657896253, 0.9951090418345497, 0.9950992246505705], 'S_relative_errors': [0.0894007481788326, 0.08810628553995908, 0.08579317472201634], 'X_relative_errors': [0.9990198724081736, 0.9990585548163399, 0.9990536063946438], 'Sparsity': [1.0, 1.0, 1.0], 'converged': [0, 0, 0], 'iterations': [150, 150, 150], 'primal_residual': [array(0.00746212), array(0.00698679), array(0.0074226)], 'dual_residual': [array(0.00090687), array(0.0011403), array(0.00135359)], 'times': [2.0677902293391526, 2.092148946132511, 2.1473233031574637]}",0,COMPLETE
16,16,0.961848906017123,0.999999963225625,2024-05-20 04:00:00.402577,2024-05-20 04:00:01.150453,0 days 00:00:00.747876,1.9028068967424596,1.275841394683556,0.0032642487852352756,0.10020928081591093,0.022760894717681866,"{'AUC_ROCs': [0.9666201459725539, 0.9527992758761965, 0.9661272962026187], 'S_relative_errors': [0.9999999507370151, 0.9999999715719441, 0.9999999673679161], 'X_relative_errors': [5.921609770969222, 6.46910002833748, 6.691707710780813], 'Sparsity': [1.0, 1.0, 1.0], 'converged': [1, 1, 1], 'iterations': [31, 31, 31], 'primal_residual': [array(0.00022878), array(0.00015952), array(0.00018189)], 'dual_residual': [array(2.79814045e-06), array(2.50599964e-06), array(2.79058883e-06)], 'times': [0.4638040417339653, 0.47258345037698746, 0.4680657470598817]}",0,COMPLETE
17,17,0.9903475025629938,0.9863145057446981,2024-05-20 04:00:01.161308,2024-05-20 04:00:03.631938,0 days 00:00:02.470630,6.321250834116495,0.00014009197980832205,20.859494212889143,64.02826987393725,0.6431153729546071,"{'AUC_ROCs': [0.9903123960860025, 0.9924700567739869, 0.9882600548289919], 'S_relative_errors': [0.9905070868557311, 0.9843737348150758, 0.9840626955632876], 'X_relative_errors': [0.9997578176877532, 1.0036657726951932, 1.0820288158881064], 'Sparsity': [1.0, 1.0, 1.0], 'converged': [0, 0, 0], 'iterations': [150, 150, 150], 'primal_residual': [array(0.07904887), array(0.12667974), array(0.15392096)], 'dual_residual': [array(0.00987527), array(0.0051197), array(0.00542385)], 'times': [2.148584518348798, 2.1501522886101156, 2.2301746604498476]}",0,COMPLETE
18,18,0.9953764441876176,0.6522683973967385,2024-05-20 04:00:03.640433,2024-05-20 04:00:06.253038,0 days 00:00:02.612605,0.00017678098205531863,0.0007229263586612959,0.10427371719892359,0.059453137248123955,0.005034662581416053,"{'AUC_ROCs': [0.9963986444757901, 0.9960093818308068, 0.9937213062562562], 'S_relative_errors': [0.6274345868860008, 0.6469434870917302, 0.6824271182124845], 'X_relative_errors': [3.7240783090561718, 4.194511132182754, 4.5757676164869885], 'Sparsity': [1.0, 1.0, 1.0], 'converged': [0, 0, 0], 'iterations': [150, 150, 150], 'primal_residual': [array(0.02280624), array(0.0212774), array(0.02207419)], 'dual_residual': [array(0.04494135), array(0.04409364), array(0.04194759)], 'times': [2.2340427096933126, 2.3721158551052213, 2.2534646827261895]}",0,COMPLETE
19,19,0.9967859943651655,0.13522702584750848,2024-05-20 04:00:06.266376,2024-05-20 04:00:08.786404,0 days 00:00:02.520028,0.003244381389770755,0.011338346237143257,1.7122151278016735,0.09698570473605511,0.029932718395813053,"{'AUC_ROCs': [0.998710487747539, 0.9956370623581282, 0.9960104329898293], 'S_relative_errors': [0.13965608145940486, 0.12443231798646845, 0.14159267809665216], 'X_relative_errors': [0.8734132843449741, 0.8539232038113946, 0.9857206515366307], 'Sparsity': [1.0, 1.0, 1.0], 'converged': [0, 0, 0], 'iterations': [150, 150, 150], 'primal_residual': [array(0.04018376), array(0.15666301), array(0.0625388)], 'dual_residual': [array(0.016798), array(0.0336102), array(0.10758877)], 'times': [2.193882869556546, 2.2291176575236022, 2.242596893804148]}",0,COMPLETE
20,20,0.7785770106209746,0.9999999999999739,2024-05-20 04:00:08.798970,2024-05-20 04:00:11.021348,0 days 00:00:02.222378,12.091311034070072,0.0460058926300983,1.674438481210689,0.744319733200927,0.10492113615829614,"{'AUC_ROCs': [0.7699777643954497, 0.7006825037457064, 0.8650707637217678], 'S_relative_errors': [0.9999999999999767, 0.9999999999999705, 0.9999999999999749], 'X_relative_errors': [5.721405520940855, 6.265661997988863, 6.515000447614141], 'Sparsity': [1.0, 1.0, 1.0], 'converged': [1, 1, 1], 'iterations': [102, 111, 122], 'primal_residual': [array(0.00097872), array(0.00097225), array(0.00099196)], 'dual_residual': [array(3.18471384e-05), array(2.7300444e-05), array(3.22035471e-05)], 'times': [1.520926908357069, 1.6769106371793896, 1.943964552367106]}",0,COMPLETE
21,21,0.9963959386645246,0.15551244692685703,2024-05-20 04:00:11.034148,2024-05-20 04:00:13.537215,0 days 00:00:02.503067,0.00021275420811933188,0.002740057524589337,0.09186849677879136,36.18521653822741,97.42624296476795,"{'AUC_ROCs': [0.9979456627810305, 0.9955815339598333, 0.9956606192527099], 'S_relative_errors': [0.16652109303380538, 0.1525946914973565, 0.14742155624940922], 'X_relative_errors': [1.0000298137939165, 1.0000304690071062, 1.0000191342532367], 'Sparsity': [1.0, 1.0, 1.0], 'converged': [0, 0, 0], 'iterations': [150, 150, 150], 'primal_residual': [array(0.00206771), array(0.00188992), array(0.00221604)], 'dual_residual': [array(0.00142613), array(0.0017557), array(0.00217198)], 'times': [2.235931222792715, 2.1079289701301605, 2.154416080098599]}",0,COMPLETE
22,22,0.9982413752366665,0.12326821154246154,2024-05-20 04:00:13.553927,2024-05-20 04:00:16.038865,0 days 00:00:02.484938,0.0002595194777670417,0.34618617094716264,0.028725052720847306,29.08036445306158,0.8989305355101271,"{'AUC_ROCs': [0.9989234658434715, 0.9977519056217129, 0.9980487542448149], 'S_relative_errors': [0.12836970432130662, 0.12507982564454462, 0.11635510466153336], 'X_relative_errors': [0.9901851789923802, 0.9916879380560937, 0.9898044339878045], 'Sparsity': [1.0, 1.0, 1.0], 'converged': [0, 0, 0], 'iterations': [150, 150, 150], 'primal_residual': [array(0.11699098), array(0.09224542), array(0.10370805)], 'dual_residual': [array(0.00681875), array(0.00670201), array(0.00864617)], 'times': [2.1463728786911815, 2.2228902941569686, 2.187964611221105]}",0,COMPLETE
23,23,0.7978639706393714,0.9807173982866632,2024-05-20 04:00:16.047787,2024-05-20 04:00:18.602332,0 days 00:00:02.554545,1.022779756394441,5.074322100970873,10.650804917539082,0.01962322010420588,0.04055431571445977,"{'AUC_ROCs': [0.7856313090488984, 0.846911940147492, 0.7610486627217236], 'S_relative_errors': [0.9790072635449013, 0.9814894037907441, 0.981655527524344], 'X_relative_errors': [5.244912794465871, 5.811425042274097, 6.140070929649265], 'Sparsity': [1.0, 1.0, 1.0], 'converged': [0, 0, 0], 'iterations': [150, 150, 150], 'primal_residual': [array(0.02974701), array(0.01922908), array(0.0293274)], 'dual_residual': [array(0.00508687), array(0.00585548), array(0.56573549)], 'times': [2.2162527670152485, 2.2661399475764483, 2.2846153541468084]}",0,COMPLETE
24,24,0.9838021680263376,0.6300927280708537,2024-05-20 04:00:18.614203,2024-05-20 04:00:21.108984,0 days 00:00:02.494781,0.002283527428178836,69.91602142809386,1.9124087451994263,18.36209964875185,0.1362312449627651,"{'AUC_ROCs': [0.9802653020813465, 0.9837654373071726, 0.9873757646904938], 'S_relative_errors': [0.6792185808150726, 0.6406478222070062, 0.5704117811904822], 'X_relative_errors': [1.9032490541524147, 1.8932516834003206, 1.7802634180334223], 'Sparsity': [1.0, 1.0, 1.0], 'converged': [0, 0, 0], 'iterations': [150, 150, 150], 'primal_residual': [array(0.03254167), array(0.02956293), array(0.03253551)], 'dual_residual': [array(0.00213315), array(0.00212765), array(0.00245844)], 'times': [2.191369201056659, 2.202953545143828, 2.2250961256213486]}",0,COMPLETE
25,25,0.8406528169267652,0.9992970340688531,2024-05-20 04:00:21.127906,2024-05-20 04:00:22.884410,0 days 00:00:01.756504,0.36857352631525275,8.67805538044991,0.04082229043557786,0.039402709348767204,1.922248667715968,"{'AUC_ROCs': [0.879225706713878, 0.9763789588054489, 0.6663537852609684], 'S_relative_errors': [0.9990373419983117, 0.9988565075540908, 0.9999972526541567], 'X_relative_errors': [5.690268926876673, 6.2265142559582385, 6.473314327120849], 'Sparsity': [1.0, 1.0, 1.0], 'converged': [1, 1, 1], 'iterations': [100, 98, 88], 'primal_residual': [array(0.0006901), array(0.000819), array(0.00014844)], 'dual_residual': [array(0.00058871), array(0.0008357), array(0.00098051)], 'times': [1.5026289853267372, 1.4678263126406819, 1.3116969901602715]}",0,COMPLETE
26,26,0.783568082849705,0.9999999998865055,2024-05-20 04:00:22.900349,2024-05-20 04:00:25.548392,0 days 00:00:02.648043,10.1933652158772,0.1574411378132545,0.09426855266554034,0.0012671630879420683,39.258762658974675,"{'AUC_ROCs': [0.8119249764951875, 0.7888691255358149, 0.7499101465181124], 'S_relative_errors': [0.9999999998620176, 0.9999999998867903, 0.9999999999107082], 'X_relative_errors': [2.06157086032342, 2.3621914989683206, 2.7901204651502187], 'Sparsity': [1.0, 1.0, 1.0], 'converged': [0, 0, 0], 'iterations': [150, 150, 150], 'primal_residual': [array(0.02850312), array(0.02690035), array(0.02626055)], 'dual_residual': [array(0.00080376), array(0.00075887), array(0.00074139)], 'times': [2.210289579583332, 2.383886276278645, 2.253378017107025]}",0,COMPLETE
