,number,values_0,values_1,datetime_start,datetime_complete,duration,params_lda1,params_ldag,params_psi_1,params_psi_2,params_psi_3,user_attrs_metrics,system_attrs_nsga2:generation,state
54,54,0.8686447520281845,0.9690089932888752,2024-05-20 04:14:35.436127,2024-05-20 04:14:38.057266,0 days 00:00:02.621139,2.2985539425627777,0.04586286832959792,0.0010494879051934412,0.015495033721798187,5.077407939684572,"{'AUC_ROCs': [0.8509823669655174, 0.9090130610913294, 0.8459388280277068], 'S_relative_errors': [0.9737095011141594, 0.9639156164275783, 0.969401862324888], 'X_relative_errors': [5.177610275304186, 5.6230707727239535, 5.908822384314477], 'Sparsity': [1.0, 1.0, 1.0], 'converged': [0, 0, 0], 'iterations': [150, 150, 150], 'primal_residual': [array(0.00197724), array(0.00481036), array(0.00449387)], 'dual_residual': [array(0.0004492), array(0.00095516), array(0.00051289)], 'times': [2.368950993521139, 2.36166983935982, 2.2747453048359603]}",1,COMPLETE
55,55,0.9972700928354,0.14644880410672212,2024-05-20 04:14:38.091954,2024-05-20 04:14:40.771965,0 days 00:00:02.680011,0.1340807932501222,0.005318102823136353,0.0010494879051934412,0.015495033721798187,27.51380545652184,"{'AUC_ROCs': [0.9986993203415813, 0.996366212329353, 0.9967447458352655], 'S_relative_errors': [0.155604302586339, 0.14330921043879877, 0.14043289929502856], 'X_relative_errors': [1.0397408201199019, 1.04731933319195, 1.0559484667150523], 'Sparsity': [1.0, 1.0, 1.0], 'converged': [0, 0, 0], 'iterations': [150, 150, 150], 'primal_residual': [array(0.52897027), array(0.56016743), array(0.65139924)], 'dual_residual': [array(0.10998651), array(0.1149341), array(0.11989273)], 'times': [2.370251812040806, 2.222321370616555, 2.2402807271573693]}",1,COMPLETE
56,56,0.9978791058590994,0.13079997544065428,2024-05-20 04:14:40.804617,2024-05-20 04:14:43.506006,0 days 00:00:02.701389,0.0028152942434743343,0.3391102815270251,16.97149025823258,0.02531710766245712,0.6342742570721696,"{'AUC_ROCs': [0.998710050603703, 0.9970306402952972, 0.9978966266782983], 'S_relative_errors': [0.13935770460116387, 0.12623369270643633, 0.12680852901436265], 'X_relative_errors': [0.9548339321822628, 0.9451103365041396, 0.9261921666452958], 'Sparsity': [1.0, 1.0, 1.0], 'converged': [0, 0, 0], 'iterations': [150, 150, 150], 'primal_residual': [array(0.10063629), array(0.11379158), array(0.10782138)], 'dual_residual': [array(0.00475154), array(0.0050124), array(0.00614116)], 'times': [2.175858090631664, 2.430100603727624, 2.2255474999547005]}",1,COMPLETE
57,57,0.8434865527063092,0.9947517273888092,2024-05-20 04:14:43.542638,2024-05-20 04:14:46.123232,0 days 00:00:02.580594,7.183038861346341,0.001024052378538329,18.810535591335256,0.04210902756556087,3.818003099124488,"{'AUC_ROCs': [0.8599599400039515, 0.8499598264689578, 0.8205398916460185], 'S_relative_errors': [0.9942743329913287, 0.9943351269311832, 0.9956457222439157], 'X_relative_errors': [4.486593234678287, 5.044482707199157, 5.463346291615319], 'Sparsity': [1.0, 1.0, 1.0], 'converged': [0, 0, 0], 'iterations': [150, 150, 150], 'primal_residual': [array(0.03415123), array(0.03048858), array(0.03147872)], 'dual_residual': [array(0.00089239), array(0.00097701), array(0.00100569)], 'times': [2.277957031968981, 2.2631386686116457, 2.3148508593440056]}",1,COMPLETE
58,58,0.9839599160374796,0.6466040437335686,2024-05-20 04:14:46.153298,2024-05-20 04:14:48.730605,0 days 00:00:02.577307,0.0612988124422036,18.877782738081404,3.378553681637198,0.00148357099738982,0.033759643343210806,"{'AUC_ROCs': [0.9803267788063021, 0.9837223477541646, 0.9878306215519717], 'S_relative_errors': [0.68763337728264, 0.6593041930018103, 0.5928745609162555], 'X_relative_errors': [3.871398390960936, 4.0535981027705175, 3.7901126465400243], 'Sparsity': [1.0, 1.0, 1.0], 'converged': [0, 0, 0], 'iterations': [150, 150, 150], 'primal_residual': [array(0.06199108), array(0.05829372), array(0.05902419)], 'dual_residual': [array(0.02046339), array(0.02396241), array(0.03380542)], 'times': [2.292069408809766, 2.3175342581234872, 2.2677597764413804]}",1,COMPLETE
59,59,0.9958469278217607,0.15578381802188976,2024-05-20 04:14:48.769818,2024-05-20 04:14:51.313781,0 days 00:00:02.543963,0.014185766696430662,7.212037121191804e-05,0.12253822141277898,73.66827586028606,0.023439657806180722,"{'AUC_ROCs': [0.9982349885875977, 0.9942902798187709, 0.9950155150589134], 'S_relative_errors': [0.1668685222496367, 0.1527078280912393, 0.1477751037247933], 'X_relative_errors': [1.0002568988343372, 1.000443552232047, 1.0007021173538095], 'Sparsity': [1.0, 1.0, 1.0], 'converged': [0, 0, 0], 'iterations': [150, 150, 150], 'primal_residual': [array(0.07233983), array(0.06806871), array(0.09261201)], 'dual_residual': [array(0.06393663), array(0.07949621), array(0.10137819)], 'times': [2.291036219103262, 2.174506503622979, 2.1903380691073835]}",1,COMPLETE
60,60,0.995797527872394,0.44355465969831703,2024-05-20 04:14:51.329881,2024-05-20 04:14:54.212341,0 days 00:00:02.882460,0.1340807932501222,0.6199997000566717,0.001492303532711327,0.015495033721798187,5.077407939684572,"{'AUC_ROCs': [0.9961556882968599, 0.994368008709528, 0.9968688866107942], 'S_relative_errors': [0.44089522650798246, 0.5027550420245549, 0.3870137105624136], 'X_relative_errors': [2.0782292307511265, 2.678280769822713, 2.0411280925866673], 'Sparsity': [1.0, 1.0, 1.0], 'converged': [0, 0, 0], 'iterations': [150, 150, 150], 'primal_residual': [array(0.04986886), array(0.04908779), array(0.0343135)], 'dual_residual': [array(0.00962364), array(0.00801713), array(0.00766445)], 'times': [2.2168317188043147, 2.587461290648207, 2.2810315904207528]}",1,COMPLETE
61,61,0.9850669824640518,0.6362075284426792,2024-05-20 04:14:54.250723,2024-05-20 04:14:56.858030,0 days 00:00:02.607307,0.03660878014701168,0.3207438611010466,0.1594257135103789,0.707983128154378,0.07661540540993202,"{'AUC_ROCs': [0.9817747988740001, 0.9851141869944049, 0.9883119615237501], 'S_relative_errors': [0.6816857939643061, 0.6479486154027709, 0.5789881759609607], 'X_relative_errors': [3.94226724233194, 4.0904514118398785, 3.7818108160557493], 'Sparsity': [1.0, 1.0, 1.0], 'converged': [0, 0, 0], 'iterations': [150, 150, 150], 'primal_residual': [array(0.0621394), array(0.04286144), array(0.01321524)], 'dual_residual': [array(0.01761143), array(0.01850086), array(0.02644858)], 'times': [2.340380245121196, 2.2411355930380523, 2.3281496153213084]}",1,COMPLETE
62,62,0.9904979236448623,0.5460796521968357,2024-05-20 04:14:56.893149,2024-05-20 04:14:59.380909,0 days 00:00:02.487760,0.12333272438126114,3.766229436028617,1.0010747841563234,0.010620818415624423,27.978605703113608,"{'AUC_ROCs': [0.9909489274319119, 0.9892207940308795, 0.9913240494717955], 'S_relative_errors': [0.5631988959879669, 0.5822848626942466, 0.49275519790829364], 'X_relative_errors': [1.0524354800554894, 1.132756046542673, 1.0395030291010037], 'Sparsity': [1.0, 1.0, 1.0], 'converged': [0, 0, 0], 'iterations': [150, 150, 150], 'primal_residual': [array(0.35707323), array(0.42924105), array(0.50635972)], 'dual_residual': [array(0.03523749), array(0.02716401), array(0.04024012)], 'times': [2.212744710734114, 2.240464054979384, 2.229737830348313]}",1,COMPLETE
63,63,0.9968527073643701,0.13788935269933425,2024-05-20 04:14:59.398854,2024-05-20 04:15:01.759760,0 days 00:00:02.360906,0.19182560751525932,0.00016694162699909063,1.8100953232120987,1.85808437797937,28.149606586872448,"{'AUC_ROCs': [0.9981441706064672, 0.9964880297829299, 0.9959259217037132], 'S_relative_errors': [0.14782482970402486, 0.13488178712395413, 0.13096144127002374], 'X_relative_errors': [1.0000427599386044, 1.0000407594859635, 1.0000341042614607], 'Sparsity': [1.0, 1.0, 1.0], 'converged': [0, 0, 0], 'iterations': [150, 150, 150], 'primal_residual': [array(0.00110079), array(0.00157327), array(0.00246513)], 'dual_residual': [array(0.00073459), array(0.00075151), array(0.00071168)], 'times': [2.192781079793349, 2.0882520710583776, 2.095491600688547]}",1,COMPLETE
64,64,0.9968620780844718,0.15071477703314992,2024-05-20 04:15:01.796873,2024-05-20 04:15:04.255865,0 days 00:00:02.458992,0.0612988124422036,3.115118311325587e-05,37.47238826688561,63.5253727704498,0.04246828179458281,"{'AUC_ROCs': [0.9980209257273316, 0.995866718537133, 0.9966985899889507], 'S_relative_errors': [0.16137331378680933, 0.1476675898945691, 0.14310342741807136], 'X_relative_errors': [1.00006464527696, 1.0000732573388347, 1.0000732404515096], 'Sparsity': [1.0, 1.0, 1.0], 'converged': [0, 0, 0], 'iterations': [150, 150, 150], 'primal_residual': [array(0.00319969), array(0.00325183), array(0.00356222)], 'dual_residual': [array(0.00091219), array(0.00104555), array(0.00126761)], 'times': [2.092560356250033, 2.1839542861562222, 2.1910653468221426]}",1,COMPLETE
65,65,0.996686934913122,0.15490774868892918,2024-05-20 04:15:04.294689,2024-05-20 04:15:06.846768,0 days 00:00:02.552079,0.011326011273176496,0.0017889645249892702,0.06055529090793733,0.02006344527034256,2.1667362584222567,"{'AUC_ROCs': [0.9982698278719566, 0.9954784309607707, 0.9963125459066388], 'S_relative_errors': [0.16587550547407273, 0.15184795203643314, 0.14699978855628157], 'X_relative_errors': [0.9999823410999633, 1.0000030330169591, 1.0000063753738326], 'Sparsity': [1.0, 1.0, 1.0], 'converged': [0, 0, 0], 'iterations': [150, 150, 150], 'primal_residual': [array(0.01535113), array(0.01471118), array(0.01828266)], 'dual_residual': [array(0.00517174), array(0.00621458), array(0.00619018)], 'times': [2.1882630193140358, 2.2245014212094247, 2.2674497009720653]}",1,COMPLETE
66,66,0.9964292726732085,0.15579407432480258,2024-05-20 04:15:06.860730,2024-05-20 04:15:09.374792,0 days 00:00:02.514062,0.00045909260158894454,0.0023360867167514635,28.018990166477092,1.9040757744898114,0.5921839337041088,"{'AUC_ROCs': [0.9979542356573691, 0.9950709399213824, 0.9962626424408741], 'S_relative_errors': [0.1668929922811404, 0.1528492785351433, 0.14763995215812403], 'X_relative_errors': [1.0000021937031005, 1.000009731571979, 0.9999825296608986], 'Sparsity': [1.0, 1.0, 1.0], 'converged': [0, 0, 0], 'iterations': [150, 150, 150], 'primal_residual': [array(0.00172706), array(0.00171239), array(0.00180755)], 'dual_residual': [array(0.00079546), array(0.00077153), array(0.00077708)], 'times': [2.0829119267873466, 2.25544924614951, 2.094886700157076]}",1,COMPLETE
67,67,0.9971456728897593,0.12239217441231288,2024-05-20 04:15:09.407285,2024-05-20 04:15:11.857845,0 days 00:00:02.450560,0.0017255226569522718,0.08072780922211731,3.8379444441599353,0.09094203203948376,79.49993861380786,"{'AUC_ROCs': [0.9985199591463181, 0.9960111489297452, 0.996905910593215], 'S_relative_errors': [0.13137558183046066, 0.12056848991920789, 0.11523245148727014], 'X_relative_errors': [0.9993492992157144, 0.9992605170597998, 0.9994062599370537], 'Sparsity': [1.0, 1.0, 1.0], 'converged': [0, 0, 0], 'iterations': [150, 150, 150], 'primal_residual': [array(0.0326551), array(0.03514971), array(0.03410427)], 'dual_residual': [array(0.0027281), array(0.00272796), array(0.00347621)], 'times': [2.202125869691372, 2.1996261414606124, 2.160039732931182]}",1,COMPLETE
68,68,0.9966356702223106,0.14906107234187704,2024-05-20 04:15:11.898865,2024-05-20 04:15:14.462282,0 days 00:00:02.563417,0.005079809834635738,0.0136654245745331,27.873593398017192,3.0853124962118623,0.04246828179458281,"{'AUC_ROCs': [0.9978613587827394, 0.995688589777695, 0.9963570621064973], 'S_relative_errors': [0.15949665015035755, 0.14669182868106664, 0.14099473819420696], 'X_relative_errors': [1.0000063137767823, 0.9999958441003509, 1.0000238853389611], 'Sparsity': [1.0, 1.0, 1.0], 'converged': [0, 0, 0], 'iterations': [150, 150, 150], 'primal_residual': [array(0.00469988), array(0.00502677), array(0.0052839)], 'dual_residual': [array(0.00229504), array(0.00225852), array(0.00211358)], 'times': [2.1081976536661386, 2.134525215718895, 2.29659015359357]}",1,COMPLETE
69,69,0.9964494694728829,0.15252807241014998,2024-05-20 04:15:14.492932,2024-05-20 04:15:16.897612,0 days 00:00:02.404680,0.041174154220044175,0.00027345125970223603,0.0012818290819472935,8.391377554986434,1.5149380921439581,"{'AUC_ROCs': [0.9979530780357295, 0.9956696802137238, 0.9957256501691957], 'S_relative_errors': [0.16335408050678166, 0.14933946000312165, 0.1448906767205467], 'X_relative_errors': [0.9990675930246439, 0.9988940973793042, 0.9990667581670873], 'Sparsity': [1.0, 1.0, 1.0], 'converged': [0, 0, 0], 'iterations': [150, 150, 150], 'primal_residual': [array(0.03039204), array(0.03156721), array(0.03254852)], 'dual_residual': [array(0.00531569), array(0.00521296), array(0.00538453)], 'times': [2.172005931381136, 2.1489523022901267, 2.199419951532036]}",1,COMPLETE
70,70,0.9981162356896744,0.11308117006637002,2024-05-20 04:15:16.914698,2024-05-20 04:15:19.536422,0 days 00:00:02.621724,0.09506003249634871,0.2532799123883418,71.35193021352518,0.5763196559547334,0.05323182300185772,"{'AUC_ROCs': [0.998618408255647, 0.9976667625716086, 0.9980635362417677], 'S_relative_errors': [0.12116635352023865, 0.1117076403775228, 0.10636951630134857], 'X_relative_errors': [0.9933477882676108, 0.9916635765749255, 0.9917991084485374], 'Sparsity': [1.0, 1.0, 1.0], 'converged': [0, 0, 0], 'iterations': [150, 150, 150], 'primal_residual': [array(0.09313086), array(0.10284795), array(0.09946522)], 'dual_residual': [array(0.00571748), array(0.00625578), array(0.00624859)], 'times': [2.320855911821127, 2.371719904243946, 2.211196394637227]}",1,COMPLETE
71,71,0.9397277672122725,0.9999999399747481,2024-05-20 04:15:19.576450,2024-05-20 04:15:20.524389,0 days 00:00:00.947939,0.9114669574631695,2.9161378061079754e-05,0.4530357193151044,0.017895299290866442,0.25736161971017557,"{'AUC_ROCs': [0.9965581628488451, 0.9276196558877731, 0.8950054829001991], 'S_relative_errors': [1.0000001432993446, 0.9999998186401624, 0.9999998579847373], 'X_relative_errors': [5.872209623294827, 6.419182277141945, 6.6483617704900135], 'Sparsity': [1.0, 1.0, 1.0], 'converged': [1, 1, 1], 'iterations': [38, 38, 38], 'primal_residual': [array(0.00045532), array(0.00075637), array(0.00073866)], 'dual_residual': [array(2.44319739e-05), array(2.21071994e-05), array(2.48967835e-05)], 'times': [0.6617220428306609, 0.5868586911819875, 0.5828593201003969]}",1,COMPLETE
72,72,0.9969546205028786,0.12086326433884932,2024-05-20 04:15:20.565133,2024-05-20 04:15:23.106827,0 days 00:00:02.541694,0.00045909260158894454,0.09273553975570495,28.018990166477092,10.09396232978704,0.0013687564792530375,"{'AUC_ROCs': [0.9979669937811741, 0.99570394044639, 0.9971929272810722], 'S_relative_errors': [0.12886301453567317, 0.1200375195178731, 0.11368925896300171], 'X_relative_errors': [1.0003778611653187, 1.0003003223227047, 1.000137327402588], 'Sparsity': [1.0, 1.0, 1.0], 'converged': [0, 0, 0], 'iterations': [150, 150, 150], 'primal_residual': [array(0.04286385), array(0.04542757), array(0.04704048)], 'dual_residual': [array(0.0180893), array(0.01801925), array(0.01938304)], 'times': [2.1319554005749524, 2.3054440361447632, 2.1375330984592438]}",1,COMPLETE
73,73,0.9835108042933586,0.745450908323399,2024-05-20 04:15:23.123327,2024-05-20 04:15:25.799808,0 days 00:00:02.676481,0.01783040041115028,0.2827955688331728,0.006399715947105125,0.27632425178174846,0.008174427041921431,"{'AUC_ROCs': [0.9804665272144552, 0.9842188173498085, 0.9858470683158121], 'S_relative_errors': [0.7736205901176216, 0.7489233963669207, 0.7138087384856544], 'X_relative_errors': [4.562180798463169, 4.825416659571743, 4.760450134575548], 'Sparsity': [1.0, 1.0, 1.0], 'converged': [0, 0, 0], 'iterations': [150, 150, 150], 'primal_residual': [array(0.00474229), array(0.00484985), array(0.0060857)], 'dual_residual': [array(0.02717501), array(0.03038193), array(0.03706047)], 'times': [2.2560618000570685, 2.3019809694960713, 2.4259338520932943]}",1,COMPLETE
74,74,0.9431724516438574,0.93738778983272,2024-05-20 04:15:25.838382,2024-05-20 04:15:28.568644,0 days 00:00:02.730262,0.19741065280644474,19.126803744957066,0.0024380980180326965,0.707983128154378,0.001193744772469626,"{'AUC_ROCs': [0.9370541911198328, 0.942222156378955, 0.9502410074327843], 'S_relative_errors': [0.955591853120749, 0.9493588168385214, 0.9072126995388897], 'X_relative_errors': [5.587340289055479, 6.0663124500171985, 6.001980435031205], 'Sparsity': [1.0, 1.0, 1.0], 'converged': [0, 0, 0], 'iterations': [150, 150, 150], 'primal_residual': [array(0.00491035), array(0.00563103), array(0.00580318)], 'dual_residual': [array(0.00312853), array(0.00448563), array(0.00672418)], 'times': [2.254869071766734, 2.47840289818123, 2.2713748661335558]}",1,COMPLETE
75,75,0.9913540451209494,0.9999997862874349,2024-05-20 04:15:28.611892,2024-05-20 04:15:29.361440,0 days 00:00:00.749548,2.5185616088039677,11.133597915993574,0.09530731318600907,1.0389845857044144,0.001956188602267573,"{'AUC_ROCs': [0.9917079049250096, 0.9911032681061182, 0.99125096233172], 'S_relative_errors': [0.9999997947140286, 0.9999997901590582, 0.9999997739892178], 'X_relative_errors': [5.803951088304224, 6.345914544073664, 6.579088910098104], 'Sparsity': [1.0, 1.0, 1.0], 'converged': [1, 1, 1], 'iterations': [31, 31, 31], 'primal_residual': [array(0.00075691), array(0.00079345), array(0.00090184)], 'dual_residual': [array(2.63934034e-05), array(2.75938986e-05), array(3.12447981e-05)], 'times': [0.472007158678025, 0.48077869531698525, 0.47781689604744315]}",1,COMPLETE
76,76,0.9968281256090346,0.15087478410337163,2024-05-20 04:15:29.397378,2024-05-20 04:15:31.739313,0 days 00:00:02.341935,0.0612988124422036,3.115118311325587e-05,0.08306101259105964,2.011235927155853,35.80574431403143,"{'AUC_ROCs': [0.9980718152063589, 0.9964299834847502, 0.9959825781359947], 'S_relative_errors': [0.1617121745007069, 0.1477478860664304, 0.14316429174297757], 'X_relative_errors': [0.9999200989033212, 0.9999150955194778, 0.9999171542327012], 'Sparsity': [1.0, 1.0, 1.0], 'converged': [0, 0, 0], 'iterations': [150, 150, 150], 'primal_residual': [array(0.00702744), array(0.00771467), array(0.00625165)], 'dual_residual': [array(0.00147904), array(0.00202354), array(0.00317284)], 'times': [2.099480624543503, 2.128489722730592, 2.13816907024011]}",1,COMPLETE
77,77,0.9969495520327665,0.1448246603891343,2024-05-20 04:15:31.783043,2024-05-20 04:15:34.304976,0 days 00:00:02.521933,0.04280587772304918,0.0136654245745331,27.873593398017192,0.007680073928688799,0.14398569549941484,"{'AUC_ROCs': [0.9985767001463843, 0.995680045712318, 0.9965919102395971], 'S_relative_errors': [0.15515563782551936, 0.1418741546564969, 0.13744418868538663], 'X_relative_errors': [0.9984482979840585, 0.9987320558818594, 0.9985128805950303], 'Sparsity': [1.0, 1.0, 1.0], 'converged': [0, 0, 0], 'iterations': [150, 150, 150], 'primal_residual': [array(0.04117262), array(0.0375507), array(0.03514258)], 'dual_residual': [array(0.01772319), array(0.01471037), array(0.01395273)], 'times': [2.1668366570957005, 2.166997878346592, 2.255172521341592]}",1,COMPLETE
78,78,0.9961539558120114,0.15395004574356067,2024-05-20 04:15:34.349976,2024-05-20 04:15:36.857981,0 days 00:00:02.508005,0.014185766696430662,0.0029260474753161144,0.12253822141277898,82.95040211903503,0.09591045286015135,"{'AUC_ROCs': [0.9983966198225266, 0.9956480403522314, 0.9944172072612759], 'S_relative_errors': [0.1649137712985176, 0.15085952886939724, 0.1460768370627672], 'X_relative_errors': [0.9999792944818434, 0.9999541357720197, 1.0000353988141977], 'Sparsity': [1.0, 1.0, 1.0], 'converged': [0, 0, 0], 'iterations': [150, 150, 150], 'primal_residual': [array(0.01372495), array(0.02462305), array(0.06630509)], 'dual_residual': [array(0.01286264), array(0.01575048), array(0.01267609)], 'times': [2.1497232385445386, 2.17166332481429, 2.283861947013065]}",1,COMPLETE
79,79,0.9875238355573747,0.6905400777977033,2024-05-20 04:15:36.906166,2024-05-20 04:15:39.478060,0 days 00:00:02.571894,0.00027651234900446603,3.89363680364285e-05,0.12838680554099113,0.033299370816208755,0.002820051407087634,"{'AUC_ROCs': [0.9913289808225821, 0.9868744669807227, 0.984368058868819], 'S_relative_errors': [0.6669893962067255, 0.68478043343015, 0.7198504037562342], 'X_relative_errors': [3.959454709157898, 4.4406110721588785, 4.827294460762768], 'Sparsity': [1.0, 1.0, 1.0], 'converged': [0, 0, 0], 'iterations': [150, 150, 150], 'primal_residual': [array(0.03706384), array(0.03785483), array(0.04063855)], 'dual_residual': [array(0.03657718), array(0.03285419), array(0.03376103)], 'times': [2.271904386114329, 2.3124695324804634, 2.317099084146321]}",1,COMPLETE
80,80,0.9596372414231426,0.9999999602258653,2024-05-20 04:15:39.494958,2024-05-20 04:15:40.234409,0 days 00:00:00.739451,1.0797490856598249,0.009909233242841728,0.0010530700169008422,0.007680073928688799,0.14398569549941484,"{'AUC_ROCs': [0.8954765827841928, 0.9962355803738735, 0.9871995611113613], 'S_relative_errors': [0.999999987402502, 1.0000001168639294, 0.9999997764111644], 'X_relative_errors': [5.918240305331477, 6.46564471426757, 6.688353200211261], 'Sparsity': [1.0, 1.0, 1.0], 'converged': [1, 1, 1], 'iterations': [31, 33, 33], 'primal_residual': [array(9.40389146e-05), array(0.00037387), array(0.00072684)], 'dual_residual': [array(3.67129887e-06), array(1.05719665e-05), array(4.88823416e-06)], 'times': [0.4677671268582344, 0.5025362600572407, 0.5054980663117021]}",1,COMPLETE
