,number,values_0,values_1,datetime_start,datetime_complete,duration,params_lda1,params_psi_2,params_psi_3,params_rho,user_attrs_metrics,system_attrs_nsga2:generation,state
0,0,0.5001262433727742,0.9986858203440659,2024-05-20 06:41:22.216707,2024-05-20 06:41:24.129617,0 days 00:00:01.912910,0.0803843097428816,0.001023268932858958,58.46457993107991,0.0002811644114118971,"{'AUC_ROCs': [0.5002856780091417, 0.5000930521091811, 0.5], 'S_relative_errors': [0.9969002293843009, 0.9991572316478983, 0.9999999999999989], 'X_relative_errors': [2.4802058044064155, 2.5708488588264418, 2.3957764118894453], 'Sparsity': [7.346938775510205e-05, 2.448979591836735e-05, 0.0], 'converged': [0, 0, 0], 'iterations': [150, 150, 150], 'primal_residual': [87.862097034294, 87.18023744218468, 85.79290930289535], 'dual_residual': [87.862097034294, 87.18023744218468, 85.79290930289535], 'times': [1.4684334604535252, 1.4542854267638177, 1.5868967927526683]}",0,COMPLETE
1,1,0.9651193139906761,inf,2024-05-20 06:41:24.131503,2024-05-20 06:41:26.067147,0 days 00:00:01.935644,9.779039822078586,40.97265613176138,0.003565701256458587,84.98428181946898,"{'AUC_ROCs': [0.9644777957096566, 0.9650297595305373, 0.9658503867318344], 'S_relative_errors': [inf, inf, inf], 'X_relative_errors': [inf, inf, inf], 'Sparsity': [1.0, 1.0, 1.0], 'converged': [0, 0, 0], 'iterations': [150, 150, 150], 'primal_residual': [inf, inf, inf], 'dual_residual': [inf, inf, inf], 'times': [1.6194680181797594, 1.6179938863497227, 1.6527411418501288]}",0,COMPLETE
2,2,0.5,0.999999999999999,2024-05-20 06:41:26.068931,2024-05-20 06:41:27.835227,0 days 00:00:01.766296,3.329984144820277,0.11307450944998253,44.106106163633505,0.42973698999832577,"{'AUC_ROCs': [0.5, 0.5, 0.5], 'S_relative_errors': [0.9999999999999991, 0.9999999999999989, 0.9999999999999989], 'X_relative_errors': [9.492699243388051, 9.84785467036403, 9.068974248003425], 'Sparsity': [0.0, 0.0, 0.0], 'converged': [1, 1, 1], 'iterations': [137, 92, 112], 'primal_residual': [0.0008123808602457127, 0.0009821641125684277, 0.0008065910859995357], 'dual_residual': [0.0008123808602457127, 0.0009821641125684277, 0.0008065910859995357], 'times': [1.5052726664580405, 0.9993810544256121, 1.3177113798446953]}",0,COMPLETE
3,3,0.5,0.999999999999999,2024-05-20 06:41:27.837351,2024-05-20 06:41:29.603845,0 days 00:00:01.766494,2.941049448060464,0.566222763542048,0.0010363138285935643,0.00012228821427337828,"{'AUC_ROCs': [0.5, 0.5, 0.5], 'S_relative_errors': [0.9999999999999991, 0.9999999999999989, 0.9999999999999989], 'X_relative_errors': [2.487508169994581, 2.573077642494183, 2.3899647949254774], 'Sparsity': [0.0, 0.0, 0.0], 'converged': [0, 0, 0], 'iterations': [150, 150, 150], 'primal_residual': [88.1275044594185, 87.24798100873326, 85.86949261829814], 'dual_residual': [88.1275044594185, 87.24798100873326, 85.86949261829814], 'times': [1.3850084801670164, 1.4144931295886636, 1.4587380185257643]}",0,COMPLETE
4,4,0.9950666913196776,0.10570398690894545,2024-05-20 06:41:29.604791,2024-05-20 06:41:31.362409,0 days 00:00:01.757618,0.003314244864683189,0.007484942770129875,0.01276833187026648,0.010914628537769545,"{'AUC_ROCs': [0.9964628784012386, 0.9957383390667941, 0.9929988564910005], 'S_relative_errors': [0.10532988267215836, 0.10152951987014922, 0.1102525581845288], 'X_relative_errors': [0.9999408780998699, 0.9999333904699715, 0.9999463991718892], 'Sparsity': [0.8944979591836735, 0.8927183673469388, 0.900726530612245], 'converged': [0, 0, 0], 'iterations': [150, 150, 150], 'primal_residual': [0.15283291082461745, 0.15407121476441793, 0.14818310075563737], 'dual_residual': [0.15283291082461745, 0.15407121476441793, 0.14818310075563737], 'times': [1.4464133698493242, 1.447246755240485, 1.473582087084651]}",0,COMPLETE
5,5,0.9833621186058045,0.0489444229653087,2024-05-20 06:41:31.364139,2024-05-20 06:41:33.083390,0 days 00:00:01.719251,0.06988563121426862,0.05151253387902705,0.01989494656308065,0.0024360287677788034,"{'AUC_ROCs': [0.9840336114308637, 0.9871276693948423, 0.9789250749917074], 'S_relative_errors': [0.04977288579283026, 0.04499153800725155, 0.052068845095844286], 'X_relative_errors': [0.7911387207660521, 0.7893047736731327, 0.7884027711548206], 'Sparsity': [0.12448979591836734, 0.12821224489795918, 0.12485714285714286], 'converged': [0, 0, 0], 'iterations': [150, 150, 150], 'primal_residual': [9.043152484696519, 8.543047268985115, 9.332047932000727], 'dual_residual': [9.043152484696519, 8.543047268985115, 9.332047932000727], 'times': [1.4048260869458318, 1.4152900439221412, 1.5084728160873055]}",0,COMPLETE
6,6,0.994941091547011,0.10571839543184335,2024-05-20 06:41:33.087983,2024-05-20 06:41:33.839692,0 days 00:00:00.751709,0.00019251788444206493,0.10101075872829154,13.37142597876912,0.06710237995206163,"{'AUC_ROCs': [0.9965781838634101, 0.9962278385296027, 0.9920172522480202], 'S_relative_errors': [0.10534411703875728, 0.10154501754504328, 0.11026605171172947], 'X_relative_errors': [0.9999999976750252, 0.9999999974478052, 0.9999999977067316], 'Sparsity': [0.9966530612244898, 0.995869387755102, 0.9968489795918367], 'converged': [1, 1, 1], 'iterations': [41, 46, 40], 'primal_residual': [0.0009825938224904578, 0.0009650648740584393, 0.0009877086465878723], 'dual_residual': [0.0009825938224904578, 0.0009650648740584393, 0.0009877086465878723], 'times': [0.398713409435004, 0.4466815604828298, 0.40784450247883797]}",0,COMPLETE
7,7,0.5,0.999999999999999,2024-05-20 06:41:33.844214,2024-05-20 06:41:35.534625,0 days 00:00:01.690411,1.0379626331207656,0.13467467235937,0.007985634160739032,0.0005625697103064501,"{'AUC_ROCs': [0.5, 0.5, 0.5], 'S_relative_errors': [0.9999999999999991, 0.9999999999999989, 0.9999999999999989], 'X_relative_errors': [2.4900163239555746, 2.573839361027148, 2.3887404751484484], 'Sparsity': [0.0, 0.0, 0.0], 'converged': [0, 0, 0], 'iterations': [150, 150, 150], 'primal_residual': [88.09530987130974, 87.23867251616997, 85.88559383367046], 'dual_residual': [88.09530987130974, 87.23867251616997, 85.88559383367046], 'times': [1.3985731257125735, 1.4105131046380848, 1.4154564565978944]}",0,COMPLETE
8,8,0.9641728745522394,inf,2024-05-20 06:41:35.538551,2024-05-20 06:41:37.641891,0 days 00:00:02.103340,0.04713334709419778,0.003988043914644014,0.9092526401895875,26.608087598789115,"{'AUC_ROCs': [0.965003663027155, 0.9649644475281041, 0.9625505131014591], 'S_relative_errors': [inf, inf, inf], 'X_relative_errors': [inf, inf, inf], 'Sparsity': [1.0, 1.0, 1.0], 'converged': [0, 0, 0], 'iterations': [150, 150, 150], 'primal_residual': [inf, inf, inf], 'dual_residual': [inf, inf, inf], 'times': [1.5962443798780441, 1.694418189348653, 1.7167777272406965]}",0,COMPLETE
9,9,0.5051309523936004,0.997087803245619,2024-05-20 06:41:37.648555,2024-05-20 06:41:39.584418,0 days 00:00:01.935863,1.531739900691821,0.0028884857708969588,1.3401480127887642,0.24724096104959395,"{'AUC_ROCs': [0.5051104621635348, 0.5053660049627792, 0.5049163900544874], 'S_relative_errors': [0.9976380890415472, 0.997012220451806, 0.9966131002435039], 'X_relative_errors': [9.470273768714176, 9.818415167952548, 9.038241715006615], 'Sparsity': [0.0013142857142857142, 0.0014122448979591836, 0.0012816326530612245], 'converged': [0, 0, 0], 'iterations': [150, 150, 150], 'primal_residual': [0.08116215136702597, 0.12704331048580098, 0.15814634886841297], 'dual_residual': [0.08116215136702597, 0.12704331048580098, 0.15814634886841297], 'times': [1.647666331147775, 1.6094748643226922, 1.6067077869083732]}",0,COMPLETE
10,10,0.9952840899287633,0.10291176413179554,2024-05-20 06:41:39.590705,2024-05-20 06:41:41.446652,0 days 00:00:01.855947,0.0019944182191776274,0.5610723854945813,0.9527041643875238,0.000959190938095932,"{'AUC_ROCs': [0.9968385712753471, 0.9961045991545828, 0.9929090993563596], 'S_relative_errors': [0.10261742165348517, 0.09855787643140165, 0.10755999431049977], 'X_relative_errors': [0.9887922630852581, 0.9872735649904888, 0.989368836463124], 'Sparsity': [0.5080408163265306, 0.46017142857142856, 0.4762530612244898], 'converged': [0, 0, 0], 'iterations': [150, 150, 150], 'primal_residual': [2.0902441824608613, 2.124184400167516, 2.0743303884341127], 'dual_residual': [2.0902441824608613, 2.124184400167516, 2.0743303884341127], 'times': [1.414401166839525, 1.4244053941220045, 1.4626723488327116]}",0,COMPLETE
11,11,0.958791425709072,0.14608005955473877,2024-05-20 06:41:41.453408,2024-05-20 06:41:43.184151,0 days 00:00:01.730743,0.001800743460823574,0.07753140931492175,0.10355313664446168,3.295957809750899e-05,"{'AUC_ROCs': [0.958322752666328, 0.9638647642679901, 0.9541867601928978], 'S_relative_errors': [0.1448971529463829, 0.14420362511561347, 0.1491394006022199], 'X_relative_errors': [0.8825023841606746, 0.897053938757416, 0.8819749343439864], 'Sparsity': [0.11786938775510204, 0.12208163265306123, 0.1184], 'converged': [0, 0, 0], 'iterations': [150, 150, 150], 'primal_residual': [14.62426303344204, 14.11191102598411, 14.678869234789573], 'dual_residual': [14.62426303344204, 14.11191102598411, 14.678869234789573], 'times': [1.396207616198808, 1.3988506221212447, 1.4338323723059148]}",0,COMPLETE
12,12,0.9955132208981156,0.0016207310005923595,2024-05-20 06:41:43.189925,2024-05-20 06:41:45.060987,0 days 00:00:01.871062,0.0377847066462203,58.62778722793185,5.9613256136734085,1.5211645665215667,"{'AUC_ROCs': [0.9972468485558456, 0.9958062480960385, 0.9934865660424625], 'S_relative_errors': [0.002302209130223473, 0.002549648314599405, 1.033555695420115e-05], 'X_relative_errors': [0.021854414237589832, 0.0251088828523931, 0.00012107664714715756], 'Sparsity': [0.14549387755102042, 0.1505142857142857, 0.12864489795918368], 'converged': [0, 0, 1], 'iterations': [150, 150, 87], 'primal_residual': [0.001298736518327746, 0.001564582374818077, 0.0009639410994660674], 'dual_residual': [0.001298736518327746, 0.001564582374818077, 0.0009639410994660674], 'times': [1.5690207807347178, 1.591763520380482, 0.9406986488029361]}",0,COMPLETE
13,13,0.9956430558985261,0.005077517505155414,2024-05-20 06:41:45.068394,2024-05-20 06:41:46.882196,0 days 00:00:01.813802,0.05974409281892685,8.83708271251729,1.0324579988046239,0.7553231857501344,"{'AUC_ROCs': [0.9974851523391486, 0.9958926961121164, 0.9935513192443133], 'S_relative_errors': [0.004595251891928013, 0.005680906260386524, 0.004956394363151705], 'X_relative_errors': [0.04362757203212592, 0.055958114201208706, 0.04495610507006585], 'Sparsity': [0.3129959183673469, 0.36360816326530615, 0.3159102040816327], 'converged': [0, 0, 0], 'iterations': [150, 150, 150], 'primal_residual': [0.00934398201306619, 0.01496490135895685, 0.010002801156136682], 'dual_residual': [0.00934398201306619, 0.01496490135895685, 0.010002801156136682], 'times': [1.51475432747975, 1.5024144004564732, 1.528441528789699]}",0,COMPLETE
14,14,0.5,0.999999999999999,2024-05-20 06:41:46.890373,2024-05-20 06:41:48.585818,0 days 00:00:01.695445,0.05993759981502692,7.77830904716695,0.8601286872708533,3.250990132688748e-05,"{'AUC_ROCs': [0.5, 0.5, 0.5], 'S_relative_errors': [0.9999999999999991, 0.9999999999999989, 0.9999999999999989], 'X_relative_errors': [2.4875451718981405, 2.5686714072092705, 2.383333221106183], 'Sparsity': [0.0, 0.0, 0.0], 'converged': [0, 0, 0], 'iterations': [150, 150, 150], 'primal_residual': [88.12702982533862, 87.30175338764217, 85.95657078431917], 'dual_residual': [88.12702982533862, 87.30175338764217, 85.95657078431917], 'times': [1.3998830255586654, 1.3910045865923166, 1.4205430082511157]}",0,COMPLETE
15,15,0.5,0.999999999999999,2024-05-20 06:41:48.590595,2024-05-20 06:41:50.265235,0 days 00:00:01.674640,0.31089539786363235,89.05302499070426,0.344361498754818,1.1686374673132708e-05,"{'AUC_ROCs': [0.5, 0.5, 0.5], 'S_relative_errors': [0.9999999999999991, 0.9999999999999989, 0.9999999999999989], 'X_relative_errors': [2.491448762421846, 2.5743544605698667, 2.3884933256823846], 'Sparsity': [0.0, 0.0, 0.0], 'converged': [0, 0, 0], 'iterations': [150, 150, 150], 'primal_residual': [88.07690329295662, 87.2323756775176, 85.88884276697432], 'dual_residual': [88.07690329295662, 87.2323756775176, 85.88884276697432], 'times': [1.3831324332859367, 1.396341595100239, 1.413662238046527]}",0,COMPLETE
16,16,0.9951202128666289,0.10571838783185379,2024-05-20 06:41:50.276192,2024-05-20 06:41:50.950266,0 days 00:00:00.674074,0.0003701175925603918,0.03985265895203101,0.04884801194055176,1.549771877511609,"{'AUC_ROCs': [0.9972845876029558, 0.9954687413257497, 0.9926073096711814], 'S_relative_errors': [0.10534409886280757, 0.10154501418259747, 0.11026605045015633], 'X_relative_errors': [0.9999998226592217, 0.9999999613641908, 0.9999999834854282], 'Sparsity': [0.9984897959183674, 0.9988816326530612, 0.9989959183673469], 'converged': [1, 1, 1], 'iterations': [34, 36, 35], 'primal_residual': [0.0009340418129354541, 0.0005863301414156769, 0.0006786595288141979], 'dual_residual': [0.0009340418129354541, 0.0005863301414156769, 0.0006786595288141979], 'times': [0.353656530380249, 0.37590014399029315, 0.3680668091401458]}",0,COMPLETE
17,17,0.99518179730669,0.10571838202962647,2024-05-20 06:41:50.960527,2024-05-20 06:41:52.689657,0 days 00:00:01.729130,0.0173216550614903,2.666360942747044,0.009103070697479575,0.7446716706432793,"{'AUC_ROCs': [0.9964618337947861, 0.9955771668306465, 0.9935063912946372], 'S_relative_errors': [0.10534410113840297, 0.10154500418816674, 0.11026604076230967], 'X_relative_errors': [0.9999999319115613, 0.9999999392561089, 0.9999999546462364], 'Sparsity': [0.9899020408163265, 0.9925795918367347, 0.9932326530612244], 'converged': [0, 0, 0], 'iterations': [150, 150, 150], 'primal_residual': [0.005179672801151795, 0.0045897283464270645, 0.004328279657960005], 'dual_residual': [0.005179672801151795, 0.0045897283464270645, 0.004328279657960005], 'times': [1.4339066706597805, 1.4246750541497022, 1.4296181614045054]}",0,COMPLETE
18,18,0.964959808673521,1.5131864401464832e+147,2024-05-20 06:41:52.700171,2024-05-20 06:41:54.609712,0 days 00:00:01.909541,0.763759895725567,30.117125443713554,0.4273031432623498,11.210105393504074,"{'AUC_ROCs': [0.9662486448007974, 0.9652829082688261, 0.9633478729509399], 'S_relative_errors': [1.4953385218734359e+147, 1.5083923965357127e+147, 1.5358284020303016e+147], 'X_relative_errors': [1.419479849160226e+148, 1.4854420473348676e+148, 1.3928388383377844e+148], 'Sparsity': [1.0, 1.0, 1.0], 'converged': [0, 0, 0], 'iterations': [150, 150, 150], 'primal_residual': [2.3544314434065442e+150, 2.3529085412711062e+150, 2.3593854984919245e+150], 'dual_residual': [2.3544314434065442e+150, 2.3529085412711062e+150, 2.3593854984919245e+150], 'times': [1.6112445266917348, 1.6197100095450878, 1.6075346393045038]}",0,COMPLETE
19,19,0.9951216893304107,0.10571839552383201,2024-05-20 06:41:54.619310,2024-05-20 06:41:56.325222,0 days 00:00:01.705912,0.002074675504625575,0.2566631842199464,0.924486156033866,0.15789723547392012,"{'AUC_ROCs': [0.9968865898684452, 0.9950719755761102, 0.9934065025466767], 'S_relative_errors': [0.1053441166311789, 0.10154501674949343, 0.11026605319082372], 'X_relative_errors': [0.9999999959209482, 0.9999999940533252, 1.0000000001691105], 'Sparsity': [0.9962040816326531, 0.9949551020408163, 0.9959918367346938], 'converged': [0, 0, 0], 'iterations': [150, 150, 150], 'primal_residual': [0.0012669593295978091, 0.0014700099714524558, 0.0013300998708044855], 'dual_residual': [0.0012669593295978091, 0.0014700099714524558, 0.0013300998708044855], 'times': [1.4270594685804099, 1.422576994402334, 1.4336285281460732]}",0,COMPLETE
20,20,0.9654484728653155,inf,2024-05-20 06:41:56.336486,2024-05-20 06:41:58.222563,0 days 00:00:01.886077,0.06602839109230185,0.0017378522609101403,32.07663420188728,57.62349598713351,"{'AUC_ROCs': [0.9646968567894736, 0.9662582992894522, 0.9653902625170205], 'S_relative_errors': [inf, inf, inf], 'X_relative_errors': [inf, inf, inf], 'Sparsity': [1.0, 1.0, 1.0], 'converged': [0, 0, 0], 'iterations': [150, 150, 150], 'primal_residual': [inf, inf, inf], 'dual_residual': [inf, inf, inf], 'times': [1.589227445423603, 1.5969287483021617, 1.6015411000698805]}",0,COMPLETE
21,21,0.9642780704576439,inf,2024-05-20 06:41:58.234318,2024-05-20 06:42:00.122188,0 days 00:00:01.887870,0.02715410975630489,3.1048117670170634,40.49021656572039,50.13771124415766,"{'AUC_ROCs': [0.9646658992096994, 0.9636887425900035, 0.9644795695732288], 'S_relative_errors': [inf, inf, inf], 'X_relative_errors': [inf, inf, inf], 'Sparsity': [1.0, 1.0, 1.0], 'converged': [0, 0, 0], 'iterations': [150, 150, 150], 'primal_residual': [inf, inf, inf], 'dual_residual': [inf, inf, inf], 'times': [1.5864579305052757, 1.6043546439614147, 1.5994388207327574]}",0,COMPLETE
22,22,0.99501332192948,0.09986555736812706,2024-05-20 06:42:00.134643,2024-05-20 06:42:01.845454,0 days 00:00:01.710811,0.009866550045832595,5.681968632174362,0.012950849974676479,0.0034244600587970144,"{'AUC_ROCs': [0.9968519165465053, 0.9952384686994561, 0.9929495805424786], 'S_relative_errors': [0.09956313349564465, 0.09564354062792875, 0.1043899979808078], 'X_relative_errors': [0.9764327669580792, 0.9750743899398465, 0.9771174352568704], 'Sparsity': [0.37594285714285713, 0.3526367346938776, 0.3892081632653061], 'converged': [0, 0, 0], 'iterations': [150, 150, 150], 'primal_residual': [3.0216316218669688, 2.9647643384549087, 3.03635766339889], 'dual_residual': [3.0216316218669688, 2.9647643384549087, 3.03635766339889], 'times': [1.4248664756305516, 1.4231742890551686, 1.4565837366972119]}",0,COMPLETE
23,23,0.9668234087074324,4.5719853630522247e+148,2024-05-20 06:42:01.858612,2024-05-20 06:42:03.840693,0 days 00:00:01.982081,8.277817382669868,24.54444272443701,0.44484149756335895,11.448592444235192,"{'AUC_ROCs': [0.9674320926233945, 0.9664112145140065, 0.9666269189848962], 'S_relative_errors': [4.518351575800548e+148, 4.563097448865124e+148, 4.6345070644910006e+148], 'X_relative_errors': [4.289135148631638e+149, 4.4936694405236225e+149, 4.203022569084212e+149], 'Sparsity': [1.0, 1.0, 1.0], 'converged': [0, 0, 0], 'iterations': [150, 150, 150], 'primal_residual': [7.258028114024357e+151, 7.267115492043471e+151, 7.247715220271386e+151], 'dual_residual': [7.258028114024357e+151, 7.267115492043471e+151, 7.247715220271386e+151], 'times': [1.660492089111358, 1.6560217447113246, 1.6763754051644355]}",0,COMPLETE
24,24,0.5,0.999999999999999,2024-05-20 06:42:03.846510,2024-05-20 06:42:05.708126,0 days 00:00:01.861616,6.459439718946951,19.50853437038087,0.07230340717607202,0.22243161950974194,"{'AUC_ROCs': [0.5, 0.5, 0.5], 'S_relative_errors': [0.9999999999999991, 0.9999999999999989, 0.9999999999999989], 'X_relative_errors': [9.492689786814813, 9.84782544820105, 9.068973949174516], 'Sparsity': [0.0, 0.0, 0.0], 'converged': [0, 0, 0], 'iterations': [150, 150, 150], 'primal_residual': [0.09636579518728512, 0.1515196049277783, 0.015468289290597943], 'dual_residual': [0.09636579518728512, 0.1515196049277783, 0.015468289290597943], 'times': [1.6090685222297907, 1.600130597827956, 1.6110013851430267]}",0,COMPLETE
25,25,0.9947919287629537,0.09674222658265252,2024-05-20 06:42:05.714296,2024-05-20 06:42:07.445688,0 days 00:00:01.731392,0.0016078220035478782,0.21489158610251693,26.059801551077452,0.0004527407101496932,"{'AUC_ROCs': [0.9967560078174649, 0.9947171235124609, 0.9929026549589356], 'S_relative_errors': [0.09675808486850604, 0.09259509898711128, 0.10087349589234025], 'X_relative_errors': [0.9652801107909426, 0.9624884449568681, 0.9637305730757341], 'Sparsity': [0.3073714285714286, 0.2970122448979592, 0.33099591836734693], 'converged': [0, 0, 0], 'iterations': [150, 150, 150], 'primal_residual': [3.6542372754057575, 3.6214190839740503, 3.8058946157681413], 'dual_residual': [3.6542372754057575, 3.6214190839740503, 3.8058946157681413], 'times': [1.4069179673679173, 1.411340300925076, 1.4347485632169992]}",0,COMPLETE
26,26,0.9942920254830394,0.07210290299369615,2024-05-20 06:42:07.458398,2024-05-20 06:42:09.140768,0 days 00:00:01.682370,0.003359534694424804,0.00890197106969503,0.016290463566499346,0.00043323473551025183,"{'AUC_ROCs': [0.9960904249073439, 0.9944387176898025, 0.9923469338519717], 'S_relative_errors': [0.0713645041294425, 0.06822056920429742, 0.07672363564734852], 'X_relative_errors': [0.8735771443422081, 0.8717750167070338, 0.8798366199156004], 'Sparsity': [0.1635265306122449, 0.16187755102040816, 0.16653061224489796], 'converged': [0, 0, 0], 'iterations': [150, 150, 150], 'primal_residual': [6.806779369260091, 6.545414451136209, 6.778373805113998], 'dual_residual': [6.806779369260091, 6.545414451136209, 6.778373805113998], 'times': [1.4092667258810252, 1.418896573362872, 1.4284639621619135]}",0,COMPLETE
27,27,0.9652785105483105,inf,2024-05-20 06:42:09.155903,2024-05-20 06:42:11.074865,0 days 00:00:01.918962,0.0010893173496165102,0.3432037070448944,0.34193290837924983,19.521097280980147,"{'AUC_ROCs': [0.9662964314573648, 0.9654577893193417, 0.9640813108682251], 'S_relative_errors': [inf, inf, inf], 'X_relative_errors': [inf, inf, inf], 'Sparsity': [1.0, 1.0, 1.0], 'converged': [0, 0, 0], 'iterations': [150, 150, 150], 'primal_residual': [inf, inf, inf], 'dual_residual': [inf, inf, inf], 'times': [1.6108726863749325, 1.6048751259222627, 1.6147209480404854]}",0,COMPLETE
