,number,values_0,values_1,datetime_start,datetime_complete,duration,params_lda1,params_ldag,params_psi_1,params_psi_2,params_psi_3,user_attrs_metrics,system_attrs_nsga2:generation,state
0,0,0.9951543245751634,0.10168989148084062,2024-05-20 06:44:52.517914,2024-05-20 06:44:55.039873,0 days 00:00:02.521959,0.0005403039972701998,0.007284361739952315,20.55593801875372,0.013888601100512956,0.16702945331753694,"{'AUC_ROCs': [0.9973571177243985, 0.9949673614930697, 0.9931384945080216], 'S_relative_errors': [0.10149932078082272, 0.0975592992658265, 0.10601105439587269], 'X_relative_errors': [0.998998446847421, 0.9988957104234256, 0.9989900296371496], 'Sparsity': [1.0, 1.0, 1.0], 'converged': [0, 0, 0], 'iterations': [150, 150, 150], 'primal_residual': [array(0.02534731), array(0.02517361), array(0.02249375)], 'dual_residual': [array(0.00855188), array(0.00850613), array(0.0087082)], 'times': [2.1759005731437355, 2.1494225906208158, 2.2474019650835544]}",0,COMPLETE
1,1,0.9790043725760031,0.5350277311324826,2024-05-20 06:44:55.041466,2024-05-20 06:44:57.585677,0 days 00:00:02.544211,0.001372503071696556,1.0420045791379804,6.120711562175665,0.0020737113478590634,0.0024578641952145578,"{'AUC_ROCs': [0.9790860296696445, 0.979620706377297, 0.9783063816810681], 'S_relative_errors': [0.532975461089453, 0.5334087772223995, 0.538698955085595], 'X_relative_errors': [4.691199190326197, 4.868224675234323, 4.528647512683033], 'Sparsity': [1.0, 1.0, 1.0], 'converged': [0, 0, 0], 'iterations': [150, 150, 150], 'primal_residual': [array(0.37196598), array(0.18576716), array(0.18017389)], 'dual_residual': [array(0.03304096), array(0.03559079), array(0.03229408)], 'times': [2.2526115670334548, 2.2427472011186182, 2.2534794805105776]}",0,COMPLETE
2,2,0.9949559163920637,0.10167552659171585,2024-05-20 06:44:57.587372,2024-05-20 06:45:00.037999,0 days 00:00:02.450627,0.009854584404814926,2.2658354750034814e-05,1.0682069900816475,0.691850549083004,0.540891274646093,"{'AUC_ROCs': [0.9964615376296778, 0.9951412541164056, 0.9932649574301077], 'S_relative_errors': [0.1014003892112334, 0.0976321443563494, 0.10599404620756474], 'X_relative_errors': [1.0000091862411173, 0.9999994791644363, 1.000021953727206], 'Sparsity': [1.0, 1.0, 1.0], 'converged': [0, 0, 0], 'iterations': [150, 150, 150], 'primal_residual': [array(0.01088256), array(0.01102226), array(0.01074721)], 'dual_residual': [array(0.00463632), array(0.00452199), array(0.00398799)], 'times': [2.127048975555226, 2.121741394745186, 2.136503421701491]}",0,COMPLETE
3,3,0.9921203638520414,0.637274626314543,2024-05-20 06:45:00.041433,2024-05-20 06:45:02.902686,0 days 00:00:02.861253,0.0010110557276767746,0.00011417938562889982,0.006104499642173003,0.0017100109891132853,0.18371347303321142,"{'AUC_ROCs': [0.9930786065445437, 0.9931828789717277, 0.9900996060398527], 'S_relative_errors': [0.6399910723238353, 0.6383811218739027, 0.6334516847458912], 'X_relative_errors': [6.0724636950951805, 6.28371919998663, 5.742032364763054], 'Sparsity': [1.0, 1.0, 1.0], 'converged': [0, 0, 0], 'iterations': [150, 150, 150], 'primal_residual': [array(0.00228385), array(0.00316088), array(0.00282974)], 'dual_residual': [array(0.06363327), array(0.06349506), array(0.06350559)], 'times': [2.243832048494369, 2.584143239306286, 2.258484244113788]}",0,COMPLETE
4,4,0.9948693670189074,0.08224007223703689,2024-05-20 06:45:02.906058,2024-05-20 06:45:05.369201,0 days 00:00:02.463143,0.2616649252706153,0.0007811689413597332,60.37269588495636,0.2618570557035114,7.4911842526835075,"{'AUC_ROCs': [0.9964512206170195, 0.9952223133091398, 0.9929345671305628], 'S_relative_errors': [0.08090082704994968, 0.08144694985679936, 0.08437243980436163], 'X_relative_errors': [0.9970314104971467, 0.9972012360203342, 0.9979948411323961], 'Sparsity': [1.0, 1.0, 1.0], 'converged': [0, 0, 0], 'iterations': [150, 150, 150], 'primal_residual': [array(0.01550144), array(0.01478686), array(0.01192748)], 'dual_residual': [array(0.00136407), array(0.00139543), array(0.00117615)], 'times': [2.1182965871412307, 2.138591932365671, 2.131947171408683]}",0,COMPLETE
5,5,0.9686230567384827,0.7305761631008073,2024-05-20 06:45:05.373732,2024-05-20 06:45:07.903441,0 days 00:00:02.529709,2.2467125122221736,8.21565093405266e-05,0.0032713390863752336,15.575484950322778,32.78263776949612,"{'AUC_ROCs': [0.9824480936035132, 0.9556502917813707, 0.9677707848305641], 'S_relative_errors': [0.7080507218749431, 0.7494291571036827, 0.7342486103237961], 'X_relative_errors': [2.342671607256446, 2.8034571018581014, 2.3844568855663004], 'Sparsity': [1.0, 1.0, 1.0], 'converged': [0, 0, 0], 'iterations': [150, 150, 150], 'primal_residual': [array(0.16019214), array(0.16291051), array(0.15531857)], 'dual_residual': [array(0.00950337), array(0.00865081), array(0.00917551)], 'times': [2.244505105074495, 2.2448753549251705, 2.242997407214716]}",0,COMPLETE
6,6,0.9794309582502411,0.52986729080456,2024-05-20 06:45:07.907739,2024-05-20 06:45:10.515411,0 days 00:00:02.607672,0.00020895553619869372,1.9058312465861773,0.07324427951015917,14.738321950223481,0.28613423920931513,"{'AUC_ROCs': [0.9797738570771986, 0.9796758186276362, 0.9788431990458886], 'S_relative_errors': [0.5261087797190312, 0.5299423893068873, 0.5335507033877613], 'X_relative_errors': [3.2075017999161073, 3.3358084206245926, 3.0903095798436455], 'Sparsity': [1.0, 1.0, 1.0], 'converged': [0, 0, 0], 'iterations': [150, 150, 150], 'primal_residual': [array(0.05942311), array(0.04322882), array(0.04945266)], 'dual_residual': [array(0.00604256), array(0.00519862), array(0.00553112)], 'times': [2.2710673508699983, 2.2295161224901676, 2.2815778427757323]}",0,COMPLETE
7,7,0.9953434255445984,0.0959233605671256,2024-05-20 06:45:10.521217,2024-05-20 06:45:12.959725,0 days 00:00:02.438508,0.0002995763548612406,0.019034078027124268,1.1240839359629922,0.048479146338720525,71.47864926242761,"{'AUC_ROCs': [0.9964960075611214, 0.9958293924537579, 0.993704876618916], 'S_relative_errors': [0.09530390321942427, 0.09215576489095645, 0.10031041359099607], 'X_relative_errors': [1.0002061403656397, 1.0003804083487084, 1.0001318875907224], 'Sparsity': [1.0, 1.0, 1.0], 'converged': [0, 0, 0], 'iterations': [150, 150, 150], 'primal_residual': [array(0.09367832), array(0.09176647), array(0.08785688)], 'dual_residual': [array(0.01846469), array(0.0166743), array(0.01366596)], 'times': [2.1262948147486895, 2.1316941608674824, 2.1753760050050914]}",0,COMPLETE
8,8,0.9949851918247177,0.09826658149453771,2024-05-20 06:45:12.963502,2024-05-20 06:45:15.455268,0 days 00:00:02.491766,0.01801839190917041,0.0006654455220710089,44.39312138330535,26.705839296079322,0.001298261513831885,"{'AUC_ROCs': [0.9966448549112585, 0.995035229993884, 0.9932754905690103], 'S_relative_errors': [0.0977789383842166, 0.0945422780575103, 0.10247852804188626], 'X_relative_errors': [1.0003187340242587, 0.9999692381723777, 0.9999664347952674], 'Sparsity': [1.0, 1.0, 1.0], 'converged': [0, 0, 0], 'iterations': [150, 150, 150], 'primal_residual': [array(0.01272964), array(0.00425554), array(0.00441252)], 'dual_residual': [array(0.01239845), array(0.00454676), array(0.0044566)], 'times': [2.119110690196976, 2.20103114657104, 2.135335309896618]}",0,COMPLETE
9,9,0.9792718857295301,0.5347527876769272,2024-05-20 06:45:15.461660,2024-05-20 06:45:18.014841,0 days 00:00:02.553181,0.004107095652546136,4.9337431878355025,19.368552063116145,0.27556154695877794,0.003947762969719607,"{'AUC_ROCs': [0.9797511023193977, 0.9795533140126436, 0.9785112408565488], 'S_relative_errors': [0.5319886492200506, 0.5337899187468078, 0.5384797950639235], 'X_relative_errors': [4.044799311619861, 4.211017979864387, 3.9169707276620054], 'Sparsity': [1.0, 1.0, 1.0], 'converged': [0, 0, 0], 'iterations': [150, 150, 150], 'primal_residual': [array(0.05670488), array(0.05891152), array(0.05756828)], 'dual_residual': [array(0.01005122), array(0.01045432), array(0.0104161)], 'times': [2.212380906334147, 2.2483677675481886, 2.227782843867317]}",0,COMPLETE
10,10,0.8804631910991482,0.9964280429705052,2024-05-20 06:45:18.021648,2024-05-20 06:45:20.764866,0 days 00:00:02.743218,0.9112074432432787,37.27667318923872,10.724704841011443,0.2750141504909166,0.1675906844672969,"{'AUC_ROCs': [0.9374509359083861, 0.830241039776409, 0.8736975976126492], 'S_relative_errors': [0.9965453217336706, 0.9963801973920463, 0.996358609785799], 'X_relative_errors': [8.963348130615232, 9.294503183189578, 8.550894877086082], 'Sparsity': [1.0, 1.0, 1.0], 'converged': [0, 0, 0], 'iterations': [150, 150, 150], 'primal_residual': [array(0.01078814), array(0.01226702), array(0.01108894)], 'dual_residual': [array(0.00278013), array(0.00360156), array(0.00319969)], 'times': [2.4556976503226906, 2.236957647604868, 2.2418395509012043]}",0,COMPLETE
11,11,0.9416257102891921,1.0000000503330941,2024-05-20 06:45:20.767803,2024-05-20 06:45:21.586130,0 days 00:00:00.818327,0.27978173776749093,1.3788163116359532e-05,0.0017952930378683995,0.012730737615640869,0.0071449158695231,"{'AUC_ROCs': [0.9202405495117363, 0.9110561324004914, 0.9935804489553486], 'S_relative_errors': [0.9999999997211986, 0.9999999996830284, 1.0000001515950552], 'X_relative_errors': [9.490255714930134, 9.84528661008523, 9.066568606128302], 'Sparsity': [1.0, 1.0, 1.0], 'converged': [1, 1, 1], 'iterations': [36, 36, 31], 'primal_residual': [array(4.11465055e-05), array(4.08306315e-05), array(0.00071595)], 'dual_residual': [array(8.80557719e-08), array(8.73380832e-08), array(7.30102458e-07)], 'times': [0.5375142877455801, 0.5405210305470973, 0.4691866112407297]}",0,COMPLETE
12,12,0.8012621482475346,0.9999999999999901,2024-05-20 06:45:21.596472,2024-05-20 06:45:23.648632,0 days 00:00:02.052160,1.3003152021376685,0.0012043801968566069,1.057304585180689,0.8180879474678476,0.0011799711570988408,"{'AUC_ROCs': [0.768227134892745, 0.8334532275092288, 0.8021060823406303], 'S_relative_errors': [0.9999999999999872, 0.9999999999999909, 0.9999999999999919], 'X_relative_errors': [9.343194734632132, 9.691079920598646, 8.922207653842158], 'Sparsity': [1.0, 1.0, 1.0], 'converged': [1, 1, 1], 'iterations': [111, 98, 93], 'primal_residual': [array(0.00097992), array(0.0009641), array(0.00099008)], 'dual_residual': [array(2.75294338e-05), array(2.70820995e-05), array(2.78165991e-05)], 'times': [1.7098523315507919, 1.4746395968832076, 1.4022217094898224]}",0,COMPLETE
13,13,0.9790791704249583,0.5349807836484929,2024-05-20 06:45:23.658179,2024-05-20 06:45:26.273028,0 days 00:00:02.614849,0.05212192567285964,13.506529016714516,1.3236238138895056,17.58248527860148,5.478040168762363,"{'AUC_ROCs': [0.9789346036610518, 0.9796477624574482, 0.9786551451563749], 'S_relative_errors': [0.5321777390623992, 0.5340195037710537, 0.5387451081120259], 'X_relative_errors': [2.3144673341208675, 2.3831716782553003, 2.2028909570827744], 'Sparsity': [1.0, 1.0, 1.0], 'converged': [0, 0, 0], 'iterations': [150, 150, 150], 'primal_residual': [array(0.01425203), array(0.01521872), array(0.0156434)], 'dual_residual': [array(0.00046038), array(0.00043745), array(0.00043642)], 'times': [2.2159202084876597, 2.2937059367541224, 2.2704322268255055]}",0,COMPLETE
14,14,0.9711033672722097,1.000380251350302,2024-05-20 06:45:26.283354,2024-05-20 06:45:29.055982,0 days 00:00:02.772628,0.026800747967352087,3.847760446085612,0.007968522057233071,0.0010239812111523146,0.17497591403336385,"{'AUC_ROCs': [0.9702098001990724, 0.973897713006932, 0.9692025886106248], 'S_relative_errors': [1.0003023128113793, 1.0004312475369288, 1.0004071937025973], 'X_relative_errors': [9.47432605535449, 9.829919053554491, 9.05181483799401], 'Sparsity': [1.0, 1.0, 1.0], 'converged': [0, 0, 0], 'iterations': [150, 150, 150], 'primal_residual': [array(0.02031076), array(0.02081063), array(0.02002789)], 'dual_residual': [array(0.00276527), array(0.00257052), array(0.00264168)], 'times': [2.523354368750006, 2.2393780236598104, 2.2862060866318643]}",0,COMPLETE
15,15,0.9789387186809072,0.5352096682433575,2024-05-20 06:45:29.065363,2024-05-20 06:45:31.634532,0 days 00:00:02.569169,0.00045452503983679803,26.624932666355647,1.6766329403498499,2.859777119679604,0.06541463356859344,"{'AUC_ROCs': [0.9793343465692796, 0.9795100593896033, 0.9779717500838389], 'S_relative_errors': [0.5320857065358595, 0.5343313856386595, 0.5392119125555533], 'X_relative_errors': [4.582249330363091, 4.770802247953548, 4.431570390185718], 'Sparsity': [1.0, 1.0, 1.0], 'converged': [0, 1, 1], 'iterations': [150, 150, 149], 'primal_residual': [array(0.00102127), array(0.00095654), array(0.00096726)], 'dual_residual': [array(0.00052605), array(0.00050077), array(0.0005608)], 'times': [2.2679260708391666, 2.225018951576203, 2.2207884818781167]}",0,COMPLETE
16,16,0.9958681338912084,0.08101493553858703,2024-05-20 06:45:31.646406,2024-05-20 06:45:34.215201,0 days 00:00:02.568795,0.06884776075147069,0.005148095876584383,10.5941535701526,0.5091843086052238,0.18452305863367005,"{'AUC_ROCs': [0.9972786327812042, 0.9960314415478572, 0.994294327344564], 'S_relative_errors': [0.08051868790201604, 0.07704640356310381, 0.08547971515064128], 'X_relative_errors': [0.9994982073204283, 0.9993161627818326, 0.9994731590070786], 'Sparsity': [1.0, 1.0, 1.0], 'converged': [0, 0, 0], 'iterations': [150, 150, 150], 'primal_residual': [array(0.01151003), array(0.01178855), array(0.01019385)], 'dual_residual': [array(0.00246822), array(0.00219711), array(0.00230141)], 'times': [2.2676046728156507, 2.1726643606089056, 2.1753800590522587]}",0,COMPLETE
17,17,0.9796101435027258,0.5269065273920138,2024-05-20 06:45:34.227691,2024-05-20 06:45:36.788266,0 days 00:00:02.560575,0.013777168862140117,4.768247473517982,49.43010152089179,0.650120767480928,28.458763903377783,"{'AUC_ROCs': [0.9804647163115067, 0.9795853201011216, 0.978780394095549], 'S_relative_errors': [0.519786779153703, 0.5273236438202925, 0.5336091592020461], 'X_relative_errors': [1.0245580248800525, 1.0307357094985283, 1.0167011243020816], 'Sparsity': [1.0, 1.0, 1.0], 'converged': [0, 0, 0], 'iterations': [150, 150, 150], 'primal_residual': [array(0.35817254), array(0.29984056), array(0.24441785)], 'dual_residual': [array(0.01852472), array(0.00721168), array(0.00905449)], 'times': [2.258735471405089, 2.244986062636599, 2.2377088957000524]}",0,COMPLETE
18,18,0.9789170254394054,0.5347364930190491,2024-05-20 06:45:36.796335,2024-05-20 06:45:39.435047,0 days 00:00:02.638712,0.022823088902512167,9.2050603914314,1.0084880779322662,6.466195377225614,24.553999608019836,"{'AUC_ROCs': [0.9788155197149094, 0.9795325777434424, 0.9784029788598645], 'S_relative_errors': [0.5317151011454768, 0.5339148722596282, 0.5385795056520426], 'X_relative_errors': [1.6378938409011556, 1.6913674168170256, 1.553038940964782], 'Sparsity': [1.0, 1.0, 1.0], 'converged': [0, 0, 0], 'iterations': [150, 150, 150], 'primal_residual': [array(0.12897405), array(0.12669775), array(0.12557009)], 'dual_residual': [array(0.00191357), array(0.0014829), array(0.00138401)], 'times': [2.2221471490338445, 2.3665785810444504, 2.2396857705898583]}",0,COMPLETE
19,19,0.9953047774730958,0.08642746483237196,2024-05-20 06:45:39.440753,2024-05-20 06:45:41.954144,0 days 00:00:02.513391,0.05516893482462664,1.2805903057873284e-05,6.629414917861059,0.28996560190861237,34.24727234418882,"{'AUC_ROCs': [0.996957328726219, 0.9958598680837505, 0.993097135609318], 'S_relative_errors': [0.08599254180498228, 0.08316963013408459, 0.09012022255804905], 'X_relative_errors': [0.999920427736753, 0.9999144498963307, 0.9999231957120338], 'Sparsity': [1.0, 1.0, 1.0], 'converged': [0, 0, 0], 'iterations': [150, 150, 150], 'primal_residual': [array(0.00464226), array(0.00451929), array(0.00430616)], 'dual_residual': [array(0.00222063), array(0.00223683), array(0.00224399)], 'times': [2.1119618718512356, 2.0839686726685613, 2.2387345370370895]}",0,COMPLETE
20,20,0.9282364465235058,0.9663755866148568,2024-05-20 06:45:41.966285,2024-05-20 06:45:44.657565,0 days 00:00:02.691280,0.040879760563675545,0.001960964327237755,0.5498794844618444,0.038735365932311604,0.13876552047421034,"{'AUC_ROCs': [0.9274867236913038, 0.9255453966234628, 0.9316772192557506], 'S_relative_errors': [0.964664357927881, 0.9664055735702224, 0.9680568283464667], 'X_relative_errors': [9.114974734932579, 9.47301101103726, 8.737872268113307], 'Sparsity': [1.0, 1.0, 1.0], 'converged': [0, 0, 0], 'iterations': [150, 150, 150], 'primal_residual': [array(0.01017898), array(0.00961439), array(0.00901392)], 'dual_residual': [array(0.00668795), array(0.00681544), array(0.00645711)], 'times': [2.373748412821442, 2.2387063899077475, 2.390385531121865]}",0,COMPLETE
21,21,0.6642260625560485,0.9971880350609372,2024-05-20 06:45:44.671471,2024-05-20 06:45:47.343810,0 days 00:00:02.672339,5.416174411952763,0.0004733504208536983,0.37809903719134186,0.01721961230482531,50.59388184473925,"{'AUC_ROCs': [0.6654920808019107, 0.6510520830563404, 0.6761340238098944], 'S_relative_errors': [0.9952824225438486, 0.9973472236574474, 0.9989344589815156], 'X_relative_errors': [4.298557412336975, 4.444337142234728, 4.030732105121312], 'Sparsity': [1.0, 1.0, 1.0], 'converged': [0, 0, 0], 'iterations': [150, 150, 150], 'primal_residual': [array(0.02052898), array(0.01973313), array(0.01580243)], 'dual_residual': [array(0.00629863), array(0.00476765), array(0.02772932)], 'times': [2.2998709252569824, 2.256460366770625, 2.3609881941229105]}",0,COMPLETE
22,22,0.993472204317294,0.1450408135920456,2024-05-20 06:45:47.360398,2024-05-20 06:45:49.920178,0 days 00:00:02.559780,0.5567402707217224,0.00012502077306200676,0.4171920449455641,0.3511888795809653,22.041618109313976,"{'AUC_ROCs': [0.9947148830869561, 0.994405480586707, 0.9912962492782189], 'S_relative_errors': [0.14300189084431011, 0.14528757763623804, 0.14683297229558867], 'X_relative_errors': [0.9082818656524844, 0.882884487728863, 0.8984720359526784], 'Sparsity': [1.0, 1.0, 1.0], 'converged': [0, 0, 0], 'iterations': [150, 150, 150], 'primal_residual': [array(0.03115331), array(0.02824582), array(0.02997946)], 'dual_residual': [array(0.00142041), array(0.00113489), array(0.00145703)], 'times': [2.1821014285087585, 2.1803615372627974, 2.278873871313408]}",0,COMPLETE
23,23,0.9959776722337788,0.33860108436019765,2024-05-20 06:45:49.926552,2024-05-20 06:45:52.591886,0 days 00:00:02.665334,0.44932909862749565,1.5244958543679215,0.03267253060480561,66.73211548178645,0.668120191074638,"{'AUC_ROCs': [0.9965849373794204, 0.9963095604642188, 0.9950385188576969], 'S_relative_errors': [0.3322156690346935, 0.33922031581932, 0.3443672682265795], 'X_relative_errors': [0.9929054292486912, 0.9932643819808055, 0.9935026147344268], 'Sparsity': [1.0, 1.0, 1.0], 'converged': [0, 0, 0], 'iterations': [150, 150, 150], 'primal_residual': [array(0.29308077), array(0.27322827), array(0.27579823)], 'dual_residual': [array(0.02252955), array(0.01961214), array(0.02476569)], 'times': [2.268584476551041, 2.1819171993993223, 2.408146195812151]}",0,COMPLETE
24,24,0.9949503755201947,0.09924627397344399,2024-05-20 06:45:52.608330,2024-05-20 06:45:55.220616,0 days 00:00:02.612286,0.0002459166957627763,0.013094804985170289,0.002588292848805871,16.430475007527313,3.1974572141152096,"{'AUC_ROCs': [0.9966172390016556, 0.9957349886193836, 0.9924988989395447], 'S_relative_errors': [0.09899927341613436, 0.09534880608402177, 0.10339074242017585], 'X_relative_errors': [0.9996000555229696, 0.9995811629654634, 0.9994544552184275], 'Sparsity': [1.0, 1.0, 1.0], 'converged': [0, 0, 0], 'iterations': [150, 150, 150], 'primal_residual': [array(0.05072174), array(0.04971597), array(0.04911906)], 'dual_residual': [array(0.01183892), array(0.01178599), array(0.01196045)], 'times': [2.1404870885889977, 2.1457859517540783, 2.241313540842384]}",0,COMPLETE
25,25,0.8669770917849956,0.9999999999979181,2024-05-20 06:45:55.237249,2024-05-20 06:45:57.898609,0 days 00:00:02.661360,4.759491175157199,2.5528489164763792,15.373812878448808,0.0010887838854629238,0.049710010390523356,"{'AUC_ROCs': [0.8673992353050199, 0.8661769176187057, 0.8673551224312613], 'S_relative_errors': [0.9999999999980971, 0.9999999999978809, 0.9999999999977767], 'X_relative_errors': [8.860018019658352, 9.187924667339288, 8.453336127989145], 'Sparsity': [1.0, 1.0, 1.0], 'converged': [0, 0, 0], 'iterations': [150, 150, 150], 'primal_residual': [array(0.0061291), array(0.00644178), array(0.00640089)], 'dual_residual': [array(0.00019731), array(0.0002072), array(0.00020563)], 'times': [2.226547534810379, 2.321205264655873, 2.350886704865843]}",0,COMPLETE
26,26,0.5032675562989722,0.9999999991564157,2024-05-20 06:45:57.915277,2024-05-20 06:45:58.886596,0 days 00:00:00.971319,2.5765405832876653,1.3915996432292672,0.13749855891582677,5.20952801666876,4.56161948754785,"{'AUC_ROCs': [0.5001862158935071, 0.5113727638220024, 0.49824368918140716], 'S_relative_errors': [0.9999999989298758, 0.9999999992844406, 0.9999999992549305], 'X_relative_errors': [8.34496996174853, 8.644626066623081, 7.941435918163212], 'Sparsity': [1.0, 1.0, 1.0], 'converged': [1, 1, 1], 'iterations': [42, 44, 44], 'primal_residual': [array(0.00097528), array(0.00092391), array(0.00099615)], 'dual_residual': [array(2.63430728e-05), array(2.51317157e-05), array(2.68334607e-05)], 'times': [0.6269500888884068, 0.66624018503353, 0.6593529933597893]}",0,COMPLETE
