,number,values_0,values_1,datetime_start,datetime_complete,duration,params_lda1,params_ldag,params_psi_1,params_psi_2,params_psi_3,user_attrs_metrics,system_attrs_nsga2:generation,state
27,27,0.996681123457621,0.1548503607529439,2024-05-20 04:13:32.175887,2024-05-20 04:13:34.647938,0 days 00:00:02.472051,0.011326011273176496,0.0017889645249892702,0.18021241026651455,0.02006344527034256,2.1667362584222567,"{'AUC_ROCs': [0.9982977996806208, 0.9955021145320764, 0.996243456160166], 'S_relative_errors': [0.16586947572957958, 0.15177083567777755, 0.1469107708514745], 'X_relative_errors': [1.0000350222747132, 1.0000431242089676, 1.0000276950417908], 'Sparsity': [1.0, 1.0, 1.0], 'converged': [0, 0, 0], 'iterations': [150, 150, 150], 'primal_residual': [array(0.00696432), array(0.00757898), array(0.00815195)], 'dual_residual': [array(0.0019051), array(0.00247179), array(0.0029902)], 'times': [2.2504538972862065, 2.2403998114168644, 2.1927306388970464]}",0,COMPLETE
28,28,0.9973991419288463,0.1082420699559508,2024-05-20 04:13:34.663277,2024-05-20 04:13:37.156428,0 days 00:00:02.493151,0.17738258400574344,0.09851766639579587,0.05904568446488894,0.0037084050023747663,20.580740174958038,"{'AUC_ROCs': [0.9984010061021892, 0.99675032234058, 0.9970460973437697], 'S_relative_errors': [0.11711232802503047, 0.10369527417459758, 0.10391860766822439], 'X_relative_errors': [1.0183153883688822, 1.0240953642947892, 1.032791279071478], 'Sparsity': [1.0, 1.0, 1.0], 'converged': [0, 0, 0], 'iterations': [150, 150, 150], 'primal_residual': [array(0.42382211), array(0.46550084), array(0.57257927)], 'dual_residual': [array(0.08472537), array(0.0961151), array(0.10490846)], 'times': [2.197518712375313, 2.238339090254158, 2.23485149955377]}",0,COMPLETE
29,29,0.9323683701423722,1.0000000230612607,2024-05-20 04:13:37.177328,2024-05-20 04:13:37.913508,0 days 00:00:00.736180,6.62927403742419,0.002812264375314274,0.002635823141102036,0.002185896541901229,0.03614558917316752,"{'AUC_ROCs': [0.8048512997833112, 0.9959750376269823, 0.996278773016823], 'S_relative_errors': [0.9999998274560675, 1.0000001170949744, 1.00000012463274], 'X_relative_errors': [5.932035565493501, 6.479952041154801, 6.701654920467642], 'Sparsity': [1.0, 1.0, 1.0], 'converged': [1, 1, 1], 'iterations': [28, 31, 31], 'primal_residual': [array(0.00088017), array(0.00037432), array(0.00043922)], 'dual_residual': [array(3.68897865e-05), array(3.08193607e-06), array(2.95467191e-06)], 'times': [0.4288205576594919, 0.4704559026286006, 0.4735514640342444]}",0,COMPLETE
30,30,0.9967440546442438,0.6991016541253194,2024-05-20 04:13:37.930812,2024-05-20 04:13:40.666638,0 days 00:00:02.735826,0.005554131126042101,0.009909233242841728,0.0010530700169008422,0.007680073928688799,0.14398569549941484,"{'AUC_ROCs': [0.9974520761202718, 0.9968253061153765, 0.995954781697083], 'S_relative_errors': [0.6897174081178711, 0.7058790532565965, 0.7017085010014908], 'X_relative_errors': [4.085330087762435, 4.567496585303938, 4.697610593351105], 'Sparsity': [1.0, 1.0, 1.0], 'converged': [0, 0, 0], 'iterations': [150, 150, 150], 'primal_residual': [array(0.00814985), array(0.0093754), array(0.00910346)], 'dual_residual': [array(0.0318896), array(0.03164632), array(0.0339036)], 'times': [2.2546562717761844, 2.287879781331867, 2.4628803005907685]}",0,COMPLETE
31,31,0.9966288882141324,0.1540027744428658,2024-05-20 04:13:40.683286,2024-05-20 04:13:43.155823,0 days 00:00:02.472537,0.014185766696430662,0.0029260474753161144,0.12253822141277898,82.95040211903503,0.09591045286015135,"{'AUC_ROCs': [0.9984832822387969, 0.9958092242258333, 0.9955941581777672], 'S_relative_errors': [0.1648404470827216, 0.15111382372909213, 0.14605405251678374], 'X_relative_errors': [0.9999468982370163, 0.9999557615028178, 1.0000480691923117], 'Sparsity': [1.0, 1.0, 1.0], 'converged': [0, 0, 0], 'iterations': [150, 150, 150], 'primal_residual': [array(0.01366837), array(0.02363511), array(0.06612743)], 'dual_residual': [array(0.01282704), array(0.01576901), array(0.01280012)], 'times': [2.1767345466651022, 2.214671000139788, 2.187468820018694]}",0,COMPLETE
32,32,0.9962245052614662,0.1532732481723502,2024-05-20 04:13:43.174002,2024-05-20 04:13:45.579519,0 days 00:00:02.405517,0.03660878014701168,0.00016935765066098584,1.567017429533204,9.14917721705375,0.07661540540993202,"{'AUC_ROCs': [0.9981993519205012, 0.9943794139686436, 0.9960947498952537], 'S_relative_errors': [0.1641725326645059, 0.15022163915761538, 0.1454255726949293], 'X_relative_errors': [0.9999967169559342, 0.9999469947204527, 0.9999551858749957], 'Sparsity': [1.0, 1.0, 1.0], 'converged': [0, 0, 0], 'iterations': [150, 150, 150], 'primal_residual': [array(0.00765393), array(0.01040269), array(0.01059319)], 'dual_residual': [array(0.00132508), array(0.00139904), array(0.00228511)], 'times': [2.151370879029855, 2.160819666692987, 2.1483866774942726]}",0,COMPLETE
33,33,0.9981522444649721,0.0933834730988422,2024-05-20 04:13:45.600341,2024-05-20 04:13:48.209254,0 days 00:00:02.608913,0.46017601806540925,0.08072780922211731,0.0010866917116867567,0.09094203203948376,76.55306289090463,"{'AUC_ROCs': [0.9987772722621574, 0.9980432904811717, 0.9976361706515872], 'S_relative_errors': [0.10031504733770114, 0.09188885780174194, 0.08794651415708356], 'X_relative_errors': [1.0011478309492807, 1.0017474102115698, 1.0038345045398278], 'Sparsity': [1.0, 1.0, 1.0], 'converged': [0, 0, 0], 'iterations': [150, 150, 150], 'primal_residual': [array(0.18713166), array(0.20506821), array(0.25850971)], 'dual_residual': [array(0.0261382), array(0.0231185), array(0.02670232)], 'times': [2.3758000382222235, 2.239493654575199, 2.206202648812905]}",0,COMPLETE
34,34,0.9965859903940641,0.15730211601146707,2024-05-20 04:13:48.229453,2024-05-20 04:13:50.781427,0 days 00:00:02.551974,0.00027651234900446603,3.89363680364285e-05,0.8591412422273343,0.033299370816208755,0.28504114710147316,"{'AUC_ROCs': [0.9980754715637524, 0.9952727633659562, 0.9964097362524835], 'S_relative_errors': [0.1683877646350738, 0.15415775341136723, 0.14936082998796021], 'X_relative_errors': [1.000021986856793, 1.0000628453468063, 1.002035465936134], 'Sparsity': [1.0, 1.0, 1.0], 'converged': [0, 0, 0], 'iterations': [150, 150, 150], 'primal_residual': [array(0.03085556), array(0.04782064), array(0.18638135)], 'dual_residual': [array(0.01187715), array(0.02532574), array(0.05425442)], 'times': [2.3025347504299134, 2.228052949765697, 2.268094761064276]}",0,COMPLETE
35,35,0.984725101722848,0.6269952187115304,2024-05-20 04:13:50.789023,2024-05-20 04:13:53.231936,0 days 00:00:02.442913,0.6470437573331902,94.98890854504604,1.8100953232120987,0.09212314323469761,80.25940241628545,"{'AUC_ROCs': [0.9810898970229576, 0.9850466260230454, 0.988038782122541], 'S_relative_errors': [0.6752378835470435, 0.6381720145912861, 0.5675757579962617], 'X_relative_errors': [0.9968990453362883, 0.9963420754258413, 0.996513220651067], 'Sparsity': [1.0, 1.0, 1.0], 'converged': [0, 0, 0], 'iterations': [150, 150, 150], 'primal_residual': [array(0.1015486), array(0.09222542), array(0.09321122)], 'dual_residual': [array(0.00144006), array(0.0013712), array(0.0014414)], 'times': [2.204936677822843, 2.209368245443329, 2.2099101652856916]}",0,COMPLETE
36,36,0.9753872622546446,0.7698893776964856,2024-05-20 04:13:53.256767,2024-05-20 04:13:55.873452,0 days 00:00:02.616685,0.09506003249634871,0.2532799123883418,0.001947684261059265,0.5763196559547334,0.05323182300185772,"{'AUC_ROCs': [0.9725471687677198, 0.9739246003901476, 0.9796900176060663], 'S_relative_errors': [0.810656098593817, 0.7766070597819766, 0.722404974713663], 'X_relative_errors': [4.738496720370747, 4.958511585647406, 4.775218283531978], 'Sparsity': [1.0, 1.0, 1.0], 'converged': [0, 0, 0], 'iterations': [150, 150, 150], 'primal_residual': [array(0.02303591), array(0.00566375), array(0.00823694)], 'dual_residual': [array(0.01444893), array(0.01768683), array(0.02668949)], 'times': [2.254036350408569, 2.2631918196566403, 2.354798265499994]}",0,COMPLETE
37,37,0.996458669836159,0.14863596004304133,2024-05-20 04:13:55.897437,2024-05-20 04:13:58.382667,0 days 00:00:02.485230,0.00045909260158894454,0.014951711173185705,28.018990166477092,1.046093698212931,0.00647029523420674,"{'AUC_ROCs': [0.9975608952528205, 0.9959179508227751, 0.9958971634328815], 'S_relative_errors': [0.15885140371358586, 0.1457150157473641, 0.14134146066817396], 'X_relative_errors': [0.9996624932058178, 0.9996754671023841, 0.9996853844276001], 'Sparsity': [1.0, 1.0, 1.0], 'converged': [0, 0, 0], 'iterations': [150, 150, 150], 'primal_residual': [array(0.01144877), array(0.01122096), array(0.0105492)], 'dual_residual': [array(0.00386634), array(0.00372433), array(0.00413801)], 'times': [2.1370373198296875, 2.136172028258443, 2.1878139693289995]}",0,COMPLETE
38,38,0.9845771931842572,0.6270315127523185,2024-05-20 04:13:58.407188,2024-05-20 04:14:00.848158,0 days 00:00:02.440970,0.041174154220044175,10.498978018743003,0.0025086233010556467,6.028165783728878,0.14664143003983507,"{'AUC_ROCs': [0.9810510728487237, 0.9846588089321445, 0.988021697771903], 'S_relative_errors': [0.6756944622877422, 0.6380063481678302, 0.5673937278013832], 'X_relative_errors': [3.2716141105667784, 3.352129705380291, 3.083242648712748], 'Sparsity': [1.0, 1.0, 1.0], 'converged': [1, 1, 1], 'iterations': [145, 130, 144], 'primal_residual': [array(0.00092852), array(0.00096347), array(0.00093593)], 'dual_residual': [array(0.000712), array(0.00046097), array(0.00029796)], 'times': [2.152489655185491, 1.959893561899662, 2.1703078884165734]}",0,COMPLETE
39,39,0.9901169165703703,0.9999998333529082,2024-05-20 04:14:00.868945,2024-05-20 04:14:01.634268,0 days 00:00:00.765323,3.4806056316320695,2.6504331283722777,0.20802588254751747,0.009474060343546758,0.5318128263637633,"{'AUC_ROCs': [0.9903155802201162, 0.9894703649580177, 0.9905648045329769], 'S_relative_errors': [0.9999998413893828, 0.999999836939162, 0.9999998217301798], 'X_relative_errors': [5.856635080262506, 6.402067617608472, 6.630733904869778], 'Sparsity': [1.0, 1.0, 1.0], 'converged': [1, 1, 1], 'iterations': [31, 31, 31], 'primal_residual': [array(0.00058907), array(0.00062251), array(0.00072539)], 'dual_residual': [array(1.92246917e-05), array(2.02464415e-05), array(2.33228795e-05)], 'times': [0.49003845266997814, 0.4749116483144462, 0.48059466551057994]}",0,COMPLETE
40,40,0.5763606535118116,0.9999999999960387,2024-05-20 04:14:01.659665,2024-05-20 04:14:03.542268,0 days 00:00:01.882603,8.078711730498194,64.05908976813105,0.0012808634700951027,0.447519857513145,10.592212081328096,"{'AUC_ROCs': [0.5978543974020725, 0.5654187275658702, 0.5658088355674922], 'S_relative_errors': [0.9999999999970913, 0.9999999999953633, 0.9999999999956618], 'X_relative_errors': [4.627116433086683, 5.116482920495534, 5.434785497922152], 'Sparsity': [1.0, 1.0, 1.0], 'converged': [1, 1, 1], 'iterations': [83, 90, 85], 'primal_residual': [array(0.00094253), array(0.00093749), array(0.0009361)], 'dual_residual': [array(2.94587368e-05), array(2.7169587e-05), array(2.68386633e-05)], 'times': [1.2270472834352404, 1.55709504080005, 1.2909426304977387]}",0,COMPLETE
41,41,0.9841541322486146,0.625954886149514,2024-05-20 04:14:03.557774,2024-05-20 04:14:06.041469,0 days 00:00:02.483695,0.004722343994992027,8.787359394186511,61.63179531697254,82.13458070578602,0.11708108343396002,"{'AUC_ROCs': [0.980551075419642, 0.9841224110506362, 0.9877889102755657], 'S_relative_errors': [0.6725393241982085, 0.6385128608174616, 0.566812473432872], 'X_relative_errors': [0.9998778334802201, 0.9998758508997031, 0.9998562685256851], 'Sparsity': [1.0, 1.0, 1.0], 'converged': [0, 0, 0], 'iterations': [150, 150, 150], 'primal_residual': [array(0.03857508), array(0.02570974), array(0.02870304)], 'dual_residual': [array(0.00569597), array(0.00501729), array(0.00396009)], 'times': [2.136022068327293, 2.1898104567080736, 2.2014850531704724]}",0,COMPLETE
42,42,0.9804790538845077,0.7144341922053735,2024-05-20 04:14:06.064988,2024-05-20 04:14:08.629313,0 days 00:00:02.564325,0.0048104060810717515,3.766229436028617,1.0010747841563234,0.010620818415624423,0.01769795790191888,"{'AUC_ROCs': [0.9770135604352048, 0.9779436082201322, 0.9864799929981859], 'S_relative_errors': [0.7299660274203099, 0.7210531381617737, 0.6922834110340369], 'X_relative_errors': [4.271548842734074, 4.613477833774176, 4.594157659508031], 'Sparsity': [1.0, 1.0, 1.0], 'converged': [0, 0, 0], 'iterations': [150, 150, 150], 'primal_residual': [array(0.04115194), array(0.03975702), array(0.04640807)], 'dual_residual': [array(0.03551738), array(0.03568088), array(0.04296772)], 'times': [2.2247651054058224, 2.321157841011882, 2.266484414227307]}",0,COMPLETE
43,43,0.9843858620020974,0.6276371505293008,2024-05-20 04:14:08.643112,2024-05-20 04:14:11.223985,0 days 00:00:02.580873,0.19741065280644474,19.126803744957066,0.0024380980180326965,0.707983128154378,27.29645222476403,"{'AUC_ROCs': [0.9808622476243327, 0.9844028957128002, 0.9878924426691598], 'S_relative_errors': [0.6753604315988843, 0.6387160979851355, 0.5688349220038826], 'X_relative_errors': [1.305231835990099, 1.2928046007839176, 1.211006111969153], 'Sparsity': [1.0, 1.0, 1.0], 'converged': [0, 0, 0], 'iterations': [150, 150, 150], 'primal_residual': [array(0.0637346), array(0.06448244), array(0.06789964)], 'dual_residual': [array(0.00108565), array(0.00111555), array(0.00131735)], 'times': [2.339399491203949, 2.243245284538716, 2.2684504396747798]}",0,COMPLETE
44,44,0.9844781303451154,0.649046985993022,2024-05-20 04:14:11.251017,2024-05-20 04:14:13.752378,0 days 00:00:02.501361,2.788148353206812,16.960214893533514,49.11342190599144,50.72488973431822,0.9505114362770346,"{'AUC_ROCs': [0.9811598171001524, 0.9846708168078093, 0.9876037571273848], 'S_relative_errors': [0.6978562536066333, 0.6614825576819624, 0.5878021466904705], 'X_relative_errors': [0.9996478926941951, 0.9996508262572579, 0.9996218278260851], 'Sparsity': [1.0, 1.0, 1.0], 'converged': [0, 0, 0], 'iterations': [150, 150, 150], 'primal_residual': [array(0.02758735), array(0.03009065), array(0.02254317)], 'dual_residual': [array(0.00049926), array(0.00050595), array(0.00048526)], 'times': [2.130051409592852, 2.1982181558851153, 2.139767170883715]}",0,COMPLETE
45,45,0.8822757225913124,0.9999999525397568,2024-05-20 04:14:13.778884,2024-05-20 04:14:14.753844,0 days 00:00:00.974960,1.6439098979574664,5.980354760500637,0.3290857121379593,0.006821346907769307,0.16461480954175423,"{'AUC_ROCs': [0.986117671772847, 0.8955432660801409, 0.7651662299209492], 'S_relative_errors': [0.999999871861043, 0.9999999857547227, 1.000000000003505], 'X_relative_errors': [5.893338467251905, 6.440807860334259, 6.667544622622941], 'Sparsity': [1.0, 1.0, 1.0], 'converged': [1, 1, 1], 'iterations': [31, 29, 44], 'primal_residual': [array(0.00050267), array(0.00098995), array(0.00015286)], 'dual_residual': [array(1.53851711e-05), array(7.22833133e-05), array(9.17576297e-06)], 'times': [0.49138419004157186, 0.43151508551090956, 0.7078267533797771]}",0,COMPLETE
46,46,0.9969210616222347,0.14646883501894825,2024-05-20 04:14:14.779140,2024-05-20 04:14:17.163084,0 days 00:00:02.383944,0.0268354715662912,0.0136654245745331,27.873593398017192,54.919052861145204,0.04246828179458281,"{'AUC_ROCs': [0.9977602908580226, 0.9971901743826085, 0.9958127196260729], 'S_relative_errors': [0.156905490930089, 0.14378500072900582, 0.13871601339774994], 'X_relative_errors': [1.0000683643619415, 1.000068220634941, 1.0000815356098276], 'Sparsity': [1.0, 1.0, 1.0], 'converged': [0, 0, 0], 'iterations': [150, 150, 150], 'primal_residual': [array(0.00394683), array(0.00427639), array(0.00610439)], 'dual_residual': [array(0.0009436), array(0.00100076), array(0.00451971)], 'times': [2.095270953141153, 2.1272089283447713, 2.1177164763212204]}",0,COMPLETE
47,47,0.8539751348595784,0.9999999999833556,2024-05-20 04:14:17.192943,2024-05-20 04:14:19.884166,0 days 00:00:02.691223,10.338187940524488,0.005572739670885273,18.810535591335256,0.0027715656767602417,0.005201621195599897,"{'AUC_ROCs': [0.8579191758312465, 0.8548061267965283, 0.8492001019509607], 'S_relative_errors': [0.9999999999817362, 0.999999999979838, 0.9999999999884928], 'X_relative_errors': [4.957225536195113, 5.540520332045031, 5.921875048724003], 'Sparsity': [1.0, 1.0, 1.0], 'converged': [0, 0, 0], 'iterations': [150, 150, 150], 'primal_residual': [array(0.01047917), array(0.01149548), array(0.00965974)], 'dual_residual': [array(0.00029683), array(0.00032562), array(0.00027362)], 'times': [2.3919074344448745, 2.330342572182417, 2.262693314347416]}",0,COMPLETE
48,48,0.9964078241601918,0.15564745807055755,2024-05-20 04:14:19.913355,2024-05-20 04:14:22.563519,0 days 00:00:02.650164,0.0016653853911363769,0.0023360867167514635,39.91394168620672,1.9040757744898114,0.07118058109119015,"{'AUC_ROCs': [0.9981774920302844, 0.9956757891155044, 0.9953701913347867], 'S_relative_errors': [0.16657641883913565, 0.1526671875655629, 0.1476987678069741], 'X_relative_errors': [1.0000201020442618, 1.000004456561483, 1.000013021247281], 'Sparsity': [1.0, 1.0, 1.0], 'converged': [0, 0, 0], 'iterations': [150, 150, 150], 'primal_residual': [array(0.00370668), array(0.00398377), array(0.00441195)], 'dual_residual': [array(0.00149701), array(0.00153117), array(0.001524)], 'times': [2.112660394515842, 2.368173794588074, 2.138689788756892]}",0,COMPLETE
49,49,0.9965568241672158,0.15287890836260928,2024-05-20 04:14:22.574884,2024-05-20 04:14:25.133011,0 days 00:00:02.558127,0.01783040041115028,0.004220329066235171,7.012043818808305,0.582367080394949,0.008174427041921431,"{'AUC_ROCs': [0.9979340069612809, 0.9957544725607544, 0.9959819929796121], 'S_relative_errors': [0.16388834090400303, 0.1498613019179521, 0.14488708226587263], 'X_relative_errors': [0.9996233516986665, 0.99962589499286, 0.9996107365716735], 'Sparsity': [1.0, 1.0, 1.0], 'converged': [0, 0, 0], 'iterations': [150, 150, 150], 'primal_residual': [array(0.00568531), array(0.00524594), array(0.00500612)], 'dual_residual': [array(0.00150591), array(0.00162816), array(0.00188622)], 'times': [2.133137400029227, 2.240085536846891, 2.265807010466233]}",0,COMPLETE
50,50,0.9976173116536607,0.10811926606130924,2024-05-20 04:14:25.164434,2024-05-20 04:14:27.624055,0 days 00:00:02.459621,0.17738258400574344,0.09851766639579587,0.05074601977207879,82.13458070578602,20.580740174958038,"{'AUC_ROCs': [0.9985615970966935, 0.9967378909045127, 0.9975524469597763], 'S_relative_errors': [0.11372176343364102, 0.10898474914776989, 0.10165128560251685], 'X_relative_errors': [0.9993597410405246, 0.9992487917628, 0.9992718786531796], 'Sparsity': [1.0, 1.0, 1.0], 'converged': [0, 0, 0], 'iterations': [150, 150, 150], 'primal_residual': [array(0.04715629), array(0.05004997), array(0.0508993)], 'dual_residual': [array(0.00408567), array(0.00558513), array(0.00768005)], 'times': [2.1457866148557514, 2.172732421429828, 2.1823805454187095]}",1,COMPLETE
51,51,0.9816461600529425,0.6807781070522753,2024-05-20 04:14:27.655235,2024-05-20 04:14:30.274443,0 days 00:00:02.619208,1.1582630207137397,2.6504331283722777,0.0185946406638692,0.006856121625913207,9.553171420654792,"{'AUC_ROCs': [0.976631946009293, 0.9811141480021504, 0.987192386147384], 'S_relative_errors': [0.732602720055813, 0.6953483536182843, 0.6143832474827285], 'X_relative_errors': [3.2183390453834364, 3.3180220384174834, 3.0042708988454483], 'Sparsity': [1.0, 1.0, 1.0], 'converged': [0, 0, 0], 'iterations': [150, 150, 150], 'primal_residual': [array(0.03015432), array(0.03645774), array(0.02042538)], 'dual_residual': [array(0.00317987), array(0.00273372), array(0.0020459)], 'times': [2.3602611809037626, 2.2672444491181523, 2.288365608546883]}",1,COMPLETE
52,52,0.9849006377607609,0.6290179298797035,2024-05-20 04:14:30.302692,2024-05-20 04:14:32.787201,0 days 00:00:02.484509,1.1246238138376738,76.40878575208998,96.35698225413502,0.09094203203948376,16.5618786694651,"{'AUC_ROCs': [0.9815411158110715, 0.9850391044300102, 0.9881216930412007], 'S_relative_errors': [0.6764682282087751, 0.6409292019628989, 0.5696563594674363], 'X_relative_errors': [0.99821621603143, 0.9979869414373316, 0.9980482799747361], 'Sparsity': [1.0, 1.0, 1.0], 'converged': [0, 0, 0], 'iterations': [150, 150, 150], 'primal_residual': [array(0.04530252), array(0.05091021), array(0.0440931)], 'dual_residual': [array(0.00097163), array(0.00103595), array(0.00145054)], 'times': [2.2318998526316136, 2.187481771921739, 2.2223983469884843]}",1,COMPLETE
53,53,0.9390998500227736,0.9889267770531385,2024-05-20 04:14:32.818614,2024-05-20 04:14:35.399957,0 days 00:00:02.581343,0.1340807932501222,0.0006354490666838763,0.21629839840931125,0.015495033721798187,0.12972009228025846,"{'AUC_ROCs': [0.931702262072692, 0.9422968153829471, 0.9433004726126816], 'S_relative_errors': [0.9885536526545845, 0.9888677110157557, 0.9893589674890751], 'X_relative_errors': [5.836119654971405, 6.379411309747227, 6.60543144106322], 'Sparsity': [1.0, 1.0, 1.0], 'converged': [0, 0, 0], 'iterations': [150, 150, 150], 'primal_residual': [array(0.00649498), array(0.006441), array(0.00757379)], 'dual_residual': [array(0.00335958), array(0.00317099), array(0.00322924)], 'times': [2.252943095052615, 2.243299719179049, 2.3110423472244292]}",1,COMPLETE
