,number,values_0,values_1,datetime_start,datetime_complete,duration,params_lda1,params_ldag,params_psi_1,params_psi_2,params_psi_3,user_attrs_metrics,system_attrs_nsga2:generation,state
81,81,0.9967262951256037,0.15206747575355495,2024-05-20 04:22:10.963060,2024-05-20 04:22:13.857678,0 days 00:00:02.894618,0.00046622577533347387,0.011602530679394145,0.002446152301426508,0.07680676502074421,0.35735526724396505,"{'AUC_ROCs': [0.9984244324244851, 0.9957805172034577, 0.9959739357488684], 'S_relative_errors': [0.1298383598530155, 0.13867858108219613, 0.18768548632545323], 'X_relative_errors': [0.7660229674190894, 0.8956924919761969, 1.2541400603675148], 'Sparsity': [1.0, 1.0, 1.0], 'converged': [0, 0, 0], 'iterations': [150, 150, 150], 'primal_residual': [array(0.06564453), array(0.06900617), array(0.05549747)], 'dual_residual': [array(0.08986944), array(0.09344058), array(0.10001535)], 'times': [2.2706966705154628, 2.2728585773147643, 2.556225645588711]}",1,COMPLETE
82,82,0.9969247854524702,0.15695602174667994,2024-05-20 04:22:13.879894,2024-05-20 04:22:16.282610,0 days 00:00:02.402716,0.0017784543120192122,0.00020136233555510786,0.23949720483085085,1.1090276958369614,0.3305366155445535,"{'AUC_ROCs': [0.9981167061005259, 0.9958408949361559, 0.996816755320729], 'S_relative_errors': [0.16812123550507224, 0.15390183567674046, 0.1488449940582271], 'X_relative_errors': [0.9999961095818445, 1.0000047942396282, 1.0000000443416628], 'Sparsity': [1.0, 1.0, 1.0], 'converged': [0, 0, 0], 'iterations': [150, 150, 150], 'primal_residual': [array(0.00172265), array(0.00206045), array(0.00279259)], 'dual_residual': [array(0.00050085), array(0.00052415), array(0.00077857)], 'times': [2.1817387654446065, 2.167410538299009, 2.2093496695160866]}",1,COMPLETE
83,83,0.9977858778403195,0.1427109159893032,2024-05-20 04:22:16.329655,2024-05-20 04:22:18.849643,0 days 00:00:02.519988,0.00022753649915530143,0.5033335047174098,18.6166736636676,0.0018903106661741357,0.3305366155445535,"{'AUC_ROCs': [0.9985988703547561, 0.996738158871298, 0.9980206042949042], 'S_relative_errors': [0.15858359029579322, 0.13062519758086, 0.13892396009125632], 'X_relative_errors': [0.9377742772698205, 0.8968247431239527, 0.9341055331008882], 'Sparsity': [1.0, 1.0, 1.0], 'converged': [0, 0, 0], 'iterations': [150, 150, 150], 'primal_residual': [array(0.08870824), array(0.09019137), array(0.08521959)], 'dual_residual': [array(0.00473252), array(0.00427508), array(0.00333938)], 'times': [2.230190507369116, 2.2462414843030274, 2.2553912939038128]}",1,COMPLETE
84,84,0.9984577883859943,0.4196186687259873,2024-05-20 04:22:18.877205,2024-05-20 04:22:21.461049,0 days 00:00:02.583844,0.06942012517376274,2.1371422732435797e-05,0.5862917620283786,0.17205469711301752,0.020273755639989316,"{'AUC_ROCs': [0.9988799956667714, 0.9988905940467491, 0.9976027754444625], 'S_relative_errors': [0.35764844434887266, 0.40951216604958085, 0.4916953957795084], 'X_relative_errors': [2.1072650810936495, 2.6387533849943834, 3.2804615481511576], 'Sparsity': [1.0, 1.0, 1.0], 'converged': [0, 0, 0], 'iterations': [150, 150, 150], 'primal_residual': [array(0.03936595), array(0.03611338), array(0.02253384)], 'dual_residual': [array(0.05877389), array(0.05565268), array(0.05435249)], 'times': [2.2372579807415605, 2.3069106766488403, 2.3339643515646458]}",1,COMPLETE
85,85,0.9985846596141057,0.10093416444429598,2024-05-20 04:22:21.502482,2024-05-20 04:22:23.873619,0 days 00:00:02.371137,0.976591541874855,0.00012385381656425027,86.3052559504158,12.247663081152036,14.76934755749839,"{'AUC_ROCs': [0.9988287068217704, 0.9983942602868028, 0.9985310117337441], 'S_relative_errors': [0.10673538012937489, 0.10094357746611722, 0.09512353573739586], 'X_relative_errors': [0.9997816095279097, 0.9997483392890485, 0.999790277700114], 'Sparsity': [1.0, 1.0, 1.0], 'converged': [0, 0, 0], 'iterations': [150, 150, 150], 'primal_residual': [array(0.00386552), array(0.00401299), array(0.00382149)], 'dual_residual': [array(0.00119844), array(0.00129933), array(0.00149987)], 'times': [2.120398449478671, 2.0941250880714506, 2.101852981140837]}",1,COMPLETE
86,86,0.9977003980527078,0.12336913403202245,2024-05-20 04:22:23.921006,2024-05-20 04:22:26.419628,0 days 00:00:02.498622,0.0620519719912741,0.0892669803761435,0.0924255273113126,45.63200301607841,0.007477769235203216,"{'AUC_ROCs': [0.998731014618898, 0.996922371835117, 0.9974478077041088], 'S_relative_errors': [0.13229394480204545, 0.12085450128675318, 0.11695895600726876], 'X_relative_errors': [1.0143618885409782, 1.0203215793417681, 1.0273453142021345], 'Sparsity': [1.0, 1.0, 1.0], 'converged': [0, 0, 0], 'iterations': [150, 150, 150], 'primal_residual': [array(0.37815941), array(0.42431732), array(0.52698814)], 'dual_residual': [array(0.06263805), array(0.0753319), array(0.08597915)], 'times': [2.2065524456556886, 2.2486620300915092, 2.229806769406423]}",1,COMPLETE
87,87,0.9965477366277105,0.15732952010226695,2024-05-20 04:22:26.444216,2024-05-20 04:22:29.088330,0 days 00:00:02.644114,0.0038015434545344094,6.772792886669531e-05,0.015881599944349636,63.66541383541173,0.014960176582844726,"{'AUC_ROCs': [0.99792018970812, 0.9956368623091918, 0.9960861578658196], 'S_relative_errors': [0.16845777735444886, 0.15423011238781, 0.1493006705645419], 'X_relative_errors': [1.002677670972009, 1.0027470676328527, 1.0036604605008714], 'Sparsity': [1.0, 1.0, 1.0], 'converged': [0, 0, 0], 'iterations': [150, 150, 150], 'primal_residual': [array(0.09947606), array(0.09949254), array(0.11848075)], 'dual_residual': [array(0.13424626), array(0.14387706), array(0.1631581)], 'times': [2.255167301511392, 2.2325352425687015, 2.4375627008266747]}",1,COMPLETE
88,88,0.9965982569559539,0.14951497696999164,2024-05-20 04:22:29.112495,2024-05-20 04:22:31.549318,0 days 00:00:02.436823,0.06942012517376274,0.0006691506794039323,5.089654209363765,0.17205469711301752,0.005017438672365733,"{'AUC_ROCs': [0.9981980458858307, 0.9959302884087241, 0.9956664365733069], 'S_relative_errors': [0.16020784213555922, 0.14646028146830908, 0.14187680730610658], 'X_relative_errors': [0.9999630824953154, 1.0000650820672925, 0.9995298754759844], 'Sparsity': [1.0, 1.0, 1.0], 'converged': [0, 0, 0], 'iterations': [150, 150, 150], 'primal_residual': [array(0.00694933), array(0.01075454), array(0.01315964)], 'dual_residual': [array(0.00311503), array(0.00237605), array(0.00432022)], 'times': [2.1637578308582306, 2.1777639586944133, 2.2076789871789515]}",1,COMPLETE
89,89,0.9988860643809296,0.2585321143666961,2024-05-20 04:22:31.601276,2024-05-20 04:22:34.150176,0 days 00:00:02.548900,0.041151529065671114,5.881610082916127e-05,0.5981958172862315,0.2125012905136214,0.013799316501032083,"{'AUC_ROCs': [0.9985389317284826, 0.9992209205309601, 0.9988983408833462], 'S_relative_errors': [0.20325019864189803, 0.24581954627690816, 0.32652659818128216], 'X_relative_errors': [1.208943397608773, 1.5918797679925942, 2.184206651348703], 'Sparsity': [1.0, 1.0, 1.0], 'converged': [0, 0, 0], 'iterations': [150, 150, 150], 'primal_residual': [array(0.05644507), array(0.05183847), array(0.03336033)], 'dual_residual': [array(0.07079281), array(0.0730681), array(0.07658692)], 'times': [2.2679105119314045, 2.2549386576283723, 2.2606219593435526]}",1,COMPLETE
90,90,0.9965336127497832,0.15660464122315343,2024-05-20 04:22:34.200703,2024-05-20 04:22:36.677253,0 days 00:00:02.476550,0.006030502358823531,0.0007000736239762266,5.089654209363765,0.0023896127804237193,0.08099973737981729,"{'AUC_ROCs': [0.9980422675211503, 0.9959468467802572, 0.9956117239479422], 'S_relative_errors': [0.16768190544578634, 0.1534674518052508, 0.14866456641842316], 'X_relative_errors': [1.0017199964750245, 1.0015060326717866, 1.0031233843310285], 'Sparsity': [1.0, 1.0, 1.0], 'converged': [0, 0, 0], 'iterations': [150, 150, 150], 'primal_residual': [array(0.02711207), array(0.03215215), array(0.03374725)], 'dual_residual': [array(0.01206844), array(0.00986631), array(0.01527388)], 'times': [2.2300748655106872, 2.2508890812750906, 2.2192067485302687]}",1,COMPLETE
91,91,0.996642544499482,0.1569060425603187,2024-05-20 04:22:36.730782,2024-05-20 04:22:39.127407,0 days 00:00:02.396625,0.0021256915909091934,0.00025994212183586164,62.06969208188113,21.34272596404635,0.07913601343679655,"{'AUC_ROCs': [0.9984134390665361, 0.9946253691964865, 0.9968888252354232], 'S_relative_errors': [0.16806419435427677, 0.15386171768205908, 0.14879221564462025], 'X_relative_errors': [1.0000846096464304, 1.0000913805223384, 1.0000997549768058], 'Sparsity': [1.0, 1.0, 1.0], 'converged': [0, 0, 0], 'iterations': [150, 150, 150], 'primal_residual': [array(0.00264178), array(0.00290397), array(0.00352924)], 'dual_residual': [array(0.00053368), array(0.00051031), array(0.000545)], 'times': [2.141154736513272, 2.129364025313407, 2.136988013284281]}",1,COMPLETE
92,92,0.9976111041967163,0.1136724429512474,2024-05-20 04:22:39.158451,2024-05-20 04:22:41.592763,0 days 00:00:02.434312,0.024874711861822576,0.2102580037064254,8.725138569937913,0.004161334480692727,7.856415256464872,"{'AUC_ROCs': [0.9986697294816729, 0.9963410839601732, 0.9978224991483028], 'S_relative_errors': [0.12102280703065649, 0.10898297709816701, 0.11101154472491868], 'X_relative_errors': [0.9890745395280212, 0.9926188004142514, 0.9939464901678547], 'Sparsity': [1.0, 1.0, 1.0], 'converged': [0, 0, 0], 'iterations': [150, 150, 150], 'primal_residual': [array(0.06598905), array(0.06614412), array(0.06432279)], 'dual_residual': [array(0.00747619), array(0.00670665), array(0.00627135)], 'times': [2.1907013789750636, 2.1784004508517683, 2.1890035569667816]}",1,COMPLETE
93,93,0.9848239816480427,0.6406817439162394,2024-05-20 04:22:41.629160,2024-05-20 04:22:44.169428,0 days 00:00:02.540268,0.2227141446930703,1.7154227437870546,1.006213177006233,2.315058863422712,0.2024682700120604,"{'AUC_ROCs': [0.9809628838020509, 0.9851634657157418, 0.9883455954263358], 'S_relative_errors': [0.6893887124044349, 0.6528827494988051, 0.5797737698454786], 'X_relative_errors': [3.72066508488875, 3.8402542638290154, 3.529779418468684], 'Sparsity': [1.0, 1.0, 1.0], 'converged': [0, 0, 0], 'iterations': [150, 150, 150], 'primal_residual': [array(0.00205598), array(0.00113898), array(0.00168804)], 'dual_residual': [array(0.00013655), array(4.90854023e-05), array(0.00011528)], 'times': [2.253886157181114, 2.255745588801801, 2.2773934062570333]}",1,COMPLETE
94,94,0.9972498835024899,0.12099514382543856,2024-05-20 04:22:44.192400,2024-05-20 04:22:46.591932,0 days 00:00:02.399532,0.00035426104677443966,0.15762602677064208,8.725138569937913,5.887165217373691,0.07614015747631202,"{'AUC_ROCs': [0.9984261189361979, 0.9957492515304879, 0.9975742800407837], 'S_relative_errors': [0.12903651748941694, 0.1186335875058459, 0.11531532648105283], 'X_relative_errors': [0.9987617873529815, 0.9973108875610691, 0.9985015609337456], 'Sparsity': [1.0, 1.0, 1.0], 'converged': [0, 0, 0], 'iterations': [150, 150, 150], 'primal_residual': [array(0.04523716), array(0.05362449), array(0.05214623)], 'dual_residual': [array(0.00328523), array(0.00384793), array(0.00403633)], 'times': [2.1430935519747436, 2.1902781231328845, 2.180598634062335]}",1,COMPLETE
95,95,0.9973257781426081,1.000000103339277,2024-05-20 04:22:46.645402,2024-05-20 04:22:47.414498,0 days 00:00:00.769096,3.0241311203529126,0.02018840988522276,0.02982498592082507,0.00538741582125242,0.0020958533941471407,"{'AUC_ROCs': [0.9982862490992019, 0.997001966614411, 0.9966891187142114], 'S_relative_errors': [1.00000009682179, 1.0000001062239823, 1.000000106972059], 'X_relative_errors': [5.933813996402285, 6.482008921633651, 6.703754746847975], 'Sparsity': [1.0, 1.0, 1.0], 'converged': [1, 1, 1], 'iterations': [31, 31, 31], 'primal_residual': [array(0.00030178), array(0.00034199), array(0.00037938)], 'dual_residual': [array(4.49045484e-06), array(4.06430982e-06), array(4.5869589e-06)], 'times': [0.47871059365570545, 0.4856832211371511, 0.48677901341579854]}",1,COMPLETE
96,96,0.9899575646667983,0.5301215078879061,2024-05-20 04:22:47.467247,2024-05-20 04:22:49.980776,0 days 00:00:02.513529,0.053595765676158126,1.7790207567806262,24.367738693430926,0.03674790808270936,0.6759495658372262,"{'AUC_ROCs': [0.9903675193840337, 0.9886968090623888, 0.9908083655539724], 'S_relative_errors': [0.5431400741984383, 0.5630420837341942, 0.48418236573108603], 'X_relative_errors': [2.2654793628559453, 2.6811569481922395, 2.3886226668558526], 'Sparsity': [1.0, 1.0, 1.0], 'converged': [0, 0, 0], 'iterations': [150, 150, 150], 'primal_residual': [array(0.1413881), array(0.17402706), array(0.19130273)], 'dual_residual': [array(0.01230414), array(0.01021305), array(0.01321922)], 'times': [2.233273076824844, 2.2295833735261112, 2.254594759317115]}",1,COMPLETE
97,97,0.9970815442796099,0.1569865331173009,2024-05-20 04:22:50.016660,2024-05-20 04:22:52.520548,0 days 00:00:02.503888,0.0015173876840291788,6.772792886669531e-05,16.443189357290976,24.839340603259252,0.001048749853951088,"{'AUC_ROCs': [0.9983699675406266, 0.9960779442817181, 0.996796721016485], 'S_relative_errors': [0.16813272957575717, 0.15396791350509412, 0.14885895627105136], 'X_relative_errors': [0.9994803431494834, 0.9998385073089434, 0.9995565445610234], 'Sparsity': [1.0, 1.0, 1.0], 'converged': [0, 0, 0], 'iterations': [150, 150, 150], 'primal_residual': [array(0.01580624), array(0.01768895), array(0.02171562)], 'dual_residual': [array(0.01657125), array(0.01578323), array(0.01614028)], 'times': [2.144163142424077, 2.138761001173407, 2.1437886808998883]}",1,COMPLETE
98,98,0.9977190788060009,0.2196737077007972,2024-05-20 04:22:52.563229,2024-05-20 04:22:55.077376,0 days 00:00:02.514147,0.0021256915909091934,1.157461334812519,0.1002860835329359,71.50521512755451,0.020273755639989316,"{'AUC_ROCs': [0.9983396723934268, 0.9973577450037359, 0.9974598190208398], 'S_relative_errors': [0.23733358903528878, 0.21720463012973773, 0.20448290393736504], 'X_relative_errors': [0.9975271092741035, 1.000478353515115, 1.0089982561314397], 'Sparsity': [1.0, 1.0, 1.0], 'converged': [0, 0, 0], 'iterations': [150, 150, 150], 'primal_residual': [array(0.28823416), array(0.33095699), array(0.43301004)], 'dual_residual': [array(0.02797355), array(0.03583499), array(0.0515943)], 'times': [2.2623614834155887, 2.2302546384744346, 2.2305467990227044]}",1,COMPLETE
99,99,0.9975064771676773,1.0000001911848642,2024-05-20 04:22:55.120970,2024-05-20 04:22:55.976246,0 days 00:00:00.855276,0.6638761605151776,4.934796108850409e-05,0.03159491807053255,0.03626302702140488,0.07913601343679655,"{'AUC_ROCs': [0.9986532866670776, 0.9965609229228538, 0.9973052219131002], 'S_relative_errors': [1.0000002105958774, 1.0000001812194856, 1.0000001817392292], 'X_relative_errors': [5.920567020684693, 6.468155862911677, 6.690946541297405], 'Sparsity': [1.0, 1.0, 1.0], 'converged': [1, 1, 1], 'iterations': [37, 38, 38], 'primal_residual': [array(0.00064345), array(0.00057881), array(0.00064039)], 'dual_residual': [array(3.55732219e-06), array(2.83867001e-06), array(3.84763619e-06)], 'times': [0.570243829395622, 0.5908800081815571, 0.5908535509370267]}",1,COMPLETE
100,100,0.9958539632843809,0.8282873214932772,2024-05-20 04:22:56.004936,2024-05-20 04:22:58.655415,0 days 00:00:02.650479,0.06942012517376274,5.9584841475254735e-05,0.0924255273113126,0.09836525971425969,0.08099973737981729,"{'AUC_ROCs': [0.9949166783003369, 0.9966221700040162, 0.9960230415487892], 'S_relative_errors': [0.8210710742514089, 0.8244897754256949, 0.8393011148027274], 'X_relative_errors': [4.850511932150497, 5.321950384816968, 5.606052136305754], 'Sparsity': [1.0, 1.0, 1.0], 'converged': [0, 0, 0], 'iterations': [150, 150, 150], 'primal_residual': [array(0.00242988), array(0.0025073), array(0.00260398)], 'dual_residual': [array(0.01441303), array(0.01446196), array(0.0133422)], 'times': [2.291437800740823, 2.271450489759445, 2.404006214113906]}",2,COMPLETE
101,101,0.9964142011117119,0.15515255135183809,2024-05-20 04:22:58.714698,2024-05-20 04:23:01.109306,0 days 00:00:02.394608,0.019573032940610382,1.1490216343116705e-05,54.30467933333859,23.02061573962825,0.23646066269750424,"{'AUC_ROCs': [0.9984182935218503, 0.9951675499741013, 0.9956567598391837], 'S_relative_errors': [0.16617211337872936, 0.15208181225404097, 0.14720372842274393], 'X_relative_errors': [0.9998759744213317, 1.0000145050791216, 1.0000206541327332], 'Sparsity': [1.0, 1.0, 1.0], 'converged': [0, 1, 1], 'iterations': [150, 149, 149], 'primal_residual': [array(0.003121), array(0.00076771), array(0.00091474)], 'dual_residual': [array(0.00166751), array(0.00062939), array(0.00071393)], 'times': [2.11156038637273, 2.0925063281320035, 2.110849173506722]}",2,COMPLETE
102,102,0.9699854312449071,0.9818736521542081,2024-05-20 04:23:01.166785,2024-05-20 04:23:03.757671,0 days 00:00:02.590886,0.0620519719912741,6.118684564210897e-05,0.0924255273113126,0.06693759514401915,0.0021671388252811324,"{'AUC_ROCs': [0.9678795937926175, 0.9726024794391185, 0.969474220502985], 'S_relative_errors': [0.981073063391103, 0.9818575799433534, 0.9826903131281676], 'X_relative_errors': [5.808915791402781, 6.351375312221559, 6.575993364418617], 'Sparsity': [1.0, 1.0, 1.0], 'converged': [0, 0, 0], 'iterations': [150, 150, 150], 'primal_residual': [array(0.01063658), array(0.01298962), array(0.01521588)], 'dual_residual': [array(0.00615433), array(0.00653677), array(0.00697347)], 'times': [2.2730451181996614, 2.3017127197235823, 2.3028661450371146]}",2,COMPLETE
103,103,0.9800289224398203,0.7683405013054877,2024-05-20 04:23:03.804585,2024-05-20 04:23:06.509704,0 days 00:00:02.705119,0.976591541874855,0.00012385381656425027,5.089654209363765,0.17205469711301752,0.06632683757151113,"{'AUC_ROCs': [0.9843615395073105, 0.9808181163269647, 0.9749071114851856], 'S_relative_errors': [0.7076718408094899, 0.7679636950352365, 0.829385968071737], 'X_relative_errors': [4.0045985415787095, 4.785589489443856, 5.392057787754694], 'Sparsity': [1.0, 1.0, 1.0], 'converged': [0, 0, 0], 'iterations': [150, 150, 150], 'primal_residual': [array(0.00664222), array(0.00667511), array(0.00886387)], 'dual_residual': [array(0.0041529), array(0.00205204), array(0.00265786)], 'times': [2.239538522204384, 2.392583699664101, 2.4757615530397743]}",2,COMPLETE
104,104,0.999324006539072,0.19702644978934106,2024-05-20 04:23:06.569053,2024-05-20 04:23:09.092703,0 days 00:00:02.523650,3.0241311203529126,0.0001624696010864385,0.0014501160906124433,63.66541383541173,2.658865016571356,"{'AUC_ROCs': [0.998944077715021, 0.9994640133301942, 0.9995639285720009], 'S_relative_errors': [0.20919681905798665, 0.20103519749039875, 0.1808473328196378], 'X_relative_errors': [0.991559464634672, 0.9921564518572974, 0.9917436296195837], 'Sparsity': [1.0, 1.0, 1.0], 'converged': [0, 0, 0], 'iterations': [150, 150, 150], 'primal_residual': [array(0.03051906), array(0.03000239), array(0.03497809)], 'dual_residual': [array(0.00404878), array(0.00420288), array(0.00436279)], 'times': [2.241558498935774, 2.202171772485599, 2.2455615217331797]}",2,COMPLETE
105,105,0.9962653143615992,0.1547134402869883,2024-05-20 04:23:09.151457,2024-05-20 04:23:11.585786,0 days 00:00:02.434329,0.002038363317244746,0.005093870077655817,0.23949720483085085,12.247663081152036,0.045597645942162764,"{'AUC_ROCs': [0.9983012981805177, 0.994623219287855, 0.9958714256164247], 'S_relative_errors': [0.1655296014317593, 0.151534048691308, 0.14707667073789762], 'X_relative_errors': [1.000537814766649, 1.0000840691753674, 1.0027991503291287], 'Sparsity': [1.0, 1.0, 1.0], 'converged': [0, 0, 0], 'iterations': [150, 150, 150], 'primal_residual': [array(0.07390723), array(0.05779999), array(0.15423035)], 'dual_residual': [array(0.02545843), array(0.00942231), array(0.01195773)], 'times': [2.182216346729547, 2.185070434352383, 2.181044574594125]}",2,COMPLETE
106,106,0.9973438034040562,0.12775017633552907,2024-05-20 04:23:11.639751,2024-05-20 04:23:14.029309,0 days 00:00:02.389558,0.3106891819729418,6.118684564210897e-05,24.367738693430926,0.8663047315797984,0.6759495658372262,"{'AUC_ROCs': [0.9983568397334539, 0.9969903958827182, 0.9966841745959966], 'S_relative_errors': [0.13728278785534662, 0.12445638749011535, 0.12151135366112521], 'X_relative_errors': [1.0000104402165872, 1.0000216564413127, 0.9999868185424214], 'Sparsity': [1.0, 1.0, 1.0], 'converged': [0, 0, 0], 'iterations': [150, 150, 150], 'primal_residual': [array(0.0018277), array(0.00179875), array(0.00207001)], 'dual_residual': [array(0.00060163), array(0.00056837), array(0.00047862)], 'times': [2.0837283609434962, 2.1295643055345863, 2.1072193381842226]}",2,COMPLETE
107,107,0.9966399664228964,1.0000001939000136,2024-05-20 04:23:14.090447,2024-05-20 04:23:14.947688,0 days 00:00:00.857241,0.6638761605151776,0.00036059769701876176,0.03159491807053255,0.03626302702140488,0.07913601343679655,"{'AUC_ROCs': [0.9981844364109129, 0.9951228415065526, 0.9966126213512237], 'S_relative_errors': [1.0000002111667083, 1.0000001872566122, 1.0000001832767202], 'X_relative_errors': [5.920560293316314, 6.468158520309357, 6.690944308445054], 'Sparsity': [1.0, 1.0, 1.0], 'converged': [1, 1, 1], 'iterations': [37, 38, 38], 'primal_residual': [array(0.00064169), array(0.00059313), array(0.00064154)], 'dual_residual': [array(5.24696081e-06), array(4.38475728e-06), array(4.71338828e-06)], 'times': [0.5713635992724448, 0.5915682665072381, 0.5875919291283935]}",2,COMPLETE
