,number,values_0,values_1,datetime_start,datetime_complete,duration,params_lda1,params_ldag,params_psi_1,params_psi_2,params_psi_3,user_attrs_metrics,system_attrs_nsga2:generation,state
81,81,0.9961243182030577,0.03555475679525754,2024-05-20 07:01:44.772025,2024-05-20 07:01:47.506235,0 days 00:00:02.734210,0.0004889680521726888,0.0394497118715042,0.09210703797475127,0.0013257712876053372,1.4571816955791315,"{'AUC_ROCs': [0.9976296270909708, 0.9971527010944892, 0.9935906264237129], 'S_relative_errors': [0.04382871014399655, 0.026887293557153788, 0.035948266684622275], 'X_relative_errors': [0.4055869760068293, 0.24555069306051838, 0.3124252029093533], 'Sparsity': [1.0, 1.0, 1.0], 'converged': [0, 0, 0], 'iterations': [150, 150, 150], 'primal_residual': [array(0.07940626), array(0.07971775), array(0.07742815)], 'dual_residual': [array(0.02532389), array(0.02694854), array(0.02346992)], 'times': [2.431959960144013, 2.257518583443016, 2.4058065400458872]}",1,COMPLETE
82,82,0.9961828263288587,0.04217898084879673,2024-05-20 07:01:47.550053,2024-05-20 07:01:50.369341,0 days 00:00:02.819288,0.0004889680521726888,0.0394497118715042,0.09210703797475127,0.7374933978932761,1.4571816955791315,"{'AUC_ROCs': [0.9979095013344607, 0.9959687671006648, 0.9946702105514503], 'S_relative_errors': [0.04021224600747099, 0.04279994676126173, 0.043524749777657454], 'X_relative_errors': [0.38741792787629137, 0.42335858741239235, 0.39631229346813196], 'Sparsity': [1.0, 1.0, 1.0], 'converged': [0, 0, 0], 'iterations': [150, 150, 150], 'primal_residual': [array(0.0257054), array(0.02579724), array(0.02512109)], 'dual_residual': [array(0.0024969), array(0.00240815), array(0.00215743)], 'times': [2.5241417896468192, 2.2330100701656193, 2.321387021569535]}",1,COMPLETE
83,83,0.9959149103008049,0.0896370909109676,2024-05-20 07:01:50.414252,2024-05-20 07:01:52.931586,0 days 00:00:02.517334,0.0004889680521726888,0.0394497118715042,0.09210703797475127,2.150401408232056,60.23828981483745,"{'AUC_ROCs': [0.9972731584843676, 0.9971419875935186, 0.9933295848245284], 'S_relative_errors': [0.08964325218779017, 0.08548902664182335, 0.09377899390328927], 'X_relative_errors': [0.999859703523922, 0.9998274717862143, 0.9998797286621268], 'Sparsity': [1.0, 1.0, 1.0], 'converged': [0, 0, 0], 'iterations': [150, 150, 150], 'primal_residual': [array(0.02352965), array(0.02273533), array(0.02170489)], 'dual_residual': [array(0.00457474), array(0.00449797), array(0.00470459)], 'times': [2.212233632337302, 2.1718985338229686, 2.1808852427639067]}",1,COMPLETE
84,84,0.9951533819255083,0.3394828812526192,2024-05-20 07:01:52.978732,2024-05-20 07:01:55.555550,0 days 00:00:02.576818,0.015015867400103777,3.0184053962831922e-05,1.4176681008279068,0.005907179864941086,0.12613114555959462,"{'AUC_ROCs': [0.9960776915918016, 0.9959359484025851, 0.993446505782138], 'S_relative_errors': [0.3453095743901613, 0.3406017920391518, 0.33253727732854466], 'X_relative_errors': [3.275181740414531, 3.3508729278212055, 3.0131848991637358], 'Sparsity': [1.0, 1.0, 1.0], 'converged': [0, 0, 0], 'iterations': [150, 150, 150], 'primal_residual': [array(0.06006201), array(0.05432462), array(0.05618751)], 'dual_residual': [array(0.10930519), array(0.10945429), array(0.10965066)], 'times': [2.293962660478428, 2.3252276317216456, 2.23888183478266]}",1,COMPLETE
85,85,0.9933598921524204,0.35109911804215294,2024-05-20 07:01:55.574088,2024-05-20 07:01:58.491430,0 days 00:00:02.917342,0.00174671526203572,0.16381980974663496,0.0010631785632221028,0.013963839954391571,2.520031846035375,"{'AUC_ROCs': [0.9947078708725073, 0.9924507827410235, 0.9929210228437304], 'S_relative_errors': [0.34208411349145645, 0.35496035529917963, 0.3562528853358226], 'X_relative_errors': [2.9683899588760543, 3.205116632491894, 2.9564109957849984], 'Sparsity': [1.0, 1.0, 1.0], 'converged': [0, 0, 0], 'iterations': [150, 150, 150], 'primal_residual': [array(0.02520424), array(0.02439689), array(0.02312443)], 'dual_residual': [array(0.00762825), array(0.00688766), array(0.00660879)], 'times': [2.302849364699796, 2.24137268634513, 2.6409283035900444]}",1,COMPLETE
86,86,0.9793114588622909,0.5350373777049154,2024-05-20 07:01:58.539083,2024-05-20 07:02:01.114096,0 days 00:00:02.575013,0.04846068279160573,9.225593424945203,8.535960523709731,0.010184562968183111,1.6801431714910422,"{'AUC_ROCs': [0.979832945881971, 0.9795575245958004, 0.9785439061091011], 'S_relative_errors': [0.5322556591225183, 0.5340052065984767, 0.5388512673937512], 'X_relative_errors': [4.349461359380258, 4.5261848960799895, 4.204555416915724], 'Sparsity': [1.0, 1.0, 1.0], 'converged': [0, 0, 0], 'iterations': [150, 150, 150], 'primal_residual': [array(0.00702092), array(0.00677496), array(0.00657793)], 'dual_residual': [array(0.00086636), array(0.00085946), array(0.00076698)], 'times': [2.247709825169295, 2.2503010963555425, 2.269046998117119]}",1,COMPLETE
87,87,0.9976065723447327,0.14370739389471765,2024-05-20 07:02:01.151120,2024-05-20 07:02:03.700118,0 days 00:00:02.548998,0.003005207804723579,0.5747586543413828,79.6827520210153,3.657551874688311,0.13039138176272544,"{'AUC_ROCs': [0.9981738411827665, 0.998388197164806, 0.9962576786866253], 'S_relative_errors': [0.14159633454944104, 0.14297646029108735, 0.14654938684362456], 'X_relative_errors': [0.9888080391414517, 0.989506920315348, 0.9888130982879917], 'Sparsity': [1.0, 1.0, 1.0], 'converged': [0, 0, 0], 'iterations': [150, 150, 150], 'primal_residual': [array(0.11114947), array(0.10783517), array(0.11169839)], 'dual_residual': [array(0.00735978), array(0.006146), array(0.0068616)], 'times': [2.2006262361537665, 2.204431449761614, 2.253610883606598]}",1,COMPLETE
88,88,0.995216445053686,0.10884294593516208,2024-05-20 07:02:04.034014,2024-05-20 07:02:06.667024,0 days 00:00:02.633010,0.010064501214220981,2.2131972358723797e-05,0.007197077794862596,0.024022421667503756,0.7877188979249322,"{'AUC_ROCs': [0.9967704984982598, 0.9956406191904391, 0.9932382174723592], 'S_relative_errors': [0.10864790060594558, 0.10571556597582138, 0.11216537122371929], 'X_relative_errors': [1.0377518356807913, 1.0473010601569634, 1.0235654106458643], 'Sparsity': [1.0, 1.0, 1.0], 'converged': [0, 0, 0], 'iterations': [150, 150, 150], 'primal_residual': [array(0.23770994), array(0.21267286), array(0.19975154)], 'dual_residual': [array(0.07117525), array(0.07335742), array(0.07279276)], 'times': [2.308194160927087, 2.3049988935235888, 2.2793796851765364]}",1,COMPLETE
89,89,0.9965624471537029,0.08210357432302413,2024-05-20 07:02:06.703522,2024-05-20 07:02:09.225477,0 days 00:00:02.521955,0.393506372789592,1.3721151013069979e-05,0.0370693758490947,42.649053093662474,0.08512161103990282,"{'AUC_ROCs': [0.9979860445525953, 0.9966866608865546, 0.995014636021959], 'S_relative_errors': [0.08149526586649214, 0.07871803314495586, 0.0860974239576244], 'X_relative_errors': [1.0234898350087438, 1.0265758049268467, 1.0197665512679235], 'Sparsity': [1.0, 1.0, 1.0], 'converged': [0, 0, 0], 'iterations': [150, 150, 150], 'primal_residual': [array(0.46930639), array(0.46196722), array(0.4454085)], 'dual_residual': [array(0.0545761), array(0.05329309), array(0.0496513)], 'times': [2.193750332808122, 2.194584231823683, 2.2385373869910836]}",1,COMPLETE
90,90,0.9967065808152625,0.7163184760646919,2024-05-20 07:02:09.276746,2024-05-20 07:02:11.876231,0 days 00:00:02.599485,0.012085670280607749,3.0184053962831922e-05,0.05995732952957813,0.005907179864941086,0.12613114555959462,"{'AUC_ROCs': [0.996875315374211, 0.9968221640478884, 0.9964222630236882], 'S_relative_errors': [0.7178637292585773, 0.7174848360189662, 0.7136068629165324], 'X_relative_errors': [6.809470109053966, 7.0603526026909, 6.466746997685688], 'Sparsity': [1.0, 1.0, 1.0], 'converged': [0, 0, 0], 'iterations': [150, 150, 150], 'primal_residual': [array(0.00868745), array(0.00905197), array(0.00928418)], 'dual_residual': [array(0.04518095), array(0.04482831), array(0.04503866)], 'times': [2.2768984141293913, 2.2672414768021554, 2.2818898868281394]}",1,COMPLETE
91,91,0.9969942142317971,0.6596151133466568,2024-05-20 07:02:11.917230,2024-05-20 07:02:14.481753,0 days 00:00:02.564523,0.02134682746414122,0.00015557661316130037,0.0875892052529844,0.0238644077993475,0.16687716495004604,"{'AUC_ROCs': [0.9971806699270933, 0.996974178899838, 0.99682779386846], 'S_relative_errors': [0.661422436406698, 0.6614231314127882, 0.6559997722204842], 'X_relative_errors': [6.270187393887812, 6.504560543026453, 5.940865325596784], 'Sparsity': [1.0, 1.0, 1.0], 'converged': [0, 0, 0], 'iterations': [150, 150, 150], 'primal_residual': [array(0.01048949), array(0.01103103), array(0.01142536)], 'dual_residual': [array(0.05723972), array(0.05693168), array(0.05710956)], 'times': [2.268436709186062, 2.2760611437261105, 2.3206882388330996]}",1,COMPLETE
92,92,0.9803099597371223,0.5215161115095824,2024-05-20 07:02:14.514293,2024-05-20 07:02:17.137502,0 days 00:00:02.623209,0.10461621096764738,4.1539359372296385,87.82097351382738,0.0572340764583995,16.262619295541157,"{'AUC_ROCs': [0.9809439072942409, 0.980643247415394, 0.9793427245017321], 'S_relative_errors': [0.5147465879903171, 0.5213984660087454, 0.528403280529685], 'X_relative_errors': [1.0652194857297193, 1.073835508050355, 1.0489696691796004], 'Sparsity': [1.0, 1.0, 1.0], 'converged': [0, 0, 0], 'iterations': [150, 150, 150], 'primal_residual': [array(0.42179897), array(0.39044363), array(0.36323477)], 'dual_residual': [array(0.02373764), array(0.02368446), array(0.01525344)], 'times': [2.203400712227449, 2.3497528766747564, 2.2322494061663747]}",1,COMPLETE
93,93,0.9966054187367318,0.08212241564292823,2024-05-20 07:02:17.190645,2024-05-20 07:02:19.749919,0 days 00:00:02.559274,0.00450941802358371,0.07558959695151554,22.325540928611694,0.00183529821655113,0.0033082425799057804,"{'AUC_ROCs': [0.9976679311116817, 0.9974360543013318, 0.9947122707971823], 'S_relative_errors': [0.08095327030556414, 0.07712499363815985, 0.08828898298506073], 'X_relative_errors': [1.0255250195377614, 1.0226960001859267, 1.0254821724037455], 'Sparsity': [1.0, 1.0, 1.0], 'converged': [0, 0, 0], 'iterations': [150, 150, 150], 'primal_residual': [array(0.41292241), array(0.40878733), array(0.40812744)], 'dual_residual': [array(0.09291761), array(0.09089928), array(0.09233973)], 'times': [2.195879940642044, 2.2057689933571965, 2.280598900979385]}",1,COMPLETE
94,94,0.9954567887792135,0.09745339011803744,2024-05-20 07:02:19.797273,2024-05-20 07:02:22.379974,0 days 00:00:02.582701,0.10655858425554472,0.0020651862065083895,79.6827520210153,0.013963839954391571,0.22464705054566803,"{'AUC_ROCs': [0.997606516102447, 0.9959198997274156, 0.992843950507778], 'S_relative_errors': [0.09734335177935437, 0.09312663121774892, 0.10189018735700908], 'X_relative_errors': [1.0003206580364659, 1.0003689312038275, 1.000351983942051], 'Sparsity': [1.0, 1.0, 1.0], 'converged': [0, 0, 0], 'iterations': [150, 150, 150], 'primal_residual': [array(0.04603265), array(0.04181288), array(0.04324172)], 'dual_residual': [array(0.02564571), array(0.025282), array(0.02389055)], 'times': [2.297824452398345, 2.355170377297327, 2.188698987243697]}",1,COMPLETE
95,95,0.8159510315416604,0.9982323709035498,2024-05-20 07:02:22.400273,2024-05-20 07:02:25.003094,0 days 00:00:02.602821,4.799395516555419,7.208214920663513e-05,3.236105962004946,0.002391446326756131,6.855394602396122,"{'AUC_ROCs': [0.8348361159310034, 0.8055893755099585, 0.8074276031840193], 'S_relative_errors': [0.9969687681951401, 0.9977708852101115, 0.9999574593053977], 'X_relative_errors': [8.510920042505157, 8.827219901292663, 8.13188752257089], 'Sparsity': [1.0, 1.0, 1.0], 'converged': [0, 0, 0], 'iterations': [150, 150, 150], 'primal_residual': [array(0.00333575), array(0.00274376), array(0.00245107)], 'dual_residual': [array(7.77127834e-05), array(6.86990984e-05), array(0.00012959)], 'times': [2.2521616860758513, 2.31952569889836, 2.269761657807976]}",1,COMPLETE
96,96,0.9966568861830774,0.08266508696088805,2024-05-20 07:02:25.058411,2024-05-20 07:02:27.606518,0 days 00:00:02.548107,0.393506372789592,0.0028414341923922713,11.452037369640257,1.7890204278086392,0.003933265426732642,"{'AUC_ROCs': [0.9976892407264827, 0.9968771538382231, 0.9954042639845265], 'S_relative_errors': [0.08309427649969242, 0.07871359250568648, 0.08618739187728522], 'X_relative_errors': [0.9998986552346086, 0.9998790189612534, 0.9998834031900737], 'Sparsity': [1.0, 1.0, 1.0], 'converged': [0, 0, 0], 'iterations': [150, 150, 150], 'primal_residual': [array(0.00807132), array(0.00785444), array(0.00613679)], 'dual_residual': [array(0.00495876), array(0.00485671), array(0.00482547)], 'times': [2.256792403990403, 2.223253673641011, 2.1624787806067616]}",1,COMPLETE
97,97,0.9967911826375495,0.076106653287084,2024-05-20 07:02:27.659133,2024-05-20 07:02:30.131008,0 days 00:00:02.471875,0.5161892161942322,2.0116877839921724e-05,0.0370693758490947,56.18829832353644,0.08116454622299518,"{'AUC_ROCs': [0.9978870159798606, 0.9970618800899627, 0.9954246518428252], 'S_relative_errors': [0.07531141236840103, 0.07260333745503782, 0.08040521003781319], 'X_relative_errors': [1.0232952651170615, 1.0218142697830908, 1.017814077476891], 'Sparsity': [1.0, 1.0, 1.0], 'converged': [0, 0, 0], 'iterations': [150, 150, 150], 'primal_residual': [array(0.46700599), array(0.44259372), array(0.42850768)], 'dual_residual': [array(0.0588558), array(0.06964957), array(0.06578357)], 'times': [2.192610881058499, 2.179657174507156, 2.1952472659759223]}",1,COMPLETE
98,98,0.9976113583254892,0.13742005857212544,2024-05-20 07:02:30.182286,2024-05-20 07:02:32.728131,0 days 00:00:02.545845,0.04007577145371865,0.5301639159633652,0.9308464679005473,0.013963839954391571,20.915542210365654,"{'AUC_ROCs': [0.998351284523027, 0.9980741904693926, 0.996408599984048], 'S_relative_errors': [0.1348092586961095, 0.13791435974451777, 0.13953655727574907], 'X_relative_errors': [0.9226767920832517, 0.90352738576994, 0.9014811419271141], 'Sparsity': [1.0, 1.0, 1.0], 'converged': [0, 0, 0], 'iterations': [150, 150, 150], 'primal_residual': [array(0.12170882), array(0.10899811), array(0.1068888)], 'dual_residual': [array(0.05270053), array(0.0514324), array(0.049987)], 'times': [2.246639193734154, 2.218523721443489, 2.2209819240961224]}",1,COMPLETE
99,99,0.9952518535986837,0.10255468911827857,2024-05-20 07:02:32.772662,2024-05-20 07:02:35.291261,0 days 00:00:02.518599,0.04664835346784364,2.0116877839921724e-05,0.0370693758490947,56.18829832353644,2.5797844699900474,"{'AUC_ROCs': [0.9966728300251303, 0.996041509509661, 0.9930412212612598], 'S_relative_errors': [0.10220310982316107, 0.09847019178150097, 0.10699076575017367], 'X_relative_errors': [1.0001154529957785, 1.0001431178101765, 1.0001307594084516], 'Sparsity': [1.0, 1.0, 1.0], 'converged': [0, 0, 0], 'iterations': [150, 150, 150], 'primal_residual': [array(0.02708859), array(0.02605403), array(0.0250088)], 'dual_residual': [array(0.0037587), array(0.00378315), array(0.00403008)], 'times': [2.1270762449130416, 2.2097833710722625, 2.137114893645048]}",1,COMPLETE
100,100,0.9976568934181209,0.0686078837421547,2024-05-20 07:02:35.354392,2024-05-20 07:02:37.917582,0 days 00:00:02.563190,0.5099530630699535,0.037540918977266496,3.537843925200938,94.97397105638937,0.0013358625583345415,"{'AUC_ROCs': [0.9985538792985736, 0.997855727069539, 0.9965610738862504], 'S_relative_errors': [0.06751125025132695, 0.0661486263811977, 0.07216377459393943], 'X_relative_errors': [0.9998354382637058, 0.9996705478792152, 1.000211234480841], 'Sparsity': [1.0, 1.0, 1.0], 'converged': [0, 0, 0], 'iterations': [150, 150, 150], 'primal_residual': [array(0.07560926), array(0.06975015), array(0.0681752)], 'dual_residual': [array(0.00814146), array(0.0118023), array(0.01027084)], 'times': [2.1724453440401703, 2.2701480633113533, 2.1816016724333167]}",2,COMPLETE
101,101,0.9945867316925412,0.10517797008656593,2024-05-20 07:02:37.940551,2024-05-20 07:02:40.416896,0 days 00:00:02.476345,0.0061588405802445005,2.0116877839921724e-05,16.766782484984567,0.0029616720815949155,2.5797844699900474,"{'AUC_ROCs': [0.996956961196024, 0.9949452691251037, 0.9918579647564958], 'S_relative_errors': [0.10479944116354206, 0.1010167403807782, 0.10971772871537754], 'X_relative_errors': [0.9989807272821478, 0.9989606423301532, 0.9990405244612551], 'Sparsity': [1.0, 1.0, 1.0], 'converged': [0, 0, 0], 'iterations': [150, 150, 150], 'primal_residual': [array(0.01538281), array(0.01522167), array(0.01567566)], 'dual_residual': [array(0.00764996), array(0.00736054), array(0.00722611)], 'times': [2.1490244455635548, 2.157210057368502, 2.2193980030715466]}",2,COMPLETE
102,102,0.9797290930261457,0.5296372844945519,2024-05-20 07:02:40.460012,2024-05-20 07:02:43.044390,0 days 00:00:02.584378,0.012085670280607749,0.27553031819843915,0.09210703797475127,0.7374933978932761,1.4571816955791315,"{'AUC_ROCs': [0.9803258987295548, 0.9799145806479604, 0.9789467997009221], 'S_relative_errors': [0.5254798684340739, 0.5290313243680795, 0.5344006606815023], 'X_relative_errors': [4.711573332245325, 4.919530657658906, 4.574956534124336], 'Sparsity': [1.0, 1.0, 1.0], 'converged': [0, 0, 0], 'iterations': [150, 150, 150], 'primal_residual': [array(0.00906868), array(0.01285523), array(0.01196703)], 'dual_residual': [array(0.00491435), array(0.00436532), array(0.00382019)], 'times': [2.2570188229437917, 2.300900875357911, 2.270691138925031]}",2,COMPLETE
103,103,0.9951637453195329,0.10016233831531197,2024-05-20 07:02:43.098719,2024-05-20 07:02:45.518450,0 days 00:00:02.419731,0.04664835346784364,0.004790872453666779,72.40169515092484,27.04348727182763,1.4571816955791315,"{'AUC_ROCs': [0.996865756615596, 0.9961519217823459, 0.9924735575606568], 'S_relative_errors': [0.09965422845621673, 0.0960895825049104, 0.10474320398480878], 'X_relative_errors': [1.0000894583565436, 1.0000995744209817, 1.0001054233533455], 'Sparsity': [1.0, 1.0, 1.0], 'converged': [0, 0, 0], 'iterations': [150, 150, 150], 'primal_residual': [array(0.00564206), array(0.00559086), array(0.0054754)], 'dual_residual': [array(0.00079551), array(0.0007866), array(0.00076974)], 'times': [2.1099991528317332, 2.1030616057105362, 2.1330726272426546]}",2,COMPLETE
104,104,0.9793368152317553,0.5349215095469916,2024-05-20 07:02:45.558497,2024-05-20 07:02:48.074625,0 days 00:00:02.516128,0.059179174459356866,35.07010179478957,22.325540928611694,0.013963839954391571,20.915542210365654,"{'AUC_ROCs': [0.9799781402317478, 0.9795038777835159, 0.9785284276800024], 'S_relative_errors': [0.5319359018919326, 0.5341818805447575, 0.5386467462042845], 'X_relative_errors': [1.8161776826357798, 1.8712258736192182, 1.7383912549376817], 'Sparsity': [1.0, 1.0, 1.0], 'converged': [0, 0, 0], 'iterations': [150, 150, 150], 'primal_residual': [array(0.18436897), array(0.18844221), array(0.18558661)], 'dual_residual': [array(0.00346821), array(0.00337145), array(0.00318638)], 'times': [2.207304960116744, 2.2047430665697902, 2.2518113092519343]}",2,COMPLETE
105,105,0.9686285180827429,0.9549946337018614,2024-05-20 07:02:48.127386,2024-05-20 07:02:50.689957,0 days 00:00:02.562571,0.10655858425554472,0.0020651862065083895,0.26355297174893466,0.013963839954391571,0.1547184381731379,"{'AUC_ROCs': [0.9707821660333285, 0.9684075073580969, 0.9666958808568034], 'S_relative_errors': [0.9516302246912576, 0.9580357596857103, 0.9553179167286163], 'X_relative_errors': [9.000048923409743, 9.399676080142477, 8.63150677834548], 'Sparsity': [1.0, 1.0, 1.0], 'converged': [0, 0, 0], 'iterations': [150, 150, 150], 'primal_residual': [array(0.0084465), array(0.01011626), array(0.00918768)], 'dual_residual': [array(0.00935989), array(0.00848423), array(0.00818297)], 'times': [2.255217607365921, 2.2686973058152944, 2.274060701020062]}",2,COMPLETE
106,106,0.9983867565696235,0.07252564216907299,2024-05-20 07:02:50.747425,2024-05-20 07:02:53.189912,0 days 00:00:02.442487,0.393506372789592,0.15071950465548065,10.764683032591554,0.009401827367446252,66.40252805137119,"{'AUC_ROCs': [0.9991748774656709, 0.9987183446719634, 0.9972670475712361], 'S_relative_errors': [0.0716601428524385, 0.07220212685871753, 0.07371465679606297], 'X_relative_errors': [0.9978375250350057, 0.9983294704693543, 0.9979457498354606], 'Sparsity': [1.0, 1.0, 1.0], 'converged': [0, 0, 0], 'iterations': [150, 150, 150], 'primal_residual': [array(0.07015909), array(0.06095959), array(0.0629759)], 'dual_residual': [array(0.00517901), array(0.00475532), array(0.0049424)], 'times': [2.1476050787605345, 2.142663426697254, 2.154516408685595]}",2,COMPLETE
107,107,0.995304010149365,0.10567919162585487,2024-05-20 07:02:53.249271,2024-05-20 07:02:55.731740,0 days 00:00:02.482469,0.015781078314458883,0.0028414341923922713,0.0875892052529844,0.010417663786691171,18.400838270194697,"{'AUC_ROCs': [0.9964686497552472, 0.9954771426652056, 0.9939662380276423], 'S_relative_errors': [0.10274271296493859, 0.10653917472010711, 0.10775568719251892], 'X_relative_errors': [1.000393336833494, 1.0766727944172612, 1.0000956014281026], 'Sparsity': [1.0, 1.0, 1.0], 'converged': [0, 0, 0], 'iterations': [150, 150, 150], 'primal_residual': [array(0.13385298), array(0.79576676), array(0.13082758)], 'dual_residual': [array(0.20698366), array(0.13303557), array(0.2021629)], 'times': [2.1801036035176367, 2.189062566263601, 2.1925902306102216]}",2,COMPLETE
