,number,values_0,values_1,datetime_start,datetime_complete,duration,params_lda1,params_ldag,params_psi_1,params_psi_2,params_psi_3,user_attrs_metrics,system_attrs_nsga2:generation,state
81,81,0.9932810045654571,0.7193743909933378,2024-05-20 04:02:38.012789,2024-05-20 04:02:40.681702,0 days 00:00:02.668913,0.00017678098205531863,0.0007229263586612959,0.10427371719892359,0.02969833705852503,0.005034662581416053,"{'AUC_ROCs': [0.9953854300642172, 0.9928811091783916, 0.9915764744537628], 'S_relative_errors': [0.6980834174564685, 0.7156775781692293, 0.7443621773543154], 'X_relative_errors': [4.14354658121282, 4.64032300250447, 4.991183726156064], 'Sparsity': [1.0, 1.0, 1.0], 'converged': [0, 0, 0], 'iterations': [150, 150, 150], 'primal_residual': [array(0.02047054), array(0.0220103), array(0.02450151)], 'dual_residual': [array(0.03596678), array(0.03595097), array(0.03359167)], 'times': [2.3133693479467183, 2.226921915076673, 2.381725932005793]}",1,COMPLETE
82,82,0.9842434208356324,0.6276822336436171,2024-05-20 04:02:40.726505,2024-05-20 04:02:43.201158,0 days 00:00:02.474653,0.1272662077600238,13.444158132041716,36.458996116593376,12.155432225762077,13.211597034191083,"{'AUC_ROCs': [0.9809155953628327, 0.9840443005850557, 0.9877703665590093], 'S_relative_errors': [0.6752792963606291, 0.6390636183586333, 0.5687037862115888], 'X_relative_errors': [0.9987557508191334, 0.9976662898941595, 0.9977465823162314], 'Sparsity': [1.0, 1.0, 1.0], 'converged': [0, 0, 0], 'iterations': [150, 150, 150], 'primal_residual': [array(0.10920762), array(0.11066304), array(0.08611868)], 'dual_residual': [array(0.00255231), array(0.0029454), array(0.00462689)], 'times': [2.1248209518380463, 2.2212363318540156, 2.1643521890509874]}",1,COMPLETE
83,83,0.996728108038402,0.15441886199914834,2024-05-20 04:02:43.238097,2024-05-20 04:02:45.717587,0 days 00:00:02.479490,0.004069066638959273,9.765486075958088e-05,7.0999627096437425,0.008515860577848837,0.9035336912685722,"{'AUC_ROCs': [0.9981331286769809, 0.9969046526858047, 0.9951465427524203], 'S_relative_errors': [0.1654898575436833, 0.15132427275051466, 0.14644245570324702], 'X_relative_errors': [0.9996660770112643, 0.9996279935925878, 0.9996659842077831], 'Sparsity': [1.0, 1.0, 1.0], 'converged': [0, 0, 0], 'iterations': [150, 150, 150], 'primal_residual': [array(0.00399663), array(0.00482825), array(0.00570985)], 'dual_residual': [array(0.00183992), array(0.00180243), array(0.00187612)], 'times': [2.130213921191171, 2.1331018831115216, 2.2110193928238004]}",1,COMPLETE
84,84,0.9968162135487647,0.10820433953873759,2024-05-20 04:02:45.756984,2024-05-20 04:02:48.419346,0 days 00:00:02.662362,0.040282813119305136,0.07217834234817547,0.6373457382551574,12.55774068205505,0.004124381948282829,"{'AUC_ROCs': [0.9980223653337296, 0.995495601827813, 0.9969306734847516], 'S_relative_errors': [0.11489180508451546, 0.10399060101173865, 0.10573061251995866], 'X_relative_errors': [0.9966846355301016, 0.9880189916710395, 0.9837636919400339], 'Sparsity': [1.0, 1.0, 1.0], 'converged': [0, 0, 0], 'iterations': [150, 150, 150], 'primal_residual': [array(0.06243006), array(0.06259878), array(0.04295891)], 'dual_residual': [array(0.01558314), array(0.02987294), array(0.03934998)], 'times': [2.153104835189879, 2.34799024136737, 2.184513696702197]}",1,COMPLETE
85,85,0.9959270759461477,0.15277682485583702,2024-05-20 04:02:48.469285,2024-05-20 04:02:50.962339,0 days 00:00:02.493054,0.006418155763481803,0.000313798821572965,1.194562920382072,0.36611105554051826,0.003399624360714066,"{'AUC_ROCs': [0.9978716883296782, 0.9949726640290635, 0.9949368754797018], 'S_relative_errors': [0.16352184504446926, 0.14966364451566888, 0.14514498500737297], 'X_relative_errors': [1.0000623197160128, 1.0000199497800972, 1.00042211001722], 'Sparsity': [1.0, 1.0, 1.0], 'converged': [0, 0, 0], 'iterations': [150, 150, 150], 'primal_residual': [array(0.03811393), array(0.07008209), array(0.0851392)], 'dual_residual': [array(0.00950341), array(0.01071884), array(0.04541049)], 'times': [2.189034059178084, 2.188871609745547, 2.220756718888879]}",1,COMPLETE
86,86,0.996962234611701,0.09970248019431588,2024-05-20 04:02:51.008149,2024-05-20 04:02:53.689702,0 days 00:00:02.681553,0.11699397682071314,0.0004062751067826483,79.59500711071159,0.0034053725168584925,0.010763228582021882,"{'AUC_ROCs': [0.9989485004233367, 0.9956259979231266, 0.9963122054886396], 'S_relative_errors': [0.10543698113890639, 0.09525362750772648, 0.09841683193631479], 'X_relative_errors': [1.0174765617516228, 1.0221409563481851, 1.0264235601642298], 'Sparsity': [1.0, 1.0, 1.0], 'converged': [0, 0, 0], 'iterations': [150, 150, 150], 'primal_residual': [array(0.43628742), array(0.45797885), array(0.53364245)], 'dual_residual': [array(0.14778693), array(0.15587939), array(0.16606311)], 'times': [2.1701931327115744, 2.43494571512565, 2.214304825523868]}",1,COMPLETE
87,87,0.9961741117117032,0.14154330871217716,2024-05-20 04:02:53.726188,2024-05-20 04:02:56.125421,0 days 00:00:02.399233,0.003244381389770755,0.02658654050742191,1.7122151278016735,2.282824339222896,1.41445054565085,"{'AUC_ROCs': [0.9977767026408025, 0.9958911985995744, 0.9948544338947329], 'S_relative_errors': [0.15248240316561432, 0.13892525005058778, 0.13322227292032943], 'X_relative_errors': [1.0000022743859467, 0.999971072065609, 1.000021065473969], 'Sparsity': [1.0, 1.0, 1.0], 'converged': [0, 0, 0], 'iterations': [150, 150, 150], 'primal_residual': [array(0.00821931), array(0.00942934), array(0.00842276)], 'dual_residual': [array(0.00082198), array(0.00088025), array(0.00088764)], 'times': [2.1189800414722413, 2.1216580690816045, 2.1389241530559957]}",1,COMPLETE
88,88,0.9976301194974315,0.11606631440514453,2024-05-20 04:02:56.175325,2024-05-20 04:02:58.648513,0 days 00:00:02.473188,0.03711126879550232,0.34618617094716264,0.0023241493843806594,29.08036445306158,0.009145222651148472,"{'AUC_ROCs': [0.9988877131443691, 0.9972248507664571, 0.9967777945814682], 'S_relative_errors': [0.12856590040601246, 0.11115068457372118, 0.10848235823569997], 'X_relative_errors': [1.0211136098281848, 1.0234318169429397, 1.0284443261401046], 'Sparsity': [1.0, 1.0, 1.0], 'converged': [0, 0, 0], 'iterations': [150, 150, 150], 'primal_residual': [array(0.45870145), array(0.4791501), array(0.58606354)], 'dual_residual': [array(0.122365), array(0.12953135), array(0.13395632)], 'times': [2.1656712379772216, 2.1891215471550822, 2.2194982760120183]}",1,COMPLETE
89,89,0.9851502591908189,0.6714782252781953,2024-05-20 04:02:58.696988,2024-05-20 04:03:01.315854,0 days 00:00:02.618866,0.0018099842524826948,0.11399613925059907,1.1838224495360532,0.021495880730519733,0.004435587161909519,"{'AUC_ROCs': [0.9819524303828508, 0.9853856188247611, 0.9881127283648445], 'S_relative_errors': [0.6756556844678624, 0.6718111691049596, 0.6669678222617641], 'X_relative_errors': [3.9530601588481096, 4.303814214523966, 4.425295544671397], 'Sparsity': [1.0, 1.0, 1.0], 'converged': [0, 0, 0], 'iterations': [150, 150, 150], 'primal_residual': [array(0.04785633), array(0.04765808), array(0.04997568)], 'dual_residual': [array(0.03512862), array(0.03532685), array(0.04336618)], 'times': [2.3566499517764896, 2.2221768072340637, 2.2388299447484314]}",1,COMPLETE
90,90,0.9962610248485723,0.09234904146109256,2024-05-20 04:03:01.363492,2024-05-20 04:03:03.846460,0 days 00:00:02.482968,0.1272662077600238,0.028685464159191154,36.458996116593376,0.002100999406784722,56.78496112431386,"{'AUC_ROCs': [0.998425175838848, 0.9946601023843542, 0.9956977963225148], 'S_relative_errors': [0.09641317696101423, 0.08803900608621669, 0.09259494133604673], 'X_relative_errors': [0.9998199454350553, 0.9998276744735336, 0.9998298256492855], 'Sparsity': [1.0, 1.0, 1.0], 'converged': [0, 0, 0], 'iterations': [150, 150, 150], 'primal_residual': [array(0.0132577), array(0.01414142), array(0.01295552)], 'dual_residual': [array(0.01799315), array(0.01885405), array(0.02085675)], 'times': [2.108488194877282, 2.228884691838175, 2.1633821583818644]}",1,COMPLETE
91,91,0.9969691549634936,0.1623334808181437,2024-05-20 04:03:03.895858,2024-05-20 04:03:06.395237,0 days 00:00:02.499379,0.0018099842524826948,0.000313798821572965,1.1838224495360532,0.021495880730519733,0.15498804246284067,"{'AUC_ROCs': [0.9980987251872487, 0.9962906024754776, 0.9965181372277546], 'S_relative_errors': [0.16701270233478216, 0.15319270038304683, 0.16679503973660206], 'X_relative_errors': [1.0001943613652744, 1.0027307123875426, 1.1244836504692528], 'Sparsity': [1.0, 1.0, 1.0], 'converged': [0, 0, 0], 'iterations': [150, 150, 150], 'primal_residual': [array(0.09206017), array(0.22552291), array(0.04795307)], 'dual_residual': [array(0.01826391), array(0.04042955), array(0.10571421)], 'times': [2.2888720706105232, 2.2344267226289958, 2.240359653485939]}",1,COMPLETE
92,92,0.9964758018721489,0.15422402448576286,2024-05-20 04:03:06.436009,2024-05-20 04:03:08.810961,0 days 00:00:02.374952,0.004069066638959273,0.0005473128625432983,0.16458102870623195,29.08036445306158,0.9035336912685722,"{'AUC_ROCs': [0.9984647387052121, 0.9947863456119321, 0.9961763212993023], 'S_relative_errors': [0.16519447611058616, 0.1512539499000837, 0.1462236474466187], 'X_relative_errors': [0.9999848032324093, 0.9999979622261775, 0.9999826116262005], 'Sparsity': [1.0, 1.0, 1.0], 'converged': [0, 0, 0], 'iterations': [150, 150, 150], 'primal_residual': [array(0.00350502), array(0.00381567), array(0.00841826)], 'dual_residual': [array(0.002261), array(0.00267197), array(0.0023278)], 'times': [2.1218929367605597, 2.1338647948578, 2.1183388382196426]}",1,COMPLETE
93,93,0.997568008728075,0.27322249091018536,2024-05-20 04:03:08.854326,2024-05-20 04:03:11.304314,0 days 00:00:02.449988,0.2199162875730178,1.386069080450893,2.3328452674171776,0.015424108943397047,86.57533827806155,"{'AUC_ROCs': [0.997741830975419, 0.9972976006614636, 0.997664594547343], 'S_relative_errors': [0.28389366207863787, 0.2833715371022088, 0.25240227354970945], 'X_relative_errors': [0.9940057841272509, 0.9918406311164022, 0.9936813902225912], 'Sparsity': [1.0, 1.0, 1.0], 'converged': [0, 0, 0], 'iterations': [150, 150, 150], 'primal_residual': [array(0.16700715), array(0.16173975), array(0.1913379)], 'dual_residual': [array(0.01117594), array(0.01296263), array(0.01777625)], 'times': [2.1658334764651954, 2.192992738680914, 2.1902761452365667]}",1,COMPLETE
94,94,0.9911824090048307,0.4611471127462035,2024-05-20 04:03:11.356355,2024-05-20 04:03:13.915467,0 days 00:00:02.559112,0.1398767387505024,0.07217834234817547,0.04014166933065742,0.013098427179020478,2.540276604144268,"{'AUC_ROCs': [0.9967485322433604, 0.9952578708340228, 0.981540823937109], 'S_relative_errors': [0.35805313284718193, 0.4619165545837467, 0.563471650807682], 'X_relative_errors': [1.9395594510600354, 2.773029001321473, 3.5364145268630525], 'Sparsity': [1.0, 1.0, 1.0], 'converged': [0, 0, 0], 'iterations': [150, 150, 150], 'primal_residual': [array(0.04313948), array(0.03267158), array(0.02432455)], 'dual_residual': [array(0.03763177), array(0.03296257), array(0.02781884)], 'times': [2.2064738059416413, 2.2864693326409906, 2.3028068537823856]}",1,COMPLETE
95,95,0.8173271125732408,0.9514301396971777,2024-05-20 04:03:13.966554,2024-05-20 04:03:16.661980,0 days 00:00:02.695426,0.7809754980609834,98.86142454119296,29.301443677866132,0.27412829661425453,0.017699477369511073,"{'AUC_ROCs': [0.7550029772935714, 0.8191863825513386, 0.8777919778748123], 'S_relative_errors': [0.9350479204261166, 0.9480089707091008, 0.9712335279563158], 'X_relative_errors': [4.336606173427893, 4.9748417418465225, 5.546817281161216], 'Sparsity': [1.0, 1.0, 1.0], 'converged': [0, 0, 0], 'iterations': [150, 150, 150], 'primal_residual': [array(0.03406099), array(0.03723042), array(0.03467905)], 'dual_residual': [array(0.01739795), array(0.01374668), array(0.01746055)], 'times': [2.3237801222130656, 2.462656814372167, 2.2639787984080613]}",1,COMPLETE
96,96,0.9961702859265401,0.14791166118056576,2024-05-20 04:03:16.722297,2024-05-20 04:03:19.191955,0 days 00:00:02.469658,0.013748971787608737,0.0004062751067826483,79.59500711071159,3.6049973255232675,6.519429652936881,"{'AUC_ROCs': [0.9978212063118804, 0.9946975436420832, 0.9959921078256568], 'S_relative_errors': [0.15841967154656636, 0.14479693993787335, 0.14051837205725762], 'X_relative_errors': [1.0000734847354111, 1.0000731055187528, 1.0000821371426605], 'Sparsity': [1.0, 1.0, 1.0], 'converged': [0, 0, 0], 'iterations': [150, 150, 150], 'primal_residual': [array(0.00147955), array(0.00164357), array(0.00161053)], 'dual_residual': [array(0.00128679), array(0.00129215), array(0.00137603)], 'times': [2.2965495691169053, 2.188597697764635, 2.0887637042906135]}",1,COMPLETE
97,97,0.9963135811414133,0.14315920382648165,2024-05-20 04:03:19.236897,2024-05-20 04:03:21.820758,0 days 00:00:02.583861,0.002916370341172764,0.02235868892012935,7.713108376605919,0.0029920839573916278,1.41445054565085,"{'AUC_ROCs': [0.9979872602551249, 0.9954711180607618, 0.9954823651083534], 'S_relative_errors': [0.1526408685072859, 0.14011436115776085, 0.1367223818143982], 'X_relative_errors': [0.9995355971238691, 0.9994619361366262, 0.9994118045550352], 'Sparsity': [1.0, 1.0, 1.0], 'converged': [0, 0, 0], 'iterations': [150, 150, 150], 'primal_residual': [array(0.0091848), array(0.0105774), array(0.01253477)], 'dual_residual': [array(0.00286385), array(0.00285079), array(0.0024641)], 'times': [2.1194702100474387, 2.1942933772224933, 2.3255573988426477]}",1,COMPLETE
98,98,0.9973672872544039,0.5044133232581841,2024-05-20 04:03:21.871924,2024-05-20 04:03:24.438173,0 days 00:00:02.566249,1.9985808743762576,2.3280938725484543e-05,0.00456115168004276,18.789940226995963,61.02671387249926,"{'AUC_ROCs': [0.9991846296028535, 0.9968242749989449, 0.9960929571614133], 'S_relative_errors': [0.5020894678084324, 0.5029521753583989, 0.508198326607721], 'X_relative_errors': [0.9993248345995505, 0.9986727665792046, 0.9982961607264329], 'Sparsity': [1.0, 1.0, 1.0], 'converged': [0, 0, 0], 'iterations': [150, 150, 150], 'primal_residual': [array(0.02421402), array(0.02609956), array(0.02571511)], 'dual_residual': [array(0.00703694), array(0.00598479), array(0.00761691)], 'times': [2.1867397895548493, 2.164597612572834, 2.292066722176969]}",1,COMPLETE
99,99,0.9963971851203205,0.14847835133015538,2024-05-20 04:03:24.459925,2024-05-20 04:03:26.955325,0 days 00:00:02.495400,0.003244381389770755,0.011338346237143257,16.14515514806236,7.29441265073735,1.4914024439834233,"{'AUC_ROCs': [0.9984438853251855, 0.9962590132665736, 0.9944886567692026], 'S_relative_errors': [0.1590671084094336, 0.14567696391295248, 0.14069098166808006], 'X_relative_errors': [1.000079973599395, 1.0000959828384977, 1.0000896339644987], 'Sparsity': [1.0, 1.0, 1.0], 'converged': [0, 0, 0], 'iterations': [150, 150, 150], 'primal_residual': [array(0.0029457), array(0.00335749), array(0.00341078)], 'dual_residual': [array(0.00077665), array(0.00076067), array(0.00069992)], 'times': [2.2585677180904895, 2.121046852786094, 2.0760388139169663]}",1,COMPLETE
100,100,0.8898977124910857,0.999383839177512,2024-05-20 04:03:26.997661,2024-05-20 04:03:29.589516,0 days 00:00:02.591855,6.560955097439792,0.0005473128625432983,79.59500711071159,0.0032734969177197126,0.9035336912685722,"{'AUC_ROCs': [0.8838752400612816, 0.9012093583050518, 0.884608539106924], 'S_relative_errors': [0.9993740814549454, 0.9989375288652593, 0.9998399072123312], 'X_relative_errors': [3.1498326678668382, 3.8237583066824365, 4.376697768858353], 'Sparsity': [1.0, 1.0, 1.0], 'converged': [0, 0, 0], 'iterations': [150, 150, 150], 'primal_residual': [array(0.02507865), array(0.0224097), array(0.03763002)], 'dual_residual': [array(0.12006486), array(0.05964298), array(0.07779394)], 'times': [2.1960323746316135, 2.3051038603298366, 2.254888161085546]}",2,COMPLETE
101,101,0.9977492581454289,0.03446250890091616,2024-05-20 04:03:29.644046,2024-05-20 04:03:32.175591,0 days 00:00:02.531545,0.11699397682071314,0.0004062751067826483,1.8477636436635199,3.6049973255232675,0.014551485485213109,"{'AUC_ROCs': [0.999018010340883, 0.9978288948253533, 0.9964008692700503], 'S_relative_errors': [0.03392681572122981, 0.03325571789246635, 0.03620499308905232], 'X_relative_errors': [0.2653670698728491, 0.2745465544167369, 0.29514068053925424], 'Sparsity': [1.0, 1.0, 1.0], 'converged': [0, 0, 0], 'iterations': [150, 150, 150], 'primal_residual': [array(0.01227672), array(0.0145121), array(0.01788742)], 'dual_residual': [array(0.00048607), array(0.00052967), array(0.00060418)], 'times': [2.1983339569997042, 2.307970084482804, 2.259586826665327]}",2,COMPLETE
102,102,0.9960745883876538,0.8709504675176852,2024-05-20 04:03:32.203273,2024-05-20 04:03:34.804681,0 days 00:00:02.601408,0.0018099842524826948,2.1434248435616814e-05,0.002844915424272153,0.021495880730519733,0.010763228582021882,"{'AUC_ROCs': [0.9985565132757864, 0.9941036094636956, 0.9955636424234796], 'S_relative_errors': [0.8653584789101254, 0.8688927538750337, 0.8786001697678969], 'X_relative_errors': [5.134733434039938, 5.631828870796034, 5.889147355695898], 'Sparsity': [1.0, 1.0, 1.0], 'converged': [0, 0, 0], 'iterations': [150, 150, 150], 'primal_residual': [array(0.00163533), array(0.00160178), array(0.00166978)], 'dual_residual': [array(0.00566469), array(0.00549489), array(0.0048947)], 'times': [2.3725941157899797, 2.3150108617264777, 2.2852550074458122]}",2,COMPLETE
103,103,0.9944992211278557,0.8794541593614754,2024-05-20 04:03:34.843874,2024-05-20 04:03:37.311762,0 days 00:00:02.467888,3.8743051234818187,2.3280938725484543e-05,0.009990986596066793,18.789940226995963,61.02671387249926,"{'AUC_ROCs': [0.9970357357435882, 0.9940534675682441, 0.9924084600717347], 'S_relative_errors': [0.8786779202361364, 0.8800781159556923, 0.8796064418925977], 'X_relative_errors': [0.9985133807565808, 0.9979131269806194, 1.002523376888533], 'Sparsity': [1.0, 1.0, 1.0], 'converged': [0, 0, 0], 'iterations': [150, 150, 150], 'primal_residual': [array(0.02747633), array(0.03794598), array(0.06533033)], 'dual_residual': [array(0.00485334), array(0.00511747), array(0.00794922)], 'times': [2.2181966034695506, 2.227828067028895, 2.2226514217909425]}",2,COMPLETE
104,104,0.9967256490396719,0.10658801957488483,2024-05-20 04:03:37.361962,2024-05-20 04:03:39.825953,0 days 00:00:02.463991,0.03711126879550232,0.08624997545795615,43.389178640573604,6.907778949520973,0.009145222651148472,"{'AUC_ROCs': [0.9979204932802282, 0.9959046994330425, 0.9963517544057449], 'S_relative_errors': [0.11184892777376931, 0.10452438634150818, 0.10339074460937699], 'X_relative_errors': [0.9993995217354118, 0.9993627568866992, 0.9993822718990658], 'Sparsity': [1.0, 1.0, 1.0], 'converged': [0, 0, 0], 'iterations': [150, 150, 150], 'primal_residual': [array(0.03329072), array(0.03847682), array(0.04031497)], 'dual_residual': [array(0.00765763), array(0.00854715), array(0.00964517)], 'times': [2.113575782859698, 2.196087560383603, 2.1517368180211633]}",2,COMPLETE
105,105,0.9965918718405172,0.10788133864179116,2024-05-20 04:03:39.879854,2024-05-20 04:03:42.310013,0 days 00:00:02.430159,0.05237427971321334,0.04902971075831403,1.941519674408228,0.0029920839573916278,12.287191699552148,"{'AUC_ROCs': [0.9989116589122725, 0.9948621468706538, 0.9960018097386258], 'S_relative_errors': [0.11338000286910284, 0.10676277169019482, 0.1035012413660758], 'X_relative_errors': [0.9998227283620303, 0.9996292217229497, 0.9996426530231034], 'Sparsity': [1.0, 1.0, 1.0], 'converged': [0, 0, 0], 'iterations': [150, 150, 150], 'primal_residual': [array(0.03411584), array(0.04316994), array(0.03997796)], 'dual_residual': [array(0.00534095), array(0.00514372), array(0.01056846)], 'times': [2.163298742379993, 2.1461168131791055, 2.1624645690899342]}",2,COMPLETE
106,106,0.9972653420983087,0.07412730128320494,2024-05-20 04:03:42.366185,2024-05-20 04:03:44.817810,0 days 00:00:02.451625,0.03711126879550232,0.1132819675019562,1.941519674408228,0.0029920839573916278,6.468645244997454,"{'AUC_ROCs': [0.9981169530058408, 0.9968133994990498, 0.9968656737900352], 'S_relative_errors': [0.08365031656727633, 0.07222338219193251, 0.06650820509040596], 'X_relative_errors': [0.6594791243576592, 0.6559252040489302, 0.5961698148351979], 'Sparsity': [1.0, 1.0, 1.0], 'converged': [0, 0, 0], 'iterations': [150, 150, 150], 'primal_residual': [array(0.02950538), array(0.03610556), array(0.0296309)], 'dual_residual': [array(0.0049101), array(0.0041405), array(0.00372943)], 'times': [2.1997571743559092, 2.193391458597034, 2.2009945171885192]}",2,COMPLETE
107,107,0.9984707811642038,0.20869746480772033,2024-05-20 04:03:44.864881,2024-05-20 04:03:47.470715,0 days 00:00:02.605834,0.05237427971321334,0.07217834234817547,0.22088199358064242,0.0029920839573916278,1.41445054565085,"{'AUC_ROCs': [0.9987919300727558, 0.9978971460890305, 0.9987232673308256], 'S_relative_errors': [0.16157053982309041, 0.21685300799581617, 0.2476688466042544], 'X_relative_errors': [0.8485849488391857, 1.290299191178961, 1.5361132780912108], 'Sparsity': [1.0, 1.0, 1.0], 'converged': [0, 0, 0], 'iterations': [150, 150, 150], 'primal_residual': [array(0.05262333), array(0.05463432), array(0.05686882)], 'dual_residual': [array(0.04961737), array(0.06032112), array(0.0591417)], 'times': [2.3551570964045823, 2.2709724109154195, 2.3184046952519566]}",2,COMPLETE
