,number,values_0,values_1,datetime_start,datetime_complete,duration,params_lda1,params_ldag,params_psi_1,params_psi_2,params_psi_3,user_attrs_metrics,system_attrs_nsga2:generation,state
27,27,0.9937420396227793,0.5492830995506028,2024-05-20 07:06:09.423042,2024-05-20 07:06:11.935373,0 days 00:00:02.512331,2.9870992600924073,1.338326835416852,60.62086533153011,2.2370922834227605,0.0018714260446058032,"{'AUC_ROCs': [0.9944053762754631, 0.9939015809936474, 0.9929191615992271], 'S_relative_errors': [0.5298755947701346, 0.5635645426424907, 0.5544091612391832], 'X_relative_errors': [3.2658897283776946, 3.6967942657698813, 3.2921899036414266], 'Sparsity': [1.0, 1.0, 1.0], 'converged': [0, 0, 0], 'iterations': [150, 150, 150], 'primal_residual': [array(0.22417456), array(0.22967266), array(0.22606575)], 'dual_residual': [array(0.01956872), array(0.01772417), array(0.0178815)], 'times': [2.216056668199599, 2.212405305588618, 2.2174859654624015]}",0,COMPLETE
28,28,0.9858333236169846,1.000000081234222,2024-05-20 07:06:11.953837,2024-05-20 07:06:12.726971,0 days 00:00:00.773134,3.6215022562017922,4.586551692500391,0.0034777581416736165,0.02645094275180664,0.003403274299606573,"{'AUC_ROCs': [0.9864380412458988, 0.9865328155491082, 0.9845291140559467], 'S_relative_errors': [1.0000000814900931, 1.0000000813273058, 1.0000000808852674], 'X_relative_errors': [9.488983247437927, 9.843948356458505, 9.065322423771779], 'Sparsity': [1.0, 1.0, 1.0], 'converged': [1, 1, 1], 'iterations': [31, 31, 31], 'primal_residual': [array(0.00044103), array(0.00043646), array(0.00042781)], 'dual_residual': [array(5.59248537e-06), array(5.53571418e-06), array(5.42279561e-06)], 'times': [0.47253112704493105, 0.4686295643914491, 0.4733935841359198]}",0,COMPLETE
29,29,0.9957574786036248,0.0949888821781425,2024-05-20 07:06:12.742415,2024-05-20 07:06:15.232850,0 days 00:00:02.490435,0.16793687211681674,0.0001380879843601218,0.0019833648349955567,6.841765138938076,0.22265610112904582,"{'AUC_ROCs': [0.9972050006638856, 0.9959196746342645, 0.9941477605127244], 'S_relative_errors': [0.09465556673588604, 0.09114878877205027, 0.09916229102649121], 'X_relative_errors': [0.9997807307557571, 0.9996541224290427, 0.9996329318544593], 'Sparsity': [1.0, 1.0, 1.0], 'converged': [0, 0, 0], 'iterations': [150, 150, 150], 'primal_residual': [array(0.04467918), array(0.04403616), array(0.04558708)], 'dual_residual': [array(0.01082695), array(0.01040426), array(0.01040341)], 'times': [2.1990611515939236, 2.1911894707009196, 2.203807578422129]}",0,COMPLETE
30,30,0.9792484509466098,0.5351294317382213,2024-05-20 07:06:15.253701,2024-05-20 07:06:17.793678,0 days 00:00:02.539977,0.0697930088453506,10.185766954623455,12.436876472004675,0.44762909662491956,0.951225393429868,"{'AUC_ROCs': [0.9802422755001393, 0.9795916816067873, 0.9779113957329026], 'S_relative_errors': [0.5321504608354678, 0.5340795769243839, 0.539158257454812], 'X_relative_errors': [4.197505025463589, 4.373140826544184, 4.064625756866956], 'Sparsity': [1.0, 1.0, 1.0], 'converged': [0, 0, 0], 'iterations': [150, 150, 150], 'primal_residual': [array(0.00990224), array(0.01014396), array(0.00946926)], 'dual_residual': [array(0.00107349), array(0.00101037), array(0.00097883)], 'times': [2.2430896968580782, 2.249944598414004, 2.2638019281439483]}",0,COMPLETE
31,31,0.9946886410687391,0.10543110028967023,2024-05-20 07:06:17.808442,2024-05-20 07:06:20.223488,0 days 00:00:02.415046,0.0009459669184564668,0.0005643449217418582,0.9861309899022788,6.030279248482879,1.0405524288293062,"{'AUC_ROCs': [0.9969474648818594, 0.9948314349700056, 0.9922870233543521], 'S_relative_errors': [0.1050404721592381, 0.10128614127487698, 0.10996668743489564], 'X_relative_errors': [0.9999917176867429, 1.0000061127286626, 0.9999993170519441], 'Sparsity': [1.0, 1.0, 1.0], 'converged': [0, 0, 0], 'iterations': [150, 150, 150], 'primal_residual': [array(0.00243271), array(0.00240882), array(0.00240352)], 'dual_residual': [array(0.00084352), array(0.00083112), array(0.00083254)], 'times': [2.1212544695008546, 2.121898407349363, 2.1359463043045253]}",0,COMPLETE
32,32,0.9968092849952247,0.08086116695449845,2024-05-20 07:06:20.242353,2024-05-20 07:06:22.789209,0 days 00:00:02.546856,0.0005413107862042717,0.1448594606736267,0.010211182725751031,0.006447756198793428,13.753314818639938,"{'AUC_ROCs': [0.9985118690510421, 0.9967110444228915, 0.9952049415117408], 'S_relative_errors': [0.07923730793777817, 0.07829027266497343, 0.08505592026074375], 'X_relative_errors': [1.0056154731956304, 1.005390680094325, 1.0164888171693878], 'Sparsity': [1.0, 1.0, 1.0], 'converged': [0, 0, 0], 'iterations': [150, 150, 150], 'primal_residual': [array(0.72506071), array(0.71185574), array(0.70694151)], 'dual_residual': [array(0.17727019), array(0.17566224), array(0.18364219)], 'times': [2.2356665341649204, 2.228442573454231, 2.2530552288517356]}",0,COMPLETE
33,33,0.9987228690591428,0.07402949117438644,2024-05-20 07:06:22.802565,2024-05-20 07:06:25.240251,0 days 00:00:02.437686,1.1092484485623568,0.0014974837553659508,2.08405504675759,14.104159202229683,4.917148796924289,"{'AUC_ROCs': [0.9990199069911199, 0.9989314373259026, 0.998217262860406], 'S_relative_errors': [0.0744142626937871, 0.07153405539180466, 0.07614015543756754], 'X_relative_errors': [0.9973266758487622, 0.9976421697843751, 0.9973756095580724], 'Sparsity': [1.0, 1.0, 1.0], 'converged': [0, 0, 0], 'iterations': [150, 150, 150], 'primal_residual': [array(0.01110287), array(0.0109312), array(0.01132643)], 'dual_residual': [array(0.00153048), array(0.00154678), array(0.00159156)], 'times': [2.1206098715774715, 2.1148751319851726, 2.133998658740893]}",0,COMPLETE
34,34,0.9992534858687847,0.08407490558945042,2024-05-20 07:06:25.260329,2024-05-20 07:06:27.865349,0 days 00:00:02.605020,1.7885092130827518,0.01296608506835201,90.30515079853207,0.006265094247380743,0.00211861558829249,"{'AUC_ROCs': [0.9995122047666816, 0.9992399916353986, 0.999008261204274], 'S_relative_errors': [0.0840013079107594, 0.08302424682804359, 0.08519916202954832], 'X_relative_errors': [1.0108627727788497, 1.0122026234277408, 1.0090391681293676], 'Sparsity': [1.0, 1.0, 1.0], 'converged': [0, 0, 0], 'iterations': [150, 150, 150], 'primal_residual': [array(0.39857327), array(0.37896652), array(0.38607826)], 'dual_residual': [array(0.29036715), array(0.28720372), array(0.28786106)], 'times': [2.214794046478346, 2.2067747151013464, 2.267764735268429]}",0,COMPLETE
35,35,0.9248989874084891,0.9716167545317641,2024-05-20 07:06:27.885602,2024-05-20 07:06:30.472323,0 days 00:00:02.586721,0.2273926568670262,0.0001190928042873224,0.09506995236678899,0.007270051342224841,0.5212892983081534,"{'AUC_ROCs': [0.9265042310313931, 0.9248579137387063, 0.9233348174553679], 'S_relative_errors': [0.9661153817760678, 0.9723794280170395, 0.9763554538021849], 'X_relative_errors': [9.103980380973477, 9.505492827808611, 8.788493887785204], 'Sparsity': [1.0, 1.0, 1.0], 'converged': [0, 0, 0], 'iterations': [150, 150, 150], 'primal_residual': [array(0.01157199), array(0.01039811), array(0.01121537)], 'dual_residual': [array(0.00839688), array(0.00679851), array(0.00581501)], 'times': [2.2771207296755165, 2.272128804353997, 2.294095572317019]}",0,COMPLETE
36,36,0.9937429603060366,0.8904992974811835,2024-05-20 07:06:30.494643,2024-05-20 07:06:33.090302,0 days 00:00:02.595659,0.01462408825823898,0.0016741200603176305,0.06709528084640679,0.03288096602186011,0.0012141190830632605,"{'AUC_ROCs': [0.9938161587654701, 0.9935105953562232, 0.9939021267964165], 'S_relative_errors': [0.889570195830798, 0.8912107970293189, 0.890716899583434], 'X_relative_errors': [8.438166996460978, 8.769848107409826, 8.07167029391273], 'Sparsity': [1.0, 1.0, 1.0], 'converged': [0, 0, 0], 'iterations': [150, 150, 150], 'primal_residual': [array(0.00253337), array(0.00255308), array(0.00211897)], 'dual_residual': [array(0.00890842), array(0.00898207), array(0.00919473)], 'times': [2.2827197129372507, 2.2733691497705877, 2.2984898556023836]}",0,COMPLETE
37,37,0.9977287387773286,0.030918397098069903,2024-05-20 07:06:33.098549,2024-05-20 07:06:35.617032,0 days 00:00:02.518483,0.038596259624136334,0.08468953896291745,1.342295419109297,1.7407580393386692,0.16161820513185637,"{'AUC_ROCs': [0.9987514505667463, 0.9984471768187176, 0.9959875889465218], 'S_relative_errors': [0.03321563732257639, 0.030028823275373567, 0.029510730696259754], 'X_relative_errors': [0.3098521989451445, 0.2814912532523814, 0.24973219113146683], 'Sparsity': [1.0, 1.0, 1.0], 'converged': [0, 0, 0], 'iterations': [150, 150, 150], 'primal_residual': [array(0.02682076), array(0.0273215), array(0.02588588)], 'dual_residual': [array(0.00113965), array(0.00105244), array(0.00105105)], 'times': [2.231567115522921, 2.2263640095479786, 2.244244937552139]}",0,COMPLETE
38,38,0.981230422391214,0.5129744169952324,2024-05-20 07:06:35.647458,2024-05-20 07:06:38.221820,0 days 00:00:02.574362,0.001963682816348498,1.7424618282720776,0.6585332324434621,12.908582300099358,0.028824232136531527,"{'AUC_ROCs': [0.9817998167268459, 0.9814182944516986, 0.9804731559950975], 'S_relative_errors': [0.5072626711039288, 0.51385200189784, 0.5178085779839284], 'X_relative_errors': [3.2428878985092284, 3.404262044231019, 3.1658476479421167], 'Sparsity': [1.0, 1.0, 1.0], 'converged': [0, 0, 0], 'iterations': [150, 150, 150], 'primal_residual': [array(0.08933286), array(0.08116091), array(0.08002667)], 'dual_residual': [array(0.00739807), array(0.00708172), array(0.0051261)], 'times': [2.2671851420309395, 2.2597653777338564, 2.265371705405414]}",0,COMPLETE
39,39,0.8205348267482065,0.9998772757893017,2024-05-20 07:06:38.230996,2024-05-20 07:06:40.744859,0 days 00:00:02.513863,10.780434303896042,13.353108297205429,78.24574888526624,0.7420407708022327,0.004169038087766087,"{'AUC_ROCs': [0.798603116569464, 0.8135050333394447, 0.8494963303357109], 'S_relative_errors': [0.9996320770865935, 0.9999997503175649, 0.9999999999637467], 'X_relative_errors': [7.23872196399971, 7.494448239389795, 6.865462852620207], 'Sparsity': [1.0, 1.0, 1.0], 'converged': [0, 0, 0], 'iterations': [150, 150, 150], 'primal_residual': [array(0.04138728), array(0.03985961), array(0.02778861)], 'dual_residual': [array(0.0010489), array(0.00145172), array(0.00083048)], 'times': [2.208954816451296, 2.257578677032143, 2.2257142027374357]}",0,COMPLETE
40,40,0.9789534083099408,0.5344897249016721,2024-05-20 07:06:40.773209,2024-05-20 07:06:43.368758,0 days 00:00:02.595549,0.010416615451994436,35.26658003384809,0.3967855875972315,0.0032705151421166504,2.4786673794934018,"{'AUC_ROCs': [0.9785064925362681, 0.9795784667144376, 0.9787752656791167], 'S_relative_errors': [0.5320485932004073, 0.5334483257953824, 0.5379722557092265], 'X_relative_errors': [4.718606161012888, 4.905890759174336, 4.553230847178609], 'Sparsity': [1.0, 1.0, 1.0], 'converged': [0, 0, 0], 'iterations': [150, 150, 150], 'primal_residual': [array(0.00263658), array(0.00272232), array(0.00246506)], 'dual_residual': [array(0.00111151), array(0.0010543), array(0.0008738)], 'times': [2.250077448785305, 2.288216817425564, 2.269876436330378]}",0,COMPLETE
41,41,0.9953511361902168,0.10592209720296235,2024-05-20 07:06:43.395490,2024-05-20 07:06:45.945712,0 days 00:00:02.550222,0.0012656343347858684,0.00033316702918866715,0.0018884156824357816,0.001126292748163196,1.6747753368777483,"{'AUC_ROCs': [0.9965495724108512, 0.9958284355162936, 0.9936754006435053], 'S_relative_errors': [0.10551221814190963, 0.10170854593169629, 0.11054552753528114], 'X_relative_errors': [1.0037268279995946, 1.0039138128599285, 1.004557921944801], 'Sparsity': [1.0, 1.0, 1.0], 'converged': [0, 0, 0], 'iterations': [150, 150, 150], 'primal_residual': [array(0.20805451), array(0.22023695), array(0.21643706)], 'dual_residual': [array(0.05306046), array(0.05056709), array(0.0500935)], 'times': [2.2450606108177453, 2.2333522893022746, 2.2536097704432905]}",0,COMPLETE
42,42,0.9844498222980406,0.6750847900374266,2024-05-20 07:06:45.969530,2024-05-20 07:06:48.422837,0 days 00:00:02.453307,11.133677943109637,3.271092838181619,18.67275678942133,88.70069438697138,0.004108617824545339,"{'AUC_ROCs': [0.9855219615301078, 0.9856607661937612, 0.9821667391702529], 'S_relative_errors': [0.662700734802282, 0.6768446955989355, 0.6857089397110621], 'X_relative_errors': [0.9994971924917243, 0.9992922686086145, 0.999381403681384], 'Sparsity': [1.0, 1.0, 1.0], 'converged': [0, 0, 0], 'iterations': [150, 150, 150], 'primal_residual': [array(0.61791153), array(0.64214145), array(0.59562307)], 'dual_residual': [array(0.0515521), array(0.04838343), array(0.05197681)], 'times': [2.1710160409566015, 2.158806795021519, 2.163982888450846]}",0,COMPLETE
43,43,0.9793427186899409,0.5347693182087212,2024-05-20 07:06:48.438620,2024-05-20 07:06:50.995394,0 days 00:00:02.556774,0.012748012424934653,33.69265942193829,19.837155105991542,0.0011791232830245036,0.1150091772340108,"{'AUC_ROCs': [0.9798765315137851, 0.9796615957728205, 0.9784900287832173], 'S_relative_errors': [0.532109366131514, 0.5336307604273595, 0.5385678280672901], 'X_relative_errors': [4.0465497779109185, 4.212434927250607, 3.9182169866570034], 'Sparsity': [1.0, 1.0, 1.0], 'converged': [0, 0, 0], 'iterations': [150, 150, 150], 'primal_residual': [array(0.08436982), array(0.0827039), array(0.08055477)], 'dual_residual': [array(0.01458873), array(0.0145064), array(0.01436694)], 'times': [2.240131111582741, 2.234706802526489, 2.2615391050931066]}",0,COMPLETE
44,44,0.995555445264106,0.34396967773795617,2024-05-20 07:06:51.018058,2024-05-20 07:06:53.464332,0 days 00:00:02.446274,0.12604683435610256,2.3891369116971304,81.09358658443334,0.1745358847125765,35.32838027153736,"{'AUC_ROCs': [0.9957784601633333, 0.9961711392559189, 0.9947167363730657], 'S_relative_errors': [0.33793945289834015, 0.34308466560245515, 0.3508849147130733], 'X_relative_errors': [0.9976377241258065, 0.997822030776883, 0.9981224510929388], 'Sparsity': [1.0, 1.0, 1.0], 'converged': [0, 0, 0], 'iterations': [150, 150, 150], 'primal_residual': [array(0.32955424), array(0.33426117), array(0.33137594)], 'dual_residual': [array(0.0244488), array(0.02225734), array(0.02574409)], 'times': [2.1295675488654524, 2.1310391544830054, 2.141888788668439]}",0,COMPLETE
45,45,0.9846053379039645,1.000000101600895,2024-05-20 07:06:53.492914,2024-05-20 07:06:54.261463,0 days 00:00:00.768549,7.9447118073482965,8.664555615611658,0.001562370282047595,0.003986978541252127,0.009532096306389707,"{'AUC_ROCs': [0.9849861393777645, 0.985023815555173, 0.9838060587789563], 'S_relative_errors': [1.0000001022057234, 1.000000101894887, 1.0000001007020753], 'X_relative_errors': [9.491015123540857, 9.846084444306914, 9.06732085665672], 'Sparsity': [1.0, 1.0, 1.0], 'converged': [1, 1, 1], 'iterations': [31, 31, 31], 'primal_residual': [array(0.0005587), array(0.00055243), array(0.00053799)], 'dual_residual': [array(3.66454605e-06), array(3.6235474e-06), array(3.54213076e-06)], 'times': [0.47035686089657247, 0.4709438697900623, 0.47132546873763204]}",0,COMPLETE
46,46,0.9364305607766111,0.9989686781764341,2024-05-20 07:06:54.289048,2024-05-20 07:06:56.865235,0 days 00:00:02.576187,0.2760496416324871,9.772947961641519,0.0027203356124523644,0.5341327202694003,0.0013085965750556042,"{'AUC_ROCs': [0.933983661401173, 0.9402474695097914, 0.9350605514188691], 'S_relative_errors': [0.9980056392700016, 0.9987398335580762, 1.0001605617012246], 'X_relative_errors': [9.410252895470569, 9.768906929909619, 9.007923098437814], 'Sparsity': [1.0, 1.0, 1.0], 'converged': [0, 0, 0], 'iterations': [150, 150, 150], 'primal_residual': [array(0.01677795), array(0.01790256), array(0.01694848)], 'dual_residual': [array(0.00291307), array(0.00305411), array(0.00325361)], 'times': [2.2621718717273325, 2.2725432806182653, 2.2821505358442664]}",0,COMPLETE
47,47,0.9912171861232958,0.4253161137545696,2024-05-20 07:06:56.894860,2024-05-20 07:06:59.466126,0 days 00:00:02.571266,0.10965341088804292,0.5725326135340015,0.0010537970551060818,5.761822759419634,0.09726612505218796,"{'AUC_ROCs': [0.9919487753113643, 0.9913840622152806, 0.9903187208432426], 'S_relative_errors': [0.4129999936170876, 0.4290244428472132, 0.43392390479940807], 'X_relative_errors': [3.249794211745997, 3.5114223264147686, 3.28152156014563], 'Sparsity': [1.0, 1.0, 1.0], 'converged': [0, 0, 0], 'iterations': [150, 150, 150], 'primal_residual': [array(0.04128292), array(0.0401785), array(0.03846187)], 'dual_residual': [array(0.00376867), array(0.00302576), array(0.0057245)], 'times': [2.2588401888497174, 2.2482075344305485, 2.2709837739821523]}",0,COMPLETE
48,48,0.9743093989614295,1.0000000942867333,2024-05-20 07:06:59.497812,2024-05-20 07:07:00.458407,0 days 00:00:00.960595,0.7285737052686124,1.385420609437758,0.018990011861954686,0.30080604086399854,0.0062962883883787586,"{'AUC_ROCs': [0.980116661053882, 0.9798791383900685, 0.9629323974403382], 'S_relative_errors': [1.0000001097469287, 1.000000124484165, 1.0000000486291065], 'X_relative_errors': [9.455388488335212, 9.808675852175206, 9.032283055745566], 'Sparsity': [1.0, 1.0, 1.0], 'converged': [1, 1, 1], 'iterations': [44, 43, 39], 'primal_residual': [array(0.00062679), array(0.000705), array(0.00036368)], 'dual_residual': [array(2.11306507e-05), array(2.54979123e-05), array(4.0955087e-05)], 'times': [0.6674677466508001, 0.6529804186429828, 0.5917832057457417]}",0,COMPLETE
49,49,0.9642807406680401,0.9999999635344207,2024-05-20 07:07:00.489478,2024-05-20 07:07:01.277931,0 days 00:00:00.788453,7.30452609335762,0.00014264403691298378,0.0016037448458365447,0.5001022636516784,1.184738084721032,"{'AUC_ROCs': [0.9661691423104128, 0.963117289976427, 0.9635557897172805], 'S_relative_errors': [0.9999999642309758, 0.9999999637040422, 0.999999962668244], 'X_relative_errors': [9.293576968546434, 9.639196223109993, 8.873344501768452], 'Sparsity': [1.0, 1.0, 1.0], 'converged': [1, 1, 1], 'iterations': [32, 32, 32], 'primal_residual': [array(0.0002442), array(0.00024571), array(0.00024743)], 'dual_residual': [array(4.49243086e-06), array(4.56592156e-06), array(4.60134711e-06)], 'times': [0.4869831707328558, 0.4832036916632205, 0.49081572820432484]}",0,COMPLETE
50,50,0.9948375051094495,0.10445316701213474,2024-05-20 07:07:01.295681,2024-05-20 07:07:03.838432,0 days 00:00:02.542751,0.01831215968882127,7.247758999254107e-05,0.00783902502482674,1.4847935451547085,0.003438507907605918,"{'AUC_ROCs': [0.9967114117749691, 0.9949743516267587, 0.9928267519266207], 'S_relative_errors': [0.10405860412928558, 0.10047086389866543, 0.10883003300845319], 'X_relative_errors': [0.9996588410663466, 1.001520543444074, 0.9986970115018882], 'Sparsity': [1.0, 1.0, 1.0], 'converged': [0, 0, 0], 'iterations': [150, 150, 150], 'primal_residual': [array(0.15083135), array(0.13030858), array(0.13036033)], 'dual_residual': [array(0.03530503), array(0.0328548), array(0.03975651)], 'times': [2.248048782814294, 2.2385979336686432, 2.2506748663727194]}",1,COMPLETE
51,51,0.8401034993759184,0.999999999999988,2024-05-20 07:07:03.863249,2024-05-20 07:07:05.905839,0 days 00:00:02.042590,3.485524136091336,35.26658003384809,1.7590499981862628,0.0032705151421166504,0.0010629367624733442,"{'AUC_ROCs': [0.8412973954807401, 0.8590392400342047, 0.8199738626128108], 'S_relative_errors': [0.9999999999999883, 0.9999999999999873, 0.9999999999999886], 'X_relative_errors': [9.405246507554276, 9.756555476381322, 8.983365300344389], 'Sparsity': [1.0, 1.0, 1.0], 'converged': [1, 1, 1], 'iterations': [116, 113, 114], 'primal_residual': [array(0.00097064), array(0.00098315), array(0.00097932)], 'dual_residual': [array(3.26354962e-05), array(3.2882249e-05), array(3.28130029e-05)], 'times': [1.7469273947644979, 1.7013694047927856, 1.731142214499414]}",1,COMPLETE
52,52,0.9322657267461419,0.9992739088371049,2024-05-20 07:07:05.931130,2024-05-20 07:07:08.495458,0 days 00:00:02.564328,2.9870992600924073,10.185766954623455,12.436876472004675,0.44762909662491956,0.951225393429868,"{'AUC_ROCs': [0.9463345730749271, 0.954733801690368, 0.8957288054731307], 'S_relative_errors': [0.9994699023991092, 0.9992338532638603, 0.9991179708483454], 'X_relative_errors': [8.801535166550211, 9.125702266532727, 8.39297568961459], 'Sparsity': [1.0, 1.0, 1.0], 'converged': [0, 0, 0], 'iterations': [150, 150, 150], 'primal_residual': [array(0.01134993), array(0.01240738), array(0.01310224)], 'dual_residual': [array(0.00052396), array(0.00070931), array(0.0033316)], 'times': [2.2608772956300527, 2.25800734362565, 2.2756521739065647]}",1,COMPLETE
53,53,0.9951735546467256,0.09358267791393149,2024-05-20 07:07:08.516024,2024-05-20 07:07:10.945277,0 days 00:00:02.429253,0.0007088507914904779,0.03468509564999156,15.793124227247704,0.3435401086442353,0.04588801346193413,"{'AUC_ROCs': [0.9969132827895979, 0.9953175696984032, 0.9932898114521753], 'S_relative_errors': [0.09322623841404697, 0.08968446531044844, 0.09783733001729907], 'X_relative_errors': [0.9998376213558717, 0.9998314958200424, 0.9998300892382052], 'Sparsity': [1.0, 1.0, 1.0], 'converged': [0, 0, 0], 'iterations': [150, 150, 150], 'primal_residual': [array(0.00917537), array(0.00881595), array(0.00888383)], 'dual_residual': [array(0.00225021), array(0.00214144), array(0.00195725)], 'times': [2.133460818324238, 2.1477151000872254, 2.147415319690481]}",1,COMPLETE
