,number,values_0,values_1,datetime_start,datetime_complete,duration,params_lda1,params_ldag,params_psi_1,params_psi_2,params_psi_3,user_attrs_metrics,system_attrs_nsga2:generation,state
27,27,0.9964533535159177,0.15470258509066012,2024-05-20 04:19:58.555619,2024-05-20 04:20:01.058160,0 days 00:00:02.502541,0.021241982992559697,0.000560727986529806,0.005644380270880555,0.6459778200621681,0.551481089936983,"{'AUC_ROCs': [0.9983259333944093, 0.9949741150012873, 0.9960600121520565], 'S_relative_errors': [0.16564914622813995, 0.1516958784944174, 0.14676273054942304], 'X_relative_errors': [1.0000616634412691, 1.0000043761873711, 0.9999533725860252], 'Sparsity': [1.0, 1.0, 1.0], 'converged': [0, 0, 0], 'iterations': [150, 150, 150], 'primal_residual': [array(0.00843069), array(0.00892616), array(0.01629145)], 'dual_residual': [array(0.00302811), array(0.00324221), array(0.00498577)], 'times': [2.1855480945669115, 2.2042552987113595, 2.2186737118754536]}",0,COMPLETE
28,28,0.9841480662565626,0.9277273487727511,2024-05-20 04:20:01.077128,2024-05-20 04:20:03.634317,0 days 00:00:02.557189,0.0004959882705387339,0.021726279927535706,0.0023150317893499304,0.002707570910077662,0.00627562060816863,"{'AUC_ROCs': [0.980357903717265, 0.9853027368215861, 0.9867835582308369], 'S_relative_errors': [0.9342544118312726, 0.9284082853001867, 0.9205193491867939], 'X_relative_errors': [5.5450582752199145, 6.0202658260089885, 6.172531724625299], 'Sparsity': [1.0, 1.0, 1.0], 'converged': [0, 0, 0], 'iterations': [150, 150, 150], 'primal_residual': [array(0.05384695), array(0.12077402), array(0.07246614)], 'dual_residual': [array(0.01357414), array(0.01311608), array(0.01166384)], 'times': [2.261475677136332, 2.2795536927878857, 2.3050239491276443]}",0,COMPLETE
29,29,0.9968147128736088,0.15722656137383517,2024-05-20 04:20:03.655003,2024-05-20 04:20:06.257717,0 days 00:00:02.602714,0.00022753649915530143,0.0002014950116619654,18.6166736636676,0.0018903106661741357,0.670412517153037,"{'AUC_ROCs': [0.9979962311482279, 0.995229731851837, 0.9972181756207615], 'S_relative_errors': [0.16842079515103775, 0.15416663561512758, 0.14909225335534015], 'X_relative_errors': [1.0007457199375742, 1.0004719850839014, 1.0006202225257501], 'Sparsity': [1.0, 1.0, 1.0], 'converged': [0, 0, 0], 'iterations': [150, 150, 150], 'primal_residual': [array(0.01806738), array(0.01632523), array(0.01734461)], 'dual_residual': [array(0.00690686), array(0.0059789), array(0.0053655)], 'times': [2.170591978356242, 2.1698345735203475, 2.3512742524035275]}",0,COMPLETE
30,30,0.997505825792603,0.09649368271452663,2024-05-20 04:20:06.277188,2024-05-20 04:20:08.876266,0 days 00:00:02.599078,0.00035426104677443966,0.15762602677064208,0.1146298383086866,5.887165217373691,0.0015729933353539533,"{'AUC_ROCs': [0.9984537763790788, 0.9966584455444862, 0.9974052554542441], 'S_relative_errors': [0.11543519642762302, 0.08321611855124628, 0.09082973316471062], 'X_relative_errors': [0.7029280659489351, 0.581901890727831, 0.6301178252323952], 'Sparsity': [1.0, 1.0, 1.0], 'converged': [0, 0, 0], 'iterations': [150, 150, 150], 'primal_residual': [array(0.12529566), array(0.13165638), array(0.14298049)], 'dual_residual': [array(0.03801662), array(0.04443383), array(0.05454292)], 'times': [2.2230561419855803, 2.316855486249551, 2.2973092130851]}",0,COMPLETE
31,31,0.9839153450477696,0.6293786941976788,2024-05-20 04:20:08.900892,2024-05-20 04:20:11.435470,0 days 00:00:02.534578,0.011238799881667108,88.21117532696586,10.36703109295011,0.00769644929762849,0.40994030097212447,"{'AUC_ROCs': [0.9805197063017836, 0.9835666454683948, 0.9876596833731303], 'S_relative_errors': [0.6768722960949656, 0.6409723670156797, 0.5702914194823908], 'X_relative_errors': [3.3884810554902187, 3.4943697646283094, 3.265701882782328], 'Sparsity': [1.0, 1.0, 1.0], 'converged': [0, 0, 0], 'iterations': [150, 150, 150], 'primal_residual': [array(0.04626627), array(0.04190357), array(0.04696147)], 'dual_residual': [array(0.00839193), array(0.00726121), array(0.00748321)], 'times': [2.2872915307525545, 2.2597518893890083, 2.261957593727857]}",0,COMPLETE
32,32,0.9971073378310048,0.1575109673652995,2024-05-20 04:20:11.450188,2024-05-20 04:20:13.941001,0 days 00:00:02.490813,0.0038015434545344094,6.772792886669531e-05,0.015881599944349636,24.839340603259252,0.014960176582844726,"{'AUC_ROCs': [0.9981541385652946, 0.9960427109715096, 0.9971251639562105], 'S_relative_errors': [0.168723001801827, 0.15452893092473757, 0.14928096936933383], 'X_relative_errors': [1.004141720813015, 1.0046852440260678, 1.003644530437158], 'Sparsity': [1.0, 1.0, 1.0], 'converged': [0, 0, 0], 'iterations': [150, 150, 150], 'primal_residual': [array(0.10025142), array(0.10039896), array(0.1180257)], 'dual_residual': [array(0.13440487), array(0.14383972), array(0.1631612)], 'times': [2.180775119923055, 2.203283086651936, 2.2172070974484086]}",0,COMPLETE
33,33,0.9967981954266011,0.1372088528469537,2024-05-20 04:20:13.964837,2024-05-20 04:20:16.412281,0 days 00:00:02.447444,0.0829654099677447,0.029485749446596054,7.631970593130638,0.003526771086600386,2.035567359435178,"{'AUC_ROCs': [0.9984658545013614, 0.9956104521449751, 0.9963182796334665], 'S_relative_errors': [0.1483277318596905, 0.13246133067566288, 0.13083749600550768], 'X_relative_errors': [0.999776264930556, 0.9997569208918125, 0.9998204188533789], 'Sparsity': [1.0, 1.0, 1.0], 'converged': [0, 0, 0], 'iterations': [150, 150, 150], 'primal_residual': [array(0.00919782), array(0.0073957), array(0.00704591)], 'dual_residual': [array(0.00288768), array(0.00303618), array(0.00330464)], 'times': [2.149470182368532, 2.1613693302497268, 2.164701987989247]}",0,COMPLETE
34,34,0.9845331749160205,0.6284362005223073,2024-05-20 04:20:16.436198,2024-05-20 04:20:19.021471,0 days 00:00:02.585273,0.02660333304490891,85.1394774955596,0.001119138622345925,0.058864132791572425,7.856415256464872,"{'AUC_ROCs': [0.9812144830162073, 0.984600796592889, 0.9877842451389651], 'S_relative_errors': [0.676653674230022, 0.6395195963086957, 0.5691353310282041], 'X_relative_errors': [3.073511520444299, 3.1558098823098, 2.8895487443423815], 'Sparsity': [1.0, 1.0, 1.0], 'converged': [0, 0, 0], 'iterations': [150, 150, 150], 'primal_residual': [array(0.00322511), array(0.00477472), array(0.00151329)], 'dual_residual': [array(0.00125113), array(0.00142172), array(0.00087113)], 'times': [2.2413972239010036, 2.3096662522293627, 2.2952654839027673]}",0,COMPLETE
35,35,0.9992374533461125,0.14087700950376889,2024-05-20 04:20:19.046833,2024-05-20 04:20:21.617608,0 days 00:00:02.570775,0.976591541874855,0.47751799101088294,0.007388459945572313,12.247663081152036,0.10450865710586967,"{'AUC_ROCs': [0.999083758662705, 0.9993640925910646, 0.9992645087845675], 'S_relative_errors': [0.15651853433464535, 0.13673806872815966, 0.12937442544850164], 'X_relative_errors': [0.5639988058959122, 0.5809297126485635, 0.558407369197079], 'Sparsity': [1.0, 1.0, 1.0], 'converged': [0, 0, 0], 'iterations': [150, 150, 150], 'primal_residual': [array(0.04824755), array(0.04527782), array(0.05584731)], 'dual_residual': [array(0.00970534), array(0.00952303), array(0.01146243)], 'times': [2.266120728570968, 2.255400130758062, 2.2887858492322266]}",0,COMPLETE
36,36,0.99679676051689,1.0000001214841694,2024-05-20 04:20:21.634910,2024-05-20 04:20:22.354389,0 days 00:00:00.719479,1.6508772773958722,2.9193022863247804e-05,0.012426590843731196,0.04806602141997555,0.00139288586443227,"{'AUC_ROCs': [0.9975852862598159, 0.99666326771175, 0.9961417275791044], 'S_relative_errors': [1.000000114348424, 1.0000001208431022, 1.0000001292609821], 'X_relative_errors': [5.929912629280834, 6.477845209168248, 6.699821763751417], 'Sparsity': [1.0, 1.0, 1.0], 'converged': [1, 1, 1], 'iterations': [31, 31, 31], 'primal_residual': [array(0.00035911), array(0.00038759), array(0.00045602)], 'dual_residual': [array(2.13280181e-06), array(1.89575348e-06), array(1.79834285e-06)], 'times': [0.46509957779198885, 0.5004459712654352, 0.4773651249706745]}",0,COMPLETE
37,37,0.9963851549936035,0.14787590065268622,2024-05-20 04:20:22.379116,2024-05-20 04:20:24.770839,0 days 00:00:02.391723,0.004070735677493113,0.02018840988522276,36.966125778048855,0.49797887433633625,46.79876624056181,"{'AUC_ROCs': [0.9982178360888738, 0.9954854894775642, 0.9954521394143723], 'S_relative_errors': [0.15778357597877157, 0.14489768860533395, 0.14094643737395315], 'X_relative_errors': [1.0000652748751342, 1.000052051291891, 1.000054119213934], 'Sparsity': [1.0, 1.0, 1.0], 'converged': [0, 0, 0], 'iterations': [150, 150, 150], 'primal_residual': [array(0.00349954), array(0.00354683), array(0.0035238)], 'dual_residual': [array(0.0011799), array(0.00129917), array(0.00152979)], 'times': [2.1003020680509508, 2.108631314476952, 2.1228164099156857]}",0,COMPLETE
38,38,0.9966195785880064,0.14932246247511669,2024-05-20 04:20:24.794137,2024-05-20 04:20:27.262585,0 days 00:00:02.468448,0.06942012517376274,0.0007000736239762266,5.089654209363765,0.17205469711301752,0.08099973737981729,"{'AUC_ROCs': [0.9977812184445647, 0.9956847616807634, 0.9963927556386916], 'S_relative_errors': [0.16004944976528687, 0.14618315596152054, 0.14173478169854256], 'X_relative_errors': [0.9997215396339257, 0.9997447698574493, 0.9996703480044151], 'Sparsity': [1.0, 1.0, 1.0], 'converged': [0, 0, 0], 'iterations': [150, 150, 150], 'primal_residual': [array(0.00328607), array(0.0027084), array(0.00549706)], 'dual_residual': [array(0.00097851), array(0.00115522), array(0.00121257)], 'times': [2.1351042869500816, 2.162615514593199, 2.172229355899617]}",0,COMPLETE
39,39,0.9835141424101805,0.6356444413830432,2024-05-20 04:20:27.275459,2024-05-20 04:20:29.840021,0 days 00:00:02.564562,0.0016631639988049702,2.336062240507302,1.5689963517742547,0.0996852785925917,0.14767454567899427,"{'AUC_ROCs': [0.9795804204684447, 0.9836950126723345, 0.9872669940897625], 'S_relative_errors': [0.6787474553347022, 0.6474666737122261, 0.5807191951022013], 'X_relative_errors': [3.89868256373846, 4.0615062677331055, 3.776820107984817], 'Sparsity': [1.0, 1.0, 1.0], 'converged': [0, 0, 0], 'iterations': [150, 150, 150], 'primal_residual': [array(0.02780366), array(0.02261511), array(0.02917174)], 'dual_residual': [array(0.02363974), array(0.0296916), array(0.03945448)], 'times': [2.2895875044632703, 2.2764924648217857, 2.2748823480214924]}",0,COMPLETE
40,40,0.9975582394793449,0.14898718381975015,2024-05-20 04:20:29.865404,2024-05-20 04:20:32.306016,0 days 00:00:02.440612,0.0012217349713710235,0.6059591393737871,54.70732025213153,0.10321954272274594,12.642570996930607,"{'AUC_ROCs': [0.9988358319964545, 0.9967697554894218, 0.997069130952158], 'S_relative_errors': [0.16133957497375176, 0.1468720840946629, 0.13874989239083582], 'X_relative_errors': [0.9970348568545601, 0.996746305582017, 0.9964421707446609], 'Sparsity': [1.0, 1.0, 1.0], 'converged': [0, 0, 0], 'iterations': [150, 150, 150], 'primal_residual': [array(0.10939709), array(0.09696151), array(0.11604154)], 'dual_residual': [array(0.00648334), array(0.00351667), array(0.00498987)], 'times': [2.1335808499716222, 2.1613969628233463, 2.171172851230949]}",0,COMPLETE
41,41,0.9985721911602282,0.09832270184167562,2024-05-20 04:20:32.323739,2024-05-20 04:20:34.818845,0 days 00:00:02.495106,0.858291933148628,2.1371422732435797e-05,0.1002860835329359,71.50521512755451,0.020273755639989316,"{'AUC_ROCs': [0.9984779407189001, 0.9982530109192538, 0.9989856218425305], 'S_relative_errors': [0.10470674532219224, 0.09769818816386212, 0.09256317203897246], 'X_relative_errors': [1.0019376339446027, 1.0032571189912831, 1.0062895182174842], 'Sparsity': [1.0, 1.0, 1.0], 'converged': [0, 0, 0], 'iterations': [150, 150, 150], 'primal_residual': [array(0.17144362), array(0.19958343), array(0.26978152)], 'dual_residual': [array(0.0482925), array(0.06271855), array(0.08899639)], 'times': [2.2026996803469956, 2.1970615207683295, 2.2089285894762725]}",0,COMPLETE
42,42,0.9842427075379376,0.6303016676178713,2024-05-20 04:20:34.842269,2024-05-20 04:20:37.322654,0 days 00:00:02.480385,0.009821701743261415,44.60892817679232,0.0029471011235678375,79.64610893784085,0.0010783633741518616,"{'AUC_ROCs': [0.9811657765579408, 0.983900185084288, 0.9876621609715839], 'S_relative_errors': [0.678166455641464, 0.6408546848262665, 0.5718838623858835], 'X_relative_errors': [1.0132113927747222, 1.014207998643758, 1.0184532019097823], 'Sparsity': [1.0, 1.0, 1.0], 'converged': [0, 0, 0], 'iterations': [150, 150, 150], 'primal_residual': [array(0.45331727), array(0.48941193), array(0.57808644)], 'dual_residual': [array(0.15870452), array(0.17254021), array(0.20490203)], 'times': [2.187502091517672, 2.2278166725300252, 2.202636629343033]}",0,COMPLETE
43,43,0.9303504342547196,0.9953145557761216,2024-05-20 04:20:37.337817,2024-05-20 04:20:39.890899,0 days 00:00:02.553082,1.0383194446264494,0.8813796131312763,0.0034936788631628377,1.501514158794725,0.8909512518330347,"{'AUC_ROCs': [0.947495761563327, 0.9441110579524283, 0.8994444832484034], 'S_relative_errors': [0.9983185834533989, 0.9956473028262732, 0.9919777810486928], 'X_relative_errors': [5.6365938585025335, 6.152720144218253, 6.372225363265764], 'Sparsity': [1.0, 1.0, 1.0], 'converged': [0, 0, 0], 'iterations': [150, 150, 150], 'primal_residual': [array(0.00262764), array(0.00322962), array(0.00313252)], 'dual_residual': [array(0.00025434), array(0.00044908), array(0.000615)], 'times': [2.2668189075775445, 2.3049352318048477, 2.3000412036199123]}",0,COMPLETE
44,44,0.9970348299793549,0.12420185080115119,2024-05-20 04:20:39.920798,2024-05-20 04:20:42.339113,0 days 00:00:02.418315,0.3549977121112453,3.552895091581294e-05,8.725138569937913,14.833854920183821,0.07614015747631202,"{'AUC_ROCs': [0.9981107142617126, 0.9959938805079744, 0.996999895168378], 'S_relative_errors': [0.13360919141010305, 0.1209931270131783, 0.11800323398017219], 'X_relative_errors': [0.9999370393001709, 0.9999490873713105, 0.9999492121829359], 'Sparsity': [1.0, 1.0, 1.0], 'converged': [0, 0, 0], 'iterations': [150, 150, 150], 'primal_residual': [array(0.00315165), array(0.00254137), array(0.00282748)], 'dual_residual': [array(0.00173793), array(0.00195497), array(0.00179071)], 'times': [2.114855052670464, 2.1434798014815897, 2.1355425745714456]}",0,COMPLETE
45,45,0.9966570026135417,0.15283434380182426,2024-05-20 04:20:42.369379,2024-05-20 04:20:44.803343,0 days 00:00:02.433964,0.041151529065671114,5.881610082916127e-05,0.5981958172862315,62.77711186250946,0.013799316501032083,"{'AUC_ROCs': [0.9983887296461293, 0.995176384233923, 0.9964058939605729], 'S_relative_errors': [0.16364579951956645, 0.14973700916595853, 0.14512022271994776], 'X_relative_errors': [0.999845876523764, 0.999839994124127, 1.0003752211896833], 'Sparsity': [1.0, 1.0, 1.0], 'converged': [0, 0, 0], 'iterations': [150, 150, 150], 'primal_residual': [array(0.04374829), array(0.01585534), array(0.09738611)], 'dual_residual': [array(0.02434816), array(0.03222593), array(0.03643372)], 'times': [2.162264712387696, 2.157745799748227, 2.1768355921376497]}",0,COMPLETE
46,46,0.984200754916182,0.6277490400765418,2024-05-20 04:20:44.831233,2024-05-20 04:20:47.426977,0 days 00:00:02.595744,0.0006576130326519109,0.6422615750749978,0.01759429656848556,0.007620828877344576,1.4610089305944605,"{'AUC_ROCs': [0.9805699805413379, 0.9841866218197455, 0.9878456623874624], 'S_relative_errors': [0.6763128030874311, 0.6393102736435851, 0.5676240434986092], 'X_relative_errors': [3.834708751507922, 3.9564232929407823, 3.6292671650205692], 'Sparsity': [1.0, 1.0, 1.0], 'converged': [0, 0, 0], 'iterations': [150, 150, 150], 'primal_residual': [array(0.00781561), array(0.00338149), array(0.00690526)], 'dual_residual': [array(0.00473043), array(0.00495151), array(0.0064571)], 'times': [2.2934726835228503, 2.360722294775769, 2.2722151172347367]}",0,COMPLETE
47,47,0.8195067649333785,0.9999999999999573,2024-05-20 04:20:47.451212,2024-05-20 04:20:49.763595,0 days 00:00:02.312383,8.974525638413288,30.774616013154365,2.4734848366840536,0.0017193348681638471,0.8605867199643779,"{'AUC_ROCs': [0.8184272670863878, 0.7679256455050654, 0.8721673822086823], 'S_relative_errors': [0.9999999999999515, 0.9999999999999578, 0.9999999999999624], 'X_relative_errors': [5.66828765275582, 6.213468899082378, 6.470884531292682], 'Sparsity': [1.0, 1.0, 1.0], 'converged': [1, 1, 1], 'iterations': [131, 133, 132], 'primal_residual': [array(0.00099884), array(0.00097002), array(0.0009636)], 'dual_residual': [array(3.21866497e-05), array(3.11307188e-05), array(3.12862709e-05)], 'times': [1.999988738913089, 2.0254962185863405, 2.035275507485494]}",0,COMPLETE
48,48,0.9964567930741057,0.148038288669198,2024-05-20 04:20:49.795891,2024-05-20 04:20:52.397091,0 days 00:00:02.601200,0.0017784543120192122,0.008557830953561317,0.7738189272675814,0.03674790808270936,0.3305366155445535,"{'AUC_ROCs': [0.9979888536713912, 0.9963272904625203, 0.9950542350884056], 'S_relative_errors': [0.15926422204857638, 0.14489166307794893, 0.13995898088106867], 'X_relative_errors': [0.9688213488759109, 0.9660646127834914, 0.9631622039544939], 'Sparsity': [1.0, 1.0, 1.0], 'converged': [0, 0, 0], 'iterations': [150, 150, 150], 'primal_residual': [array(0.02414195), array(0.04861099), array(0.18651324)], 'dual_residual': [array(0.01074247), array(0.02031478), array(0.03642906)], 'times': [2.2094841978978366, 2.3260784838348627, 2.2901893912348896]}",0,COMPLETE
49,49,0.9973458925650388,0.1251395339659721,2024-05-20 04:20:52.414129,2024-05-20 04:20:55.026287,0 days 00:00:02.612158,0.0620519719912741,0.0892669803761435,0.0924255273113126,45.63200301607841,0.0010538297765871735,"{'AUC_ROCs': [0.9979241010660843, 0.9968296973130177, 0.997283879316014], 'S_relative_errors': [0.13480998543409115, 0.12033093924547607, 0.12027767721834909], 'X_relative_errors': [1.018060338964975, 1.0243739382055006, 1.0336916797119877], 'Sparsity': [1.0, 1.0, 1.0], 'converged': [0, 0, 0], 'iterations': [150, 150, 150], 'primal_residual': [array(0.41680164), array(0.46420033), array(0.56897625)], 'dual_residual': [array(0.07077714), array(0.08337262), array(0.09385677)], 'times': [2.2114406507462263, 2.2018202119506896, 2.354913945309818]}",0,COMPLETE
50,50,0.9974269067091989,0.12439298581492379,2024-05-20 04:20:55.055835,2024-05-20 04:20:57.522782,0 days 00:00:02.466947,0.3549977121112453,5.881610082916127e-05,0.5981958172862315,62.77711186250946,0.07614015747631202,"{'AUC_ROCs': [0.998552036599096, 0.9962386045704494, 0.9974900789580512], 'S_relative_errors': [0.1333575585951189, 0.12203725519393735, 0.1177841436557151], 'X_relative_errors': [1.0000025214417705, 0.9999695559142937, 0.9999495418568385], 'Sparsity': [1.0, 1.0, 1.0], 'converged': [0, 0, 0], 'iterations': [150, 150, 150], 'primal_residual': [array(0.01621364), array(0.01383735), array(0.02764789)], 'dual_residual': [array(0.00390402), array(0.01044171), array(0.01194647)], 'times': [2.1486067501828074, 2.197350751142949, 2.1688882391899824]}",1,COMPLETE
51,51,0.9968824943758978,0.15684484841739607,2024-05-20 04:20:57.554788,2024-05-20 04:21:00.151688,0 days 00:00:02.596900,0.0038015434545344094,6.772792886669531e-05,0.015881599944349636,2.1386356221878375,0.014960176582844726,"{'AUC_ROCs': [0.9984883161389574, 0.9956439998576639, 0.9965151671310719], 'S_relative_errors': [0.16795607265194498, 0.15378093652543723, 0.148797536074806], 'X_relative_errors': [0.9999756598578026, 1.0002101078833967, 1.000723869588756], 'Sparsity': [1.0, 1.0, 1.0], 'converged': [0, 0, 0], 'iterations': [150, 150, 150], 'primal_residual': [array(0.06312534), array(0.06661705), array(0.08111)], 'dual_residual': [array(0.01797268), array(0.01736808), array(0.01928951)], 'times': [2.2962718000635505, 2.2846381096169353, 2.2563920593820512]}",1,COMPLETE
52,52,0.997026002656881,0.15816875610257022,2024-05-20 04:21:00.184088,2024-05-20 04:21:02.635571,0 days 00:00:02.451483,0.0015173876840291788,4.934796108850409e-05,0.36492092295854783,14.363269512941933,0.001048749853951088,"{'AUC_ROCs': [0.9982104518659904, 0.9968723472523134, 0.9959952088523393], 'S_relative_errors': [0.1689394746074261, 0.15513662660200392, 0.15043016709828072], 'X_relative_errors': [1.0041735067729858, 1.0073593115557848, 1.010081042882268], 'Sparsity': [1.0, 1.0, 1.0], 'converged': [0, 0, 0], 'iterations': [150, 150, 150], 'primal_residual': [array(0.17194938), array(0.22539552), array(0.30176351)], 'dual_residual': [array(0.02127921), array(0.01773622), array(0.02072867)], 'times': [2.2063407984096557, 2.1720460325013846, 2.1791854328475893]}",1,COMPLETE
53,53,0.9969830169122318,0.14827749769340587,2024-05-20 04:21:02.668237,2024-05-20 04:21:05.210437,0 days 00:00:02.542200,0.0829654099677447,5.166444534469498e-05,0.012426590843731196,0.003526771086600386,2.035567359435178,"{'AUC_ROCs': [0.9981085015583455, 0.9955237198172093, 0.9973168293611403], 'S_relative_errors': [0.15857717402703023, 0.1451208560468283, 0.14113446300635907], 'X_relative_errors': [0.9976411279568911, 0.9972318089226359, 1.0000006243655235], 'Sparsity': [1.0, 1.0, 1.0], 'converged': [0, 0, 0], 'iterations': [150, 150, 150], 'primal_residual': [array(0.08019569), array(0.08891189), array(0.07962719)], 'dual_residual': [array(0.02305885), array(0.02269389), array(0.02416187)], 'times': [2.226329562952742, 2.2173087005503476, 2.2640121292788535]}",1,COMPLETE
