,number,values_0,values_1,datetime_start,datetime_complete,duration,params_lda1,params_psi_2,params_psi_3,params_rho,user_attrs_metrics,system_attrs_nsga2:generation,state
58,58,0.9969890198759047,0.005141970550032336,2024-05-20 03:57:38.950558,2024-05-20 03:57:40.770904,0 days 00:00:01.820346,0.27261270242809893,0.0015953593046604468,0.19177170652287612,0.19586544787417698,"{'AUC_ROCs': [0.998193760796871, 0.9966938183950025, 0.9960794804358407], 'S_relative_errors': [0.0062826694171730256, 0.003892021801263906, 0.0052512204316600775], 'X_relative_errors': [0.038693626416732366, 0.026894675321513215, 0.036991259856252824], 'Sparsity': [0.09751836734693878, 0.09731428571428571, 0.11946938775510205], 'converged': [0, 0, 0], 'iterations': [150, 150, 150], 'primal_residual': [0.1347523490725343, 0.11626073541864441, 0.151668259511916], 'dual_residual': [0.1347523490725343, 0.11626073541864441, 0.151668259511916], 'times': [1.607825877610594, 1.4955653103534132, 1.487763395998627]}",1,COMPLETE
59,59,0.9947859965393189,0.052875937033978575,2024-05-20 03:57:40.800865,2024-05-20 03:57:42.539060,0 days 00:00:01.738195,0.1042686888075556,0.055461026195812904,0.00237406121132662,0.007025292338527891,"{'AUC_ROCs': [0.9972490066179542, 0.9929170216670878, 0.9941919613329147], 'S_relative_errors': [0.054020475246450456, 0.05238301854936378, 0.052224317306121475], 'X_relative_errors': [0.7791262908014227, 0.7819759469695441, 0.7841847616220354], 'Sparsity': [0.05395102040816326, 0.05873469387755102, 0.07272653061224489], 'converged': [0, 0, 0], 'iterations': [150, 150, 150], 'primal_residual': [8.756793873563536, 8.327314530516432, 8.856510999431144], 'dual_residual': [8.756793873563536, 8.327314530516432, 8.856510999431144], 'times': [1.4835952892899513, 1.5232956737745553, 1.4246002021245658]}",1,COMPLETE
60,60,0.9915040144912335,0.04531144131184744,2024-05-20 03:57:42.554940,2024-05-20 03:57:44.224505,0 days 00:00:01.669565,0.5995138005422127,12.212494427174793,0.009576036891987686,0.019883813075242552,"{'AUC_ROCs': [0.9952216825943914, 0.9896605818596691, 0.9896297790196401], 'S_relative_errors': [0.04350943804109132, 0.04397201950645849, 0.04845286638799249], 'X_relative_errors': [0.7670519867185602, 0.7694222017191416, 0.7733799894240277], 'Sparsity': [0.05160816326530612, 0.056057142857142854, 0.06977142857142857], 'converged': [0, 0, 0], 'iterations': [150, 150, 150], 'primal_residual': [9.002416527459907, 8.596658134532948, 9.185622569094775], 'dual_residual': [9.002416527459907, 8.596658134532948, 9.185622569094775], 'times': [1.430750855943188, 1.405939505668357, 1.4611784804146737]}",1,COMPLETE
61,61,0.9926776227870636,0.04608565195973571,2024-05-20 03:57:44.251932,2024-05-20 03:57:45.946186,0 days 00:00:01.694254,0.019185807841088757,88.49236014890832,2.4145122745298373,0.0009083683725684975,"{'AUC_ROCs': [0.9960035453768274, 0.9905123914657958, 0.9915169315185675], 'S_relative_errors': [0.04331868603339559, 0.047270584568310126, 0.04766768527750142], 'X_relative_errors': [0.7680607745542636, 0.7742179867160202, 0.7763178705169088], 'Sparsity': [0.05201632653061224, 0.05651428571428571, 0.07039183673469387], 'converged': [0, 0, 0], 'iterations': [150, 150, 150], 'primal_residual': [8.959529529556603, 8.491902008816762, 9.040265957674762], 'dual_residual': [8.959529529556603, 8.491902008816762, 9.040265957674762], 'times': [1.4162973354104906, 1.4236173355020583, 1.4222413951065391]}",1,COMPLETE
62,62,0.9966507403604696,0.15137449808325207,2024-05-20 03:57:45.980345,2024-05-20 03:57:47.645395,0 days 00:00:01.665050,0.0002655594215021207,0.12103041904077878,0.0018407429136213902,0.00011316376875630273,"{'AUC_ROCs': [0.9982844559999489, 0.9956843615828908, 0.9959834034985691], 'S_relative_errors': [0.16234482419724103, 0.14777630236184325, 0.14400236769067187], 'X_relative_errors': [0.9843817118579262, 0.9820357344604185, 0.985204388672188], 'Sparsity': [0.3792081632653061, 0.3628571428571429, 0.4028897959183673], 'converged': [0, 0, 0], 'iterations': [150, 150, 150], 'primal_residual': [2.464359338131708, 2.5202476980667017, 2.4469449526601883], 'dual_residual': [2.464359338131708, 2.5202476980667017, 2.4469449526601883], 'times': [1.4392056502401829, 1.427334691863507, 1.4170329496264458]}",1,COMPLETE
63,63,0.9968489631102019,0.0034173261683733518,2024-05-20 03:57:47.670984,2024-05-20 03:57:49.446707,0 days 00:00:01.775723,0.30698440224218543,20.492095038936114,0.005222586703250349,0.19586544787417698,"{'AUC_ROCs': [0.998226968887101, 0.9958363049244481, 0.9964836155190567], 'S_relative_errors': [0.0029861861711870333, 0.0017718558368524171, 0.005493936497080605], 'X_relative_errors': [0.019050917487143246, 0.012904664190158876, 0.03839925937754337], 'Sparsity': [0.07926530612244898, 0.07860408163265306, 0.10303673469387756], 'converged': [0, 0, 0], 'iterations': [150, 150, 150], 'primal_residual': [0.0913395700852925, 0.07375230062892738, 0.14694636663289556], 'dual_residual': [0.0913395700852925, 0.07375230062892738, 0.14694636663289556], 'times': [1.4781941196415573, 1.513476723106578, 1.5295503195375204]}",1,COMPLETE
64,64,0.9970534162645445,0.11361387296119695,2024-05-20 03:57:49.479896,2024-05-20 03:57:51.286201,0 days 00:00:01.806305,0.030230194695503722,0.006973638393728136,0.018010230494034694,0.8449945643886555,"{'AUC_ROCs': [0.998419592810474, 0.9962211188115627, 0.9965195371715965], 'S_relative_errors': [0.11765904375494293, 0.1066125074969249, 0.11657006763172302], 'X_relative_errors': [0.6985175325019096, 0.6913845651047876, 0.7817580712149352], 'Sparsity': [0.9470122448979592, 0.9451102040816326, 0.960661224489796], 'converged': [0, 0, 0], 'iterations': [150, 150, 150], 'primal_residual': [0.013505847546056248, 0.014375591825289703, 0.013542306346980285], 'dual_residual': [0.013505847546056248, 0.014375591825289703, 0.013542306346980285], 'times': [1.5384322702884674, 1.5193619509227574, 1.5546806994825602]}",1,COMPLETE
65,65,0.989117892053514,inf,2024-05-20 03:57:51.315652,2024-05-20 03:57:53.220459,0 days 00:00:01.904807,0.3787066701591777,0.004951226049760886,99.53187762277527,53.41132384468086,"{'AUC_ROCs': [0.9937775583687505, 0.9889347697419947, 0.984641348049797], 'S_relative_errors': [inf, inf, inf], 'X_relative_errors': [inf, inf, inf], 'Sparsity': [1.0, 1.0, 1.0], 'converged': [0, 0, 0], 'iterations': [150, 150, 150], 'primal_residual': [inf, inf, inf], 'dual_residual': [inf, inf, inf], 'times': [1.591645035892725, 1.589822784299031, 1.6359548119362444]}",1,COMPLETE
66,66,0.5193750612729237,0.9901385525227734,2024-05-20 03:57:53.255327,2024-05-20 03:57:55.149625,0 days 00:00:01.894298,1.1544958808883103,19.159246733068052,0.0013526565214477544,0.38276729863988745,"{'AUC_ROCs': [0.5210715964280119, 0.5232458642327439, 0.5138077231580154], 'S_relative_errors': [0.9902155775187582, 0.9869001946095334, 0.9932998854400288], 'X_relative_errors': [5.878699140778674, 6.400060854955676, 6.661396922644906], 'Sparsity': [0.0021959183673469387, 0.0026612244897959185, 0.00196734693877551], 'converged': [0, 0, 0], 'iterations': [150, 150, 150], 'primal_residual': [0.002188892444530047, 0.0012680611386314932, 0.0032995627276508313], 'dual_residual': [0.002188892444530047, 0.0012680611386314932, 0.0032995627276508313], 'times': [1.6460822827648371, 1.6506501829717308, 1.6287122522480786]}",1,COMPLETE
67,67,0.9957689721010645,0.15725191219331228,2024-05-20 03:57:55.181291,2024-05-20 03:57:56.913532,0 days 00:00:01.732241,0.006254435802125674,0.2243267632987368,0.13569549125774438,0.1977791058633185,"{'AUC_ROCs': [0.9974752582356714, 0.9942172137970501, 0.9956144442704721], 'S_relative_errors': [0.16844124586273032, 0.15420166291744417, 0.1491128277997624], 'X_relative_errors': [0.9999999262620132, 0.999999925636713, 0.9999999340267799], 'Sparsity': [0.9887102040816327, 0.9894285714285714, 0.989534693877551], 'converged': [0, 0, 0], 'iterations': [150, 150, 150], 'primal_residual': [0.0053491137908965505, 0.005156572864825694, 0.005179135793297541], 'dual_residual': [0.0053491137908965505, 0.005156572864825694, 0.005179135793297541], 'times': [1.4340777166653425, 1.489750219276175, 1.4408052223734558]}",1,COMPLETE
68,68,0.7364920151342499,0.5751931777930762,2024-05-20 03:57:56.947943,2024-05-20 03:57:58.658752,0 days 00:00:01.710809,0.05346842603977038,0.12154423650004216,2.578530308749772,0.0006119684078081798,"{'AUC_ROCs': [0.7494125019583269, 0.7408014831717057, 0.7192620602727169], 'S_relative_errors': [0.5591242477690396, 0.5703352442602282, 0.596120041349961], 'X_relative_errors': [1.1604901088191137, 1.2404479419611398, 1.300512371363466], 'Sparsity': [0.025991836734693876, 0.02756734693877551, 0.031240816326530613], 'converged': [0, 0, 0], 'iterations': [150, 150, 150], 'primal_residual': [31.84923919692701, 33.596590805522666, 38.62163689968618], 'dual_residual': [31.84923919692701, 33.596590805522666, 38.62163689968618], 'times': [1.3838064270094037, 1.3962192533072084, 1.4550055428408086]}",1,COMPLETE
69,69,0.9896169973509715,5.818063440828306e+140,2024-05-20 03:57:58.693001,2024-05-20 03:58:00.626388,0 days 00:00:01.933387,0.00014259606822812263,19.159246733068052,4.8827947320470235,10.20932677284524,"{'AUC_ROCs': [0.994549140175785, 0.9901771304411532, 0.9841247214359766], 'S_relative_errors': [6.2148604264500665e+140, 5.9472042174014775e+140, 5.2921256786333745e+140], 'X_relative_errors': [3.689630380611625e+141, 3.8567698233973756e+141, 3.549074185833661e+141], 'Sparsity': [1.0, 1.0, 1.0], 'converged': [0, 0, 0], 'iterations': [150, 150, 150], 'primal_residual': [5.419726548783135e+143, 5.4358182083080905e+143, 5.404648213846562e+143], 'dual_residual': [5.419726548783135e+143, 5.4358182083080905e+143, 5.404648213846562e+143], 'times': [1.5997131017502397, 1.6053559188731015, 1.6477550379931927]}",1,COMPLETE
70,70,0.9967200992527913,0.1572519370126936,2024-05-20 03:58:00.653057,2024-05-20 03:58:01.313392,0 days 00:00:00.660335,0.00035884153969464687,46.8069265529057,0.14829579135414545,0.14994089524762616,"{'AUC_ROCs': [0.998206533761979, 0.9958210444012616, 0.996132719595133], 'S_relative_errors': [0.16844127322772276, 0.15420168823974492, 0.1491128495706131], 'X_relative_errors': [0.9999999974925472, 0.9999999972084693, 0.9999999978989794], 'Sparsity': [0.9967591836734694, 0.9962938775510204, 0.9966775510204081], 'converged': [1, 1, 1], 'iterations': [35, 36, 34], 'primal_residual': [0.0009917998079177052, 0.000997148134055115, 0.000968115516725989], 'dual_residual': [0.0009917998079177052, 0.000997148134055115, 0.000968115516725989], 'times': [0.34507613559253514, 0.3962189797312021, 0.3397392558399588]}",1,COMPLETE
71,71,0.5,0.9999999999999997,2024-05-20 03:58:01.327244,2024-05-20 03:58:02.962783,0 days 00:00:01.635539,0.05346842603977038,0.05005533047748055,2.578530308749772,0.00011347821109020283,"{'AUC_ROCs': [0.5, 0.5, 0.5], 'S_relative_errors': [0.9999999999999996, 0.9999999999999998, 0.9999999999999996], 'X_relative_errors': [1.6631294533348409, 1.7868521131088089, 1.8394659548837042], 'Sparsity': [0.0, 0.0, 0.0], 'converged': [0, 0, 0], 'iterations': [150, 150, 150], 'primal_residual': [55.570585172077884, 57.82476161626047, 63.79478744486042], 'dual_residual': [55.570585172077884, 57.82476161626047, 63.79478744486042], 'times': [1.4426634381525218, 1.400488235289231, 1.40425814432092]}",1,COMPLETE
72,72,0.937020425266135,0.2172246533211302,2024-05-20 03:58:02.976932,2024-05-20 03:58:04.624581,0 days 00:00:01.647649,0.3970530804033,2.1980275870634935,0.00237406121132662,0.007025292338527891,"{'AUC_ROCs': [0.9396052013159957, 0.9388904734740444, 0.9325656010083648], 'S_relative_errors': [0.21775356471512633, 0.21012583106883287, 0.22379456417943144], 'X_relative_errors': [0.8446175217311688, 0.8560959016860056, 0.8779006350789058], 'Sparsity': [0.04581224489795918, 0.050244897959183674, 0.061632653061224486], 'converged': [0, 0, 0], 'iterations': [150, 150, 150], 'primal_residual': [14.612018472768641, 14.381509548701253, 16.34090835831238], 'dual_residual': [14.612018472768641, 14.381509548701253, 16.34090835831238], 'times': [1.3978409031406045, 1.4067796850576997, 1.4225066679064184]}",1,COMPLETE
73,73,0.9889384391937845,inf,2024-05-20 03:58:04.663989,2024-05-20 03:58:06.555314,0 days 00:00:01.891325,0.0017582956847060041,0.0057312954802291845,12.188092451216711,49.96249679945924,"{'AUC_ROCs': [0.9936922100824065, 0.9893907701787239, 0.9837323373202234], 'S_relative_errors': [inf, inf, inf], 'X_relative_errors': [inf, inf, inf], 'Sparsity': [1.0, 1.0, 1.0], 'converged': [0, 0, 0], 'iterations': [150, 150, 150], 'primal_residual': [inf, inf, inf], 'dual_residual': [inf, inf, inf], 'times': [1.5849356497637928, 1.599263430107385, 1.6475246381014585]}",1,COMPLETE
74,74,0.9928797353911949,0.05169341483347937,2024-05-20 03:58:06.571548,2024-05-20 03:58:08.222370,0 days 00:00:01.650822,0.047416285283862436,85.70222243080276,6.147687442656121,0.0024385950189501036,"{'AUC_ROCs': [0.9962368203039216, 0.990722500887921, 0.991679884981742], 'S_relative_errors': [0.04860368819558429, 0.05112189581183207, 0.055354660493021755], 'X_relative_errors': [0.7731682395185633, 0.779078567845133, 0.7866580733356499], 'Sparsity': [0.052375510204081634, 0.05689795918367347, 0.0712734693877551], 'converged': [0, 0, 0], 'iterations': [150, 150, 150], 'primal_residual': [8.874676072950896, 8.406592333443578, 8.85486259205351], 'dual_residual': [8.874676072950896, 8.406592333443578, 8.85486259205351], 'times': [1.4113541862461716, 1.4286736601497978, 1.428392443805933]}",1,COMPLETE
75,75,0.5,0.9999999999999997,2024-05-20 03:58:08.259088,2024-05-20 03:58:09.939209,0 days 00:00:01.680121,0.2763903259005026,0.12103041904077878,0.10543149499554365,0.00011316376875630273,"{'AUC_ROCs': [0.5, 0.5, 0.5], 'S_relative_errors': [0.9999999999999996, 0.9999999999999998, 0.9999999999999996], 'X_relative_errors': [1.6604985860778356, 1.7849667934507787, 1.8357889645498353], 'Sparsity': [0.0, 0.0, 0.0], 'converged': [0, 0, 0], 'iterations': [150, 150, 150], 'primal_residual': [55.60632678535648, 57.84887953920809, 63.844832089591165], 'dual_residual': [55.60632678535648, 57.84887953920809, 63.844832089591165], 'times': [1.388744379626587, 1.4140508740674704, 1.4176557655446231]}",1,COMPLETE
76,76,0.9964115035670474,0.15724855281066208,2024-05-20 03:58:09.956968,2024-05-20 03:58:11.680650,0 days 00:00:01.723682,0.007457481356431483,3.939924683815545,2.578530308749772,0.04663192440155032,"{'AUC_ROCs': [0.9979115217125207, 0.9963505282457638, 0.9949724607428578], 'S_relative_errors': [0.16843761064116108, 0.15419783729013764, 0.14911021050068754], 'X_relative_errors': [0.9999905110678469, 0.9999890994279973, 0.9999922968478226], 'Sparsity': [0.9403918367346938, 0.9372816326530612, 0.9492408163265306], 'converged': [0, 0, 0], 'iterations': [150, 150, 150], 'primal_residual': [0.06093227942662185, 0.06237466195849203, 0.056138777464124566], 'dual_residual': [0.06093227942662185, 0.06237466195849203, 0.056138777464124566], 'times': [1.4395861674565822, 1.4474462671205401, 1.469282558420673]}",1,COMPLETE
77,77,0.9960742912551049,0.15725113650098152,2024-05-20 03:58:11.697700,2024-05-20 03:58:13.380611,0 days 00:00:01.682911,0.009951544515373716,0.055461026195812904,7.637309269546766,0.10149475409168258,"{'AUC_ROCs': [0.9975944622327432, 0.9953660898994038, 0.9952623216331676], 'S_relative_errors': [0.1684405178550953, 0.15420073396650302, 0.1491121576813462], 'X_relative_errors': [0.9999980425558748, 0.99999730363785, 0.9999979835032496], 'Sparsity': [0.9680408163265306, 0.9592734693877552, 0.9652408163265306], 'converged': [0, 0, 0], 'iterations': [150, 150, 150], 'primal_residual': [0.027703395682744655, 0.031073891875002334, 0.02879291562746143], 'dual_residual': [0.027703395682744655, 0.031073891875002334, 0.02879291562746143], 'times': [1.4630684270523489, 1.4443753499072045, 1.4623489410150796]}",1,COMPLETE
78,78,0.9887524467855395,inf,2024-05-20 03:58:13.407957,2024-05-20 03:58:15.269088,0 days 00:00:01.861131,0.0017582956847060041,0.018403279398371622,58.45563328703125,80.96970022200058,"{'AUC_ROCs': [0.9940602123349818, 0.9885787320299744, 0.9836183959916623], 'S_relative_errors': [inf, inf, inf], 'X_relative_errors': [inf, inf, inf], 'Sparsity': [1.0, 1.0, 1.0], 'converged': [0, 0, 0], 'iterations': [150, 150, 150], 'primal_residual': [inf, inf, inf], 'dual_residual': [inf, inf, inf], 'times': [1.6043788827955723, 1.6077989465557039, 1.6582874422892928]}",1,COMPLETE
79,79,0.7528515369607639,0.5817597893147505,2024-05-20 03:58:15.283225,2024-05-20 03:58:16.990366,0 days 00:00:01.707141,3.319091326137299,0.004007593681302486,0.024832603530709176,0.047752998979611196,"{'AUC_ROCs': [0.7989973366755444, 0.7682544209925841, 0.691302853214163], 'S_relative_errors': [0.48363478913035074, 0.5567133928435586, 0.7049311859703421], 'X_relative_errors': [1.7347184354342837, 2.5728358194716403, 3.870056855535938], 'Sparsity': [0.031159183673469388, 0.030710204081632653, 0.027257142857142858], 'converged': [0, 0, 0], 'iterations': [150, 150, 150], 'primal_residual': [22.876699401928704, 22.67606117798367, 24.69219331775516], 'dual_residual': [22.876699401928704, 22.67606117798367, 24.69219331775516], 'times': [1.451645843219012, 1.4894820395857096, 1.4690815715584904]}",1,COMPLETE
80,80,0.5,0.9999999999999997,2024-05-20 03:58:17.032147,2024-05-20 03:58:18.114275,0 days 00:00:01.082128,1.424569790172663,60.566395615909705,1.5649896295456578,1.1236490901316138,"{'AUC_ROCs': [0.5, 0.5, 0.5], 'S_relative_errors': [0.9999999999999996, 0.9999999999999998, 0.9999999999999996], 'X_relative_errors': [5.9368474385352625, 6.485078434371811, 6.706393724515581], 'Sparsity': [0.0, 0.0, 0.0], 'converged': [1, 1, 1], 'iterations': [68, 68, 68], 'primal_residual': [0.0006647001267451373, 0.0006934211604204768, 0.0007319604958004468], 'dual_residual': [0.0006647001267451373, 0.0006934211604204768, 0.0007319604958004468], 'times': [0.7395005805883557, 0.7469468188937753, 0.8099301771726459]}",1,COMPLETE
81,81,0.996430483830728,0.15723869588828018,2024-05-20 03:58:18.130291,2024-05-20 03:58:19.796773,0 days 00:00:01.666482,0.019185807841088757,0.055461026195812904,0.00237406121132662,0.07510575627901137,"{'AUC_ROCs': [0.9982234049505495, 0.9947205826112604, 0.9963474639303739], 'S_relative_errors': [0.16842806579386277, 0.15418684683485706, 0.14910117503612072], 'X_relative_errors': [0.9999657373278127, 0.9999580372469385, 0.9999658540131473], 'Sparsity': [0.9166367346938775, 0.904, 0.9127591836734694], 'converged': [0, 0, 0], 'iterations': [150, 150, 150], 'primal_residual': [0.11555174540191201, 0.12251394108114624, 0.11791498374865528], 'dual_residual': [0.11555174540191201, 0.12251394108114624, 0.11791498374865528], 'times': [1.4481856732163578, 1.451142707373947, 1.4529542699456215]}",1,COMPLETE
82,82,0.5019442318171503,0.9895350157667667,2024-05-20 03:58:19.822494,2024-05-20 03:58:21.578886,0 days 00:00:01.756392,0.005736008084431898,0.12103041904077878,0.22320948650214303,2.9112280535959756e-05,"{'AUC_ROCs': [0.5014883283722388, 0.5022818026240731, 0.5020625644551392], 'S_relative_errors': [0.9928086427664671, 0.9872538252425799, 0.9885425792912536], 'X_relative_errors': [1.652417524149318, 1.7638049928629858, 1.821351191273644], 'Sparsity': [0.00015510204081632654, 0.00026122448979591835, 0.0002938775510204082], 'converged': [0, 0, 0], 'iterations': [150, 150, 150], 'primal_residual': [55.223887980061974, 57.178152134914235, 63.119659817042745], 'dual_residual': [55.223887980061974, 57.178152134914235, 63.119659817042745], 'times': [1.4773354125209153, 1.4110042310785502, 1.5030629441607744]}",1,COMPLETE
83,83,0.989093928566256,inf,2024-05-20 03:58:21.593839,2024-05-20 03:58:23.520302,0 days 00:00:01.926463,0.05346842603977038,3.939924683815545,41.19765238592872,49.96249679945924,"{'AUC_ROCs': [0.993679851324575, 0.9894813392475109, 0.9841205951266822], 'S_relative_errors': [inf, inf, inf], 'X_relative_errors': [inf, inf, inf], 'Sparsity': [1.0, 1.0, 1.0], 'converged': [0, 0, 0], 'iterations': [150, 150, 150], 'primal_residual': [inf, inf, inf], 'dual_residual': [inf, inf, inf], 'times': [1.5840594365727156, 1.643221293343231, 1.7092885931488127]}",1,COMPLETE
84,84,0.5,0.9999999999999997,2024-05-20 03:58:23.560318,2024-05-20 03:58:25.319938,0 days 00:00:01.759620,0.27261270242809893,1.7881337686860583,0.016738584258311106,2.9112280535959756e-05,"{'AUC_ROCs': [0.5, 0.5, 0.5], 'S_relative_errors': [0.9999999999999996, 0.9999999999999998, 0.9999999999999996], 'X_relative_errors': [1.6645582787564486, 1.784536067819358, 1.8389478196767024], 'Sparsity': [0.0, 0.0, 0.0], 'converged': [0, 0, 0], 'iterations': [150, 150, 150], 'primal_residual': [55.55114052051356, 57.85438460763702, 63.801847817400784], 'dual_residual': [55.55114052051356, 57.85438460763702, 63.801847817400784], 'times': [1.420734440209344, 1.5286704278551042, 1.4978037711698562]}",1,COMPLETE
85,85,0.9923553277701157,0.042233974967100275,2024-05-20 03:58:25.340361,2024-05-20 03:58:27.145850,0 days 00:00:01.805489,0.01951677174819199,1.15015011612904,5.4076899717878115,0.0008559025712692052,"{'AUC_ROCs': [0.9958479538776446, 0.9901576528369922, 0.9910603765957101], 'S_relative_errors': [0.03998941834110164, 0.04211844189173825, 0.044594064668460935], 'X_relative_errors': [0.7649985964859904, 0.7685031804884193, 0.7722073734248238], 'Sparsity': [0.05176326530612245, 0.05630204081632653, 0.0701469387755102], 'converged': [0, 0, 0], 'iterations': [150, 150, 150], 'primal_residual': [9.012807601331156, 8.58787912762113, 9.120347479904746], 'dual_residual': [9.012807601331156, 8.58787912762113, 9.120347479904746], 'times': [1.4156944688875228, 1.4089894401840866, 1.5720718486700207]}",1,COMPLETE
