,number,values_0,values_1,datetime_start,datetime_complete,duration,params_lda1,params_ldag,params_psi_1,params_psi_2,params_psi_3,user_attrs_metrics,system_attrs_nsga2:generation,state
0,0,0.9890060853351309,0.5564934747455857,2024-05-20 04:05:59.721651,2024-05-20 04:06:02.305127,0 days 00:00:02.583476,0.0066795196996919355,1.9096627932216925,9.014846495107369,3.8421348100042434,2.4000609320306294,"{'AUC_ROCs': [0.9885045283871636, 0.9879445349159586, 0.9905691927022707], 'S_relative_errors': [0.5817357698392756, 0.5817681795700937, 0.5059764748273881], 'X_relative_errors': [2.2887082610266116, 2.562787056677603, 2.2928739182501974], 'Sparsity': [1.0, 1.0, 1.0], 'converged': [0, 0, 0], 'iterations': [150, 150, 150], 'primal_residual': [array(0.10809842), array(0.12686727), array(0.1604824)], 'dual_residual': [array(0.00444067), array(0.00787716), array(0.00906698)], 'times': [2.276272981893271, 2.321312573971227, 2.29188942280598]}",0,COMPLETE
1,1,0.9363669911318541,0.8630642744766429,2024-05-20 04:06:02.307566,2024-05-20 04:06:04.780403,0 days 00:00:02.472837,0.6907882700630381,0.01308680696833881,15.063430404470617,0.260141139870708,0.3260668195970289,"{'AUC_ROCs': [0.9502321227697524, 0.9170456692556654, 0.9418231813701444], 'S_relative_errors': [0.8082876504893625, 0.8653992201293682, 0.9155059528111982], 'X_relative_errors': [4.239491920604247, 5.073088644937773, 5.641257692678375], 'Sparsity': [1.0, 1.0, 1.0], 'converged': [0, 0, 0], 'iterations': [150, 150, 150], 'primal_residual': [array(0.01563917), array(0.01711203), array(0.02128624)], 'dual_residual': [array(0.00851756), array(0.00654676), array(0.00995244)], 'times': [2.234910926083103, 2.259440066991374, 2.2419387705158442]}",0,COMPLETE
2,2,0.9965670674014406,0.15205684043627465,2024-05-20 04:06:04.781126,2024-05-20 04:06:07.419279,0 days 00:00:02.638153,0.004677492609986164,0.006921759949429521,0.011280296109839383,0.0010560174336293434,86.92822001393715,"{'AUC_ROCs': [0.9981646151760546, 0.9955118403680221, 0.9960247466602454], 'S_relative_errors': [0.16271850916857325, 0.14907642312262048, 0.14437558901763028], 'X_relative_errors': [1.0078021758286346, 1.0064721229131304, 1.0097856409031718], 'Sparsity': [1.0, 1.0, 1.0], 'converged': [0, 0, 0], 'iterations': [150, 150, 150], 'primal_residual': [array(0.11606515), array(0.11122826), array(0.1228849)], 'dual_residual': [array(0.16536597), array(0.17487993), array(0.19325312)], 'times': [2.2055250226985663, 2.368123807013035, 2.2873048121109605]}",0,COMPLETE
3,3,0.9841433933467969,0.6374534416986811,2024-05-20 04:06:07.423215,2024-05-20 04:06:10.170058,0 days 00:00:02.746843,0.0021804030272896545,15.014356761607033,0.006665218908785342,0.6632735495994196,0.018873406919457276,"{'AUC_ROCs': [0.9806615756670662, 0.9842917043153827, 0.9874769000579418], 'S_relative_errors': [0.6838019534106479, 0.6472297023777468, 0.581328669307649], 'X_relative_errors': [3.9771904463899554, 4.110343965923109, 3.819531529355584], 'Sparsity': [1.0, 1.0, 1.0], 'converged': [0, 0, 0], 'iterations': [150, 150, 150], 'primal_residual': [array(0.00846455), array(0.00997318), array(0.0139535)], 'dual_residual': [array(0.02293516), array(0.02582656), array(0.03475921)], 'times': [2.45720926951617, 2.3660286446101964, 2.2911794206593186]}",0,COMPLETE
4,4,0.9939149757695986,0.48777578207454114,2024-05-20 04:06:10.171451,2024-05-20 04:06:12.652304,0 days 00:00:02.480853,0.0027097596217846164,3.94600570493163,1.2415915747027413,0.015096293515015879,49.48236203673276,"{'AUC_ROCs': [0.994366781037301, 0.9934277256089669, 0.993950420662528], 'S_relative_errors': [0.508577575421906, 0.5160799008155998, 0.4386698699861176], 'X_relative_errors': [0.9945474844394636, 0.9919475621544124, 0.9942118481560951], 'Sparsity': [1.0, 1.0, 1.0], 'converged': [0, 0, 0], 'iterations': [150, 150, 150], 'primal_residual': [array(0.36300422), array(0.43689982), array(0.48885822)], 'dual_residual': [array(0.02457235), array(0.04167497), array(0.0441327)], 'times': [2.2001692552585155, 2.235708610387519, 2.222702539060265]}",0,COMPLETE
5,5,0.9959585642374406,0.1566729292932606,2024-05-20 04:06:12.654219,2024-05-20 04:06:15.159470,0 days 00:00:02.505251,0.000756163705566207,0.00023046137432940642,4.840781793545134,16.730785120662002,0.02420956279415358,"{'AUC_ROCs': [0.9980636875691125, 0.994299934032258, 0.9955120711109511], 'S_relative_errors': [0.1678198745641134, 0.15361467113496804, 0.14858424218070032], 'X_relative_errors': [1.0003372831553057, 1.0004091641439987, 1.0004342814785256], 'Sparsity': [1.0, 1.0, 1.0], 'converged': [0, 0, 0], 'iterations': [150, 150, 150], 'primal_residual': [array(0.00557458), array(0.00660757), array(0.01119552)], 'dual_residual': [array(0.00330681), array(0.0033726), array(0.00287683)], 'times': [2.276231264928356, 2.1836423608474433, 2.2596038973424584]}",0,COMPLETE
6,6,0.8854107836965491,0.9999999917016277,2024-05-20 04:06:15.164117,2024-05-20 04:06:16.130074,0 days 00:00:00.965957,3.263580067414967,10.86010986407172,0.0014524322395394675,0.013847618070067392,0.32154953840999373,"{'AUC_ROCs': [0.9028094237271644, 0.8887976801574533, 0.8646252472050294], 'S_relative_errors': [0.9999999719427091, 1.000000006283398, 0.9999999968787756], 'X_relative_errors': [5.895903639528388, 6.442289724317682, 6.666712489023096], 'Sparsity': [1.0, 1.0, 1.0], 'converged': [1, 1, 1], 'iterations': [29, 29, 29], 'primal_residual': [array(0.00078192), array(0.00076353), array(0.00079847)], 'dual_residual': [array(6.62372323e-05), array(6.81795568e-05), array(8.04012465e-05)], 'times': [0.6620631811674684, 0.4426633019465953, 0.44674536935053766]}",0,COMPLETE
7,7,0.9678827383163805,0.9999997994940665,2024-05-20 04:06:16.134139,2024-05-20 04:06:16.887996,0 days 00:00:00.753857,1.1718650872317833,0.0007682674562321594,0.028340645976966367,0.5414232509352584,0.034091946067090796,"{'AUC_ROCs': [0.998175489803579, 0.9103055377536698, 0.9951671873918929], 'S_relative_errors': [0.9999997324458547, 0.9999998145114313, 0.9999998515249134], 'X_relative_errors': [5.86491761420824, 6.409727724544307, 6.637258766298478], 'Sparsity': [1.0, 1.0, 1.0], 'converged': [1, 1, 1], 'iterations': [31, 29, 31], 'primal_residual': [array(0.00082082), array(0.00093154), array(0.00054045)], 'dual_residual': [array(2.81299677e-05), array(8.38189902e-05), array(6.45650828e-06)], 'times': [0.46810459112748504, 0.47242378420196474, 0.4785138787701726]}",0,COMPLETE
8,8,0.9971310023789854,0.06442858547049207,2024-05-20 04:06:16.894990,2024-05-20 04:06:19.471515,0 days 00:00:02.576525,0.23082308866121606,0.0006873906351067904,0.015554246886360847,12.85711386201723,0.06371355536052047,"{'AUC_ROCs': [0.9985686102870001, 0.9964624963763975, 0.9963619004735588], 'S_relative_errors': [0.06502501175132164, 0.06310612346819114, 0.06515462119196343], 'X_relative_errors': [0.6357010770242373, 0.666473380306231, 0.6393999702077502], 'Sparsity': [1.0, 1.0, 1.0], 'converged': [0, 0, 0], 'iterations': [150, 150, 150], 'primal_residual': [array(0.13176954), array(0.16411283), array(0.15215089)], 'dual_residual': [array(0.04170618), array(0.03443319), array(0.05488257)], 'times': [2.224131747148931, 2.2308963565155864, 2.3009122321382165]}",0,COMPLETE
9,9,0.9972926519203799,0.10415674807776946,2024-05-20 04:06:19.479109,2024-05-20 04:06:21.942115,0 days 00:00:02.463006,0.11571057566307227,0.0003259605329081615,0.008728970494616054,7.86874849349721,66.94913163318556,"{'AUC_ROCs': [0.9984296228329326, 0.996865124497813, 0.9965832084303942], 'S_relative_errors': [0.110238975759124, 0.10157868447354394, 0.1006525840006404], 'X_relative_errors': [0.999792903999768, 0.9997870902109719, 0.9998031939775407], 'Sparsity': [1.0, 1.0, 1.0], 'converged': [0, 0, 0], 'iterations': [150, 150, 150], 'primal_residual': [array(0.01158625), array(0.01167399), array(0.01208935)], 'dual_residual': [array(0.0153232), array(0.01689012), array(0.01906155)], 'times': [2.153234377037734, 2.1462286307942122, 2.1899927461054176]}",0,COMPLETE
10,10,0.970546805401309,0.9861995034214138,2024-05-20 04:06:21.949676,2024-05-20 04:06:24.669256,0 days 00:00:02.719580,0.044932648879005936,8.56558753862196,0.011905739294112028,0.28240312112646687,0.15904077492030214,"{'AUC_ROCs': [0.9722696013208143, 0.9690876282703903, 0.9702831866127225], 'S_relative_errors': [0.9827647965147629, 0.9832826081202778, 0.9925511056292008], 'X_relative_errors': [5.7805781781346415, 6.320201849152377, 6.604176292680339], 'Sparsity': [1.0, 1.0, 1.0], 'converged': [0, 0, 0], 'iterations': [150, 150, 150], 'primal_residual': [array(0.01078518), array(0.01097547), array(0.01366682)], 'dual_residual': [array(0.00263391), array(0.00275518), array(0.00224561)], 'times': [2.4455094053409994, 2.326304665300995, 2.269230174133554]}",0,COMPLETE
11,11,0.9092101118243058,0.8650706964677523,2024-05-20 04:06:24.677191,2024-05-20 04:06:27.258398,0 days 00:00:02.581207,0.018774670749297517,0.5590558203405133,1.8993608880764175,0.0010832484097396953,0.015044558271970541,"{'AUC_ROCs': [0.9047202941169571, 0.9136946087710622, 0.909215432584898], 'S_relative_errors': [0.84862000268423, 0.8568484900071304, 0.8897435967118965], 'X_relative_errors': [4.93041116783728, 5.454165657810829, 5.883923317150212], 'Sparsity': [1.0, 1.0, 1.0], 'converged': [0, 0, 0], 'iterations': [150, 150, 150], 'primal_residual': [array(0.0626676), array(0.05059856), array(0.04476792)], 'dual_residual': [array(0.01587895), array(0.01482659), array(0.01537029)], 'times': [2.2633771437685937, 2.292079009115696, 2.3087139145936817]}",0,COMPLETE
12,12,0.997185323473161,0.0332983231366032,2024-05-20 04:06:27.266923,2024-05-20 04:06:29.918659,0 days 00:00:02.651736,0.005445328014796767,0.011583705753329879,0.2590215394719658,0.003515172748645883,0.5931469917958798,"{'AUC_ROCs': [0.9985318362364044, 0.9961158819571785, 0.9969082522259], 'S_relative_errors': [0.03429172747545453, 0.029558314318080824, 0.03604492761627423], 'X_relative_errors': [0.21668133102969397, 0.20641595468672014, 0.25681879076639563], 'Sparsity': [1.0, 1.0, 1.0], 'converged': [0, 0, 0], 'iterations': [150, 150, 150], 'primal_residual': [array(0.04438135), array(0.05612614), array(0.12804104)], 'dual_residual': [array(0.01530768), array(0.02056966), array(0.03861498)], 'times': [2.359496946679428, 2.3936548586934805, 2.256848288932815]}",0,COMPLETE
13,13,0.9982649547257471,0.12408791222985908,2024-05-20 04:06:29.929178,2024-05-20 04:06:32.519078,0 days 00:00:02.589900,0.021774269703407977,0.4609484152509934,0.18385830890028984,10.31335976075805,0.0017145014960776497,"{'AUC_ROCs': [0.9987542345121602, 0.9981307266848249, 0.997909902980256], 'S_relative_errors': [0.13651163193958052, 0.11571852965402107, 0.12003357509597565], 'X_relative_errors': [0.7008008471422527, 0.7053018705676622, 0.7346845490331569], 'Sparsity': [1.0, 1.0, 1.0], 'converged': [0, 0, 0], 'iterations': [150, 150, 150], 'primal_residual': [array(0.15173948), array(0.17851081), array(0.2267689)], 'dual_residual': [array(0.02881993), array(0.03404415), array(0.04112258)], 'times': [2.2176487057004124, 2.2301499941386282, 2.3045443354640156]}",0,COMPLETE
14,14,0.9593440137718684,1.000000081502442,2024-05-20 04:06:32.528632,2024-05-20 04:06:33.733218,0 days 00:00:01.204586,0.27945562430935456,0.0012412541974538218,0.4016203503549307,0.16277387146660277,0.024413812429394242,"{'AUC_ROCs': [0.9934633315540456, 0.9867756032902942, 0.8977931064712655], 'S_relative_errors': [1.0000001033069115, 1.000000139642953, 1.0000000015574608], 'X_relative_errors': [5.886504690102019, 6.433791000452668, 6.661750671449675], 'Sparsity': [1.0, 1.0, 1.0], 'converged': [1, 1, 1], 'iterations': [43, 40, 62], 'primal_residual': [array(0.00039902), array(0.00067459), array(0.0008078)], 'dual_residual': [array(9.7388771e-06), array(4.15607842e-05), array(1.37080604e-05)], 'times': [0.7530433251522481, 0.6147100834641606, 0.9445006411988288]}",0,COMPLETE
15,15,0.9266158657263629,0.9620367533046764,2024-05-20 04:06:33.743374,2024-05-20 04:06:36.492293,0 days 00:00:02.748919,0.009435937642026514,0.004086545137321388,0.1010029718090759,0.0012717966100151614,0.020483336007696758,"{'AUC_ROCs': [0.922632033429965, 0.9319982171046048, 0.925217346644519], 'S_relative_errors': [0.9579443369898777, 0.9579080261565823, 0.9702578967675692], 'X_relative_errors': [5.678342189957579, 6.203722392909321, 6.499336810053986], 'Sparsity': [1.0, 1.0, 1.0], 'converged': [0, 0, 0], 'iterations': [150, 150, 150], 'primal_residual': [array(0.00710115), array(0.00745745), array(0.00760899)], 'dual_residual': [array(0.01121668), array(0.01253582), array(0.01200014)], 'times': [2.4801151312422007, 2.3227013575378805, 2.435623394791037]}",0,COMPLETE
16,16,0.9684791555017637,1.0000000847544377,2024-05-20 04:06:36.503774,2024-05-20 04:06:38.746510,0 days 00:00:02.242736,0.018533916475275664,0.05407309098723452,0.0028718418678993353,0.0054240865131340915,0.002032644747777076,"{'AUC_ROCs': [0.9587375885606022, 0.9697501446576086, 0.9769497332870803], 'S_relative_errors': [1.000000134033188, 0.9999999971717818, 1.000000123058343], 'X_relative_errors': [5.935683105704869, 6.4838623320045645, 6.705284637880921], 'Sparsity': [1.0, 1.0, 1.0], 'converged': [1, 1, 1], 'iterations': [93, 119, 89], 'primal_residual': [array(0.00056683), array(0.000595), array(0.00082788)], 'dual_residual': [array(3.73409999e-06), array(4.86990336e-06), array(1.04792351e-05)], 'times': [1.3746903117280453, 1.9777834678534418, 1.4462444079108536]}",0,COMPLETE
17,17,0.9975779525524215,0.2846700380897883,2024-05-20 04:06:38.753458,2024-05-20 04:06:41.454667,0 days 00:00:02.701209,0.003906642437875432,0.0015645833972317013,0.025989543545295195,0.24407612819888905,0.07376303199023446,"{'AUC_ROCs': [0.9987953665090219, 0.9970645597038492, 0.9968739314443936], 'S_relative_errors': [0.2445717048968657, 0.2656945579938502, 0.34374385137864893], 'X_relative_errors': [1.4463240019710133, 1.7169580928314407, 2.2984620064545784], 'Sparsity': [1.0, 1.0, 1.0], 'converged': [0, 0, 0], 'iterations': [150, 150, 150], 'primal_residual': [array(0.02947357), array(0.02540862), array(0.01943867)], 'dual_residual': [array(0.08752518), array(0.08874056), array(0.08653908)], 'times': [2.2660155741032213, 2.37448728014715, 2.4559125162195414]}",0,COMPLETE
18,18,0.8232461979223998,0.999999999999834,2024-05-20 04:06:41.460851,2024-05-20 04:06:44.063517,0 days 00:00:02.602666,5.305887055152468,0.000280359910951505,3.8752461727292014,0.33669861187061556,0.09702359854412136,"{'AUC_ROCs': [0.8268059112440614, 0.7676639654429245, 0.8752687170802137], 'S_relative_errors': [0.9999999999998792, 0.9999999999998073, 0.9999999999998158], 'X_relative_errors': [5.632726830237016, 6.180798761053469, 6.45073549871953], 'Sparsity': [1.0, 1.0, 1.0], 'converged': [1, 0, 0], 'iterations': [144, 150, 150], 'primal_residual': [array(0.00096747), array(0.00117849), array(0.00121936)], 'dual_residual': [array(2.72441967e-05), array(3.31838778e-05), array(3.43467323e-05)], 'times': [2.3013633764348924, 2.2872473534662277, 2.415275535779074]}",0,COMPLETE
19,19,0.9939676966273682,0.4683252172831396,2024-05-20 04:06:44.078168,2024-05-20 04:06:46.666873,0 days 00:00:02.588705,0.0008009854503912983,3.660628594257713,0.031997120425699764,0.030265821902767064,69.21603497784602,"{'AUC_ROCs': [0.993965308947878, 0.9939089976597931, 0.994028783274433], 'S_relative_errors': [0.48606030149400914, 0.49690839325221614, 0.4220069571031936], 'X_relative_errors': [1.0070568472643238, 1.01000490278315, 1.0176720573790552], 'Sparsity': [1.0, 1.0, 1.0], 'converged': [0, 0, 0], 'iterations': [150, 150, 150], 'primal_residual': [array(0.43738211), array(0.53964517), array(0.6154766)], 'dual_residual': [array(0.04794929), array(0.05157475), array(0.06737205)], 'times': [2.3264291300438344, 2.199844563147053, 2.211453302530572]}",0,COMPLETE
20,20,0.9807080847990006,0.6417240418872919,2024-05-20 04:06:46.689057,2024-05-20 04:06:49.362749,0 days 00:00:02.673692,0.023630802032710896,3.1718506339095365,0.003658219947483829,2.0201057832502203,0.023243268226485474,"{'AUC_ROCs': [0.9788578581362501, 0.9786810812150077, 0.9845853150457441], 'S_relative_errors': [0.6906957501176803, 0.6539541829498157, 0.58052219259438], 'X_relative_errors': [3.8516923878044595, 3.977775139059524, 3.6502967126558716], 'Sparsity': [1.0, 1.0, 1.0], 'converged': [1, 1, 0], 'iterations': [149, 148, 150], 'primal_residual': [array(0.00095626), array(0.00097565), array(0.00145344)], 'dual_residual': [array(0.00089304), array(0.00084767), array(0.0013586)], 'times': [2.241275611333549, 2.4093560974579304, 2.3587852739728987]}",0,COMPLETE
21,21,0.9821373796254335,0.9324585857759624,2024-05-20 04:06:49.381464,2024-05-20 04:06:52.102209,0 days 00:00:02.720745,0.0006024909840846827,2.7433255471259814,0.025063241346233642,0.0040498110911371225,0.004139717597614679,"{'AUC_ROCs': [0.9787599190280633, 0.9808154224581079, 0.9868367973901292], 'S_relative_errors': [0.9380644495748155, 0.9333968775637143, 0.9259144301893574], 'X_relative_errors': [5.566620209725999, 6.05060871646126, 6.20732013886831], 'Sparsity': [1.0, 1.0, 1.0], 'converged': [0, 0, 0], 'iterations': [150, 150, 150], 'primal_residual': [array(0.0013978), array(0.00120099), array(0.0010478)], 'dual_residual': [array(0.00427645), array(0.00425279), array(0.00416385)], 'times': [2.2390596522018313, 2.2467524085659534, 2.395082274451852]}",0,COMPLETE
22,22,0.9972276785877754,0.1295204087486954,2024-05-20 04:06:52.115281,2024-05-20 04:06:54.622587,0 days 00:00:02.507306,0.00738392566479793,0.06599827622067454,37.56816880480023,0.003606752138765253,3.726215786294445,"{'AUC_ROCs': [0.9980282694739339, 0.9963814308669601, 0.9972733354224325], 'S_relative_errors': [0.1360059691254951, 0.1276455307870784, 0.1249097263335126], 'X_relative_errors': [0.9999139867717043, 0.9998682452616595, 0.9998629391017269], 'Sparsity': [1.0, 1.0, 1.0], 'converged': [0, 0, 0], 'iterations': [150, 150, 150], 'primal_residual': [array(0.01952944), array(0.02102695), array(0.02189807)], 'dual_residual': [array(0.01040511), array(0.01047095), array(0.0107574)], 'times': [2.2457024198956788, 2.1679118464235216, 2.208179564913735]}",0,COMPLETE
23,23,0.9968101106470341,0.15626630025975166,2024-05-20 04:06:54.629589,2024-05-20 04:06:57.131556,0 days 00:00:02.501967,0.0014134826269353484,9.091333374059629e-05,4.8323215433768105,27.687785687414927,0.03575143862744645,"{'AUC_ROCs': [0.9983525317079347, 0.9962755852216767, 0.9958022150114909], 'S_relative_errors': [0.16734802482532657, 0.15321138674588033, 0.14823948920804808], 'X_relative_errors': [1.0001188145953785, 1.0001397123337152, 1.0001657351777946], 'Sparsity': [1.0, 1.0, 1.0], 'converged': [0, 0, 0], 'iterations': [150, 150, 150], 'primal_residual': [array(0.00510709), array(0.00436244), array(0.0056863)], 'dual_residual': [array(0.00268099), array(0.00307193), array(0.00333598)], 'times': [2.1558213750831783, 2.2607682128436863, 2.132714014966041]}",0,COMPLETE
24,24,0.9777880122894844,0.8389693994295673,2024-05-20 04:06:57.155371,2024-05-20 04:06:59.859424,0 days 00:00:02.704053,0.0002918241043383349,2.0147410453227566,0.11847834955717396,0.04505888696069164,0.008000210650065169,"{'AUC_ROCs': [0.9744376148260657, 0.9739264526951145, 0.9849999693472729], 'S_relative_errors': [0.8467560181627072, 0.8401268406237814, 0.8300253395022135], 'X_relative_errors': [5.016466540167764, 5.437848865773293, 5.5582844176324615], 'Sparsity': [1.0, 1.0, 1.0], 'converged': [0, 0, 0], 'iterations': [150, 150, 150], 'primal_residual': [array(0.03078132), array(0.03108416), array(0.02705791)], 'dual_residual': [array(0.02340739), array(0.02350111), array(0.02457897)], 'times': [2.226907141972333, 2.4400130237918347, 2.3535621841438115]}",0,COMPLETE
25,25,0.9734613155706663,1.0003497092522362,2024-05-20 04:06:59.866551,2024-05-20 04:07:02.555228,0 days 00:00:02.688677,0.02811399483233384,0.005716398645765933,0.07615643157255624,0.0032598024017353997,0.004647171360027109,"{'AUC_ROCs': [0.9676145726436459, 0.9756442741469833, 0.9771250999213692], 'S_relative_errors': [1.0002400274775427, 1.0003752376922443, 1.000433862586921], 'X_relative_errors': [5.932030124724419, 6.481374494122781, 6.704274303494309], 'Sparsity': [1.0, 1.0, 1.0], 'converged': [0, 0, 0], 'iterations': [150, 150, 150], 'primal_residual': [array(0.01420831), array(0.01148359), array(0.0156859)], 'dual_residual': [array(0.00127788), array(0.00144546), array(0.00132195)], 'times': [2.262035283492878, 2.3760524403769523, 2.4384142307098955]}",0,COMPLETE
26,26,0.9967602571192572,0.1406354598705988,2024-05-20 04:07:02.570970,2024-05-20 04:07:05.090950,0 days 00:00:02.519980,0.009587124665368358,0.03795180633898786,31.692308190072172,0.005733893211110765,0.0018448569298832815,"{'AUC_ROCs': [0.9977654934093543, 0.9971318576479035, 0.9953834203005136], 'S_relative_errors': [0.1488235583958468, 0.13866124954288944, 0.1344215716730602], 'X_relative_errors': [1.0356913211637016, 1.0362979764330211, 1.0301517130139597], 'Sparsity': [1.0, 1.0, 1.0], 'converged': [0, 0, 0], 'iterations': [150, 150, 150], 'primal_residual': [array(0.47077208), array(0.41246177), array(0.37004925)], 'dual_residual': [array(0.11991856), array(0.12672707), array(0.13228676)], 'times': [2.1804092773236334, 2.220086323330179, 2.2178720354568213]}",0,COMPLETE
