,number,values_0,values_1,datetime_start,datetime_complete,duration,params_lda1,params_ldag,params_psi_1,params_psi_2,params_psi_3,user_attrs_metrics,system_attrs_nsga2:generation,state
27,27,0.994754535597845,0.14479101471069658,2024-05-20 06:52:47.698948,2024-05-20 06:52:50.141439,0 days 00:00:02.442491,0.5536359019319891,0.0001212024561885876,6.971462023112622,87.48538190517208,91.29903524410022,"{'AUC_ROCs': [0.9960751605100703, 0.9962213676846474, 0.9919670785988169], 'S_relative_errors': [0.14272501037668314, 0.14427924520396954, 0.1473687885514371], 'X_relative_errors': [0.999116472070037, 0.999200360922019, 0.9991084504210613], 'Sparsity': [1.0, 1.0, 1.0], 'converged': [0, 0, 0], 'iterations': [150, 150, 150], 'primal_residual': [array(0.00649617), array(0.00607516), array(0.0066461)], 'dual_residual': [array(0.000601), array(0.0005631), array(0.00055033)], 'times': [2.1910516968928277, 2.073516696691513, 2.0841351090930402]}",0,COMPLETE
28,28,0.9790216238162018,1.0000001331279276,2024-05-20 06:52:50.162210,2024-05-20 06:52:51.208968,0 days 00:00:01.046758,0.1793483191246708,0.3717570023754793,0.22145438956703875,0.0029542949770792947,0.004409788183691924,"{'AUC_ROCs': [0.9799741937424693, 0.9796618675174021, 0.977428810188734], 'S_relative_errors': [1.0000001316531453, 1.0000001318675777, 1.00000013586306], 'X_relative_errors': [9.480645152945314, 9.835221968936057, 9.057152796032366], 'Sparsity': [1.0, 1.0, 1.0], 'converged': [1, 1, 1], 'iterations': [41, 41, 40], 'primal_residual': [array(0.00074813), array(0.00074522), array(0.00075809)], 'dual_residual': [array(2.53128476e-05), array(2.5177412e-05), array(2.68053952e-05)], 'times': [0.61677928827703, 0.6159794095437974, 0.7184620671905577]}",0,COMPLETE
29,29,0.9783033297361713,0.5353181628261792,2024-05-20 06:52:51.228256,2024-05-20 06:52:53.868554,0 days 00:00:02.640298,0.002539220428032035,13.215864040405268,22.540269963472937,1.580330146932544,0.0016049605024717267,"{'AUC_ROCs': [0.9780355843638754, 0.9794572741709224, 0.9774171306737162], 'S_relative_errors': [0.5320333763217343, 0.5339444698835161, 0.539976642273287], 'X_relative_errors': [3.774128335159011, 3.926850797875594, 3.665552170785946], 'Sparsity': [1.0, 1.0, 1.0], 'converged': [0, 0, 0], 'iterations': [150, 150, 150], 'primal_residual': [array(0.01762683), array(0.01943822), array(0.02014192)], 'dual_residual': [array(0.00128389), array(0.001196), array(0.00134505)], 'times': [2.3269039504230022, 2.2885776171460748, 2.2758856881409883]}",0,COMPLETE
30,30,0.5173338768435807,0.998228498201823,2024-05-20 06:52:53.887766,2024-05-20 06:52:56.621897,0 days 00:00:02.734131,2.9890510872895786,7.747370922792274,7.931003609778707,26.855409711754344,0.0020921460146768683,"{'AUC_ROCs': [0.5182973105610451, 0.5348823345961875, 0.4988219853735094], 'S_relative_errors': [0.9981721472987569, 0.9983751306457926, 0.9981382166609192], 'X_relative_errors': [6.1952254684046455, 6.3918862429983765, 5.83287493915423], 'Sparsity': [1.0, 1.0, 1.0], 'converged': [0, 0, 0], 'iterations': [150, 150, 150], 'primal_residual': [array(0.06740647), array(0.06981317), array(0.05796879)], 'dual_residual': [array(0.00106288), array(0.00096182), array(0.00103018)], 'times': [2.427357200300321, 2.2499065375886858, 2.324078044621274]}",0,COMPLETE
31,31,0.5103138849373808,0.999999999999404,2024-05-20 06:52:56.640969,2024-05-20 06:52:58.084771,0 days 00:00:01.443802,3.4969904114529453,0.0001474411131632359,0.0507424177093223,11.733425537644196,2.3784159455411022,"{'AUC_ROCs': [0.5119615128374467, 0.5150741407856194, 0.5039060011890766], 'S_relative_errors': [0.9999999999992827, 0.9999999999992221, 0.9999999999997071], 'X_relative_errors': [7.858717942187389, 8.132227865731823, 7.463640815866631], 'Sparsity': [1.0, 1.0, 1.0], 'converged': [1, 1, 1], 'iterations': [70, 70, 72], 'primal_residual': [array(0.00093876), array(0.00097454), array(0.00094702)], 'dual_residual': [array(2.53385056e-05), array(2.61881033e-05), array(2.54189752e-05)], 'times': [1.1351169350091368, 1.0539362849667668, 1.09280809876509]}",0,COMPLETE
32,32,0.9774514340860755,0.8882280201536642,2024-05-20 06:52:58.104801,2024-05-20 06:53:00.841692,0 days 00:00:02.736891,0.0007500503559272771,0.14594550138349693,0.00215282389034324,0.028599608322863415,0.03188979595751598,"{'AUC_ROCs': [0.9786015784853331, 0.9774992112992563, 0.9762535124736371], 'S_relative_errors': [0.8879029598001864, 0.8883456270415768, 0.8884354736192293], 'X_relative_errors': [8.423886329611143, 8.743303837983948, 8.052509115760605], 'Sparsity': [1.0, 1.0, 1.0], 'converged': [0, 0, 0], 'iterations': [150, 150, 150], 'primal_residual': [array(0.00085284), array(0.00079679), array(0.00100265)], 'dual_residual': [array(0.0099025), array(0.00979694), array(0.00973174)], 'times': [2.4408464869484305, 2.3579581137746572, 2.2622803333215415]}",0,COMPLETE
33,33,0.9950680498742702,0.07470805971281498,2024-05-20 06:53:00.861929,2024-05-20 06:53:03.398955,0 days 00:00:02.537026,0.18762420658925755,5.0948031073729575e-05,15.266809890773315,0.5814180421640518,8.641978082390843,"{'AUC_ROCs': [0.9965648778430496, 0.9958174286944551, 0.992821843085306], 'S_relative_errors': [0.07450279383697712, 0.07208614415718989, 0.07753524114427794], 'X_relative_errors': [0.9991517957844227, 0.9984017942828161, 0.9991765579079455], 'Sparsity': [1.0, 1.0, 1.0], 'converged': [0, 0, 0], 'iterations': [150, 150, 150], 'primal_residual': [array(0.00763015), array(0.00816974), array(0.00785891)], 'dual_residual': [array(0.00109033), array(0.00109448), array(0.00111829)], 'times': [2.3062111663166434, 2.162313878070563, 2.1803146731108427]}",0,COMPLETE
34,34,0.9948544938655545,0.09557621328686194,2024-05-20 06:53:03.420928,2024-05-20 06:53:06.141456,0 days 00:00:02.720528,0.0006135810849899637,0.027427909579853808,9.960351513598102,0.21098029475557212,1.5114307628890518,"{'AUC_ROCs': [0.9964707490782057, 0.995445501915741, 0.9926472306027166], 'S_relative_errors': [0.09552655051980954, 0.09180993546663159, 0.09939215387414467], 'X_relative_errors': [0.9999519019424371, 0.9999429763190877, 0.9999523273043196], 'Sparsity': [1.0, 1.0, 1.0], 'converged': [0, 0, 0], 'iterations': [150, 150, 150], 'primal_residual': [array(0.00531733), array(0.00519021), array(0.00472926)], 'dual_residual': [array(0.00096178), array(0.00095359), array(0.00088111)], 'times': [2.1147754767443985, 2.15014533768408, 2.39368941122666]}",0,COMPLETE
35,35,0.9715783049043533,0.7874164976874288,2024-05-20 06:53:06.161211,2024-05-20 06:53:09.088386,0 days 00:00:02.927175,0.002504005210772624,0.000853989142712224,0.2959626884141201,0.023504579646170004,0.004464232127241199,"{'AUC_ROCs': [0.9712386129630245, 0.9706404640744333, 0.9728558376756018], 'S_relative_errors': [0.7869242179759559, 0.7891781097213342, 0.7861471653649962], 'X_relative_errors': [7.465374385247293, 7.7666238218019155, 7.124837565750224], 'Sparsity': [1.0, 1.0, 1.0], 'converged': [0, 0, 0], 'iterations': [150, 150, 150], 'primal_residual': [array(0.05147024), array(0.04412704), array(0.0475709)], 'dual_residual': [array(0.04062758), array(0.04076478), array(0.03999275)], 'times': [2.5538588983472437, 2.249170236987993, 2.25181527948007]}",0,COMPLETE
36,36,0.793191230767239,0.9997819328501131,2024-05-20 06:53:09.112975,2024-05-20 06:53:11.298562,0 days 00:00:02.185587,1.4000227017811158,3.117033754664424e-05,0.7982335012743343,4.6991664290126325,4.29450259381686,"{'AUC_ROCs': [0.764521054370433, 0.811845226765605, 0.803207411165679], 'S_relative_errors': [0.9997091283263088, 0.9997482678503303, 0.9998884023736999], 'X_relative_errors': [8.40030187242459, 8.703143363040661, 7.997472768388305], 'Sparsity': [1.0, 1.0, 1.0], 'converged': [1, 1, 1], 'iterations': [124, 111, 115], 'primal_residual': [array(0.00099181), array(0.00083101), array(0.00099172)], 'dual_residual': [array(0.0001128), array(0.00018477), array(4.74915127e-05)], 'times': [1.9526188534218818, 1.6715587072540075, 1.8206150345504284]}",0,COMPLETE
37,37,0.8134679891519774,0.999999999986021,2024-05-20 06:53:11.313782,2024-05-20 06:53:13.918564,0 days 00:00:02.604782,8.043506475888428,2.0334938732135735e-05,26.886218741222056,0.33128222869039076,0.06556324311149202,"{'AUC_ROCs': [0.8087248618624083, 0.8157173747887273, 0.8159617308047966], 'S_relative_errors': [0.9999999999879924, 0.9999999999851807, 0.9999999999848896], 'X_relative_errors': [8.478589808247502, 8.79075623304383, 8.08653554177642], 'Sparsity': [1.0, 1.0, 1.0], 'converged': [0, 0, 0], 'iterations': [150, 150, 150], 'primal_residual': [array(0.01463507), array(0.01585383), array(0.01594897)], 'dual_residual': [array(0.00041236), array(0.0004467), array(0.00044947)], 'times': [2.3787820010911673, 2.2542252603452653, 2.227423384785652]}",0,COMPLETE
38,38,0.9871647330692274,1.0000000598580605,2024-05-20 06:53:13.927126,2024-05-20 06:53:14.705917,0 days 00:00:00.778791,1.96653259698528,38.446919138493875,0.003015444290747672,0.004490587253000981,0.037796199063746566,"{'AUC_ROCs': [0.9878315016500654, 0.9877819443336473, 0.9858807532239692], 'S_relative_errors': [1.0000000600585683, 1.0000000598773902, 1.0000000596382226], 'X_relative_errors': [9.487534154841564, 9.842439338290589, 9.063898247339566], 'Sparsity': [1.0, 1.0, 1.0], 'converged': [1, 1, 1], 'iterations': [31, 31, 31], 'primal_residual': [array(0.00032188), array(0.00031811), array(0.00031239)], 'dual_residual': [array(6.87660406e-06), array(6.79782511e-06), array(6.66916391e-06)], 'times': [0.46474575670436025, 0.4670802273321897, 0.4709192037116736]}",0,COMPLETE
39,39,0.7084213687159506,0.9994795457946427,2024-05-20 06:53:14.715127,2024-05-20 06:53:17.420521,0 days 00:00:02.705394,5.297816253849333,6.0288345318568156e-05,35.05561770084218,22.353198219594283,0.020509578110016368,"{'AUC_ROCs': [0.7066111835789203, 0.7036248697841951, 0.7150280527847366], 'S_relative_errors': [0.9995122587119527, 0.9993688570878393, 0.9995575215841359], 'X_relative_errors': [5.913253513777624, 6.09917461645286, 5.566754950118952], 'Sparsity': [1.0, 1.0, 1.0], 'converged': [0, 0, 0], 'iterations': [150, 150, 150], 'primal_residual': [array(0.17673807), array(0.17985264), array(0.17316983)], 'dual_residual': [array(0.00245675), array(0.0028538), array(0.01490809)], 'times': [2.268636568216607, 2.1946238605305552, 2.411101712845266]}",0,COMPLETE
40,40,0.7216574463584736,0.9999999998023265,2024-05-20 06:53:17.443750,2024-05-20 06:53:20.236019,0 days 00:00:02.792269,13.85738653961982,7.769740523007101,0.054198520231272806,42.78946279369038,39.844196566356416,"{'AUC_ROCs': [0.7112880296933188, 0.7106736606490986, 0.7430106487330033], 'S_relative_errors': [0.9999999998083288, 0.9999999998064614, 0.9999999997921891], 'X_relative_errors': [2.060909149449155, 2.1395155067029723, 1.8950298574098186], 'Sparsity': [1.0, 1.0, 1.0], 'converged': [0, 0, 0], 'iterations': [150, 150, 150], 'primal_residual': [array(0.27646254), array(0.27089268), array(0.2689543)], 'dual_residual': [array(0.00296804), array(0.00290907), array(0.00281151)], 'times': [2.4172416834626347, 2.1983011695556343, 2.2083026440814137]}",0,COMPLETE
41,41,0.9957822123633479,0.062413733044963726,2024-05-20 06:53:20.246527,2024-05-20 06:53:22.844807,0 days 00:00:02.598280,0.1111607626678998,0.02002432837146308,0.7881812562343815,0.014467321605460522,11.015509782562807,"{'AUC_ROCs': [0.9976744711271418, 0.9959956359919517, 0.9936765299709502], 'S_relative_errors': [0.06131050371383104, 0.06144456296524214, 0.06448613245581801], 'X_relative_errors': [0.8512353027231472, 0.861540529847351, 0.8556871376637678], 'Sparsity': [1.0, 1.0, 1.0], 'converged': [0, 0, 0], 'iterations': [150, 150, 150], 'primal_residual': [array(0.03907776), array(0.04063415), array(0.04218966)], 'dual_residual': [array(0.01591199), array(0.01540361), array(0.01471355)], 'times': [2.1993725718930364, 2.3013718945439905, 2.331345209851861]}",0,COMPLETE
42,42,0.9954489762093038,0.10108655448966164,2024-05-20 06:53:22.865813,2024-05-20 06:53:25.404840,0 days 00:00:02.539027,0.012471050792951043,0.007400359182532072,0.0036089095762190143,0.063346593792208,14.410979711717994,"{'AUC_ROCs': [0.9965232725923833, 0.9954992577757438, 0.9943243982597844], 'S_relative_errors': [0.10041899184875652, 0.09729762354230526, 0.10554304807792311], 'X_relative_errors': [1.0357148181672466, 1.039383574192516, 1.0338745274991052], 'Sparsity': [1.0, 1.0, 1.0], 'converged': [0, 0, 0], 'iterations': [150, 150, 150], 'primal_residual': [array(0.49695689), array(0.4865035), array(0.48737194)], 'dual_residual': [array(0.09049766), array(0.08745737), array(0.08660395)], 'times': [2.261703741038218, 2.1992679880931973, 2.2162282697390765]}",0,COMPLETE
43,43,0.9792481352615274,0.535231129647774,2024-05-20 06:53:25.429531,2024-05-20 06:53:28.154175,0 days 00:00:02.724644,0.0005150772580503781,0.6405259595971118,0.18788193147677076,0.3286019629927516,1.383346522964712,"{'AUC_ROCs': [0.9798058280411996, 0.9795078909728083, 0.9784306867705741], 'S_relative_errors': [0.5325663133219513, 0.5340617239339318, 0.5390653516874392], 'X_relative_errors': [4.8317442086126805, 5.02514501350302, 4.669355244693187], 'Sparsity': [1.0, 1.0, 1.0], 'converged': [0, 0, 0], 'iterations': [150, 150, 150], 'primal_residual': [array(0.01151735), array(0.0096576), array(0.01116296)], 'dual_residual': [array(0.01289084), array(0.0130477), array(0.01137801)], 'times': [2.4372893408872187, 2.25930157979019, 2.2944205994717777]}",0,COMPLETE
44,44,0.9977688580101991,0.07572883321914496,2024-05-20 06:53:28.166244,2024-05-20 06:53:31.027876,0 days 00:00:02.861632,0.07719815655159894,0.034825310985261836,0.6155407187175336,0.03108633558343381,2.15784732665125,"{'AUC_ROCs': [0.998671584114421, 0.9980854550403839, 0.9965495348757923], 'S_relative_errors': [0.06209400187314252, 0.1002756373356926, 0.06481686044859974], 'X_relative_errors': [0.46815174762827233, 0.8442097705772957, 0.4704711923082472], 'Sparsity': [1.0, 1.0, 1.0], 'converged': [0, 0, 0], 'iterations': [150, 150, 150], 'primal_residual': [array(0.14830132), array(0.11619991), array(0.13753757)], 'dual_residual': [array(0.10496714), array(0.11112359), array(0.10247766)], 'times': [2.565337936161086, 2.4278984733391553, 2.2887892317958176]}",0,COMPLETE
45,45,0.9947435049272872,0.10347912599589788,2024-05-20 06:53:31.045579,2024-05-20 06:53:33.522477,0 days 00:00:02.476898,0.0007608936945381069,0.004942148938936119,3.0175224006711128,0.36842694059007597,27.53041965849789,"{'AUC_ROCs': [0.9968294829315931, 0.9947649228595274, 0.9926361089907414], 'S_relative_errors': [0.10321609194913134, 0.099289705384932, 0.10793158065363037], 'X_relative_errors': [0.9999388378820907, 0.9999374131666386, 0.9999313441673688], 'Sparsity': [1.0, 1.0, 1.0], 'converged': [0, 0, 0], 'iterations': [150, 150, 150], 'primal_residual': [array(0.00509007), array(0.00538241), array(0.00606239)], 'dual_residual': [array(0.00371619), array(0.00356406), array(0.00326725)], 'times': [2.187606877181679, 2.0966343409381807, 2.118244257988408]}",0,COMPLETE
46,46,0.9542428173107046,0.9978676881579981,2024-05-20 06:53:33.552122,2024-05-20 06:53:36.140101,0 days 00:00:02.587979,0.01651937878642372,16.605369140816638,0.010222522595023743,0.1547405064727909,0.005365404866458605,"{'AUC_ROCs': [0.9517766289494889, 0.957853701231178, 0.9530981217514467], 'S_relative_errors': [0.9974026006152218, 0.9979094182326677, 0.9982910456261048], 'X_relative_errors': [9.448463198568716, 9.80655637469114, 9.034246758824269], 'Sparsity': [1.0, 1.0, 1.0], 'converged': [0, 0, 0], 'iterations': [150, 150, 150], 'primal_residual': [array(0.01466539), array(0.01486188), array(0.01510319)], 'dual_residual': [array(0.00360556), array(0.00333891), array(0.00300566)], 'times': [2.2528351705987006, 2.290781734744087, 2.2666454350110143]}",0,COMPLETE
47,47,0.9945353043571917,0.10257268115745687,2024-05-20 06:53:36.150635,2024-05-20 06:53:38.826337,0 days 00:00:02.675702,0.007668218069427255,7.324920831217402e-05,5.467735337554859,0.08297527266940107,0.17863607765864392,"{'AUC_ROCs': [0.9964521935610309, 0.994536223552721, 0.9926174959578233], 'S_relative_errors': [0.10218833666717338, 0.09853430153973405, 0.10699540526546313], 'X_relative_errors': [1.0004736446801488, 1.0006413084855674, 1.0004967941479177], 'Sparsity': [1.0, 1.0, 1.0], 'converged': [0, 0, 0], 'iterations': [150, 150, 150], 'primal_residual': [array(0.01618358), array(0.01571628), array(0.01523036)], 'dual_residual': [array(0.00555937), array(0.00550268), array(0.00470685)], 'times': [2.3081988859921694, 2.1520534509327263, 2.1931342480238527]}",0,COMPLETE
48,48,0.9215925415025086,0.9999998919862723,2024-05-20 06:53:38.857240,2024-05-20 06:53:39.734104,0 days 00:00:00.876864,0.6463082499773237,0.0006387862052490603,0.21050549628261628,1.1964489349615355,0.05261512973957736,"{'AUC_ROCs': [0.97824538641844, 0.7997013818620172, 0.9868308562270683], 'S_relative_errors': [0.9999998933978584, 0.9999999705439057, 0.9999998120170526], 'X_relative_errors': [9.334437872975164, 9.681734406239896, 8.913478230471426], 'Sparsity': [1.0, 1.0, 1.0], 'converged': [1, 1, 1], 'iterations': [34, 35, 33], 'primal_residual': [array(0.00058798), array(0.00026216), array(0.00094644)], 'dual_residual': [array(9.51720317e-06), array(1.34896324e-05), array(2.34683408e-05)], 'times': [0.5453324015252292, 0.5278558353893459, 0.49981508520431817]}",0,COMPLETE
49,49,0.993989781970895,0.34857125582877213,2024-05-20 06:53:39.764163,2024-05-20 06:53:42.434645,0 days 00:00:02.670482,0.0016257846504875706,0.0012555122059511204,0.038020770105801516,0.2754472997253276,0.12792622920881902,"{'AUC_ROCs': [0.9956962791033722, 0.994533344576328, 0.991739722232985], 'S_relative_errors': [0.3528004440091461, 0.35004882099078427, 0.3428645024863861], 'X_relative_errors': [3.346692272177739, 3.444837919697595, 3.1074417350261037], 'Sparsity': [1.0, 1.0, 1.0], 'converged': [0, 0, 0], 'iterations': [150, 150, 150], 'primal_residual': [array(0.0595246), array(0.05643989), array(0.0581508)], 'dual_residual': [array(0.12200431), array(0.12240543), array(0.12142922)], 'times': [2.377492311410606, 2.2595085052307695, 2.3031049624551088]}",0,COMPLETE
50,50,0.8318098254667206,0.9999999999655077,2024-05-20 06:53:42.456473,2024-05-20 06:53:45.046984,0 days 00:00:02.590511,11.811132294851069,0.006204189069177837,50.054503648119734,0.03352919190707698,0.024378680864998628,"{'AUC_ROCs': [0.8409921568961234, 0.8363225791289898, 0.8181147403750483], 'S_relative_errors': [0.9999999999665837, 0.999999999967902, 0.9999999999620376], 'X_relative_errors': [7.930387020841858, 8.220285879117483, 7.555515441456777], 'Sparsity': [1.0, 1.0, 1.0], 'converged': [0, 0, 0], 'iterations': [150, 150, 150], 'primal_residual': [array(0.02359266), array(0.02290847), array(0.02464327)], 'dual_residual': [array(0.00066774), array(0.00064838), array(0.00069749)], 'times': [2.2831291053444147, 2.298054130980745, 2.206004918552935]}",1,COMPLETE
51,51,0.9947697573356379,0.1020156179034639,2024-05-20 06:53:45.075235,2024-05-20 06:53:47.687152,0 days 00:00:02.611917,0.0021212925522767928,0.007400359182532072,0.0036089095762190143,0.3655204655297871,14.410979711717994,"{'AUC_ROCs': [0.996163463505027, 0.9949742507430406, 0.9931715577588458], 'S_relative_errors': [0.10162897513832912, 0.09787160881902952, 0.10654626975303304], 'X_relative_errors': [0.999501341504327, 0.999717653487067, 0.9997100232721554], 'Sparsity': [1.0, 1.0, 1.0], 'converged': [0, 0, 0], 'iterations': [150, 150, 150], 'primal_residual': [array(0.10609249), array(0.10130973), array(0.10175318)], 'dual_residual': [array(0.01998984), array(0.02034371), array(0.02000438)], 'times': [2.2977574875112623, 2.183194634038955, 2.1994847492314875]}",1,COMPLETE
52,52,0.9953771444059906,0.09714271017859644,2024-05-20 06:53:47.701369,2024-05-20 06:53:50.211525,0 days 00:00:02.510156,0.021509228752353393,8.705329446702389e-05,0.6569072413980196,0.0033547935698487806,9.424215695731398,"{'AUC_ROCs': [0.9974113896831928, 0.9954812258316433, 0.9932388177031355], 'S_relative_errors': [0.09679948457689203, 0.09290400383402696, 0.1017246421248703], 'X_relative_errors': [1.0000639899245636, 0.9999724020342593, 0.9999356273223077], 'Sparsity': [1.0, 1.0, 1.0], 'converged': [0, 0, 0], 'iterations': [150, 150, 150], 'primal_residual': [array(0.07169985), array(0.06770779), array(0.06117599)], 'dual_residual': [array(0.03607753), array(0.03668943), array(0.03752728)], 'times': [2.1928343446925282, 2.1508625014685094, 2.163477298570797]}",1,COMPLETE
53,53,0.9963743472783166,0.33047128689855026,2024-05-20 06:53:50.244629,2024-05-20 06:53:52.900026,0 days 00:00:02.655397,0.07719815655159894,0.9804812039187738,4.180418906417041,7.100304926030526,2.15784732665125,"{'AUC_ROCs': [0.9967942107376366, 0.9969910416424663, 0.9953377894548472], 'S_relative_errors': [0.3137626716422299, 0.33059908544285427, 0.3470521036105667], 'X_relative_errors': [1.7316342451902453, 1.9370537124852782, 1.9243556661293206], 'Sparsity': [1.0, 1.0, 1.0], 'converged': [0, 0, 0], 'iterations': [150, 150, 150], 'primal_residual': [array(0.10296852), array(0.10749942), array(0.0967572)], 'dual_residual': [array(0.00720992), array(0.00739803), array(0.0061062)], 'times': [2.36790322791785, 2.291111830621958, 2.2702608339022845]}",1,COMPLETE
