,number,values_0,values_1,datetime_start,datetime_complete,duration,params_lda1,params_ldag,params_psi_1,params_psi_2,params_psi_3,user_attrs_metrics,system_attrs_nsga2:generation,state
81,81,0.9949829036503898,0.10008059732542772,2024-05-20 06:48:16.848736,2024-05-20 06:48:19.300835,0 days 00:00:02.452099,0.013777168862140117,1.4434271507130773e-05,49.43010152089179,0.0013018820885332069,28.458763903377783,"{'AUC_ROCs': [0.9966939885838317, 0.9955153525192005, 0.9927393698481369], 'S_relative_errors': [0.09962846032055205, 0.09605921379125446, 0.10455411786447666], 'X_relative_errors': [0.9999758271262987, 0.9999665362642234, 0.9999576724957085], 'Sparsity': [1.0, 1.0, 1.0], 'converged': [0, 0, 0], 'iterations': [150, 150, 150], 'primal_residual': [array(0.00503438), array(0.00488946), array(0.00504319)], 'dual_residual': [array(0.00478301), array(0.00475199), array(0.00466082)], 'times': [2.148466382175684, 2.141167011577636, 2.1469087027944624]}",1,COMPLETE
82,82,0.9954730785324196,0.094879152610577,2024-05-20 06:48:19.349283,2024-05-20 06:48:21.857020,0 days 00:00:02.507737,0.0003279765627876544,0.022807206328551564,2.6547240335805187,8.890446758562645,7.197593845919718,"{'AUC_ROCs': [0.9972540956803702, 0.994980439638414, 0.9941847002784744], 'S_relative_errors': [0.0948179958542675, 0.09095574465829988, 0.09886371731916357], 'X_relative_errors': [1.0000473683137485, 1.0000475074293045, 1.0000522537948036], 'Sparsity': [1.0, 1.0, 1.0], 'converged': [0, 0, 0], 'iterations': [150, 150, 150], 'primal_residual': [array(0.007608), array(0.0077488), array(0.00801455)], 'dual_residual': [array(0.00196378), array(0.00193095), array(0.00189964)], 'times': [2.0710763551760465, 2.069654552731663, 2.1798395968507975]}",1,COMPLETE
83,83,0.9948460116230976,0.10563654784256167,2024-05-20 06:48:21.905164,2024-05-20 06:48:24.559600,0 days 00:00:02.654436,0.00014166962889120723,4.291705919814883e-05,1.6766329403498499,0.8983214844221064,0.056547361241579754,"{'AUC_ROCs': [0.9967740286912006, 0.9954104112930049, 0.9923535948850876], 'S_relative_errors': [0.105262477363972, 0.10146460758830567, 0.11018255857540737], 'X_relative_errors': [1.000010989988637, 1.0000098001709554, 1.0000025453669859], 'Sparsity': [1.0, 1.0, 1.0], 'converged': [0, 0, 0], 'iterations': [150, 150, 150], 'primal_residual': [array(0.01232943), array(0.01340309), array(0.01309187)], 'dual_residual': [array(0.00622463), array(0.00586891), array(0.00502777)], 'times': [2.1561455386690795, 2.155226192669943, 2.2861504163593054]}",1,COMPLETE
84,84,0.9949446441293461,0.1050863734879538,2024-05-20 06:48:24.608481,2024-05-20 06:48:27.157782,0 days 00:00:02.549301,0.0009680205577179118,0.00023245952941936646,3.404722933817265,0.006014510937794404,0.21433227960886905,"{'AUC_ROCs': [0.9967256978758496, 0.9951041429035944, 0.9930040916085944], 'S_relative_errors': [0.10468826131529224, 0.10092455919899054, 0.10964629994957859], 'X_relative_errors': [0.9987973210968736, 0.9988630425220008, 0.9992702145431908], 'Sparsity': [1.0, 1.0, 1.0], 'converged': [0, 0, 0], 'iterations': [150, 150, 150], 'primal_residual': [array(0.07176946), array(0.07628967), array(0.09088256)], 'dual_residual': [array(0.03696919), array(0.03297273), array(0.02215737)], 'times': [2.190218312200159, 2.1739929898176342, 2.235603567911312]}",1,COMPLETE
85,85,0.9951445237107515,0.10865045712746375,2024-05-20 06:48:27.205114,2024-05-20 06:48:29.742812,0 days 00:00:02.537698,0.0001668470395499947,1.4434271507130773e-05,0.0010591232081006384,0.0013018820885332069,7.197593845919718,"{'AUC_ROCs': [0.9968362679671835, 0.9953250718315398, 0.9932722313335313], 'S_relative_errors': [0.10832281790884021, 0.1042131344670565, 0.11341541900649452], 'X_relative_errors': [1.0297110341163984, 1.0277148764541542, 1.0300555523978523], 'Sparsity': [1.0, 1.0, 1.0], 'converged': [0, 0, 0], 'iterations': [150, 150, 150], 'primal_residual': [array(0.43532861), array(0.44448544), array(0.43649209)], 'dual_residual': [array(0.17286328), array(0.17025608), array(0.17241717)], 'times': [2.2863099749665707, 2.2746170042082667, 2.2209792495705187]}",1,COMPLETE
86,86,0.9954148891308892,0.10558855474221945,2024-05-20 06:48:29.791295,2024-05-20 06:48:32.172707,0 days 00:00:02.381412,0.00029392300811654907,2.6690234339735734e-05,1.0084880779322662,6.466195377225614,4.284701261470494,"{'AUC_ROCs': [0.9966449334128538, 0.9959361921563085, 0.9936635418235054], 'S_relative_errors': [0.10521516578146622, 0.10141524269400876, 0.11013525575118337], 'X_relative_errors': [1.0000912686585266, 1.0000746947057797, 1.000084264359821], 'Sparsity': [1.0, 1.0, 1.0], 'converged': [0, 0, 0], 'iterations': [150, 150, 150], 'primal_residual': [array(0.0050495), array(0.00497345), array(0.00497592)], 'dual_residual': [array(0.00089508), array(0.00093029), array(0.00091901)], 'times': [2.075199423590675, 2.0713231852278113, 2.0747479393612593]}",1,COMPLETE
87,87,0.9875926999556235,0.44718935421568173,2024-05-20 06:48:32.204693,2024-05-20 06:48:34.965468,0 days 00:00:02.760775,0.004107095652546136,0.20941333304380608,0.0627435437013304,2.7014170899628156,0.003947762969719607,"{'AUC_ROCs': [0.9883233391208198, 0.9883695663329689, 0.986085194413082], 'S_relative_errors': [0.43772536865858747, 0.4483603935447361, 0.4554823004437216], 'X_relative_errors': [3.8324061625915937, 4.073614309500776, 3.8170704007175296], 'Sparsity': [1.0, 1.0, 1.0], 'converged': [0, 0, 0], 'iterations': [150, 150, 150], 'primal_residual': [array(0.0131613), array(0.01205748), array(0.01122148)], 'dual_residual': [array(0.00242434), array(0.00197613), array(0.00191569)], 'times': [2.231760546565056, 2.2567820413969457, 2.4169455617666245]}",1,COMPLETE
88,88,0.9951102793103278,0.08182799489570748,2024-05-20 06:48:35.017397,2024-05-20 06:48:37.541094,0 days 00:00:02.523697,0.07678880127175904,3.371052471516375e-05,0.2821446209475893,3.7107439081888782,42.9462744842599,"{'AUC_ROCs': [0.9967775957561029, 0.9960574619662551, 0.9924957802086254], 'S_relative_errors': [0.08213882526630101, 0.0785846396717581, 0.08476051974906333], 'X_relative_errors': [0.9998327396858071, 0.9997765786381574, 0.9998163136417783], 'Sparsity': [1.0, 1.0, 1.0], 'converged': [0, 0, 0], 'iterations': [150, 150, 150], 'primal_residual': [array(0.0083709), array(0.00793475), array(0.00743942)], 'dual_residual': [array(0.00274982), array(0.00279713), array(0.00285817)], 'times': [2.1466105082072318, 2.1488670797552913, 2.2224688644055277]}",1,COMPLETE
89,89,0.997196896936058,0.28509207070280357,2024-05-20 06:48:37.592607,2024-05-20 06:48:40.188281,0 days 00:00:02.595674,0.0002995763548612406,0.019034078027124268,1.1240839359629922,0.048479146338720525,0.21838035107083006,"{'AUC_ROCs': [0.9982570611994438, 0.9969132043141378, 0.9964204252945923], 'S_relative_errors': [0.2878030412700211, 0.28929973247744367, 0.278173438360946], 'X_relative_errors': [2.718093517587433, 2.8334060879231817, 2.507633625490569], 'Sparsity': [1.0, 1.0, 1.0], 'converged': [0, 0, 0], 'iterations': [150, 150, 150], 'primal_residual': [array(0.05715344), array(0.05772777), array(0.05614857)], 'dual_residual': [array(0.1140666), array(0.11303054), array(0.11234143)], 'times': [2.21148414327763, 2.218073741532862, 2.2472014182712883]}",1,COMPLETE
90,90,0.9948507912152831,0.1018510428550506,2024-05-20 06:48:40.242534,2024-05-20 06:48:42.801305,0 days 00:00:02.558771,0.0005403039972701998,0.007284361739952315,20.55593801875372,0.5091843086052238,0.16702945331753694,"{'AUC_ROCs': [0.9962611117580489, 0.9946362220598752, 0.9936550398279252], 'S_relative_errors': [0.10142277930869352, 0.0977860496852576, 0.10634429957120071], 'X_relative_errors': [1.0001807611252835, 1.0001725198429587, 1.000188308696817], 'Sparsity': [1.0, 1.0, 1.0], 'converged': [0, 0, 0], 'iterations': [150, 150, 150], 'primal_residual': [array(0.00434643), array(0.00421627), array(0.00406814)], 'dual_residual': [array(0.0010764), array(0.00107631), array(0.00110657)], 'times': [2.1019671394024044, 2.1160905701108277, 2.245512353722006]}",1,COMPLETE
91,91,0.9793799528203609,0.5354410690398291,2024-05-20 06:48:42.848365,2024-05-20 06:48:45.525770,0 days 00:00:02.677405,0.0014642601127221964,12.72509523850927,1.5348844188648474,0.061349613630059474,1.1273568043351574,"{'AUC_ROCs': [0.9799276643008411, 0.9796341148730823, 0.9785780792871591], 'S_relative_errors': [0.5325823701929295, 0.5344095790053897, 0.5393312579211683], 'X_relative_errors': [4.809008166953734, 5.005321520148882, 4.650497060624803], 'Sparsity': [1.0, 1.0, 1.0], 'converged': [0, 0, 0], 'iterations': [150, 150, 150], 'primal_residual': [array(0.01358457), array(0.01365959), array(0.01215324)], 'dual_residual': [array(0.01412946), array(0.01338404), array(0.01255938)], 'times': [2.3892250852659345, 2.2251145176123828, 2.345569137018174]}",1,COMPLETE
92,92,0.9952104121812145,0.09702083092061188,2024-05-20 06:48:45.575729,2024-05-20 06:48:48.035782,0 days 00:00:02.460053,0.0002995763548612406,0.019034078027124268,1.1240839359629922,0.048479146338720525,71.47864926242761,"{'AUC_ROCs': [0.9969632668961171, 0.9949379186091157, 0.9937300510384106], 'S_relative_errors': [0.09641344397795346, 0.09320619060147495, 0.10144285818240727], 'X_relative_errors': [1.0001907558380239, 1.0002653981652416, 1.0002711976647025], 'Sparsity': [1.0, 1.0, 1.0], 'converged': [0, 0, 0], 'iterations': [150, 150, 150], 'primal_residual': [array(0.09386803), array(0.09184481), array(0.08768235)], 'dual_residual': [array(0.01823758), array(0.01682821), array(0.01344286)], 'times': [2.13939851638861, 2.131681581027806, 2.1622012150473893]}",1,COMPLETE
93,93,0.9790407248986636,0.5350101459613007,2024-05-20 06:48:48.076990,2024-05-20 06:48:50.266143,0 days 00:00:02.189153,0.0002459166957627763,4.9337431878355025,0.002588292848805871,9.892829575661008,3.1974572141152096,"{'AUC_ROCs': [0.979786725986405, 0.9792695491069284, 0.9780658996026574], 'S_relative_errors': [0.5319189014998564, 0.5344688447274774, 0.5386426916565681], 'X_relative_errors': [3.470811691386613, 3.606221111067055, 3.3359204500551534], 'Sparsity': [1.0, 1.0, 1.0], 'converged': [1, 1, 1], 'iterations': [110, 111, 112], 'primal_residual': [array(0.00095944), array(0.00099041), array(0.00098312)], 'dual_residual': [array(0.00011823), array(0.00011982), array(0.0001007)], 'times': [1.630896834190935, 1.6438174941577017, 1.9032943800557405]}",1,COMPLETE
94,94,0.9949210487731562,0.10387339118016581,2024-05-20 06:48:50.319816,2024-05-20 06:48:52.920605,0 days 00:00:02.600789,0.0009433117838277134,0.0028489432066514477,0.4814115107107262,0.007544318657265008,6.184530703802844,"{'AUC_ROCs': [0.9965510318268684, 0.9952853638834891, 0.9929267506091111], 'S_relative_errors': [0.10347948141871985, 0.09974506781709379, 0.1083956243046838], 'X_relative_errors': [1.0003117404618995, 1.0002802152643362, 1.00031056671582], 'Sparsity': [1.0, 1.0, 1.0], 'converged': [0, 0, 0], 'iterations': [150, 150, 150], 'primal_residual': [array(0.06445987), array(0.06097749), array(0.06329349)], 'dual_residual': [array(0.00986741), array(0.01118538), array(0.01071655)], 'times': [2.307419012999162, 2.1936377487145364, 2.2333720279857516]}",1,COMPLETE
95,95,0.9950956719173846,0.12062145275689438,2024-05-20 06:48:52.973749,2024-05-20 06:48:55.501994,0 days 00:00:02.528245,0.44932909862749565,0.00012502077306200676,0.03267253060480561,66.73211548178645,22.041618109313976,"{'AUC_ROCs': [0.9964669702968805, 0.9955429969905163, 0.993277048464757], 'S_relative_errors': [0.11864044188294624, 0.1205375206503784, 0.1226863957373585], 'X_relative_errors': [0.9987905937408581, 0.998722259386634, 0.9988547498675057], 'Sparsity': [1.0, 1.0, 1.0], 'converged': [0, 0, 0], 'iterations': [150, 150, 150], 'primal_residual': [array(0.01350988), array(0.01291928), array(0.01256271)], 'dual_residual': [array(0.01478651), array(0.01393246), array(0.01351449)], 'times': [2.2475767587311566, 2.1225243939552456, 2.1762747513130307]}",1,COMPLETE
96,96,0.9787324920108688,1.00000004922804,2024-05-20 06:48:55.550007,2024-05-20 06:48:56.503067,0 days 00:00:00.953060,0.10161324519171361,1.8183903188410808,0.0010591232081006384,0.0013018820885332069,0.001298261513831885,"{'AUC_ROCs': [0.9787388771803628, 0.9793574231989166, 0.9781011756533269], 'S_relative_errors': [0.9999999346016981, 1.0000000632100308, 1.0000001498723912], 'X_relative_errors': [9.492347928139543, 9.84748320769242, 9.068631267408307], 'Sparsity': [1.0, 1.0, 1.0], 'converged': [1, 1, 1], 'iterations': [45, 44, 42], 'primal_residual': [array(0.00036384), array(0.00031322), array(0.00069616)], 'dual_residual': [array(1.31572925e-06), array(6.29058252e-07), array(1.94979725e-07)], 'times': [0.674372072564438, 0.6626747262198478, 0.6694765861611813]}",1,COMPLETE
97,97,0.9951322396771077,0.09808288724774868,2024-05-20 06:48:56.531788,2024-05-20 06:48:59.074822,0 days 00:00:02.543034,0.01801839190917041,0.0006654455220710089,44.39312138330535,26.705839296079322,0.001298261513831885,"{'AUC_ROCs': [0.9964015517062983, 0.995469010154617, 0.9935261571704077], 'S_relative_errors': [0.09786606549174325, 0.09386736009917761, 0.10251523615232516], 'X_relative_errors': [1.0003388265987836, 0.999960614861722, 0.9999651834508223], 'Sparsity': [1.0, 1.0, 1.0], 'converged': [0, 0, 0], 'iterations': [150, 150, 150], 'primal_residual': [array(0.01266328), array(0.00429009), array(0.00439128)], 'dual_residual': [array(0.01241769), array(0.00454212), array(0.00446299)], 'times': [2.1178501076065004, 2.1173340273089707, 2.2660935868043453]}",1,COMPLETE
98,98,0.9791766658248967,0.5348710607675945,2024-05-20 06:48:59.129376,2024-05-20 06:49:01.583557,0 days 00:00:02.454181,0.012076521345896247,28.37435292760437,74.98790603902603,0.14059642786799545,3.360559422215674,"{'AUC_ROCs': [0.9794795540026556, 0.9795012769662762, 0.9785491665057583], 'S_relative_errors': [0.532146337724978, 0.5336733262715423, 0.5387935183062634], 'X_relative_errors': [2.1299167915293618, 2.200980781133599, 2.0416516943387237], 'Sparsity': [1.0, 1.0, 1.0], 'converged': [0, 0, 0], 'iterations': [150, 150, 150], 'primal_residual': [array(0.10687117), array(0.10316682), array(0.10247776)], 'dual_residual': [array(0.00161119), array(0.00159317), array(0.00159155)], 'times': [2.167161654913798, 2.1743102725595236, 2.1790583769325167]}",1,COMPLETE
99,99,0.9967690651581558,0.23079869946018886,2024-05-20 06:49:01.614131,2024-05-20 06:49:04.055380,0 days 00:00:02.441249,0.001372503071696556,1.0420045791379804,6.120711562175665,0.0020737113478590634,71.47864926242761,"{'AUC_ROCs': [0.9969269063845928, 0.9976811142647477, 0.9956991748251272], 'S_relative_errors': [0.22835789150752217, 0.22974945568129343, 0.23428875119175094], 'X_relative_errors': [0.990037702811166, 0.9900736536364189, 0.9909914222387282], 'Sparsity': [1.0, 1.0, 1.0], 'converged': [0, 0, 0], 'iterations': [150, 150, 150], 'primal_residual': [array(0.21943042), array(0.20284548), array(0.19524909)], 'dual_residual': [array(0.02615509), array(0.02728054), array(0.02496213)], 'times': [2.1865718418266624, 2.197812976082787, 2.172180399298668]}",1,COMPLETE
100,100,0.9791142631552413,0.5350537318730398,2024-05-20 06:49:04.107675,2024-05-20 06:49:06.625642,0 days 00:00:02.517967,0.0002995763548612406,2.9857683541519315,1.5348844188648474,0.048479146338720525,3.360559422215674,"{'AUC_ROCs': [0.9794765581557989, 0.9794673855768705, 0.9783988457330546], 'S_relative_errors': [0.5327374586728979, 0.5335305931104715, 0.5388931438357502], 'X_relative_errors': [4.538878583553156, 4.711908855482477, 4.379724718436534], 'Sparsity': [1.0, 1.0, 1.0], 'converged': [1, 1, 1], 'iterations': [145, 145, 143], 'primal_residual': [array(0.00098821), array(0.00099531), array(0.00093115)], 'dual_residual': [array(0.00039343), array(0.00039693), array(0.00035909)], 'times': [2.1774669231381267, 2.218586256960407, 2.1777772249188274]}",2,COMPLETE
101,101,0.9947378997082121,0.09715848112820032,2024-05-20 06:49:06.650457,2024-05-20 06:49:09.210098,0 days 00:00:02.559641,0.0002459166957627763,0.01991503433689941,0.0020818037993478727,0.017814240246842174,7.437138909333833,"{'AUC_ROCs': [0.9966066757794491, 0.9947093977440302, 0.9928976256011574], 'S_relative_errors': [0.09744938843524205, 0.09329543013365844, 0.10073062481570046], 'X_relative_errors': [1.009946701532187, 1.0091849126120793, 1.007624337937118], 'Sparsity': [1.0, 1.0, 1.0], 'converged': [0, 0, 0], 'iterations': [150, 150, 150], 'primal_residual': [array(0.30497688), array(0.31062344), array(0.30654224)], 'dual_residual': [array(0.13812602), array(0.13547645), array(0.13704338)], 'times': [2.2018718908075243, 2.1953892291057855, 2.2664882864337415]}",2,COMPLETE
102,102,0.9970351859994642,0.11807222267799457,2024-05-20 06:49:09.268113,2024-05-20 06:49:11.929985,0 days 00:00:02.661872,0.44932909862749565,0.00012502077306200676,0.03267253060480561,0.0011248835615807662,22.041618109313976,"{'AUC_ROCs': [0.9975662102910623, 0.9972392290011415, 0.9963001187061886], 'S_relative_errors': [0.11451795031489506, 0.11686897516227002, 0.12282974255681862], 'X_relative_errors': [0.9028011174682725, 0.8577390391075413, 0.9019269542170932], 'Sparsity': [1.0, 1.0, 1.0], 'converged': [0, 0, 0], 'iterations': [150, 150, 150], 'primal_residual': [array(0.21264445), array(0.19015137), array(0.14015912)], 'dual_residual': [array(0.23582605), array(0.22411327), array(0.26698455)], 'times': [2.2020226784516126, 2.281226613558829, 2.328311772784218]}",2,COMPLETE
103,103,0.9620047220702456,0.8314571357334172,2024-05-20 06:49:11.964998,2024-05-20 06:49:14.521579,0 days 00:00:02.556581,0.10161324519171361,1.4434271507130773e-05,4.9933166773606885,0.0013018820885332069,0.01432864737517603,"{'AUC_ROCs': [0.9652787141802218, 0.9614465506398945, 0.9592889013906203], 'S_relative_errors': [0.8223277481517463, 0.835366541105648, 0.836677117942857], 'X_relative_errors': [7.697065196435724, 8.110500560694911, 7.478345865894931], 'Sparsity': [1.0, 1.0, 1.0], 'converged': [0, 0, 0], 'iterations': [150, 150, 150], 'primal_residual': [array(0.08269762), array(0.08040829), array(0.07619121)], 'dual_residual': [array(0.0407035), array(0.04096162), array(0.0470678)], 'times': [2.2184229518752545, 2.2431832859292626, 2.2843437674455345]}",2,COMPLETE
104,104,0.9953341498998173,0.07749550520696613,2024-05-20 06:49:14.580269,2024-05-20 06:49:17.136580,0 days 00:00:02.556311,0.10161324519171361,0.00026346242991747137,21.625189747254325,0.0013018820885332069,3.360559422215674,"{'AUC_ROCs': [0.9969403783287792, 0.9955224604477513, 0.9935396109229212], 'S_relative_errors': [0.0777473642210818, 0.07390609844679295, 0.08083305295302362], 'X_relative_errors': [0.9993819227947272, 0.9993915012414455, 0.9995722160918589], 'Sparsity': [1.0, 1.0, 1.0], 'converged': [0, 0, 0], 'iterations': [150, 150, 150], 'primal_residual': [array(0.0251632), array(0.02311719), array(0.02435599)], 'dual_residual': [array(0.00875937), array(0.00958589), array(0.00921488)], 'times': [2.1517641607206315, 2.1442428685259074, 2.2354999859817326]}",2,COMPLETE
105,105,0.9978152741597448,0.12859969904101495,2024-05-20 06:49:17.190976,2024-05-20 06:49:19.913128,0 days 00:00:02.722152,0.001372503071696556,0.20941333304380608,1.5348844188648474,0.0020737113478590634,3.360559422215674,"{'AUC_ROCs': [0.998266539077628, 0.9983370981037593, 0.9968421852978473], 'S_relative_errors': [0.12319507337498851, 0.1290494380774827, 0.13355458567057363], 'X_relative_errors': [0.7908158412459962, 0.8604553479769059, 0.8351103565825087], 'Sparsity': [1.0, 1.0, 1.0], 'converged': [0, 0, 0], 'iterations': [150, 150, 150], 'primal_residual': [array(0.0337622), array(0.03560108), array(0.03372106)], 'dual_residual': [array(0.00292729), array(0.00254576), array(0.00256657)], 'times': [2.253770550247282, 2.3617113903164864, 2.377438649069518]}",2,COMPLETE
106,106,0.9955350674050605,0.08275328502379972,2024-05-20 06:49:19.969400,2024-05-20 06:49:22.694337,0 days 00:00:02.724937,0.06884776075147069,0.0007239605205599588,10.5941535701526,0.41894150886617576,0.18452305863367005,"{'AUC_ROCs': [0.9972071933561655, 0.995897512289153, 0.9935004965698631], 'S_relative_errors': [0.08206447917861717, 0.07979070603741499, 0.08640466985536702], 'X_relative_errors': [0.9994498631258132, 0.9991409173058168, 0.9994312910122853], 'Sparsity': [1.0, 1.0, 1.0], 'converged': [0, 0, 0], 'iterations': [150, 150, 150], 'primal_residual': [array(0.01277078), array(0.01751696), array(0.01276596)], 'dual_residual': [array(0.00179795), array(0.00215125), array(0.00197866)], 'times': [2.2295953067950904, 2.3840217711403966, 2.3595802111085504]}",2,COMPLETE
107,107,0.9952993043367219,0.08955940273195702,2024-05-20 06:49:22.748457,2024-05-20 06:49:25.282323,0 days 00:00:02.533866,0.0024988261286156585,0.03702285882796247,74.86864341695573,0.0027052178988415084,4.023853313326787,"{'AUC_ROCs': [0.9968768461553146, 0.9956705962332701, 0.9933504706215808], 'S_relative_errors': [0.08956602768747951, 0.08591020243997759, 0.09320197806841399], 'X_relative_errors': [0.9996003701452894, 0.999632500858251, 0.9995698471758577], 'Sparsity': [1.0, 1.0, 1.0], 'converged': [0, 0, 0], 'iterations': [150, 150, 150], 'primal_residual': [array(0.04238018), array(0.04156166), array(0.04041563)], 'dual_residual': [array(0.01360709), array(0.01353864), array(0.0137329)], 'times': [2.244730102131143, 2.153715163236484, 2.1485156416893005]}",2,COMPLETE
