,number,values_0,values_1,datetime_start,datetime_complete,duration,params_lda1,params_ldag,params_psi_1,params_psi_2,params_psi_3,user_attrs_metrics,system_attrs_nsga2:generation,state
27,27,0.9957391549530632,0.2851028702032477,2024-05-20 04:07:05.112964,2024-05-20 04:07:07.663110,0 days 00:00:02.550146,1.1168478548305436,0.00042963983351245876,0.0038706577122529858,58.13629267038368,0.780518220270058,"{'AUC_ROCs': [0.998258157210904, 0.9939289259914958, 0.9950303816567894], 'S_relative_errors': [0.28376166222882854, 0.2844139979392708, 0.28713295044164383], 'X_relative_errors': [0.9907131437294564, 0.9909828842477353, 0.9910048179189871], 'Sparsity': [1.0, 1.0, 1.0], 'converged': [0, 0, 0], 'iterations': [150, 150, 150], 'primal_residual': [array(0.03023176), array(0.02861419), array(0.03069045)], 'dual_residual': [array(0.00825296), array(0.00965438), array(0.01106984)], 'times': [2.298237372888252, 2.221037801122293, 2.2042366040404886]}",0,COMPLETE
28,28,0.9869206377948601,0.5903156477889956,2024-05-20 04:07:07.679795,2024-05-20 04:07:10.405929,0 days 00:00:02.726134,0.12801319161618305,6.226425864503488,0.22204620497856498,67.77520743288694,10.038715726601053,"{'AUC_ROCs': [0.9849661350674261, 0.9861928681477361, 0.9896029101694179], 'S_relative_errors': [0.6285735060677502, 0.6122702587061404, 0.5301031785930963], 'X_relative_errors': [0.9974483083141633, 0.9966743799627965, 0.995644891350417], 'Sparsity': [1.0, 1.0, 1.0], 'converged': [0, 0, 0], 'iterations': [150, 150, 150], 'primal_residual': [array(0.40232924), array(0.27934563), array(0.53797814)], 'dual_residual': [array(0.03747035), array(0.02300457), array(0.03300813)], 'times': [2.2145939983893186, 2.2455339280422777, 2.4421406493056566]}",0,COMPLETE
29,29,0.9982166417071809,0.15418727877613556,2024-05-20 04:07:10.414223,2024-05-20 04:07:12.932455,0 days 00:00:02.518232,0.011601113145625987,0.6096776250050773,0.00182361307470603,0.05016829368652086,7.303223203245467,"{'AUC_ROCs': [0.9987059341659144, 0.9978275821585669, 0.9981164087970613], 'S_relative_errors': [0.1721886846197994, 0.14559212759244491, 0.1447810241161623], 'X_relative_errors': [0.5922218213727674, 0.6132253784925991, 0.6008203021319665], 'Sparsity': [1.0, 1.0, 1.0], 'converged': [0, 0, 0], 'iterations': [150, 150, 150], 'primal_residual': [array(0.10753959), array(0.09941792), array(0.1049918)], 'dual_residual': [array(0.02643995), array(0.02034564), array(0.02771123)], 'times': [2.245919348904863, 2.2393208381254226, 2.2531654878985137]}",0,COMPLETE
30,30,0.805829833807981,0.978916425613054,2024-05-20 04:07:12.943710,2024-05-20 04:07:15.503132,0 days 00:00:02.559422,3.7886253093212305,0.5172263246079404,0.041134938233000296,0.0012604488641436437,38.48316875803611,"{'AUC_ROCs': [0.8417739037275513, 0.8185183919855081, 0.7571972057108833], 'S_relative_errors': [0.9807377365381503, 0.9754107649706499, 0.9806007753303618], 'X_relative_errors': [2.0708550212813486, 2.324528109095215, 2.7632122456522135], 'Sparsity': [1.0, 1.0, 1.0], 'converged': [0, 0, 0], 'iterations': [150, 150, 150], 'primal_residual': [array(0.05701431), array(0.06608498), array(0.05196407)], 'dual_residual': [array(0.11661782), array(0.02871122), array(0.02688382)], 'times': [2.323340511182323, 2.2723267583642155, 2.272554196882993]}",0,COMPLETE
31,31,0.9795231203228698,0.9853295488463898,2024-05-20 04:07:15.528646,2024-05-20 04:07:18.081023,0 days 00:00:02.552377,0.19313306043277229,2.197732565997415,0.7622371702721262,0.7660998913078148,0.11699491470444463,"{'AUC_ROCs': [0.9763825608477134, 0.9775473112770934, 0.9846394888438027], 'S_relative_errors': [0.9840131005341911, 0.9850005157400673, 0.9869750302649107], 'X_relative_errors': [5.687856565350689, 6.227687019514101, 6.476348658824572], 'Sparsity': [1.0, 1.0, 1.0], 'converged': [0, 0, 0], 'iterations': [150, 150, 150], 'primal_residual': [array(0.0039288), array(0.00554727), array(0.00761063)], 'dual_residual': [array(0.00098613), array(0.00178294), array(0.0028815)], 'times': [2.2692068247124553, 2.2763262984808534, 2.29606746067293]}",0,COMPLETE
32,32,0.9168911641079446,0.990457028970615,2024-05-20 04:07:18.106521,2024-05-20 04:07:20.660505,0 days 00:00:02.553984,0.17581355342554736,0.10851590375784034,0.4620045429955789,0.00124983455339879,0.8737352892842989,"{'AUC_ROCs': [0.9089262708362603, 0.9217039272876154, 0.9200432941999579], 'S_relative_errors': [0.9893105792181095, 0.98963833985262, 0.992422167841116], 'X_relative_errors': [5.736588604405984, 6.2763356991663555, 6.5267627686019045], 'Sparsity': [1.0, 1.0, 1.0], 'converged': [0, 0, 0], 'iterations': [150, 150, 150], 'primal_residual': [array(0.00555236), array(0.00515546), array(0.0066962)], 'dual_residual': [array(0.00190598), array(0.00223944), array(0.00305613)], 'times': [2.292200616793707, 2.262490918394178, 2.2893194661010057]}",0,COMPLETE
33,33,0.9954200106662618,0.46477106253291617,2024-05-20 04:07:20.681518,2024-05-20 04:07:23.168369,0 days 00:00:02.486851,0.1205673267064779,5.5362420721393565e-05,2.868854976386063,0.7980660130034415,0.012711118616476957,"{'AUC_ROCs': [0.9993893302992995, 0.9977778243076785, 0.9890928773918075], 'S_relative_errors': [0.20716764022526787, 0.4975586998389199, 0.6895868475345606], 'X_relative_errors': [1.1088074795939435, 3.0774481255972748, 4.469361856872396], 'Sparsity': [1.0, 1.0, 1.0], 'converged': [0, 0, 0], 'iterations': [150, 150, 150], 'primal_residual': [array(0.02992179), array(0.01976499), array(0.01406401)], 'dual_residual': [array(0.05981703), array(0.02018869), array(0.00771663)], 'times': [2.2479101005010307, 2.229635211871937, 2.215246667386964]}",0,COMPLETE
34,34,0.9415618367087615,0.9906933093330879,2024-05-20 04:07:23.176791,2024-05-20 04:07:25.694552,0 days 00:00:02.517761,0.03968380457105819,0.004963898544022099,0.1228126774295614,0.02638324375087765,0.12249763512119982,"{'AUC_ROCs': [0.920357690083453, 0.9453184718312131, 0.9590093482116182], 'S_relative_errors': [0.9907749885062476, 0.9883392346163545, 0.9929657048766612], 'X_relative_errors': [5.856025232875557, 6.382851274296595, 6.635448864134733], 'Sparsity': [1.0, 1.0, 1.0], 'converged': [0, 0, 0], 'iterations': [150, 150, 150], 'primal_residual': [array(0.00685962), array(0.00845327), array(0.01029834)], 'dual_residual': [array(0.0032259), array(0.00335475), array(0.00324343)], 'times': [2.259073354769498, 2.289011625573039, 2.274243146413937]}",0,COMPLETE
35,35,0.9782600604464625,0.9999999143316681,2024-05-20 04:07:25.715082,2024-05-20 04:07:26.536248,0 days 00:00:00.821166,0.234594372310735,14.019059903950476,0.008761684091138415,0.1210574539921278,0.0010822396528218702,"{'AUC_ROCs': [0.9755787882543138, 0.9871160668221538, 0.9720853262629198], 'S_relative_errors': [0.9999997468130362, 1.0000001062111732, 0.9999998899707953], 'X_relative_errors': [5.921319417552357, 6.468817123942575, 6.6914924134668015], 'Sparsity': [1.0, 1.0, 1.0], 'converged': [1, 1, 1], 'iterations': [33, 37, 34], 'primal_residual': [array(0.00090379), array(0.00035495), array(0.00047741)], 'dual_residual': [array(1.32292602e-05), array(2.3640734e-05), array(7.13235889e-06)], 'times': [0.500929573783651, 0.5750514392275363, 0.5212098658084869]}",0,COMPLETE
36,36,0.9970195150673765,0.05213505274011876,2024-05-20 04:07:26.559352,2024-05-20 04:07:29.178249,0 days 00:00:02.618897,0.013347584327190395,1.696743949705701e-05,0.002896847395506493,0.9289421709588672,0.26579440148675937,"{'AUC_ROCs': [0.9986373619488805, 0.9953356145432198, 0.9970855687100288], 'S_relative_errors': [0.04525149927604544, 0.054690981580412336, 0.056462677363898525], 'X_relative_errors': [0.30338409000493666, 0.3892056862706395, 0.411974516674413], 'Sparsity': [1.0, 1.0, 1.0], 'converged': [0, 0, 0], 'iterations': [150, 150, 150], 'primal_residual': [array(0.01427024), array(0.01385994), array(0.02204374)], 'dual_residual': [array(0.00539786), array(0.0043341), array(0.0078446)], 'times': [2.2457095680292696, 2.4239167533814907, 2.265566016547382]}",0,COMPLETE
37,37,0.9967684966326805,0.10742898129367279,2024-05-20 04:07:29.187981,2024-05-20 04:07:31.599783,0 days 00:00:02.411802,0.10130332065336174,0.0007875906236799648,0.009457520722284144,98.07353536659532,39.456800153969326,"{'AUC_ROCs': [0.9980745729903118, 0.996811815160868, 0.9954191017468619], 'S_relative_errors': [0.11502593390029005, 0.10541754585034302, 0.10184346413038532], 'X_relative_errors': [0.9998436342892338, 0.9998598022148171, 0.999872508371944], 'Sparsity': [1.0, 1.0, 1.0], 'converged': [0, 0, 0], 'iterations': [150, 150, 150], 'primal_residual': [array(0.0118364), array(0.01163319), array(0.01282392)], 'dual_residual': [array(0.01557494), array(0.01734166), array(0.02016527)], 'times': [2.145833868999034, 2.1546688894741237, 2.182239027461037]}",0,COMPLETE
38,38,0.9977962704930826,0.16888006003280212,2024-05-20 04:07:31.622468,2024-05-20 04:07:34.116217,0 days 00:00:02.493749,0.44333071813197883,0.44745716981662886,0.0017127604454498222,4.50769507021012,16.975344220382972,"{'AUC_ROCs': [0.9988496020272876, 0.9968142602034245, 0.9977249492485358], 'S_relative_errors': [0.17868889910250876, 0.1654012126613142, 0.16255006833458346], 'X_relative_errors': [0.8736402283804462, 0.8364097391376997, 0.8551030733343036], 'Sparsity': [1.0, 1.0, 1.0], 'converged': [0, 0, 0], 'iterations': [150, 150, 150], 'primal_residual': [array(0.04524641), array(0.05122531), array(0.05224453)], 'dual_residual': [array(0.006103), array(0.00605971), array(0.00651857)], 'times': [2.1698934400919825, 2.2329581305384636, 2.1910315295681357]}",0,COMPLETE
39,39,0.9964780075844812,0.14931058228915864,2024-05-20 04:07:34.141705,2024-05-20 04:07:36.686661,0 days 00:00:02.544956,0.006482597437511984,0.007985633076489093,0.42328357856383736,15.444617232534656,0.018640362083981652,"{'AUC_ROCs': [0.9979304612390558, 0.9948629594150992, 0.9966406020992888], 'S_relative_errors': [0.15943314824909408, 0.14636237102163663, 0.14213622759674524], 'X_relative_errors': [1.0000822212244387, 1.0007442735619556, 1.002360423506179], 'Sparsity': [1.0, 1.0, 1.0], 'converged': [0, 0, 0], 'iterations': [150, 150, 150], 'primal_residual': [array(0.03615368), array(0.09561426), array(0.1448559)], 'dual_residual': [array(0.0259703), array(0.02755049), array(0.02779032)], 'times': [2.1754161887802184, 2.176238496322185, 2.275531170889735]}",0,COMPLETE
40,40,0.9963909892759598,0.1368904003756988,2024-05-20 04:07:36.708694,2024-05-20 04:07:39.136436,0 days 00:00:02.427742,0.0315541747178989,1.5281775655848228e-05,16.73080509933778,7.2024591674176595,0.04942510152068655,"{'AUC_ROCs': [0.9982051575684214, 0.9949145238807652, 0.9960532863786932], 'S_relative_errors': [0.14682920940186212, 0.1334172237837056, 0.13042476794152866], 'X_relative_errors': [0.9999338343463298, 0.9999581696074193, 0.9999716373978268], 'Sparsity': [1.0, 1.0, 1.0], 'converged': [0, 0, 0], 'iterations': [150, 150, 150], 'primal_residual': [array(0.00471143), array(0.00431353), array(0.00429831)], 'dual_residual': [array(0.00293237), array(0.00280067), array(0.00269773)], 'times': [2.096466847928241, 2.159118604613468, 2.1453229100443423]}",0,COMPLETE
41,41,0.9961645282016122,0.09336811022404023,2024-05-20 04:07:39.161401,2024-05-20 04:07:41.575712,0 days 00:00:02.414311,0.2907023297159315,4.22270207616944e-05,5.381396463349079,51.397526133257756,15.892213061356387,"{'AUC_ROCs': [0.9981039641672335, 0.9944446756121044, 0.995944944825499], 'S_relative_errors': [0.0932311991757309, 0.09404672416211642, 0.09282640733427339], 'X_relative_errors': [0.9993703216994017, 0.9991106995869303, 0.9991000779834673], 'Sparsity': [1.0, 1.0, 1.0], 'converged': [0, 0, 0], 'iterations': [150, 150, 150], 'primal_residual': [array(0.00549024), array(0.00741374), array(0.00812916)], 'dual_residual': [array(0.00070834), array(0.00071074), array(0.00070018)], 'times': [2.1023178815376014, 2.085096031194553, 2.1573755624704063]}",0,COMPLETE
42,42,0.9982132242399832,0.1441685095207123,2024-05-20 04:07:41.604006,2024-05-20 04:07:44.030153,0 days 00:00:02.426147,0.00036315049191147213,0.5951701471102964,16.55817558647803,10.999019316608024,0.22692351146187895,"{'AUC_ROCs': [0.9986973639879945, 0.9985050318284279, 0.9974372769035268], 'S_relative_errors': [0.1642364060826741, 0.1349672223742245, 0.1333019001052383], 'X_relative_errors': [0.9963519964283701, 0.9934986504859228, 0.9938151374779651], 'Sparsity': [1.0, 1.0, 1.0], 'converged': [0, 0, 0], 'iterations': [150, 150, 150], 'primal_residual': [array(0.10306096), array(0.11899406), array(0.11848329)], 'dual_residual': [array(0.00446755), array(0.00532415), array(0.00357424)], 'times': [2.1142466168385, 2.157752881757915, 2.152043314417824]}",0,COMPLETE
43,43,0.9965048013151568,0.14914079080935605,2024-05-20 04:07:44.057583,2024-05-20 04:07:46.637363,0 days 00:00:02.579780,0.009006853486770088,1.2165300818802468e-05,0.0011531795044315966,1.2029766635879864,0.09472444442276691,"{'AUC_ROCs': [0.9981763937738569, 0.9951133515307725, 0.996224658640841], 'S_relative_errors': [0.16205233789363135, 0.1436404259763028, 0.14172960855813402], 'X_relative_errors': [1.0006519014290032, 0.9693065104922439, 0.9874277176419145], 'Sparsity': [1.0, 1.0, 1.0], 'converged': [0, 0, 0], 'iterations': [150, 150, 150], 'primal_residual': [array(0.0186141), array(0.01778701), array(0.02188837)], 'dual_residual': [array(0.00480404), array(0.00443808), array(0.007238)], 'times': [2.2630759961903095, 2.3011239275801927, 2.3012079559266567]}",0,COMPLETE
44,44,0.871806205856049,0.999819473314901,2024-05-20 04:07:46.662281,2024-05-20 04:07:48.320494,0 days 00:00:01.658213,1.059172351333743,3.370380866356072e-05,0.3280442592453773,3.7841796453994547,0.6806893588738768,"{'AUC_ROCs': [0.9463963731492759, 0.8766109298717143, 0.7924113145471566], 'S_relative_errors': [0.9998083412160249, 0.9996526067943582, 0.9999974719343199], 'X_relative_errors': [5.375205957288437, 5.895790838168875, 6.168420649663037], 'Sparsity': [1.0, 1.0, 1.0], 'converged': [1, 1, 1], 'iterations': [65, 87, 88], 'primal_residual': [array(0.00057521), array(0.00015722), array(9.3684889e-05)], 'dual_residual': [array(0.00070283), array(0.00094678), array(0.00097845)], 'times': [0.9657174907624722, 1.3955157552845776, 1.3848539697937667]}",0,COMPLETE
45,45,0.9727030982666668,1.0000001219761643,2024-05-20 04:07:48.347804,2024-05-20 04:07:49.195878,0 days 00:00:00.848074,0.18678427751504947,1.9801232606005345e-05,0.029407680767908898,0.01063331699453197,0.08465740553355149,"{'AUC_ROCs': [0.9986463989532425, 0.9231040611494967, 0.9963588346972608], 'S_relative_errors': [1.00000021742384, 0.9999999554344977, 1.0000001930701548], 'X_relative_errors': [5.923158212088133, 6.4708325219850895, 6.693421063998462], 'Sparsity': [1.0, 1.0, 1.0], 'converged': [1, 1, 1], 'iterations': [37, 37, 38], 'primal_residual': [array(0.00066586), array(0.00076761), array(0.00068099)], 'dual_residual': [array(4.50075322e-06), array(1.35132715e-05), array(5.03474643e-06)], 'times': [0.5552511580754071, 0.5605451706796885, 0.5785944536328316]}",0,COMPLETE
46,46,0.9457713475819657,0.9784793229420513,2024-05-20 04:07:49.210059,2024-05-20 04:07:51.734462,0 days 00:00:02.524403,0.0029144856711367,0.011210028693592831,0.027054400637072262,0.006098510002491579,0.0034225492838042652,"{'AUC_ROCs': [0.9233302344377702, 0.9471759299104399, 0.9668078783976873], 'S_relative_errors': [0.9785765737890335, 0.9771390521603169, 0.9797223428768032], 'X_relative_errors': [5.8060771277001955, 6.333145448313397, 6.566248231229917], 'Sparsity': [1.0, 1.0, 1.0], 'converged': [0, 0, 0], 'iterations': [150, 150, 150], 'primal_residual': [array(0.01156406), array(0.01067692), array(0.01956503)], 'dual_residual': [array(0.00566515), array(0.00552091), array(0.00926048)], 'times': [2.2466536639258265, 2.2864103100728244, 2.2812353847548366]}",0,COMPLETE
47,47,0.6349988930837127,0.9999999999888424,2024-05-20 04:07:51.752259,2024-05-20 04:07:52.902244,0 days 00:00:01.149985,2.887510906685742,0.49206894897377634,0.6895043432882499,2.353718830444529,0.10383250776411071,"{'AUC_ROCs': [0.6444330027292307, 0.562022122606743, 0.6985415539151645], 'S_relative_errors': [0.999999999965709, 1.0000000000000795, 1.0000000000007387], 'X_relative_errors': [5.592880202338049, 6.126541613723245, 6.381310686154894], 'Sparsity': [1.0, 1.0, 1.0], 'converged': [1, 1, 1], 'iterations': [38, 57, 60], 'primal_residual': [array(0.00094202), array(0.00095658), array(0.00058869)], 'dual_residual': [array(2.78967774e-05), array(2.86965126e-05), array(1.9119587e-05)], 'times': [0.5781132997944951, 0.8625477410387248, 0.9198068848345429]}",0,COMPLETE
48,48,0.9655558311317035,0.9999999487886032,2024-05-20 04:07:52.927267,2024-05-20 04:07:53.722772,0 days 00:00:00.795505,0.3232055424032477,0.012125081678254532,0.016645936623183893,0.02211331615177136,0.23835084140133783,"{'AUC_ROCs': [0.9949900550519384, 0.9053801044881774, 0.9962973338549946], 'S_relative_errors': [0.9999997256245129, 0.9999999911966883, 1.0000001295446086], 'X_relative_errors': [5.90392580683297, 6.450745445718502, 6.6746635493095186], 'Sparsity': [1.0, 1.0, 1.0], 'converged': [1, 1, 1], 'iterations': [34, 35, 34], 'primal_residual': [array(0.00077847), array(0.00023929), array(0.00045827)], 'dual_residual': [array(7.07670691e-06), array(1.52326405e-05), array(1.49871987e-05)], 'times': [0.5097286403179169, 0.5297308906447142, 0.5234167773742229]}",0,COMPLETE
49,49,0.9965883900656006,0.13172593948353636,2024-05-20 04:07:53.754447,2024-05-20 04:07:56.148785,0 days 00:00:02.394338,0.04011594130658954,0.003982915423999723,4.916095415675196,1.135906634660059,33.60472892306822,"{'AUC_ROCs': [0.9977791325668783, 0.9954579074217386, 0.9965281302081845], 'S_relative_errors': [0.14019201162292216, 0.12918055383256333, 0.12580525299512355], 'X_relative_errors': [1.0000183566719665, 1.0000260801914163, 1.000028065904582], 'Sparsity': [1.0, 1.0, 1.0], 'converged': [0, 0, 0], 'iterations': [150, 150, 150], 'primal_residual': [array(0.00254558), array(0.00232817), array(0.00227698)], 'dual_residual': [array(0.00073126), array(0.00085178), array(0.0009323)], 'times': [2.097024662187323, 2.140212366823107, 2.098596534691751]}",0,COMPLETE
50,50,0.9965818639279739,0.13872007650795995,2024-05-20 04:07:56.160606,2024-05-20 04:07:58.556837,0 days 00:00:02.396231,0.0002918241043383349,0.047124316195790245,9.014846495107369,21.802618758474782,0.008000210650065169,"{'AUC_ROCs': [0.998344625341025, 0.9951761718362868, 0.9962247946066098], 'S_relative_errors': [0.14617401157186202, 0.13780043341691225, 0.1321857845351056], 'X_relative_errors': [1.0003350095143353, 1.0004775211336514, 1.0004563613937576], 'Sparsity': [1.0, 1.0, 1.0], 'converged': [0, 0, 0], 'iterations': [150, 150, 150], 'primal_residual': [array(0.01466005), array(0.01609809), array(0.01835889)], 'dual_residual': [array(0.0057279), array(0.00524919), array(0.00429916)], 'times': [2.140277444384992, 2.1575667476281524, 2.1573227695189416]}",1,COMPLETE
51,51,0.9968693999832726,0.1322085942005471,2024-05-20 04:07:58.588653,2024-05-20 04:08:00.954873,0 days 00:00:02.366220,0.000756163705566207,0.06599827622067454,4.840781793545134,5.889269806798595,50.84770312415163,"{'AUC_ROCs': [0.9984591286926507, 0.9963867284591651, 0.9957623427980021], 'S_relative_errors': [0.14013856178127543, 0.13214239820890866, 0.1243448226114572], 'X_relative_errors': [0.9999836615374443, 0.9999558336192399, 0.9999880639441344], 'Sparsity': [1.0, 1.0, 1.0], 'converged': [0, 0, 0], 'iterations': [150, 150, 150], 'primal_residual': [array(0.01465962), array(0.01644692), array(0.01422273)], 'dual_residual': [array(0.00136599), array(0.0014225), array(0.00116658)], 'times': [2.0982198766432703, 2.1060583335347474, 2.102893223054707]}",1,COMPLETE
52,52,0.9043944870011261,1.0000000120361578,2024-05-20 04:08:00.987316,2024-05-20 04:08:02.340658,0 days 00:00:01.353342,0.27945562430935456,0.0012412541974538218,0.4016203503549307,0.04844986318540134,0.024413812429394242,"{'AUC_ROCs': [0.9677701189443148, 0.8908991399002179, 0.8545142021588461], 'S_relative_errors': [1.0000000838410024, 0.9999999622396208, 0.9999999900278502], 'X_relative_errors': [5.900352834378442, 6.448337886586236, 6.67520183123129], 'Sparsity': [1.0, 1.0, 1.0], 'converged': [1, 1, 1], 'iterations': [38, 38, 68], 'primal_residual': [array(0.000416), array(0.00036945), array(0.00057093)], 'dual_residual': [array(3.34171882e-05), array(2.45462802e-05), array(9.62277045e-05)], 'times': [0.5741079351864755, 0.5748674748465419, 1.0700924543198198]}",1,COMPLETE
53,53,0.9979702340369743,0.1270451476108652,2024-05-20 04:08:02.354074,2024-05-20 04:08:04.816080,0 days 00:00:02.462006,0.0004303968072535872,0.44745716981662886,0.07135079261407054,32.17706353260048,16.975344220382972,"{'AUC_ROCs': [0.9991666122609231, 0.9975450723096393, 0.9971990175403607], 'S_relative_errors': [0.13882625527246414, 0.11695753164920644, 0.12535165591092498], 'X_relative_errors': [0.9972891584380431, 0.9964653347508434, 0.9968445892929654], 'Sparsity': [1.0, 1.0, 1.0], 'converged': [0, 0, 0], 'iterations': [150, 150, 150], 'primal_residual': [array(0.10607589), array(0.10923526), array(0.10624829)], 'dual_residual': [array(0.00428901), array(0.00580924), array(0.00611814)], 'times': [2.120959169464186, 2.137062589637935, 2.195007351692766]}",1,COMPLETE
