,number,values_0,values_1,datetime_start,datetime_complete,duration,params_lda1,params_ldag,params_psi_1,params_psi_2,params_psi_3,user_attrs_metrics,system_attrs_nsga2:generation,state
0,0,0.9993638484897924,0.17943735049404855,2024-05-20 04:18:58.049266,2024-05-20 04:19:00.625771,0 days 00:00:02.576505,2.6378394655620827,0.06629799360965506,0.019460516612969155,78.41579293740796,17.286807976417045,"{'AUC_ROCs': [0.9990757443590457, 0.9995118324352172, 0.9995039686751144], 'S_relative_errors': [0.19114700232299042, 0.1832904915152152, 0.16387455764394002], 'X_relative_errors': [0.9991074108645321, 0.9991685211478184, 0.9991145616779216], 'Sparsity': [1.0, 1.0, 1.0], 'converged': [0, 0, 0], 'iterations': [150, 150, 150], 'primal_residual': [array(0.008643), array(0.00921034), array(0.01167305)], 'dual_residual': [array(0.00471617), array(0.00618284), array(0.00894357)], 'times': [2.256879521533847, 2.1634395548608154, 2.3132773207034916]}",0,COMPLETE
1,1,0.9966375145265705,0.15717232170501183,2024-05-20 04:19:00.628097,2024-05-20 04:19:03.080753,0 days 00:00:02.452656,0.0003327200541780436,1.5251401920824735e-05,0.010217446456148738,23.83318425097654,0.9217142031041802,"{'AUC_ROCs': [0.9981836983933875, 0.99500578941622, 0.9967230557701037], 'S_relative_errors': [0.1683545234840318, 0.15411366151643274, 0.14904878011457096], 'X_relative_errors': [0.9997636446894271, 0.9997206414349209, 0.9998460676995319], 'Sparsity': [1.0, 1.0, 1.0], 'converged': [0, 0, 0], 'iterations': [150, 150, 150], 'primal_residual': [array(0.01619783), array(0.01812017), array(0.02708919)], 'dual_residual': [array(0.00745465), array(0.00866087), array(0.0095205)], 'times': [2.1876638752873987, 2.1684254431165755, 2.1736190842930228]}",0,COMPLETE
2,2,0.982517477547504,1.0000000720364524,2024-05-20 04:19:03.083794,2024-05-20 04:19:03.927398,0 days 00:00:00.843604,1.4427605152092857,0.9898814015768137,0.4810677571930135,0.8334332524354408,0.12461374899009765,"{'AUC_ROCs': [0.984857037997747, 0.9798883456745251, 0.9828070489702398], 'S_relative_errors': [1.0000000687563229, 1.0000000694539022, 1.000000077899132], 'X_relative_errors': [5.787619574760154, 6.330353425990442, 6.567223159624487], 'Sparsity': [1.0, 1.0, 1.0], 'converged': [1, 1, 1], 'iterations': [37, 37, 37], 'primal_residual': [array(0.00035737), array(0.00051758), array(0.00062419)], 'dual_residual': [array(1.86721045e-05), array(2.24233114e-05), array(2.66771612e-05)], 'times': [0.5661033184733242, 0.5717787076719105, 0.5682531122583896]}",0,COMPLETE
3,3,0.9968375981646083,1.0000001331855604,2024-05-20 04:19:03.930036,2024-05-20 04:19:04.660510,0 days 00:00:00.730474,3.0241311203529126,0.0001624696010864385,0.02982498592082507,0.00538741582125242,0.0020958533941471407,"{'AUC_ROCs': [0.9986994309767496, 0.9955456017132173, 0.9962677618038579], 'S_relative_errors': [1.0000001246337415, 1.0000001389105342, 1.0000001360124053], 'X_relative_errors': [5.933812200075877, 6.482013328086122, 6.703757368898689], 'Sparsity': [1.0, 1.0, 1.0], 'converged': [1, 1, 1], 'iterations': [31, 31, 31], 'primal_residual': [array(0.00038536), array(0.00044312), array(0.00047844)], 'dual_residual': [array(1.83008159e-06), array(1.16269668e-06), array(1.5252566e-06)], 'times': [0.4949487866833806, 0.4822541447356343, 0.4816503182519227]}",0,COMPLETE
4,4,0.9966296962955018,0.15667270839275502,2024-05-20 04:19:04.663781,2024-05-20 04:19:07.117105,0 days 00:00:02.453324,0.004871817861852726,0.00012385381656425027,86.3052559504158,2.4817685764811395,14.76934755749839,"{'AUC_ROCs': [0.9982366022420047, 0.9962544837634949, 0.9953980028810059], 'S_relative_errors': [0.16782452045055762, 0.15362654304844606, 0.1485670616792614], 'X_relative_errors': [1.0000876622316477, 1.0001049243696905, 1.0001022370528145], 'Sparsity': [1.0, 1.0, 1.0], 'converged': [0, 0, 0], 'iterations': [150, 150, 150], 'primal_residual': [array(0.00187776), array(0.00207505), array(0.00232036)], 'dual_residual': [array(0.0011401), array(0.00113945), array(0.00122772)], 'times': [2.128998468397185, 2.118162340950221, 2.1677453925367445]}",0,COMPLETE
5,5,0.9971079430891838,0.15656821278914,2024-05-20 04:19:07.126987,2024-05-20 04:19:09.573099,0 days 00:00:02.446112,0.006173676403879574,6.118684564210897e-05,24.367738693430926,61.74416242147946,0.6759495658372262,"{'AUC_ROCs': [0.9985495459585985, 0.9963459308248362, 0.996428352484117], 'S_relative_errors': [0.16770679218128956, 0.1535199383332505, 0.14847790785287984], 'X_relative_errors': [1.0000902868152752, 1.0000938009230296, 1.00008695206512], 'Sparsity': [1.0, 1.0, 1.0], 'converged': [0, 0, 0], 'iterations': [150, 150, 150], 'primal_residual': [array(0.0034091), array(0.0033886), array(0.00356814)], 'dual_residual': [array(0.00079074), array(0.00084133), array(0.00091434)], 'times': [2.1317229548003525, 2.1018173394259065, 2.161427133018151]}",0,COMPLETE
6,6,0.9974060923203699,0.21795780898295494,2024-05-20 04:19:09.577888,2024-05-20 04:19:12.038425,0 days 00:00:02.460537,0.0021256915909091934,1.157461334812519,62.06969208188113,21.34272596404635,0.014938801415181597,"{'AUC_ROCs': [0.998043337444181, 0.9967846825977144, 0.9973902569192145], 'S_relative_errors': [0.2381726372715903, 0.21545707311029844, 0.20024371656697615], 'X_relative_errors': [0.9974902568280167, 0.9954778731498195, 0.9958420422359177], 'Sparsity': [1.0, 1.0, 1.0], 'converged': [0, 0, 0], 'iterations': [150, 150, 150], 'primal_residual': [array(0.13160962), array(0.1505095), array(0.15362173)], 'dual_residual': [array(0.00665558), array(0.00707599), array(0.00904715)], 'times': [2.1331947091966867, 2.171820198185742, 2.1805094277951866]}",0,COMPLETE
7,7,0.9848765124271092,0.6407301906883491,2024-05-20 04:19:12.044141,2024-05-20 04:19:14.624320,0 days 00:00:02.580179,0.2227141446930703,1.7154227437870546,1.006213177006233,2.315058863422712,0.2024682700120604,"{'AUC_ROCs': [0.9811611541666384, 0.9851539510425623, 0.9883144320721269], 'S_relative_errors': [0.6892088898815714, 0.6529599505048359, 0.5800217316786401], 'X_relative_errors': [3.7192121767385182, 3.840662468284559, 3.5314677071256244], 'Sparsity': [1.0, 1.0, 1.0], 'converged': [0, 0, 0], 'iterations': [150, 150, 150], 'primal_residual': [array(0.00209186), array(0.001019), array(0.00220745)], 'dual_residual': [array(7.5866461e-05), array(0.00010794), array(0.00012679)], 'times': [2.2851246339268982, 2.2854992190841585, 2.2996795903891325]}",0,COMPLETE
8,8,0.9973492846829247,0.999999729028132,2024-05-20 04:19:14.631863,2024-05-20 04:19:15.375356,0 days 00:00:00.743493,1.920548572038062,0.00013936762891543378,0.6167488945521497,0.02817847380724814,0.242409442081881,"{'AUC_ROCs': [0.9982652756395415, 0.997059123806207, 0.9967234546030255], 'S_relative_errors': [0.9999997183104896, 0.9999997256160252, 0.9999997431578808], 'X_relative_errors': [5.861669652474172, 6.408732809355422, 6.639872219383778], 'Sparsity': [1.0, 1.0, 1.0], 'converged': [1, 1, 1], 'iterations': [31, 31, 31], 'primal_residual': [array(0.00089808), array(0.00091198), array(0.00094552)], 'dual_residual': [array(3.23403662e-05), array(3.25386924e-05), array(3.27886801e-05)], 'times': [0.4741409921552986, 0.47836854425258934, 0.47840142203494906]}",0,COMPLETE
9,9,0.9976913453292807,0.10880592292377773,2024-05-20 04:19:15.381461,2024-05-20 04:19:17.796659,0 days 00:00:02.415198,0.6638761605151776,4.934796108850409e-05,38.33229176143946,14.363269512941933,0.07913601343679655,"{'AUC_ROCs': [0.9984199274143979, 0.9977728329632278, 0.9968812756102163], 'S_relative_errors': [0.11598674635864523, 0.1078544546391062, 0.10257656777358178], 'X_relative_errors': [0.9997967627981394, 0.9997919905547564, 0.9998266356358546], 'Sparsity': [1.0, 1.0, 1.0], 'converged': [0, 0, 0], 'iterations': [150, 150, 150], 'primal_residual': [array(0.00658693), array(0.00680515), array(0.00697575)], 'dual_residual': [array(0.00220518), array(0.00250554), array(0.00316015)], 'times': [2.115212323376909, 2.129517307272181, 2.13368452177383]}",0,COMPLETE
10,10,0.9839169300085421,0.6302110600093175,2024-05-20 04:19:17.804963,2024-05-20 04:19:20.353941,0 days 00:00:02.548978,0.00015890880673652866,24.883967876593992,0.001105949404841934,40.75861174300647,1.5357211835479916,"{'AUC_ROCs': [0.9807974086696263, 0.983405965421744, 0.9875474159342562], 'S_relative_errors': [0.6790915167349559, 0.641560919893225, 0.5699807433997716], 'X_relative_errors': [1.0021972982675824, 0.9946410078280258, 0.9921883162609666], 'Sparsity': [1.0, 1.0, 1.0], 'converged': [0, 0, 0], 'iterations': [150, 150, 150], 'primal_residual': [array(0.11041257), array(0.10210284), array(0.09974365)], 'dual_residual': [array(0.00180887), array(0.00202587), array(0.00279261)], 'times': [2.2003194373100996, 2.2455435271840543, 2.2734816554002464]}",0,COMPLETE
11,11,0.9840370623566391,0.6295405600114697,2024-05-20 04:19:20.361813,2024-05-20 04:19:22.918746,0 days 00:00:02.556933,0.0003272869308221784,85.27252455824843,71.88482995498548,0.3418519991181788,0.0019726559865731446,"{'AUC_ROCs': [0.9804020174668348, 0.9839858381356933, 0.9877233314673894], 'S_relative_errors': [0.677608659193067, 0.641459549076267, 0.5695534717650754], 'X_relative_errors': [1.5666794645662985, 1.7288431791213705, 1.6099317519313352], 'Sparsity': [1.0, 1.0, 1.0], 'converged': [0, 0, 0], 'iterations': [150, 150, 150], 'primal_residual': [array(0.08335444), array(0.0736649), array(0.07550145)], 'dual_residual': [array(0.00928731), array(0.00795606), array(0.00931371)], 'times': [2.3035408300347626, 2.2452369679231197, 2.263650159118697]}",0,COMPLETE
12,12,0.9967433284865893,0.15757028189022967,2024-05-20 04:19:22.927606,2024-05-20 04:19:25.558614,0 days 00:00:02.631008,0.00017585899342667218,3.7428664609985415e-05,0.012078446525951,0.0029755771656958716,0.8119145121733272,"{'AUC_ROCs': [0.9981850718885265, 0.9968538526046548, 0.9951910609665865], 'S_relative_errors': [0.16861810186886833, 0.15440245159326318, 0.14969029220855745], 'X_relative_errors': [1.001294926330544, 1.001535525920572, 1.0041081793942108], 'Sparsity': [1.0, 1.0, 1.0], 'converged': [0, 0, 0], 'iterations': [150, 150, 150], 'primal_residual': [array(0.11250398), array(0.12623114), array(0.17409367)], 'dual_residual': [array(0.02277762), array(0.02457579), array(0.02775716)], 'times': [2.229723163647577, 2.2444503256119788, 2.3473082869313657]}",0,COMPLETE
13,13,0.8652705974115266,0.9999999999980104,2024-05-20 04:19:25.567079,2024-05-20 04:19:28.144814,0 days 00:00:02.577735,11.70008337716044,11.93497530668013,9.252088551318787,1.361087794079661,0.015385934853776857,"{'AUC_ROCs': [0.8528852014643007, 0.8638455627347933, 0.8790810280354858], 'S_relative_errors': [0.999999999997591, 0.9999999999984075, 0.9999999999980326], 'X_relative_errors': [5.222396557990792, 5.772147579652727, 6.102730395713835], 'Sparsity': [1.0, 1.0, 1.0], 'converged': [0, 0, 0], 'iterations': [150, 150, 150], 'primal_residual': [array(0.00471131), array(0.00405022), array(0.00476495)], 'dual_residual': [array(0.00014506), array(0.00012547), array(0.00014619)], 'times': [2.29082633391954, 2.3311707470566034, 2.2767826213967055]}",0,COMPLETE
14,14,0.9976939516382486,0.108166944862928,2024-05-20 04:19:28.153238,2024-05-20 04:19:30.712760,0 days 00:00:02.559522,0.03481624629938717,0.16415895441100792,0.4120126748311287,11.497030010467755,0.007477769235203216,"{'AUC_ROCs': [0.9989373761920788, 0.9968319398368977, 0.9973125388857692], 'S_relative_errors': [0.11612571032738389, 0.0968092113711569, 0.11156591289024319], 'X_relative_errors': [0.9031157129189291, 0.8700316029429368, 0.9391623732047011], 'Sparsity': [1.0, 1.0, 1.0], 'converged': [0, 0, 0], 'iterations': [150, 150, 150], 'primal_residual': [array(0.09951188), array(0.13715681), array(0.19016635)], 'dual_residual': [array(0.02538985), array(0.0233851), array(0.01889391)], 'times': [2.1957807808648795, 2.2693981986958534, 2.2263461970724165]}",0,COMPLETE
15,15,0.9844279519798745,0.6272927514340537,2024-05-20 04:19:30.723874,2024-05-20 04:19:33.275523,0 days 00:00:02.551649,0.21162218968111046,26.402728225496325,0.0014501160906124433,63.66541383541173,2.187154388922483,"{'AUC_ROCs': [0.9808444286161796, 0.9846868108437627, 0.9877526164796809], 'S_relative_errors': [0.6752569015043349, 0.6382136264888082, 0.5684077263090178], 'X_relative_errors': [0.9977163278749552, 0.9974384046425341, 0.9976812755812524], 'Sparsity': [1.0, 1.0, 1.0], 'converged': [0, 0, 0], 'iterations': [150, 150, 150], 'primal_residual': [array(0.09222031), array(0.08417703), array(0.08335734)], 'dual_residual': [array(0.00195275), array(0.00218404), array(0.00281391)], 'times': [2.190694030141458, 2.2828324041329324, 2.2145017727743834]}",0,COMPLETE
16,16,0.9840223275743464,0.6307670961162875,2024-05-20 04:19:33.285914,2024-05-20 04:19:35.838929,0 days 00:00:02.553015,0.0060486979475351775,18.707578144237935,0.007928814224498159,35.38169022778203,0.01491980634556009,"{'AUC_ROCs': [0.9806116913490197, 0.9838781895802422, 0.9875771017937771], 'S_relative_errors': [0.6778345075517452, 0.6424991851470069, 0.5719675956501101], 'X_relative_errors': [1.0971820341574647, 1.0884725046727948, 1.0833541667083255], 'Sparsity': [1.0, 1.0, 1.0], 'converged': [0, 0, 0], 'iterations': [150, 150, 150], 'primal_residual': [array(0.37016148), array(0.40463813), array(0.49086512)], 'dual_residual': [array(0.04761705), array(0.05190751), array(0.06380113)], 'times': [2.2076014331541955, 2.239460796583444, 2.290043319342658]}",0,COMPLETE
17,17,0.984097948250148,0.6296833037165598,2024-05-20 04:19:35.851640,2024-05-20 04:19:38.342610,0 days 00:00:02.490970,0.00046622577533347387,16.272254636035612,79.16076423917129,0.0681148745245013,0.35735526724396505,"{'AUC_ROCs': [0.9805866176420829, 0.9840994474085275, 0.9876077796998335], 'S_relative_errors': [0.677265284923356, 0.6406346339685343, 0.5711499922577892], 'X_relative_errors': [1.443463626086066, 1.5878025079612805, 1.4671742536194659], 'Sparsity': [1.0, 1.0, 1.0], 'converged': [0, 0, 0], 'iterations': [150, 150, 150], 'primal_residual': [array(0.08301855), array(0.06635731), array(0.06566539)], 'dual_residual': [array(0.0060493), array(0.00597636), array(0.00719483)], 'times': [2.222494094632566, 2.223852344788611, 2.233631415758282]}",0,COMPLETE
18,18,0.9965559630829137,0.1557708554903008,2024-05-20 04:19:38.354081,2024-05-20 04:19:40.862973,0 days 00:00:02.508892,0.0015173876840291788,0.01584808797327154,19.473825592389325,0.010562001985332683,0.001048749853951088,"{'AUC_ROCs': [0.9982845342540925, 0.9960609067806335, 0.995322448214015], 'S_relative_errors': [0.16639336722759004, 0.15234846592819146, 0.1485707333151209], 'X_relative_errors': [1.0357265776890316, 1.0337529561054657, 1.0365814159269462], 'Sparsity': [1.0, 1.0, 1.0], 'converged': [0, 0, 0], 'iterations': [150, 150, 150], 'primal_residual': [array(0.32720971), array(0.29204047), array(0.3228966)], 'dual_residual': [array(0.11192886), array(0.10666175), array(0.09725126)], 'times': [2.2204408089164644, 2.230686982627958, 2.23640267807059]}",0,COMPLETE
19,19,0.9968797874327558,0.15458683191183276,2024-05-20 04:19:40.874290,2024-05-20 04:19:43.353119,0 days 00:00:02.478829,0.002038363317244746,0.005093870077655817,0.23949720483085085,1.1090276958369614,0.045597645942162764,"{'AUC_ROCs': [0.997568006935411, 0.9961912349580981, 0.9968801204047585], 'S_relative_errors': [0.1654640165321107, 0.151597905087185, 0.1466985741162026], 'X_relative_errors': [1.000009096216217, 1.0000198832451843, 0.9999864535489983], 'Sparsity': [1.0, 1.0, 1.0], 'converged': [0, 0, 0], 'iterations': [150, 150, 150], 'primal_residual': [array(0.00438408), array(0.00475998), array(0.00722732)], 'dual_residual': [array(0.00122893), array(0.00155823), array(0.002603)], 'times': [2.1835423866286874, 2.2198481098748744, 2.1951222370844334]}",0,COMPLETE
20,20,0.9835816513085641,0.9093493086498406,2024-05-20 04:19:43.367299,2024-05-20 04:19:45.922647,0 days 00:00:02.555348,0.006030502358823531,0.6842559099270691,0.004799063309139178,0.0023896127804237193,0.044199316664987956,"{'AUC_ROCs': [0.979587039689615, 0.9838875079090953, 0.9872704063269823], 'S_relative_errors': [0.9186842913026935, 0.9108134522220908, 0.8985501824247377], 'X_relative_errors': [5.449069432862048, 5.9016639433493365, 6.021713971872345], 'Sparsity': [1.0, 1.0, 1.0], 'converged': [0, 0, 0], 'iterations': [150, 150, 150], 'primal_residual': [array(0.00105916), array(0.00107203), array(0.0011352)], 'dual_residual': [array(0.00533573), array(0.0057663), array(0.00660734)], 'times': [2.233845416456461, 2.280466578900814, 2.2973881473299116]}",0,COMPLETE
21,21,0.9844201239186284,0.6249874694646061,2024-05-20 04:19:45.935918,2024-05-20 04:19:48.456994,0 days 00:00:02.521076,0.0012710082092730953,6.703166590566938,0.03826776554472488,13.175939341901975,8.889706859790383,"{'AUC_ROCs': [0.981317643564657, 0.984025924484915, 0.9879168037063133], 'S_relative_errors': [0.6727359874777508, 0.6379113460010779, 0.5643150749149898], 'X_relative_errors': [1.566176196989571, 1.5840396212912577, 1.450326755532977], 'Sparsity': [1.0, 1.0, 1.0], 'converged': [0, 0, 0], 'iterations': [150, 150, 150], 'primal_residual': [array(0.08083663), array(0.08584812), array(0.13850187)], 'dual_residual': [array(0.00974741), array(0.00347701), array(0.02257774)], 'times': [2.2305962641257793, 2.2354086874984205, 2.248132441425696]}",0,COMPLETE
22,22,0.9965356938738879,0.15818939753468972,2024-05-20 04:19:48.469443,2024-05-20 04:19:50.947072,0 days 00:00:02.477629,0.0005445770615294881,0.0006691506794039323,20.89859450590543,0.001105120062420908,0.08420672674532577,"{'AUC_ROCs': [0.9983906738568319, 0.995936259005067, 0.9952801487597649], 'S_relative_errors': [0.16956240269196682, 0.15510764789538567, 0.14989814201671667], 'X_relative_errors': [1.0093362510935266, 1.008326083507147, 1.0077364119496468], 'Sparsity': [1.0, 1.0, 1.0], 'converged': [0, 0, 0], 'iterations': [150, 150, 150], 'primal_residual': [array(0.12714738), array(0.09998368), array(0.08461208)], 'dual_residual': [array(0.02648807), array(0.02448066), array(0.02653964)], 'times': [2.1823074892163277, 2.221968036144972, 2.2178778701927513]}",0,COMPLETE
23,23,0.995951164961856,0.15870281042169684,2024-05-20 04:19:50.963198,2024-05-20 04:19:53.496830,0 days 00:00:02.533632,0.00025271189447728475,1.8293805839097764e-05,0.0019912824551662255,7.298593847974736,0.07959153634427853,"{'AUC_ROCs': [0.9977942990294093, 0.99486569959158, 0.9951934962645788], 'S_relative_errors': [0.17013392898848245, 0.15554974924934994, 0.15042475302725808], 'X_relative_errors': [1.010273491002173, 1.0089658030454913, 1.0090304453979368], 'Sparsity': [1.0, 1.0, 1.0], 'converged': [0, 0, 0], 'iterations': [150, 150, 150], 'primal_residual': [array(0.17301284), array(0.17883826), array(0.17590348)], 'dual_residual': [array(0.02649064), array(0.02655346), array(0.03146918)], 'times': [2.215347921475768, 2.257850548485294, 2.2514419953804463]}",0,COMPLETE
24,24,0.9967096459874178,0.15513435361564573,2024-05-20 04:19:53.515318,2024-05-20 04:19:55.917289,0 days 00:00:02.401971,0.019573032940610382,1.1490216343116705e-05,54.30467933333859,25.47342484262555,0.23646066269750424,"{'AUC_ROCs': [0.9982427775732923, 0.9960256734704248, 0.9958604869185365], 'S_relative_errors': [0.1661561212047462, 0.1520875550864548, 0.14715938455573624], 'X_relative_errors': [0.9998865798396198, 1.0000131591107355, 1.0000161473764966], 'Sparsity': [1.0, 1.0, 1.0], 'converged': [0, 1, 1], 'iterations': [150, 149, 149], 'primal_residual': [array(0.00311082), array(0.00076695), array(0.00091877)], 'dual_residual': [array(0.00166951), array(0.00063), array(0.0007126)], 'times': [2.093980581732467, 2.10885149682872, 2.1253296334762126]}",0,COMPLETE
25,25,0.6723571097657567,1.0000000000002738,2024-05-20 04:19:55.933877,2024-05-20 04:19:57.753831,0 days 00:00:01.819954,10.618348757164071,0.01149438256469185,0.7489801051590044,3.8316768900580565,0.0052713150595640225,"{'AUC_ROCs': [0.7740571002756326, 0.5141560270763321, 0.7288582019453054], 'S_relative_errors': [0.9999999999999803, 0.9999999999942061, 1.0000000000066354], 'X_relative_errors': [5.423816843856197, 5.949217419072721, 6.219078002112193], 'Sparsity': [1.0, 1.0, 1.0], 'converged': [1, 1, 1], 'iterations': [104, 46, 52], 'primal_residual': [array(0.00098055), array(0.00095852), array(0.00087243)], 'dual_residual': [array(2.58314535e-05), array(2.4895978e-05), array(2.38545612e-05)], 'times': [1.5833079773001373, 0.691391677595675, 0.8012230610474944]}",0,COMPLETE
26,26,0.9894998728384748,0.99999984728366,2024-05-20 04:19:57.771301,2024-05-20 04:19:58.538439,0 days 00:00:00.767138,6.578654086543464,8.071303707119181,0.13561179258559453,0.019881423601217658,0.41566742787207833,"{'AUC_ROCs': [0.9888298888775917, 0.9891766153225512, 0.9904931143152818], 'S_relative_errors': [0.9999998556124997, 0.9999998505967828, 0.9999998356416977], 'X_relative_errors': [5.874474696744964, 6.420363897120087, 6.647285584660754], 'Sparsity': [1.0, 1.0, 1.0], 'converged': [1, 1, 1], 'iterations': [31, 31, 31], 'primal_residual': [array(0.00054014), array(0.00057185), array(0.00066583)], 'dual_residual': [array(1.70483552e-05), array(1.79921107e-05), array(2.07403575e-05)], 'times': [0.46447091340087354, 0.479462776100263, 0.4760755393654108]}",0,COMPLETE
