,number,values_0,values_1,datetime_start,datetime_complete,duration,params_lda1,params_psi_2,params_psi_3,params_rho,user_attrs_metrics,system_attrs_nsga2:generation,state
113,113,0.5,0.9999999999999997,2024-05-20 03:59:11.100402,2024-05-20 03:59:12.786431,0 days 00:00:01.686029,0.06931847360813363,0.2243267632987368,0.014044432537628665,6.701733924914428e-05,"{'AUC_ROCs': [0.5, 0.5, 0.5], 'S_relative_errors': [0.9999999999999996, 0.9999999999999998, 0.9999999999999996], 'X_relative_errors': [1.660106461332608, 1.7862575487886103, 1.8356176303101575], 'Sparsity': [0.0, 0.0, 0.0], 'converged': [0, 0, 0], 'iterations': [150, 150, 150], 'primal_residual': [55.611647180669735, 57.832371405846246, 63.847160589025485], 'dual_residual': [55.611647180669735, 57.832371405846246, 63.847160589025485], 'times': [1.3918731193989515, 1.3912803633138537, 1.469081105897203]}",2,COMPLETE
114,114,0.9968347118431846,0.15723919256753782,2024-05-20 03:59:12.840241,2024-05-20 03:59:14.561041,0 days 00:00:01.720800,0.019185807841088757,98.12595098306483,0.004455381044424194,0.07510575627901137,"{'AUC_ROCs': [0.9982482890935698, 0.9962669423667017, 0.9959889040692823], 'S_relative_errors': [0.16842858863629528, 0.15418763670146085, 0.1491013523648573], 'X_relative_errors': [0.9999672379516048, 0.9999602450422498, 0.9999664407623543], 'Sparsity': [0.9180816326530612, 0.9101224489795918, 0.9128081632653061], 'converged': [0, 0, 0], 'iterations': [150, 150, 150], 'primal_residual': [0.11355316788729862, 0.11907216459911664, 0.11714545024613732], 'dual_residual': [0.11355316788729862, 0.11907216459911664, 0.11714545024613732], 'times': [1.4451032485812902, 1.4719735900871456, 1.4651659491937608]}",2,COMPLETE
115,115,0.9968438205904432,0.15723839058421488,2024-05-20 03:59:14.617533,2024-05-20 03:59:16.419681,0 days 00:00:01.802148,0.019185807841088757,12.212494427174793,0.00237406121132662,0.07510575627901137,"{'AUC_ROCs': [0.9982983110309721, 0.9959668825456482, 0.9962662681947089], 'S_relative_errors': [0.16842776226880107, 0.15418604112509102, 0.14910136835875248], 'X_relative_errors': [0.9999650451385557, 0.9999558140311019, 0.9999663990161558], 'Sparsity': [0.9143918367346939, 0.9002530612244898, 0.9133469387755102], 'converged': [0, 0, 0], 'iterations': [150, 150, 150], 'primal_residual': [0.11703553886293486, 0.12578488693147274, 0.11714508983708784], 'dual_residual': [0.11703553886293486, 0.12578488693147274, 0.11714508983708784], 'times': [1.5710632533300668, 1.4490320570766926, 1.4556073150597513]}",2,COMPLETE
116,116,0.9967395160674345,0.1572519369943636,2024-05-20 03:59:16.469168,2024-05-20 03:59:17.739514,0 days 00:00:01.270346,0.001383157852498198,0.05005533047748055,0.014044432537628665,0.1977791058633185,"{'AUC_ROCs': [0.9982598976909917, 0.9952831152809806, 0.9966755352303316], 'S_relative_errors': [0.16844127323205582, 0.15420168826167818, 0.14911284948935682], 'X_relative_errors': [0.9999999975184051, 0.9999999972500909, 0.9999999975649297], 'Sparsity': [0.9964326530612245, 0.9960571428571429, 0.9964], 'converged': [1, 1, 1], 'iterations': [98, 106, 100], 'primal_residual': [0.0009956226604305506, 0.0009871812713148796, 0.0009963651617523072], 'dual_residual': [0.0009956226604305506, 0.0009871812713148796, 0.0009963651617523072], 'times': [0.9427943739574403, 1.0255490287672728, 0.9571755777578801]}",2,COMPLETE
117,117,0.9964439685077404,0.15725162338183332,2024-05-20 03:59:17.794755,2024-05-20 03:59:19.571970,0 days 00:00:01.777215,0.007457481356431483,0.055461026195812904,7.637309269546766,0.10149475409168258,"{'AUC_ROCs': [0.9978303080782922, 0.9959784582168207, 0.9955231392281082], 'S_relative_errors': [0.1684409834344395, 0.15420132238153464, 0.14911256432952588], 'X_relative_errors': [0.9999992470394815, 0.999998960585203, 0.9999991626726316], 'Sparsity': [0.9776244897959183, 0.9723918367346939, 0.974530612244898], 'converged': [0, 0, 0], 'iterations': [150, 150, 150], 'primal_residual': [0.017188559905423114, 0.019235741811924667, 0.01844199985735832], 'dual_residual': [0.017188559905423114, 0.019235741811924667, 0.01844199985735832], 'times': [1.5478298529051244, 1.4526518117636442, 1.479216800769791]}",2,COMPLETE
118,118,0.9964098900628171,0.1572511503441734,2024-05-20 03:59:19.602325,2024-05-20 03:59:21.414356,0 days 00:00:01.812031,0.009951544515373716,0.20453089111948727,0.7602254884855658,0.10149475409168258,"{'AUC_ROCs': [0.9981385734113946, 0.9956889837012178, 0.9954021130758389], 'S_relative_errors': [0.16844048115447327, 0.15420076646722414, 0.1491122034108227], 'X_relative_errors': [0.9999979510959446, 0.9999973950055043, 0.9999981088417671], 'Sparsity': [0.9656326530612245, 0.9600571428571428, 0.9672489795918368], 'converged': [0, 0, 0], 'iterations': [150, 150, 150], 'primal_residual': [0.028394602277582098, 0.030546549186588723, 0.02777522309413202], 'dual_residual': [0.028394602277582098, 0.030546549186588723, 0.02777522309413202], 'times': [1.4478248998057097, 1.5476118142250925, 1.4395446113776416]}",2,COMPLETE
119,119,0.9962348783209009,0.15724873427709926,2024-05-20 03:59:21.459495,2024-05-20 03:59:23.244245,0 days 00:00:01.784750,0.007457481356431483,0.17477753047459607,2.578530308749772,0.04663192440155032,"{'AUC_ROCs': [0.9978804932700284, 0.9953202688140046, 0.9955038728786695], 'S_relative_errors': [0.16843788844677401, 0.15419812792401705, 0.14911018646050664], 'X_relative_errors': [0.9999912302528524, 0.9999899202397654, 0.9999922414663984], 'Sparsity': [0.9452489795918367, 0.9414530612244898, 0.9486775510204082], 'converged': [0, 0, 0], 'iterations': [150, 150, 150], 'primal_residual': [0.058639356580202126, 0.05991142037097252, 0.05644761854301684], 'dual_residual': [0.058639356580202126, 0.05991142037097252, 0.05644761854301684], 'times': [1.4472651819232851, 1.4585215579718351, 1.5191398134920746]}",2,COMPLETE
