,number,values_0,values_1,datetime_start,datetime_complete,duration,params_lda1,params_ldag,params_psi_1,params_psi_2,params_psi_3,user_attrs_metrics,system_attrs_nsga2:generation,state
54,54,0.9965854173693712,0.1519827447038111,2024-05-20 04:01:31.059003,2024-05-20 04:01:33.501239,0 days 00:00:02.442236,0.0018099842524826948,0.0072080005130470606,1.1838224495360532,0.20297972176677784,4.531932866388371,"{'AUC_ROCs': [0.9988970780066082, 0.994525613929934, 0.9963335601715719], 'S_relative_errors': [0.16278791854792166, 0.14911016784710193, 0.14405014771640967], 'X_relative_errors': [0.9999415853912659, 0.9999438816517999, 0.9999481305380297], 'Sparsity': [1.0, 1.0, 1.0], 'converged': [0, 0, 0], 'iterations': [150, 150, 150], 'primal_residual': [array(0.00264615), array(0.00283623), array(0.00235086)], 'dual_residual': [array(0.00059538), array(0.00075027), array(0.00095838)], 'times': [2.1582392908167094, 2.1130005272570997, 2.1753439982421696]}",1,COMPLETE
55,55,0.996761498489044,0.09238307898157072,2024-05-20 04:01:33.531464,2024-05-20 04:01:36.086061,0 days 00:00:02.554597,0.07234814474787592,0.11399613925059907,36.458996116593376,0.0033836563750577766,0.004435587161909519,"{'AUC_ROCs': [0.9986354609128776, 0.996668675207383, 0.9949803593468713], 'S_relative_errors': [0.10068619571308114, 0.08970877498746119, 0.0867542662441698], 'X_relative_errors': [1.0158973895472572, 1.01161479220103, 1.0061579831122576], 'Sparsity': [1.0, 1.0, 1.0], 'converged': [0, 0, 0], 'iterations': [150, 150, 150], 'primal_residual': [array(0.41482124), array(0.35332784), array(0.31628698)], 'dual_residual': [array(0.13283181), array(0.13163891), array(0.13115028)], 'times': [2.188075696118176, 2.309452888322994, 2.21572022465989]}",1,COMPLETE
56,56,0.9966327812581718,0.15419042808881955,2024-05-20 04:01:36.113942,2024-05-20 04:01:38.622025,0 days 00:00:02.508083,0.0009360918943525533,0.006202837777607985,7.610758124829104,0.060706516299468695,0.0033222376263503262,"{'AUC_ROCs': [0.9978553143247606, 0.9951557038664035, 0.9968873255833509], 'S_relative_errors': [0.16501469486588963, 0.15111952631039435, 0.14643706309017465], 'X_relative_errors': [1.0069323713860618, 1.0076511637628194, 1.008453792832131], 'Sparsity': [1.0, 1.0, 1.0], 'converged': [0, 0, 0], 'iterations': [150, 150, 150], 'primal_residual': [array(0.05146635), array(0.04118454), array(0.06193649)], 'dual_residual': [array(0.01451852), array(0.01712483), array(0.01682426)], 'times': [2.2462451620958745, 2.2501978499349207, 2.186193246860057]}",1,COMPLETE
57,57,0.9968807180539635,0.12745419241586933,2024-05-20 04:01:38.654129,2024-05-20 04:01:41.215265,0 days 00:00:02.561136,0.0002595194777670417,0.07217834234817547,57.986045652207075,29.08036445306158,0.005159660230814251,"{'AUC_ROCs': [0.9985098697586473, 0.9959547091974066, 0.9961775752058366], 'S_relative_errors': [0.13781941416118568, 0.12406959166829978, 0.1204735714181225], 'X_relative_errors': [1.0002517283083079, 1.000211462545227, 1.0001994722037617], 'Sparsity': [1.0, 1.0, 1.0], 'converged': [0, 0, 0], 'iterations': [150, 150, 150], 'primal_residual': [array(0.03262364), array(0.03463109), array(0.03636691)], 'dual_residual': [array(0.01308433), array(0.01376796), array(0.0157943)], 'times': [2.1333153997547925, 2.2407784797251225, 2.3103774562478065]}",1,COMPLETE
58,58,0.9960338454829278,0.15438540210133914,2024-05-20 04:01:41.250501,2024-05-20 04:01:43.670656,0 days 00:00:02.420155,0.002283527428178836,0.002149027743705462,1.9124087451994263,71.7092199343588,49.69300605212122,"{'AUC_ROCs': [0.9982912141896847, 0.9941971681526994, 0.9956131541063992], 'S_relative_errors': [0.1653340979234577, 0.15131205394708833, 0.14651005443347137], 'X_relative_errors': [1.0000989694532507, 1.000091257172852, 1.0000833451492628], 'Sparsity': [1.0, 1.0, 1.0], 'converged': [0, 0, 0], 'iterations': [150, 150, 150], 'primal_residual': [array(0.00289336), array(0.00251739), array(0.00257683)], 'dual_residual': [array(0.00106128), array(0.00134413), array(0.0016919)], 'times': [2.0631781723350286, 2.0869401667732745, 2.200268998974934]}",1,COMPLETE
59,59,0.9748934292667745,0.999999915889522,2024-05-20 04:01:43.705610,2024-05-20 04:01:45.091943,0 days 00:00:01.386333,0.040145779610484704,2.1434248435616814e-05,0.010689191749264098,0.0034053725168584925,0.010763228582021882,"{'AUC_ROCs': [0.9588923415261612, 0.9694556923811251, 0.9963322538930375], 'S_relative_errors': [0.9999999895107563, 0.9999999063172524, 0.9999998518405571], 'X_relative_errors': [5.934333398448132, 6.482467515197694, 6.704051435258036], 'Sparsity': [1.0, 1.0, 1.0], 'converged': [1, 1, 1], 'iterations': [59, 68, 62], 'primal_residual': [array(0.00073595), array(0.00045046), array(0.00049398)], 'dual_residual': [array(1.12921747e-05), array(4.56614685e-06), array(5.46343474e-06)], 'times': [0.9683742038905621, 1.134533702628687, 0.9507143043447286]}",1,COMPLETE
60,60,0.9966946168340556,0.15466302427174752,2024-05-20 04:01:45.127243,2024-05-20 04:01:47.555065,0 days 00:00:02.427822,0.0005924684870743299,0.00358863612082341,71.11867859977694,1.7260950218664264,0.03285031213329391,"{'AUC_ROCs': [0.9981837361712499, 0.9947064347059239, 0.997193679624993], 'S_relative_errors': [0.16539245076538697, 0.15186730455384748, 0.14672931749600812], 'X_relative_errors': [1.0002250026216566, 1.0002174956148526, 1.000185099602023], 'Sparsity': [1.0, 1.0, 1.0], 'converged': [0, 0, 0], 'iterations': [150, 150, 150], 'primal_residual': [array(0.00601592), array(0.00627754), array(0.00644191)], 'dual_residual': [array(0.00198194), array(0.00212586), array(0.00282576)], 'times': [2.1919647024478763, 2.133402843028307, 2.137310487916693]}",1,COMPLETE
61,61,0.9976834840697476,0.01566961456072868,2024-05-20 04:01:47.870021,2024-05-20 04:01:50.511064,0 days 00:00:02.641043,0.025101211835747487,1.3860530187230739e-05,0.009990986596066793,0.008515860577848837,0.9035336912685722,"{'AUC_ROCs': [0.9989440804134397, 0.9967631217679008, 0.9973432500279025], 'S_relative_errors': [0.010882964289933416, 0.013226109388513322, 0.022899770003739297], 'X_relative_errors': [0.06901011603026137, 0.08314087127953686, 0.14865884453470546], 'Sparsity': [1.0, 1.0, 1.0], 'converged': [0, 0, 0], 'iterations': [150, 150, 150], 'primal_residual': [array(0.10690282), array(0.11588942), array(0.15959467)], 'dual_residual': [array(0.02684547), array(0.03340677), array(0.06288426)], 'times': [2.254772588144988, 2.2273513784166425, 2.364951271098107]}",1,COMPLETE
62,62,0.990673070521816,0.9999999611245579,2024-05-20 04:01:50.552221,2024-05-20 04:01:51.354708,0 days 00:00:00.802487,2.076139604625206,8.67805538044991,0.04082229043557786,0.5232672869787284,1.922248667715968,"{'AUC_ROCs': [0.9907988508260301, 0.9911007514411032, 0.9901196092983146], 'S_relative_errors': [0.9999999631066121, 0.9999999623307875, 0.9999999579362743], 'X_relative_errors': [5.637470430798541, 6.1721495888863585, 6.41680045175757], 'Sparsity': [1.0, 1.0, 1.0], 'converged': [1, 1, 1], 'iterations': [32, 32, 32], 'primal_residual': [array(0.00016453), array(0.00017115), array(0.00020362)], 'dual_residual': [array(2.5662819e-06), array(2.60455972e-06), array(3.22349618e-06)], 'times': [0.5451314505189657, 0.48722079303115606, 0.4788329629227519]}",1,COMPLETE
63,63,0.8832548737245264,0.9999999999956998,2024-05-20 04:01:51.394478,2024-05-20 04:01:54.011201,0 days 00:00:02.616723,12.642795825721945,0.0001060344960740744,10.736546717327924,0.1272041992905918,1.081781519405944,"{'AUC_ROCs': [0.8773679074746646, 0.8811872913267315, 0.8912094223721829], 'S_relative_errors': [0.9999999999948569, 0.9999999999958985, 0.9999999999963438], 'X_relative_errors': [5.1675979316056795, 5.723163971139811, 6.061765401787179], 'Sparsity': [1.0, 1.0, 1.0], 'converged': [0, 0, 0], 'iterations': [150, 150, 150], 'primal_residual': [array(0.0060959), array(0.00560463), array(0.00584889)], 'dual_residual': [array(0.00016901), array(0.00015546), array(0.00016243)], 'times': [2.212491756072268, 2.3621992375701666, 2.2727231967728585]}",1,COMPLETE
64,64,0.8448631366422048,0.9081541521669839,2024-05-20 04:01:54.044103,2024-05-20 04:01:56.740708,0 days 00:00:02.696605,0.1272662077600238,1.386069080450893,0.004325562194773455,0.013098427179020478,2.540276604144268,"{'AUC_ROCs': [0.8587544727015823, 0.8388859422421477, 0.8369489949828843], 'S_relative_errors': [0.9121074241191797, 0.8982236287118589, 0.914131403669913], 'X_relative_errors': [5.110158720529484, 5.506890884654981, 5.8347069302387675], 'Sparsity': [1.0, 1.0, 1.0], 'converged': [0, 0, 0], 'iterations': [150, 150, 150], 'primal_residual': [array(0.00205549), array(0.00191496), array(0.0038759)], 'dual_residual': [array(0.00049942), array(0.00112392), array(0.00120669)], 'times': [2.4026267710141838, 2.2684007612988353, 2.396694697672501]}",1,COMPLETE
65,65,0.9943732841660985,0.3491084883744953,2024-05-20 04:01:56.771818,2024-05-20 04:01:59.457825,0 days 00:00:02.686007,0.11699397682071314,9.765486075958088e-05,7.0999627096437425,0.021225454568198042,0.0026539018709845147,"{'AUC_ROCs': [0.9993260874592782, 0.9977582219816497, 0.9860355430573674], 'S_relative_errors': [0.04385486955628589, 0.41969474676809504, 0.5837758487991052], 'X_relative_errors': [0.41993713776352104, 2.6111388221272898, 3.7957650217138528], 'Sparsity': [1.0, 1.0, 1.0], 'converged': [0, 0, 0], 'iterations': [150, 150, 150], 'primal_residual': [array(0.18034361), array(0.08961398), array(0.09864945)], 'dual_residual': [array(0.03472816), array(0.05117204), array(0.04757044)], 'times': [2.2184602601919323, 2.347351904725656, 2.39030076097697]}",1,COMPLETE
66,66,0.9967105551949677,0.10261710830778382,2024-05-20 04:01:59.486885,2024-05-20 04:02:02.151809,0 days 00:00:02.664924,0.11699397682071314,0.0004062751067826483,79.59500711071159,0.0032734969177197126,0.5297222725862172,"{'AUC_ROCs': [0.9980329890083111, 0.9957385859584891, 0.9963600906181029], 'S_relative_errors': [0.10978163439191842, 0.1001378536107318, 0.0979318369207013], 'X_relative_errors': [0.9986397407626161, 0.9985975756370922, 0.9988262911870225], 'Sparsity': [1.0, 1.0, 1.0], 'converged': [0, 0, 0], 'iterations': [150, 150, 150], 'primal_residual': [array(0.03169246), array(0.03479621), array(0.03739673)], 'dual_residual': [array(0.00637664), array(0.00641789), array(0.01116604)], 'times': [2.187079516472295, 2.2129211246501654, 2.425844579236582]}",1,COMPLETE
67,67,0.9969593641926259,0.1650345149269648,2024-05-20 04:02:02.194130,2024-05-20 04:02:04.661498,0 days 00:00:02.467368,0.00021275420811933188,0.00010999478578802664,0.01699851710250495,10.28951298312888,0.00848997760097989,"{'AUC_ROCs': [0.9982832241717939, 0.9960687988346622, 0.9965260695714219], 'S_relative_errors': [0.17621629337455, 0.1624370214792116, 0.1564502299271328], 'X_relative_errors': [1.048208217285777, 1.0554891166774172, 1.0513082235710303], 'Sparsity': [1.0, 1.0, 1.0], 'converged': [0, 0, 0], 'iterations': [150, 150, 150], 'primal_residual': [array(0.51069316), array(0.52891168), array(0.55628244)], 'dual_residual': [array(0.10183363), array(0.10760478), array(0.11418488)], 'times': [2.1593347240705043, 2.195477419300005, 2.2116049856413156]}",1,COMPLETE
68,68,0.984020702775417,0.629776172657774,2024-05-20 04:02:04.698130,2024-05-20 04:02:07.267373,0 days 00:00:02.569243,0.00040753919432827553,0.34618617094716264,0.01699851710250495,0.0011548812995385363,0.8989305355101271,"{'AUC_ROCs': [0.9804598324375597, 0.9841095091291072, 0.9874927667595836], 'S_relative_errors': [0.6764853151715404, 0.6413568506381456, 0.5714863521636357], 'X_relative_errors': [3.905654046551759, 4.043024758442617, 3.7242273636588483], 'Sparsity': [1.0, 1.0, 1.0], 'converged': [0, 0, 0], 'iterations': [150, 150, 150], 'primal_residual': [array(0.06066852), array(0.00727104), array(0.05149875)], 'dual_residual': [array(0.01670824), array(0.01818662), array(0.02360345)], 'times': [2.3486772342585027, 2.309408566216007, 2.2560390608850867]}",1,COMPLETE
69,69,0.9968954100278088,0.508983681617493,2024-05-20 04:02:07.301616,2024-05-20 04:02:09.729475,0 days 00:00:02.427859,1.9985808743762576,0.04545721895452147,0.00456115168004276,73.57343634258933,0.15953011444283163,"{'AUC_ROCs': [0.9983666619776693, 0.9963211494541204, 0.9959984186516369], 'S_relative_errors': [0.5082954975663796, 0.5068654254304118, 0.5117901218556875], 'X_relative_errors': [0.9933626039654664, 0.9929531265836751, 0.9936932960269464], 'Sparsity': [1.0, 1.0, 1.0], 'converged': [0, 0, 0], 'iterations': [150, 150, 150], 'primal_residual': [array(0.0323101), array(0.03566848), array(0.03561184)], 'dual_residual': [array(0.02835664), array(0.02313244), array(0.03529409)], 'times': [2.1591568884905428, 2.146582943154499, 2.1608422193676233]}",1,COMPLETE
70,70,0.9976309976171035,0.10928260168393004,2024-05-20 04:02:09.772333,2024-05-20 04:02:12.376362,0 days 00:00:02.604029,0.09421578304239446,0.34618617094716264,36.458996116593376,0.013098427179020478,0.8989305355101271,"{'AUC_ROCs': [0.9983881386924252, 0.9970072567973961, 0.9974975973614891], 'S_relative_errors': [0.11450733885185585, 0.10620494845691618, 0.10713551774301812], 'X_relative_errors': [0.9911597888050697, 0.9914414252014098, 0.9909137040770963], 'Sparsity': [1.0, 1.0, 1.0], 'converged': [0, 0, 0], 'iterations': [150, 150, 150], 'primal_residual': [array(0.07461806), array(0.07492585), array(0.08633618)], 'dual_residual': [array(0.00554945), array(0.00524311), array(0.00549796)], 'times': [2.3240428913850337, 2.17414717329666, 2.355140336090699]}",1,COMPLETE
71,71,0.9956261261196276,0.9534819324602998,2024-05-20 04:02:12.418819,2024-05-20 04:02:14.992582,0 days 00:00:02.573763,4.577848031976358,0.004799847023958671,20.859494212889143,64.02826987393725,0.6431153729546071,"{'AUC_ROCs': [0.9983713059563218, 0.9944714636465342, 0.9940356087560267], 'S_relative_errors': [0.9566878307282438, 0.9539075061707016, 0.9498504604819541], 'X_relative_errors': [0.9998276180218884, 1.0015292026775542, 1.0500248181956635], 'Sparsity': [1.0, 1.0, 1.0], 'converged': [0, 0, 0], 'iterations': [150, 150, 150], 'primal_residual': [array(0.0608401), array(0.10964638), array(0.18693208)], 'dual_residual': [array(0.00589119), array(0.00498672), array(0.00571303)], 'times': [2.1417299362365156, 2.2805860328953713, 2.1710203546099365]}",1,COMPLETE
72,72,0.9970116983573133,0.09380624019853033,2024-05-20 04:02:15.012307,2024-05-20 04:02:17.653516,0 days 00:00:02.641209,0.05237427971321334,0.1132819675019562,1.941519674408228,0.0029920839573916278,12.287191699552148,"{'AUC_ROCs': [0.9982205817299422, 0.9968936203574223, 0.9959208929845753], 'S_relative_errors': [0.09820510230666235, 0.09299779913580564, 0.09021581915312298], 'X_relative_errors': [0.9318857519033426, 0.9290701851907435, 0.9374407690187804], 'Sparsity': [1.0, 1.0, 1.0], 'converged': [0, 0, 0], 'iterations': [150, 150, 150], 'primal_residual': [array(0.05136531), array(0.05735508), array(0.05931577)], 'dual_residual': [array(0.00623813), array(0.0060211), array(0.01060054)], 'times': [2.393380291759968, 2.388434568652883, 2.2643344686366618]}",1,COMPLETE
73,73,0.996826510333516,0.13776156381115057,2024-05-20 04:02:17.698185,2024-05-20 04:02:20.451803,0 days 00:00:02.753618,0.03163854877584604,1.0145167935176826e-05,0.09186849677879136,42.16287752768722,0.03504367091117773,"{'AUC_ROCs': [0.9985666242508072, 0.9965273109969259, 0.9953855957528146], 'S_relative_errors': [0.14745935501836083, 0.13426558774733127, 0.1315597486677596], 'X_relative_errors': [1.0001315835540237, 1.0001722356806368, 1.0001321750210603], 'Sparsity': [1.0, 1.0, 1.0], 'converged': [0, 0, 0], 'iterations': [150, 150, 150], 'primal_residual': [array(0.07520206), array(0.07376464), array(0.08698433)], 'dual_residual': [array(0.05216554), array(0.06706889), array(0.08930354)], 'times': [2.1601734512951225, 2.188380357576534, 2.4473291549365968]}",1,COMPLETE
74,74,0.9818187256539602,0.6786777303069607,2024-05-20 04:02:20.472030,2024-05-20 04:02:23.175556,0 days 00:00:02.703526,0.005636046168515116,14.998325985738864,0.04014166933065742,0.511307657424699,0.004897212625355115,"{'AUC_ROCs': [0.9803177485479873, 0.9798134656288069, 0.9853249627850864], 'S_relative_errors': [0.718651055307675, 0.6860904353865914, 0.6312917002266155], 'X_relative_errors': [4.2038478182353005, 4.383826129039073, 4.1757679905948315], 'Sparsity': [1.0, 1.0, 1.0], 'converged': [0, 0, 0], 'iterations': [150, 150, 150], 'primal_residual': [array(0.00764124), array(0.00830783), array(0.01113412)], 'dual_residual': [array(0.02588515), array(0.02938774), array(0.03897409)], 'times': [2.451760603347793, 2.2736469286028296, 2.248084651539102]}",1,COMPLETE
75,75,0.9843436636933105,0.6269313820216506,2024-05-20 04:02:23.195776,2024-05-20 04:02:24.994613,0 days 00:00:01.798837,0.00886650307563395,14.998325985738864,0.04014166933065742,0.511307657424699,3.0100265610884906,"{'AUC_ROCs': [0.9810953586224884, 0.9841706561858016, 0.9877649762716417], 'S_relative_errors': [0.6744995435522518, 0.6380657239273624, 0.5682288785853375], 'X_relative_errors': [3.5734512943902113, 3.684928052016166, 3.3883412286161283], 'Sparsity': [1.0, 1.0, 1.0], 'converged': [1, 1, 1], 'iterations': [96, 97, 101], 'primal_residual': [array(0.00096984), array(0.00095335), array(0.00095577)], 'dual_residual': [array(0.0002441), array(0.00021306), array(0.00018397)], 'times': [1.5557276513427496, 1.4532732935622334, 1.5629087223205715]}",1,COMPLETE
76,76,0.9096836247032737,0.996942236803728,2024-05-20 04:02:25.014755,2024-05-20 04:02:27.677500,0 days 00:00:02.662745,1.7790534835822407,1.1746593598946253e-05,1.8477636436635199,3.6049973255232675,6.519429652936881,"{'AUC_ROCs': [0.8926416753253639, 0.9960639309772094, 0.8403452678072476], 'S_relative_errors': [0.9968433105580337, 0.9952325154899838, 0.9987508843631664], 'X_relative_errors': [4.59348069979577, 5.0757971376505715, 5.43297276319121], 'Sparsity': [1.0, 1.0, 1.0], 'converged': [0, 0, 0], 'iterations': [150, 150, 150], 'primal_residual': [array(0.00242071), array(0.00987369), array(0.00177434)], 'dual_residual': [array(6.76505854e-05), array(0.00055827), array(9.60589087e-05)], 'times': [2.231852989178151, 2.4171314069535583, 2.2763026198372245]}",1,COMPLETE
77,77,0.997512871840291,0.08459590362713353,2024-05-20 04:02:27.696496,2024-05-20 04:02:30.348746,0 days 00:00:02.652250,0.1272662077600238,0.11399613925059907,36.458996116593376,0.0033836563750577766,0.004435587161909519,"{'AUC_ROCs': [0.9985671571885084, 0.9975416233177911, 0.9964298350145737], 'S_relative_errors': [0.08988967535589784, 0.07692075914581176, 0.08697727637969097], 'X_relative_errors': [1.0058115664380554, 1.0014037392137416, 0.9981930300864444], 'Sparsity': [1.0, 1.0, 1.0], 'converged': [0, 0, 0], 'iterations': [150, 150, 150], 'primal_residual': [array(0.30953697), array(0.24443738), array(0.21026982)], 'dual_residual': [array(0.15299368), array(0.1485515), array(0.14516643)], 'times': [2.174424132797867, 2.232663177885115, 2.315957294544205]}",1,COMPLETE
78,78,0.977863809525775,0.8019888064894941,2024-05-20 04:02:30.379494,2024-05-20 04:02:32.934352,0 days 00:00:02.554858,1.9985808743762576,1.9616086245548738,0.00456115168004276,42.16287752768722,0.005063746588871831,"{'AUC_ROCs': [0.9885185857995921, 0.9669131531355739, 0.9781596896421593], 'S_relative_errors': [0.780541968888194, 0.8161927060485029, 0.8092317445317857], 'X_relative_errors': [1.3003805599494789, 1.5325690211798495, 1.8260650371287817], 'Sparsity': [1.0, 1.0, 1.0], 'converged': [0, 0, 0], 'iterations': [150, 150, 150], 'primal_residual': [array(0.17244809), array(0.25611681), array(0.28915023)], 'dual_residual': [array(0.13612762), array(0.11081965), array(0.11015192)], 'times': [2.1951646821107715, 2.2759874970652163, 2.2990569688845426]}",1,COMPLETE
79,79,0.9972718066121984,0.10774446283863848,2024-05-20 04:02:32.979709,2024-05-20 04:02:35.426587,0 days 00:00:02.446878,0.03711126879550232,0.08624997545795615,35.0151446708968,30.073593459479238,0.009145222651148472,"{'AUC_ROCs': [0.9982597263414015, 0.9969531114534764, 0.9966025820417171], 'S_relative_errors': [0.11383489425823469, 0.1051500204641195, 0.10424847379356121], 'X_relative_errors': [0.9996389871592865, 0.9995497134901907, 0.9996699123557521], 'Sparsity': [1.0, 1.0, 1.0], 'converged': [0, 0, 0], 'iterations': [150, 150, 150], 'primal_residual': [array(0.03459335), array(0.03680819), array(0.03666778)], 'dual_residual': [array(0.00823466), array(0.00915484), array(0.01038657)], 'times': [2.194208746077493, 2.134039326105267, 2.1487724513281137]}",1,COMPLETE
80,80,0.9966369914184311,0.14901134236092525,2024-05-20 04:02:35.471785,2024-05-20 04:02:37.967369,0 days 00:00:02.495584,0.014298278963148026,0.002740057524589337,0.09186849677879136,0.005386671762575984,12.287191699552148,"{'AUC_ROCs': [0.9983116088385254, 0.9949753622199651, 0.996624003196803], 'S_relative_errors': [0.15893683464693162, 0.14604381255315596, 0.14205337988268815], 'X_relative_errors': [1.0162803089298849, 1.0215766865548026, 1.0257636444397598], 'Sparsity': [1.0, 1.0, 1.0], 'converged': [0, 0, 0], 'iterations': [150, 150, 150], 'primal_residual': [array(0.38594895), array(0.43386311), array(0.49668344)], 'dual_residual': [array(0.06672781), array(0.07666673), array(0.08745626)], 'times': [2.1448848529253155, 2.2619350887835026, 2.218429676257074]}",1,COMPLETE
