,number,values_0,values_1,datetime_start,datetime_complete,duration,params_lda1,params_ldag,params_psi_1,params_psi_2,params_psi_3,user_attrs_metrics,system_attrs_nsga2:generation,state
0,0,0.978909053287031,0.9999998788884633,2024-05-20 04:12:27.973984,2024-05-20 04:12:28.806683,0 days 00:00:00.832699,0.9114669574631695,1.9421349976465505,0.4530357193151044,0.017895299290866442,0.25736161971017557,"{'AUC_ROCs': [0.9724808038572158, 0.9753635326318641, 0.988882823372013], 'S_relative_errors': [0.9999997835756285, 0.9999997684258881, 1.0000000846638735], 'X_relative_errors': [5.872233365750433, 6.419170504228817, 6.648392060151689], 'Sparsity': [1.0, 1.0, 1.0], 'converged': [1, 1, 1], 'iterations': [36, 36, 37], 'primal_residual': [array(0.00081766), array(0.00085049), array(0.00049793)], 'dual_residual': [array(1.58882352e-05), array(1.59046074e-05), array(2.30065817e-05)], 'times': [0.5405090183485299, 0.5507996776141226, 0.5710520630236715]}",0,COMPLETE
1,1,0.9978022208129746,0.0668580593023445,2024-05-20 04:12:28.808048,2024-05-20 04:12:31.356564,0 days 00:00:02.548516,0.1340807932501222,0.04586286832959792,0.0010494879051934412,0.015495033721798187,5.077407939684572,"{'AUC_ROCs': [0.9992772298895624, 0.9974535276935695, 0.996675904855792], 'S_relative_errors': [0.06889101700060696, 0.062155601662980176, 0.06952755924344636], 'X_relative_errors': [0.5371735336400008, 0.5421399829482849, 0.5904341668645027], 'Sparsity': [1.0, 1.0, 1.0], 'converged': [0, 0, 0], 'iterations': [150, 150, 150], 'primal_residual': [array(0.1052411), array(0.10298216), array(0.1084387)], 'dual_residual': [array(0.06080601), array(0.06464717), array(0.06398157)], 'times': [2.256569047924131, 2.233971923124045, 2.2864673279691488]}",0,COMPLETE
2,2,0.984824125157837,0.6264395764030737,2024-05-20 04:12:31.359589,2024-05-20 04:12:33.908362,0 days 00:00:02.548773,0.023583868138180263,11.133597915993574,0.040465570490562805,1.4023764820834759,0.001956188602267573,"{'AUC_ROCs': [0.9813480122437676, 0.9849991773790155, 0.9881251858507281], 'S_relative_errors': [0.6737957463316303, 0.6380175727834053, 0.5675054100941855], 'X_relative_errors': [3.8260507723888972, 3.953418506476976, 3.6363003186139737], 'Sparsity': [1.0, 1.0, 1.0], 'converged': [0, 0, 0], 'iterations': [150, 150, 150], 'primal_residual': [array(0.00255571), array(0.00278234), array(0.00400832)], 'dual_residual': [array(0.00404083), array(0.00419831), array(0.00604754)], 'times': [2.2384991198778152, 2.2907945483457297, 2.270326627185568]}",0,COMPLETE
3,3,0.9891189013301246,0.6158535979355747,2024-05-20 04:12:33.910746,2024-05-20 04:12:36.500305,0 days 00:00:02.589559,1.1582630207137397,6.834503843224572e-05,9.504082427849943,0.00659240718843176,0.019183741882961042,"{'AUC_ROCs': [0.9949000587393141, 0.9899082807239207, 0.9825483645271389], 'S_relative_errors': [0.5219519139973094, 0.6106656328999154, 0.7149432469094994], 'X_relative_errors': [2.8949582098499405, 3.7514602398374994, 4.590722263881335], 'Sparsity': [1.0, 1.0, 1.0], 'converged': [0, 0, 0], 'iterations': [150, 150, 150], 'primal_residual': [array(0.0292105), array(0.03207642), array(0.02677928)], 'dual_residual': [array(0.01305944), array(0.01224658), array(0.01458126)], 'times': [2.3198026351165026, 2.235319896135479, 2.2352271457202733]}",0,COMPLETE
4,4,0.9964716341744132,0.1507035818525226,2024-05-20 04:12:36.503871,2024-05-20 04:12:38.955065,0 days 00:00:02.451194,0.0612988124422036,3.115118311325587e-05,37.47238826688561,63.5253727704498,0.2517205166287703,"{'AUC_ROCs': [0.9973507127187031, 0.9965199622856877, 0.995544227518849], 'S_relative_errors': [0.16146436054431923, 0.14773124019076977, 0.14291514482247883], 'X_relative_errors': [1.0000304646296476, 1.0000290321837981, 1.0000166874041334], 'Sparsity': [1.0, 1.0, 1.0], 'converged': [1, 1, 1], 'iterations': [148, 148, 149], 'primal_residual': [array(0.00084605), array(0.00096506), array(0.00076765)], 'dual_residual': [array(0.00059814), array(0.00062562), array(0.00070618)], 'times': [2.0573494653217494, 2.080688208574429, 2.1537023219279945]}",0,COMPLETE
5,5,0.9978381271482929,0.11151968761979662,2024-05-20 04:12:38.958988,2024-05-20 04:12:41.527752,0 days 00:00:02.568764,0.017225127932295484,0.26745732155670326,0.2502259952878794,10.09396232978704,0.0013687564792530375,"{'AUC_ROCs': [0.9986931423118749, 0.9970930246917092, 0.9977282144412947], 'S_relative_errors': [0.1274132160117233, 0.10681448827583562, 0.1003313585718309], 'X_relative_errors': [0.7774649767845261, 0.7502799839427631, 0.6738655017451713], 'Sparsity': [1.0, 1.0, 1.0], 'converged': [0, 0, 0], 'iterations': [150, 150, 150], 'primal_residual': [array(0.16648211), array(0.19929486), array(0.22350705)], 'dual_residual': [array(0.01904507), array(0.02117055), array(0.02423173)], 'times': [2.205878359032795, 2.2985492311418056, 2.2565311396028847]}",0,COMPLETE
6,6,0.9967044123821,0.16041510987268712,2024-05-20 04:12:41.532020,2024-05-20 04:12:44.138582,0 days 00:00:02.606562,0.020408525612360708,0.00027345125970223603,0.0012818290819472935,8.391377554986434,0.023439657806180722,"{'AUC_ROCs': [0.9982446597203638, 0.9966145582654727, 0.9952540191604634], 'S_relative_errors': [0.17189693901837136, 0.15775635962319146, 0.15159203097649857], 'X_relative_errors': [1.0373241433531328, 1.0398389637643846, 1.0327126253155692], 'Sparsity': [1.0, 1.0, 1.0], 'converged': [0, 0, 0], 'iterations': [150, 150, 150], 'primal_residual': [array(0.38592338), array(0.38817252), array(0.37924451)], 'dual_residual': [array(0.08859151), array(0.09325103), array(0.09828946)], 'times': [2.3260359030682594, 2.2763977649156004, 2.353732991963625]}",0,COMPLETE
7,7,0.972392270242867,1.0000000667496673,2024-05-20 04:12:44.144208,2024-05-20 04:12:45.224341,0 days 00:00:01.080133,0.3811455333832714,1.4056490468319924,0.0021513714709126847,0.15888236311827567,0.002841734832301522,"{'AUC_ROCs': [0.9743397971467219, 0.9799207091469052, 0.9629163044349742], 'S_relative_errors': [1.0000001340817728, 1.000000174036657, 0.999999892130572], 'X_relative_errors': [5.91697157191676, 6.464215802262391, 6.687222476803674], 'Sparsity': [1.0, 1.0, 1.0], 'converged': [1, 1, 1], 'iterations': [42, 43, 44], 'primal_residual': [array(0.00051357), array(0.00065682), array(0.00076045)], 'dual_residual': [array(3.08975543e-05), array(3.48646141e-05), array(4.26394512e-05)], 'times': [0.6387925669550896, 0.6693746668752283, 0.7786759121809155]}",0,COMPLETE
8,8,0.9970230785129409,0.15400153935787142,2024-05-20 04:12:45.230311,2024-05-20 04:12:47.704048,0 days 00:00:02.473737,0.0017721139065704915,0.005318102823136353,0.12838680554099113,0.03783398239474481,27.51380545652184,"{'AUC_ROCs': [0.998105263455857, 0.9960083544189852, 0.9969556176639803], 'S_relative_errors': [0.1649047529749708, 0.15106536493282585, 0.14603450016581765], 'X_relative_errors': [1.000112161244009, 1.0000271573929673, 1.0002752002193844], 'Sparsity': [1.0, 1.0, 1.0], 'converged': [0, 0, 0], 'iterations': [150, 150, 150], 'primal_residual': [array(0.07479657), array(0.07670101), array(0.09388188)], 'dual_residual': [array(0.0423024), array(0.05644591), array(0.07838785)], 'times': [2.1887437999248505, 2.1707415662240237, 2.1915525142103434]}",0,COMPLETE
9,9,0.9976136931130316,0.11926328251003619,2024-05-20 04:12:47.706748,2024-05-20 04:12:50.256028,0 days 00:00:02.549280,0.005493271290060585,0.2827955688331728,41.77335839828293,0.27632425178174846,3.9794627165989085,"{'AUC_ROCs': [0.9990821085796451, 0.9965115342980888, 0.9972474364613607], 'S_relative_errors': [0.12144931299603874, 0.11990539398624281, 0.116435140547827], 'X_relative_errors': [0.9917351284461806, 0.9927020746677665, 0.9916629939959298], 'Sparsity': [1.0, 1.0, 1.0], 'converged': [0, 0, 0], 'iterations': [150, 150, 150], 'primal_residual': [array(0.0930538), array(0.10051334), array(0.10468769)], 'dual_residual': [array(0.00531158), array(0.00529136), array(0.00568075)], 'times': [2.1334711625240743, 2.3118895238731056, 2.1520442222245038]}",0,COMPLETE
10,10,0.8715369074391282,0.9779802463643635,2024-05-20 04:12:50.263241,2024-05-20 04:12:52.954148,0 days 00:00:02.690907,4.059079564750118,0.3391102815270251,16.97149025823258,0.02531710766245712,0.6342742570721696,"{'AUC_ROCs': [0.8739793951254504, 0.8924406169797663, 0.8481907102121676], 'S_relative_errors': [0.9766463358849183, 0.9753068550129309, 0.9819875481952413], 'X_relative_errors': [4.860523898107851, 5.420268265120828, 5.829484704387684], 'Sparsity': [1.0, 1.0, 1.0], 'converged': [0, 0, 0], 'iterations': [150, 150, 150], 'primal_residual': [array(0.04303476), array(0.05893041), array(0.05591094)], 'dual_residual': [array(0.00550928), array(0.00585159), array(0.00562915)], 'times': [2.4211089774034917, 2.260541507275775, 2.2591361787635833]}",0,COMPLETE
11,11,0.9964576645430587,0.15645535302904034,2024-05-20 04:12:52.960236,2024-05-20 04:12:55.396795,0 days 00:00:02.436559,0.005716357723819197,0.00022898310037829288,1.8663360135940021,55.00850552478657,0.006687863787469294,"{'AUC_ROCs': [0.9978966257664684, 0.9956255002705254, 0.9958508675921824], 'S_relative_errors': [0.1675885906424418, 0.15342076289208822, 0.14835670555259103], 'X_relative_errors': [0.9998234901755723, 0.9999575100665925, 0.9997723155024719], 'Sparsity': [1.0, 1.0, 1.0], 'converged': [0, 0, 0], 'iterations': [150, 150, 150], 'primal_residual': [array(0.02976781), array(0.02852133), array(0.01658945)], 'dual_residual': [array(0.0042974), array(0.00991532), array(0.01873154)], 'times': [2.1953201431315392, 2.150931794429198, 2.165073874872178]}",0,COMPLETE
12,12,0.9971356789457353,0.1367637181171382,2024-05-20 04:12:55.404282,2024-05-20 04:12:58.163124,0 days 00:00:02.758842,0.19182560751525932,0.001024052378538329,0.5950654770025027,0.04210902756556087,3.818003099124488,"{'AUC_ROCs': [0.998253591486395, 0.9966293618867674, 0.9965240834640436], 'S_relative_errors': [0.14582108016744627, 0.1342010249534427, 0.13026904923052562], 'X_relative_errors': [0.9965929184194879, 0.9991954879532919, 0.9999826069513804], 'Sparsity': [1.0, 1.0, 1.0], 'converged': [0, 0, 0], 'iterations': [150, 150, 150], 'primal_residual': [array(0.00282847), array(0.0035847), array(0.004466)], 'dual_residual': [array(0.000929), array(0.00099392), array(0.00072173)], 'times': [2.139359186636284, 2.4914820122066885, 2.2063737330026925]}",0,COMPLETE
13,13,0.996205054159649,0.15542308084339776,2024-05-20 04:12:58.173223,2024-05-20 04:13:00.680850,0 days 00:00:02.507627,0.0038612233664073593,0.002382613439931249,0.06055529090793733,1.368892008877792,0.04577475687570444,"{'AUC_ROCs': [0.9981683106605197, 0.9945203076936391, 0.9959265441247882], 'S_relative_errors': [0.16645475271322957, 0.15248844149795027, 0.1473260483190135], 'X_relative_errors': [0.9999931433031484, 1.0000052921155995, 0.9999902979030753], 'Sparsity': [1.0, 1.0, 1.0], 'converged': [0, 0, 0], 'iterations': [150, 150, 150], 'primal_residual': [array(0.00586448), array(0.00689595), array(0.01260467)], 'dual_residual': [array(0.00214974), array(0.00224496), array(0.00329385)], 'times': [2.18892275984399, 2.1652639925014228, 2.2674834318459034]}",0,COMPLETE
14,14,0.9850724120006441,1.0000000088041505,2024-05-20 04:13:00.691279,2024-05-20 04:13:01.573788,0 days 00:00:00.882509,3.887212600312695,0.04593211503156015,0.0010683220809121247,3.0853124962118623,0.10728326360349474,"{'AUC_ROCs': [0.981114116680363, 0.9869508622119038, 0.9871522571096655], 'S_relative_errors': [1.0000000993255254, 1.000000098095041, 0.9999998289918852], 'X_relative_errors': [5.551079675982073, 6.080057778256491, 6.334153230160221], 'Sparsity': [1.0, 1.0, 1.0], 'converged': [1, 1, 1], 'iterations': [37, 37, 35], 'primal_residual': [array(0.00048664), array(0.00039508), array(0.00071275)], 'dual_residual': [array(3.17139408e-05), array(3.11739002e-05), array(1.08287486e-05)], 'times': [0.5579042329918593, 0.6117771514691412, 0.5334729137830436]}",0,COMPLETE
15,15,0.9967048094198804,0.1571708861500942,2024-05-20 04:13:01.579665,2024-05-20 04:13:04.011853,0 days 00:00:02.432188,0.000539095323133363,6.381079798704775e-05,68.14540372048464,0.0540398953676433,35.80574431403143,"{'AUC_ROCs': [0.9981915804745286, 0.9959940385713318, 0.9959288092137808], 'S_relative_errors': [0.16835564935525243, 0.1541212303218761, 0.14903577877315397], 'X_relative_errors': [1.0001109272022717, 1.0001039225746915, 1.0001096989856164], 'Sparsity': [1.0, 1.0, 1.0], 'converged': [0, 0, 0], 'iterations': [150, 150, 150], 'primal_residual': [array(0.00347719), array(0.00365011), array(0.00413942)], 'dual_residual': [array(0.00054346), array(0.00058912), array(0.00078195)], 'times': [2.1819368600845337, 2.1437295430805534, 2.1219197639729828]}",0,COMPLETE
16,16,0.997341584507805,0.18527908404588112,2024-05-20 04:13:04.023344,2024-05-20 04:13:06.745124,0 days 00:00:02.721780,0.0009478418012205049,0.0006354490666838763,1.0726312490878123,0.001024915501534665,0.12972009228025846,"{'AUC_ROCs': [0.9981145770481399, 0.9968162977388879, 0.9970938787363871], 'S_relative_errors': [0.16798621021551266, 0.16870108428334288, 0.2191499576387878], 'X_relative_errors': [1.000649149919827, 1.0961881869542052, 1.4706625982299795], 'Sparsity': [1.0, 1.0, 1.0], 'converged': [0, 0, 0], 'iterations': [150, 150, 150], 'primal_residual': [array(0.07262073), array(0.0532759), array(0.07074435)], 'dual_residual': [array(0.08002709), array(0.08655131), array(0.08803133)], 'times': [2.230843712342903, 2.4431680373381823, 2.272882546065375]}",0,COMPLETE
17,17,0.9994284082351581,0.011380031982476344,2024-05-20 04:13:06.756424,2024-05-20 04:13:09.409242,0 days 00:00:02.652818,0.12333272438126114,0.015802124223593603,0.06102888573040428,0.6364613463578178,0.6824767888928547,"{'AUC_ROCs': [0.9996711949780496, 0.9994983007299998, 0.9991157289974248], 'S_relative_errors': [0.012271385751758861, 0.011404094239295082, 0.01046461595637509], 'X_relative_errors': [0.07146902398352568, 0.07300726164826284, 0.06652493192436876], 'Sparsity': [1.0, 1.0, 1.0], 'converged': [0, 0, 0], 'iterations': [150, 150, 150], 'primal_residual': [array(0.01031152), array(0.01136203), array(0.01574352)], 'dual_residual': [array(0.00189583), array(0.00198462), array(0.00311073)], 'times': [2.245095832971856, 2.2382709085941315, 2.375271800905466]}",0,COMPLETE
18,18,0.9804312839844803,0.7221825980665967,2024-05-20 04:13:09.421484,2024-05-20 04:13:12.150644,0 days 00:00:02.729160,0.13614399753488332,0.17406075117931102,0.009525476737610028,0.9225161711065375,0.013242233697547191,"{'AUC_ROCs': [0.9764793679692387, 0.9813603477342489, 0.9834541362499534], 'S_relative_errors': [0.7673427196679402, 0.7331801624555304, 0.6660249120763194], 'X_relative_errors': [4.444094084700382, 4.636439167420179, 4.36013873957965], 'Sparsity': [1.0, 1.0, 1.0], 'converged': [0, 0, 0], 'iterations': [150, 150, 150], 'primal_residual': [array(0.00949609), array(0.01395602), array(0.0186498)], 'dual_residual': [array(0.01069793), array(0.01337321), array(0.02168177)], 'times': [2.238202447304502, 2.2956195974256843, 2.4514892483130097]}",0,COMPLETE
19,19,0.9927205629887342,0.5588576716478371,2024-05-20 04:13:12.154633,2024-05-20 04:13:14.821217,0 days 00:00:02.666584,0.0032714831766430513,0.06998004730859679,1.1938200873735698,0.010602506000092632,0.02741666168724784,"{'AUC_ROCs': [0.9938777614502607, 0.991691483601638, 0.9925924439143041], 'S_relative_errors': [0.5378884068113138, 0.5762847556364226, 0.5623998524957748], 'X_relative_errors': [3.1473850837779818, 3.695723042259974, 3.7341877894586646], 'Sparsity': [1.0, 1.0, 1.0], 'converged': [0, 0, 0], 'iterations': [150, 150, 150], 'primal_residual': [array(0.05189637), array(0.04516896), array(0.04569612)], 'dual_residual': [array(0.04487958), array(0.04265217), array(0.05087645)], 'times': [2.4400994719471782, 2.35970815224573, 2.2622454832307994]}",0,COMPLETE
20,20,0.9961264945803688,0.15718511320328182,2024-05-20 04:13:14.833654,2024-05-20 04:13:17.209401,0 days 00:00:02.375747,0.0006341729592990869,1.6961323096617653e-05,5.217298507653625,0.8672866822080884,11.506832023707634,"{'AUC_ROCs': [0.997489733903005, 0.9944356746448355, 0.9964540751932659], 'S_relative_errors': [0.16836799642472944, 0.1541389829749332, 0.1490483602101828], 'X_relative_errors': [1.0000858499542529, 1.0000976387199458, 1.0000700767673116], 'Sparsity': [1.0, 1.0, 1.0], 'converged': [0, 0, 0], 'iterations': [150, 150, 150], 'primal_residual': [array(0.00196089), array(0.00197054), array(0.00261394)], 'dual_residual': [array(0.00088976), array(0.00087173), array(0.00082293)], 'times': [2.1000090984161943, 2.0877345504704863, 2.1062947812024504]}",0,COMPLETE
21,21,0.9990722615452808,0.09610861614749423,2024-05-20 04:13:17.223595,2024-05-20 04:13:19.736325,0 days 00:00:02.512730,1.1246238138376738,0.002732395991850942,0.07642775405344043,0.4157468595102151,16.5618786694651,"{'AUC_ROCs': [0.9987714706618653, 0.9992125456427702, 0.9992327683312068], 'S_relative_errors': [0.10511325380505657, 0.09301526977299575, 0.09019732486443037], 'X_relative_errors': [0.912526346375139, 0.8505367581666491, 0.8993220878265105], 'Sparsity': [1.0, 1.0, 1.0], 'converged': [0, 0, 0], 'iterations': [150, 150, 150], 'primal_residual': [array(0.02207314), array(0.02186547), array(0.02045634)], 'dual_residual': [array(0.00186045), array(0.00174534), array(0.0038947)], 'times': [2.176657194038853, 2.205322301480919, 2.222185567719862]}",0,COMPLETE
22,22,0.9967178561980874,0.15691602824273113,2024-05-20 04:13:19.749431,2024-05-20 04:13:22.240154,0 days 00:00:02.490723,0.0017255226569522718,0.0002566918517174123,3.8379444441599353,18.468350900347048,79.49993861380786,"{'AUC_ROCs': [0.9981306812111833, 0.9954661217768314, 0.9965567656062474], 'S_relative_errors': [0.16808113655005966, 0.15386898520294434, 0.1487979629751894], 'X_relative_errors': [1.0000710445080954, 1.0000807859009375, 1.0000710802637194], 'Sparsity': [1.0, 1.0, 1.0], 'converged': [0, 0, 0], 'iterations': [150, 150, 150], 'primal_residual': [array(0.00320589), array(0.0034081), array(0.00397464)], 'dual_residual': [array(0.00085994), array(0.00085934), array(0.00091448)], 'times': [2.2564335393253714, 2.1184566563460976, 2.095267452998087]}",0,COMPLETE
23,23,0.9841774645510949,0.6294581814315986,2024-05-20 04:13:22.257164,2024-05-20 04:13:24.227476,0 days 00:00:01.970312,0.0018071433148039422,3.414826013179784,0.002846592248579089,0.07114548905403449,2.9015104898724657,"{'AUC_ROCs': [0.9806553112879602, 0.9841490515181036, 0.9877280308472208], 'S_relative_errors': [0.6781279640723878, 0.6408879852728867, 0.5693585949495212], 'X_relative_errors': [3.6648115034419373, 3.7766655779063636, 3.4631168073684795], 'Sparsity': [1.0, 1.0, 1.0], 'converged': [1, 1, 1], 'iterations': [108, 109, 112], 'primal_residual': [array(0.0009598), array(0.00093837), array(0.00096932)], 'dual_residual': [array(0.00085185), array(0.00078701), array(0.000801)], 'times': [1.7390156122855842, 1.7256670214701444, 1.6992928611580282]}",0,COMPLETE
24,24,0.9845693064609016,0.6194851744857125,2024-05-20 04:13:24.244119,2024-05-20 04:13:26.913747,0 days 00:00:02.669628,0.00042095256250408237,0.5259833363099584,2.0469626842384305,0.06972890534827766,0.7573122022326123,"{'AUC_ROCs': [0.9815244625198144, 0.9842235691294834, 0.987959887733407], 'S_relative_errors': [0.6649801830623678, 0.6309944409048202, 0.5624808994899496], 'X_relative_errors': [3.7199170966097994, 3.854508569833404, 3.5615464183513112], 'Sparsity': [1.0, 1.0, 1.0], 'converged': [0, 0, 0], 'iterations': [150, 150, 150], 'primal_residual': [array(0.06193723), array(0.04777762), array(0.06008161)], 'dual_residual': [array(0.0081889), array(0.0109919), array(0.01131718)], 'times': [2.404173389542848, 2.247582090785727, 2.3446003769058734]}",0,COMPLETE
25,25,0.6533972341373825,0.9471872757300784,2024-05-20 04:13:26.931087,2024-05-20 04:13:29.626065,0 days 00:00:02.694978,8.74199322518751,0.2472014115966758,0.04045343581190053,1.3139128868950036,20.576449729243862,"{'AUC_ROCs': [0.6694676487056169, 0.6302684171669767, 0.660455636539554], 'S_relative_errors': [0.9521822088222318, 0.9450140323731294, 0.9443655859948743], 'X_relative_errors': [3.241030701856718, 3.600993774272813, 3.9526505182069305], 'Sparsity': [1.0, 1.0, 1.0], 'converged': [0, 0, 0], 'iterations': [150, 150, 150], 'primal_residual': [array(0.02688499), array(0.02591683), array(0.02973987)], 'dual_residual': [array(0.00296826), array(0.00314668), array(0.00247815)], 'times': [2.243365169968456, 2.3927025131415576, 2.266398016596213]}",0,COMPLETE
26,26,0.9843867015394853,0.6287828054096855,2024-05-20 04:13:29.644022,2024-05-20 04:13:32.166462,0 days 00:00:02.522440,0.0009748055451262931,18.877782738081404,3.378553681637198,0.4669752551961671,0.033759643343210806,"{'AUC_ROCs': [0.9811575774125977, 0.9842795618388904, 0.9877229653669676], 'S_relative_errors': [0.6762916591536896, 0.6399588095888655, 0.5700979474865013], 'X_relative_errors': [3.742512531619578, 3.860957173098664, 3.5737627375512444], 'Sparsity': [1.0, 1.0, 1.0], 'converged': [0, 0, 0], 'iterations': [150, 150, 150], 'primal_residual': [array(0.02967784), array(0.02895848), array(0.03092288)], 'dual_residual': [array(0.00851608), array(0.00777442), array(0.00926935)], 'times': [2.2364567052572966, 2.2620082502253354, 2.2632755611557513]}",0,COMPLETE
