,number,values_0,values_1,datetime_start,datetime_complete,duration,params_lda1,params_ldag,params_psi_1,params_psi_2,params_psi_3,user_attrs_metrics,system_attrs_nsga2:generation,state
54,54,0.6919933735707845,0.9997763094417139,2024-05-20 06:53:52.926813,2024-05-20 06:53:54.506682,0 days 00:00:01.579869,1.2275830246177772,0.5129185677168816,0.011406870656932815,9.68851895369517,0.03161136462189733,"{'AUC_ROCs': [0.577948625649263, 0.7757169969121419, 0.7223144981509485], 'S_relative_errors': [0.9996895464335697, 0.9998843417620424, 0.99975504012953], 'X_relative_errors': [8.358472633083826, 8.658947977996773, 7.954844012607519], 'Sparsity': [1.0, 1.0, 1.0], 'converged': [1, 1, 1], 'iterations': [85, 79, 82], 'primal_residual': [array(0.00083426), array(0.00063951), array(0.00062615)], 'dual_residual': [array(0.00098916), array(0.00099093), array(0.00095893)], 'times': [1.276517629623413, 1.2174500047694892, 1.273536560824141]}",1,COMPLETE
55,55,0.982798864624228,0.5054497590810361,2024-05-20 06:53:54.539179,2024-05-20 06:53:57.263641,0 days 00:00:02.724462,0.007668218069427255,0.3717570023754793,5.467735337554859,0.0029542949770792947,0.17863607765864392,"{'AUC_ROCs': [0.9833126727046985, 0.9833370625320437, 0.981746858635942], 'S_relative_errors': [0.5012431570390052, 0.5053979654755112, 0.5097081547285918], 'X_relative_errors': [4.464508894862279, 4.672847675505737, 4.336227329216904], 'Sparsity': [1.0, 1.0, 1.0], 'converged': [0, 0, 0], 'iterations': [150, 150, 150], 'primal_residual': [array(0.0720639), array(0.07162312), array(0.07002035)], 'dual_residual': [array(0.02627017), array(0.02545345), array(0.02363681)], 'times': [2.435639133444056, 2.2354128286242485, 2.379682854982093]}",1,COMPLETE
56,56,0.9953016439217413,0.07298144863566836,2024-05-20 06:53:57.287872,2024-05-20 06:53:59.871325,0 days 00:00:02.583453,0.18549522329357923,0.019509141922437873,72.7127133019647,20.878757063564052,16.78464632447683,"{'AUC_ROCs': [0.9969721982366809, 0.9956886025190839, 0.9932441310094592], 'S_relative_errors': [0.070749162005632, 0.07227369873997687, 0.0759214851613962], 'X_relative_errors': [0.9997073801470014, 0.9997259070812545, 0.999725732818315], 'Sparsity': [1.0, 1.0, 1.0], 'converged': [0, 0, 0], 'iterations': [150, 150, 150], 'primal_residual': [array(0.00718113), array(0.00667397), array(0.00712383)], 'dual_residual': [array(0.00217678), array(0.00214062), array(0.00210438)], 'times': [2.2718926509842277, 2.084766471525654, 2.0941072343848646]}",1,COMPLETE
57,57,0.8788950604161584,0.9592413274983277,2024-05-20 06:53:59.905095,2024-05-20 06:54:02.530731,0 days 00:00:02.625636,1.0705160187763862,0.0014058842938136618,6.089093691684439,0.014467321605460522,11.015509782562807,"{'AUC_ROCs': [0.8807926582710622, 0.8737753842095171, 0.8821171387678959], 'S_relative_errors': [0.9524524697639568, 0.96102341871208, 0.9642480940189465], 'X_relative_errors': [7.553601694815644, 7.903532859949197, 7.279352684959326], 'Sparsity': [1.0, 1.0, 1.0], 'converged': [0, 0, 0], 'iterations': [150, 150, 150], 'primal_residual': [array(0.01509406), array(0.01584287), array(0.01526363)], 'dual_residual': [array(0.00054753), array(0.00064713), array(0.00089549)], 'times': [2.323297640774399, 2.234418495092541, 2.277825331315398]}",1,COMPLETE
58,58,0.939005147436618,0.8013694027408899,2024-05-20 06:54:02.561057,2024-05-20 06:54:05.172628,0 days 00:00:02.611571,0.7923170065297738,5.0948031073729575e-05,15.266809890773315,0.5814180421640518,8.641978082390843,"{'AUC_ROCs': [0.9391774280300706, 0.9341428691889229, 0.9436951450908607], 'S_relative_errors': [0.7885690780517713, 0.8092622061387235, 0.8062769240321747], 'X_relative_errors': [6.089291600716138, 6.499834422345844, 5.93303513219851], 'Sparsity': [1.0, 1.0, 1.0], 'converged': [0, 0, 0], 'iterations': [150, 150, 150], 'primal_residual': [array(0.04769518), array(0.04456971), array(0.04427329)], 'dual_residual': [array(0.00128116), array(0.00111117), array(0.00117506)], 'times': [2.2097103064879775, 2.3157804235816, 2.219936433248222]}",1,COMPLETE
59,59,0.9793992206363294,0.5365376303043947,2024-05-20 06:54:05.209590,2024-05-20 06:54:07.825481,0 days 00:00:02.615891,0.012630339484585851,43.65077119103018,0.7881812562343815,0.014467321605460522,3.0466952373244065,"{'AUC_ROCs': [0.9798425840342448, 0.9795415496882052, 0.9788135281865382], 'S_relative_errors': [0.5337383379292389, 0.5357350491444631, 0.5401395038394823], 'X_relative_errors': [4.63828064346546, 4.82825934089202, 4.479235012954679], 'Sparsity': [1.0, 1.0, 1.0], 'converged': [1, 0, 0], 'iterations': [149, 150, 150], 'primal_residual': [array(0.00099904), array(0.00123509), array(0.00122322)], 'dual_residual': [array(0.00015537), array(0.00015226), array(0.00014392)], 'times': [2.3134206293616444, 2.2875424448866397, 2.2678907501976937]}",1,COMPLETE
60,60,0.9953648405153878,0.10549866430685632,2024-05-20 06:54:07.865034,2024-05-20 06:54:10.524658,0 days 00:00:02.659624,0.0006135810849899637,6.0288345318568156e-05,9.960351513598102,0.21098029475557212,0.020509578110016368,"{'AUC_ROCs': [0.9967997230958524, 0.9954251834684126, 0.993869614981898], 'S_relative_errors': [0.1051363166703635, 0.10131612100400196, 0.11004355524620353], 'X_relative_errors': [1.0006399847324854, 1.0005218446985409, 1.000599631668532], 'Sparsity': [1.0, 1.0, 1.0], 'converged': [0, 0, 0], 'iterations': [150, 150, 150], 'primal_residual': [array(0.01310119), array(0.01312611), array(0.01313046)], 'dual_residual': [array(0.00516295), array(0.00483578), array(0.00451759)], 'times': [2.3997932753991336, 2.1558706294745207, 2.1604310700204223]}",1,COMPLETE
61,61,0.9969196762874993,0.07448276744473438,2024-05-20 06:54:10.562103,2024-05-20 06:54:13.055393,0 days 00:00:02.493290,0.0005207998978899007,0.15556114352588302,10.700525714173335,14.693117121006773,0.2189827743154973,"{'AUC_ROCs': [0.9979782514851596, 0.9971640869591992, 0.9956166904181394], 'S_relative_errors': [0.07225897401234081, 0.07156948613750899, 0.07961984218435336], 'X_relative_errors': [0.9989333913821848, 0.9988487005297841, 0.9989896422143221], 'Sparsity': [1.0, 1.0, 1.0], 'converged': [0, 0, 0], 'iterations': [150, 150, 150], 'primal_residual': [array(0.05164226), array(0.04873917), array(0.05351321)], 'dual_residual': [array(0.00395648), array(0.00379161), array(0.00384268)], 'times': [2.111213414464146, 2.1100705133285373, 2.2053787221666425]}",1,COMPLETE
62,62,0.9948318365412311,0.10434956338644459,2024-05-20 06:54:13.078653,2024-05-20 06:54:15.596685,0 days 00:00:02.518032,0.002539220428032035,0.000746931911424021,1.5564745256555856,1.580330146932544,0.0016049605024717267,"{'AUC_ROCs': [0.996166469164583, 0.9948820208653187, 0.9934470195937918], 'S_relative_errors': [0.10394822714747577, 0.10020065423228884, 0.10889980877956915], 'X_relative_errors': [1.0002130953193515, 1.0001792533753324, 1.0001986281288417], 'Sparsity': [1.0, 1.0, 1.0], 'converged': [0, 0, 0], 'iterations': [150, 150, 150], 'primal_residual': [array(0.01764571), array(0.01773674), array(0.01974497)], 'dual_residual': [array(0.00691991), array(0.00664575), array(0.00566258)], 'times': [2.176855139899999, 2.2406641147099435, 2.1851591542363167]}",1,COMPLETE
63,63,0.9955454249694048,0.05520994673987867,2024-05-20 06:54:15.634590,2024-05-20 06:54:18.288595,0 days 00:00:02.654005,0.18549522329357923,8.705329446702389e-05,0.2366780893926079,0.044467263798397015,9.424215695731398,"{'AUC_ROCs': [0.9970470774588844, 0.9954793755192888, 0.9941098219300413], 'S_relative_errors': [0.05407697920287022, 0.05546248191647417, 0.056090379100291625], 'X_relative_errors': [0.5208281742589252, 0.5568402671415487, 0.5281960394589706], 'Sparsity': [1.0, 1.0, 1.0], 'converged': [0, 0, 0], 'iterations': [150, 150, 150], 'primal_residual': [array(0.03312188), array(0.03311428), array(0.03058483)], 'dual_residual': [array(0.01080785), array(0.0102908), array(0.00918126)], 'times': [2.3341181720606983, 2.275738527998328, 2.2396414754912257]}",1,COMPLETE
64,64,0.9971624518187664,0.0766691249494373,2024-05-20 06:54:18.324614,2024-05-20 06:54:20.862459,0 days 00:00:02.537845,0.0003616453906972454,0.2093744343801488,1.3262045434917653,20.878757063564052,0.03161136462189733,"{'AUC_ROCs': [0.9985740405301926, 0.9972664483612985, 0.9956468665648084], 'S_relative_errors': [0.07499002728172677, 0.07436474398078251, 0.08065260358580259], 'X_relative_errors': [0.9951468059149381, 0.9952284606394118, 0.9957553418584763], 'Sparsity': [1.0, 1.0, 1.0], 'converged': [0, 0, 0], 'iterations': [150, 150, 150], 'primal_residual': [array(0.11007578), array(0.10278872), array(0.09957777)], 'dual_residual': [array(0.00859442), array(0.00904469), array(0.00981605)], 'times': [2.2526690480299294, 2.2181603622157127, 2.166211686329916]}",1,COMPLETE
65,65,0.9949297288446136,0.10832677556980225,2024-05-20 06:54:20.896831,2024-05-20 06:54:23.448210,0 days 00:00:02.551379,0.001112799337173584,0.000746931911424021,9.995083112164712,0.003810868126301388,0.0023781042188044665,"{'AUC_ROCs': [0.9966930846260705, 0.9948447457893584, 0.9932513561184121], 'S_relative_errors': [0.10791770675734277, 0.10424944092852736, 0.11281317902353659], 'X_relative_errors': [1.0324178555144232, 1.0346410617053845, 1.0311540902690652], 'Sparsity': [1.0, 1.0, 1.0], 'converged': [0, 0, 0], 'iterations': [150, 150, 150], 'primal_residual': [array(0.24598902), array(0.23817319), array(0.23608126)], 'dual_residual': [array(0.12408292), array(0.1224563), array(0.12237277)], 'times': [2.2382605373859406, 2.1828054822981358, 2.2634125913027674]}",1,COMPLETE
66,66,0.9971993178448234,0.28022866604616287,2024-05-20 06:54:23.474379,2024-05-20 06:54:26.019899,0 days 00:00:02.545520,0.8016049587028746,0.847743661248147,1.6566129707566213,12.44950815107962,22.70022234992515,"{'AUC_ROCs': [0.9980839663717815, 0.9967955569877545, 0.9967184301749341], 'S_relative_errors': [0.27544021503220245, 0.28077447443872317, 0.28447130866756287], 'X_relative_errors': [0.9980325370453449, 0.9963467493345883, 0.9981279296406561], 'Sparsity': [1.0, 1.0, 1.0], 'converged': [0, 0, 0], 'iterations': [150, 150, 150], 'primal_residual': [array(0.08169112), array(0.08480732), array(0.08120844)], 'dual_residual': [array(0.00777803), array(0.00772107), array(0.00393852)], 'times': [2.2554654472041875, 2.2613433497026563, 2.2118811153341085]}",1,COMPLETE
67,67,0.9748252154272906,0.5562127474595848,2024-05-20 06:54:26.059841,2024-05-20 06:54:28.710566,0 days 00:00:02.650725,0.18549522329357923,16.605369140816638,0.0284749528467976,0.018820529612722712,16.78464632447683,"{'AUC_ROCs': [0.9737123100282808, 0.9777613902965957, 0.9730019459569951], 'S_relative_errors': [0.5527874958087753, 0.5558555481485216, 0.5599951984214577], 'X_relative_errors': [3.275788440718297, 3.413492390291911, 3.142074742716036], 'Sparsity': [1.0, 1.0, 1.0], 'converged': [0, 0, 0], 'iterations': [150, 150, 150], 'primal_residual': [array(0.01662374), array(0.01582203), array(0.01582649)], 'dual_residual': [array(0.0117655), array(0.01151735), array(0.01215719)], 'times': [2.3640454201959074, 2.240941265132278, 2.2519653839990497]}",1,COMPLETE
68,68,0.9790650487284259,0.5353539048456852,2024-05-20 06:54:28.752432,2024-05-20 06:54:31.364422,0 days 00:00:02.611990,0.0005207998978899007,9.129866172594571,10.700525714173335,14.693117121006773,0.2189827743154973,"{'AUC_ROCs': [0.9792110624904478, 0.9795561308843198, 0.97842795281051], 'S_relative_errors': [0.5330586226635995, 0.533851859737958, 0.5391512321354984], 'X_relative_errors': [2.7481189546448173, 2.833893733989395, 2.6331892793842], 'Sparsity': [1.0, 1.0, 1.0], 'converged': [0, 0, 0], 'iterations': [150, 150, 150], 'primal_residual': [array(0.05661499), array(0.05027214), array(0.05416263)], 'dual_residual': [array(0.00095231), array(0.00090404), array(0.00088987)], 'times': [2.276860303711146, 2.3119222570676357, 2.2503222797531635]}",1,COMPLETE
69,69,0.9538753268853629,1.0000000193665306,2024-05-20 06:54:31.406163,2024-05-20 06:54:32.195109,0 days 00:00:00.788946,1.4000227017811158,3.117033754664424e-05,0.004393057095536804,0.003573367881728584,1.128170624559167,"{'AUC_ROCs': [0.9534194490756157, 0.9585509914128711, 0.949655540167602], 'S_relative_errors': [1.0000000196883896, 1.0000000194615486, 1.0000000189496534], 'X_relative_errors': [9.35869632318464, 9.707495374082685, 8.93734499290464], 'Sparsity': [1.0, 1.0, 1.0], 'converged': [1, 1, 1], 'iterations': [32, 32, 32], 'primal_residual': [array(0.00013866), array(0.00013677), array(0.00013257)], 'dual_residual': [array(7.04372152e-06), array(6.96090994e-06), array(6.80578576e-06)], 'times': [0.48037604172714055, 0.4819695590995252, 0.48628086573444307]}",1,COMPLETE
70,70,0.9980448434625675,0.11038555600319887,2024-05-20 06:54:32.218164,2024-05-20 06:54:34.761945,0 days 00:00:02.543781,0.0059893022264936365,0.5129185677168816,10.639159302852805,9.68851895369517,0.002414672106853418,"{'AUC_ROCs': [0.99873133155947, 0.9974154075445626, 0.9979877912836699], 'S_relative_errors': [0.1069839108720513, 0.11224020308569574, 0.11193255405184953], 'X_relative_errors': [0.9250059838431539, 0.9620726840435397, 0.9137448480308564], 'Sparsity': [1.0, 1.0, 1.0], 'converged': [0, 0, 0], 'iterations': [150, 150, 150], 'primal_residual': [array(0.09385316), array(0.08976423), array(0.09302333)], 'dual_residual': [array(0.00648284), array(0.00663113), array(0.00646913)], 'times': [2.154825931182131, 2.2399962365161628, 2.1711732654366642]}",1,COMPLETE
71,71,0.9957923957331974,0.08767803579897275,2024-05-20 06:54:34.781740,2024-05-20 06:54:37.282998,0 days 00:00:02.501258,0.0006135810849899637,0.05956854556023039,0.16589442054886272,17.152360697946953,3.538716792441105,"{'AUC_ROCs': [0.9974287421039527, 0.9952507438570564, 0.994697701238583], 'S_relative_errors': [0.08948333125369508, 0.08259796805633801, 0.09095280808688516], 'X_relative_errors': [0.9998917843417818, 0.9999199679110289, 0.9999303441625649], 'Sparsity': [1.0, 1.0, 1.0], 'converged': [0, 0, 0], 'iterations': [150, 150, 150], 'primal_residual': [array(0.02176832), array(0.02038601), array(0.01946303)], 'dual_residual': [array(0.00172071), array(0.00176305), array(0.00161313)], 'times': [2.1416837994474918, 2.235944198211655, 2.2100269536022097]}",1,COMPLETE
72,72,0.9569623820841912,0.9999999779919659,2024-05-20 06:54:37.322817,2024-05-20 06:54:39.427209,0 days 00:00:02.104392,0.021509228752353393,0.0006203553772814393,0.0057017290473254,0.0033547935698487806,0.022322258654484815,"{'AUC_ROCs': [0.9460923534298622, 0.9595300678964918, 0.9652647249262193], 'S_relative_errors': [0.9999999000638717, 0.999999983665747, 1.0000000502462791], 'X_relative_errors': [9.489364651727609, 9.84435790908622, 9.065698114673621], 'Sparsity': [1.0, 1.0, 1.0], 'converged': [1, 1, 1], 'iterations': [115, 119, 90], 'primal_residual': [array(0.0004798), array(0.0003535), array(0.00081715)], 'dual_residual': [array(6.71102364e-06), array(6.63002716e-06), array(1.35743661e-05)], 'times': [1.8137142467312515, 1.7826486516278237, 1.3793208182323724]}",1,COMPLETE
73,73,0.9968078899851535,0.07879881508836929,2024-05-20 06:54:39.464337,2024-05-20 06:54:41.933625,0 days 00:00:02.469288,0.0003616453906972454,0.14197360534015063,25.264831385978397,36.7212941560943,0.3332976336639624,"{'AUC_ROCs': [0.9981734819784983, 0.9971646042069326, 0.9950855837700293], 'S_relative_errors': [0.07973987536544552, 0.07646840482636257, 0.0801881650732998], 'X_relative_errors': [0.9991668830572844, 0.999124171648657, 0.9992162174865912], 'Sparsity': [1.0, 1.0, 1.0], 'converged': [0, 0, 0], 'iterations': [150, 150, 150], 'primal_residual': [array(0.04640675), array(0.04265226), array(0.04565799)], 'dual_residual': [array(0.00360807), array(0.00313453), array(0.00355925)], 'times': [2.1935645574703813, 2.1190339701715857, 2.1036496337037534]}",1,COMPLETE
74,74,0.9955675027227148,0.10194210976466196,2024-05-20 06:54:41.971947,2024-05-20 06:54:44.496360,0 days 00:00:02.524413,0.0003616453906972454,0.019509141922437873,0.2366780893926079,0.018820529612722712,16.78464632447683,"{'AUC_ROCs': [0.9968914058223597, 0.9958286816025885, 0.9939824207431959], 'S_relative_errors': [0.1013868919769106, 0.09768525792304028, 0.106754179394035], 'X_relative_errors': [1.031608214941244, 1.0341895246901165, 1.0310588438514892], 'Sparsity': [1.0, 1.0, 1.0], 'converged': [0, 0, 0], 'iterations': [150, 150, 150], 'primal_residual': [array(0.54056744), array(0.53079615), array(0.52665457)], 'dual_residual': [array(0.0831465), array(0.08195062), array(0.07965404)], 'times': [2.2321287386585027, 2.231249183649197, 2.1780757301021367]}",1,COMPLETE
75,75,0.9972004058773737,0.375121089058356,2024-05-20 06:54:44.537440,2024-05-20 06:54:47.286023,0 days 00:00:02.748583,0.8016049587028746,0.847743661248147,1.4960274654826826,24.383536023647423,0.3332976336639624,"{'AUC_ROCs': [0.9981218546908641, 0.9975736299524575, 0.9959057329887995], 'S_relative_errors': [0.3589619367601767, 0.3820101088722028, 0.3843912215426885], 'X_relative_errors': [1.3621618903690322, 1.5583329441351428, 1.4475505094969687], 'Sparsity': [1.0, 1.0, 1.0], 'converged': [0, 0, 0], 'iterations': [150, 150, 150], 'primal_residual': [array(0.09764532), array(0.0972156), array(0.09563126)], 'dual_residual': [array(0.00691771), array(0.00905405), array(0.00700529)], 'times': [2.4175622176844627, 2.3000223462004215, 2.4500400146935135]}",1,COMPLETE
76,76,0.9952920381875273,0.10550090438164145,2024-05-20 06:54:47.301992,2024-05-20 06:54:49.701572,0 days 00:00:02.399580,0.00044505782653638464,5.0948031073729575e-05,15.266809890773315,20.878757063564052,0.09216468260293169,"{'AUC_ROCs': [0.9961481545045746, 0.9956176719350126, 0.9941102881229947], 'S_relative_errors': [0.10513044561591219, 0.1013335760169862, 0.11003869151202593], 'X_relative_errors': [0.9999505219686097, 0.9999255816266278, 0.9999029309420722], 'Sparsity': [1.0, 1.0, 1.0], 'converged': [0, 0, 0], 'iterations': [150, 150, 150], 'primal_residual': [array(0.00697724), array(0.00693892), array(0.00663495)], 'dual_residual': [array(0.00309445), array(0.00309757), array(0.00315543)], 'times': [2.117160655092448, 2.0894512119702995, 2.1221312179695815]}",1,COMPLETE
77,77,0.8396222724575622,0.9999999999999898,2024-05-20 06:54:49.746226,2024-05-20 06:54:51.803335,0 days 00:00:02.057109,2.284145169016776,70.839791712635,1.3262045434917653,0.03108633558343381,2.15784732665125,"{'AUC_ROCs': [0.8266704936035664, 0.8349830556173689, 0.8572132681517514], 'S_relative_errors': [0.9999999999999898, 0.9999999999999911, 0.9999999999999883], 'X_relative_errors': [9.169010294607808, 9.509105875819401, 8.751256362864927], 'Sparsity': [1.0, 1.0, 1.0], 'converged': [1, 1, 1], 'iterations': [115, 113, 114], 'primal_residual': [array(0.00098267), array(0.00098476), array(0.00097318)], 'dual_residual': [array(3.17050995e-05), array(3.24630143e-05), array(3.15815776e-05)], 'times': [1.7271956945769489, 1.7360728327184916, 1.8135124219115824]}",1,COMPLETE
78,78,0.9147209744459713,0.8480697581608259,2024-05-20 06:54:51.846816,2024-05-20 06:54:54.539794,0 days 00:00:02.692978,0.0573943537494751,0.6405259595971118,0.18788193147677076,0.3286019629927516,1.383346522964712,"{'AUC_ROCs': [0.9281266978348766, 0.9004857516035264, 0.915550473899511], 'S_relative_errors': [0.8349048116635294, 0.857259051226575, 0.8520454115923733], 'X_relative_errors': [7.715089861437146, 8.222653044527648, 7.520847185875335], 'Sparsity': [1.0, 1.0, 1.0], 'converged': [0, 0, 0], 'iterations': [150, 150, 150], 'primal_residual': [array(0.0061655), array(0.00602209), array(0.00558913)], 'dual_residual': [array(0.00869454), array(0.00672869), array(0.00694288)], 'times': [2.250643255189061, 2.39977864571847, 2.2778051514178514]}",1,COMPLETE
79,79,0.9953220000756738,0.10221802961339421,2024-05-20 06:54:54.562473,2024-05-20 06:54:57.166405,0 days 00:00:02.603932,0.004799805776620848,0.0075731376695851605,0.011406870656932815,0.0011520755348953043,7.903141476918185,"{'AUC_ROCs': [0.9969727197965209, 0.9961208216063301, 0.9928724588241704], 'S_relative_errors': [0.10172301321469779, 0.09803935738902629, 0.10689171823645852], 'X_relative_errors': [1.0129051117508552, 1.0147650988748067, 1.0153883196481812], 'Sparsity': [1.0, 1.0, 1.0], 'converged': [0, 0, 0], 'iterations': [150, 150, 150], 'primal_residual': [array(0.32552948), array(0.32732871), array(0.33390028)], 'dual_residual': [array(0.1703668), array(0.16812322), array(0.16944714)], 'times': [2.2082767812535167, 2.20469833095558, 2.3262934933882207]}",1,COMPLETE
80,80,0.9681789749916178,0.8532624110278831,2024-05-20 06:54:57.206584,2024-05-20 06:54:59.941354,0 days 00:00:02.734770,0.004799805776620848,0.027427909579853808,0.022647804518803983,0.21098029475557212,0.0017208786217278874,"{'AUC_ROCs': [0.967852055936792, 0.9698314373025769, 0.9668534317354842], 'S_relative_errors': [0.8512297042346018, 0.8545786856857482, 0.8539788431632995], 'X_relative_errors': [8.05852236554859, 8.3925304661778, 7.722973408753525], 'Sparsity': [1.0, 1.0, 1.0], 'converged': [0, 0, 0], 'iterations': [150, 150, 150], 'primal_residual': [array(0.03568312), array(0.03769498), array(0.03770943)], 'dual_residual': [array(0.02273155), array(0.02219492), array(0.02213982)], 'times': [2.4413645535241812, 2.3464138831477612, 2.2958451176527888]}",1,COMPLETE
