,number,values_0,values_1,datetime_start,datetime_complete,duration,params_lda1,params_psi_2,params_psi_3,params_rho,user_attrs_metrics,system_attrs_nsga2:generation,state
56,56,0.5,0.999999999999999,2024-05-20 06:42:59.427716,2024-05-20 06:43:01.349800,0 days 00:00:01.922084,8.277817382669868,19.50853437038087,0.44484149756335895,0.22243161950974194,"{'AUC_ROCs': [0.5, 0.5, 0.5], 'S_relative_errors': [0.9999999999999991, 0.9999999999999989, 0.9999999999999989], 'X_relative_errors': [9.492677683125983, 9.84782391381354, 9.068946475189914], 'Sparsity': [0.0, 0.0, 0.0], 'converged': [0, 0, 0], 'iterations': [150, 150, 150], 'primal_residual': [0.13966112382175547, 0.1863703409444196, 0.16584971132964138], 'dual_residual': [0.13966112382175547, 0.1863703409444196, 0.16584971132964138], 'times': [1.6051657916978002, 1.6460662824101746, 1.6461675413884223]}",1,COMPLETE
57,57,0.9950957257501974,0.10502176389734579,2024-05-20 06:43:01.360608,2024-05-20 06:43:03.046670,0 days 00:00:01.686062,0.001242726279862443,0.015546133228270384,5.21492220614975,0.001033629474330389,"{'AUC_ROCs': [0.9968173425409773, 0.9961140023335044, 0.9923558323761107], 'S_relative_errors': [0.10467860607581914, 0.10079421588590769, 0.1095924697303105], 'X_relative_errors': [0.9972488670043475, 0.9967872150286282, 0.9973420559892835], 'Sparsity': [0.6656734693877551, 0.6470285714285714, 0.6716489795918368], 'converged': [0, 0, 0], 'iterations': [150, 150, 150], 'primal_residual': [1.0371296382037636, 1.0717227261900202, 1.0404916588548145], 'dual_residual': [1.0371296382037636, 1.0717227261900202, 1.0404916588548145], 'times': [1.420380923198536, 1.4225611402653158, 1.4238325697369874]}",1,COMPLETE
58,58,0.9946569539559955,0.09994486224415029,2024-05-20 06:43:03.078174,2024-05-20 06:43:04.880369,0 days 00:00:01.802195,0.009866550045832595,5.681968632174362,0.012950849974676479,0.0034244600587970144,"{'AUC_ROCs': [0.9965735808153368, 0.994648944779635, 0.9927483362730151], 'S_relative_errors': [0.09984240210376417, 0.09558232373692661, 0.10440986089176009], 'X_relative_errors': [0.9775658885231822, 0.974809630664497, 0.977189181908246], 'Sparsity': [0.36366530612244896, 0.36950204081632654, 0.396130612244898], 'converged': [0, 0, 0], 'iterations': [150, 150, 150], 'primal_residual': [2.947560052165933, 2.9788115760077942, 3.0304060084457065], 'dual_residual': [2.947560052165933, 2.9788115760077942, 3.0304060084457065], 'times': [1.4171814082656056, 1.4255711154546589, 1.4908548658713698]}",1,COMPLETE
59,59,0.9657039795329402,inf,2024-05-20 06:43:04.912209,2024-05-20 06:43:06.818890,0 days 00:00:01.906681,1.0325445649130116,0.03459920956192109,0.9092526401895875,26.608087598789115,"{'AUC_ROCs': [0.9659184474666278, 0.966209855277933, 0.9649836358542596], 'S_relative_errors': [inf, inf, inf], 'X_relative_errors': [inf, inf, inf], 'Sparsity': [1.0, 1.0, 1.0], 'converged': [0, 0, 0], 'iterations': [150, 150, 150], 'primal_residual': [inf, inf, inf], 'dual_residual': [inf, inf, inf], 'times': [1.5962061053141952, 1.5921368666458875, 1.6038343636319041]}",1,COMPLETE
60,60,0.5,0.999999999999999,2024-05-20 06:43:06.851769,2024-05-20 06:43:08.600968,0 days 00:00:01.749199,0.9356083377864691,1.8944666071363343,5.9613256136734085,0.0014810762243403844,"{'AUC_ROCs': [0.5, 0.5, 0.5], 'S_relative_errors': [0.9999999999999991, 0.9999999999999989, 0.9999999999999989], 'X_relative_errors': [2.487674969737158, 2.5747871165343588, 2.3818304429329498], 'Sparsity': [0.0, 0.0, 0.0], 'converged': [0, 0, 0], 'iterations': [150, 150, 150], 'primal_residual': [88.12536479501924, 87.22708534604838, 85.97625767129904], 'dual_residual': [88.12536479501924, 87.22708534604838, 85.97625767129904], 'times': [1.3879700496327132, 1.3931516271550208, 1.4347315987106413]}",1,COMPLETE
61,61,0.9946935115573687,0.10043559975836398,2024-05-20 06:43:08.633750,2024-05-20 06:43:10.352202,0 days 00:00:01.718452,0.0007449412456936574,0.02713286478955296,44.18491257642028,0.0002687934473581233,"{'AUC_ROCs': [0.9968813457240123, 0.9946657976088342, 0.9925333913392593], 'S_relative_errors': [0.10021303845439787, 0.09608335578849554, 0.10501040503219856], 'X_relative_errors': [0.9790430862763069, 0.9768955392837897, 0.9794950984852155], 'Sparsity': [0.39845714285714284, 0.37136326530612246, 0.38524897959183674], 'converged': [0, 0, 0], 'iterations': [150, 150, 150], 'primal_residual': [2.849209753585074, 2.857708453231775, 2.875770634946086], 'dual_residual': [2.849209753585074, 2.857708453231775, 2.875770634946086], 'times': [1.4085885370150208, 1.4173820249270648, 1.421470926143229]}",1,COMPLETE
62,62,0.5,0.999999999999999,2024-05-20 06:43:10.364147,2024-05-20 06:43:12.031832,0 days 00:00:01.667685,0.12776573055825263,0.0040189199798259835,0.10355313664446168,3.295957809750899e-05,"{'AUC_ROCs': [0.5, 0.5, 0.5], 'S_relative_errors': [0.9999999999999991, 0.9999999999999989, 0.9999999999999989], 'X_relative_errors': [2.4865051047436486, 2.5751208895340256, 2.3877354357729903], 'Sparsity': [0.0, 0.0, 0.0], 'converged': [0, 0, 0], 'iterations': [150, 150, 150], 'primal_residual': [88.14036740323247, 87.22300328626626, 85.89880283885127], 'dual_residual': [88.14036740323247, 87.22300328626626, 85.89880283885127], 'times': [1.3916063429787755, 1.4193616905249655, 1.3978443718515337]}",1,COMPLETE
63,63,0.9647970799668131,inf,2024-05-20 06:43:12.056536,2024-05-20 06:43:14.020373,0 days 00:00:01.963837,0.05974409281892685,3.0400973359368426,0.40910165273279614,55.58071890021882,"{'AUC_ROCs': [0.9655965142094644, 0.9645806421289473, 0.9642140835620275], 'S_relative_errors': [inf, inf, inf], 'X_relative_errors': [inf, inf, inf], 'Sparsity': [1.0, 1.0, 1.0], 'converged': [0, 0, 0], 'iterations': [150, 150, 150], 'primal_residual': [inf, inf, inf], 'dual_residual': [inf, inf, inf], 'times': [1.5853778505697846, 1.5927351145073771, 1.6747366841882467]}",1,COMPLETE
64,64,0.9953567643369254,0.10571777105828584,2024-05-20 06:43:14.043154,2024-05-20 06:43:15.765158,0 days 00:00:01.722004,0.03925207077644185,0.04571390805769181,53.08104316906009,0.3805219210416018,"{'AUC_ROCs': [0.9965012344589916, 0.9957812231025347, 0.99378783544925], 'S_relative_errors': [0.10534358923966865, 0.10154427836637268, 0.11026544556881616], 'X_relative_errors': [0.9999978157083371, 0.9999968241775874, 0.9999976023854562], 'Sparsity': [0.9698285714285714, 0.9603836734693878, 0.9654938775510205], 'converged': [0, 0, 0], 'iterations': [150, 150, 150], 'primal_residual': [0.02930223408939856, 0.033678675126198813, 0.031270806997969], 'dual_residual': [0.02930223408939856, 0.033678675126198813, 0.031270806997969], 'times': [1.4416377691086382, 1.459377114661038, 1.4356396435759962]}",1,COMPLETE
65,65,0.9949183989101673,0.08872012662497168,2024-05-20 06:43:15.780161,2024-05-20 06:43:17.535344,0 days 00:00:01.755183,0.016696866100757966,0.011552909655285465,0.012950849974676479,0.0034244600587970144,"{'AUC_ROCs': [0.9964426009039996, 0.9950991092142638, 0.9932134866122385], 'S_relative_errors': [0.08858142347517403, 0.0841815503800105, 0.0933974060197305], 'X_relative_errors': [0.9338365861046751, 0.9291432544518711, 0.9362504000442026], 'Sparsity': [0.24480816326530613, 0.2267183673469388, 0.24292244897959184], 'converged': [0, 0, 0], 'iterations': [150, 150, 150], 'primal_residual': [5.003292605409768, 4.93786262497105, 5.008652088878738], 'dual_residual': [5.003292605409768, 4.93786262497105, 5.008652088878738], 'times': [1.409494609804824, 1.4268568225670606, 1.484816380776465]}",1,COMPLETE
66,66,0.9949654951043104,0.09992110729004133,2024-05-20 06:43:17.549838,2024-05-20 06:43:19.248250,0 days 00:00:01.698412,0.009866550045832595,0.001023268932858958,0.22103875335811554,0.0034244600587970144,"{'AUC_ROCs': [0.9966328718211873, 0.9951647888882823, 0.9930988246034614], 'S_relative_errors': [0.09958317164944358, 0.0955015842013661, 0.10467856601931431], 'X_relative_errors': [0.976507864552038, 0.9744731142444821, 0.97821625495617], 'Sparsity': [0.3840816326530612, 0.3648489795918367, 0.3825795918367347], 'converged': [0, 0, 0], 'iterations': [150, 150, 150], 'primal_residual': [3.015302380079162, 2.997807717034041, 2.96330380346636], 'dual_residual': [3.015302380079162, 2.997807717034041, 2.96330380346636], 'times': [1.4185715874191374, 1.4204724291339517, 1.423215686576441]}",1,COMPLETE
67,67,0.9889520365554136,0.04905217190633143,2024-05-20 06:43:19.271939,2024-05-20 06:43:20.966229,0 days 00:00:01.694290,0.1571636320907282,0.0028884857708969588,25.433560672770408,0.009951435666090027,"{'AUC_ROCs': [0.9899097466329143, 0.991103866143984, 0.9858424968893423], 'S_relative_errors': [0.048757639487792, 0.047342521009434216, 0.05105635522176806], 'X_relative_errors': [0.8050015994291653, 0.8078332451360192, 0.8052025032332277], 'Sparsity': [0.12783673469387755, 0.13133061224489795, 0.1284734693877551], 'converged': [0, 0, 0], 'iterations': [150, 150, 150], 'primal_residual': [8.410830721493749, 7.949199997217408, 8.571483280694459], 'dual_residual': [8.410830721493749, 7.949199997217408, 8.571483280694459], 'times': [1.4096452433150262, 1.4061614777892828, 1.422052662121132]}",1,COMPLETE
68,68,0.9951776085652404,0.10381587653756313,2024-05-20 06:43:21.001310,2024-05-20 06:43:22.722022,0 days 00:00:01.720712,0.15605633458961693,19.969576879384437,0.7214289928720289,0.08777216271626923,"{'AUC_ROCs': [0.9965656277711658, 0.9960370134780647, 0.992930184446491], 'S_relative_errors': [0.1034883028711002, 0.0995602690501457, 0.10839905769144349], 'X_relative_errors': [0.9923515844893517, 0.9915224911234379, 0.9926571668295939], 'Sparsity': [0.5358775510204081, 0.5028326530612245, 0.5475918367346939], 'converged': [0, 0, 0], 'iterations': [150, 150, 150], 'primal_residual': [1.7267876120410333, 1.736269595768081, 1.7282463167707887], 'dual_residual': [1.7267876120410333, 1.736269595768081, 1.7282463167707887], 'times': [1.4301408757455647, 1.432490118779242, 1.4241919238120317]}",1,COMPLETE
69,69,0.988440727440917,0.046447489411836074,2024-05-20 06:43:22.737686,2024-05-20 06:43:24.398704,0 days 00:00:01.661018,0.05974409281892685,0.004721098272972814,1.0324579988046239,0.0034244600587970144,"{'AUC_ROCs': [0.9894086653019886, 0.9906842872617803, 0.9852292297589826], 'S_relative_errors': [0.048694099264258724, 0.04367914150355965, 0.046969227467689834], 'X_relative_errors': [0.8044195169855819, 0.7981169402230006, 0.7952887922400848], 'Sparsity': [0.12725714285714285, 0.13000816326530612, 0.12759183673469388], 'converged': [0, 0, 0], 'iterations': [150, 150, 150], 'primal_residual': [8.438817448213378, 8.120861473760318, 8.783406398655261], 'dual_residual': [8.438817448213378, 8.120861473760318, 8.783406398655261], 'times': [1.4106386289931834, 1.4093108309898525, 1.419903124915436]}",1,COMPLETE
70,70,0.9946651440762692,0.10569702492474785,2024-05-20 06:43:24.436074,2024-05-20 06:43:26.189433,0 days 00:00:01.753359,0.001800743460823574,0.9141475752522302,0.2504864658480335,0.005140507331767676,"{'AUC_ROCs': [0.9964059501744571, 0.9951227842320032, 0.9924666978223474], 'S_relative_errors': [0.1053235075314951, 0.10152167834412963, 0.11024588889861882], 'X_relative_errors': [0.9999148100462724, 0.9998999433734764, 0.9999203720240495], 'Sparsity': [0.887869387755102, 0.8780653061224489, 0.8907265306122449], 'converged': [0, 0, 0], 'iterations': [150, 150, 150], 'primal_residual': [0.18292221131399253, 0.18916681145934752, 0.1804108819463129], 'dual_residual': [0.18292221131399253, 0.18916681145934752, 0.1804108819463129], 'times': [1.435856960248202, 1.4415449497755617, 1.4431272228248417]}",1,COMPLETE
71,71,0.9950419205805104,0.10571839543536903,2024-05-20 06:43:26.223263,2024-05-20 06:43:26.969380,0 days 00:00:00.746117,0.001925628864124133,0.2566631842199464,0.3260541104593471,0.9430920100930279,"{'AUC_ROCs': [0.9962311699413378, 0.9949811411592974, 0.9939134506408961], 'S_relative_errors': [0.10534411708091161, 0.10154501753222463, 0.11026605169297082], 'X_relative_errors': [0.9999999978712516, 0.9999999974561832, 0.9999999975809337], 'Sparsity': [0.9976979591836734, 0.9973142857142857, 0.997534693877551], 'converged': [1, 1, 1], 'iterations': [47, 45, 46], 'primal_residual': [0.0009576029565855524, 0.0009868404950903091, 0.0009958330805464363], 'dual_residual': [0.0009576029565855524, 0.0009868404950903091, 0.0009958330805464363], 'times': [0.4638366971630603, 0.44483395060524344, 0.45389135903678834]}",1,COMPLETE
72,72,0.9652414085548878,inf,2024-05-20 06:43:27.007670,2024-05-20 06:43:28.910907,0 days 00:00:01.903237,0.0010870501643365292,1.736997509673928,72.07100783794505,88.9061807233336,"{'AUC_ROCs': [0.965355350767678, 0.9664734568523252, 0.9638954180446601], 'S_relative_errors': [inf, inf, inf], 'X_relative_errors': [inf, inf, inf], 'Sparsity': [1.0, 1.0, 1.0], 'converged': [0, 0, 0], 'iterations': [150, 150, 150], 'primal_residual': [inf, inf, inf], 'dual_residual': [inf, inf, inf], 'times': [1.5865646586753428, 1.5994105599820614, 1.604171600425616]}",1,COMPLETE
73,73,0.9948919048429344,0.09976703803759261,2024-05-20 06:43:28.946321,2024-05-20 06:43:30.660715,0 days 00:00:01.714394,0.009866550045832595,0.0020639448167482618,0.012950849974676479,0.0034244600587970144,"{'AUC_ROCs': [0.9964541326098992, 0.9955386525760686, 0.9926829293428358], 'S_relative_errors': [0.09944740948673024, 0.09547242232887539, 0.10438128229717217], 'X_relative_errors': [0.9759714955532777, 0.9743620749070556, 0.9770890925053461], 'Sparsity': [0.3804571428571429, 0.37413061224489796, 0.38746938775510203], 'converged': [0, 0, 0], 'iterations': [150, 150, 150], 'primal_residual': [3.0486123626355286, 3.0053786626138503, 3.0377703423864433], 'dual_residual': [3.0486123626355286, 3.0053786626138503, 3.0377703423864433], 'times': [1.423239394556731, 1.4201353793032467, 1.4272117561195046]}",1,COMPLETE
74,74,0.5,0.999999999999999,2024-05-20 06:43:30.677693,2024-05-20 06:43:32.362504,0 days 00:00:01.684811,0.6953262696031063,1.7116921549252326,0.0010363138285935643,0.00012228821427337828,"{'AUC_ROCs': [0.5, 0.5, 0.5], 'S_relative_errors': [0.9999999999999991, 0.9999999999999989, 0.9999999999999989], 'X_relative_errors': [2.4892896518194387, 2.574641305061179, 2.385134226709053], 'Sparsity': [0.0, 0.0, 0.0], 'converged': [0, 0, 0], 'iterations': [150, 150, 150], 'primal_residual': [88.10464196187763, 87.22886840133823, 85.93295471422437], 'dual_residual': [88.10464196187763, 87.22886840133823, 85.93295471422437], 'times': [1.3884408702142537, 1.3995552461128682, 1.4128558502998203]}",1,COMPLETE
75,75,0.5,0.999999999999999,2024-05-20 06:43:32.401757,2024-05-20 06:43:34.088777,0 days 00:00:01.687020,2.6633185537907518,0.00890197106969503,6.571805661494955,0.00012100919216660199,"{'AUC_ROCs': [0.5, 0.5, 0.5], 'S_relative_errors': [0.9999999999999991, 0.9999999999999989, 0.9999999999999989], 'X_relative_errors': [2.4881053462770897, 2.5725725887358335, 2.38977421285199], 'Sparsity': [0.0, 0.0, 0.0], 'converged': [0, 0, 0], 'iterations': [150, 150, 150], 'primal_residual': [88.11984313225855, 87.25415089295463, 85.87199973271422], 'dual_residual': [88.11984313225855, 87.25415089295463, 85.87199973271422], 'times': [1.3953285375609994, 1.39512580470182, 1.409302623476833]}",1,COMPLETE
76,76,0.5,0.999999999999999,2024-05-20 06:43:34.125833,2024-05-20 06:43:35.844529,0 days 00:00:01.718696,10.291865148421161,0.018108912307620587,0.7605303586583394,0.026736948154185265,"{'AUC_ROCs': [0.5, 0.5, 0.5], 'S_relative_errors': [0.9999999999999991, 0.9999999999999989, 0.9999999999999989], 'X_relative_errors': [3.3182024465412407, 3.480018077920885, 3.1007549172982882], 'Sparsity': [0.0, 0.0, 0.0], 'converged': [0, 0, 0], 'iterations': [150, 150, 150], 'primal_residual': [81.9414203880128, 80.89480449846678, 80.7197955471609], 'dual_residual': [81.9414203880128, 80.89480449846678, 80.7197955471609], 'times': [1.4174304080661386, 1.4181275889277458, 1.4302512910217047]}",1,COMPLETE
77,77,0.9645808463752529,inf,2024-05-20 06:43:35.882737,2024-05-20 06:43:37.785125,0 days 00:00:01.902388,0.0010893173496165102,0.010584989043200299,0.34193290837924983,19.521097280980147,"{'AUC_ROCs': [0.9641178504339274, 0.9654973963836744, 0.964127292308157], 'S_relative_errors': [inf, inf, inf], 'X_relative_errors': [inf, inf, inf], 'Sparsity': [1.0, 1.0, 1.0], 'converged': [0, 0, 0], 'iterations': [150, 150, 150], 'primal_residual': [inf, inf, inf], 'dual_residual': [inf, inf, inf], 'times': [1.6140743675641716, 1.599116844125092, 1.612191527383402]}",1,COMPLETE
78,78,0.9885382248328313,0.04858696070997178,2024-05-20 06:43:37.802825,2024-05-20 06:43:39.472357,0 days 00:00:01.669532,0.0173216550614903,2.666360942747044,0.009103070697479575,0.001033629474330389,"{'AUC_ROCs': [0.9895013631968499, 0.990700512629242, 0.9854127986724021], 'S_relative_errors': [0.048390879979751666, 0.04747158498966764, 0.04989841716049605], 'X_relative_errors': [0.803686231269841, 0.807336191730373, 0.8016457815282141], 'Sparsity': [0.1274612244897959, 0.13115918367346938, 0.12783673469387755], 'converged': [0, 0, 0], 'iterations': [150, 150, 150], 'primal_residual': [8.447568583546689, 7.957393979524365, 8.661048143882693], 'dual_residual': [8.447568583546689, 7.957393979524365, 8.661048143882693], 'times': [1.4065512879751623, 1.4140488498378545, 1.4126087916083634]}",1,COMPLETE
79,79,0.5,0.999999999999999,2024-05-20 06:43:39.510552,2024-05-20 06:43:41.256939,0 days 00:00:01.746387,0.9356083377864691,1.3577902534487418,0.0014181048207845927,0.0014810762243403844,"{'AUC_ROCs': [0.5, 0.5, 0.5], 'S_relative_errors': [0.9999999999999991, 0.9999999999999989, 0.9999999999999989], 'X_relative_errors': [2.4895638926704096, 2.5746541755731087, 2.388158150739861], 'Sparsity': [0.0, 0.0, 0.0], 'converged': [0, 0, 0], 'iterations': [150, 150, 150], 'primal_residual': [88.10112053397972, 87.22871101984025, 85.89324811647768], 'dual_residual': [88.10112053397972, 87.22871101984025, 85.89324811647768], 'times': [1.4102596999146044, 1.4108093585819006, 1.4866362195461988]}",1,COMPLETE
80,80,0.9947684869828105,0.09972527809349074,2024-05-20 06:43:41.293966,2024-05-20 06:43:43.058510,0 days 00:00:01.764544,0.009866550045832595,8.54464998287145,0.012950849974676479,0.0034244600587970144,"{'AUC_ROCs': [0.9965629932100591, 0.9950039000595738, 0.9927385676787985], 'S_relative_errors': [0.09945623967042237, 0.09526917845816495, 0.10445041615188493], 'X_relative_errors': [0.9760059893810982, 0.9735225731875354, 0.9773344316616406], 'Sparsity': [0.38874285714285717, 0.38387755102040816, 0.4105469387755102], 'converged': [0, 0, 0], 'iterations': [150, 150, 150], 'primal_residual': [3.0479431150058116, 3.0544598089330917, 3.0212699939065883], 'dual_residual': [3.0479431150058116, 3.0544598089330917, 3.0212699939065883], 'times': [1.4205455838236958, 1.4343340802006423, 1.4502258519642055]}",1,COMPLETE
81,81,0.8815564566278038,0.7589707570273335,2024-05-20 06:43:43.096283,2024-05-20 06:43:45.004895,0 days 00:00:01.908612,0.09507531669188528,0.27258247235442834,0.04884801194055176,1.549771877511609,"{'AUC_ROCs': [0.8893200822585386, 0.8712628454713357, 0.8840864421535368], 'S_relative_errors': [0.7442310088888888, 0.7713592136255337, 0.7613220485675783], 'X_relative_errors': [7.0657911207099, 7.597233972199199, 6.905359297241092], 'Sparsity': [0.10579591836734693, 0.10333877551020408, 0.10525714285714285], 'converged': [0, 0, 0], 'iterations': [150, 150, 150], 'primal_residual': [0.060233399827826876, 0.0598492092793402, 0.05945210334277373], 'dual_residual': [0.060233399827826876, 0.0598492092793402, 0.05945210334277373], 'times': [1.6166088315658271, 1.6120176771655679, 1.633347694762051]}",1,COMPLETE
82,82,0.9955028477429365,0.0009082251787566909,2024-05-20 06:43:45.045285,2024-05-20 06:43:46.853468,0 days 00:00:01.808183,0.39985134559692775,19.50853437038087,36.3075394033758,0.22243161950974194,"{'AUC_ROCs': [0.997243299332215, 0.9957362948594323, 0.9935289490371625], 'S_relative_errors': [0.0008906792684672757, 0.0007190540294895531, 0.0011149422383132438], 'X_relative_errors': [0.009426543359421469, 0.00829716260210985, 0.011333760600642263], 'Sparsity': [0.1364081632653061, 0.1397061224489796, 0.13551836734693878], 'converged': [0, 0, 0], 'iterations': [150, 150, 150], 'primal_residual': [0.05662281742657973, 0.06296119710911138, 0.07873038622277076], 'dual_residual': [0.05662281742657973, 0.06296119710911138, 0.07873038622277076], 'times': [1.511479153065011, 1.5207601762376726, 1.5297885972540826]}",1,COMPLETE
83,83,0.5,0.999999999999999,2024-05-20 06:43:46.890891,2024-05-20 06:43:48.638031,0 days 00:00:01.747140,7.825733673158759,8.968564131338965,25.433560672770408,1.357650308744768e-05,"{'AUC_ROCs': [0.5, 0.5, 0.5], 'S_relative_errors': [0.9999999999999991, 0.9999999999999989, 0.9999999999999989], 'X_relative_errors': [2.4884860356513823, 2.5753126708287613, 2.3868760686463486], 'Sparsity': [0.0, 0.0, 0.0], 'converged': [0, 0, 0], 'iterations': [150, 150, 150], 'primal_residual': [88.1149578633529, 87.22065746604461, 85.91009128823644], 'dual_residual': [88.1149578633529, 87.22065746604461, 85.91009128823644], 'times': [1.4032719912938774, 1.4635367593728006, 1.4003464842680842]}",1,COMPLETE
84,84,0.9669890296057231,3.977757231770127e+126,2024-05-20 06:43:48.677273,2024-05-20 06:43:50.641456,0 days 00:00:01.964183,0.0010893173496165102,0.0018290010534284134,0.34193290837924983,8.401569855911248,"{'AUC_ROCs': [0.9681044837627586, 0.9658104898773393, 0.9670521151770715], 'S_relative_errors': [3.930981789130403e+126, 3.9660143530203053e+126, 4.0362755531596723e+126], 'X_relative_errors': [3.7315626899623873e+127, 3.905671026876242e+127, 3.6604879459464486e+127], 'Sparsity': [1.0, 1.0, 1.0], 'converged': [0, 0, 0], 'iterations': [150, 150, 150], 'primal_residual': [4.687754475082255e+129, 4.689911640138387e+129, 4.695150212683109e+129], 'dual_residual': [4.687754475082255e+129, 4.689911640138387e+129, 4.695150212683109e+129], 'times': [1.6437058369629085, 1.6558377626352012, 1.6367231959011406]}",1,COMPLETE
