,number,values_0,values_1,datetime_start,datetime_complete,duration,params_lda1,params_ldag,params_psi_1,params_psi_2,params_psi_3,user_attrs_metrics,system_attrs_nsga2:generation,state
0,0,0.9969433675567858,0.17270267721816102,2024-05-20 06:58:24.736643,2024-05-20 06:58:27.320808,0 days 00:00:02.584165,0.00450941802358371,0.7201968873373001,22.325540928611694,0.0568261568994025,8.768559623630319,"{'AUC_ROCs': [0.9973292680941371, 0.997028382030429, 0.9964724525457915], 'S_relative_errors': [0.16983129855183668, 0.17270903983523495, 0.1755676932674114], 'X_relative_errors': [0.988403260823128, 0.9896509711149064, 0.9920726557072581], 'Sparsity': [1.0, 1.0, 1.0], 'converged': [0, 0, 0], 'iterations': [150, 150, 150], 'primal_residual': [array(0.15120073), array(0.13220688), array(0.12683827)], 'dual_residual': [array(0.01134237), array(0.00881011), array(0.00933853)], 'times': [2.325722445966676, 2.30063277320005, 2.259313483024016]}",0,COMPLETE
1,1,0.9783341411126388,0.5400781945283049,2024-05-20 06:58:27.322355,2024-05-20 06:58:29.916700,0 days 00:00:02.594345,0.02014771863300601,0.7414041708163045,4.409578615819888,0.011781239866023528,0.1163559763445377,"{'AUC_ROCs': [0.9771078763019633, 0.9794795735546103, 0.9784149734813429], 'S_relative_errors': [0.5379431003261174, 0.5393492603560491, 0.5429422229027481], 'X_relative_errors': [4.822796263833914, 5.015433506138978, 4.6500812680599415], 'Sparsity': [1.0, 1.0, 1.0], 'converged': [0, 0, 0], 'iterations': [150, 150, 150], 'primal_residual': [array(0.36155463), array(0.11616493), array(0.15605659)], 'dual_residual': [array(0.04529779), array(0.04729087), array(0.03987415)], 'times': [2.269855038728565, 2.304601891664788, 2.264831374399364]}",0,COMPLETE
2,2,0.9074772285589274,0.8870183466606069,2024-05-20 06:58:29.918513,2024-05-20 06:58:32.639929,0 days 00:00:02.721416,0.34605428539885696,2.0456101362165398e-05,0.03807868888098869,1.0515978253697347,0.009843076776600389,"{'AUC_ROCs': [0.9211163305526515, 0.9094073542247769, 0.8919080008993538], 'S_relative_errors': [0.8735007850792117, 0.895726828715291, 0.8918274261873178], 'X_relative_errors': [8.170190556687514, 8.692144489636716, 7.968624480031025], 'Sparsity': [1.0, 1.0, 1.0], 'converged': [0, 0, 0], 'iterations': [150, 150, 150], 'primal_residual': [array(0.01124689), array(0.01245113), array(0.01260253)], 'dual_residual': [array(0.01771861), array(0.01649424), array(0.01690588)], 'times': [2.2579313043970615, 2.253412025049329, 2.402586845913902]}",0,COMPLETE
3,3,0.8277149956854432,0.9999999999999908,2024-05-20 06:58:32.642287,2024-05-20 06:58:34.771371,0 days 00:00:02.129084,4.440461353138223,0.2526079741036332,1.8304640613299226,0.09390227968805363,0.16683939533892722,"{'AUC_ROCs': [0.8483315433938832, 0.7932212637685865, 0.8415921798938596], 'S_relative_errors': [0.9999999999999872, 0.9999999999999882, 0.9999999999999967], 'X_relative_errors': [9.371550898112016, 9.721149813020705, 8.950378079194701], 'Sparsity': [1.0, 1.0, 1.0], 'converged': [1, 1, 1], 'iterations': [113, 109, 104], 'primal_residual': [array(0.00096948), array(0.00097555), array(0.00065557)], 'dual_residual': [array(3.22419205e-05), array(3.22026505e-05), array(2.26530783e-05)], 'times': [1.7402588343247771, 1.6309998866636306, 1.6463861947413534]}",0,COMPLETE
4,4,0.8162914606033751,0.9982197059373434,2024-05-20 06:58:34.775284,2024-05-20 06:58:37.371060,0 days 00:00:02.595776,4.799395516555419,7.208214920663513e-05,3.236105962004946,0.002391446326756131,6.855394602396122,"{'AUC_ROCs': [0.826392716304199, 0.8059279284385721, 0.8165537370673541], 'S_relative_errors': [0.9969071419205111, 0.9977519758916154, 0.999999999999904], 'X_relative_errors': [8.509780002547751, 8.826906765559775, 8.1323359558682], 'Sparsity': [1.0, 1.0, 1.0], 'converged': [0, 0, 0], 'iterations': [150, 150, 150], 'primal_residual': [array(0.00275173), array(0.00264937), array(0.00208741)], 'dual_residual': [array(8.84109761e-05), array(6.60892943e-05), array(4.98742829e-05)], 'times': [2.271836915286258, 2.2831503364723176, 2.2976542208343744]}",0,COMPLETE
5,5,0.9790390266274586,0.5350085782972657,2024-05-20 06:58:37.374826,2024-05-20 06:58:39.950147,0 days 00:00:02.575321,0.0016987912884061113,9.304203931317758,51.71968680356426,0.9668588556992276,0.679424590701624,"{'AUC_ROCs': [0.9795407394541955, 0.9794566857797578, 0.9781196546484224], 'S_relative_errors': [0.5322872233624509, 0.533992514838298, 0.5387459966910483], 'X_relative_errors': [2.8806057416326856, 2.9952534892909535, 2.7911117857378533], 'Sparsity': [1.0, 1.0, 1.0], 'converged': [0, 0, 0], 'iterations': [150, 150, 150], 'primal_residual': [array(0.0484529), array(0.04680333), array(0.04551674)], 'dual_residual': [array(0.00142574), array(0.00143974), array(0.00137335)], 'times': [2.246935701929033, 2.2060250432696193, 2.25122118066065]}",0,COMPLETE
6,6,0.9969704042512296,0.22023020671127877,2024-05-20 06:58:39.952117,2024-05-20 06:58:42.663622,0 days 00:00:02.711505,0.04664835346784364,0.9806093024404362,0.35889885841163477,27.04348727182763,2.5797844699900474,"{'AUC_ROCs': [0.997569904028993, 0.9972799836906601, 0.9960613250340358], 'S_relative_errors': [0.21688066764934444, 0.21945807598304934, 0.22435187650144245], 'X_relative_errors': [0.9848012756063851, 0.9748121356219985, 0.9710880906571199], 'Sparsity': [1.0, 1.0, 1.0], 'converged': [0, 0, 0], 'iterations': [150, 150, 150], 'primal_residual': [array(0.19905586), array(0.18403546), array(0.17903722)], 'dual_residual': [array(0.0168577), array(0.01286646), array(0.01298469)], 'times': [2.2058466074522585, 2.4356794599443674, 2.2117603302467614]}",0,COMPLETE
7,7,0.9954274073794899,0.1003431243004006,2024-05-20 06:58:42.670399,2024-05-20 06:58:45.097548,0 days 00:00:02.427149,0.05686964484501542,0.0030597169030402663,8.815820613701165,1.5031136453164933,0.06741505038342502,"{'AUC_ROCs': [0.9973299870973826, 0.9959673296534683, 0.9929849053876185], 'S_relative_errors': [0.09993217869799426, 0.09634282399295785, 0.10475437021024972], 'X_relative_errors': [1.0000793219829534, 1.0000900155208015, 1.0000836657515888], 'Sparsity': [1.0, 1.0, 1.0], 'converged': [0, 0, 0], 'iterations': [150, 150, 150], 'primal_residual': [array(0.00325213), array(0.00334394), array(0.00349005)], 'dual_residual': [array(0.00114102), array(0.00108337), array(0.00097837)], 'times': [2.1794782986398786, 2.108291939366609, 2.1188778555952013]}",0,COMPLETE
8,8,0.9962862552613556,0.0817173142452134,2024-05-20 06:58:45.102402,2024-05-20 06:58:47.592678,0 days 00:00:02.490276,0.393506372789592,2.0116877839921724e-05,0.0370693758490947,56.18829832353644,0.08512161103990282,"{'AUC_ROCs': [0.9975727253287423, 0.9965359639375113, 0.9947500765178133], 'S_relative_errors': [0.08165484741543282, 0.07841424525671811, 0.08508285006348933], 'X_relative_errors': [1.0232739573948497, 1.026193510256301, 1.0207559261937995], 'Sparsity': [1.0, 1.0, 1.0], 'converged': [0, 0, 0], 'iterations': [150, 150, 150], 'primal_residual': [array(0.46921822), array(0.46162915), array(0.44608887)], 'dual_residual': [array(0.05456909), array(0.05314421), array(0.04989257)], 'times': [2.1836305379401892, 2.184955016942695, 2.19305341062136]}",0,COMPLETE
9,9,0.994804532920322,0.1053537854842806,2024-05-20 06:58:47.601349,2024-05-20 06:58:50.088933,0 days 00:00:02.487584,0.0015306898951511422,0.0005955761935037149,0.005564354882817026,14.231416155898245,0.7877188979249322,"{'AUC_ROCs': [0.9967225143982867, 0.994725530391774, 0.9929655539709052], 'S_relative_errors': [0.10498976578964452, 0.1011901635350272, 0.10988142712817008], 'X_relative_errors': [1.0007502439872613, 1.0005455012919342, 1.000446320566137], 'Sparsity': [1.0, 1.0, 1.0], 'converged': [0, 0, 0], 'iterations': [150, 150, 150], 'primal_residual': [array(0.06454252), array(0.06235717), array(0.06230374)], 'dual_residual': [array(0.01150305), array(0.01162537), array(0.01097787)], 'times': [2.160385387018323, 2.1655271891504526, 2.1776135973632336]}",0,COMPLETE
10,10,0.99870065018691,0.8880471524866232,2024-05-20 06:58:50.097053,2024-05-20 06:58:52.727199,0 days 00:00:02.630146,0.010064501214220981,2.2131972358723797e-05,0.014937577740346075,0.024022421667503756,0.009525688818271745,"{'AUC_ROCs': [0.9988287472812519, 0.9989292464581068, 0.9983439568213711], 'S_relative_errors': [0.8875923801729048, 0.8887148899684718, 0.8878341873184934], 'X_relative_errors': [8.421650789913915, 8.747660809315308, 8.047792886756769], 'Sparsity': [1.0, 1.0, 1.0], 'converged': [0, 0, 0], 'iterations': [150, 150, 150], 'primal_residual': [array(0.00110725), array(0.00104758), array(0.00133574)], 'dual_residual': [array(0.00523375), array(0.00527228), array(0.00502187)], 'times': [2.269450016785413, 2.2593190108891577, 2.319950198987499]}",0,COMPLETE
11,11,0.9914518604406446,0.6895263320770099,2024-05-20 06:58:52.735220,2024-05-20 06:58:55.301690,0 days 00:00:02.566470,0.0005165836624382688,1.6225331938183935e-05,0.031416034114681794,0.01669408800266945,0.1029476403833526,"{'AUC_ROCs': [0.9920149735655156, 0.9929140256125683, 0.9894265821438502], 'S_relative_errors': [0.6920347689236951, 0.6900210219988555, 0.686523205308479], 'X_relative_errors': [6.568982574629014, 6.794919558424329, 6.225788252067568], 'Sparsity': [1.0, 1.0, 1.0], 'converged': [0, 0, 0], 'iterations': [150, 150, 150], 'primal_residual': [array(0.00538651), array(0.0047723), array(0.00523503)], 'dual_residual': [array(0.03842921), array(0.03669747), array(0.03680318)], 'times': [2.25659197778441, 2.2739968956448138, 2.2796742380596697]}",0,COMPLETE
12,12,0.9790848740152075,0.5316413937714782,2024-05-20 06:58:55.310096,2024-05-20 06:58:57.807154,0 days 00:00:02.497058,0.0028872301593334073,4.1539359372296385,87.82097351382738,0.0357639872064152,0.2426550729951636,"{'AUC_ROCs': [0.9793901472276957, 0.9793216357204403, 0.9785428390974862], 'S_relative_errors': [0.5273037187093895, 0.5310902492736826, 0.5365302133313625], 'X_relative_errors': [2.17717879783371, 2.25624666996408, 2.090178215013202], 'Sparsity': [1.0, 1.0, 1.0], 'converged': [0, 0, 0], 'iterations': [150, 150, 150], 'primal_residual': [array(0.25492611), array(0.21337611), array(0.15115206)], 'dual_residual': [array(0.02833666), array(0.0301364), array(0.02784917)], 'times': [2.2418975171167403, 2.2074871603399515, 2.216052452567965]}",0,COMPLETE
13,13,0.5306481714884591,0.9999999996478156,2024-05-20 06:58:57.812528,2024-05-20 06:58:58.825111,0 days 00:00:01.012583,7.312919460349281,0.393901831953241,0.2870808502746473,6.528909533873241,0.673343421338298,"{'AUC_ROCs': [0.5377759006354785, 0.5162120309840139, 0.5379565828458849], 'S_relative_errors': [0.9999999996281005, 0.9999999995423134, 0.9999999997730332], 'X_relative_errors': [8.63582841574394, 8.948298012831955, 8.226675766063693], 'Sparsity': [1.0, 1.0, 1.0], 'converged': [1, 1, 1], 'iterations': [48, 47, 48], 'primal_residual': [array(0.00094045), array(0.00088754), array(0.00099755)], 'dual_residual': [array(2.76596243e-05), array(2.6465416e-05), array(2.94438101e-05)], 'times': [0.7260008889716119, 0.7051965254358947, 0.7247229360509664]}",0,COMPLETE
14,14,0.9794422395530936,1.0000000835443945,2024-05-20 06:58:58.833756,2024-05-20 06:58:59.631437,0 days 00:00:00.797681,1.541283856551648,5.974197757699855,0.0015134006434895085,0.0072988766408387945,0.001126286654474052,"{'AUC_ROCs': [0.9703802295407573, 0.9850742894870536, 0.98287219963147], 'S_relative_errors': [1.000000033209639, 1.0000001089909396, 1.0000001084326051], 'X_relative_errors': [9.491608719310879, 9.846718355259132, 9.067915755469071], 'Sparsity': [1.0, 1.0, 1.0], 'converged': [1, 1, 1], 'iterations': [32, 31, 31], 'primal_residual': [array(0.00020267), array(0.00059245), array(0.00058126)], 'dual_residual': [array(4.17146345e-06), array(2.61350254e-06), array(2.56330318e-06)], 'times': [0.48433966003358364, 0.4683642366435379, 0.47023349767550826]}",0,COMPLETE
15,15,0.9796659054859579,0.5358777599462646,2024-05-20 06:58:59.642455,2024-05-20 06:59:02.219270,0 days 00:00:02.576815,0.3191184853193319,21.949294272567965,51.74450217065893,0.8468679816880668,0.9593794794760846,"{'AUC_ROCs': [0.9802661857776309, 0.9797365232181836, 0.9789950074620591], 'S_relative_errors': [0.53311733713043, 0.5349677180917167, 0.5395482246166472], 'X_relative_errors': [2.871755036670838, 2.9929612631985063, 2.787717780344761], 'Sparsity': [1.0, 1.0, 1.0], 'converged': [0, 0, 0], 'iterations': [150, 150, 150], 'primal_residual': [array(0.05813241), array(0.05635853), array(0.05500887)], 'dual_residual': [array(0.00110294), array(0.00108222), array(0.00105982)], 'times': [2.201487021986395, 2.203047138871625, 2.225917666917667]}",0,COMPLETE
16,16,0.9949196635426661,0.11044643106101747,2024-05-20 06:59:02.230638,2024-05-20 06:59:04.745614,0 days 00:00:02.514976,0.001082199666078269,3.321457634604396e-05,45.67709434080497,0.0019714655505569303,0.017283825435841275,"{'AUC_ROCs': [0.996778431322323, 0.9953228278977417, 0.9926577314079339], 'S_relative_errors': [0.11017411833749484, 0.10597625555178199, 0.11518891929377555], 'X_relative_errors': [1.047868230148287, 1.0458211952892489, 1.0465885887662927], 'Sparsity': [1.0, 1.0, 1.0], 'converged': [0, 0, 0], 'iterations': [150, 150, 150], 'primal_residual': [array(0.43652393), array(0.43793845), array(0.44780274)], 'dual_residual': [array(0.17066806), array(0.16890629), array(0.16659079)], 'times': [2.20459853252396, 2.284667623229325, 2.1907746796496212]}",0,COMPLETE
17,17,0.9367655255228874,0.9821621078245437,2024-05-20 06:59:04.751251,2024-05-20 06:59:07.422061,0 days 00:00:02.670810,0.1719834687283583,0.07558959695151554,1.2278349719077069,0.00183529821655113,0.0033082425799057804,"{'AUC_ROCs': [0.9293327077295411, 0.9424358665293249, 0.9385280023097962], 'S_relative_errors': [0.9850263112321208, 0.9808409760428791, 0.9806190361986311], 'X_relative_errors': [9.293282073027488, 9.600400394016484, 8.838374115065434], 'Sparsity': [1.0, 1.0, 1.0], 'converged': [0, 0, 0], 'iterations': [150, 150, 150], 'primal_residual': [array(0.00740565), array(0.00703233), array(0.00676954)], 'dual_residual': [array(0.00299951), array(0.00118457), array(0.00110902)], 'times': [2.385063709691167, 2.2722308239899576, 2.285336236935109]}",0,COMPLETE
18,18,0.9967660276399036,0.7163226341367349,2024-05-20 06:59:07.436920,2024-05-20 06:59:10.037963,0 days 00:00:02.601043,0.012085670280607749,3.0184053962831922e-05,0.05995732952957813,0.005907179864941086,0.12613114555959462,"{'AUC_ROCs': [0.9969012262529582, 0.9967997806916262, 0.9965970759751265], 'S_relative_errors': [0.7177890011007778, 0.7175923447366699, 0.713586556572757], 'X_relative_errors': [6.808761050583504, 7.061416232550026, 6.466561139267157], 'Sparsity': [1.0, 1.0, 1.0], 'converged': [0, 0, 0], 'iterations': [150, 150, 150], 'primal_residual': [array(0.0087912), array(0.00861694), array(0.01049186)], 'dual_residual': [array(0.04517887), array(0.04490609), array(0.0449934)], 'times': [2.258423978695646, 2.2552289192099124, 2.292231563013047]}",0,COMPLETE
19,19,0.999250318490267,0.025288728975713656,2024-05-20 06:59:10.051639,2024-05-20 06:59:12.735453,0 days 00:00:02.683814,0.43057139161600244,0.0032633654525430996,0.0035427258497882728,3.657551874688311,0.13039138176272544,"{'AUC_ROCs': [0.9996261932456543, 0.9990174159119632, 0.9991073463131833], 'S_relative_errors': [0.02540844554782704, 0.025240750577135148, 0.025216990802178776], 'X_relative_errors': [0.2304331157083554, 0.2334751584926441, 0.21142641274907858], 'Sparsity': [1.0, 1.0, 1.0], 'converged': [0, 0, 0], 'iterations': [150, 150, 150], 'primal_residual': [array(0.02908665), array(0.02907179), array(0.02557838)], 'dual_residual': [array(0.00409985), array(0.00407969), array(0.00454534)], 'times': [2.273593090940267, 2.3780150816310197, 2.323677421081811]}",0,COMPLETE
20,20,0.9952407234955478,0.10414004383322022,2024-05-20 06:59:12.749563,2024-05-20 06:59:15.292633,0 days 00:00:02.543070,0.02134682746414122,0.00015557661316130037,0.26355297174893466,32.8317095431877,0.16687716495004604,"{'AUC_ROCs': [0.9966116368423724, 0.9960477963730379, 0.9930627372712333], 'S_relative_errors': [0.10376305605500911, 0.10001552723356398, 0.10864154821108753], 'X_relative_errors': [1.0000479639627127, 1.0000627307719747, 1.0000325938074575], 'Sparsity': [1.0, 1.0, 1.0], 'converged': [0, 0, 0], 'iterations': [150, 150, 150], 'primal_residual': [array(0.0279301), array(0.02954441), array(0.03364991)], 'dual_residual': [array(0.01943277), array(0.01841013), array(0.01647838)], 'times': [2.2528910357505083, 2.2377935140393674, 2.1425243630073965]}",0,COMPLETE
21,21,0.9771607254739788,0.8225654275165358,2024-05-20 06:59:15.306810,2024-05-20 06:59:17.997053,0 days 00:00:02.690243,0.004352851941576129,1.7086949523842574,0.1579975426921781,0.003030624544010095,0.09256597450298039,"{'AUC_ROCs': [0.9767072243809475, 0.9775973469564839, 0.9771776050845054], 'S_relative_errors': [0.8226434789671049, 0.8227023675840056, 0.8223504359984969], 'X_relative_errors': [7.796042312998554, 8.088136361275831, 7.444929227004108], 'Sparsity': [1.0, 1.0, 1.0], 'converged': [0, 0, 0], 'iterations': [150, 150, 150], 'primal_residual': [array(0.01805977), array(0.01232352), array(0.01696457)], 'dual_residual': [array(0.02846744), array(0.02823657), array(0.02771016)], 'times': [2.2989585970062762, 2.408285289304331, 2.264143086504191]}",0,COMPLETE
22,22,0.9994245572141018,0.20474512525348454,2024-05-20 06:59:18.003035,2024-05-20 06:59:20.572261,0 days 00:00:02.569226,4.367381853110997,0.005707675046851981,0.007199787781497842,1.2740785665683485,27.562441260577252,"{'AUC_ROCs': [0.9996647250399325, 0.9996203401635693, 0.9989886064388039], 'S_relative_errors': [0.20230622689725242, 0.20561716290961968, 0.2063119859535815], 'X_relative_errors': [0.9649029481165274, 0.9577756228702278, 0.9819517331718574], 'Sparsity': [1.0, 1.0, 1.0], 'converged': [0, 0, 0], 'iterations': [150, 150, 150], 'primal_residual': [array(0.03975379), array(0.03588979), array(0.03366055)], 'dual_residual': [array(0.00768541), array(0.00679681), array(0.00669567)], 'times': [2.206946214893833, 2.207751485751942, 2.285236565163359]}",0,COMPLETE
23,23,0.995141364176625,0.10425627587296761,2024-05-20 06:59:20.585322,2024-05-20 06:59:23.043988,0 days 00:00:02.458666,0.014315130095820618,0.0007109510436925933,16.766782484984567,0.0029616720815949155,1.4571816955791315,"{'AUC_ROCs': [0.9970329537135756, 0.9955323353892618, 0.9928588034270375], 'S_relative_errors': [0.10388667169582938, 0.10012644227190204, 0.10875571365117141], 'X_relative_errors': [0.9990551638547454, 0.9990738527629701, 0.9990357896079267], 'Sparsity': [1.0, 1.0, 1.0], 'converged': [0, 0, 0], 'iterations': [150, 150, 150], 'primal_residual': [array(0.02011648), array(0.0191171), array(0.01878226)], 'dual_residual': [array(0.0032079), array(0.00322144), array(0.00327534)], 'times': [2.1378655834123492, 2.149673691717908, 2.1496388397645205]}",0,COMPLETE
24,24,0.9793136134052215,0.5357705027557871,2024-05-20 06:59:23.059118,2024-05-20 06:59:25.663814,0 days 00:00:02.604696,0.0014938736726559623,70.67504217950112,0.027223488783242523,41.65507507823988,0.004641333907615974,"{'AUC_ROCs': [0.9798993287932831, 0.9796085210237003, 0.9784329903986808], 'S_relative_errors': [0.5330389271398767, 0.534558741078807, 0.5397138400486776], 'X_relative_errors': [1.3061774892869111, 1.280819146938704, 1.226250861966512], 'Sparsity': [1.0, 1.0, 1.0], 'converged': [0, 0, 0], 'iterations': [150, 150, 150], 'primal_residual': [array(0.69348196), array(0.68100452), array(0.64441914)], 'dual_residual': [array(0.0681516), array(0.06753009), array(0.08817219)], 'times': [2.2415925012901425, 2.2994049093686044, 2.232248735614121]}",0,COMPLETE
25,25,0.9838564790073234,0.47874924431606475,2024-05-20 06:59:25.679557,2024-05-20 06:59:28.325231,0 days 00:00:02.645674,0.0023999751769088157,0.7669821564939537,14.692043438705175,2.2295628120595246,0.03981650748068331,"{'AUC_ROCs': [0.9850684155911744, 0.9838378772992742, 0.9826631441315216], 'S_relative_errors': [0.46872495909656436, 0.47965203487768837, 0.4878707389739414], 'X_relative_errors': [3.5435719830083134, 3.7768881882887175, 3.53476177337499], 'Sparsity': [1.0, 1.0, 1.0], 'converged': [0, 0, 0], 'iterations': [150, 150, 150], 'primal_residual': [array(0.11496343), array(0.1101262), array(0.10844872)], 'dual_residual': [array(0.00819612), array(0.00768822), array(0.00749924)], 'times': [2.233646018896252, 2.223406372126192, 2.364769985433668]}",0,COMPLETE
26,26,0.9521886415593439,0.9447382857692898,2024-05-20 06:59:28.332706,2024-05-20 06:59:31.111798,0 days 00:00:02.779092,0.1981305495875484,9.300810368748722,1.3217585289048581,0.3422330278465817,0.08498852774325696,"{'AUC_ROCs': [0.9495917202217237, 0.9477319917315005, 0.9592422127248076], 'S_relative_errors': [0.9408219437193219, 0.9480906369818028, 0.9453022766067446], 'X_relative_errors': [8.815931009977437, 9.216840630987218, 8.460541059938295], 'Sparsity': [1.0, 1.0, 1.0], 'converged': [0, 0, 0], 'iterations': [150, 150, 150], 'primal_residual': [array(0.00375515), array(0.00408303), array(0.00414022)], 'dual_residual': [array(0.00210366), array(0.00223285), array(0.00203307)], 'times': [2.2670070906169713, 2.477244734065607, 2.275720651494339]}",0,COMPLETE
