,number,values_0,values_1,datetime_start,datetime_complete,duration,params_lda1,params_ldag,params_psi_1,params_psi_2,params_psi_3,user_attrs_metrics,system_attrs_nsga2:generation,state
81,81,0.9944787181130922,0.10714623517448056,2024-05-20 07:08:14.829616,2024-05-20 07:08:17.321444,0 days 00:00:02.491828,0.003613212916217506,0.0001380879843601218,0.0019833648349955567,23.52633498012094,0.002622652384571813,"{'AUC_ROCs': [0.9966200608961137, 0.9938939371567912, 0.9929221562863718], 'S_relative_errors': [0.10686177385330338, 0.10286573952198054, 0.11171119214815775], 'X_relative_errors': [1.0168205947219995, 1.0155092537622854, 1.0153917921709692], 'Sparsity': [1.0, 1.0, 1.0], 'converged': [0, 0, 0], 'iterations': [150, 150, 150], 'primal_residual': [array(0.20153658), array(0.19745788), array(0.19691655)], 'dual_residual': [array(0.27933264), array(0.27657402), array(0.27233967)], 'times': [2.2015803921967745, 2.203566573560238, 2.2265530123841017]}",1,COMPLETE
82,82,0.8522281142489482,0.9999999999932108,2024-05-20 07:08:17.364193,2024-05-20 07:08:19.910056,0 days 00:00:02.545863,11.133677943109637,0.5895540144996791,18.67275678942133,0.024037192158637734,0.4542651120416755,"{'AUC_ROCs': [0.8507809555149445, 0.8501574981444393, 0.8557458890874607], 'S_relative_errors': [0.9999999999937487, 0.999999999992976, 0.9999999999929078], 'X_relative_errors': [8.705700536324915, 9.027197457826652, 8.30364954139738], 'Sparsity': [1.0, 1.0, 1.0], 'converged': [0, 0, 0], 'iterations': [150, 150, 150], 'primal_residual': [array(0.00998962), array(0.01036672), array(0.01033591)], 'dual_residual': [array(0.00028391), array(0.00029458), array(0.0002956)], 'times': [2.2482225340791047, 2.249471342889592, 2.2609173574019223]}",1,COMPLETE
83,83,0.9767812324928359,0.7635613771566644,2024-05-20 07:08:19.938508,2024-05-20 07:08:22.507514,0 days 00:00:02.569006,0.021377539684906396,3.063066411167843,0.009810965162479705,0.015459111387850485,0.2686503269881416,"{'AUC_ROCs': [0.977275065074016, 0.9775909043939583, 0.9754777280105335], 'S_relative_errors': [0.7629134925297838, 0.7643428236462856, 0.7634278152939241], 'X_relative_errors': [7.216926927180768, 7.5006008148875605, 6.898462460477967], 'Sparsity': [1.0, 1.0, 1.0], 'converged': [0, 0, 0], 'iterations': [150, 150, 150], 'primal_residual': [array(0.00394963), array(0.00397205), array(0.0039806)], 'dual_residual': [array(0.04043149), array(0.03973157), array(0.03937454)], 'times': [2.2632056567817926, 2.2646914820652455, 2.2899085162207484]}",1,COMPLETE
84,84,0.9791468913431912,0.5352895622143804,2024-05-20 07:08:22.552377,2024-05-20 07:08:25.106597,0 days 00:00:02.554220,0.0023972619993136023,2.8667140435865894,3.719965832978566,3.0122253689963543,1.1611501030312574,"{'AUC_ROCs': [0.979599414341467, 0.9794967380736783, 0.9783445216144282], 'S_relative_errors': [0.5324827882733963, 0.5341012250557419, 0.5392846733140028], 'X_relative_errors': [4.3108439927804465, 4.481031722504242, 4.163845280590638], 'Sparsity': [1.0, 1.0, 1.0], 'converged': [0, 0, 0], 'iterations': [150, 150, 150], 'primal_residual': [array(0.00245818), array(0.00252551), array(0.00170997)], 'dual_residual': [array(9.97870371e-05), array(0.00010202), array(8.80566104e-05)], 'times': [2.256334996316582, 2.2691397103480995, 2.2785822667647153]}",1,COMPLETE
85,85,0.9965677318446012,0.27572274644141914,2024-05-20 07:08:25.143376,2024-05-20 07:08:27.518726,0 days 00:00:02.375350,0.02537417739386448,1.78045160544761,28.850989599094767,16.14405415605019,53.66901073579213,"{'AUC_ROCs': [0.9969525425077572, 0.9972216221681999, 0.995529030857847], 'S_relative_errors': [0.2708617325080264, 0.2750769511762118, 0.2812295556400193], 'X_relative_errors': [0.9979967329831565, 0.9990960523956066, 0.998660213955885], 'Sparsity': [1.0, 1.0, 1.0], 'converged': [0, 0, 0], 'iterations': [150, 150, 150], 'primal_residual': [array(0.25198559), array(0.23178586), array(0.2275126)], 'dual_residual': [array(0.0165494), array(0.01600832), array(0.01443384)], 'times': [2.063989601098001, 2.0628254858311266, 2.087301380233839]}",1,COMPLETE
86,86,0.9820260043507805,0.49897429714894836,2024-05-20 07:08:27.568100,2024-05-20 07:08:30.161669,0 days 00:00:02.593569,0.00032688325017823596,0.1448594606736267,0.005967261273641963,0.1443491676644111,1.116338336332959,"{'AUC_ROCs': [0.9812662122445627, 0.9836619413432905, 0.9811498594644881], 'S_relative_errors': [0.49143114110541397, 0.49921227028428605, 0.5062794800571451], 'X_relative_errors': [4.514547660097823, 4.758300589348538, 4.441976307944595], 'Sparsity': [1.0, 1.0, 1.0], 'converged': [0, 0, 0], 'iterations': [150, 150, 150], 'primal_residual': [array(0.0334098), array(0.03370206), array(0.03184767)], 'dual_residual': [array(0.03543327), array(0.0345518), array(0.03210226)], 'times': [2.275431299349293, 2.2670378908514977, 2.2823320012539625]}",1,COMPLETE
87,87,0.9963496965308942,0.0785806057151129,2024-05-20 07:08:30.204193,2024-05-20 07:08:32.632128,0 days 00:00:02.427935,0.0005413107862042717,0.1448594606736267,10.1847585782353,2.186538153708982,13.753314818639938,"{'AUC_ROCs': [0.997761275455284, 0.996908759015972, 0.9943790551214268], 'S_relative_errors': [0.07771639196594005, 0.07520989961544239, 0.08281552556395629], 'X_relative_errors': [0.9992439226786821, 0.9992128226002845, 0.9992604058895078], 'Sparsity': [1.0, 1.0, 1.0], 'converged': [0, 0, 0], 'iterations': [150, 150, 150], 'primal_residual': [array(0.04758096), array(0.04630911), array(0.04728442)], 'dual_residual': [array(0.00314845), array(0.00315316), array(0.00357746)], 'times': [2.102134036598727, 2.1055327157955617, 2.137504608137533]}",1,COMPLETE
88,88,0.9995343557694282,0.11062762406321743,2024-05-20 07:08:32.677577,2024-05-20 07:08:35.180892,0 days 00:00:02.503315,2.241944544139389,0.00033316702918866715,0.0018884156824357816,16.14405415605019,1.6747753368777483,"{'AUC_ROCs': [0.9996727643169163, 0.9995659632564005, 0.9993643397349675], 'S_relative_errors': [0.10995488249531148, 0.11016096604948251, 0.11176702364485833], 'X_relative_errors': [0.8338382045971698, 0.8197946462921013, 0.8122651268589667], 'Sparsity': [1.0, 1.0, 1.0], 'converged': [0, 0, 0], 'iterations': [150, 150, 150], 'primal_residual': [array(0.04381899), array(0.04121792), array(0.03945197)], 'dual_residual': [array(0.008894), array(0.00875419), array(0.00778092)], 'times': [2.1940555388573557, 2.1932651142124087, 2.2079991535283625]}",1,COMPLETE
89,89,0.9952809845304037,0.09958136279205454,2024-05-20 07:08:35.199958,2024-05-20 07:08:37.665723,0 days 00:00:02.465765,0.019562385096556938,0.012418121279841947,78.24574888526624,0.7420407708022327,0.05208680897385348,"{'AUC_ROCs': [0.9967279012728925, 0.9955076952700582, 0.9936073570482608], 'S_relative_errors': [0.0990666862301444, 0.09584455114608292, 0.1038328509999363], 'X_relative_errors': [0.9998894755403942, 0.999863850560489, 0.99986662978539], 'Sparsity': [1.0, 1.0, 1.0], 'converged': [0, 0, 0], 'iterations': [150, 150, 150], 'primal_residual': [array(0.01432761), array(0.01304683), array(0.01372956)], 'dual_residual': [array(0.00626123), array(0.00627573), array(0.00592657)], 'times': [2.2171736259479076, 2.1673810775391757, 2.165802560513839]}",1,COMPLETE
90,90,0.9952097357813786,0.10459624474191408,2024-05-20 07:08:37.722977,2024-05-20 07:08:40.159074,0 days 00:00:02.436097,0.003817493332787208,0.0022318071641823233,19.837155105991542,16.14405415605019,0.01603811078577737,"{'AUC_ROCs': [0.9965990849130916, 0.9958232257178137, 0.9932068967132304], 'S_relative_errors': [0.10424721157740241, 0.10038043261238054, 0.10916109003595925], 'X_relative_errors': [1.000494252309234, 1.0004961594243031, 1.0004823959414932], 'Sparsity': [1.0, 1.0, 1.0], 'converged': [0, 0, 0], 'iterations': [150, 150, 150], 'primal_residual': [array(0.0131282), array(0.01330736), array(0.01356051)], 'dual_residual': [array(0.00788369), array(0.00769154), array(0.00749145)], 'times': [2.133878821739927, 2.128195112803951, 2.1394625534303486]}",1,COMPLETE
91,91,0.9436552105951592,1.0000000327799938,2024-05-20 07:08:40.212206,2024-05-20 07:08:41.149790,0 days 00:00:00.937584,0.598188393506558,0.05115083176141118,0.0026767741739681106,0.013692712151066318,0.016380005661542896,"{'AUC_ROCs': [0.9216285332402301, 0.948252972745768, 0.9610841257994797], 'S_relative_errors': [1.0000000055758331, 1.00000003265907, 1.0000000601050785], 'X_relative_errors': [9.489006336069128, 9.843977635647512, 9.065346818379194], 'Sparsity': [1.0, 1.0, 1.0], 'converged': [1, 1, 1], 'iterations': [42, 41, 40], 'primal_residual': [array(0.00016544), array(0.0002498), array(0.00038208)], 'dual_residual': [array(1.63709601e-06), array(1.0263631e-06), array(1.20890209e-06)], 'times': [0.638215413549915, 0.62064597196877, 0.6126831078436226]}",1,COMPLETE
92,92,0.9952887243637547,0.10568445877809714,2024-05-20 07:08:41.204634,2024-05-20 07:08:43.689512,0 days 00:00:02.484878,0.0005736868296102074,5.7754678207396516e-05,0.011449261534150159,3.0122253689963543,83.41672609654687,"{'AUC_ROCs': [0.9967702011437329, 0.9953618827257684, 0.9937340892217629], 'S_relative_errors': [0.10530496130048819, 0.10151309316568267, 0.1102353218681206], 'X_relative_errors': [1.0002112548860602, 1.0003087148589904, 1.0002949806065657], 'Sparsity': [1.0, 1.0, 1.0], 'converged': [0, 0, 0], 'iterations': [150, 150, 150], 'primal_residual': [array(0.0448194), array(0.04375232), array(0.04283252)], 'dual_residual': [array(0.00945169), array(0.00948262), array(0.00933805)], 'times': [2.152578281238675, 2.1472514932975173, 2.1688498817384243]}",1,COMPLETE
93,93,0.9948551195889959,0.10081419389005297,2024-05-20 07:08:43.743934,2024-05-20 07:08:46.259809,0 days 00:00:02.515875,0.0006849166051361174,0.012418121279841947,0.036705264547807516,90.13299851643157,1.6747753368777483,"{'AUC_ROCs': [0.9971985849426176, 0.9952535540225895, 0.9921132198017807], 'S_relative_errors': [0.10078702403584264, 0.09635476788984627, 0.10530078974447], 'X_relative_errors': [1.0001349276840525, 1.000131652384982, 1.0001365632607648], 'Sparsity': [1.0, 1.0, 1.0], 'converged': [0, 0, 0], 'iterations': [150, 150, 150], 'primal_residual': [array(0.01857278), array(0.01809132), array(0.0182694)], 'dual_residual': [array(0.01057129), array(0.01026657), array(0.00973917)], 'times': [2.1959018709603697, 2.151186020579189, 2.1608420775737613]}",1,COMPLETE
94,94,0.9951571096867843,0.10545397579744033,2024-05-20 07:08:46.309967,2024-05-20 07:08:48.870659,0 days 00:00:02.560692,0.0005413107862042717,0.0005643449217418582,0.9861309899022788,0.006447756198793428,1.0405524288293062,"{'AUC_ROCs': [0.9967207219451998, 0.9954244761161005, 0.9933261309990524], 'S_relative_errors': [0.10508239761329266, 0.10127837874640548, 0.11000115103262288], 'X_relative_errors': [1.0001028144660067, 1.0000921319367277, 1.000062590625489], 'Sparsity': [1.0, 1.0, 1.0], 'converged': [0, 0, 0], 'iterations': [150, 150, 150], 'primal_residual': [array(0.04420994), array(0.0424818), array(0.03596015)], 'dual_residual': [array(0.00789092), array(0.00835162), array(0.00906404)], 'times': [2.2621120316907763, 2.19795178133063, 2.229919004952535]}",1,COMPLETE
95,95,0.9960356973833746,0.04883672035454372,2024-05-20 07:08:48.905726,2024-05-20 07:08:51.451453,0 days 00:00:02.545727,0.10324932515647677,5.686102834359349e-05,0.49780960990770406,1.0274328548898386,0.04445400278457398,"{'AUC_ROCs': [0.9980171829239222, 0.9958531182049277, 0.9942367910212738], 'S_relative_errors': [0.04730260034646862, 0.046820643899068086, 0.052386916818094466], 'X_relative_errors': [0.49409585185830857, 0.5073071607602433, 0.5187041862031295], 'Sparsity': [1.0, 1.0, 1.0], 'converged': [0, 0, 0], 'iterations': [150, 150, 150], 'primal_residual': [array(0.06357252), array(0.05874231), array(0.06398681)], 'dual_residual': [array(0.02095535), array(0.02094367), array(0.01714757)], 'times': [2.235896867699921, 2.2294023451395333, 2.239948779111728]}",1,COMPLETE
96,96,0.9945578910233545,0.10569027938961129,2024-05-20 07:08:51.494310,2024-05-20 07:08:53.967921,0 days 00:00:02.473611,0.0005736868296102074,5.7754678207396516e-05,47.77344980851073,0.22227707496702695,0.05208680897385348,"{'AUC_ROCs': [0.9965249217205882, 0.994336262693271, 0.9928124886562041], 'S_relative_errors': [0.10533542157201721, 0.10149252602828952, 0.11024289056852711], 'X_relative_errors': [1.0005180847471158, 1.0001113946245062, 1.000384207403348], 'Sparsity': [1.0, 1.0, 1.0], 'converged': [0, 0, 0], 'iterations': [150, 150, 150], 'primal_residual': [array(0.03713219), array(0.0362238), array(0.03565847)], 'dual_residual': [array(0.00889498), array(0.0094663), array(0.00913731)], 'times': [2.1710115959867835, 2.1622849588748068, 2.186318199383095]}",1,COMPLETE
97,97,0.9762003833543927,0.8897054151099231,2024-05-20 07:08:54.019649,2024-05-20 07:08:56.674361,0 days 00:00:02.654712,0.004970048783921526,0.1448594606736267,0.2293872591482591,0.006447756198793428,0.002189308016017316,"{'AUC_ROCs': [0.9755169754656159, 0.976559799902685, 0.9765243746948771], 'S_relative_errors': [0.8893809721644814, 0.8899144087203503, 0.8898208644449375], 'X_relative_errors': [8.432515489061066, 8.753146874179421, 8.05982443869057], 'Sparsity': [1.0, 1.0, 1.0], 'converged': [0, 0, 0], 'iterations': [150, 150, 150], 'primal_residual': [array(0.02052306), array(0.02660541), array(0.01809374)], 'dual_residual': [array(0.01319736), array(0.01230488), array(0.01299558)], 'times': [2.3593236920423806, 2.2725819423794746, 2.292584475595504]}",1,COMPLETE
98,98,0.9989321594105327,0.8620002231414308,2024-05-20 07:08:56.695939,2024-05-20 07:08:59.375315,0 days 00:00:02.679376,0.0024377376756720194,2.9369963507884788e-05,0.0017594741572867375,0.0018476504425537464,0.02701167973514769,"{'AUC_ROCs': [0.9992376085660408, 0.9990538693396069, 0.9985050003259501], 'S_relative_errors': [0.8623561341181106, 0.8621992257861586, 0.861445309520023], 'X_relative_errors': [8.184970016723598, 8.489616204237802, 7.811320650181349], 'Sparsity': [1.0, 1.0, 1.0], 'converged': [0, 0, 0], 'iterations': [150, 150, 150], 'primal_residual': [array(0.00111501), array(0.00117298), array(0.0011232)], 'dual_residual': [array(0.00740131), array(0.00735202), array(0.00736839)], 'times': [2.295576691860333, 2.278317565796897, 2.379029310774058]}",1,COMPLETE
99,99,0.9949698971651898,0.31946502127492166,2024-05-20 07:08:59.428901,2024-05-20 07:09:01.963359,0 days 00:00:02.534458,0.0007088507914904779,0.5895540144996791,15.793124227247704,0.2227974191978506,0.4542651120416755,"{'AUC_ROCs': [0.9957078789034585, 0.9955725897421902, 0.9936292228499207], 'S_relative_errors': [0.30626523250557175, 0.3239556883510813, 0.328174142968112], 'X_relative_errors': [2.391278940491605, 2.636005509945959, 2.457184794221265], 'Sparsity': [1.0, 1.0, 1.0], 'converged': [0, 0, 0], 'iterations': [150, 150, 150], 'primal_residual': [array(0.06338175), array(0.07056033), array(0.06776508)], 'dual_residual': [array(0.00614683), array(0.00558031), array(0.0066233)], 'times': [2.2211928588803858, 2.226106446236372, 2.2427688676398247]}",1,COMPLETE
100,100,0.9824752394055715,0.4992850823338097,2024-05-20 07:09:02.025404,2024-05-20 07:09:04.574684,0 days 00:00:02.549280,0.0005736868296102074,0.1448594606736267,0.18762774510293073,0.006447756198793428,1.1611501030312574,"{'AUC_ROCs': [0.9816429199896709, 0.983955679741663, 0.9818271184853805], 'S_relative_errors': [0.4918695698314177, 0.49958435135406537, 0.506401325815946], 'X_relative_errors': [4.518423747821757, 4.761594220244555, 4.442807518643626], 'Sparsity': [1.0, 1.0, 1.0], 'converged': [0, 0, 0], 'iterations': [150, 150, 150], 'primal_residual': [array(0.03230681), array(0.03225647), array(0.03103568)], 'dual_residual': [array(0.03802647), array(0.03731336), array(0.03460137)], 'times': [2.2657273586373776, 2.263639146927744, 2.274774907855317]}",2,COMPLETE
101,101,0.995278602589747,0.10547863005496255,2024-05-20 07:09:04.628465,2024-05-20 07:09:07.135920,0 days 00:00:02.507455,0.0005413107862042717,0.0005643449217418582,0.9861309899022788,0.001126292748163196,1.0405524288293062,"{'AUC_ROCs': [0.9971509374479689, 0.9958111622410788, 0.9928737080801935], 'S_relative_errors': [0.10509029627213722, 0.10131389096109512, 0.11003170293165532], 'X_relative_errors': [1.000167797310979, 1.0002840193633413, 1.0002756595894269], 'Sparsity': [1.0, 1.0, 1.0], 'converged': [0, 0, 0], 'iterations': [150, 150, 150], 'primal_residual': [array(0.0568315), array(0.05477776), array(0.05123969)], 'dual_residual': [array(0.01216918), array(0.01280268), array(0.01177381)], 'times': [2.2084233763162047, 2.2091671964153647, 2.2210500626824796]}",2,COMPLETE
102,102,0.9948053123399038,0.10342730146873007,2024-05-20 07:09:07.192122,2024-05-20 07:09:09.674675,0 days 00:00:02.482553,0.019562385096556938,0.0022318071641823233,78.24574888526624,16.14405415605019,0.01603811078577737,"{'AUC_ROCs': [0.9962698997737307, 0.9954170194681083, 0.9927290177778721], 'S_relative_errors': [0.1030443873677262, 0.09926997007452298, 0.10796754696394098], 'X_relative_errors': [0.9998142262365884, 0.9997995254437723, 0.9998151815417664], 'Sparsity': [1.0, 1.0, 1.0], 'converged': [0, 0, 0], 'iterations': [150, 150, 150], 'primal_residual': [array(0.01276977), array(0.01256186), array(0.01203377)], 'dual_residual': [array(0.00221147), array(0.00219688), array(0.00222226)], 'times': [2.147600570693612, 2.1863367264159024, 2.188612884376198]}",2,COMPLETE
103,103,0.9948607031818635,0.1056717702157331,2024-05-20 07:09:09.703482,2024-05-20 07:09:12.176585,0 days 00:00:02.473103,0.00036834998237378916,5.7754678207396516e-05,0.011449261534150159,3.0122253689963543,0.22265610112904582,"{'AUC_ROCs': [0.9973096872985543, 0.9950009155343198, 0.9922715067127162], 'S_relative_errors': [0.105298265070197, 0.10149815827194288, 0.11021888730505941], 'X_relative_errors': [0.9999995255670067, 1.0000203650368296, 1.0000340478663565], 'Sparsity': [1.0, 1.0, 1.0], 'converged': [0, 0, 0], 'iterations': [150, 150, 150], 'primal_residual': [array(0.0192005), array(0.01955767), array(0.01908555)], 'dual_residual': [array(0.00517104), array(0.00540106), array(0.00524995)], 'times': [2.18309080414474, 2.1793457122985274, 2.2141308879945427]}",2,COMPLETE
104,104,0.9955806933407395,0.09653757086461252,2024-05-20 07:09:12.231364,2024-05-20 07:09:14.695421,0 days 00:00:02.464057,0.0697930088453506,0.012418121279841947,0.036705264547807516,1.0274328548898386,45.931908325154566,"{'AUC_ROCs': [0.9972115692253802, 0.9962792434490897, 0.9932512673477489], 'S_relative_errors': [0.0962526212566238, 0.09215774529734479, 0.101202346039869], 'X_relative_errors': [1.0000544117822248, 1.0000745245911997, 1.0001082123376435], 'Sparsity': [1.0, 1.0, 1.0], 'converged': [0, 0, 0], 'iterations': [150, 150, 150], 'primal_residual': [array(0.03509561), array(0.03304968), array(0.03072043)], 'dual_residual': [array(0.00789891), array(0.00775851), array(0.00804736)], 'times': [2.1577965521719307, 2.1573104723356664, 2.1627541165798903]}",2,COMPLETE
105,105,0.9963950594140062,0.059232177977647356,2024-05-20 07:09:14.732988,2024-05-20 07:09:17.313754,0 days 00:00:02.580766,0.0697930088453506,0.00010442267648170473,0.07053900723421247,1.0274328548898386,0.029316703546443716,"{'AUC_ROCs': [0.9974699310582816, 0.9966178704368486, 0.9950973767468885], 'S_relative_errors': [0.057040775947109296, 0.05865448737474449, 0.062001270611088295], 'X_relative_errors': [0.5774487541043091, 0.614873614200792, 0.5985296394086638], 'Sparsity': [1.0, 1.0, 1.0], 'converged': [0, 0, 0], 'iterations': [150, 150, 150], 'primal_residual': [array(0.15774164), array(0.13117946), array(0.15207457)], 'dual_residual': [array(0.04680451), array(0.04282708), array(0.04116237)], 'times': [2.2647503486368805, 2.259758802363649, 2.273380115162581]}",2,COMPLETE
106,106,0.9954915966811514,0.3361393843165105,2024-05-20 07:09:17.370950,2024-05-20 07:09:19.911891,0 days 00:00:02.540941,0.0697930088453506,1.78045160544761,60.62086533153011,2.2370922834227605,0.22265610112904582,"{'AUC_ROCs': [0.9953366073938075, 0.9962557655336435, 0.9948824171160031], 'S_relative_errors': [0.3273917763533197, 0.33903707385798276, 0.3419893027382289], 'X_relative_errors': [1.330237384793622, 1.4352782366253904, 1.3524758876371403], 'Sparsity': [1.0, 1.0, 1.0], 'converged': [0, 0, 0], 'iterations': [150, 150, 150], 'primal_residual': [array(0.27778597), array(0.2883146), array(0.27781901)], 'dual_residual': [array(0.01731338), array(0.0181885), array(0.0180757)], 'times': [2.259389393031597, 2.2117134840227664, 2.2350648150313646]}",2,COMPLETE
107,107,0.9965793851781045,0.27647816663204905,2024-05-20 07:09:19.967100,2024-05-20 07:09:22.488682,0 days 00:00:02.521582,0.0697930088453506,1.78045160544761,0.011449261534150159,3.0122253689963543,53.66901073579213,"{'AUC_ROCs': [0.9966660051440334, 0.997485913600618, 0.9955862367896621], 'S_relative_errors': [0.2718946182569189, 0.275924079343431, 0.28161580229579736], 'X_relative_errors': [0.9905502812679083, 0.9918161455181737, 0.9919727937469788], 'Sparsity': [1.0, 1.0, 1.0], 'converged': [0, 0, 0], 'iterations': [150, 150, 150], 'primal_residual': [array(0.24308193), array(0.24793867), array(0.240849)], 'dual_residual': [array(0.01727196), array(0.01885249), array(0.01646703)], 'times': [2.2221776987425983, 2.207677560392767, 2.2222881517373025]}",2,COMPLETE
