,number,values_0,values_1,datetime_start,datetime_complete,duration,params_lda1,params_ldag,params_psi_1,params_psi_2,params_psi_3,user_attrs_metrics,system_attrs_nsga2:generation,state
27,27,0.9784973419584696,0.5355016194175123,2024-05-20 06:45:58.896632,2024-05-20 06:46:01.686737,0 days 00:00:02.790105,0.0006313925792925325,24.47253503341357,19.392723880051292,2.189188348781877,6.760335185631082,"{'AUC_ROCs': [0.9781232878921062, 0.9794068299793288, 0.9779619080039739], 'S_relative_errors': [0.533006204815299, 0.5341983275562343, 0.5393003258810033], 'X_relative_errors': [3.0504644438319786, 3.165205256049641, 2.938678201432155], 'Sparsity': [1.0, 1.0, 1.0], 'converged': [0, 0, 0], 'iterations': [150, 150, 150], 'primal_residual': [array(0.05838711), array(0.06102376), array(0.05985891)], 'dual_residual': [array(0.00095799), array(0.00100763), array(0.00098275)], 'times': [2.2115650470368564, 2.481272537028417, 2.249917829176411]}",0,COMPLETE
28,28,0.9945664042313109,0.12435589739471653,2024-05-20 06:46:01.703776,2024-05-20 06:46:04.369608,0 days 00:00:02.665832,0.0028470771366408817,3.371052471516375e-05,0.2821446209475893,0.6278825203283749,0.018998659930242957,"{'AUC_ROCs': [0.9964013721041644, 0.9948165100111637, 0.9924813305786045], 'S_relative_errors': [0.12554904999308802, 0.12211462685120962, 0.12540401533985193], 'X_relative_errors': [1.1998160803375584, 1.210319575082183, 1.1453921288637137], 'Sparsity': [1.0, 1.0, 1.0], 'converged': [0, 0, 0], 'iterations': [150, 150, 150], 'primal_residual': [array(0.16683011), array(0.15523683), array(0.15682069)], 'dual_residual': [array(0.13027691), array(0.12825018), array(0.12489849)], 'times': [2.235229824669659, 2.2269967480096966, 2.390240970533341]}",0,COMPLETE
29,29,0.9952077765519131,0.10448732599053429,2024-05-20 06:46:04.383117,2024-05-20 06:46:06.904664,0 days 00:00:02.521547,0.0009433117838277134,0.0028489432066514477,0.011650019496002742,0.02508323749093422,6.184530703802844,"{'AUC_ROCs': [0.9972401289382513, 0.9956403946804306, 0.9927428060370571], 'S_relative_errors': [0.1039633791639539, 0.1003169680599043, 0.10918163074774467], 'X_relative_errors': [1.005007887808641, 1.006344136484676, 1.0063516079511012], 'Sparsity': [1.0, 1.0, 1.0], 'converged': [0, 0, 0], 'iterations': [150, 150, 150], 'primal_residual': [array(0.22705356), array(0.22128885), array(0.21746786)], 'dual_residual': [array(0.08947178), array(0.08766789), array(0.09026295)], 'times': [2.218031486030668, 2.2052478783298284, 2.22066363110207]}",0,COMPLETE
30,30,0.9953753288157166,0.10486614740906013,2024-05-20 06:46:06.921255,2024-05-20 06:46:09.468242,0 days 00:00:02.546987,0.0020730235741356676,1.8281259468725727e-05,1.4202424688014084,0.3043924681295865,0.2189942741292398,"{'AUC_ROCs': [0.9969280535783567, 0.9960594230757567, 0.9931385097930364], 'S_relative_errors': [0.10449472428743843, 0.10072179398059153, 0.10938192395915043], 'X_relative_errors': [1.000340829638218, 1.0003464286479546, 1.0003080606573458], 'Sparsity': [1.0, 1.0, 1.0], 'converged': [0, 0, 0], 'iterations': [150, 150, 150], 'primal_residual': [array(0.11124071), array(0.10339042), array(0.10044813)], 'dual_residual': [array(0.04399676), array(0.04389519), array(0.03540144)], 'times': [2.1928288352210075, 2.1828178430441767, 2.2013143717776984]}",0,COMPLETE
31,31,0.9791698934463547,0.5350354074277782,2024-05-20 06:46:09.485022,2024-05-20 06:46:12.150040,0 days 00:00:02.665018,0.0007859081764054319,93.31591601241328,0.7862454704902642,24.126279494783518,0.20813586931549877,"{'AUC_ROCs': [0.9794984541537267, 0.9794360057838444, 0.9785752204014929], 'S_relative_errors': [0.5326763935954298, 0.5338813665629581, 0.5385484621249466], 'X_relative_errors': [2.2895936629789633, 2.340909373790052, 2.1695300240509168], 'Sparsity': [1.0, 1.0, 1.0], 'converged': [0, 0, 0], 'iterations': [150, 150, 150], 'primal_residual': [array(0.02735585), array(0.027602), array(0.02789579)], 'dual_residual': [array(0.0073727), array(0.0072772), array(0.00737719)], 'times': [2.3715387689881027, 2.230402488494292, 2.2370518285315484]}",0,COMPLETE
32,32,0.9950501976634875,0.10566096588892061,2024-05-20 06:46:12.171492,2024-05-20 06:46:14.745987,0 days 00:00:02.574495,0.00014166962889120723,4.291705919814883e-05,0.041276295154040854,0.8983214844221064,0.21838035107083006,"{'AUC_ROCs': [0.9963213319967953, 0.9959273808674087, 0.9929018801262585], 'S_relative_errors': [0.10529823354289365, 0.10148205007864375, 0.11020261404522448], 'X_relative_errors': [1.0003324434936598, 1.0001636175193676, 1.0002037856436847], 'Sparsity': [1.0, 1.0, 1.0], 'converged': [0, 0, 0], 'iterations': [150, 150, 150], 'primal_residual': [array(0.06913596), array(0.05068313), array(0.06113385)], 'dual_residual': [array(0.01370459), array(0.01926862), array(0.01216659)], 'times': [2.1746229510754347, 2.2372515408787876, 2.208973043365404]}",0,COMPLETE
33,33,0.9953452225051739,0.09530846506877706,2024-05-20 06:46:14.768192,2024-05-20 06:46:17.334760,0 days 00:00:02.566568,0.0024988261286156585,0.01991503433689941,0.9890269812811995,0.14229111125048083,4.023853313326787,"{'AUC_ROCs': [0.9971548131668698, 0.994975544153946, 0.9939053101947061], 'S_relative_errors': [0.09469617338053174, 0.09133910967871518, 0.09989011214708428], 'X_relative_errors': [0.9999555955695827, 0.9999066732968995, 0.9999473385742599], 'Sparsity': [1.0, 1.0, 1.0], 'converged': [0, 0, 0], 'iterations': [150, 150, 150], 'primal_residual': [array(0.00928715), array(0.01013248), array(0.00973528)], 'dual_residual': [array(0.00154699), array(0.00152791), array(0.00156248)], 'times': [2.1348072371911258, 2.2684210657607764, 2.205074819503352]}",0,COMPLETE
34,34,0.9949392187575511,0.09820495121089412,2024-05-20 06:46:17.344613,2024-05-20 06:46:19.782254,0 days 00:00:02.437641,0.00014317560421373433,0.015712335358620513,5.996435535183518,0.04215057300584322,0.1058978345210554,"{'AUC_ROCs': [0.9964976644205443, 0.9949678140119437, 0.9933521778401649], 'S_relative_errors': [0.09789952126328758, 0.09434888574364779, 0.10236644662574704], 'X_relative_errors': [0.9998422953255957, 0.999766703311696, 0.9999958274671177], 'Sparsity': [1.0, 1.0, 1.0], 'converged': [0, 0, 0], 'iterations': [150, 150, 150], 'primal_residual': [array(0.02434608), array(0.02343883), array(0.01978471)], 'dual_residual': [array(0.007409), array(0.00732006), array(0.00738237)], 'times': [2.159011351875961, 2.160668664611876, 2.1556637682951987]}",0,COMPLETE
35,35,0.9761619557503471,0.9337421772572233,2024-05-20 06:46:19.799149,2024-05-20 06:46:22.335474,0 days 00:00:02.536325,0.0005581820293681934,40.63520557103124,0.0012480941732779987,0.008388524761624936,0.0014932217220743984,"{'AUC_ROCs': [0.978308446690271, 0.9774502086368593, 0.9727272119239112], 'S_relative_errors': [0.9331337307578564, 0.9338368303157923, 0.9342559706980211], 'X_relative_errors': [8.856305163228642, 9.194521370888515, 8.47110309722007], 'Sparsity': [1.0, 1.0, 1.0], 'converged': [0, 0, 0], 'iterations': [150, 150, 150], 'primal_residual': [array(0.00081765), array(0.00109642), array(0.00074791)], 'dual_residual': [array(0.00188983), array(0.00191134), array(0.00186611)], 'times': [2.2353173738811165, 2.2387629605364054, 2.2588205819483846]}",0,COMPLETE
36,36,0.9791039349881959,0.5385661750337527,2024-05-20 06:46:22.358791,2024-05-20 06:46:25.033779,0 days 00:00:02.674988,0.0014642601127221964,12.72509523850927,0.07427742087617024,0.061349613630059474,1.1273568043351574,"{'AUC_ROCs': [0.9794498482854385, 0.979565931183542, 0.978296025495607], 'S_relative_errors': [0.5359733609780818, 0.537793552434259, 0.5419316116889171], 'X_relative_errors': [4.937693546266464, 5.138909252894803, 4.767225607584423], 'Sparsity': [1.0, 1.0, 1.0], 'converged': [0, 0, 0], 'iterations': [150, 150, 150], 'primal_residual': [array(0.01652157), array(0.01637474), array(0.0163121)], 'dual_residual': [array(0.03550914), array(0.03554889), array(0.03308143)], 'times': [2.2385185337625444, 2.230592946987599, 2.342872062465176]}",0,COMPLETE
37,37,0.9954105256122258,0.09563855997744565,2024-05-20 06:46:25.042774,2024-05-20 06:46:27.476458,0 days 00:00:02.433684,0.0003357415033653098,0.021164724382922155,0.0018155781442973965,1.0840670881955965,7.437138909333833,"{'AUC_ROCs': [0.9974226463361554, 0.9945997348099443, 0.9942091956905775], 'S_relative_errors': [0.0947471452953525, 0.09192981027645768, 0.10023872436052676], 'X_relative_errors': [0.9999957972426591, 0.9998925382419741, 0.99991819430938], 'Sparsity': [1.0, 1.0, 1.0], 'converged': [0, 0, 0], 'iterations': [150, 150, 150], 'primal_residual': [array(0.02747441), array(0.02763833), array(0.02693858)], 'dual_residual': [array(0.01050418), array(0.01035203), array(0.010548)], 'times': [2.1623849777970463, 2.1560673189815134, 2.172410692786798]}",0,COMPLETE
38,38,0.9952653680521407,0.09527863532215376,2024-05-20 06:46:27.497911,2024-05-20 06:46:29.861066,0 days 00:00:02.363155,0.0001668470395499947,0.022807206328551564,2.6547240335805187,8.890446758562645,7.197593845919718,"{'AUC_ROCs': [0.9971337592769616, 0.9957408282121726, 0.9929215166672879], 'S_relative_errors': [0.09476136877087458, 0.09165516719127632, 0.0994193700043104], 'X_relative_errors': [1.0000462523323657, 1.000044203399442, 1.0000500706895905], 'Sparsity': [1.0, 1.0, 1.0], 'converged': [0, 0, 0], 'iterations': [150, 150, 150], 'primal_residual': [array(0.007751), array(0.00866719), array(0.00767646)], 'dual_residual': [array(0.00194889), array(0.00196157), array(0.00190266)], 'times': [2.066687876591459, 2.0506501430645585, 2.0794689694885164]}",0,COMPLETE
39,39,0.9977477091353756,0.10512251231505403,2024-05-20 06:46:29.869438,2024-05-20 06:46:32.324739,0 days 00:00:02.455301,0.00029392300811654907,0.3083564348802354,0.01566339012804065,64.73012104881363,0.003554396868502841,"{'AUC_ROCs': [0.9978948976589453, 0.9985201484028648, 0.9968280813443166], 'S_relative_errors': [0.10397253418637752, 0.10430718696362928, 0.10708781579515528], 'X_relative_errors': [1.0861236325900927, 1.0933902969779732, 1.0779142458346969], 'Sparsity': [1.0, 1.0, 1.0], 'converged': [0, 0, 0], 'iterations': [150, 150, 150], 'primal_residual': [array(0.94312199), array(0.92631225), array(0.90896286)], 'dual_residual': [array(0.15290718), array(0.16021175), array(0.15652225)], 'times': [2.180889965267852, 2.1893209975678474, 2.2234767274931073]}",0,COMPLETE
40,40,0.9954047413514631,0.09911194728088046,2024-05-20 06:46:32.350529,2024-05-20 06:46:34.842123,0 days 00:00:02.491594,0.011725419959068308,0.003974208248793678,39.932000993505845,2.3997530760579058,0.03648200724593542,"{'AUC_ROCs': [0.996846356016856, 0.9961593399429078, 0.9932085280946253], 'S_relative_errors': [0.0985431507679464, 0.09505919396418412, 0.10373349711051089], 'X_relative_errors': [1.000154219969021, 1.00015589458391, 1.0001455886916912], 'Sparsity': [1.0, 1.0, 1.0], 'converged': [0, 0, 0], 'iterations': [150, 150, 150], 'primal_residual': [array(0.00807188), array(0.00800933), array(0.00813065)], 'dual_residual': [array(0.00217787), array(0.00213926), array(0.00209485)], 'times': [2.1138995424844325, 2.1115688260179013, 2.154857992893085]}",0,COMPLETE
41,41,0.9953032572338536,0.10512769077797113,2024-05-20 06:46:34.868298,2024-05-20 06:46:37.500102,0 days 00:00:02.631804,0.0009680205577179118,0.00041391782309288365,0.01715563372359366,19.829208989445807,0.2667589277593047,"{'AUC_ROCs': [0.9965553214632704, 0.9951026669689679, 0.9942517832693226], 'S_relative_errors': [0.10475774578465458, 0.1009717555437385, 0.1096535710055203], 'X_relative_errors': [1.0003225006293877, 1.0003491771474846, 1.0003114590888507], 'Sparsity': [1.0, 1.0, 1.0], 'converged': [0, 0, 0], 'iterations': [150, 150, 150], 'primal_residual': [array(0.05138009), array(0.05057644), array(0.04852273)], 'dual_residual': [array(0.03004672), array(0.02943735), array(0.02910094)], 'times': [2.254517143359408, 2.154987386194989, 2.266395055456087]}",0,COMPLETE
42,42,0.9960412620536769,0.030713826146690465,2024-05-20 06:46:37.526220,2024-05-20 06:46:40.129507,0 days 00:00:02.603287,0.10161324519171361,1.4434271507130773e-05,0.0010591232081006384,0.0013018820885332069,3.360559422215674,"{'AUC_ROCs': [0.9972225986994844, 0.9963042544471643, 0.9945969330143823], 'S_relative_errors': [0.03009370349347027, 0.031320298282632254, 0.030727476663968863], 'X_relative_errors': [0.2100241006822965, 0.231124326190136, 0.20608084460253098], 'Sparsity': [1.0, 1.0, 1.0], 'converged': [0, 0, 0], 'iterations': [150, 150, 150], 'primal_residual': [array(0.13218897), array(0.1357882), array(0.13430631)], 'dual_residual': [array(0.04522808), array(0.04401208), array(0.04712794)], 'times': [2.241449916502461, 2.2325307223945856, 2.3286493667401373]}",0,COMPLETE
43,43,0.9793071833755821,0.5351533137016036,2024-05-20 06:46:40.155759,2024-05-20 06:46:42.738042,0 days 00:00:02.582283,0.0003347076560282899,33.38987341960468,0.03738515334203682,0.26971412100045317,28.45908412417981,"{'AUC_ROCs': [0.9798403009461889, 0.9795764662427918, 0.9785047829377654], 'S_relative_errors': [0.5321195552207159, 0.5340590050711963, 0.5392813808128984], 'X_relative_errors': [1.9653125030062437, 2.0343719138560767, 1.868124313418443], 'Sparsity': [1.0, 1.0, 1.0], 'converged': [0, 0, 0], 'iterations': [150, 150, 150], 'primal_residual': [array(0.09155314), array(0.08950878), array(0.08571319)], 'dual_residual': [array(0.01697405), array(0.01646462), array(0.0163047)], 'times': [2.22544634481892, 2.251306304940954, 2.3249114479403943]}",0,COMPLETE
44,44,0.9954941725579122,0.11244114254987092,2024-05-20 06:46:42.765084,2024-05-20 06:46:45.441305,0 days 00:00:02.676221,0.43561908710134867,1.2182146549117176e-05,0.11492440538677505,0.04721677297146436,62.17674996448014,"{'AUC_ROCs': [0.9970646778733195, 0.995548447627005, 0.993869392173412], 'S_relative_errors': [0.10956168750906049, 0.11170758188435019, 0.11605415825620206], 'X_relative_errors': [0.994739345138523, 0.9952074740864554, 0.9949697500728316], 'Sparsity': [1.0, 1.0, 1.0], 'converged': [0, 0, 0], 'iterations': [150, 150, 150], 'primal_residual': [array(0.22993498), array(0.21964129), array(0.16971015)], 'dual_residual': [array(0.11444977), array(0.11087615), array(0.14843608)], 'times': [2.1824272493831813, 2.30508819851093, 2.343407154781744]}",0,COMPLETE
45,45,0.9787686978304917,0.5348535046057799,2024-05-20 06:46:45.471832,2024-05-20 06:46:48.228692,0 days 00:00:02.756860,0.0014502228732333772,3.9018873189319168,0.5280604985375834,0.004508550189014217,16.369850482598565,"{'AUC_ROCs': [0.9788746986181037, 0.9795764475822197, 0.9778549472911516], 'S_relative_errors': [0.5323321360535591, 0.5333838611785267, 0.5388445165852538], 'X_relative_errors': [3.091495800952807, 3.201702620971972, 2.963855188696659], 'Sparsity': [1.0, 1.0, 1.0], 'converged': [0, 0, 0], 'iterations': [150, 150, 150], 'primal_residual': [array(0.00826472), array(0.0096669), array(0.00729016)], 'dual_residual': [array(0.0044024), array(0.00457178), array(0.00440179)], 'times': [2.2275597273837775, 2.23789064749144, 2.428855397971347]}",0,COMPLETE
46,46,0.9976958386926743,0.14535979372573588,2024-05-20 06:46:48.250344,2024-05-20 06:46:50.753827,0 days 00:00:02.503483,0.017997184685033026,0.5797247251166523,2.344641105014673,33.253647952353624,6.951946598445976,"{'AUC_ROCs': [0.9984152657018271, 0.9982693240720913, 0.9964029263041043], 'S_relative_errors': [0.1426403448702543, 0.14421688693618656, 0.14922214937076678], 'X_relative_errors': [0.9918341156814928, 0.9914244005309781, 0.9907878094706275], 'Sparsity': [1.0, 1.0, 1.0], 'converged': [0, 0, 0], 'iterations': [150, 150, 150], 'primal_residual': [array(0.10945872), array(0.10997527), array(0.12140549)], 'dual_residual': [array(0.00728602), array(0.00668158), array(0.00895522)], 'times': [2.1386038220953196, 2.12067534821108, 2.2017560489475727]}",0,COMPLETE
47,47,0.9948459020570023,0.1053627802437313,2024-05-20 06:46:50.782521,2024-05-20 06:46:53.267418,0 days 00:00:02.484897,0.0005279603025291666,0.00010209362607841898,3.404722933817265,0.006014510937794404,0.21433227960886905,"{'AUC_ROCs': [0.9966231331630834, 0.9950746936050686, 0.9928398794028551], 'S_relative_errors': [0.10499049427358488, 0.10118463186433868, 0.10991321459327037], 'X_relative_errors': [0.9991688376499827, 0.99901058588596, 0.9994524876587745], 'Sparsity': [1.0, 1.0, 1.0], 'converged': [0, 0, 0], 'iterations': [150, 150, 150], 'primal_residual': [array(0.07625595), array(0.08111154), array(0.09256658)], 'dual_residual': [array(0.03403875), array(0.02998502), array(0.02043738)], 'times': [2.1793950882274657, 2.18440481624566, 2.2344005866907537]}",0,COMPLETE
48,48,0.998158699472515,0.10047423980515907,2024-05-20 06:46:53.279045,2024-05-20 06:46:55.864811,0 days 00:00:02.585766,0.004261669883996838,0.20941333304380608,1.5348844188648474,2.7014170899628156,0.9682076470675842,"{'AUC_ROCs': [0.9989210996501531, 0.9984392075881351, 0.9971157911792567], 'S_relative_errors': [0.09522375323252445, 0.10200017023638483, 0.10419879594656795], 'X_relative_errors': [0.5366552870873929, 0.6151056521582867, 0.5832293523544275], 'Sparsity': [1.0, 1.0, 1.0], 'converged': [0, 0, 0], 'iterations': [150, 150, 150], 'primal_residual': [array(0.03472241), array(0.03436337), array(0.03380384)], 'dual_residual': [array(0.00315592), array(0.00254732), array(0.00172668)], 'times': [2.262171355774626, 2.2691338672302663, 2.3224943364039063]}",0,COMPLETE
49,49,0.9944836735606956,0.09766417770432066,2024-05-20 06:46:55.893662,2024-05-20 06:46:58.423859,0 days 00:00:02.530197,0.015872870451482647,0.003508068678092263,74.98790603902603,0.2453943829271293,8.661736963036553,"{'AUC_ROCs': [0.9965410656925516, 0.9950278293276082, 0.9918821256619272], 'S_relative_errors': [0.09741180035102652, 0.09359644444917545, 0.10198428831276003], 'X_relative_errors': [0.9998774138147701, 0.9998601205944783, 0.9998605511030354], 'Sparsity': [1.0, 1.0, 1.0], 'converged': [0, 0, 0], 'iterations': [150, 150, 150], 'primal_residual': [array(0.00830509), array(0.00811298), array(0.00796215)], 'dual_residual': [array(0.00189288), array(0.00188936), array(0.0018888)], 'times': [2.1063791988417506, 2.1290758883114904, 2.2241778143215925]}",0,COMPLETE
50,50,0.9954205339588662,0.10004368585452789,2024-05-20 06:46:58.450807,2024-05-20 06:47:01.061289,0 days 00:00:02.610482,0.0002459166957627763,0.013094804985170289,0.01566339012804065,64.73012104881363,0.003554396868502841,"{'AUC_ROCs': [0.9975175369232965, 0.9950584215861766, 0.9936856433671254], 'S_relative_errors': [0.09948171243075274, 0.09591694967637293, 0.10473239545645797], 'X_relative_errors': [1.0070630349032899, 1.0078594737970952, 1.0057729528916963], 'Sparsity': [1.0, 1.0, 1.0], 'converged': [0, 0, 0], 'iterations': [150, 150, 150], 'primal_residual': [array(0.17567668), array(0.17338295), array(0.17161118)], 'dual_residual': [array(0.26539629), array(0.26286003), array(0.25856246)], 'times': [2.213065547402948, 2.1894857832230628, 2.2734911881852895]}",1,COMPLETE
51,51,0.9950806694469243,0.10020924228491496,2024-05-20 06:47:01.073707,2024-05-20 06:47:03.648101,0 days 00:00:02.574394,0.0002459166957627763,0.013094804985170289,0.0018155781442973965,0.017814240246842174,7.437138909333833,"{'AUC_ROCs': [0.9971568476665414, 0.9950290253536529, 0.9930561353205787], 'S_relative_errors': [0.09978918870656589, 0.09650358105964876, 0.10433495708853023], 'X_relative_errors': [1.010456746107522, 1.01215954162802, 1.0098993907027622], 'Sparsity': [1.0, 1.0, 1.0], 'converged': [0, 0, 0], 'iterations': [150, 150, 150], 'primal_residual': [array(0.31136138), array(0.31692352), array(0.31198489)], 'dual_residual': [array(0.13946667), array(0.13715011), array(0.13892236)], 'times': [2.2384104563388973, 2.296190558001399, 2.3080813551787287]}",1,COMPLETE
52,52,0.9952463630036359,0.09495704606400453,2024-05-20 06:47:03.680222,2024-05-20 06:47:06.160967,0 days 00:00:02.480745,0.0024988261286156585,0.01991503433689941,0.9890269812811995,0.14229111125048083,4.023853313326787,"{'AUC_ROCs': [0.9972011612222368, 0.9950532077056966, 0.9934847200829742], 'S_relative_errors': [0.09447947497021886, 0.09140235584545163, 0.09898930737634311], 'X_relative_errors': [0.9999526407865859, 0.999914535324801, 0.9999386936763286], 'Sparsity': [1.0, 1.0, 1.0], 'converged': [0, 0, 0], 'iterations': [150, 150, 150], 'primal_residual': [array(0.00873849), array(0.0100744), array(0.00934134)], 'dual_residual': [array(0.00151855), array(0.0015646), array(0.00152052)], 'times': [2.135882639558986, 2.1342707329895347, 2.1701064365915954]}",1,COMPLETE
53,53,0.9950704407384438,0.10561365806448957,2024-05-20 06:47:06.192603,2024-05-20 06:47:08.691742,0 days 00:00:02.499139,0.00014317560421373433,1.8281259468725727e-05,5.996435535183518,0.3043924681295865,0.1058978345210554,"{'AUC_ROCs': [0.9967237383095187, 0.9955121452333668, 0.992975438672446], 'S_relative_errors': [0.1052412965709713, 0.10144415341072884, 0.11015552421176854], 'X_relative_errors': [0.9996768664741108, 0.9996750265444311, 0.9996517232162195], 'Sparsity': [1.0, 1.0, 1.0], 'converged': [0, 0, 0], 'iterations': [150, 150, 150], 'primal_residual': [array(0.00724859), array(0.00718893), array(0.00722131)], 'dual_residual': [array(0.00260772), array(0.0025342), array(0.00224778)], 'times': [2.118534374749288, 2.1578653967007995, 2.1738096999470145]}",1,COMPLETE
